22:12:23.531349661
CONTAINER ID   NAME                                           CPU %     MEM USAGE / LIMIT     MEM %     NET I/O           BLOCK I/O        PIDS
0f33d0cde772   qos1_client.1.fde8z52bkafl185bfurh6vduo        0.00%     1.137MiB / 3.852GiB   0.03%     586B / 0B         0B / 0B          4
b4e95b73370e   qos1_twin.1.utz754bpv8vjhsdl6rw6z7elm          0.00%     1.344MiB / 3.852GiB   0.03%     1.16kB / 689B     0B / 0B          3
90c153053240   qos1_scylla-db.1.a7mw6v896egtcg8t081xr3o77     3.03%     159.6MiB / 3.852GiB   4.05%     6.23kB / 3.86kB   7.16MB / 204MB   34
b1d32b69fb23   qos1_mqtt-broker.1.urxm9jsw0klaeg3gdhv2bb31y   0.34%     128.7MiB / 3.852GiB   3.26%     156kB / 81.8kB    0B / 266kB       31
22:12:25.541329787
CONTAINER ID   NAME                                           CPU %     MEM USAGE / LIMIT     MEM %     NET I/O           BLOCK I/O        PIDS
0f33d0cde772   qos1_client.1.fde8z52bkafl185bfurh6vduo        0.00%     1.137MiB / 3.852GiB   0.03%     586B / 0B         0B / 0B          4
b4e95b73370e   qos1_twin.1.utz754bpv8vjhsdl6rw6z7elm          0.00%     1.344MiB / 3.852GiB   0.03%     1.16kB / 689B     0B / 0B          3
90c153053240   qos1_scylla-db.1.a7mw6v896egtcg8t081xr3o77     2.45%     159.6MiB / 3.852GiB   4.05%     6.23kB / 3.86kB   7.16MB / 204MB   34
b1d32b69fb23   qos1_mqtt-broker.1.urxm9jsw0klaeg3gdhv2bb31y   0.52%     128.7MiB / 3.852GiB   3.26%     156kB / 81.8kB    0B / 266kB       31
22:12:27.552138572
CONTAINER ID   NAME                                           CPU %     MEM USAGE / LIMIT     MEM %     NET I/O           BLOCK I/O        PIDS
0f33d0cde772   qos1_client.1.fde8z52bkafl185bfurh6vduo        0.00%     1.137MiB / 3.852GiB   0.03%     586B / 0B         0B / 0B          4
b4e95b73370e   qos1_twin.1.utz754bpv8vjhsdl6rw6z7elm          0.00%     1.344MiB / 3.852GiB   0.03%     1.2kB / 731B      0B / 0B          3
90c153053240   qos1_scylla-db.1.a7mw6v896egtcg8t081xr3o77     2.30%     159.6MiB / 3.852GiB   4.05%     6.23kB / 3.86kB   7.16MB / 204MB   34
b1d32b69fb23   qos1_mqtt-broker.1.urxm9jsw0klaeg3gdhv2bb31y   0.14%     128.6MiB / 3.852GiB   3.26%     156kB / 81.9kB    0B / 266kB       31
22:12:29.562921618
CONTAINER ID   NAME                                           CPU %     MEM USAGE / LIMIT     MEM %     NET I/O           BLOCK I/O        PIDS
0f33d0cde772   qos1_client.1.fde8z52bkafl185bfurh6vduo        0.00%     1.137MiB / 3.852GiB   0.03%     586B / 0B         0B / 0B          4
b4e95b73370e   qos1_twin.1.utz754bpv8vjhsdl6rw6z7elm          0.00%     1.344MiB / 3.852GiB   0.03%     1.2kB / 731B      0B / 0B          3
90c153053240   qos1_scylla-db.1.a7mw6v896egtcg8t081xr3o77     2.31%     159.6MiB / 3.852GiB   4.05%     6.23kB / 3.86kB   7.16MB / 204MB   34
b1d32b69fb23   qos1_mqtt-broker.1.urxm9jsw0klaeg3gdhv2bb31y   0.23%     128.6MiB / 3.852GiB   3.26%     156kB / 81.9kB    0B / 266kB       31
22:12:31.575352599
CONTAINER ID   NAME                                           CPU %     MEM USAGE / LIMIT     MEM %     NET I/O           BLOCK I/O        PIDS
0f33d0cde772   qos1_client.1.fde8z52bkafl185bfurh6vduo        0.00%     1.137MiB / 3.852GiB   0.03%     656B / 0B         0B / 0B          4
b4e95b73370e   qos1_twin.1.utz754bpv8vjhsdl6rw6z7elm          0.00%     1.344MiB / 3.852GiB   0.03%     1.2kB / 731B      0B / 0B          3
90c153053240   qos1_scylla-db.1.a7mw6v896egtcg8t081xr3o77     3.72%     159.6MiB / 3.852GiB   4.05%     6.23kB / 3.86kB   7.16MB / 204MB   34
b1d32b69fb23   qos1_mqtt-broker.1.urxm9jsw0klaeg3gdhv2bb31y   0.15%     128.6MiB / 3.852GiB   3.26%     156kB / 81.9kB    0B / 266kB       31
22:12:33.587847537
CONTAINER ID   NAME                                           CPU %     MEM USAGE / LIMIT     MEM %     NET I/O           BLOCK I/O        PIDS
0f33d0cde772   qos1_client.1.fde8z52bkafl185bfurh6vduo        0.01%     1.137MiB / 3.852GiB   0.03%     656B / 0B         0B / 0B          4
b4e95b73370e   qos1_twin.1.utz754bpv8vjhsdl6rw6z7elm          0.00%     1.344MiB / 3.852GiB   0.03%     1.2kB / 731B      0B / 0B          3
90c153053240   qos1_scylla-db.1.a7mw6v896egtcg8t081xr3o77     2.53%     159.6MiB / 3.852GiB   4.05%     6.23kB / 3.86kB   7.16MB / 204MB   34
b1d32b69fb23   qos1_mqtt-broker.1.urxm9jsw0klaeg3gdhv2bb31y   0.14%     128.6MiB / 3.852GiB   3.26%     156kB / 81.9kB    0B / 266kB       31
22:12:35.600236070
CONTAINER ID   NAME                                           CPU %     MEM USAGE / LIMIT     MEM %     NET I/O           BLOCK I/O        PIDS
0f33d0cde772   qos1_client.1.fde8z52bkafl185bfurh6vduo        0.00%     1.137MiB / 3.852GiB   0.03%     656B / 0B         0B / 0B          4
b4e95b73370e   qos1_twin.1.utz754bpv8vjhsdl6rw6z7elm          0.00%     1.344MiB / 3.852GiB   0.03%     1.2kB / 731B      0B / 0B          3
90c153053240   qos1_scylla-db.1.a7mw6v896egtcg8t081xr3o77     2.34%     159.6MiB / 3.852GiB   4.05%     6.23kB / 3.86kB   7.16MB / 204MB   34
b1d32b69fb23   qos1_mqtt-broker.1.urxm9jsw0klaeg3gdhv2bb31y   0.14%     128.6MiB / 3.852GiB   3.26%     156kB / 81.9kB    0B / 266kB       31
22:12:37.608543446
CONTAINER ID   NAME                                           CPU %     MEM USAGE / LIMIT     MEM %     NET I/O           BLOCK I/O        PIDS
0f33d0cde772   qos1_client.1.fde8z52bkafl185bfurh6vduo        15.08%    1.598MiB / 3.852GiB   0.04%     22.5kB / 43.6kB   0B / 0B          5
b4e95b73370e   qos1_twin.1.utz754bpv8vjhsdl6rw6z7elm          33.58%    2.074MiB / 3.852GiB   0.05%     234kB / 278kB     0B / 0B          6
90c153053240   qos1_scylla-db.1.a7mw6v896egtcg8t081xr3o77     48.40%    159.6MiB / 3.852GiB   4.05%     280kB / 223kB     7.16MB / 205MB   34
b1d32b69fb23   qos1_mqtt-broker.1.urxm9jsw0klaeg3gdhv2bb31y   10.49%    128.7MiB / 3.852GiB   3.26%     203kB / 117kB     0B / 266kB       31
22:12:39.616022624
CONTAINER ID   NAME                                           CPU %     MEM USAGE / LIMIT     MEM %     NET I/O          BLOCK I/O        PIDS
0f33d0cde772   qos1_client.1.fde8z52bkafl185bfurh6vduo        16.88%    1.602MiB / 3.852GiB   0.04%     70.4kB / 140kB   0B / 0B          5
b4e95b73370e   qos1_twin.1.utz754bpv8vjhsdl6rw6z7elm          36.08%    2.195MiB / 3.852GiB   0.06%     701kB / 845kB    0B / 0B          6
90c153053240   qos1_scylla-db.1.a7mw6v896egtcg8t081xr3o77     53.08%    161.6MiB / 3.852GiB   4.10%     840kB / 672kB    7.18MB / 206MB   34
b1d32b69fb23   qos1_mqtt-broker.1.urxm9jsw0klaeg3gdhv2bb31y   12.37%    129.1MiB / 3.852GiB   3.27%     306kB / 183kB    0B / 266kB       31
22:12:41.623092262
CONTAINER ID   NAME                                           CPU %     MEM USAGE / LIMIT     MEM %     NET I/O           BLOCK I/O        PIDS
0f33d0cde772   qos1_client.1.fde8z52bkafl185bfurh6vduo        0.00%     1.602MiB / 3.852GiB   0.04%     71kB / 141kB      0B / 0B          5
b4e95b73370e   qos1_twin.1.utz754bpv8vjhsdl6rw6z7elm          49.27%    2.211MiB / 3.852GiB   0.06%     1.32MB / 1.6MB    0B / 0B          6
90c153053240   qos1_scylla-db.1.a7mw6v896egtcg8t081xr3o77     72.66%    167.6MiB / 3.852GiB   4.25%     1.58MB / 1.27MB   7.21MB / 208MB   34
b1d32b69fb23   qos1_mqtt-broker.1.urxm9jsw0klaeg3gdhv2bb31y   1.32%     129.2MiB / 3.852GiB   3.27%     315kB / 206kB     0B / 266kB       31
22:12:43.630057488
CONTAINER ID   NAME                                           CPU %     MEM USAGE / LIMIT     MEM %     NET I/O           BLOCK I/O        PIDS
0f33d0cde772   qos1_client.1.fde8z52bkafl185bfurh6vduo        0.00%     1.602MiB / 3.852GiB   0.04%     71kB / 141kB      0B / 0B          5
b4e95b73370e   qos1_twin.1.utz754bpv8vjhsdl6rw6z7elm          49.56%    2.195MiB / 3.852GiB   0.06%     1.96MB / 2.37MB   0B / 0B          6
90c153053240   qos1_scylla-db.1.a7mw6v896egtcg8t081xr3o77     71.57%    171.6MiB / 3.852GiB   4.35%     2.35MB / 1.88MB   7.38MB / 210MB   34
b1d32b69fb23   qos1_mqtt-broker.1.urxm9jsw0klaeg3gdhv2bb31y   1.36%     129.2MiB / 3.852GiB   3.27%     323kB / 230kB     0B / 266kB       31
22:12:45.641343455
CONTAINER ID   NAME                                           CPU %     MEM USAGE / LIMIT     MEM %     NET I/O           BLOCK I/O       PIDS
0f33d0cde772   qos1_client.1.fde8z52bkafl185bfurh6vduo        0.00%     1.602MiB / 3.852GiB   0.04%     71kB / 141kB      0B / 0B         5
b4e95b73370e   qos1_twin.1.utz754bpv8vjhsdl6rw6z7elm          47.46%    2.207MiB / 3.852GiB   0.06%     2.56MB / 3.11MB   0B / 0B         6
90c153053240   qos1_scylla-db.1.a7mw6v896egtcg8t081xr3o77     69.01%    175.7MiB / 3.852GiB   4.45%     3.08MB / 2.47MB   7.5MB / 212MB   34
b1d32b69fb23   qos1_mqtt-broker.1.urxm9jsw0klaeg3gdhv2bb31y   1.29%     129.2MiB / 3.852GiB   3.27%     330kB / 252kB     0B / 266kB      31
22:12:47.648310996
CONTAINER ID   NAME                                           CPU %     MEM USAGE / LIMIT     MEM %     NET I/O           BLOCK I/O        PIDS
0f33d0cde772   qos1_client.1.fde8z52bkafl185bfurh6vduo        0.00%     1.602MiB / 3.852GiB   0.04%     71kB / 141kB      0B / 0B          4
b4e95b73370e   qos1_twin.1.utz754bpv8vjhsdl6rw6z7elm          48.01%    2.215MiB / 3.852GiB   0.06%     3.18MB / 3.85MB   0B / 0B          8
90c153053240   qos1_scylla-db.1.a7mw6v896egtcg8t081xr3o77     70.85%    179.7MiB / 3.852GiB   4.55%     3.81MB / 3.06MB   7.63MB / 213MB   34
b1d32b69fb23   qos1_mqtt-broker.1.urxm9jsw0klaeg3gdhv2bb31y   1.20%     129.2MiB / 3.852GiB   3.28%     338kB / 274kB     0B / 266kB       31
22:12:49.661409485
CONTAINER ID   NAME                                           CPU %     MEM USAGE / LIMIT     MEM %     NET I/O           BLOCK I/O        PIDS
0f33d0cde772   qos1_client.1.fde8z52bkafl185bfurh6vduo        0.00%     1.602MiB / 3.852GiB   0.04%     71kB / 141kB      0B / 0B          4
b4e95b73370e   qos1_twin.1.utz754bpv8vjhsdl6rw6z7elm          48.43%    2.262MiB / 3.852GiB   0.06%     3.79MB / 4.6MB    0B / 0B          6
90c153053240   qos1_scylla-db.1.a7mw6v896egtcg8t081xr3o77     69.27%    183.7MiB / 3.852GiB   4.66%     4.56MB / 3.65MB   7.75MB / 215MB   34
b1d32b69fb23   qos1_mqtt-broker.1.urxm9jsw0klaeg3gdhv2bb31y   1.19%     129.2MiB / 3.852GiB   3.28%     346kB / 297kB     0B / 266kB       31
22:12:51.671362722
CONTAINER ID   NAME                                           CPU %     MEM USAGE / LIMIT     MEM %     NET I/O           BLOCK I/O        PIDS
0f33d0cde772   qos1_client.1.fde8z52bkafl185bfurh6vduo        0.00%     1.602MiB / 3.852GiB   0.04%     71kB / 141kB      0B / 0B          4
b4e95b73370e   qos1_twin.1.utz754bpv8vjhsdl6rw6z7elm          0.07%     2.246MiB / 3.852GiB   0.06%     4.04MB / 4.9MB    0B / 0B          3
90c153053240   qos1_scylla-db.1.a7mw6v896egtcg8t081xr3o77     3.59%     185.7MiB / 3.852GiB   4.71%     4.85MB / 3.89MB   7.88MB / 216MB   34
b1d32b69fb23   qos1_mqtt-broker.1.urxm9jsw0klaeg3gdhv2bb31y   0.49%     129.2MiB / 3.852GiB   3.28%     348kB / 301kB     0B / 266kB       31
22:12:53.683359915
CONTAINER ID   NAME                                           CPU %     MEM USAGE / LIMIT     MEM %     NET I/O           BLOCK I/O        PIDS
0f33d0cde772   qos1_client.1.fde8z52bkafl185bfurh6vduo        0.00%     1.602MiB / 3.852GiB   0.04%     71kB / 141kB      0B / 0B          4
b4e95b73370e   qos1_twin.1.utz754bpv8vjhsdl6rw6z7elm          0.00%     2.152MiB / 3.852GiB   0.05%     4.04MB / 4.9MB    0B / 0B          3
90c153053240   qos1_scylla-db.1.a7mw6v896egtcg8t081xr3o77     2.88%     185.7MiB / 3.852GiB   4.71%     4.85MB / 3.89MB   7.88MB / 216MB   34
b1d32b69fb23   qos1_mqtt-broker.1.urxm9jsw0klaeg3gdhv2bb31y   0.42%     129.2MiB / 3.852GiB   3.28%     348kB / 301kB     0B / 266kB       31
22:12:55.694102084
CONTAINER ID   NAME                                           CPU %     MEM USAGE / LIMIT     MEM %     NET I/O           BLOCK I/O        PIDS
0f33d0cde772   qos1_client.1.fde8z52bkafl185bfurh6vduo        0.00%     1.602MiB / 3.852GiB   0.04%     71kB / 141kB      0B / 0B          4
b4e95b73370e   qos1_twin.1.utz754bpv8vjhsdl6rw6z7elm          0.00%     2.105MiB / 3.852GiB   0.05%     4.04MB / 4.9MB    0B / 0B          3
90c153053240   qos1_scylla-db.1.a7mw6v896egtcg8t081xr3o77     2.60%     185.7MiB / 3.852GiB   4.71%     4.85MB / 3.89MB   7.88MB / 216MB   34
b1d32b69fb23   qos1_mqtt-broker.1.urxm9jsw0klaeg3gdhv2bb31y   0.88%     129.2MiB / 3.852GiB   3.28%     348kB / 301kB     0B / 266kB       31
22:12:57.705446341
CONTAINER ID   NAME                                           CPU %     MEM USAGE / LIMIT     MEM %     NET I/O           BLOCK I/O        PIDS
0f33d0cde772   qos1_client.1.fde8z52bkafl185bfurh6vduo        0.00%     1.602MiB / 3.852GiB   0.04%     71kB / 141kB      0B / 0B          4
b4e95b73370e   qos1_twin.1.utz754bpv8vjhsdl6rw6z7elm          0.00%     2.105MiB / 3.852GiB   0.05%     4.04MB / 4.9MB    0B / 0B          3
90c153053240   qos1_scylla-db.1.a7mw6v896egtcg8t081xr3o77     3.14%     185.7MiB / 3.852GiB   4.71%     4.85MB / 3.89MB   7.88MB / 216MB   34
b1d32b69fb23   qos1_mqtt-broker.1.urxm9jsw0klaeg3gdhv2bb31y   0.47%     129.2MiB / 3.852GiB   3.28%     348kB / 301kB     0B / 266kB       31
22:12:59.716959336
CONTAINER ID   NAME                                           CPU %     MEM USAGE / LIMIT     MEM %     NET I/O           BLOCK I/O        PIDS
0f33d0cde772   qos1_client.1.fde8z52bkafl185bfurh6vduo        0.00%     1.602MiB / 3.852GiB   0.04%     71kB / 141kB      0B / 0B          4
b4e95b73370e   qos1_twin.1.utz754bpv8vjhsdl6rw6z7elm          0.00%     2.105MiB / 3.852GiB   0.05%     4.04MB / 4.9MB    0B / 0B          3
90c153053240   qos1_scylla-db.1.a7mw6v896egtcg8t081xr3o77     2.53%     185.7MiB / 3.852GiB   4.71%     4.85MB / 3.89MB   7.88MB / 216MB   34
b1d32b69fb23   qos1_mqtt-broker.1.urxm9jsw0klaeg3gdhv2bb31y   0.41%     129.2MiB / 3.852GiB   3.28%     348kB / 301kB     0B / 266kB       31
22:13:01.729936429
CONTAINER ID   NAME                                           CPU %     MEM USAGE / LIMIT     MEM %     NET I/O           BLOCK I/O        PIDS
0f33d0cde772   qos1_client.1.fde8z52bkafl185bfurh6vduo        0.00%     1.602MiB / 3.852GiB   0.04%     71kB / 141kB      0B / 0B          4
b4e95b73370e   qos1_twin.1.utz754bpv8vjhsdl6rw6z7elm          0.00%     2.105MiB / 3.852GiB   0.05%     4.04MB / 4.9MB    0B / 0B          3
90c153053240   qos1_scylla-db.1.a7mw6v896egtcg8t081xr3o77     3.96%     185.7MiB / 3.852GiB   4.71%     4.85MB / 3.89MB   7.88MB / 216MB   34
b1d32b69fb23   qos1_mqtt-broker.1.urxm9jsw0klaeg3gdhv2bb31y   0.39%     129.2MiB / 3.852GiB   3.28%     348kB / 301kB     0B / 266kB       31
22:13:03.742616385
CONTAINER ID   NAME                                           CPU %     MEM USAGE / LIMIT     MEM %     NET I/O           BLOCK I/O        PIDS
0f33d0cde772   qos1_client.1.fde8z52bkafl185bfurh6vduo        0.00%     1.602MiB / 3.852GiB   0.04%     71kB / 141kB      0B / 0B          4
b4e95b73370e   qos1_twin.1.utz754bpv8vjhsdl6rw6z7elm          0.00%     2.105MiB / 3.852GiB   0.05%     4.04MB / 4.9MB    0B / 0B          3
90c153053240   qos1_scylla-db.1.a7mw6v896egtcg8t081xr3o77     2.61%     185.7MiB / 3.852GiB   4.71%     4.85MB / 3.89MB   7.88MB / 216MB   34
b1d32b69fb23   qos1_mqtt-broker.1.urxm9jsw0klaeg3gdhv2bb31y   0.37%     129.2MiB / 3.852GiB   3.28%     348kB / 301kB     0B / 266kB       31
