2021-09-29T22:19:08.679491743Z  running: (['/opt/scylladb/scripts/scylla_dev_mode_setup', '--developer-mode', '1'],)
2021-09-29T22:19:09.210785146Z  running: (['/opt/scylladb/scripts/scylla_io_setup'],)
2021-09-29T22:19:09.588426278Z  2021-09-29 22:19:09,588 CRIT Supervisor is running as root.  Privileges were not dropped because no user is specified in the config file.  If you intend to run as root, you can set user=root in the config file to avoid this message.
2021-09-29T22:19:09.588626471Z  2021-09-29 22:19:09,588 INFO Included extra file "/etc/supervisord.conf.d/node-exporter.conf" during parsing
2021-09-29T22:19:09.588846917Z  2021-09-29 22:19:09,588 INFO Included extra file "/etc/supervisord.conf.d/rsyslog.conf" during parsing
2021-09-29T22:19:09.589058748Z  2021-09-29 22:19:09,588 INFO Included extra file "/etc/supervisord.conf.d/scylla-housekeeping.conf" during parsing
2021-09-29T22:19:09.589320366Z  2021-09-29 22:19:09,589 INFO Included extra file "/etc/supervisord.conf.d/scylla-jmx.conf" during parsing
2021-09-29T22:19:09.589527266Z  2021-09-29 22:19:09,589 INFO Included extra file "/etc/supervisord.conf.d/scylla-server.conf" during parsing
2021-09-29T22:19:09.589737429Z  2021-09-29 22:19:09,589 INFO Included extra file "/etc/supervisord.conf.d/sshd-server.conf" during parsing
2021-09-29T22:19:09.625083057Z  2021-09-29 22:19:09,624 INFO RPC interface 'supervisor' initialized
2021-09-29T22:19:09.625500524Z  2021-09-29 22:19:09,625 CRIT Server 'inet_http_server' running without any HTTP authentication checking
2021-09-29T22:19:09.626006824Z  2021-09-29 22:19:09,625 INFO supervisord started with pid 26
2021-09-29T22:19:10.629799737Z  2021-09-29 22:19:10,629 INFO spawned: 'scylla' with pid 29
2021-09-29T22:19:10.632706987Z  2021-09-29 22:19:10,632 INFO spawned: 'scylla-housekeeping' with pid 30
2021-09-29T22:19:10.635444184Z  2021-09-29 22:19:10,635 INFO spawned: 'sshd' with pid 31
2021-09-29T22:19:10.644179463Z  2021-09-29 22:19:10,643 INFO spawned: 'scylla-jmx' with pid 32
2021-09-29T22:19:10.656255456Z  2021-09-29 22:19:10,655 INFO spawned: 'rsyslog' with pid 33
2021-09-29T22:19:10.676082072Z  2021-09-29 22:19:10,675 INFO spawned: 'node-exporter' with pid 34
2021-09-29T22:19:10.756363831Z  Generating public/private ed25519 key pair.
2021-09-29T22:19:10.756388476Z  Your identification has been saved in /etc/ssh/ssh_host_ed25519_key.
2021-09-29T22:19:10.756411780Z  Your public key has been saved in /etc/ssh/ssh_host_ed25519_key.pub.
2021-09-29T22:19:10.756421234Z  The key fingerprint is:
2021-09-29T22:19:10.756430110Z  SHA256:6X4G/J7KajP0jq/cOjQc+FLR/27WfSKa+fd9GZJcOOE root@5f7b7df15ffc
2021-09-29T22:19:10.756438920Z  The key's randomart image is:
2021-09-29T22:19:10.756447464Z  +--[ED25519 256]--+
2021-09-29T22:19:10.756456074Z  |       .         |
2021-09-29T22:19:10.756464698Z  |      . .    .   |
2021-09-29T22:19:10.756473413Z  |     . . .  . o  |
2021-09-29T22:19:10.756481900Z  |    . o  ..  E . |
2021-09-29T22:19:10.756490387Z  |     + oS  .. +  |
2021-09-29T22:19:10.756511802Z  |    . *.o   .+ . |
2021-09-29T22:19:10.756521957Z  |     + o.o . ...o|
2021-09-29T22:19:10.756530832Z  |     .==. ++= +.=|
2021-09-29T22:19:10.756539342Z  |     .*XB=*=.o o=|
2021-09-29T22:19:10.756548045Z  +----[SHA256]-----+
2021-09-29T22:19:10.774531527Z  time="2021-09-29T22:19:10Z" level=info msg="Starting node_exporter (version=0.17.0, branch=HEAD, revision=f6f6194a436b9a63d0439abc585c76b19a206b21)" source="node_exporter.go:82"
2021-09-29T22:19:10.775104515Z  time="2021-09-29T22:19:10Z" level=info msg="Build context (go=go1.11.2, user=root@322511e06ced, date=20181130-15:51:33)" source="node_exporter.go:83"
2021-09-29T22:19:10.778270201Z  time="2021-09-29T22:19:10Z" level=info msg="Enabled collectors:" source="node_exporter.go:90"
2021-09-29T22:19:10.780877935Z  time="2021-09-29T22:19:10Z" level=info msg=" - arp" source="node_exporter.go:97"
2021-09-29T22:19:10.781442047Z  time="2021-09-29T22:19:10Z" level=info msg=" - bcache" source="node_exporter.go:97"
2021-09-29T22:19:10.781901226Z  time="2021-09-29T22:19:10Z" level=info msg=" - bonding" source="node_exporter.go:97"
2021-09-29T22:19:10.782420924Z  time="2021-09-29T22:19:10Z" level=info msg=" - conntrack" source="node_exporter.go:97"
2021-09-29T22:19:10.782924337Z  time="2021-09-29T22:19:10Z" level=info msg=" - cpu" source="node_exporter.go:97"
2021-09-29T22:19:10.783431347Z  time="2021-09-29T22:19:10Z" level=info msg=" - diskstats" source="node_exporter.go:97"
2021-09-29T22:19:10.788262991Z  time="2021-09-29T22:19:10Z" level=info msg=" - edac" source="node_exporter.go:97"
2021-09-29T22:19:10.788800531Z  time="2021-09-29T22:19:10Z" level=info msg=" - entropy" source="node_exporter.go:97"
2021-09-29T22:19:10.789360010Z  time="2021-09-29T22:19:10Z" level=info msg=" - filefd" source="node_exporter.go:97"
2021-09-29T22:19:10.789874655Z  time="2021-09-29T22:19:10Z" level=info msg=" - filesystem" source="node_exporter.go:97"
2021-09-29T22:19:10.790326535Z  time="2021-09-29T22:19:10Z" level=info msg=" - hwmon" source="node_exporter.go:97"
2021-09-29T22:19:10.790847494Z  time="2021-09-29T22:19:10Z" level=info msg=" - infiniband" source="node_exporter.go:97"
2021-09-29T22:19:10.791360249Z  time="2021-09-29T22:19:10Z" level=info msg=" - interrupts" source="node_exporter.go:97"
2021-09-29T22:19:10.792297180Z  time="2021-09-29T22:19:10Z" level=info msg=" - ipvs" source="node_exporter.go:97"
2021-09-29T22:19:10.792813761Z  time="2021-09-29T22:19:10Z" level=info msg=" - loadavg" source="node_exporter.go:97"
2021-09-29T22:19:10.793943126Z  time="2021-09-29T22:19:10Z" level=info msg=" - mdadm" source="node_exporter.go:97"
2021-09-29T22:19:10.793962881Z  time="2021-09-29T22:19:10Z" level=info msg=" - meminfo" source="node_exporter.go:97"
2021-09-29T22:19:10.793973153Z  time="2021-09-29T22:19:10Z" level=info msg=" - netclass" source="node_exporter.go:97"
2021-09-29T22:19:10.793982525Z  time="2021-09-29T22:19:10Z" level=info msg=" - netdev" source="node_exporter.go:97"
2021-09-29T22:19:10.794006080Z  time="2021-09-29T22:19:10Z" level=info msg=" - netstat" source="node_exporter.go:97"
2021-09-29T22:19:10.794016629Z  time="2021-09-29T22:19:10Z" level=info msg=" - nfs" source="node_exporter.go:97"
2021-09-29T22:19:10.794026257Z  time="2021-09-29T22:19:10Z" level=info msg=" - nfsd" source="node_exporter.go:97"
2021-09-29T22:19:10.794035757Z  time="2021-09-29T22:19:10Z" level=info msg=" - sockstat" source="node_exporter.go:97"
2021-09-29T22:19:10.794045152Z  time="2021-09-29T22:19:10Z" level=info msg=" - stat" source="node_exporter.go:97"
2021-09-29T22:19:10.794054555Z  time="2021-09-29T22:19:10Z" level=info msg=" - textfile" source="node_exporter.go:97"
2021-09-29T22:19:10.794063932Z  time="2021-09-29T22:19:10Z" level=info msg=" - time" source="node_exporter.go:97"
2021-09-29T22:19:10.794073252Z  time="2021-09-29T22:19:10Z" level=info msg=" - timex" source="node_exporter.go:97"
2021-09-29T22:19:10.794082484Z  time="2021-09-29T22:19:10Z" level=info msg=" - uname" source="node_exporter.go:97"
2021-09-29T22:19:10.794091694Z  time="2021-09-29T22:19:10Z" level=info msg=" - vmstat" source="node_exporter.go:97"
2021-09-29T22:19:10.794100836Z  time="2021-09-29T22:19:10Z" level=info msg=" - xfs" source="node_exporter.go:97"
2021-09-29T22:19:10.794110159Z  time="2021-09-29T22:19:10Z" level=info msg=" - zfs" source="node_exporter.go:97"
2021-09-29T22:19:10.794119471Z  time="2021-09-29T22:19:10Z" level=info msg="Listening on :9100" source="node_exporter.go:111"
2021-09-29T22:19:11.612501803Z  Scylla version 4.4.4-0.20210801.69daa9fd0 with build-id eb11cddd30e88ef39c32c847e70181b5cf786355 starting ...
2021-09-29T22:19:11.613067364Z  command used: "/usr/bin/scylla --log-to-syslog 0 --log-to-stdout 1 --default-log-level info --network-stack posix --developer-mode=1 --overprovisioned --listen-address 10.0.38.10 --rpc-address 10.0.38.10 --seed-provider-parameters seeds=10.0.38.10 --blocked-reactor-notify-ms 999999999"
2021-09-29T22:19:11.613567697Z  parsed command line options: [log-to-syslog: 0, log-to-stdout: 1, default-log-level: info, network-stack: posix, developer-mode: 1, overprovisioned, listen-address: 10.0.38.10, rpc-address: 10.0.38.10, seed-provider-parameters: seeds=10.0.38.10, blocked-reactor-notify-ms: 999999999]
2021-09-29T22:19:11.667370388Z  WARN  2021-09-29 22:19:11,658 [shard 0] seastar - Unable to set SCHED_FIFO scheduling policy for timer thread; latency impact possible. Try adding CAP_SYS_NICE
2021-09-29T22:19:11.668157767Z  2021-09-29 22:19:11,667 INFO success: scylla entered RUNNING state, process has stayed up for > than 1 seconds (startsecs)
2021-09-29T22:19:11.676051883Z  2021-09-29 22:19:11,675 INFO success: scylla-housekeeping entered RUNNING state, process has stayed up for > than 1 seconds (startsecs)
2021-09-29T22:19:11.676336791Z  2021-09-29 22:19:11,676 INFO success: sshd entered RUNNING state, process has stayed up for > than 1 seconds (startsecs)
2021-09-29T22:19:11.676710193Z  2021-09-29 22:19:11,676 INFO success: scylla-jmx entered RUNNING state, process has stayed up for > than 1 seconds (startsecs)
2021-09-29T22:19:11.677018127Z  2021-09-29 22:19:11,676 INFO success: rsyslog entered RUNNING state, process has stayed up for > than 1 seconds (startsecs)
2021-09-29T22:19:11.677349352Z  2021-09-29 22:19:11,677 INFO success: node-exporter entered RUNNING state, process has stayed up for > than 1 seconds (startsecs)
2021-09-29T22:19:11.692317649Z  INFO  2021-09-29 22:19:11,682 [shard 0] init - installing SIGHUP handler
2021-09-29T22:19:11.692413050Z  INFO  2021-09-29 22:19:11,685 [shard 0] init - Scylla version 4.4.4-0.20210801.69daa9fd0 with build-id eb11cddd30e88ef39c32c847e70181b5cf786355 starting ...
2021-09-29T22:19:11.692425998Z  
2021-09-29T22:19:11.692435598Z  INFO  2021-09-29 22:19:11,690 [shard 0] init - starting prometheus API server
2021-09-29T22:19:11.692470023Z  INFO  2021-09-29 22:19:11,690 [shard 0] init - starting tokens manager
2021-09-29T22:19:11.692480549Z  INFO  2021-09-29 22:19:11,690 [shard 0] init - starting migration manager notifier
2021-09-29T22:19:11.692489846Z  INFO  2021-09-29 22:19:11,691 [shard 0] init - creating tracing
2021-09-29T22:19:11.692498946Z  INFO  2021-09-29 22:19:11,691 [shard 0] init - creating snitch
2021-09-29T22:19:11.692926537Z  INFO  2021-09-29 22:19:11,692 [shard 0] init - determining DNS name
2021-09-29T22:19:11.692944861Z  INFO  2021-09-29 22:19:11,692 [shard 0] init - starting API server
2021-09-29T22:19:11.694424056Z  INFO  2021-09-29 22:19:11,693 [shard 0] init - Scylla API server listening on 127.0.0.1:10000 ...
2021-09-29T22:19:11.700202044Z  INFO  2021-09-29 22:19:11,699 [shard 0] init - initializing storage service
2021-09-29T22:19:11.700663202Z  INFO  2021-09-29 22:19:11,700 [shard 0] init - starting per-shard database core
2021-09-29T22:19:11.706440493Z  WARN  2021-09-29 22:19:11,706 [shard 0] init - I/O Scheduler is not properly configured! This is a non-supported setup, and performance is expected to be unpredictably bad.
2021-09-29T22:19:11.706489806Z   Reason found: none of --max-io-requests, --io-properties and --io-properties-file are set.
2021-09-29T22:19:11.706503278Z  To properly configure the I/O Scheduler, run the scylla_io_setup utility shipped with Scylla.
2021-09-29T22:19:11.706513766Z  
2021-09-29T22:19:11.707315827Z  INFO  2021-09-29 22:19:11,706 [shard 0] init - creating and verifying directories
2021-09-29T22:19:12.191558758Z  INFO  2021-09-29 22:19:12,191 [shard 0] database - Populating Keyspace system_schema
2021-09-29T22:19:12.191624187Z  INFO  2021-09-29 22:19:12,191 [shard 0] database - Keyspace system_schema: Reading CF view_virtual_columns id=08843b63-45dc-3be2-9798-a0418295cfaa version=c777531c-15f7-326f-8ebe-39fd0265c8c9
2021-09-29T22:19:12.191637225Z  INFO  2021-09-29 22:19:12,191 [shard 0] database - Keyspace system_schema: Reading CF computed_columns id=cc7c7069-3740-33c1-92a4-c3de78dbd2c4 version=2b8c4439-de76-31e0-807f-3b7290a975d7
2021-09-29T22:19:12.191647655Z  INFO  2021-09-29 22:19:12,191 [shard 0] database - Keyspace system_schema: Reading CF aggregates id=924c5587-2e3a-345b-b10c-12f37c1ba895 version=4b53e92c-0368-3d5c-b959-2ec1bfd1a59f
2021-09-29T22:19:12.192075154Z  INFO  2021-09-29 22:19:12,191 [shard 0] database - Keyspace system_schema: Reading CF functions id=96489b79-80be-3e14-a701-66a0b9159450 version=329ed804-55b3-3eee-ad61-d85317b96097
2021-09-29T22:19:12.192109882Z  INFO  2021-09-29 22:19:12,191 [shard 0] database - Keyspace system_schema: Reading CF views id=9786ac1c-dd58-3201-a7cd-ad556410c985 version=5b58bb47-96e7-3f57-accf-0bfca4dbbc6e
2021-09-29T22:19:12.192121412Z  INFO  2021-09-29 22:19:12,191 [shard 0] database - Keyspace system_schema: Reading CF indexes id=0feb57ac-311f-382f-ba6d-9024d305702f version=99c40462-8687-304e-abe3-2bdbef1f25aa
2021-09-29T22:19:12.192131232Z  INFO  2021-09-29 22:19:12,191 [shard 0] database - Keyspace system_schema: Reading CF types id=5a8b1ca8-6602-3f77-a045-9273d308917a version=de51b2ce-5e4d-3b7d-a75f-2204332ce8d1
2021-09-29T22:19:12.192140865Z  INFO  2021-09-29 22:19:12,191 [shard 0] database - Keyspace system_schema: Reading CF triggers id=4df70b66-6b05-3251-95a1-32b54005fd48 version=582d7071-1ef0-37c8-adc6-471a13636139
2021-09-29T22:19:12.192150443Z  INFO  2021-09-29 22:19:12,191 [shard 0] database - Keyspace system_schema: Reading CF dropped_columns id=5e7583b5-f3f4-3af1-9a39-b7e1d6f5f11f version=7426bc6c-4c2f-3200-8ad8-4329610ed59a
2021-09-29T22:19:12.192160056Z  INFO  2021-09-29 22:19:12,191 [shard 0] database - Keyspace system_schema: Reading CF columns id=24101c25-a2ae-3af7-87c1-b40ee1aca33f version=d33236d4-9bdd-3c09-abf0-a0bc5edc2526
2021-09-29T22:19:12.192169589Z  INFO  2021-09-29 22:19:12,191 [shard 0] database - Keyspace system_schema: Reading CF scylla_tables id=5d912ff1-f759-3665-b2c8-8042ab5103dd version=38e5e56b-155d-39b5-a0d2-8e5dcad42a26
2021-09-29T22:19:12.192554200Z  INFO  2021-09-29 22:19:12,191 [shard 0] database - Keyspace system_schema: Reading CF tables id=afddfb9d-bc1e-3068-8056-eed6c302ba09 version=b6240810-eeb7-36d5-9411-43b2d68dddab
2021-09-29T22:19:12.192572860Z  INFO  2021-09-29 22:19:12,191 [shard 0] database - Keyspace system_schema: Reading CF keyspaces id=abac5682-dea6-31c5-b535-b3d6cffd0fb6 version=e79ca8ba-6556-3f7d-925a-7f20cf57938c
2021-09-29T22:19:12.709958807Z  Connecting to http://localhost:10000
2021-09-29T22:19:12.711020106Z  Starting the JMX server
2021-09-29T22:19:13.955600510Z  JMX is enabled to receive remote connections on port: 7199
2021-09-29T22:19:15.332240538Z  INFO  2021-09-29 22:19:15,329 [shard 0] database - Populating Keyspace system
2021-09-29T22:19:15.332284610Z  INFO  2021-09-29 22:19:15,329 [shard 0] database - Keyspace system: Reading CF compaction_history id=b4dbb7b4-dc49-3fb5-b3bf-ce6e434832ca version=25cae56a-8d75-39f3-a146-3756ab4981c7
2021-09-29T22:19:15.332296945Z  INFO  2021-09-29 22:19:15,329 [shard 0] database - Keyspace system: Reading CF batchlog id=0290003c-977e-397c-ac3e-fdfdc01d626b version=e2a2e804-49e4-3597-9f16-39fd9475835c
2021-09-29T22:19:15.332307490Z  INFO  2021-09-29 22:19:15,329 [shard 0] database - Keyspace system: Reading CF size_estimates id=618f817b-005f-3678-b8a4-53f3930b8e86 version=6d4dbcff-f05b-3dc3-95ad-f79f7b10504d
2021-09-29T22:19:15.332317948Z  INFO  2021-09-29 22:19:15,329 [shard 0] database - Keyspace system: Reading CF range_xfers id=55d76438-4e55-3f8b-9f6e-676d4af3976d version=dd15a078-409b-350d-9bef-c5f3520832d8
2021-09-29T22:19:15.332328230Z  INFO  2021-09-29 22:19:15,329 [shard 0] database - Keyspace system: Reading CF peer_events id=59dfeaea-8db2-3341-91ef-109974d81484 version=7f874a05-72b8-3c21-9acb-baa164fc351a
2021-09-29T22:19:15.332372477Z  INFO  2021-09-29 22:19:15,329 [shard 0] database - Keyspace system: Reading CF peers id=37f71aca-7dc2-383b-a706-72528af04d4f version=f6f6871f-8c86-3eca-ac0b-2a2e848e395d
2021-09-29T22:19:15.332384124Z  INFO  2021-09-29 22:19:15,329 [shard 0] database - Keyspace system: Reading CF scylla_local id=2972ec7f-fb20-38dd-aac1-d876f2e3fcbd version=5f0b407d-eedf-3845-a48e-dbb9673d10e1
2021-09-29T22:19:15.332394543Z  INFO  2021-09-29 22:19:15,329 [shard 0] database - Keyspace system: Reading CF schema_aggregates id=a5fc57fc-9d6c-3bfd-a3fc-01ad54686fea version=d06c934f-9a69-374c-86f1-523ab26fb05c
2021-09-29T22:19:15.332404795Z  INFO  2021-09-29 22:19:15,329 [shard 0] database - Keyspace system: Reading CF paxos id=b7b7f0c2-fd0a-3410-8c05-3ef614bb7c2d version=6dd372de-72fb-3e1b-9b8c-f97738a67fe9
2021-09-29T22:19:15.332414923Z  INFO  2021-09-29 22:19:15,329 [shard 0] database - Keyspace system: Reading CF compactions_in_progress id=55080ab0-5d9c-3886-90a4-acb25fe1f77b version=540263f1-40db-3869-8a38-3baadedc222d
2021-09-29T22:19:15.332425187Z  INFO  2021-09-29 22:19:15,329 [shard 0] database - Keyspace system: Reading CF local id=7ad54392-bcdd-35a6-8417-4e047860b377 version=7fa82c2e-5b67-37dd-8e5e-2079e18f1536
2021-09-29T22:19:15.332437989Z  INFO  2021-09-29 22:19:15,329 [shard 0] database - Keyspace system: Reading CF schema_columnfamilies id=45f5b360-24bc-3f83-a363-1034ea4fa697 version=7f7a5fea-07b7-304d-a6f8-f7aec72cabdb
2021-09-29T22:19:15.332449061Z  INFO  2021-09-29 22:19:15,329 [shard 0] database - Keyspace system: Reading CF hints id=2666e205-73ef-38b3-90fe-fecf96e8f0c7 version=0b74fdd1-e96d-309e-a14e-a5bcd7ac885d
2021-09-29T22:19:15.332459354Z  INFO  2021-09-29 22:19:15,329 [shard 0] database - Keyspace system: Reading CF sstable_activity id=5a1ff267-ace0-3f12-8563-cfae6103c65e version=bdec57a3-b234-334b-be9c-7b1f33113995
2021-09-29T22:19:15.332469707Z  INFO  2021-09-29 22:19:15,329 [shard 0] database - Keyspace system: Reading CF IndexInfo id=9f5c6374-d485-3229-9a0a-5094af9ad1e3 version=bbb3743b-351f-3023-b4fc-09a9be37d529
2021-09-29T22:19:15.332479814Z  INFO  2021-09-29 22:19:15,330 [shard 0] database - Keyspace system: Reading CF large_partitions id=8a7fe624-96b0-34b1-b90e-f71bddcdd2d3 version=04fa9920-9369-3a96-be39-6dd9fdc816b6
2021-09-29T22:19:15.332490130Z  INFO  2021-09-29 22:19:15,330 [shard 0] database - Keyspace system: Reading CF scylla_table_schema_history id=0191a53e-40f0-31d4-9171-b0d19ffb17b4 version=2cc890b8-9ade-3afc-ab63-043c8017608e
2021-09-29T22:19:15.332500434Z  INFO  2021-09-29 22:19:15,330 [shard 0] database - Keyspace system: Reading CF large_cells id=ead8bbc5-f146-3ae1-9f71-0b11f9a1d296 version=0d4a6937-a781-3f87-a192-b4e4a4a40acf
2021-09-29T22:19:15.332510708Z  INFO  2021-09-29 22:19:15,330 [shard 0] database - Keyspace system: Reading CF views_builds_in_progress id=b7f2c108-78cd-3c80-9cd5-d609b2bd149c version=b905cce5-1474-3085-819a-7592453e2fb9
2021-09-29T22:19:15.332521123Z  INFO  2021-09-29 22:19:15,330 [shard 0] database - Keyspace system: Reading CF built_views id=4b3c50a9-ea87-3d76-9101-6dbc9c38494a version=a28aa0b3-6def-30a7-9fbe-ce78b3f3c9b9
2021-09-29T22:19:15.332531510Z  INFO  2021-09-29 22:19:15,330 [shard 0] database - Keyspace system: Reading CF scylla_views_builds_in_progress id=a04c7bfd-1e13-36c9-a44d-f22da352281d version=e3fb736c-6956-3990-a31d-9a482279e3fc
2021-09-29T22:19:15.332541805Z  INFO  2021-09-29 22:19:15,330 [shard 0] database - Keyspace system: Reading CF truncated id=38c19fd0-fb86-3310-a4b7-0d0cc66628aa version=6da9a85c-7ae0-3917-aead-54a2f65a57a8
2021-09-29T22:19:15.332591445Z  INFO  2021-09-29 22:19:15,330 [shard 0] database - Keyspace system: Reading CF cdc_local id=0bcaffd4-0c83-3ead-ad13-dc1d5015b77c version=0aa4d3a2-ed95-3ecd-aba0-cd75622ad290
2021-09-29T22:19:15.332607162Z  INFO  2021-09-29 22:19:15,330 [shard 0] database - Keyspace system: Reading CF clients id=ca0f635d-8630-3609-8d93-a1fc06f2a5e5 version=51273ebf-e6f9-3cd5-b455-ea09ad29796f
2021-09-29T22:19:15.332617807Z  INFO  2021-09-29 22:19:15,330 [shard 0] database - Keyspace system: Reading CF schema_keyspaces id=b0f22357-4458-3cdb-9631-c43e59ce3676 version=84d28cef-59f9-34a9-9be5-31c684997f03
2021-09-29T22:19:15.332628239Z  INFO  2021-09-29 22:19:15,330 [shard 0] database - Keyspace system: Reading CF schema_columns id=296e9c04-9bec-3085-827d-c17d3df2122a version=53cfbb66-ee0d-37be-97bb-b2afb3746f85
2021-09-29T22:19:15.332638466Z  INFO  2021-09-29 22:19:15,330 [shard 0] database - Keyspace system: Reading CF schema_triggers id=0359bc71-7123-3ee1-9a4a-b9dfb11fc125 version=75e4ec4c-76da-3f59-984e-66810ba0c62b
2021-09-29T22:19:15.332648655Z  INFO  2021-09-29 22:19:15,330 [shard 0] database - Keyspace system: Reading CF large_rows id=40550f66-0858-39a0-9430-f27fc08034e9 version=aee3acb0-7926-317b-848e-db7bc3721695
2021-09-29T22:19:15.332658742Z  INFO  2021-09-29 22:19:15,330 [shard 0] database - Keyspace system: Reading CF schema_usertypes id=3aa75225-4f82-350b-8d5c-430fa221fa0a version=3c53e6bb-56d5-3618-a0b2-4ff5f18127d7
2021-09-29T22:19:15.332668995Z  INFO  2021-09-29 22:19:15,330 [shard 0] database - Keyspace system: Reading CF schema_functions id=d1b675fe-2b50-3ca4-8e49-c0f81989dcad version=a50959dd-2be0-3e4e-8bb5-cf40796e256a
2021-09-29T22:19:15.780498702Z  Generating public/private rsa key pair.
2021-09-29T22:19:15.780526546Z  Your identification has been saved in /etc/ssh/ssh_host_rsa_key.
2021-09-29T22:19:15.780537605Z  Your public key has been saved in /etc/ssh/ssh_host_rsa_key.pub.
2021-09-29T22:19:15.780547478Z  The key fingerprint is:
2021-09-29T22:19:15.780557062Z  SHA256:0XpYy3HN9U+b7Kd2HMnREUpEl31YGb6hDoYw032rCls root@5f7b7df15ffc
2021-09-29T22:19:15.780566730Z  The key's randomart image is:
2021-09-29T22:19:15.780576133Z  +---[RSA 4096]----+
2021-09-29T22:19:15.780585358Z  |            o+ *O|
2021-09-29T22:19:15.780594328Z  |        ... .o==+|
2021-09-29T22:19:15.780603486Z  |       +..+..ooo*|
2021-09-29T22:19:15.780612611Z  |        +*.+. +oB|
2021-09-29T22:19:15.780633530Z  |        S.+o o.=+|
2021-09-29T22:19:15.780644773Z  |         .. + .+ |
2021-09-29T22:19:15.780653924Z  |       . E . . oo|
2021-09-29T22:19:15.780663109Z  |        + .   ..+|
2021-09-29T22:19:15.780672177Z  |       . .   ... |
2021-09-29T22:19:15.780681090Z  +----[SHA256]-----+
2021-09-29T22:19:15.800953679Z  Could not load host key: /etc/ssh/ssh_host_ecdsa_key
2021-09-29T22:19:16.304423677Z  Traceback (most recent call last):
2021-09-29T22:19:16.304478061Z    File "/opt/scylladb/scripts/libexec/scylla-housekeeping", line 208, in <module>
2021-09-29T22:19:16.304873316Z      args.func(args)
2021-09-29T22:19:16.304900110Z    File "/opt/scylladb/scripts/libexec/scylla-housekeeping", line 134, in check_version
2021-09-29T22:19:16.305334837Z      current_version = sanitize_version(get_api('/storage_service/scylla_release_version'))
2021-09-29T22:19:16.305356333Z    File "/opt/scylladb/scripts/libexec/scylla-housekeeping", line 93, in get_api
2021-09-29T22:19:16.305721703Z      return get_json_from_url("http://" + api_address + path)
2021-09-29T22:19:16.305741255Z    File "/opt/scylladb/scripts/libexec/scylla-housekeeping", line 88, in get_json_from_url
2021-09-29T22:19:16.306138219Z      raise RuntimeError(f'Failed to get "{path}" due to the following error: {retval}')
2021-09-29T22:19:16.306157605Z  RuntimeError: Failed to get "http://localhost:10000/storage_service/scylla_release_version" due to the following error: HTTP Error 404: Not Found
2021-09-29T22:19:23.147037967Z  INFO  2021-09-29 22:19:23,146 [shard 0] init - starting gossip
2021-09-29T22:19:23.147841037Z  WARN  2021-09-29 22:19:23,147 [shard 0] init - Using default cluster name is not recommended. Using a unique cluster name will reduce the chance of adding nodes to the wrong cluster by mistake
2021-09-29T22:19:23.148395903Z  INFO  2021-09-29 22:19:23,148 [shard 0] init - seeds={10.0.38.10}, listen_address=10.0.38.10, broadcast_address=10.0.38.10
2021-09-29T22:19:23.149003954Z  INFO  2021-09-29 22:19:23,148 [shard 0] init - starting storage proxy
2021-09-29T22:19:23.161282663Z  INFO  2021-09-29 22:19:23,160 [shard 0] init - starting migration manager
2021-09-29T22:19:23.162605574Z  INFO  2021-09-29 22:19:23,162 [shard 0] init - starting query processor
2021-09-29T22:19:23.164686787Z  INFO  2021-09-29 22:19:23,164 [shard 0] init - initializing batchlog manager
2021-09-29T22:19:23.169130396Z  INFO  2021-09-29 22:19:23,168 [shard 0] format_selector - Selected md sstables format
2021-09-29T22:19:23.170612952Z  INFO  2021-09-29 22:19:23,170 [shard 0] legacy_schema_migrator - Moving 0 keyspaces from legacy schema tables to the new schema keyspace (system_schema)
2021-09-29T22:19:23.171457904Z  INFO  2021-09-29 22:19:23,171 [shard 0] legacy_schema_migrator - Dropping legacy schema tables
2021-09-29T22:19:29.821305674Z  INFO  2021-09-29 22:19:29,820 [shard 0] legacy_schema_migrator - Completed migration of legacy schema tables
2021-09-29T22:19:29.821344258Z  INFO  2021-09-29 22:19:29,820 [shard 0] init - loading system sstables
2021-09-29T22:19:43.661429898Z  INFO  2021-09-29 22:19:43,660 [shard 0] init - loading non-system sstables
2021-09-29T22:19:48.909654924Z  INFO  2021-09-29 22:19:48,909 [shard 0] database - Populating Keyspace system_auth
2021-09-29T22:19:48.909700888Z  INFO  2021-09-29 22:19:48,909 [shard 0] database - Keyspace system_auth: Reading CF roles id=5bc52802-de25-35ed-aeab-188eecebb090 version=e27680b1-de66-382d-be28-d8b1af5c426a
2021-09-29T22:19:48.909714060Z  INFO  2021-09-29 22:19:48,909 [shard 0] database - Keyspace system_auth: Reading CF role_members id=0ecdaa87-f8fb-3e60-88d1-74fb36fe5c0d version=8596efbf-fef9-3624-b16e-66e5a2478839
2021-09-29T22:19:48.909747132Z  INFO  2021-09-29 22:19:48,909 [shard 0] database - Populating Keyspace system_traces
2021-09-29T22:19:48.909847499Z  INFO  2021-09-29 22:19:48,909 [shard 0] database - Keyspace system_traces: Reading CF sessions_time_idx id=0ebf001c-c1d1-3693-9a63-c3d96ac53318 version=53b2b453-8256-3cc0-b8fc-9a32427898a9
2021-09-29T22:19:48.909863834Z  INFO  2021-09-29 22:19:48,909 [shard 0] database - Keyspace system_traces: Reading CF sessions id=c5e99f16-8677-3914-b17e-960613512345 version=7970f395-812c-3650-a170-5741d6f12bd3
2021-09-29T22:19:48.909873652Z  INFO  2021-09-29 22:19:48,909 [shard 0] database - Keyspace system_traces: Reading CF node_slow_log_time_idx id=f9706768-aa1e-3d87-9e5c-51a3927c2870 version=424995db-92cf-3997-81f6-d297ecca59cb
2021-09-29T22:19:48.909910339Z  INFO  2021-09-29 22:19:48,909 [shard 0] database - Keyspace system_traces: Reading CF node_slow_log id=bfcc4e62-5b63-3aa1-a1c3-6f5e47f3325c version=2201e9ba-63d3-38d2-a0d9-6d431f9d0941
2021-09-29T22:19:48.909920122Z  INFO  2021-09-29 22:19:48,909 [shard 0] database - Keyspace system_traces: Reading CF events id=8826e8e9-e16a-3728-8753-3bc1fc713c25 version=82be260f-7d52-372d-8261-918fdad0c51f
2021-09-29T22:19:48.909929519Z  INFO  2021-09-29 22:19:48,909 [shard 0] database - Populating Keyspace dt
2021-09-29T22:19:48.910219539Z  INFO  2021-09-29 22:19:48,909 [shard 0] database - Keyspace dt: Reading CF user id=b60ae340-91bf-11eb-bd25-000000000000 version=cabb4525-43c5-3a15-875d-0fbb3a1cca73
2021-09-29T22:19:48.910237859Z  INFO  2021-09-29 22:19:48,910 [shard 0] database - Keyspace dt: Reading CF twin id=b79af920-91bf-11eb-bd25-000000000000 version=30cd9585-6d13-3469-8542-c8035fe90bbf
2021-09-29T22:19:48.910654212Z  INFO  2021-09-29 22:19:48,910 [shard 0] database - Keyspace dt: Reading CF element_twin_idx_index id=bc170b60-91bf-11eb-bd25-000000000000 version=40dc72bc-79d8-3fc4-9053-c7adde980939
2021-09-29T22:19:48.910671974Z  INFO  2021-09-29 22:19:48,910 [shard 0] database - Keyspace dt: Reading CF source_element_idx_index id=c0e86990-91bf-11eb-bd25-000000000000 version=32f76a72-1cb6-3da2-800f-d90dc77b0ec1
2021-09-29T22:19:48.910705655Z  INFO  2021-09-29 22:19:48,910 [shard 0] database - Keyspace dt: Reading CF source_data id=c370c220-91bf-11eb-bd25-000000000000 version=d447c8b6-e9f4-38c5-a90c-21dc5733d0ff
2021-09-29T22:19:48.910720268Z  INFO  2021-09-29 22:19:48,910 [shard 0] database - Keyspace dt: Reading CF source id=be95c700-91bf-11eb-bd25-000000000000 version=c9d14ff4-95de-3d01-af7a-5eb2a7010809
2021-09-29T22:19:48.910729777Z  INFO  2021-09-29 22:19:48,910 [shard 0] database - Keyspace dt: Reading CF element id=b9b77080-91bf-11eb-bd25-000000000000 version=bcbb5d6d-bdf7-37fe-93b6-dbbed4b6ba76
2021-09-29T22:19:48.910739325Z  INFO  2021-09-29 22:19:48,910 [shard 0] database - Populating Keyspace system_distributed
2021-09-29T22:19:48.910748557Z  INFO  2021-09-29 22:19:48,910 [shard 0] database - Keyspace system_distributed: Reading CF view_build_status id=5582b59f-8e4e-35e1-b913-3acada51eb04 version=e61ea49b-8dbc-3ff6-a69f-896f4d38b7bb
2021-09-29T22:19:48.910768891Z  INFO  2021-09-29 22:19:48,910 [shard 0] database - Keyspace system_distributed: Reading CF cdc_streams_descriptions_v2 id=0bf73fd7-65b2-36b0-85e5-658131d5df36 version=58a18c32-0c5a-34ba-992f-7723dd0265c0
2021-09-29T22:19:48.910788375Z  INFO  2021-09-29 22:19:48,910 [shard 0] database - Keyspace system_distributed: Reading CF cdc_streams_descriptions id=249f0ac2-8856-36d4-9802-f55223eb01c2 version=f727f60d-bfaa-32de-a0d6-898e1cbaf2c9
2021-09-29T22:19:48.910798670Z  INFO  2021-09-29 22:19:48,910 [shard 0] database - Keyspace system_distributed: Reading CF cdc_generation_timestamps id=fdf455c4-cfec-3e00-9719-d7a45436c89d version=5777e043-a81a-3324-8803-b497c056849f
2021-09-29T22:19:48.910808438Z  INFO  2021-09-29 22:19:48,910 [shard 0] database - Keyspace system_distributed: Reading CF cdc_generation_descriptions id=ae653406-7b3e-34aa-af70-d5b90f837c67 version=95e9e159-839f-39b3-990f-8e8a04817ff8
2021-09-29T22:19:53.361247299Z  INFO  2021-09-29 22:19:53,360 [shard 0] init - starting view update generator
2021-09-29T22:19:53.362094010Z  INFO  2021-09-29 22:19:53,361 [shard 0] init - discovering staging sstables
2021-09-29T22:19:53.362768244Z  INFO  2021-09-29 22:19:53,362 [shard 0] init - setting up system keyspace
2021-09-29T22:19:53.377632513Z  INFO  2021-09-29 22:19:53,377 [shard 0] init - starting commit log
2021-09-29T22:19:53.378666108Z  INFO  2021-09-29 22:19:53,378 [shard 0] compaction - [Compact system.truncated 5e9a7820-2173-11ec-af10-000000000000] Compacting [/var/lib/scylla/data/system/truncated-38c19fd0fb863310a4b70d0cc66628aa/md-1198-big-Data.db:level=0, /var/lib/scylla/data/system/truncated-38c19fd0fb863310a4b70d0cc66628aa/md-1196-big-Data.db:level=0, ]
2021-09-29T22:19:53.379640058Z  INFO  2021-09-29 22:19:53,379 [shard 1] compaction - [Compact system_distributed.cdc_generation_timestamps 5e9a9f30-2173-11ec-93df-000000000001] Compacting [/var/lib/scylla/data/system_distributed/cdc_generation_timestamps-fdf455c4cfec3e009719d7a45436c89d/md-551-big-Data.db:level=0, /var/lib/scylla/data/system_distributed/cdc_generation_timestamps-fdf455c4cfec3e009719d7a45436c89d/md-549-big-Data.db:level=0, ]
2021-09-29T22:19:53.382079836Z  INFO  2021-09-29 22:19:53,381 [shard 0] init - initializing migration manager RPC verbs
2021-09-29T22:19:53.383220506Z  INFO  2021-09-29 22:19:53,382 [shard 0] init - initializing storage proxy RPC verbs
2021-09-29T22:19:53.384170420Z  INFO  2021-09-29 22:19:53,383 [shard 0] init - starting streaming service
2021-09-29T22:19:53.385443796Z  INFO  2021-09-29 22:19:53,385 [shard 0] init - starting hinted handoff manager
2021-09-29T22:19:53.778788021Z  INFO  2021-09-29 22:19:53,777 [shard 0] init - starting messaging service
2021-09-29T22:19:53.779688372Z  INFO  2021-09-29 22:19:53,779 [shard 0] repair - Setting max_repair_memory=126248550, max_repair_memory_per_range=33554432, max_repair_ranges_in_parallel=1
2021-09-29T22:19:53.780913967Z  INFO  2021-09-29 22:19:53,780 [shard 0] init - starting storage service
2021-09-29T22:19:53.782981567Z  INFO  2021-09-29 22:19:53,782 [shard 0] storage_service - Loading persisted ring state
2021-09-29T22:19:53.785859272Z  INFO  2021-09-29 22:19:53,785 [shard 0] storage_service - initial_contact_nodes={10.0.38.10}, loaded_endpoints={}, loaded_peer_features=0
2021-09-29T22:19:53.785893575Z  INFO  2021-09-29 22:19:53,785 [shard 0] storage_service - Checking remote features with gossip, initial_contact_nodes={10.0.38.10}
2021-09-29T22:19:53.786373954Z  INFO  2021-09-29 22:19:53,785 [shard 0] messaging_service - Starting Messaging Service on port 7000
2021-09-29T22:19:53.786423377Z  INFO  2021-09-29 22:19:53,786 [shard 0] gossip - Gossip shadow round started with nodes={}
2021-09-29T22:19:53.786439340Z  WARN  2021-09-29 22:19:53,786 [shard 0] gossip - All nodes={} are down for get_endpoint_states verb. Skip ShadowRound.
2021-09-29T22:19:53.786452742Z  INFO  2021-09-29 22:19:53,786 [shard 0] gossip - Gossip shadow round finisehd with nodes_talked={}
2021-09-29T22:19:53.786928559Z  INFO  2021-09-29 22:19:53,786 [shard 0] gossip - Feature check passed. Local node 10.0.38.10 features = {CDC, COMPUTED_COLUMNS, CORRECT_COUNTER_ORDER, CORRECT_IDX_TOKEN_IN_SECONDARY_INDEX, CORRECT_NON_COMPOUND_RANGE_TOMBSTONES, CORRECT_STATIC_COMPACT_IN_MC, COUNTERS, DIGEST_FOR_NULL_VALUES, DIGEST_INSENSITIVE_TO_EXPIRY, DIGEST_MULTIPARTITION_READ, HINTED_HANDOFF_SEPARATE_CONNECTION, INDEXES, LARGE_PARTITIONS, LA_SSTABLE_FORMAT, LWT, MATERIALIZED_VIEWS, MC_SSTABLE_FORMAT, MD_SSTABLE_FORMAT, NONFROZEN_UDTS, PER_TABLE_CACHING, PER_TABLE_PARTITIONERS, RANGE_TOMBSTONES, ROLES, ROW_LEVEL_REPAIR, SCHEMA_TABLES_V3, STREAM_WITH_RPC_STREAM, TRUNCATION_TABLE, UNBOUNDED_RANGE_TOMBSTONES, VIEW_VIRTUAL_COLUMNS, WRITE_FAILURE_REPLY, XXHASH}, Remote common_features = {}
2021-09-29T22:19:53.788535835Z  INFO  2021-09-29 22:19:53,788 [shard 0] storage_service - Restarting a node in NORMAL status
2021-09-29T22:19:53.813554012Z  INFO  2021-09-29 22:19:53,813 [shard 0] schema_tables - Schema version changed to 3ed0da5a-9378-3867-8692-45463e52d017
2021-09-29T22:19:53.813977136Z  INFO  2021-09-29 22:19:53,813 [shard 0] storage_service - Starting up server gossip
2021-09-29T22:19:54.234729770Z  INFO  2021-09-29 22:19:54,234 [shard 1] compaction - [Compact system.truncated 5f1d15a0-2173-11ec-93df-000000000001] Compacting [/var/lib/scylla/data/system/truncated-38c19fd0fb863310a4b70d0cc66628aa/md-1199-big-Data.db:level=0, /var/lib/scylla/data/system/truncated-38c19fd0fb863310a4b70d0cc66628aa/md-1193-big-Data.db:level=0, ]
2021-09-29T22:19:54.659633833Z  INFO  2021-09-29 22:19:54,658 [shard 0] compaction - [Compact system.peers 5f5dc820-2173-11ec-af10-000000000000] Compacting [/var/lib/scylla/data/system/peers-37f71aca7dc2383ba70672528af04d4f/md-596-big-Data.db:level=0, /var/lib/scylla/data/system/peers-37f71aca7dc2383ba70672528af04d4f/md-594-big-Data.db:level=0, ]
2021-09-29T22:19:54.660632952Z  INFO  2021-09-29 22:19:54,660 [shard 0] compaction - [Compact system.compaction_history 5f5def30-2173-11ec-af10-000000000000] Compacting [/var/lib/scylla/data/system/compaction_history-b4dbb7b4dc493fb5b3bfce6e434832ca/md-646-big-Data.db:level=0, /var/lib/scylla/data/system/compaction_history-b4dbb7b4dc493fb5b3bfce6e434832ca/md-644-big-Data.db:level=0, ]
2021-09-29T22:19:54.917991707Z  INFO  2021-09-29 22:19:54,917 [shard 1] compaction - [Compact system_distributed.cdc_generation_timestamps 5e9a9f30-2173-11ec-93df-000000000001] Compacted 2 sstables to [/var/lib/scylla/data/system_distributed/cdc_generation_timestamps-fdf455c4cfec3e009719d7a45436c89d/md-553-big-Data.db:level=0, ]. 10kB to 5kB (~51% of original) in 855ms = 6kB/s. ~256 total partitions merged to 1.
2021-09-29T22:19:55.466783680Z  INFO  2021-09-29 22:19:55,465 [shard 1] compaction - [Compact system_schema.indexes 5fd8eb90-2173-11ec-93df-000000000001] Compacting [/var/lib/scylla/data/system_schema/indexes-0feb57ac311f382fba6d9024d305702f/md-589-big-Data.db:level=0, /var/lib/scylla/data/system_schema/indexes-0feb57ac311f382fba6d9024d305702f/md-587-big-Data.db:level=0, ]
2021-09-29T22:19:55.690114425Z  INFO  2021-09-29 22:19:55,689 [shard 0] compaction - [Compact system.truncated 5e9a7820-2173-11ec-af10-000000000000] Compacted 2 sstables to [/var/lib/scylla/data/system/truncated-38c19fd0fb863310a4b70d0cc66628aa/md-1200-big-Data.db:level=0, ]. 82kB to 76kB (~93% of original) in 1280ms = 60kB/s. ~256 total partitions merged to 2.
2021-09-29T22:19:55.691184049Z  INFO  2021-09-29 22:19:55,690 [shard 0] compaction - [Compact system.peers 5f5dc820-2173-11ec-af10-000000000000] Compacted 2 sstables to []. 11kB to 0 bytes (~0% of original) in 0ms = 0 bytes/s. ~256 total partitions merged to 0.
2021-09-29T22:19:56.068726583Z  INFO  2021-09-29 22:19:56,067 [shard 1] compaction - [Compact system.truncated 5f1d15a0-2173-11ec-93df-000000000001] Compacted 2 sstables to [/var/lib/scylla/data/system/truncated-38c19fd0fb863310a4b70d0cc66628aa/md-1201-big-Data.db:level=0, ]. 148kB to 74kB (~50% of original) in 1230ms = 60kB/s. ~256 total partitions merged to 6.
2021-09-29T22:19:56.271776791Z  INFO  2021-09-29 22:19:56,271 [shard 0] compaction - [Compact system.local 6053e7f0-2173-11ec-af10-000000000000] Compacting [/var/lib/scylla/data/system/local-7ad54392bcdd35a684174e047860b377/md-1224-big-Data.db:level=0, /var/lib/scylla/data/system/local-7ad54392bcdd35a684174e047860b377/md-1222-big-Data.db:level=0, ]
2021-09-29T22:19:56.658356852Z  INFO  2021-09-29 22:19:56,657 [shard 1] compaction - [Compact system_schema.functions 608ece10-2173-11ec-93df-000000000001] Compacting [/var/lib/scylla/data/system_schema/functions-96489b7980be3e14a70166a0b9159450/md-535-big-Data.db:level=0, /var/lib/scylla/data/system_schema/functions-96489b7980be3e14a70166a0b9159450/md-537-big-Data.db:level=0, ]
2021-09-29T22:19:56.860398563Z  INFO  2021-09-29 22:19:56,859 [shard 0] compaction - [Compact system.compaction_history 5f5def30-2173-11ec-af10-000000000000] Compacted 2 sstables to [/var/lib/scylla/data/system/compaction_history-b4dbb7b4dc493fb5b3bfce6e434832ca/md-652-big-Data.db:level=0, ]. 227kB to 134kB (~58% of original) in 1610ms = 83kB/s. ~640 total partitions merged to 461.
2021-09-29T22:19:57.228492793Z  INFO  2021-09-29 22:19:57,227 [shard 1] compaction - [Compact system_schema.indexes 5fd8eb90-2173-11ec-93df-000000000001] Compacted 2 sstables to [/var/lib/scylla/data/system_schema/indexes-0feb57ac311f382fba6d9024d305702f/md-591-big-Data.db:level=0, ]. 85kB to 46kB (~54% of original) in 1190ms = 39kB/s. ~256 total partitions merged to 3.
2021-09-29T22:19:57.825450259Z  INFO  2021-09-29 22:19:57,824 [shard 1] compaction - [Compact system_schema.types 6140e000-2173-11ec-93df-000000000001] Compacting [/var/lib/scylla/data/system_schema/types-5a8b1ca866023f77a0459273d308917a/md-537-big-Data.db:level=0, /var/lib/scylla/data/system_schema/types-5a8b1ca866023f77a0459273d308917a/md-535-big-Data.db:level=0, ]
2021-09-29T22:19:57.926565259Z  INFO  2021-09-29 22:19:57,925 [shard 0] compaction - [Compact system.local 6053e7f0-2173-11ec-af10-000000000000] Compacted 2 sstables to [/var/lib/scylla/data/system/local-7ad54392bcdd35a684174e047860b377/md-1226-big-Data.db:level=0, ]. 19kB to 12kB (~64% of original) in 1327ms = 9kB/s. ~256 total partitions merged to 1.
2021-09-29T22:19:58.328887412Z  INFO  2021-09-29 22:19:58,328 [shard 1] compaction - [Compact system_schema.functions 608ece10-2173-11ec-93df-000000000001] Compacted 2 sstables to [/var/lib/scylla/data/system_schema/functions-96489b7980be3e14a70166a0b9159450/md-539-big-Data.db:level=0, ]. 79kB to 39kB (~50% of original) in 1167ms = 34kB/s. ~256 total partitions merged to 2.
2021-09-29T22:19:59.016728378Z  INFO  2021-09-29 22:19:59,016 [shard 1] compaction - [Compact system_schema.triggers 61f69b70-2173-11ec-93df-000000000001] Compacting [/var/lib/scylla/data/system_schema/triggers-4df70b666b05325195a132b54005fd48/md-539-big-Data.db:level=0, /var/lib/scylla/data/system_schema/triggers-4df70b666b05325195a132b54005fd48/md-537-big-Data.db:level=0, ]
2021-09-29T22:19:59.669420992Z  INFO  2021-09-29 22:19:59,668 [shard 1] compaction - [Compact system_schema.types 6140e000-2173-11ec-93df-000000000001] Compacted 2 sstables to [/var/lib/scylla/data/system_schema/types-5a8b1ca866023f77a0459273d308917a/md-539-big-Data.db:level=0, ]. 78kB to 39kB (~50% of original) in 1190ms = 33kB/s. ~256 total partitions merged to 2.
2021-09-29T22:20:00.270258302Z  INFO  2021-09-29 22:20:00,269 [shard 1] compaction - [Compact system_schema.dropped_columns 62b5f3d0-2173-11ec-93df-000000000001] Compacting [/var/lib/scylla/data/system_schema/dropped_columns-5e7583b5f3f43af19a39b7e1d6f5f11f/md-587-big-Data.db:level=0, /var/lib/scylla/data/system_schema/dropped_columns-5e7583b5f3f43af19a39b7e1d6f5f11f/md-585-big-Data.db:level=0, ]
2021-09-29T22:20:00.854683966Z  INFO  2021-09-29 22:20:00,853 [shard 1] compaction - [Compact system_schema.triggers 61f69b70-2173-11ec-93df-000000000001] Compacted 2 sstables to [/var/lib/scylla/data/system_schema/triggers-4df70b666b05325195a132b54005fd48/md-541-big-Data.db:level=0, ]. 78kB to 39kB (~50% of original) in 1252ms = 31kB/s. ~256 total partitions merged to 2.
2021-09-29T22:20:01.604037512Z  INFO  2021-09-29 22:20:01,603 [shard 1] compaction - [Compact system_schema.view_virtual_columns 63818130-2173-11ec-93df-000000000001] Compacting [/var/lib/scylla/data/system_schema/view_virtual_columns-08843b6345dc3be29798a0418295cfaa/md-557-big-Data.db:level=0, /var/lib/scylla/data/system_schema/view_virtual_columns-08843b6345dc3be29798a0418295cfaa/md-555-big-Data.db:level=0, ]
2021-09-29T22:20:02.210779413Z  INFO  2021-09-29 22:20:02,210 [shard 1] compaction - [Compact system_schema.dropped_columns 62b5f3d0-2173-11ec-93df-000000000001] Compacted 2 sstables to [/var/lib/scylla/data/system_schema/dropped_columns-5e7583b5f3f43af19a39b7e1d6f5f11f/md-589-big-Data.db:level=0, ]. 78kB to 39kB (~50% of original) in 1334ms = 29kB/s. ~256 total partitions merged to 2.
2021-09-29T22:20:02.829511683Z  INFO  2021-09-29 22:20:02,828 [shard 1] compaction - [Compact system_schema.aggregates 643c6cc0-2173-11ec-93df-000000000001] Compacting [/var/lib/scylla/data/system_schema/aggregates-924c55872e3a345bb10c12f37c1ba895/md-537-big-Data.db:level=0, /var/lib/scylla/data/system_schema/aggregates-924c55872e3a345bb10c12f37c1ba895/md-535-big-Data.db:level=0, ]
2021-09-29T22:20:03.376912682Z  INFO  2021-09-29 22:20:03,376 [shard 1] compaction - [Compact system_schema.view_virtual_columns 63818130-2173-11ec-93df-000000000001] Compacted 2 sstables to [/var/lib/scylla/data/system_schema/view_virtual_columns-08843b6345dc3be29798a0418295cfaa/md-559-big-Data.db:level=0, ]. 85kB to 46kB (~54% of original) in 1225ms = 38kB/s. ~256 total partitions merged to 3.
2021-09-29T22:20:03.918941579Z  INFO  2021-09-29 22:20:03,918 [shard 1] compaction - [Compact system_schema.columns 64e2bee0-2173-11ec-93df-000000000001] Compacting [/var/lib/scylla/data/system_schema/columns-24101c25a2ae3af787c1b40ee1aca33f/md-583-big-Data.db:level=0, /var/lib/scylla/data/system_schema/columns-24101c25a2ae3af787c1b40ee1aca33f/md-581-big-Data.db:level=0, ]
2021-09-29T22:20:04.410726133Z  INFO  2021-09-29 22:20:04,409 [shard 1] compaction - [Compact system_schema.aggregates 643c6cc0-2173-11ec-93df-000000000001] Compacted 2 sstables to [/var/lib/scylla/data/system_schema/aggregates-924c55872e3a345bb10c12f37c1ba895/md-539-big-Data.db:level=0, ]. 78kB to 39kB (~50% of original) in 1089ms = 36kB/s. ~256 total partitions merged to 2.
2021-09-29T22:20:05.241427780Z  INFO  2021-09-29 22:20:05,239 [shard 1] compaction - [Compact system_schema.tables 65ac5070-2173-11ec-93df-000000000001] Compacting [/var/lib/scylla/data/system_schema/tables-afddfb9dbc1e30688056eed6c302ba09/md-583-big-Data.db:level=0, /var/lib/scylla/data/system_schema/tables-afddfb9dbc1e30688056eed6c302ba09/md-581-big-Data.db:level=0, ]
2021-09-29T22:20:05.836597973Z  INFO  2021-09-29 22:20:05,835 [shard 1] compaction - [Compact system_schema.columns 64e2bee0-2173-11ec-93df-000000000001] Compacted 2 sstables to [/var/lib/scylla/data/system_schema/columns-24101c25a2ae3af787c1b40ee1aca33f/md-585-big-Data.db:level=0, ]. 119kB to 73kB (~61% of original) in 1320ms = 55kB/s. ~256 total partitions merged to 6.
2021-09-29T22:20:06.496799996Z  INFO  2021-09-29 22:20:06,495 [shard 1] compaction - [Compact system_schema.scylla_tables 666bf6f0-2173-11ec-93df-000000000001] Compacting [/var/lib/scylla/data/system_schema/scylla_tables-5d912ff1f7593665b2c88042ab5103dd/md-579-big-Data.db:level=0, /var/lib/scylla/data/system_schema/scylla_tables-5d912ff1f7593665b2c88042ab5103dd/md-577-big-Data.db:level=0, ]
2021-09-29T22:20:07.005482941Z  INFO  2021-09-29 22:20:07,004 [shard 1] compaction - [Compact system_schema.tables 65ac5070-2173-11ec-93df-000000000001] Compacted 2 sstables to [/var/lib/scylla/data/system_schema/tables-afddfb9dbc1e30688056eed6c302ba09/md-585-big-Data.db:level=0, ]. 113kB to 69kB (~61% of original) in 1255ms = 55kB/s. ~256 total partitions merged to 6.
2021-09-29T22:20:07.547836726Z  INFO  2021-09-29 22:20:07,546 [shard 1] compaction - [Compact system_schema.views 670c55a0-2173-11ec-93df-000000000001] Compacting [/var/lib/scylla/data/system_schema/views-9786ac1cdd583201a7cdad556410c985/md-545-big-Data.db:level=0, /var/lib/scylla/data/system_schema/views-9786ac1cdd583201a7cdad556410c985/md-543-big-Data.db:level=0, ]
2021-09-29T22:20:07.761325874Z  INFO  2021-09-29 22:20:07,760 [shard 0] gossip - No gossip backlog; proceeding
2021-09-29T22:20:07.762864655Z  INFO  2021-09-29 22:20:07,761 [shard 0] features - Feature CDC is enabled
2021-09-29T22:20:07.762898442Z  INFO  2021-09-29 22:20:07,761 [shard 0] features - Feature COMPUTED_COLUMNS is enabled
2021-09-29T22:20:07.762917113Z  INFO  2021-09-29 22:20:07,761 [shard 0] features - Feature CORRECT_IDX_TOKEN_IN_SECONDARY_INDEX is enabled
2021-09-29T22:20:07.762933530Z  INFO  2021-09-29 22:20:07,761 [shard 0] features - Feature CORRECT_STATIC_COMPACT_IN_MC is enabled
2021-09-29T22:20:07.762949461Z  INFO  2021-09-29 22:20:07,761 [shard 0] features - Feature DIGEST_FOR_NULL_VALUES is enabled
2021-09-29T22:20:07.762965878Z  INFO  2021-09-29 22:20:07,761 [shard 0] features - Feature DIGEST_INSENSITIVE_TO_EXPIRY is enabled
2021-09-29T22:20:07.762982406Z  INFO  2021-09-29 22:20:07,761 [shard 0] features - Feature HINTED_HANDOFF_SEPARATE_CONNECTION is enabled
2021-09-29T22:20:07.763010664Z  INFO  2021-09-29 22:20:07,761 [shard 0] features - Feature LWT is enabled
2021-09-29T22:20:07.763027333Z  INFO  2021-09-29 22:20:07,761 [shard 0] features - Feature MC_SSTABLE_FORMAT is enabled
2021-09-29T22:20:07.763044184Z  INFO  2021-09-29 22:20:07,761 [shard 0] features - Feature MD_SSTABLE_FORMAT is enabled
2021-09-29T22:20:07.763060986Z  INFO  2021-09-29 22:20:07,761 [shard 0] features - Feature NONFROZEN_UDTS is enabled
2021-09-29T22:20:07.763077295Z  INFO  2021-09-29 22:20:07,762 [shard 0] features - Feature PER_TABLE_CACHING is enabled
2021-09-29T22:20:07.763093855Z  INFO  2021-09-29 22:20:07,762 [shard 0] features - Feature PER_TABLE_PARTITIONERS is enabled
2021-09-29T22:20:07.763134815Z  INFO  2021-09-29 22:20:07,762 [shard 0] features - Feature ROW_LEVEL_REPAIR is enabled
2021-09-29T22:20:07.763154172Z  INFO  2021-09-29 22:20:07,762 [shard 0] features - Feature TRUNCATION_TABLE is enabled
2021-09-29T22:20:07.763170948Z  INFO  2021-09-29 22:20:07,762 [shard 0] features - Feature UNBOUNDED_RANGE_TOMBSTONES is enabled
2021-09-29T22:20:07.763187764Z  INFO  2021-09-29 22:20:07,762 [shard 0] features - Feature VIEW_VIRTUAL_COLUMNS is enabled
2021-09-29T22:20:07.764169942Z  INFO  2021-09-29 22:20:07,763 [shard 0] init - starting system distributed keyspace
2021-09-29T22:20:07.767470899Z  INFO  2021-09-29 22:20:07,766 [shard 0] storage_service - Using saved tokens {9124010895326915551, 8742018973670033125, 8598555156506068168, 859331192677595355, 8489633851918218972, 8404544377773987620, 8334052099869822074, 8027070951690535512, 7653411651769364763, 7643300886773448726, 745698443895614697, 733608372829560431, 6892720454935362021, 6800940363671872258, 6752736840498222835, 7558570794682543277, 6626855036896651415, 6558953552931646742, 654811730000643782, 6453507488197093240, 6418881467918362121, 6257350538314658651, 8694185385366952453, 6236544808742060204, 6205996696401286952, 6181536116480005250, 6173890748576798510, 6168788704115239078, 914767106532303288, 6990363615428460803, 6234359937486042650, 6135487156888480192, 8298670917499244446, 7962637687399845676, 5859809433466828295, 572381649550060741, 5717521671303527835, 6767513432483647708, 5669133658513444829, 5648065983278090801, 5139558912890970065, 490292763971450340, 5088559784364939447, 4887879388920547181, 4864473040594215386, 4821401626888467395, 4584677418481153049, 4568560376040385623, 4425517595667769005, 4212229064000506688, 417323891907213555, 4105567803922032311, 846328848386553100, 4097056052731017739, 4037011506266365719, 397816311326034467, 8807705278705127055, 3960263499412211951, 3895103703505731808, 5319761317396931638, 360597321690183586, 6977453291531829598, 3469791365465559235, 3450799468463193555, 3341791787112106987, 321719263399246289, 495119623429944640, 3188441281592026984, 3132582716025630056, 2897978825010732891, 2798599672396321233, 6722262565665525082, 3655246620504891712, 2727978900950034079, 2523679024489419468, 2246314149549274080, 2111447425244342721, 4342425971260087537, 2072681479362054742, 1722652131956917119, 1596795172788069650, 3258336554370208112, 1484250105068094827, 322919980295096232, 147185272239349262, 1582292604007964836, -1043366625644573502, 6202054439624443736, -7036530416959591692, 7059986144911608666, 1308325171422204311, -5106332339199757418, -4983430690696996654, -129692242505474142, -4408832913021959392, -4201351102319936633, 8226105573655162691, 1143169181596101602, -373464609677467774, 6499637180920648380, -3688252115466414768, -4685245633506220935, -3393731484328842231, 146326482513143238, -3354377357399948017, -7520504150110066280, 4013620692958310926, 120285327225849529, -5319770427093584367, -3344645134456416355, 7542140524268185824, -1567986029003951429, -6225982984898210797, 3616787878857439901, -1134847260854861521, -1385815719507756604, -7216500369574002380, -2540342459765209305, -3153428036916311114, -1315427923943130867, 6735115869130128231, -8804109413751117454, 5380300166925886998, -3994233554939769446, -2049052420205957973, -6823521889286394233, 7773354257250251508, -813663158863688605, -2813588493261245387, -4306289609617407685, -8554421498880928036, 6625124512311491877, -1193453720756075343, -7344961469397326117, 40988359741359328, 3538701036468284236, -4959270447304085620, -6649264423169845010, -164488752845185737, -4809655207434651910, 852064759819355889, 655765621784410911, -2265394845695119219, -1633283144679415010, -2905038631817617159, -1338175487850463146, -5604344254894844223, 1342637340952214033, -3063809950324015361, 3620475942448129254, -6701628281791339799, -1015966201355467601, -1010385350192890483, -5464692903875327262, -5350408053695756824, -3909145060055744662, 8110921354580809535, -1828720553060017001, -9039692023802518881, 8906477330793941548, -1950771572338293141, -578007903166946288, -2835283049648902775, -5969076120552281390, -4980038973578836295, -2956647759994856492, -3121440497971800186, -2451287035471636788, -8397239023617269085, -3907411391529938738, -6060412664924674468, 1201018447870040377, 744455255883305773, 6091158824052509989, -4647456536187559461, -2492321414000069004, -8249536583876427841, 7286508860723851824, -414762654016518424, -5783334032467426709, 6421278078424044569, 441269054539754827, -6608800837376867894, 5791636627852090243, -4351372151055006459, -5864482138900019193, 5601743073496261086, 4770910060094536939, 1232477482658016681, -5948334266233173781, -6086128074458237613, -8638832556157001740, -6113382913249116479, 3618586283784401510, -6122783330192656017, 5382626567051759064, 3269933335992189660, 3265637793915806608, -1668747907767623398, -6127999924475878922, -7206262277128710714, -6146258828033574412, 890221936568177916, 1221044349160589157, -6379743443959801206, -3354462196552861041, -6677370219752794615, -629668751745095673, 4544273533200769333, 2099953764446630586, -64824586118135566, 581574656604815021, -1515669477669935777, -3109764140720549529, -8111279514706125590, -6765501084971270724, -7123469322789065192, 8256443830104168330, -7192042733875824935, -3386880163308184471, -7555616751041454945, 8338973462233251092, -3831510983777130411, -809362909466312577, -812118401657732185, -813144382884222877, -6165495426270074889, -8608419165109646990, -8763577584688728098, 9100267743767020695, 1449039208745937834, -8790517587028177640, -753170663132011250, -8817723952438831390, -74586706562973894, -291383833060567901, -2351081202557792362, -8891768586937559860, 1851372445822437027, -915977517244945982, 2745557699704249475, -9170788929174515177, 2201664116850426765, 1065409362723446036, 7226815385485772597, -933992305836130344, 7986798416127859088, -6861762339660299047, -8421468042859687897, 1060714984715414565, 1108113371314175716, 1120943934896482048, -8578170098649472153, 118542843210684040, 3064484626246652780, 1415645789302299155}
2021-09-29T22:20:07.783119975Z  INFO  2021-09-29 22:20:07,782 [shard 0] schema_tables - Schema version changed to 3ed0da5a-9378-3867-8692-45463e52d017
2021-09-29T22:20:07.799438111Z  INFO  2021-09-29 22:20:07,799 [shard 0] schema_tables - Schema version changed to 710b5af1-be2e-3479-9577-6140351ae31e
2021-09-29T22:20:07.812872668Z  INFO  2021-09-29 22:20:07,812 [shard 0] schema_tables - Schema version changed to 710b5af1-be2e-3479-9577-6140351ae31e
2021-09-29T22:20:07.823939246Z  INFO  2021-09-29 22:20:07,823 [shard 0] schema_tables - Schema version changed to 710b5af1-be2e-3479-9577-6140351ae31e
2021-09-29T22:20:07.983062927Z  INFO  2021-09-29 22:20:07,982 [shard 1] compaction - [Compact system_schema.scylla_tables 666bf6f0-2173-11ec-93df-000000000001] Compacted 2 sstables to [/var/lib/scylla/data/system_schema/scylla_tables-5d912ff1f7593665b2c88042ab5103dd/md-581-big-Data.db:level=0, ]. 81kB to 40kB (~50% of original) in 1051ms = 38kB/s. ~256 total partitions merged to 2.
2021-09-29T22:20:08.622391291Z  INFO  2021-09-29 22:20:08,621 [shard 0] compaction - [Compact system.cdc_local 67b05dd0-2173-11ec-af10-000000000000] Compacting [/var/lib/scylla/data/system/cdc_local-0bcaffd40c833eadad13dc1d5015b77c/md-618-big-Data.db:level=0, /var/lib/scylla/data/system/cdc_local-0bcaffd40c833eadad13dc1d5015b77c/md-616-big-Data.db:level=0, ]
2021-09-29T22:20:08.722662075Z  INFO  2021-09-29 22:20:08,721 [shard 1] compaction - [Compact system_schema.keyspaces 67bfa010-2173-11ec-93df-000000000001] Compacting [/var/lib/scylla/data/system_schema/keyspaces-abac5682dea631c5b535b3d6cffd0fb6/md-573-big-Data.db:level=0, /var/lib/scylla/data/system_schema/keyspaces-abac5682dea631c5b535b3d6cffd0fb6/md-571-big-Data.db:level=0, ]
2021-09-29T22:20:09.114633716Z  INFO  2021-09-29 22:20:09,113 [shard 1] compaction - [Compact system_schema.views 670c55a0-2173-11ec-93df-000000000001] Compacted 2 sstables to [/var/lib/scylla/data/system_schema/views-9786ac1cdd583201a7cdad556410c985/md-547-big-Data.db:level=0, ]. 88kB to 48kB (~54% of original) in 1175ms = 41kB/s. ~256 total partitions merged to 3.
2021-09-29T22:20:09.634811277Z  INFO  2021-09-29 22:20:09,634 [shard 1] compaction - [Compact system.compaction_history 684af020-2173-11ec-93df-000000000001] Compacting [/var/lib/scylla/data/system/compaction_history-b4dbb7b4dc493fb5b3bfce6e434832ca/md-651-big-Data.db:level=0, /var/lib/scylla/data/system/compaction_history-b4dbb7b4dc493fb5b3bfce6e434832ca/md-649-big-Data.db:level=0, ]
2021-09-29T22:20:10.212240368Z  INFO  2021-09-29 22:20:10,211 [shard 0] compaction - [Compact system.local 68a2fb30-2173-11ec-af10-000000000000] Compacting [/var/lib/scylla/data/system/local-7ad54392bcdd35a684174e047860b377/md-1228-big-Data.db:level=0, /var/lib/scylla/data/system/local-7ad54392bcdd35a684174e047860b377/md-1226-big-Data.db:level=0, ]
2021-09-29T22:20:10.214583816Z  INFO  2021-09-29 22:20:10,214 [shard 0] storage_service - Node 10.0.38.10 state jump to normal
2021-09-29T22:20:10.220713695Z  INFO  2021-09-29 22:20:10,220 [shard 0] cdc - Generation 2021/03/29 14:13:43: streams description table already updated.
2021-09-29T22:20:10.290607376Z  INFO  2021-09-29 22:20:10,290 [shard 1] compaction - [Compact system_schema.keyspaces 67bfa010-2173-11ec-93df-000000000001] Compacted 2 sstables to [/var/lib/scylla/data/system_schema/keyspaces-abac5682dea631c5b535b3d6cffd0fb6/md-575-big-Data.db:level=0, ]. 100kB to 61kB (~61% of original) in 911ms = 67kB/s. ~256 total partitions merged to 6.
2021-09-29T22:20:10.636848503Z  INFO  2021-09-29 22:20:10,636 [shard 0] compaction - [Compact system.cdc_local 67b05dd0-2173-11ec-af10-000000000000] Compacted 2 sstables to [/var/lib/scylla/data/system/cdc_local-0bcaffd40c833eadad13dc1d5015b77c/md-620-big-Data.db:level=0, ]. 68kB to 63kB (~92% of original) in 1589ms = 39kB/s. ~256 total partitions merged to 2.
2021-09-29T22:20:11.414063130Z  INFO  2021-09-29 22:20:11,413 [shard 0] storage_service - NORMAL: node is now in normal status
2021-09-29T22:20:11.415572640Z  INFO  2021-09-29 22:20:11,414 [shard 0] cdc - Latest generation seen during startup: 2021/03/29 14:13:43
2021-09-29T22:20:11.416409643Z  INFO  2021-09-29 22:20:11,415 [shard 0] init - starting tracing
2021-09-29T22:20:11.416975737Z  INFO  2021-09-29 22:20:11,416 [shard 0] init - SSTable data integrity checker is disabled.
2021-09-29T22:20:11.416999870Z  INFO  2021-09-29 22:20:11,416 [shard 0] init - starting auth service
2021-09-29T22:20:11.418879953Z  INFO  2021-09-29 22:20:11,418 [shard 0] init - starting batchlog manager
2021-09-29T22:20:11.418915519Z  INFO  2021-09-29 22:20:11,418 [shard 0] init - starting load meter
2021-09-29T22:20:11.419872525Z  INFO  2021-09-29 22:20:11,418 [shard 0] init - starting cf cache hit rate calculator
2021-09-29T22:20:11.419908131Z  INFO  2021-09-29 22:20:11,418 [shard 0] init - starting view update backlog broker
2021-09-29T22:20:11.419918998Z  INFO  2021-09-29 22:20:11,419 [shard 0] init - Waiting for gossip to settle before accepting client requests...
2021-09-29T22:20:11.490587907Z  INFO  2021-09-29 22:20:11,489 [shard 0] compaction - [Compact system.local 68a2fb30-2173-11ec-af10-000000000000] Compacted 2 sstables to [/var/lib/scylla/data/system/local-7ad54392bcdd35a684174e047860b377/md-1230-big-Data.db:level=0, ]. 18kB to 12kB (~66% of original) in 1028ms = 11kB/s. ~256 total partitions merged to 1.
2021-09-29T22:20:11.516941597Z  INFO  2021-09-29 22:20:11,516 [shard 1] compaction - [Compact system.compaction_history 684af020-2173-11ec-93df-000000000001] Compacted 2 sstables to [/var/lib/scylla/data/system/compaction_history-b4dbb7b4dc493fb5b3bfce6e434832ca/md-653-big-Data.db:level=0, ]. 176kB to 134kB (~76% of original) in 1703ms = 79kB/s. ~640 total partitions merged to 464.
2021-09-29T22:20:23.420605838Z  INFO  2021-09-29 22:20:23,419 [shard 0] gossip - No gossip backlog; proceeding
2021-09-29T22:20:23.421482418Z  INFO  2021-09-29 22:20:23,420 [shard 0] init - allow replaying hints
2021-09-29T22:20:23.421526208Z  INFO  2021-09-29 22:20:23,420 [shard 0] init - Launching generate_mv_updates for non system tables
2021-09-29T22:20:23.421548655Z  INFO  2021-09-29 22:20:23,420 [shard 0] init - starting the view builder
2021-09-29T22:20:23.808261795Z  INFO  2021-09-29 22:20:23,806 [shard 0] compaction - [Compact system.truncated 70bd69e0-2173-11ec-af10-000000000000] Compacting [/var/lib/scylla/data/system/truncated-38c19fd0fb863310a4b70d0cc66628aa/md-1202-big-Data.db:level=0, /var/lib/scylla/data/system/truncated-38c19fd0fb863310a4b70d0cc66628aa/md-1200-big-Data.db:level=0, ]
2021-09-29T22:20:23.808324632Z  INFO  2021-09-29 22:20:23,806 [shard 0] init - starting native transport
2021-09-29T22:20:23.810859716Z  INFO  2021-09-29 22:20:23,809 [shard 0] cql_server_controller - Starting listening for CQL clients on 10.0.38.10:9042 (unencrypted, non-shard-aware)
2021-09-29T22:20:23.810910121Z  INFO  2021-09-29 22:20:23,809 [shard 0] cql_server_controller - Starting listening for CQL clients on 10.0.38.10:19042 (unencrypted, shard-aware)
2021-09-29T22:20:23.813531874Z  INFO  2021-09-29 22:20:23,812 [shard 0] thrift_controller - Thrift server listening on 10.0.38.10:9160 ...
2021-09-29T22:20:23.815366440Z  INFO  2021-09-29 22:20:23,814 [shard 0] init - serving
2021-09-29T22:20:23.816399725Z  INFO  2021-09-29 22:20:23,815 [shard 0] init - Scylla version 4.4.4-0.20210801.69daa9fd0 initialization completed.
2021-09-29T22:20:24.217698988Z  INFO  2021-09-29 22:20:24,216 [shard 0] compaction - [Compact system.truncated 70bd69e0-2173-11ec-af10-000000000000] Compacted 2 sstables to [/var/lib/scylla/data/system/truncated-38c19fd0fb863310a4b70d0cc66628aa/md-1204-big-Data.db:level=0, ]. 82kB to 76kB (~93% of original) in 335ms = 229kB/s. ~256 total partitions merged to 2.
2021-09-29T22:21:06.235160972Z  INFO  2021-09-29 22:21:06,234 [shard 1] compaction - [Compact system.clients 8a0769a0-2173-11ec-93df-000000000001] Compacting [/var/lib/scylla/data/system/clients-ca0f635d863036098d93a1fc06f2a5e5/md-5-big-Data.db:level=0, /var/lib/scylla/data/system/clients-ca0f635d863036098d93a1fc06f2a5e5/md-3-big-Data.db:level=0, ]
2021-09-29T22:21:07.764888185Z  INFO  2021-09-29 22:21:07,757 [shard 1] compaction - [Compact system.clients 8aefcdd0-2173-11ec-93df-000000000001] Compacting [/var/lib/scylla/data/system/clients-ca0f635d863036098d93a1fc06f2a5e5/md-7-big-Data.db:level=0, /var/lib/scylla/data/system/clients-ca0f635d863036098d93a1fc06f2a5e5/md-9-big-Data.db:level=0, /var/lib/scylla/data/system/clients-ca0f635d863036098d93a1fc06f2a5e5/md-11-big-Data.db:level=0, ]
2021-09-29T22:21:08.360045861Z  INFO  2021-09-29 22:21:08,359 [shard 1] compaction - [Compact system.clients 8a0769a0-2173-11ec-93df-000000000001] Compacted 2 sstables to [/var/lib/scylla/data/system/clients-ca0f635d863036098d93a1fc06f2a5e5/md-13-big-Data.db:level=0, ]. 30kB to 6kB (~19% of original) in 1520ms = 4kB/s. ~256 total partitions merged to 1.
2021-09-29T22:21:09.867307226Z  INFO  2021-09-29 22:21:09,866 [shard 1] compaction - [Compact system.clients 8c319ca0-2173-11ec-93df-000000000001] Compacting [/var/lib/scylla/data/system/clients-ca0f635d863036098d93a1fc06f2a5e5/md-13-big-Data.db:level=0, /var/lib/scylla/data/system/clients-ca0f635d863036098d93a1fc06f2a5e5/md-19-big-Data.db:level=0, /var/lib/scylla/data/system/clients-ca0f635d863036098d93a1fc06f2a5e5/md-21-big-Data.db:level=0, /var/lib/scylla/data/system/clients-ca0f635d863036098d93a1fc06f2a5e5/md-25-big-Data.db:level=0, /var/lib/scylla/data/system/clients-ca0f635d863036098d93a1fc06f2a5e5/md-15-big-Data.db:level=0, /var/lib/scylla/data/system/clients-ca0f635d863036098d93a1fc06f2a5e5/md-23-big-Data.db:level=0, /var/lib/scylla/data/system/clients-ca0f635d863036098d93a1fc06f2a5e5/md-17-big-Data.db:level=0, ]
2021-09-29T22:21:11.294794630Z  INFO  2021-09-29 22:21:11,294 [shard 1] compaction - [Compact system.clients 8aefcdd0-2173-11ec-93df-000000000001] Compacted 3 sstables to [/var/lib/scylla/data/system/clients-ca0f635d863036098d93a1fc06f2a5e5/md-27-big-Data.db:level=0, ]. 29kB to 10kB (~36% of original) in 2109ms = 5kB/s. ~384 total partitions merged to 1.
2021-09-29T22:21:12.748160246Z  INFO  2021-09-29 22:21:12,747 [shard 1] compaction - [Compact system.clients 8de937b0-2173-11ec-93df-000000000001] Compacting [/var/lib/scylla/data/system/clients-ca0f635d863036098d93a1fc06f2a5e5/md-29-big-Data.db:level=0, /var/lib/scylla/data/system/clients-ca0f635d863036098d93a1fc06f2a5e5/md-37-big-Data.db:level=0, /var/lib/scylla/data/system/clients-ca0f635d863036098d93a1fc06f2a5e5/md-27-big-Data.db:level=0, /var/lib/scylla/data/system/clients-ca0f635d863036098d93a1fc06f2a5e5/md-43-big-Data.db:level=0, /var/lib/scylla/data/system/clients-ca0f635d863036098d93a1fc06f2a5e5/md-35-big-Data.db:level=0, /var/lib/scylla/data/system/clients-ca0f635d863036098d93a1fc06f2a5e5/md-39-big-Data.db:level=0, /var/lib/scylla/data/system/clients-ca0f635d863036098d93a1fc06f2a5e5/md-33-big-Data.db:level=0, /var/lib/scylla/data/system/clients-ca0f635d863036098d93a1fc06f2a5e5/md-31-big-Data.db:level=0, ]
2021-09-29T22:21:13.587147012Z  INFO  2021-09-29 22:21:13,584 [shard 1] compaction - [Compact system.clients 8c319ca0-2173-11ec-93df-000000000001] Compacted 7 sstables to [/var/lib/scylla/data/system/clients-ca0f635d863036098d93a1fc06f2a5e5/md-41-big-Data.db:level=0, ]. 63kB to 15kB (~24% of original) in 2878ms = 5kB/s. ~896 total partitions merged to 1.
2021-09-29T22:21:14.882076957Z  INFO  2021-09-29 22:21:14,881 [shard 1] compaction - [Compact system.clients 8f2ed710-2173-11ec-93df-000000000001] Compacting [/var/lib/scylla/data/system/clients-ca0f635d863036098d93a1fc06f2a5e5/md-55-big-Data.db:level=0, /var/lib/scylla/data/system/clients-ca0f635d863036098d93a1fc06f2a5e5/md-51-big-Data.db:level=0, /var/lib/scylla/data/system/clients-ca0f635d863036098d93a1fc06f2a5e5/md-49-big-Data.db:level=0, /var/lib/scylla/data/system/clients-ca0f635d863036098d93a1fc06f2a5e5/md-45-big-Data.db:level=0, /var/lib/scylla/data/system/clients-ca0f635d863036098d93a1fc06f2a5e5/md-59-big-Data.db:level=0, /var/lib/scylla/data/system/clients-ca0f635d863036098d93a1fc06f2a5e5/md-53-big-Data.db:level=0, /var/lib/scylla/data/system/clients-ca0f635d863036098d93a1fc06f2a5e5/md-41-big-Data.db:level=0, /var/lib/scylla/data/system/clients-ca0f635d863036098d93a1fc06f2a5e5/md-47-big-Data.db:level=0, ]
2021-09-29T22:21:15.851784198Z  INFO  2021-09-29 22:21:15,851 [shard 1] compaction - [Compact system.clients 8de937b0-2173-11ec-93df-000000000001] Compacted 8 sstables to [/var/lib/scylla/data/system/clients-ca0f635d863036098d93a1fc06f2a5e5/md-57-big-Data.db:level=0, ]. 83kB to 23kB (~28% of original) in 2128ms = 11kB/s. ~1024 total partitions merged to 1.
2021-09-29T22:21:17.106268212Z  INFO  2021-09-29 22:21:17,105 [shard 1] compaction - [Compact system.clients 90823210-2173-11ec-93df-000000000001] Compacting [/var/lib/scylla/data/system/clients-ca0f635d863036098d93a1fc06f2a5e5/md-61-big-Data.db:level=0, /var/lib/scylla/data/system/clients-ca0f635d863036098d93a1fc06f2a5e5/md-63-big-Data.db:level=0, /var/lib/scylla/data/system/clients-ca0f635d863036098d93a1fc06f2a5e5/md-71-big-Data.db:level=0, /var/lib/scylla/data/system/clients-ca0f635d863036098d93a1fc06f2a5e5/md-69-big-Data.db:level=0, /var/lib/scylla/data/system/clients-ca0f635d863036098d93a1fc06f2a5e5/md-65-big-Data.db:level=0, /var/lib/scylla/data/system/clients-ca0f635d863036098d93a1fc06f2a5e5/md-67-big-Data.db:level=0, /var/lib/scylla/data/system/clients-ca0f635d863036098d93a1fc06f2a5e5/md-57-big-Data.db:level=0, ]
2021-09-29T22:21:18.140345464Z  INFO  2021-09-29 22:21:18,139 [shard 1] compaction - [Compact system.clients 8f2ed710-2173-11ec-93df-000000000001] Compacted 8 sstables to [/var/lib/scylla/data/system/clients-ca0f635d863036098d93a1fc06f2a5e5/md-73-big-Data.db:level=0, ]. 104kB to 33kB (~31% of original) in 2224ms = 14kB/s. ~1024 total partitions merged to 1.
2021-09-29T22:21:19.271820725Z  INFO  2021-09-29 22:21:19,271 [shard 1] compaction - [Compact system.clients 91cc8c60-2173-11ec-93df-000000000001] Compacting [/var/lib/scylla/data/system/clients-ca0f635d863036098d93a1fc06f2a5e5/md-79-big-Data.db:level=0, /var/lib/scylla/data/system/clients-ca0f635d863036098d93a1fc06f2a5e5/md-85-big-Data.db:level=0, /var/lib/scylla/data/system/clients-ca0f635d863036098d93a1fc06f2a5e5/md-75-big-Data.db:level=0, /var/lib/scylla/data/system/clients-ca0f635d863036098d93a1fc06f2a5e5/md-81-big-Data.db:level=0, /var/lib/scylla/data/system/clients-ca0f635d863036098d93a1fc06f2a5e5/md-83-big-Data.db:level=0, /var/lib/scylla/data/system/clients-ca0f635d863036098d93a1fc06f2a5e5/md-77-big-Data.db:level=0, /var/lib/scylla/data/system/clients-ca0f635d863036098d93a1fc06f2a5e5/md-73-big-Data.db:level=0, ]
2021-09-29T22:21:20.073984156Z  INFO  2021-09-29 22:21:20,073 [shard 1] compaction - [Compact system.clients 90823210-2173-11ec-93df-000000000001] Compacted 7 sstables to [/var/lib/scylla/data/system/clients-ca0f635d863036098d93a1fc06f2a5e5/md-87-big-Data.db:level=0, ]. 85kB to 33kB (~39% of original) in 2164ms = 15kB/s. ~896 total partitions merged to 1.
2021-09-29T22:21:20.921008705Z  INFO  2021-09-29 22:21:20,920 [shard 1] compaction - [Compact system.clients 92c85180-2173-11ec-93df-000000000001] Compacting [/var/lib/scylla/data/system/clients-ca0f635d863036098d93a1fc06f2a5e5/md-99-big-Data.db:level=0, /var/lib/scylla/data/system/clients-ca0f635d863036098d93a1fc06f2a5e5/md-95-big-Data.db:level=0, /var/lib/scylla/data/system/clients-ca0f635d863036098d93a1fc06f2a5e5/md-91-big-Data.db:level=0, /var/lib/scylla/data/system/clients-ca0f635d863036098d93a1fc06f2a5e5/md-97-big-Data.db:level=0, /var/lib/scylla/data/system/clients-ca0f635d863036098d93a1fc06f2a5e5/md-103-big-Data.db:level=0, /var/lib/scylla/data/system/clients-ca0f635d863036098d93a1fc06f2a5e5/md-89-big-Data.db:level=0, /var/lib/scylla/data/system/clients-ca0f635d863036098d93a1fc06f2a5e5/md-93-big-Data.db:level=0, /var/lib/scylla/data/system/clients-ca0f635d863036098d93a1fc06f2a5e5/md-87-big-Data.db:level=0, ]
2021-09-29T22:21:21.295340262Z  INFO  2021-09-29 22:21:21,293 [shard 1] compaction - [Compact system.clients 91cc8c60-2173-11ec-93df-000000000001] Compacted 7 sstables to [/var/lib/scylla/data/system/clients-ca0f635d863036098d93a1fc06f2a5e5/md-101-big-Data.db:level=0, ]. 107kB to 47kB (~44% of original) in 1649ms = 28kB/s. ~896 total partitions merged to 1.
2021-09-29T22:21:21.559678543Z  INFO  2021-09-29 22:21:21,557 [shard 1] compaction - [Compact system.clients 93298450-2173-11ec-93df-000000000001] Compacting [/var/lib/scylla/data/system/clients-ca0f635d863036098d93a1fc06f2a5e5/md-107-big-Data.db:level=0, /var/lib/scylla/data/system/clients-ca0f635d863036098d93a1fc06f2a5e5/md-105-big-Data.db:level=0, /var/lib/scylla/data/system/clients-ca0f635d863036098d93a1fc06f2a5e5/md-101-big-Data.db:level=0, ]
2021-09-29T22:21:21.806714824Z  INFO  2021-09-29 22:21:21,805 [shard 1] compaction - [Compact system.clients 92c85180-2173-11ec-93df-000000000001] Compacted 8 sstables to [/var/lib/scylla/data/system/clients-ca0f635d863036098d93a1fc06f2a5e5/md-109-big-Data.db:level=0, ]. 114kB to 48kB (~42% of original) in 637ms = 76kB/s. ~1024 total partitions merged to 1.
2021-09-29T22:21:21.992398417Z  INFO  2021-09-29 22:21:21,991 [shard 1] compaction - [Compact system.compaction_history 936bbd70-2173-11ec-93df-000000000001] Compacting [/var/lib/scylla/data/system/compaction_history-b4dbb7b4dc493fb5b3bfce6e434832ca/md-655-big-Data.db:level=0, /var/lib/scylla/data/system/compaction_history-b4dbb7b4dc493fb5b3bfce6e434832ca/md-653-big-Data.db:level=0, ]
2021-09-29T22:21:22.163025941Z  INFO  2021-09-29 22:21:22,161 [shard 1] compaction - [Compact system.clients 93298450-2173-11ec-93df-000000000001] Compacted 3 sstables to [/var/lib/scylla/data/system/clients-ca0f635d863036098d93a1fc06f2a5e5/md-111-big-Data.db:level=0, ]. 66kB to 49kB (~74% of original) in 433ms = 115kB/s. ~384 total partitions merged to 1.
2021-09-29T22:21:22.424268882Z  INFO  2021-09-29 22:21:22,423 [shard 1] compaction - [Compact system.clients 93ada870-2173-11ec-93df-000000000001] Compacting [/var/lib/scylla/data/system/clients-ca0f635d863036098d93a1fc06f2a5e5/md-109-big-Data.db:level=0, /var/lib/scylla/data/system/clients-ca0f635d863036098d93a1fc06f2a5e5/md-111-big-Data.db:level=0, ]
2021-09-29T22:21:22.576608693Z  INFO  2021-09-29 22:21:22,575 [shard 1] compaction - [Compact system.compaction_history 936bbd70-2173-11ec-93df-000000000001] Compacted 2 sstables to [/var/lib/scylla/data/system/compaction_history-b4dbb7b4dc493fb5b3bfce6e434832ca/md-657-big-Data.db:level=0, ]. 195kB to 135kB (~69% of original) in 432ms = 313kB/s. ~640 total partitions merged to 471.
2021-09-29T22:21:22.609695739Z  INFO  2021-09-29 22:21:22,608 [shard 1] compaction - [Compact system.clients 93ada870-2173-11ec-93df-000000000001] Compacted 2 sstables to []. 98kB to 0 bytes (~0% of original) in 14ms = 0 bytes/s. ~256 total partitions merged to 0.
