22:33:00.145956205
22:33:02.154328660
CONTAINER ID   NAME                                           CPU %     MEM USAGE / LIMIT     MEM %     NET I/O          BLOCK I/O        PIDS
42937e9c0dfb   m10k_client.1.nir060t9gasl2gn0365j771qq        0.00%     1.09MiB / 3.852GiB    0.03%     586B / 0B        0B / 0B          4
3b1fdd13291b   m10k_twin.1.fmoj14t9ls0xsqyi874e02y71          0.00%     1.41MiB / 3.852GiB    0.04%     1.2kB / 731B     0B / 0B          3
3643716cc5ad   m10k_scylla-db.1.0cvb57kydwt9xjgioivd6j1wp     3.35%     160.2MiB / 3.852GiB   4.06%     3.39kB / 1.7kB   7.86MB / 205MB   34
002fa67a905d   m10k_mqtt-broker.1.z89ks2y82gmqor9sb2n4t01eu   0.23%     127.7MiB / 3.852GiB   3.24%     4.07MB / 166kB   0B / 266kB       31
CONTAINER ID   NAME                                           CPU %     MEM USAGE / LIMIT     MEM %     NET I/O          BLOCK I/O        PIDS
42937e9c0dfb   m10k_client.1.nir060t9gasl2gn0365j771qq        0.00%     1.09MiB / 3.852GiB    0.03%     586B / 0B        0B / 0B          4
3b1fdd13291b   m10k_twin.1.fmoj14t9ls0xsqyi874e02y71          0.00%     1.41MiB / 3.852GiB    0.04%     1.2kB / 731B     0B / 0B          3
3643716cc5ad   m10k_scylla-db.1.0cvb57kydwt9xjgioivd6j1wp     4.00%     160.2MiB / 3.852GiB   4.06%     3.39kB / 1.7kB   7.98MB / 205MB   34
002fa67a905d   m10k_mqtt-broker.1.z89ks2y82gmqor9sb2n4t01eu   0.20%     127.7MiB / 3.852GiB   3.24%     4.07MB / 166kB   0B / 266kB       31
22:33:04.163653240
CONTAINER ID   NAME                                           CPU %     MEM USAGE / LIMIT     MEM %     NET I/O          BLOCK I/O     PIDS
42937e9c0dfb   m10k_client.1.nir060t9gasl2gn0365j771qq        0.00%     1.09MiB / 3.852GiB    0.03%     586B / 0B        0B / 0B       4
3b1fdd13291b   m10k_twin.1.fmoj14t9ls0xsqyi874e02y71          0.00%     1.41MiB / 3.852GiB    0.04%     1.2kB / 731B     0B / 0B       3
3643716cc5ad   m10k_scylla-db.1.0cvb57kydwt9xjgioivd6j1wp     3.31%     160.2MiB / 3.852GiB   4.06%     3.39kB / 1.7kB   8MB / 205MB   34
002fa67a905d   m10k_mqtt-broker.1.z89ks2y82gmqor9sb2n4t01eu   0.25%     127.7MiB / 3.852GiB   3.24%     4.07MB / 166kB   0B / 266kB    31
22:33:06.175825583
CONTAINER ID   NAME                                           CPU %     MEM USAGE / LIMIT     MEM %     NET I/O          BLOCK I/O     PIDS
42937e9c0dfb   m10k_client.1.nir060t9gasl2gn0365j771qq        0.00%     1.09MiB / 3.852GiB    0.03%     586B / 0B        0B / 0B       4
3b1fdd13291b   m10k_twin.1.fmoj14t9ls0xsqyi874e02y71          0.00%     1.41MiB / 3.852GiB    0.04%     1.2kB / 731B     0B / 0B       3
3643716cc5ad   m10k_scylla-db.1.0cvb57kydwt9xjgioivd6j1wp     2.34%     160.2MiB / 3.852GiB   4.06%     3.39kB / 1.7kB   8MB / 205MB   34
002fa67a905d   m10k_mqtt-broker.1.z89ks2y82gmqor9sb2n4t01eu   0.23%     127.7MiB / 3.852GiB   3.24%     4.07MB / 166kB   0B / 266kB    31
22:33:08.188289532
CONTAINER ID   NAME                                           CPU %     MEM USAGE / LIMIT     MEM %     NET I/O          BLOCK I/O     PIDS
42937e9c0dfb   m10k_client.1.nir060t9gasl2gn0365j771qq        0.00%     1.09MiB / 3.852GiB    0.03%     656B / 0B        0B / 0B       4
3b1fdd13291b   m10k_twin.1.fmoj14t9ls0xsqyi874e02y71          0.00%     1.41MiB / 3.852GiB    0.04%     1.2kB / 731B     0B / 0B       3
3643716cc5ad   m10k_scylla-db.1.0cvb57kydwt9xjgioivd6j1wp     2.47%     160.2MiB / 3.852GiB   4.06%     3.39kB / 1.7kB   8MB / 205MB   34
002fa67a905d   m10k_mqtt-broker.1.z89ks2y82gmqor9sb2n4t01eu   0.19%     127.7MiB / 3.852GiB   3.24%     4.07MB / 166kB   0B / 266kB    31
22:33:10.200431342
CONTAINER ID   NAME                                           CPU %     MEM USAGE / LIMIT     MEM %     NET I/O          BLOCK I/O     PIDS
42937e9c0dfb   m10k_client.1.nir060t9gasl2gn0365j771qq        0.01%     1.09MiB / 3.852GiB    0.03%     656B / 0B        0B / 0B       4
3b1fdd13291b   m10k_twin.1.fmoj14t9ls0xsqyi874e02y71          0.00%     1.41MiB / 3.852GiB    0.04%     1.2kB / 731B     0B / 0B       3
3643716cc5ad   m10k_scylla-db.1.0cvb57kydwt9xjgioivd6j1wp     3.64%     160.2MiB / 3.852GiB   4.06%     3.39kB / 1.7kB   8MB / 205MB   34
002fa67a905d   m10k_mqtt-broker.1.z89ks2y82gmqor9sb2n4t01eu   0.19%     127.7MiB / 3.852GiB   3.24%     4.07MB / 166kB   0B / 266kB    31
22:33:12.212092809
CONTAINER ID   NAME                                           CPU %     MEM USAGE / LIMIT     MEM %     NET I/O          BLOCK I/O     PIDS
42937e9c0dfb   m10k_client.1.nir060t9gasl2gn0365j771qq        0.00%     1.09MiB / 3.852GiB    0.03%     656B / 0B        0B / 0B       4
3b1fdd13291b   m10k_twin.1.fmoj14t9ls0xsqyi874e02y71          0.00%     1.41MiB / 3.852GiB    0.04%     1.2kB / 731B     0B / 0B       3
3643716cc5ad   m10k_scylla-db.1.0cvb57kydwt9xjgioivd6j1wp     2.41%     160.2MiB / 3.852GiB   4.06%     3.39kB / 1.7kB   8MB / 205MB   34
002fa67a905d   m10k_mqtt-broker.1.z89ks2y82gmqor9sb2n4t01eu   0.25%     127.7MiB / 3.852GiB   3.24%     4.07MB / 166kB   0B / 266kB    31
22:33:14.224172495
CONTAINER ID   NAME                                           CPU %     MEM USAGE / LIMIT     MEM %     NET I/O           BLOCK I/O     PIDS
42937e9c0dfb   m10k_client.1.nir060t9gasl2gn0365j771qq        19.36%    1.77MiB / 3.852GiB    0.04%     23.7kB / 3.47MB   0B / 0B       5
3b1fdd13291b   m10k_twin.1.fmoj14t9ls0xsqyi874e02y71          33.05%    2.125MiB / 3.852GiB   0.05%     757kB / 733kB     0B / 0B       6
3643716cc5ad   m10k_scylla-db.1.0cvb57kydwt9xjgioivd6j1wp     45.01%    160.2MiB / 3.852GiB   4.06%     733kB / 197kB     8MB / 205MB   34
002fa67a905d   m10k_mqtt-broker.1.z89ks2y82gmqor9sb2n4t01eu   16.51%    128MiB / 3.852GiB     3.25%     7.53MB / 749kB    0B / 266kB    31
22:33:16.234485564
CONTAINER ID   NAME                                           CPU %     MEM USAGE / LIMIT     MEM %     NET I/O           BLOCK I/O        PIDS
42937e9c0dfb   m10k_client.1.nir060t9gasl2gn0365j771qq        14.15%    1.672MiB / 3.852GiB   0.04%     67kB / 10.1MB     0B / 0B          5
3b1fdd13291b   m10k_twin.1.fmoj14t9ls0xsqyi874e02y71          37.15%    2.215MiB / 3.852GiB   0.06%     2.32MB / 2.36MB   0B / 0B          6
3643716cc5ad   m10k_scylla-db.1.0cvb57kydwt9xjgioivd6j1wp     56.66%    164.4MiB / 3.852GiB   4.17%     2.35MB / 629kB    8.25MB / 207MB   34
002fa67a905d   m10k_mqtt-broker.1.z89ks2y82gmqor9sb2n4t01eu   11.36%    127.6MiB / 3.852GiB   3.24%     14.1MB / 1.93MB   0B / 266kB       31
22:33:18.246316212
CONTAINER ID   NAME                                           CPU %     MEM USAGE / LIMIT     MEM %     NET I/O           BLOCK I/O        PIDS
42937e9c0dfb   m10k_client.1.nir060t9gasl2gn0365j771qq        0.00%     1.672MiB / 3.852GiB   0.04%     67kB / 10.1MB     0B / 0B          5
3b1fdd13291b   m10k_twin.1.fmoj14t9ls0xsqyi874e02y71          0.00%     2.148MiB / 3.852GiB   0.05%     2.7MB / 2.86MB    0B / 0B          4
3643716cc5ad   m10k_scylla-db.1.0cvb57kydwt9xjgioivd6j1wp     7.02%     164.4MiB / 3.852GiB   4.17%     2.85MB / 761kB    8.55MB / 208MB   34
002fa67a905d   m10k_mqtt-broker.1.z89ks2y82gmqor9sb2n4t01eu   0.24%     127.6MiB / 3.852GiB   3.24%     14.1MB / 2.17MB   0B / 266kB       31
22:33:20.256558332
CONTAINER ID   NAME                                           CPU %     MEM USAGE / LIMIT     MEM %     NET I/O           BLOCK I/O        PIDS
42937e9c0dfb   m10k_client.1.nir060t9gasl2gn0365j771qq        0.00%     1.672MiB / 3.852GiB   0.04%     67kB / 10.1MB     0B / 0B          5
3b1fdd13291b   m10k_twin.1.fmoj14t9ls0xsqyi874e02y71          0.00%     2.117MiB / 3.852GiB   0.05%     2.7MB / 2.86MB    0B / 0B          4
3643716cc5ad   m10k_scylla-db.1.0cvb57kydwt9xjgioivd6j1wp     8.26%     164.2MiB / 3.852GiB   4.16%     2.85MB / 761kB    8.85MB / 208MB   34
002fa67a905d   m10k_mqtt-broker.1.z89ks2y82gmqor9sb2n4t01eu   0.15%     127.6MiB / 3.852GiB   3.24%     14.1MB / 2.17MB   0B / 266kB       31
22:33:22.268179353
CONTAINER ID   NAME                                           CPU %     MEM USAGE / LIMIT     MEM %     NET I/O           BLOCK I/O        PIDS
42937e9c0dfb   m10k_client.1.nir060t9gasl2gn0365j771qq        0.00%     1.672MiB / 3.852GiB   0.04%     67kB / 10.1MB     0B / 0B          5
3b1fdd13291b   m10k_twin.1.fmoj14t9ls0xsqyi874e02y71          0.00%     2.102MiB / 3.852GiB   0.05%     2.7MB / 2.86MB    0B / 0B          4
3643716cc5ad   m10k_scylla-db.1.0cvb57kydwt9xjgioivd6j1wp     2.46%     164.2MiB / 3.852GiB   4.16%     2.85MB / 761kB    8.86MB / 208MB   34
002fa67a905d   m10k_mqtt-broker.1.z89ks2y82gmqor9sb2n4t01eu   0.19%     127.6MiB / 3.852GiB   3.24%     14.1MB / 2.17MB   0B / 266kB       31
22:33:24.278769277
22:33:26.287042927
CONTAINER ID   NAME                                           CPU %     MEM USAGE / LIMIT     MEM %     NET I/O           BLOCK I/O        PIDS
42937e9c0dfb   m10k_client.1.nir060t9gasl2gn0365j771qq        0.00%     1.672MiB / 3.852GiB   0.04%     67kB / 10.1MB     0B / 0B          4
3b1fdd13291b   m10k_twin.1.fmoj14t9ls0xsqyi874e02y71          0.00%     2.102MiB / 3.852GiB   0.05%     2.7MB / 2.86MB    0B / 0B          4
3643716cc5ad   m10k_scylla-db.1.0cvb57kydwt9xjgioivd6j1wp     2.46%     164.2MiB / 3.852GiB   4.16%     2.85MB / 761kB    8.86MB / 208MB   34
002fa67a905d   m10k_mqtt-broker.1.z89ks2y82gmqor9sb2n4t01eu   0.40%     127.6MiB / 3.852GiB   3.24%     14.1MB / 2.17MB   0B / 266kB       31
22:33:28.297613909
CONTAINER ID   NAME                                           CPU %     MEM USAGE / LIMIT     MEM %     NET I/O           BLOCK I/O        PIDS
42937e9c0dfb   m10k_client.1.nir060t9gasl2gn0365j771qq        0.00%     1.672MiB / 3.852GiB   0.04%     67.1kB / 10.1MB   0B / 0B          4
3b1fdd13291b   m10k_twin.1.fmoj14t9ls0xsqyi874e02y71          0.00%     2.102MiB / 3.852GiB   0.05%     2.7MB / 2.86MB    0B / 0B          4
3643716cc5ad   m10k_scylla-db.1.0cvb57kydwt9xjgioivd6j1wp     2.59%     164.2MiB / 3.852GiB   4.16%     2.85MB / 761kB    8.86MB / 208MB   34
002fa67a905d   m10k_mqtt-broker.1.z89ks2y82gmqor9sb2n4t01eu   0.18%     127.6MiB / 3.852GiB   3.24%     14.1MB / 2.17MB   0B / 266kB       31
22:33:30.309771468
CONTAINER ID   NAME                                           CPU %     MEM USAGE / LIMIT     MEM %     NET I/O           BLOCK I/O        PIDS
42937e9c0dfb   m10k_client.1.nir060t9gasl2gn0365j771qq        0.00%     1.672MiB / 3.852GiB   0.04%     67.1kB / 10.1MB   0B / 0B          4
3b1fdd13291b   m10k_twin.1.fmoj14t9ls0xsqyi874e02y71          0.00%     2.086MiB / 3.852GiB   0.05%     2.7MB / 2.86MB    0B / 0B          3
3643716cc5ad   m10k_scylla-db.1.0cvb57kydwt9xjgioivd6j1wp     2.55%     164.2MiB / 3.852GiB   4.16%     2.85MB / 761kB    8.86MB / 208MB   34
002fa67a905d   m10k_mqtt-broker.1.z89ks2y82gmqor9sb2n4t01eu   0.31%     127.6MiB / 3.852GiB   3.24%     14.1MB / 2.17MB   0B / 266kB       31
22:33:32.321239961
CONTAINER ID   NAME                                           CPU %     MEM USAGE / LIMIT     MEM %     NET I/O           BLOCK I/O        PIDS
42937e9c0dfb   m10k_client.1.nir060t9gasl2gn0365j771qq        0.00%     1.672MiB / 3.852GiB   0.04%     67.1kB / 10.1MB   0B / 0B          4
3b1fdd13291b   m10k_twin.1.fmoj14t9ls0xsqyi874e02y71          0.00%     2.086MiB / 3.852GiB   0.05%     2.7MB / 2.86MB    0B / 0B          3
3643716cc5ad   m10k_scylla-db.1.0cvb57kydwt9xjgioivd6j1wp     2.99%     164.2MiB / 3.852GiB   4.16%     2.85MB / 761kB    8.86MB / 208MB   34
002fa67a905d   m10k_mqtt-broker.1.z89ks2y82gmqor9sb2n4t01eu   0.18%     127.6MiB / 3.852GiB   3.24%     14.1MB / 2.17MB   0B / 266kB       31
22:33:34.329748465
CONTAINER ID   NAME                                           CPU %     MEM USAGE / LIMIT     MEM %     NET I/O           BLOCK I/O        PIDS
42937e9c0dfb   m10k_client.1.nir060t9gasl2gn0365j771qq        0.00%     1.672MiB / 3.852GiB   0.04%     67.1kB / 10.1MB   0B / 0B          4
3b1fdd13291b   m10k_twin.1.fmoj14t9ls0xsqyi874e02y71          0.00%     2.086MiB / 3.852GiB   0.05%     2.7MB / 2.86MB    0B / 0B          3
3643716cc5ad   m10k_scylla-db.1.0cvb57kydwt9xjgioivd6j1wp     2.50%     164.2MiB / 3.852GiB   4.16%     2.85MB / 761kB    8.86MB / 208MB   34
002fa67a905d   m10k_mqtt-broker.1.z89ks2y82gmqor9sb2n4t01eu   0.19%     127.6MiB / 3.852GiB   3.24%     14.1MB / 2.17MB   0B / 266kB       31
22:33:36.338100626
CONTAINER ID   NAME                                           CPU %     MEM USAGE / LIMIT     MEM %     NET I/O           BLOCK I/O        PIDS
42937e9c0dfb   m10k_client.1.nir060t9gasl2gn0365j771qq        0.00%     1.672MiB / 3.852GiB   0.04%     67.1kB / 10.1MB   0B / 0B          4
3b1fdd13291b   m10k_twin.1.fmoj14t9ls0xsqyi874e02y71          0.00%     2.086MiB / 3.852GiB   0.05%     2.7MB / 2.86MB    0B / 0B          3
3643716cc5ad   m10k_scylla-db.1.0cvb57kydwt9xjgioivd6j1wp     2.45%     164.2MiB / 3.852GiB   4.16%     2.85MB / 761kB    8.86MB / 208MB   34
002fa67a905d   m10k_mqtt-broker.1.z89ks2y82gmqor9sb2n4t01eu   0.23%     127.6MiB / 3.852GiB   3.24%     14.1MB / 2.17MB   0B / 266kB       31
22:33:38.346917851
CONTAINER ID   NAME                                           CPU %     MEM USAGE / LIMIT     MEM %     NET I/O           BLOCK I/O        PIDS
42937e9c0dfb   m10k_client.1.nir060t9gasl2gn0365j771qq        0.00%     1.672MiB / 3.852GiB   0.04%     67.1kB / 10.1MB   0B / 0B          4
3b1fdd13291b   m10k_twin.1.fmoj14t9ls0xsqyi874e02y71          0.00%     2.086MiB / 3.852GiB   0.05%     2.7MB / 2.86MB    0B / 0B          3
3643716cc5ad   m10k_scylla-db.1.0cvb57kydwt9xjgioivd6j1wp     2.40%     164.2MiB / 3.852GiB   4.16%     2.85MB / 761kB    8.86MB / 208MB   34
002fa67a905d   m10k_mqtt-broker.1.z89ks2y82gmqor9sb2n4t01eu   0.30%     127.6MiB / 3.852GiB   3.24%     14.1MB / 2.17MB   0B / 266kB       31
22:33:40.357075391
CONTAINER ID   NAME                                           CPU %     MEM USAGE / LIMIT     MEM %     NET I/O           BLOCK I/O        PIDS
42937e9c0dfb   m10k_client.1.nir060t9gasl2gn0365j771qq        0.00%     1.672MiB / 3.852GiB   0.04%     67.1kB / 10.1MB   0B / 0B          4
3b1fdd13291b   m10k_twin.1.fmoj14t9ls0xsqyi874e02y71          0.00%     2.086MiB / 3.852GiB   0.05%     2.7MB / 2.86MB    0B / 0B          3
3643716cc5ad   m10k_scylla-db.1.0cvb57kydwt9xjgioivd6j1wp     2.48%     164.2MiB / 3.852GiB   4.16%     2.85MB / 761kB    8.86MB / 208MB   34
002fa67a905d   m10k_mqtt-broker.1.z89ks2y82gmqor9sb2n4t01eu   0.15%     127.6MiB / 3.852GiB   3.24%     14.1MB / 2.17MB   0B / 266kB       31
CONTAINER ID   NAME                                           CPU %     MEM USAGE / LIMIT     MEM %     NET I/O           BLOCK I/O        PIDS
42937e9c0dfb   m10k_client.1.nir060t9gasl2gn0365j771qq        0.00%     1.672MiB / 3.852GiB   0.04%     67.1kB / 10.1MB   0B / 0B          4
3b1fdd13291b   m10k_twin.1.fmoj14t9ls0xsqyi874e02y71          0.00%     2.086MiB / 3.852GiB   0.05%     2.7MB / 2.86MB    0B / 0B          3
3643716cc5ad   m10k_scylla-db.1.0cvb57kydwt9xjgioivd6j1wp     3.01%     164.2MiB / 3.852GiB   4.16%     2.85MB / 761kB    8.86MB / 208MB   34
002fa67a905d   m10k_mqtt-broker.1.z89ks2y82gmqor9sb2n4t01eu   0.17%     127.6MiB / 3.852GiB   3.24%     14.1MB / 2.17MB   0B / 266kB       31
