22:25:24.869507790
22:25:26.880440043
CONTAINER ID   NAME                                           CPU %     MEM USAGE / LIMIT     MEM %     NET I/O           BLOCK I/O        PIDS
345936f113a2   ms1k_client.1.zuuszfje4dgiusv5j6m5rg4pb        0.00%     1.141MiB / 3.852GiB   0.03%     586B / 0B         0B / 0B          4
422c484902d3   ms1k_twin.1.kda6b2o0f3rmz8ayzmuosh5pw          0.00%     1.457MiB / 3.852GiB   0.04%     1.16kB / 689B     0B / 0B          3
ebbfb54f4620   ms1k_scylla-db.1.krzy9o9otu6gk6a0j5tq011yf     2.21%     160.3MiB / 3.852GiB   4.06%     5.49kB / 3.32kB   7.75MB / 205MB   34
f256ccc408e8   ms1k_mqtt-broker.1.euoe26otnx58cjwwf1af1toqo   0.24%     125.2MiB / 3.852GiB   3.17%     1.09MB / 114kB    0B / 266kB       31
CONTAINER ID   NAME                                           CPU %     MEM USAGE / LIMIT     MEM %     NET I/O           BLOCK I/O        PIDS
345936f113a2   ms1k_client.1.zuuszfje4dgiusv5j6m5rg4pb        0.00%     1.141MiB / 3.852GiB   0.03%     586B / 0B         0B / 0B          4
422c484902d3   ms1k_twin.1.kda6b2o0f3rmz8ayzmuosh5pw          0.00%     1.457MiB / 3.852GiB   0.04%     1.16kB / 689B     0B / 0B          3
ebbfb54f4620   ms1k_scylla-db.1.krzy9o9otu6gk6a0j5tq011yf     8.50%     160.3MiB / 3.852GiB   4.06%     5.49kB / 3.32kB   7.84MB / 205MB   34
f256ccc408e8   ms1k_mqtt-broker.1.euoe26otnx58cjwwf1af1toqo   0.24%     125.2MiB / 3.852GiB   3.17%     1.09MB / 114kB    0B / 266kB       31
22:25:28.892403563
CONTAINER ID   NAME                                           CPU %     MEM USAGE / LIMIT     MEM %     NET I/O           BLOCK I/O        PIDS
345936f113a2   ms1k_client.1.zuuszfje4dgiusv5j6m5rg4pb        0.00%     1.141MiB / 3.852GiB   0.03%     586B / 0B         0B / 0B          4
422c484902d3   ms1k_twin.1.kda6b2o0f3rmz8ayzmuosh5pw          0.00%     1.457MiB / 3.852GiB   0.04%     1.24kB / 773B     0B / 0B          3
ebbfb54f4620   ms1k_scylla-db.1.krzy9o9otu6gk6a0j5tq011yf     3.02%     160.3MiB / 3.852GiB   4.06%     5.49kB / 3.32kB   7.84MB / 205MB   34
f256ccc408e8   ms1k_mqtt-broker.1.euoe26otnx58cjwwf1af1toqo   0.26%     125.2MiB / 3.852GiB   3.17%     1.09MB / 114kB    0B / 266kB       31
22:25:30.904816460
CONTAINER ID   NAME                                           CPU %     MEM USAGE / LIMIT     MEM %     NET I/O           BLOCK I/O        PIDS
345936f113a2   ms1k_client.1.zuuszfje4dgiusv5j6m5rg4pb        0.00%     1.141MiB / 3.852GiB   0.03%     586B / 0B         0B / 0B          4
422c484902d3   ms1k_twin.1.kda6b2o0f3rmz8ayzmuosh5pw          0.00%     1.457MiB / 3.852GiB   0.04%     1.24kB / 773B     0B / 0B          3
ebbfb54f4620   ms1k_scylla-db.1.krzy9o9otu6gk6a0j5tq011yf     2.73%     160.3MiB / 3.852GiB   4.06%     5.49kB / 3.32kB   7.86MB / 205MB   34
f256ccc408e8   ms1k_mqtt-broker.1.euoe26otnx58cjwwf1af1toqo   0.24%     125.2MiB / 3.852GiB   3.17%     1.09MB / 114kB    0B / 266kB       31
22:25:32.917623716
CONTAINER ID   NAME                                           CPU %     MEM USAGE / LIMIT     MEM %     NET I/O           BLOCK I/O        PIDS
345936f113a2   ms1k_client.1.zuuszfje4dgiusv5j6m5rg4pb        0.00%     1.141MiB / 3.852GiB   0.03%     656B / 0B         0B / 0B          4
422c484902d3   ms1k_twin.1.kda6b2o0f3rmz8ayzmuosh5pw          0.00%     1.457MiB / 3.852GiB   0.04%     1.24kB / 773B     0B / 0B          3
ebbfb54f4620   ms1k_scylla-db.1.krzy9o9otu6gk6a0j5tq011yf     2.59%     160.3MiB / 3.852GiB   4.06%     5.49kB / 3.32kB   7.86MB / 205MB   34
f256ccc408e8   ms1k_mqtt-broker.1.euoe26otnx58cjwwf1af1toqo   0.25%     125.2MiB / 3.852GiB   3.17%     1.09MB / 114kB    0B / 266kB       31
22:25:34.930227415
CONTAINER ID   NAME                                           CPU %     MEM USAGE / LIMIT     MEM %     NET I/O           BLOCK I/O        PIDS
345936f113a2   ms1k_client.1.zuuszfje4dgiusv5j6m5rg4pb        0.01%     1.141MiB / 3.852GiB   0.03%     656B / 0B         0B / 0B          4
422c484902d3   ms1k_twin.1.kda6b2o0f3rmz8ayzmuosh5pw          0.00%     1.457MiB / 3.852GiB   0.04%     1.24kB / 773B     0B / 0B          3
ebbfb54f4620   ms1k_scylla-db.1.krzy9o9otu6gk6a0j5tq011yf     2.52%     160.3MiB / 3.852GiB   4.06%     5.49kB / 3.32kB   7.86MB / 205MB   34
f256ccc408e8   ms1k_mqtt-broker.1.euoe26otnx58cjwwf1af1toqo   0.26%     125.2MiB / 3.852GiB   3.17%     1.09MB / 114kB    0B / 266kB       31
22:25:36.942327407
CONTAINER ID   NAME                                           CPU %     MEM USAGE / LIMIT     MEM %     NET I/O           BLOCK I/O        PIDS
345936f113a2   ms1k_client.1.zuuszfje4dgiusv5j6m5rg4pb        0.00%     1.141MiB / 3.852GiB   0.03%     656B / 0B         0B / 0B          4
422c484902d3   ms1k_twin.1.kda6b2o0f3rmz8ayzmuosh5pw          0.00%     1.457MiB / 3.852GiB   0.04%     1.24kB / 773B     0B / 0B          3
ebbfb54f4620   ms1k_scylla-db.1.krzy9o9otu6gk6a0j5tq011yf     2.59%     160.3MiB / 3.852GiB   4.06%     5.49kB / 3.32kB   7.86MB / 205MB   34
f256ccc408e8   ms1k_mqtt-broker.1.euoe26otnx58cjwwf1af1toqo   0.50%     125.2MiB / 3.852GiB   3.17%     1.09MB / 114kB    0B / 266kB       31
22:25:38.952763918
CONTAINER ID   NAME                                           CPU %     MEM USAGE / LIMIT     MEM %     NET I/O          BLOCK I/O        PIDS
345936f113a2   ms1k_client.1.zuuszfje4dgiusv5j6m5rg4pb        16.47%    1.672MiB / 3.852GiB   0.04%     23.4kB / 347kB   0B / 0B          5
422c484902d3   ms1k_twin.1.kda6b2o0f3rmz8ayzmuosh5pw          35.76%    2.145MiB / 3.852GiB   0.05%     318kB / 324kB    0B / 0B          6
ebbfb54f4620   ms1k_scylla-db.1.krzy9o9otu6gk6a0j5tq011yf     48.57%    160.3MiB / 3.852GiB   4.06%     324kB / 217kB    7.86MB / 206MB   34
f256ccc408e8   ms1k_mqtt-broker.1.euoe26otnx58cjwwf1af1toqo   11.81%    125.6MiB / 3.852GiB   3.18%     1.44MB / 239kB   0B / 266kB       31
22:25:40.964322279
CONTAINER ID   NAME                                           CPU %     MEM USAGE / LIMIT     MEM %     NET I/O          BLOCK I/O        PIDS
345936f113a2   ms1k_client.1.zuuszfje4dgiusv5j6m5rg4pb        16.95%    1.691MiB / 3.852GiB   0.04%     71kB / 1.08MB    0B / 0B          5
422c484902d3   ms1k_twin.1.kda6b2o0f3rmz8ayzmuosh5pw          34.99%    2.211MiB / 3.852GiB   0.06%     875kB / 975kB    0B / 0B          6
ebbfb54f4620   ms1k_scylla-db.1.krzy9o9otu6gk6a0j5tq011yf     51.14%    162.4MiB / 3.852GiB   4.12%     968kB / 650kB    8.04MB / 207MB   34
f256ccc408e8   ms1k_mqtt-broker.1.euoe26otnx58cjwwf1af1toqo   12.95%    127.9MiB / 3.852GiB   3.24%     2.18MB / 410kB   0B / 266kB       31
22:25:42.976509223
CONTAINER ID   NAME                                           CPU %     MEM USAGE / LIMIT     MEM %     NET I/O           BLOCK I/O       PIDS
345936f113a2   ms1k_client.1.zuuszfje4dgiusv5j6m5rg4pb        0.00%     1.691MiB / 3.852GiB   0.04%     71kB / 1.08MB     0B / 0B         5
422c484902d3   ms1k_twin.1.kda6b2o0f3rmz8ayzmuosh5pw          48.23%    2.262MiB / 3.852GiB   0.06%     1.64MB / 1.86MB   0B / 0B         6
ebbfb54f4620   ms1k_scylla-db.1.krzy9o9otu6gk6a0j5tq011yf     70.38%    166.5MiB / 3.852GiB   4.22%     1.85MB / 1.24MB   8.3MB / 209MB   34
f256ccc408e8   ms1k_mqtt-broker.1.euoe26otnx58cjwwf1af1toqo   1.35%     128MiB / 3.852GiB     3.25%     2.19MB / 581kB    0B / 266kB      31
22:25:44.991398459
CONTAINER ID   NAME                                           CPU %     MEM USAGE / LIMIT     MEM %     NET I/O           BLOCK I/O        PIDS
345936f113a2   ms1k_client.1.zuuszfje4dgiusv5j6m5rg4pb        0.00%     1.691MiB / 3.852GiB   0.04%     71kB / 1.08MB     0B / 0B          5
422c484902d3   ms1k_twin.1.kda6b2o0f3rmz8ayzmuosh5pw          45.49%    2.277MiB / 3.852GiB   0.06%     2.38MB / 2.73MB   0B / 0B          8
ebbfb54f4620   ms1k_scylla-db.1.krzy9o9otu6gk6a0j5tq011yf     67.99%    170.6MiB / 3.852GiB   4.32%     2.71MB / 1.82MB   8.65MB / 211MB   34
f256ccc408e8   ms1k_mqtt-broker.1.euoe26otnx58cjwwf1af1toqo   1.46%     127.2MiB / 3.852GiB   3.22%     2.2MB / 750kB     0B / 266kB       31
22:25:47.000537916
CONTAINER ID   NAME                                           CPU %     MEM USAGE / LIMIT     MEM %     NET I/O          BLOCK I/O        PIDS
345936f113a2   ms1k_client.1.zuuszfje4dgiusv5j6m5rg4pb        0.00%     1.691MiB / 3.852GiB   0.04%     71kB / 1.08MB    0B / 0B          5
422c484902d3   ms1k_twin.1.kda6b2o0f3rmz8ayzmuosh5pw          48.71%    2.254MiB / 3.852GiB   0.06%     3.13MB / 3.6MB   0B / 0B          6
ebbfb54f4620   ms1k_scylla-db.1.krzy9o9otu6gk6a0j5tq011yf     70.92%    172.7MiB / 3.852GiB   4.38%     3.57MB / 2.4MB   8.93MB / 213MB   34
f256ccc408e8   ms1k_mqtt-broker.1.euoe26otnx58cjwwf1af1toqo   1.53%     126.8MiB / 3.852GiB   3.21%     2.21MB / 920kB   0B / 266kB       31
22:25:49.007788553
CONTAINER ID   NAME                                           CPU %     MEM USAGE / LIMIT     MEM %     NET I/O           BLOCK I/O        PIDS
345936f113a2   ms1k_client.1.zuuszfje4dgiusv5j6m5rg4pb        0.00%     1.691MiB / 3.852GiB   0.04%     71kB / 1.08MB     0B / 0B          4
422c484902d3   ms1k_twin.1.kda6b2o0f3rmz8ayzmuosh5pw          45.39%    2.34MiB / 3.852GiB    0.06%     3.83MB / 4.41MB   0B / 0B          6
ebbfb54f4620   ms1k_scylla-db.1.krzy9o9otu6gk6a0j5tq011yf     64.68%    176.7MiB / 3.852GiB   4.48%     4.37MB / 2.93MB   9.27MB / 215MB   34
f256ccc408e8   ms1k_mqtt-broker.1.euoe26otnx58cjwwf1af1toqo   1.12%     126.7MiB / 3.852GiB   3.21%     2.22MB / 1.08MB   0B / 266kB       31
22:25:51.016595859
22:25:53.023990034
CONTAINER ID   NAME                                           CPU %     MEM USAGE / LIMIT     MEM %     NET I/O           BLOCK I/O        PIDS
345936f113a2   ms1k_client.1.zuuszfje4dgiusv5j6m5rg4pb        0.00%     1.691MiB / 3.852GiB   0.04%     71kB / 1.08MB     0B / 0B          4
422c484902d3   ms1k_twin.1.kda6b2o0f3rmz8ayzmuosh5pw          49.54%    2.227MiB / 3.852GiB   0.06%     4.57MB / 5.27MB   0B / 0B          6
ebbfb54f4620   ms1k_scylla-db.1.krzy9o9otu6gk6a0j5tq011yf     72.12%    178.7MiB / 3.852GiB   4.53%     5.23MB / 3.51MB   9.67MB / 217MB   34
f256ccc408e8   ms1k_mqtt-broker.1.euoe26otnx58cjwwf1af1toqo   1.18%     126.7MiB / 3.852GiB   3.21%     2.23MB / 1.25MB   0B / 266kB       31
22:25:55.031811487
CONTAINER ID   NAME                                           CPU %     MEM USAGE / LIMIT     MEM %     NET I/O           BLOCK I/O      PIDS
345936f113a2   ms1k_client.1.zuuszfje4dgiusv5j6m5rg4pb        0.00%     1.691MiB / 3.852GiB   0.04%     71kB / 1.08MB     0B / 0B        4
422c484902d3   ms1k_twin.1.kda6b2o0f3rmz8ayzmuosh5pw          15.47%    2.188MiB / 3.852GiB   0.06%     5.02MB / 5.84MB   0B / 0B        3
ebbfb54f4620   ms1k_scylla-db.1.krzy9o9otu6gk6a0j5tq011yf     28.63%    180.8MiB / 3.852GiB   4.58%     5.79MB / 3.89MB   10MB / 219MB   34
f256ccc408e8   ms1k_mqtt-broker.1.euoe26otnx58cjwwf1af1toqo   0.41%     126.6MiB / 3.852GiB   3.21%     2.23MB / 1.31MB   0B / 266kB     31
22:25:57.041196242
CONTAINER ID   NAME                                           CPU %     MEM USAGE / LIMIT     MEM %     NET I/O           BLOCK I/O        PIDS
345936f113a2   ms1k_client.1.zuuszfje4dgiusv5j6m5rg4pb        0.00%     1.691MiB / 3.852GiB   0.04%     71kB / 1.08MB     0B / 0B          4
422c484902d3   ms1k_twin.1.kda6b2o0f3rmz8ayzmuosh5pw          0.00%     2.094MiB / 3.852GiB   0.05%     5.02MB / 5.84MB   0B / 0B          3
ebbfb54f4620   ms1k_scylla-db.1.krzy9o9otu6gk6a0j5tq011yf     10.81%    180.8MiB / 3.852GiB   4.58%     5.79MB / 3.89MB   10.5MB / 219MB   34
f256ccc408e8   ms1k_mqtt-broker.1.euoe26otnx58cjwwf1af1toqo   0.37%     126.6MiB / 3.852GiB   3.21%     2.23MB / 1.31MB   0B / 266kB       31
22:25:59.050424327
CONTAINER ID   NAME                                           CPU %     MEM USAGE / LIMIT     MEM %     NET I/O           BLOCK I/O        PIDS
345936f113a2   ms1k_client.1.zuuszfje4dgiusv5j6m5rg4pb        0.00%     1.691MiB / 3.852GiB   0.04%     71kB / 1.08MB     0B / 0B          4
422c484902d3   ms1k_twin.1.kda6b2o0f3rmz8ayzmuosh5pw          0.00%     2.094MiB / 3.852GiB   0.05%     5.02MB / 5.84MB   0B / 0B          3
ebbfb54f4620   ms1k_scylla-db.1.krzy9o9otu6gk6a0j5tq011yf     2.72%     180.8MiB / 3.852GiB   4.58%     5.79MB / 3.89MB   10.6MB / 219MB   34
f256ccc408e8   ms1k_mqtt-broker.1.euoe26otnx58cjwwf1af1toqo   0.24%     126.6MiB / 3.852GiB   3.21%     2.23MB / 1.31MB   0B / 266kB       31
22:26:01.062124640
CONTAINER ID   NAME                                           CPU %     MEM USAGE / LIMIT     MEM %     NET I/O           BLOCK I/O        PIDS
345936f113a2   ms1k_client.1.zuuszfje4dgiusv5j6m5rg4pb        0.00%     1.691MiB / 3.852GiB   0.04%     71kB / 1.08MB     0B / 0B          4
422c484902d3   ms1k_twin.1.kda6b2o0f3rmz8ayzmuosh5pw          0.00%     2.094MiB / 3.852GiB   0.05%     5.02MB / 5.84MB   0B / 0B          3
ebbfb54f4620   ms1k_scylla-db.1.krzy9o9otu6gk6a0j5tq011yf     2.72%     180.8MiB / 3.852GiB   4.58%     5.79MB / 3.89MB   10.6MB / 219MB   34
f256ccc408e8   ms1k_mqtt-broker.1.euoe26otnx58cjwwf1af1toqo   0.20%     126.6MiB / 3.852GiB   3.21%     2.23MB / 1.31MB   0B / 266kB       31
22:26:03.071911627
CONTAINER ID   NAME                                           CPU %     MEM USAGE / LIMIT     MEM %     NET I/O           BLOCK I/O        PIDS
345936f113a2   ms1k_client.1.zuuszfje4dgiusv5j6m5rg4pb        0.00%     1.691MiB / 3.852GiB   0.04%     71kB / 1.08MB     0B / 0B          4
422c484902d3   ms1k_twin.1.kda6b2o0f3rmz8ayzmuosh5pw          0.00%     2.094MiB / 3.852GiB   0.05%     5.02MB / 5.84MB   0B / 0B          3
ebbfb54f4620   ms1k_scylla-db.1.krzy9o9otu6gk6a0j5tq011yf     3.06%     180.8MiB / 3.852GiB   4.58%     5.79MB / 3.89MB   10.6MB / 219MB   34
f256ccc408e8   ms1k_mqtt-broker.1.euoe26otnx58cjwwf1af1toqo   0.33%     126.6MiB / 3.852GiB   3.21%     2.23MB / 1.31MB   0B / 266kB       31
22:26:05.082506374
CONTAINER ID   NAME                                           CPU %     MEM USAGE / LIMIT     MEM %     NET I/O           BLOCK I/O        PIDS
345936f113a2   ms1k_client.1.zuuszfje4dgiusv5j6m5rg4pb        0.00%     1.691MiB / 3.852GiB   0.04%     71kB / 1.08MB     0B / 0B          4
422c484902d3   ms1k_twin.1.kda6b2o0f3rmz8ayzmuosh5pw          0.00%     2.094MiB / 3.852GiB   0.05%     5.02MB / 5.84MB   0B / 0B          3
ebbfb54f4620   ms1k_scylla-db.1.krzy9o9otu6gk6a0j5tq011yf     2.26%     180.8MiB / 3.852GiB   4.58%     5.79MB / 3.89MB   10.6MB / 219MB   34
f256ccc408e8   ms1k_mqtt-broker.1.euoe26otnx58cjwwf1af1toqo   0.24%     126.6MiB / 3.852GiB   3.21%     2.23MB / 1.31MB   0B / 266kB       31
CONTAINER ID   NAME                                           CPU %     MEM USAGE / LIMIT     MEM %     NET I/O           BLOCK I/O        PIDS
345936f113a2   ms1k_client.1.zuuszfje4dgiusv5j6m5rg4pb        0.00%     1.691MiB / 3.852GiB   0.04%     71kB / 1.08MB     0B / 0B          4
422c484902d3   ms1k_twin.1.kda6b2o0f3rmz8ayzmuosh5pw          0.00%     2.094MiB / 3.852GiB   0.05%     5.02MB / 5.84MB   0B / 0B          3
ebbfb54f4620   ms1k_scylla-db.1.krzy9o9otu6gk6a0j5tq011yf     2.43%     180.8MiB / 3.852GiB   4.58%     5.79MB / 3.89MB   10.6MB / 219MB   34
f256ccc408e8   ms1k_mqtt-broker.1.euoe26otnx58cjwwf1af1toqo   0.37%     126.6MiB / 3.852GiB   3.21%     2.23MB / 1.31MB   0B / 266kB       31
