2021-09-29T21:38:56.778929028Z 0 ppszGJT0JrHgtWjINFCl3Uv8DoVIoP9xibMErn2NPW0U05ukjVQHMsbfDAhnoD
2021-09-29T21:38:56.780536309Z 1 eiJc7oS5P4ZtUG0bNzFNMtIPDnUra0rjfAdO87DAAP9qkoJUp3HYqFIcntEACC
2021-09-29T21:38:56.782919563Z 2 myCwBpYTe3Wpm3xJ55mqPiRMxU6xYDGWq7TT1gvI6QZQZypBcDw80Gw78eByJg
2021-09-29T21:38:56.784585495Z 3 8LTva64SgsHyvRvgcxUXKhuwsGeuVFQWl11FAUZAPM27oG0BvZOmlXOJTOKVy0
2021-09-29T21:38:56.786129685Z 4 sA0m8046jUK0ACPOad1MoU8Lh9CSfC2fZtZn1rHHApHgxcvRK9xxaJhIUZDJbJ
2021-09-29T21:38:56.788580850Z 5 HYFUvKAeXHlIAM7uNLxsbzusxHOU794xZEhQIyFPBs1FZOZHbud4GqwNYRrpr7
2021-09-29T21:38:56.790488808Z 6 Ba5S2acjMI3fRuWV6YpndkVE1pixfu4qUJVlEL2rlhIinICTh4PUO0oFtvhvS6
2021-09-29T21:38:56.793111019Z 7 ABN1RHnBENKrdiM5zJn5RPmSdOfxM2JAvZlfMISKBRmnZt3itCdKN2OSBXd45f
2021-09-29T21:38:56.795982307Z 8 qfsXUlE7zscyZ8OTv4237J7PzV5wetBnWN0ETRLlg4erFFrvnOJfAbYdDTK2Zf
2021-09-29T21:38:56.798708735Z 9 qsTIH1yPgQ14kdoqdaBdrtyWvlTiQjwST4klOc71YE8VDj6fvlHqXLR1OC16LT
2021-09-29T21:38:56.801006261Z 10 jKZPA2CratQn6qkDBcaJnAaTT5YdevD3LiQy4320hCCzvGSCRrUco3DVsQlXr
2021-09-29T21:38:56.803845918Z 11 4hvQNGlFuKAMvTiNK76Hwx8zU5k3QH1qSNwtRJImnCQIjzaXUtvW7lKfvdhFz
2021-09-29T21:38:56.806365349Z 12 3cKdjvTrSqEdcunalgcEiA6a4S6GZ3Ru2DcR5weIO2OFwnYvZilmKrnJpKo9c
2021-09-29T21:38:56.809063112Z 13 DG1QrcPMaLhnqVhPwfwfT3Ed0f7ZpdupO0wtCtKppAtYlswnFH3WSXUFiBQkZ
2021-09-29T21:38:56.812046628Z 14 Qvg603HbMG68tAvRF8FkRFOlgEdQTkyb0udzZCaC3UMb1qHpGPO2NieOJCHah
2021-09-29T21:38:56.814681918Z 15 3FLNKsyDLEN8vKsEISPkkqJHtLiDovZzKxaM4k5jr7yOnbnC0XHYjZNEBpk6O
2021-09-29T21:38:56.816382205Z 16 H14lCR8S9sEyNNVcx5oEIfLfvjWYyC39YPwg9jV1yqe8yrUvcJQPpJEADFOB0
2021-09-29T21:38:56.818369456Z 17 d2VRmS1A5hnC6Md0KqofzE2mJY90lB4ykgjxnQWI465mPCTwH1oJL5l8DvQy5
2021-09-29T21:38:56.820456602Z 18 teg8hzmbpsuxAYIGc9DvjRnVDGTO8xvjDX5tV6HVHAsgsuptWYpvUzR5Issgp
2021-09-29T21:38:56.822397981Z 19 M2o9EC7hM4Wv6h0UZeqBYpmui9RxgM9HOZIMDkpA7UeUEtQLUp9hqu3Cn6xpI
2021-09-29T21:38:56.824291774Z 20 QW0jvZWcNXj3eAhUZuwM3w4406ojt0kdPD9RhasYAY93r3qPHjoWnV7TqXdTO
2021-09-29T21:38:56.826735818Z 21 Iw3m0bx0TsCu8aZvgiz9UlaXT5T6XqXxjmBmTdEq8OsQoJZeEMMwQACLv4wan
2021-09-29T21:38:56.829304374Z 22 iGFvqACUyL8sKPTdyhGPHUTycJKw67HnmnPTYSWznGYP4Pjih9Y2meU1OaEsd
2021-09-29T21:38:56.831416702Z 23 dETD8KFXC4s4u6O5tysTrzp6ejTD3Dt29UIUZyPRLriNUAiKnTxD4baHV4SFL
2021-09-29T21:38:56.833958716Z 24 Wej4PUVG9xC4u7DtXXnEfAwyFWSdtH87N1Fg0ABqISQZpp2oilcIYUdGLpau4
2021-09-29T21:38:56.836740518Z 25 O3QjC21dG7KwTu7anp9hWsJCFGdblcsyf6yUl8KWyVBEJaXXYqFQo9SbXWJz3
2021-09-29T21:38:56.839498057Z 26 Crsbr21TaZ6nxh22Pqp6LntzCCjPX6Lo96N8kkqjkrOvssJZ0f3YqTY2HGgtT
2021-09-29T21:38:56.841243406Z 27 ilLMYALDCBUNeyTpDxq7QuglRg3YnYQAY0NCRN36tzb5K27Fo1yjXXLKURPR9
2021-09-29T21:38:56.843013459Z 28 KropvI4vGn1aT95BC6f06fb3XIApI9Y8WFXpWnK16iLnGnFXpNfBMVv9B2Vyh
2021-09-29T21:38:56.845952718Z 29 5ntqNsbxO9cEGUERJgYh4pT0FQ579qn2DWXKCxch3sJN0GCpYgLMyiRLfmRxj
2021-09-29T21:38:56.849031469Z 30 Scjrxy4fjBy6Jgq9Q7NQxECqtluH05ZoWVuhGrqjF2zSL8fpv7m4y4yEi7vdV
2021-09-29T21:38:56.851135023Z 31 aSxMcIw1Bo3o8HCob5FXSJ8UjWlf4dqdutKXKHW6rSLfsGyT6iqjskscIvesH
2021-09-29T21:38:56.853079851Z 32 mAWELDMZWiZm9t0BMFfEAY5UaMVy7qFeHPCOwaCkI8FmGyTkYybathtJikKKh
2021-09-29T21:38:56.855045442Z 33 eVQP33bPiHXcICmtGIhKuv9SeWQNj5XerNVu4pBQ54ykK0TL42pHgwOG3dlWy
2021-09-29T21:38:56.858182535Z 34 ezLK6FJI499RffXXRLA78ID71gDKPMBak0YozdYTVcfOuvk1QlWehUzNzRzLl
2021-09-29T21:38:56.859992204Z 35 Ja2iSV6fJmSuDDfha3WR6lGuGdsTIvZroVgomTu1gV1wfWUmqj47Wk1cq9fZy
2021-09-29T21:38:56.863094010Z 36 VfnUHFjVjs1YuqySJD3uKcwjUWOsPfPbqBVpU9n2wcyujrLte4JJ73clo3e6U
2021-09-29T21:38:56.867192073Z 37 cWl94m4r4mKtyRZM3zWnpzXtyeIoPaPwL7TBeJfNaU8ICV4of0kBDy7Ur5jdp
2021-09-29T21:38:56.869081818Z 38 pqjGo4el3uvLLNKdcTFnipryCZiiqAeyTfZl2xHoZtHMUdhRdxsSr8FdftHsC
2021-09-29T21:38:56.871138465Z 39 blez9Hfr3NrO0YEMSD4WnncFyhtJOI68m5QQj09RO9rGsWIqx7yAMh7GIzH8T
2021-09-29T21:38:56.873270327Z 40 J6t7ezBWO3ZbheF5YoWyL8YTjjiRGK5tMJ6nUHgNp7zxU0U1flp60Khgw46nr
2021-09-29T21:38:56.876102354Z 41 PS1aeURUb70JKiu7Uoyb5yuJ0BWBMGeDQnH1dKmQtKQx5QnFRRb75KFHRWowm
2021-09-29T21:38:56.878019430Z 42 Y3PH042pgFrMwwpRKHkgcjRUOWaah9uo41wbeRsFC7dautCCXyDpdckfopsZf
2021-09-29T21:38:56.880090092Z 43 qCYi5jbYleUx26JPmf9b7MoJKQdrE6eEY4qxYspm8CjhU5yS9kGeEVdjguZSa
2021-09-29T21:38:56.882085782Z 44 EbdbqJpzIAfqBsDYKZ166DMXKQ6QqnZA61mT4TLooMKTdXgrhipk1rDGScZmj
2021-09-29T21:38:56.883997880Z 45 N2FIQfIsxTbKGyq49BIPCIXp7qptdV45X5nh0jekp7j70GqGtAitJWWjKWKLR
2021-09-29T21:38:56.885917911Z 46 yNT4APOfb43FhLKfHIgT4z5INbPNhtdZWYZce8QXoAYtYuQXXRLlPO13IgnBc
2021-09-29T21:38:56.888335249Z 47 mkS9XNxLxiOnuPimibpoZ538WhwHhB2GeCPvtOL4mu6Z3LDQn610foawFWTL9
2021-09-29T21:38:56.890708217Z 48 d9S507xPCpQffdu1Yh69mU68oDE2nxWp9DV2AN4DGMnlusx4cLtV76koisfvv
2021-09-29T21:38:56.892162556Z 49 Z8WJuCbkacjXvo5nVl0W6pDjZuqYYC78mEziRydcy9jt2j9FZ4eb2nEbLR4rq
2021-09-29T21:38:56.895059964Z 50 3TkPlSnUCg3Cn3KhtLXdRpcZQQLLPMkDw6kA5ngo7qrhaPNvetAaAeovrbzLz
2021-09-29T21:38:56.897114471Z 51 kqjlDsdGhvouls21ji63sLSi2BqnRZnZLyeM9P89378PxZYpdTaOhoeXac82V
2021-09-29T21:38:56.898916445Z 52 JZ7BobqhISQSEcsUOxuGlMTFPQ05pRdjosOKh0t5yylq0MIcz77TFTaF0xnBs
2021-09-29T21:38:56.901888381Z 53 7fJleTzweWFbWRvNkJfM781sZB6WTTtCds6yXeUMHd9VWgAkNtZNXOdQKjjZL
2021-09-29T21:38:56.904923533Z 54 Mlub1yaLZ2Ipwdf4iMprrfCRWsVxNHJnpDNvPoiMUPjY56etVhl07hw39rUlQ
2021-09-29T21:38:56.907743095Z 55 BoNpUrorqwx16yCuCXse7r55RsA0KvluO5XpPR4yfTwxbV2mgfyiljjhVpWF8
2021-09-29T21:38:56.910481185Z 56 Vij5Blpb9R5eVamPKOMLgLPnz1zoin2sDsHwOkWxfwywyQvqgLLgfbzGU1f2S
2021-09-29T21:38:56.912239840Z 57 rDHNGOabKK87YgYydPbKH8ydkfLiv08x7hMtbTL2yuBwhhznVxdxiudkWGLGa
2021-09-29T21:38:56.914087525Z 58 Wcl86znikV0zsBjiGn6z4BarS8uaNQYLnI1eXrb3Gccy1mjOYppnJKzjkKXsl
2021-09-29T21:38:56.917056017Z 59 NRR44vJZRVSFDsUbpnZtPOJVTZzY6iz5mfvEt0Lk74bx8ZOHnkwJd5vK01k5B
2021-09-29T21:38:56.919056961Z 60 5b25XxG3Z62je0blh0McMXkpy8bPvkcFQRbyQCQ7jIo6nein6jhnOUdegyEKD
2021-09-29T21:38:56.921086094Z 61 bhl2a0N6jiPV8GUt6Bf97WNdnfevMv6uEUc6aZ0cJMG0ZJ1JQGXxgfD6Yen8X
2021-09-29T21:38:56.924467537Z 62 vLLOICYsxrCjbSTb7uOXjmnK1fpa5TMig5ItJTihrVQMB43HULjPKoA4tcrjp
2021-09-29T21:38:56.926300117Z 63 5WKkpjA5Q8fGoGD972H1lMod6DU5u5WygRmjCnRuz8Q3n1wRVF6JS9B4nwZcg
2021-09-29T21:38:56.928215247Z 64 L8WmgBuDhtM9dKhySYsmmYuMu09EF1rBDmT28D1Rffu4NBS4Kw7yz7gNofUAf
2021-09-29T21:38:56.931029806Z 65 V58qPBxQqI3rh7ybXiwsIYlMPfPJBjgeVy9DyT8MAxJ8ewfTFvQGdwMzwTgIb
2021-09-29T21:38:56.934014589Z 66 DsWyops8UaAvK3ri6SWzkICNs59gJIpqHAeSsMYOIa1qy9KBGa35YXtwpVLvG
2021-09-29T21:38:56.936955796Z 67 bCrP8PFt3B9Wf6LlCYyfWnMYG0z6FHXsYfSahwmbviFJOE4QDdf9pdeqcsRVK
2021-09-29T21:38:56.940029181Z 68 jIShJM00piHAVUj3HV8GcQyNZujkVy7We5lYcXtY2xpQJMOTo1VYPrtMIsDvB
2021-09-29T21:38:56.942011360Z 69 pMayotZ1fWW6cz8a6PJb0rXltBBOG3wwmMfOjXxvl5GnE9h0lrKHl1KMfrDKM
2021-09-29T21:38:56.944030314Z 70 VsUAuBXfW471EYRPoiDP2g51MqWifxNj83lEF4Pw8ozjn2Wj3ixSApU0UwH9r
2021-09-29T21:38:56.946161458Z 71 2F57eHlmYlC3jf71DTf52HenhJHj0AggVwb12IMbXuRf1aH0rRlMhtdWLTCWT
2021-09-29T21:38:56.948288482Z 72 cdcza1rXz6fwPZZ1nFUqeGxoJ5GjjZUEx3jDchHtaVAgn31uMrbwqDnAnnkTf
2021-09-29T21:38:56.950006567Z 73 Bui1NRZye2vQ3PtDWpgc1TpJ99mZhDT4clFQXyaGGVuKttbNa96IFQKplu4hr
2021-09-29T21:38:56.952125550Z 74 bzqfcfeLOPDcVl1SHAwfg2B2tAUbsRRrVfHjq89xGX7zFfaTi7iudorZVsuCc
2021-09-29T21:38:56.954545391Z 75 WVf1hjmPB3kSdtcc76I9qRP682L7yHByqAJTwXTx8TzfWqEfK6broZ4Gd7iuT
2021-09-29T21:38:56.956974903Z 76 ipOlMuaPbSHhz9tEPOqOVt3vz8VEY6KWgo56jeeitPdQZJcxIyl0V6hjtiHAN
2021-09-29T21:38:56.959932045Z 77 l5xws6qwQRm3DROlJeD4AjVZFtYay9o8LmNS2W84yjiGTcQD3DOGFiYuy2E2j
2021-09-29T21:38:56.962947368Z 78 Rp7LPz4Xf9twzpzbzj70cyEP59aMvJI9IEbXVZ7rLNFY5kpIXTMIzSHjAiee5
2021-09-29T21:38:56.965598165Z 79 tlKPmcIcoXO8kwbmo8uLfgj1RWdwEMOtqO4wcxFBgblAEJ24G19tzGJJ6i9Jt
2021-09-29T21:38:56.967889875Z 80 KLGQZhc1Rc9P4ZeKwmHF3HQ9hJa9mxACeOMckWVB4evaO2Bukmeftl5X6Mzcz
2021-09-29T21:38:56.970822277Z 81 95WKJQFnGLqhpaa4OSuHtBysk4lOAF5eJo6mMHrI64jgXLHS69kT08N98vPgJ
2021-09-29T21:38:56.973654915Z 82 eWZufggK9JU0ZkVZoNSBJLcHWNcgrgMTCppxQIDCyuBVYUtn9N6LHOu8ry3g7
2021-09-29T21:38:56.975138998Z 83 UjWmAeyHJMGGTxocNGbzCq4mIx3dhw6z39zrVvP78R6qTUhcE9b44aSOlUObi
2021-09-29T21:38:56.976947453Z 84 mxJKVu5UghwIFd0aiKjuK2ckKSGmut0B0TgVR7v6J7NFAwgflhTv2Yxke8KVP
2021-09-29T21:38:56.980000468Z 85 R6uAQobDUGEpPpH9Ag6rjHbSkMoO3HVHA0QR1RgBN2m5LTf0HGpIIr9cDYaPo
2021-09-29T21:38:56.981977248Z 86 rIpIUM4bydOSvRfJczYkrdjxE21eoFsl0Cb6Um2nfXRed5RYG754AFGEMskwS
2021-09-29T21:38:56.984914367Z 87 SmzLO8MxjwFdyQy70n2kxl1Ad4VRiaQXVRAcHAMkJ0qe1IFbFiYVkKHkD05XN
2021-09-29T21:38:56.987933271Z 88 y7LyvPir1GFhf7eUCD6qOzbBEVHH80ykFaq3GVIhivuUrnRvbQeCMKzDxHoQf
2021-09-29T21:38:56.990711344Z 89 uijft4hZran1n04yVFMDgCNQ6evdWX0PlIu8dhAUew5sHExaPL8BLqSMeo5OT
2021-09-29T21:38:56.992054279Z 90 MoRFYNZRIbAFDC0PmfxaB1chJUtTmDT6xOsPDuxuaZuDJBf2t6hl18hQaZ09h
2021-09-29T21:38:56.994846145Z 91 jSyFyLnJ4pbpxrNXqFQy4Z2iqnUYd1VSjBMzz9NCfFTBYmWpBoiJ5yH1wo762
2021-09-29T21:38:56.997578766Z 92 RFSsPk3Dp3hSwZhC7K4xGFkwnW5tTj1GZEOwqUQilsg8G5tyYQqtEoUsLhLRY
2021-09-29T21:38:56.999209166Z 93 yRF3SZ2hSdqgtGgBOTmph7GaafCl0vYDwY4JdGSActeqjk53LQMef4dSaHV2l
2021-09-29T21:38:57.001009704Z 94 4nlDhiKY7r3zwcfkzXTAPJIucXaGkyrLaYNAlBuWvjEIxCYnmTQBxXFcfx8T0
2021-09-29T21:38:57.003008447Z 95 8OzXbiteJEyop8HwKZYxtjOiVPCOXVoAwz9PdjgLdbnEWykTCeIjGoE9adPrq
2021-09-29T21:38:57.006040832Z 96 cuNFAXZrw6H7PslLo65S2oVIQZXeVKjgRFtPCh30BKI6IckGoRCMrNNOk7VNj
2021-09-29T21:38:57.009040452Z 97 SELV0NAhJfhaPTUl9rZXubLBVknpKTs4TEHRqNsLLQM7lOGxUVnhBUbIHm5lx
2021-09-29T21:38:57.010994821Z 98 mPB0t2IhWidTTTaqGFWAlZv2yOQJvrHZcP2dIiYyBomEym9afaPRMtJQCzReo
2021-09-29T21:38:57.013663123Z 99 6sx0Aa6F9tBoP5gFielxT91XDbDrnBIGYU80pX48P3OQ8Awwwkvvhfhvoa6ww
2021-09-29T21:38:57.015842618Z 100 veLsbRP3xh12cHrdS3nIM2WXiJa8qSBZithIHVxMsB4Ceot08ypTJr9lNBIC
2021-09-29T21:38:57.018460901Z 101 vc7jsADTZOgeEJEqldwYHeQR8oLBbqQfiOIEaI7MAytAh0g21Gw40Sw1mF9k
2021-09-29T21:38:57.019965172Z 102 MabMw44i20pKEDuUgZEKHiVXHnYD3wPK1ZenTTxMtgrRznlsJUtVs8wyuqIF
2021-09-29T21:38:57.022537941Z 103 pQJBW8CHMMYOk8LZ9c9uYmUaxkNK2Soyw1wA7wH2IZiGUKDJDM6OaAoVC3ZA
2021-09-29T21:38:57.024287622Z 104 MULG4xyjPzQTiq1ZIVusSTUAB6jIc56VrGurjETpfEHyDtSiBvwz66WVteV7
2021-09-29T21:38:57.027018874Z 105 0S4ovPr3Kwws9rNqGEBn6O0Q95viV6faqT58jcBr6SxtxNz65s00LTXnsDBv
2021-09-29T21:38:57.029744775Z 106 r9ThUzQeIcSc2AKqxXgmhvbY96tvGU7uOx23u9UnlTVz2B4u5Tigky21QLrH
2021-09-29T21:38:57.031894614Z 107 cM0Ku3UT9WTQkpV75JRN9TUZdDdvw1lmUucrPDFCSdXJjiqU0fDpjCZt9V1h
2021-09-29T21:38:57.033920104Z 108 PxLcluOBpxRhU1BYDpTdseDJ2nV7BlfgMf5Ka2TIoNnPODUZ6S5iRp3KoAxO
2021-09-29T21:38:57.036543018Z 109 tLW8kK7vsJEIoD0NsWfRsF4X9yfNAmiPDEmWzbTcknvnV4oImWf1CYrtMvQA
2021-09-29T21:38:57.038146595Z 110 pAZZE5p9Oimbp50BXaWkR0M5Nl8oogSDYIRf7VrKNbvwOr94iNQlptMEn6m5
2021-09-29T21:38:57.041123802Z 111 IeAvmbOttV6fhI7dUYMWeHUQpQLlhkwcfKimDTOUzVxgpGh30aBHnm3OJYYs
2021-09-29T21:38:57.042963839Z 112 BPj4m12geVAoRcZJqHrFpHWBh268NzciRcX4NExwm4qvoNtO1jPexLCjgXgb
2021-09-29T21:38:57.045657657Z 113 rR9plXFvgYMUxEjrFm1EMNuLcuxxkzjVYlfKKMiLUUxQxwvhf7PGihwVu0Ae
2021-09-29T21:38:57.048007673Z 114 raPZFUIuGQ9g8fEfAV4qdKd63SFD5BYliGjekSUyyAOVVhnc237sUNLq5W7d
2021-09-29T21:38:57.050871706Z 115 w15XvUHUiYdd5MmgyDlfHpneyC7i0Yn26jEuW0McbLo0EHTqnZktzsenPO07
2021-09-29T21:38:57.052255634Z 116 OEmpN23gm1ReyXI4em0WTpNAwabnMGH9opZwRNuV7FLrnzO34sKYZnoG1TbS
2021-09-29T21:38:57.054991305Z 117 d6FMAnojF52BcTwCCNvI9LwvHVZpNKLbmMbaeFUtE27A02ZaBPHeUFRoXgfg
2021-09-29T21:38:57.057851978Z 118 RHSnot1Z2kLnxSD0VbHQ6f4PHIqDOD6nr2wnm25qeAfr974xdPr7m9nisXDE
2021-09-29T21:38:57.060492799Z 119 9NwleBLdinXuLNHLQWynKlz25Hoh1XGE2S6Y6mg1VVlzOBz9EW8wT75Z22eF
2021-09-29T21:38:57.062055524Z 120 lSpHznP6nplIwTli7j3RPvq0ofSYZPY5zPxZe7pqHI4Y8L612QvawWnyWfg7
2021-09-29T21:38:57.064719587Z 121 OVb22MhTqfTnVQUoP5kYmYJIpaah08Ya7nB4tzWMTeuCAcTZWXcROupF7pYe
2021-09-29T21:38:57.066310659Z 122 MvaVbYxB8Y4tK4AHzFF1a7Rh0DitIgxoX190cpC3mGJJA0ZL8qnjGqZE3KRZ
2021-09-29T21:38:57.068031298Z 123 2BbX43BWksbs7dSQVPTjBlkfg3cen75RXqCzmgQecOcpkX6QKzZrYWV9JjeC
2021-09-29T21:38:57.070728495Z 124 gXSjdzdjEsQ1rKE9hKLug362DxIplqJTqIDuqptU9gdfohMLKyQVF0U2gEMN
2021-09-29T21:38:57.072908501Z 125 o1TBwuqvHGTNmYQKPe7flkHCCEaSSOohISCKSlDKqLVyswVdK6ycxWGAkFnw
2021-09-29T21:38:57.075456678Z 126 j0D8HqTe0w4a4LO6lNMDj3LTRJ8hp82cKHE3HtweO4AnpD6s9NpBQQ4tcw8S
2021-09-29T21:38:57.077013787Z 127 kreccRrjXz2jKk6xN6NmTN2dmyqkIdAbze1fBt3YxMrOV8lub3JBU9Uok97S
2021-09-29T21:38:57.079699182Z 128 04fUxIafxyLnl44F918KAayteyoOcy0Q9It3gApz6dtvvutUbhAO3j5ZuME4
2021-09-29T21:38:57.081051687Z 129 lTRMRznRJjyF4uLpj95hl0n38Cps3Fs0lOwFSPsrJM21ZIJch6eRoPupi6QI
2021-09-29T21:38:57.083903549Z 130 SRtayscP1sRAoOHlpG9JRVsm9jEXOEGz7y3hLl0Y3Eiru6UbbGGipaOBXZGg
2021-09-29T21:38:57.086443755Z 131 4kLmJVS9uI5Aa4vMDKksG0Ch21l8bQ5pIe2UOCirPBHZ99hhqkAqDBVjFN4p
2021-09-29T21:38:57.087898014Z 132 7dvNynzqHO6f8hRsCPTz9FhDDDaitOU8K27gLDt9azxu8Tq1JVSS3mYefAbu
2021-09-29T21:38:57.090137435Z 133 IEXZ8IMDxPKqZ4qKJVMg6Dlm2lkgkt7qvfZkJXln3SJFPg8D6ENS4BNKwc7V
2021-09-29T21:38:57.092821822Z 134 yNRCVdvpix9ykbXskddWolOhjF8c38WRTwUU7yT3WOOSz7BjSuX2gLVj76tF
2021-09-29T21:38:57.094024361Z 135 i9M6AnOHbMMEQIU2VjxKpymnPaUq8TKwE9HCTeEXhLMhKTfqPiH8H5gZXfbj
2021-09-29T21:38:57.096211024Z 136 1aSSxOaYdcrZvhoneKPsRjYoXzvHAKAz56vky55ApQwRiLZqZLKuK1Nj3lFK
2021-09-29T21:38:57.098881219Z 137 K5we14gS89kx9EYIaooELFZ3ZBUPt49V6QFYsOuOXZXIy4JittjeZt3BYND4
2021-09-29T21:38:57.100905283Z 138 LQ67inyrhK0taudplcvI2UKNUwlBhKHWipGkarsvGtiJbRQBpKOLzrmwTihS
2021-09-29T21:38:57.102877876Z 139 4kLtkyZ3GOshbggSe6ZGvR4pFK3OIGr1CaUZxvI3jrz8gNTXzHglIfEdwXQ8
2021-09-29T21:38:57.105579340Z 140 z9qC2j4o8h0UoxN8AdvPZL615wyFHs9KJlXuuOnxpWAkg7pdBpsUhfiuu0uN
2021-09-29T21:38:57.107898830Z 141 nNlZuN0fW7ZKD6aUbyTlUkC0GL4KdgFkcU2jzr7EHQ6j12aY0rkipJWFpYgH
2021-09-29T21:38:57.110597065Z 142 V34J2HUbDEMDRX7aE7peEWBcQSfDnfyfzQB9fFiD5u6tHmIW9n4sBtKjNDct
2021-09-29T21:38:57.112034182Z 143 vygPM7YvtS2grPUH1m5B53sd9dLp1RUTLWpH4qecsDmuGvaZhLMu2zwTecLy
2021-09-29T21:38:57.114772382Z 144 4AHfwZSyxX4jQnyuQq5PtdrAR3skYYdiiI4oTbn83iFduaJoN62aFouyQFbM
2021-09-29T21:38:57.116168423Z 145 6OtMxdYIe5e95hUuZkeVZrK2Qq5aF3cMHEo8H1q7uphHwW7v8KQwg0LPetUo
2021-09-29T21:38:57.118669425Z 146 Sdz0fv30wBwv2QXUA6rYLcYOJrp8wDm8Dzuu55dNJd4OX5hw0pIUXp20zxNf
2021-09-29T21:38:57.120297647Z 147 OlPaxkrO5MMqyZtZPt5pEzaLb6Ub8gKJUv2DulyMcN1V1WzctBFh8fjqgO7C
2021-09-29T21:38:57.122096798Z 148 ncUtlmbbxDxrvUK7Dz7XPHT47KQkzcnpcDyS23pfhDQHDEUHdQpr3dXrXJ6v
2021-09-29T21:38:57.124900920Z 149 b8PT1kjC2MYaCshd4Fkc6dqqwv8AvoMWW3g9Yv2JKSkW8adwcfwGU5UJdIqm
2021-09-29T21:38:57.126292650Z 150 r3ZpZ0YmgnhdysKVZ2FfxjGAcrBwO4Hj1UQktkvGvDWEuiQGjzb43SIuZIJ7
2021-09-29T21:38:57.128393692Z 151 5FPbUG3HBb5RI39kjjsSR35okU63AdzXVXEna8fqSZLptQ3XAO9VAvHqcDK0
2021-09-29T21:38:57.133458226Z 152 fIa3IFMKWNj2Kspvvcn5Qi1VZ2TiefEQzsnZj38PwUQqHpq4jduNohTLGOoY
2021-09-29T21:38:57.135661710Z 153 sN4uvRb2Rtm0hac4XvgdH6JhsO2CDFaQl9rL58JJBPNliwyCmcXvcA5fjE46
2021-09-29T21:38:57.137818254Z 154 nerqT1Cml6tbN3Ggg358WICkHEE3b4YZYLzY2hg7mScaVQ06XG4KS8frKFOU
2021-09-29T21:38:57.139091664Z 155 cUqHcTOoygPnPN5bFBkPAJJehcS4nliQAYAXt1VJJ7I6Q5i4cQXEEaIWiJED
2021-09-29T21:38:57.141869170Z 156 gYjYVNwNeIZNiY9QRcPbVnqspfa7eW5yZzqmnr2WTdvqbzFwiCvaVRStHUqQ
2021-09-29T21:38:57.143107560Z 157 lAdlpQD2RlENEDKqhxLgEymk9Vza36X8vCnq1B4e3BDXehVz3JUSJPl9v18Y
2021-09-29T21:38:57.146035189Z 158 dfVRDS77AvRIkoNcKutLlanw4Iy1ZZqqj1E84c9JFz6nmXXKZBHUByM48tEP
2021-09-29T21:38:57.147935980Z 159 S3zQ83dTEmQheBTym6gNo3P0dpc9Tmlo4n7wsRQ8UXQFaqvRyaBrKRBBrNIe
2021-09-29T21:38:57.150935578Z 160 d6BCO4DKkQ7L24VpXtJfFDLPEadbxVOkoykzQ5g8JTJ2t0R153kIdnerQMlc
2021-09-29T21:38:57.153482751Z 161 V26m7dziUKknoXIdlF4vxCe51hjgxoDFc4WU8zQySkDJRIYX3756eDpjxLVN
2021-09-29T21:38:57.154888925Z 162 t9EJ3ZiK8qXnEzbVMRvNgq3mcIlykuivkd9ATFfhwj2905ShYC69sSzWodXF
2021-09-29T21:38:57.157747142Z 163 y3OcN0jvthBb5596OtgSvS2RM2aV7IZYQOixEnCBvf00FvDI1sfwlgNUFOfj
2021-09-29T21:38:57.159975387Z 164 OzRDyyN3mzEl60gsKVTn3t75phguRjMa0ua7d1f6VNQDys7ZmRwK6OMSGNRJ
2021-09-29T21:38:57.163008375Z 165 lsc3tFNNX3Zd7RE9SXKtM1QoY71DxZJUd6aVTZRdubMXkR0RKjjI8ptBDgEK
2021-09-29T21:38:57.166111727Z 166 aC8XfPnyA5typfavLX598LVsDvxc31zWQrEcQUOED928eENQJtncPBd7RCPq
2021-09-29T21:38:57.169037627Z 167 2VdQavC8UnkNs1GtUOup2LMKsoBzHKrxogTK9mENCzxpplJKdxGOBDkECTA1
2021-09-29T21:38:57.170253876Z 168 Q5OYOnSOA0KGYKEh6TdJKAJydWgphycTslDIizcuIYdd9p3ccruTmuQBLvEu
2021-09-29T21:38:57.173308519Z 169 nLoe1CmdkMU8hbQNM88Cs2nEeYBl6wClnCnNDip4r8iFvBuB1ss3wFvByWt8
2021-09-29T21:38:57.175140392Z 170 6dyt3Cb0dInw178E5Lqs7ro25rDWoAetLlvqTYkIG8OexaUuJIV2GihpeQzU
2021-09-29T21:38:57.177908203Z 171 FRA0Vb7Z41ScI4p1Q6PKhYlgfGEGLrltzHJecF4jETRPq44qfc9OF8fK8I2o
2021-09-29T21:38:57.180064137Z 172 jJin3ZxorJHHc6wE1v6AnXChpywgrLevzloPayVPrXNdFyKmCr7HAhVY8QY8
2021-09-29T21:38:57.182722978Z 173 EfTvRRgMm6urx0MB913InR5KQfdn7iYwiRyAIQVYajmuRtAk4hxXshic4yYS
2021-09-29T21:38:57.184272575Z 174 WVEWAI8oYTyn6CPGCi6ok98aP8WXh3c2k8L8dQayfGTyOLHaAyY2XeZv6mX0
2021-09-29T21:38:57.187051444Z 175 cwtzb5ajrrGWc9MUnegLyply8wXzJfroTX8oe5RfCKj2GOurMQmQftXnei8N
2021-09-29T21:38:57.189459479Z 176 64MrmWDtIpHA4ME3JNrl6vrTRGHz5latgUn6tNJ9d0F523lTTq993HgL5El6
2021-09-29T21:38:57.191829810Z 177 B1WkbggJQiwlmVxs79BKuZlSz25H9LtPkTVTTxZWWUmcsQ4yXH4y9fVMeLfS
2021-09-29T21:38:57.193964639Z 178 6EkCpT1ZxxoWKX1XTgYe1zEn9OMEYxhMVQAJNEAtvflUOiAJDOJHKsGnOJtd
2021-09-29T21:38:57.196035468Z 179 39lSxEwRq5vX5fXu0KGKNGsVIrF5UG4XcPuh1sNRC8dFA4UoDUFdoVmxG7IK
2021-09-29T21:38:57.198639996Z 180 J9jbxHygIkJUfmh1MHQFUpnf5h76iiaa5Texn445WIgANUr7GRbQjKxEsois
2021-09-29T21:38:57.200392641Z 181 4Xo5xsqpOp7m1JpPzNL0YkUSGhEIV6FK60nBm22lEVcgWcwDXIrFaLa7fvxr
2021-09-29T21:38:57.203006083Z 182 hY51TqoSnq1Hj5ZjB0JXGKRiHVO22la0v7VccQn3723IghIGnI6HUEFfrGxa
2021-09-29T21:38:57.206116241Z 183 OuGDn0PBC4ANLkk9sCTD5pfMedSX1YFdI9XWfrHd36qfzxX2gOS0X1SaLNCD
2021-09-29T21:38:57.208424908Z 184 svCz09EHj4d9t6APsNrcYtdSU7cqtI95m3aKaUUt7jPXJZSmnH92CrJOSZSA
2021-09-29T21:38:57.211143326Z 185 6rDjDTrf9U0TtaopBadC887YjpWvdCIKj3CHyezQkQOvysu1L67WeVTmjmMi
2021-09-29T21:38:57.213701160Z 186 8ylQgGPobosNeyURHQXPA92Quuoa5GCJqoCeNQVV8sVLxcSPtXUywdocHhnD
2021-09-29T21:38:57.215613592Z 187 xSBm4PIw2ChjHvBHpnAjyn8WzlSHi6H2HESWPaVDdVSua6EasxE19nOGkvEj
2021-09-29T21:38:57.217536138Z 188 2ifteUlg7JHKnlh1uXRaik57qaP0yH2LXgnqgMY0zumIAjAUz3ePBaeMPxgd
2021-09-29T21:38:57.219829311Z 189 LqbrhsJfKD9W3lz5jJSZYyjc2VCehBzpby8GfABtkULfA0gtYqnMudkjjmx0
2021-09-29T21:38:57.221476086Z 190 7lYSeyGfVnR6DI8sJtSMz1Xj61CjEeno5I93yVdN1gSvVuWnQVvCNhKhGarV
2021-09-29T21:38:57.223999049Z 191 3ymPCCbrtYdHwoUx4RIzhzgF1xBkVFNTmrqPBLwKNfZk4km59DmBM7aofIiO
2021-09-29T21:38:57.225998866Z 192 PJj9PFGHwi06yrZeBvdYuUoxgCIBBYp0cd7njWHSUVkA0QkSIHIQomDBNMlw
2021-09-29T21:38:57.228260614Z 193 SMxot1GcYIdjU7SQiw7sEPo1zY1HsHPZcn4OufVWzNw1X6oFvZauEIkkow8Y
2021-09-29T21:38:57.230737508Z 194 Prx33z2SFPaZyihPTvZjqNxippVMDnGDFSU2z07dZeEtF9H26EQjk8N3823d
2021-09-29T21:38:57.232076247Z 195 XNhSvhkSE86mISg7w9vYjk23pQv8RTnjsbBDKYpolNhG04E0rMy7fCleH0NH
2021-09-29T21:38:57.234304699Z 196 CcxkFN3KlyoUVs7r66jsDHc44qJePz7apBi7gE4OvApQ9WvfiUTWC5hct1Uj
2021-09-29T21:38:57.236901256Z 197 kHYwAY82i4yhRafwvpgynt1fRuVAkt7RmjbKVU2FgqTDMdIWZvkI7jNKq4m4
2021-09-29T21:38:57.239083936Z 198 6RaTPLxS5Gt3ANJDcnoF4OR1gKAFYZTICVu2evPDKSOZt6ypWvkni8YVOtfs
2021-09-29T21:38:57.241138182Z 199 V6snI0WqHocDliEoPbpRLWTfI9zcidSegQObHe9fBYsorGb5yZxA9KtpF8MW
2021-09-29T21:38:57.243732126Z 200 YkgyWjUFbc2o5qjAwubY0QLNhJoU3ZQqvEldhJYFvW4Lt6BS2Hxe8fZ04Nxp
2021-09-29T21:38:57.247033056Z 201 gbD9aOiIEjHM7orBQCNhTKpAYLpONsoh0dVGCoMSCODG3h55VV2eyAjKmX1c
2021-09-29T21:38:57.249266961Z 202 5BNHg0S9O9huAH6dg3E7P1fTgMR0MqRUnafemNKsXEeNoBrusRX9fgBV8lHQ
2021-09-29T21:38:57.251823498Z 203 PyOWVDy8xB5YRlRGMG0CTBUTxCWAjvkyTfpUroMxJvfDJoqALNUNH79AGwkg
2021-09-29T21:38:57.255136237Z 204 ZxbJEllmx7p0NyEbCFEOtoao9oz08Yhf2BK8t9YF8YJ95PyGNgSMTOxzQX1f
2021-09-29T21:38:57.257300641Z 205 kOFJA93HEBwlZOn9kGTs3N8dOD3px6P10TKhDkNAHBIJhuKkvS4mokpG0HqI
2021-09-29T21:38:57.259466747Z 206 VRtIrIkzoqOKyrqXIFkpKQ0X5dTlrkqipdtvqIIau2tYDEAeNrWHWLg1fATk
2021-09-29T21:38:57.262171037Z 207 nhcSd6dHEACsAt2wDTwGvkM9qFnTpp3nhcgSQdmpKFEt64uRXuXhhISFSxgo
2021-09-29T21:38:57.264431243Z 208 yKFa6t5Xkua6fHqHDxqP1ipxvxq4E2H3hK2vKX38TnfTs1UXoZZ2xXWnGsh0
2021-09-29T21:38:57.266458625Z 209 2cjRDZ17gJSqkfHvAFK59PloUknmp8UgvRw2huHA8PywxUVxuW00vwx3Tx4L
2021-09-29T21:38:57.268447076Z 210 yciQLgIjeEqx0w564DxswSo7CctFvCwHepRc5YmpgxC8xcG5bqnuydGDM6zT
2021-09-29T21:38:57.270992447Z 211 E6G68vqyIQwhKL9YfXalWQ7uSmA4R2kbcUJdoulVaOPOFpY41V9IyZSgnpmk
2021-09-29T21:38:57.273187902Z 212 0l9V6LGWlemII7e6XMWh2wBAQI0NTKs66KVYVzdia6rnzW3rMhjLij6kAVSt
2021-09-29T21:38:57.276087229Z 213 zOCGqXVxiIjOyo1g5MbiwI4XsNHrncPQcfySiBvaPtLOzhwm8oZpEW2yuJwm
2021-09-29T21:38:57.278145708Z 214 xPlDupkf0ICLPdEwyuwVDnkxi1r1C3GO3NIwk07Te6RDAvAkPbofAa8q7ZBt
2021-09-29T21:38:57.280353723Z 215 0q94Pru8WAZE7eLSVxaXmmK3fMRPTB2yQ6dYpXXUObpSNBTGAyZGbfVOm0l9
2021-09-29T21:38:57.282904894Z 216 ddLouNB149zRVn0NWyollZuzRNNxT4g37IBIAmdQXU1bwQZIrezhaImCwEBJ
2021-09-29T21:38:57.285060533Z 217 zpUuWCCeBWFTxezfycDsBynGGpuxAN2JZBteS9yIyRB5noeymB7302qPczBz
2021-09-29T21:38:57.287309097Z 218 ePhcduuolYTmtrqn6FslXgNoXSB0x97oQHD1L7hrjS5GN5EgtNN0YHrVMsUJ
2021-09-29T21:38:57.289295055Z 219 smTBSb3gwXMDT6NHphtwYtV086K6eHrp0oEx4gzWyEUBKvEpqrVs80QveFqE
2021-09-29T21:38:57.291088319Z 220 QdySjoaKQXDVi2c8n38iZijEfiu64sQqfGxMkjXdfebKYyi8tsghacW3S9Mc
2021-09-29T21:38:57.293194677Z 221 UGkEcgv8s7eTGOasDWyOpSfq8NlM1LV307Zpnwp30XRXonIvHaL6M1EMjNEJ
2021-09-29T21:38:57.295430495Z 222 pS03ZwMgtTqeyCuwGbwVgqS7mo7mc11S4CragDxkBCsZbDKQO6TNpeZXSh5g
2021-09-29T21:38:57.296925454Z 223 dWPNGTFLpP17AtqzF5FI8ZjrjkE5A59uKSMFAltSAccgIR7kpXCyCNHaFcvz
2021-09-29T21:38:57.299947236Z 224 00cRBWljkoF4bLm1IyOSU3NyJbEQIDxahHoO8AfB1Xq870xOrEL9yFRRA2a1
2021-09-29T21:38:57.302635530Z 225 RvK8hWlfQgRF2DSLpPlWGjA32mLBcXkAkL3SSCd1MYENAT0e6kjyIuZE56qp
2021-09-29T21:38:57.304378509Z 226 Irn7HhOAY931dp2lijb8Px4qHPoxij78X8pVuokVqLVRPT966B95RIJGsQUc
2021-09-29T21:38:57.306371567Z 227 6IIcfUXdGxNvtlF4qMN0bnnGfTdQRYVs8G2y66GKtFY4BNn4BvVk6JI0C10e
2021-09-29T21:38:57.308533598Z 228 Cmdr9mpxwhepg2cJaSe4LRRTejpRak0dNx4sMOzhExKm0ZZDXZPXJ6h0WZeE
2021-09-29T21:38:57.310996895Z 229 vy5YpGJyLdyjrwUKz2WmDet1bHNFHPfUYMoZ9E31HZpR9J20Mldch7oE7ghM
2021-09-29T21:38:57.313387899Z 230 O3mPsjhqgPdfNs6MhgWPphdIRPcCRA1amVxy9Mp60ypRcgkbPU9LF41Ud5eW
2021-09-29T21:38:57.315588944Z 231 vSIXyDR4255u8O93POMzHQ7kDtwaZEyACKkLG1jlAUgY4qgyTKmaccQKvrmQ
2021-09-29T21:38:57.317573995Z 232 0rfjzmzzXhy6XD5KvZsvPH4beFFBJQ8VCO7Vg7NXuFrh45qRr7jWMkwKwTLa
2021-09-29T21:38:57.319771801Z 233 LQw8UA11h2sB4XVYXPo9NnuZ1lBY2Nf0ZnvvtyzEIMi9WlskRtO3BDiNAT1P
2021-09-29T21:38:57.322038599Z 234 hVnr1I1qlfYcdXZUILkaEbyVmgolZyxspJiGMRE2dpgI1WKSjMEq8KrNwYOA
2021-09-29T21:38:57.325003788Z 235 KdxAg9axrf4n0CSs8BZdd5SHRKhO98fu3AZJRyCPM15BVrRAt3Bmmj8hzWZE
2021-09-29T21:38:57.327007419Z 236 M1cvZ3O3eoLzUDGeDdi133ihXpp6qAPoAbUQSXEdkbZwDIkjB5pHFzA6yk7t
2021-09-29T21:38:57.329091120Z 237 QVFtTKwRNGx3qDZwlknMKGX12b5hR49rgHeDWMlVg0w88S5avrRsMZ4jiOnU
2021-09-29T21:38:57.331073442Z 238 G3d6ufKoksIFPpW8EqSjVGXPNaMqlpSDxHKXodOUBQQchHMQdeuuLIAgKyY6
2021-09-29T21:38:57.333234011Z 239 tCdk2sslW8kXzHFZZkMu981k6XcKCyYWmlU4HocHnWRoKGqpXL4KgR8Qsfwd
2021-09-29T21:38:57.335800096Z 240 3UQEcT3Lrl8Ei19AGoeC2CboTYFMqvz10b6LqwEHpoIgVXQDzoTq6Uovnbvg
2021-09-29T21:38:57.337785210Z 241 vhEpUr4Ud8vcIeZecst9URc84lH6KO5lXQDXuBRW7BIWAL4kxS9KzoLOwIQ1
2021-09-29T21:38:57.339327257Z 242 CQvaZk4GBARDfAcRSlHVosNZTOHsokPmOodZPLaAxjBkGu4kFIcT2MQQJk67
2021-09-29T21:38:57.341910199Z 243 A1u19xjlnQZ2okP4P6PrKNvzI9OkDoHq9uX2Q5Rv7zmSX9drt1uwVSdTQ6UU
2021-09-29T21:38:57.344261134Z 244 ypDabc1wfv70B8ki2Aelroukvb2cmJiXXHq0vG0OEGGUryGOo3Xs4HH8cszr
2021-09-29T21:38:57.346782637Z 245 IqxKmwxtp4Q9qoTL297NKU7ywsjsVhgapA7aA5SNXs3nZ29xpCrmm9GS35iI
2021-09-29T21:38:57.348280413Z 246 YemmGpkp5aViiuY6D4yc8ABR9B3wiY9Ex1pNuFuzjJR2A2a0s6cC3khE5PPq
2021-09-29T21:38:57.350291123Z 247 o6lQkBt5gqXAngdvjsE54qNsHlmV8Z2rffbSnBech5GWMLAeEBssSmVmpenH
2021-09-29T21:38:57.352524053Z 248 uXqAJaWCS0iT8szhApV86AVntZu8GMjAHrXy7aWe94rxiX586UHDSfzZwOWu
2021-09-29T21:38:57.354968094Z 249 tiR5bE4X5nDadQhS6qT6ljH5YLC8RAASxXkqZ9KoZiGpq6Ep1NE8BcnIOpk9
2021-09-29T21:38:57.357940931Z 250 uHZ4XCIJbtPV1gs5ZJEXDLZ73xtHpQfcsJLFG867BGXq071zTYEbL9Bji3OY
2021-09-29T21:38:57.360134964Z 251 4bGyq1tSFz2vG9R8qom3H6XuoxQHcZOkwAhQ4Io5u7kme3CyYaDQag8dLO3Q
2021-09-29T21:38:57.362159757Z 252 gHWp8cMzoz9Kpln8PLR8vhlPLZG8efIYGz9bOBudqQeavZl38hLc3y6X12tH
2021-09-29T21:38:57.364230070Z 253 fzRP5eTSUHcCB3daNG54Il0lA22uG3NHgJ3anu0ZXezF93HhPy2mqVhPCuB7
2021-09-29T21:38:57.366742186Z 254 KrXvHRhzd9KxNT9gcY4f49Zr443OZo8kgZtW694z9TEKNCtU5H4dN6U2IVe9
2021-09-29T21:38:57.368721000Z 255 jKzaxOikqmnqIZuVMVoeu7dWZ387Z8xkeodfPdxqiX35WQ2RNhgSTatNCZsP
2021-09-29T21:38:57.370962980Z 256 pW4E4oxKNFZ4b8C55UNzqRfdk7Lt6KR0SKfY7bG1dUQGEExIhytHhBhJXKCx
2021-09-29T21:38:57.373916648Z 257 yqV6QqVZfu71zPc9Fc8z9vyX7rMGybMHNKHtfBftH4bxsBlXSPiSebXFbVlH
2021-09-29T21:38:57.376707836Z 258 xm5AMDCQbVWnSQ9DsJaBzlZSIwc88sM2tfoCEDrBsWRb1pyaNIeWQV8ZxJvm
2021-09-29T21:38:57.378057604Z 259 J0RkmQ4YIUPdcXQjTVslBn69de2OWRyaL0w119qZdR4bXXAIM51DIQY8TpGA
2021-09-29T21:38:57.379954962Z 260 jjzLINXKpkDsMjipda2JYOHp30M3IiSTHuLpnrWloeKx6IZDu83tFvVDfANP
2021-09-29T21:38:57.382250080Z 261 bCMBSqNX3dfmAhKl8ZUHyzoWjkljezTuk4Ig2Fh7Md7nWPqj8Kt4zdSg3w5P
2021-09-29T21:38:57.384809919Z 262 oehMz7aGClqQWTqvQsHsefZYoTl2Dfh5IxsjjDNUBR5Rci4tdEAbJR4QG4Iz
2021-09-29T21:38:57.386188787Z 263 XLS4BUpbv35v44tFf3Li2JYColSdWYm5W1D0CStszahRWnm7snkX7rjgYIJT
2021-09-29T21:38:57.388885403Z 264 ve38WQ7Ob16KMj3gvNWQ1vW7grM4adIbTdmw31cjHrjLfHWodLBoDwJNdxCY
2021-09-29T21:38:57.391070799Z 265 Z1oenNEbIALrEP62wFP6MjTHyaP9VlMMWnx81FCdEFdsW8ARSjHeXurucqPX
2021-09-29T21:38:57.393563169Z 266 SLOqcw1VOu5a5wTkJpdlwClGZ85ZvUXB8dB3yIm0KB9ySQfKtRyrkDRBHM6k
2021-09-29T21:38:57.395187648Z 267 kr9Z4HlLmOcmxJXIHJFn0yKycFGtcTOnYs4kXJckHNweB3PrCRIhMClmKCxH
2021-09-29T21:38:57.397991734Z 268 ctTipUxNZW9LOW48dpXlzIUlctTiUwj0Ja4TUPTaOZvv0pNaddXSuYlPuS4z
2021-09-29T21:38:57.400845800Z 269 aUdrBrUW6mVCyAl0zcC6JrD7xL9qXVwESiSyIA4sHsGUF7yMc4wYs5gRnAsF
2021-09-29T21:38:57.403031736Z 270 9gtyE0zHLZtC4jVsPxnav5FDfDkoAhQUNrpQrUMWKXbFQh2VLbpJQiNbHgJ1
2021-09-29T21:38:57.405953132Z 271 Rt2uGVsHd1zhiOntUYMDCfHrgTXwjJHQLN28hz7uAPFNuSZW6Itm10H8zeJ6
2021-09-29T21:38:57.408908809Z 272 bdMO7asXfefZPuQrEaxnWc1NBEMKWNAI4raIV4FSh2zLeCNHVo6t1lkgrnWw
2021-09-29T21:38:57.411115638Z 273 IGFWY8vPucYGJ8nQiDbpic2u8PItSAAlOuy7Oj2tpBXkyrgQSV5lJG83SDav
2021-09-29T21:38:57.413950009Z 274 TWXoDW57WaPEyYzUdgIoxPV8RAMIMcWsnXPw8al4BQTQgDIY9ok5Gtr1aTPL
2021-09-29T21:38:57.416855327Z 275 FjkXVW48VeLw0k0M5nJUski2Jf7g7rq4OZnZRyuH2SoOumjr95CWVqSy1Y1l
2021-09-29T21:38:57.418029917Z 276 wY2xnBuGOf4mhiizrbxeEUc3qBuiMXF0DkLkHxTgurjVKenncmwbKfcBbiye
2021-09-29T21:38:57.420684211Z 277 VKhZaJ1f9w7WAwB6TNg6W8dVOCbh3L46mRQbO1G6lMBwQ0JVPHrpJBdzASNO
2021-09-29T21:38:57.423023559Z 278 WQ2xVAtubmxgMUvUSBX7EutI612l0hIYhBysWpE4qxLZnhbpRHJw5Lj0a9xw
2021-09-29T21:38:57.425652236Z 279 uBhqmshxGu26PFIFEv6Uf7yWPhIg2z7QfmE4rZXIiFWceGBkhKuzMLn6fNrc
2021-09-29T21:38:57.428078121Z 280 c5UC1bBV63ociETokPflQ6rLXPfZ0b6hGZWhevTGulWmbKyxlHe1v3oM9rEY
2021-09-29T21:38:57.430749353Z 281 ghvEoSRxaN8tlf82U4MB1u6up35CDErNJ3txRfC3VgsikxMoMoRq5UViZpmQ
2021-09-29T21:38:57.432177469Z 282 AayYMKNTBzL92zv6ussc2ykwj24alRss5um1yKYnFIRQ01g6b2KC9YyzO0Nm
2021-09-29T21:38:57.434578330Z 283 YKJNcMQi4l91Yky7I95QYOhEJKl4dYpd2ARYLlGm9Sbr6kRj8mCRRrdMcdkj
2021-09-29T21:38:57.437023873Z 284 tC6UpEKu7CxtTQCabZzxLC0AcioXKqV8I2tYXPXGblQXMGx0zyubUestcWYB
2021-09-29T21:38:57.439832947Z 285 WsdsC0MHACTMlLf3IaSZwxXy1nvjN7AwtWjw5LDO3I2EY4f1EZaYRVXpnvGE
2021-09-29T21:38:57.442170580Z 286 DeVsxJRtiHG44q4iGgaF8sxkWpq7qmVVTOiRAaLzbZpP5nA1YBdmwE5J9Uf0
2021-09-29T21:38:57.444282974Z 287 ArC6x6cuyWFK57zpsBC2VVWBYlu7vvrmvZ1x6IHDo99HxUhz9ibmybFIns7a
2021-09-29T21:38:57.446675085Z 288 kdDurpp4rESpIzAS4Ka4ZNpFR8eh0TPGXIdfRBPsah0S7dF6NNMe4d7vNUTv
2021-09-29T21:38:57.448781854Z 289 qCmBgEO40Zd4UVoWJhmorEtS5vLUJCcZybNvJpDA7h1heP7T2wxR6kdu2BbJ
2021-09-29T21:38:57.450956572Z 290 JzX8oF6nFRBQsuSecx4fWvnVlO4UQyw5uZuutkV5GD0NLxXkRTlaCm9wxgOf
2021-09-29T21:38:57.454039675Z 291 VUD8cmjOY9iVzLAGJy4qbbrgMkDJAESaRGjlRuDOXNUUGUFCeZgxXYa1EUeF
2021-09-29T21:38:57.456097837Z 292 dsCtRDhPTI50VGF5freqdQPA26ialwnrPAEUOtpkRNDED2uRnMVxD4X011ql
2021-09-29T21:38:57.459158366Z 293 lmAQbwYgGByPtUEmc8NwtQeKHAGdAIbf547HVISlEwg7PmARUcLEDslYwXuR
2021-09-29T21:38:57.461415780Z 294 8bPqiavqDUG7VXm2vK5aRbwIS0ZXDFg4AJwa7WJXF8Ka2BIdwwZX79wl5dOJ
2021-09-29T21:38:57.463652537Z 295 cSn20LX3281iH5R5R2YGUTCTz5LeKxwweoE9fhJHBvUsEkas0y2v4zq0j8KG
2021-09-29T21:38:57.465892777Z 296 Hm0J4gc4G4beQSUnaCjzVhAuZKWYxDTmY6RNiUDlmRootKAmBvDLiZqSpPd7
2021-09-29T21:38:57.467359440Z 297 A73eQrVrI4Qd6RXOyEZ4XuswwiZ09kNC9ZASN6i7wPwa2TimNP3TxLsWxXdm
2021-09-29T21:38:57.469658586Z 298 DpdKJGQB2oBkzAxip5AffnVbPAJ7GVXBmpxxOEgzrWE2cGkHYWfAXx4lAKIp
2021-09-29T21:38:57.471901466Z 299 8uNfc6l2fc6wfp88AaWFowutwVOD0mHuSxG4LbAWKVjqHCo7LnmQn4EJ47w7
2021-09-29T21:38:57.473130433Z 300 FuX4KTGZJhra2BSr9cxjlGZQ6BQQagq9lxM2oFIu8nm61nwEuNVDzqlXyTP2
2021-09-29T21:38:57.475146748Z 301 Byf1stvrICTGrFnqiqeVduI1RRjh2jnbm8OsBry9Lw3q8qCOdiNKDNGIt6aF
2021-09-29T21:38:57.477455989Z 302 ikVyJmIcWKqdlbiHLeUCjZnk7N4S2IzCmRFaHXCaXPLXIaWH1oPBz4SpPttF
2021-09-29T21:38:57.479669541Z 303 RI478RnVL7hp3SM4Jgr35s1leuAHZeH2Uxxm3p7QsUMrTHp3zCyJkztFCBpn
2021-09-29T21:38:57.481873642Z 304 3QyZkVlbvC5jRPjdcwZrdjKxjLDXiOkevdXUpYCrH1dvzw9s9HQMlZnVLAub
2021-09-29T21:38:57.483060093Z 305 Jpawo8RgE6Auvz2YgRadU0V31DVKl7MPbJFWvxMLPeBppUSd0XQF6F7YZDiy
2021-09-29T21:38:57.486166741Z 306 iXTPgiRyYomY9IvqiYaeLJr0Vb8cRFEMpejpoFy6lgsDefgwHQMYmpPlRCN0
2021-09-29T21:38:57.488786147Z 307 lpZzvDVcEYHkeWGJY42dC1N1kQ7SZ9malMI9UCMkd4saIDs3XIIDeVpRTf2i
2021-09-29T21:38:57.491090118Z 308 pBf9iZ92Ik32T8ygEevuKBrCyVFqpRwwmkKpGRagx814P77JIpkczSXLDFc7
2021-09-29T21:38:57.493225169Z 309 dNCwfCk8asBdpzdV8lVripkMXgglSpvgySLs2T84y4xuWxCt0BPBRxhKe9OY
2021-09-29T21:38:57.495440943Z 310 MqzHLuyjXpCYqkRkMPDP8aEFW9KsLijKKsQT3XNtkkU6r2QKJeOgTjH7eJ3m
2021-09-29T21:38:57.497870220Z 311 WNVTsjl82iMgwj7JsDwmibh6GJcwveJmzSa8VERvCMrPUyZg08dciyQgtq5b
2021-09-29T21:38:57.500150128Z 312 2GG7T8abfn9Yoo05cWmXIuF7oV65R2MqZU2KKHUKUDaUBBmOEjwnLvDU9i51
2021-09-29T21:38:57.502272246Z 313 PBhiNX99s89H2aDsYm9TRYnlvEbRHqw22d5Nvs7otjQiylJR1u68LXOoUlKZ
2021-09-29T21:38:57.504511744Z 314 NP7ksn06LPsArub0JMaG6ZQ3xkK8pwZUaJoXk9x8CEnVfIiSTImP8Wionw19
2021-09-29T21:38:57.506708902Z 315 dvoIcBBzD0LF6ubQGjQm8dXIWEI9knzJ0l227zkgiE7SjxBTgcmmJE5Om3g7
2021-09-29T21:38:57.508974744Z 316 sotJNUa20UcquE89qo01fHml7pbGQq8K2vstVJqyZmYEK6q0a8UJhoSnz8Ag
2021-09-29T21:38:57.510931775Z 317 cMCKUCtD99xsJEwmWciOsh8lZsbQgx9hNh167GcB9eTKShAqck1pA3Y1dhjg
2021-09-29T21:38:57.513980649Z 318 u9lh9f3ncBtX5ShIIz0i5x27PfHRwXErfmRnP65vhXUl4jd3cZNIaHmlI2u8
2021-09-29T21:38:57.517023731Z 319 GLOlGMUTYNtJiqywZGn91YhiESXxEG7kOIxrGivVIHIt9bWC1LrOHmsOP5xW
2021-09-29T21:38:57.519070674Z 320 BKyECfvwugDspa9tBhuhzKBMsjuahueNHU34IivQrsKJLU7pkEsHYG7ixUWw
2021-09-29T21:38:57.521006165Z 321 MzRME1YrgPHEt4hQLnov77lf8I37QmoG9XGNnasipF0SDfO2u9eRJF6zGsKz
2021-09-29T21:38:57.526026569Z 322 PXoexqyIaE6KWaPiw7OX8Rdh42d4kAAy3iinknOzi2dgCrkH0u3vj4KXsCED
2021-09-29T21:38:57.528270439Z 323 GDhKqzFkVOCGwZyK02jux6UQQqogdlk0NCQ8oFBAo6rGXGbN3xZAm3f6xS8Z
2021-09-29T21:38:57.530479740Z 324 agBUZOMsmHZxTf2qS57bErY3ASULkF492p9M8NiDMSJtKGBaIlvajoUJljTd
2021-09-29T21:38:57.532709273Z 325 uu1WhmO2F3chkN2DNY86rHp98cSpFvQbzaSHVpGNfvvqH2YQ8Jzz3QUsHYp4
2021-09-29T21:38:57.534940753Z 326 m29vUXLkcp0qBOD6tuuJ5BEeWaGTuWNCAkLU3iLTTzLcfY71JLmFFp8hMhXt
2021-09-29T21:38:57.537877576Z 327 7J4JWCX49gJW2Z4yf1e0x7Z9bzAMw0Bt1xr0ciTs2pbYkYh0PxFycDPVDV3C
2021-09-29T21:38:57.540954960Z 328 aVcn7ursp5vNZ4E0KjzE2EWG9vD7iSn9aXX33WIQBNDj4cmJ8zxJlQldAFns
2021-09-29T21:38:57.543057375Z 329 4Te5u4mzRi5VLWXptuofQ2PvZgu25II3kLhIT293hJSm5nloG03fgtB1cRGz
2021-09-29T21:38:57.545091075Z 330 b9c6VK5t0kYcIItYJiNDGNUurCl0Br2bhQE64EdAw6VlaHH2q7po0hKQxt2O
2021-09-29T21:38:57.547201547Z 331 NRZJVX3bhxeiyrgq7CvIdK7oW45DRh3F4ccm8575vwtG2cbl70wHu64XioIi
2021-09-29T21:38:57.549225301Z 332 NhIsXlhPWLEV3G7A8IcMSgsp5bLP2PNxF7p6dKeL2ByC4js9AH2riBEsKO2H
2021-09-29T21:38:57.551579195Z 333 619PhQxHNP0fUilFvn6hF8jSdCdnSHqg6aagjHpMVH7xBgV2WAPxZs019HvO
2021-09-29T21:38:57.553566450Z 334 Cxp8jgsFGdnzzl2dREVMbNPBAN1YyHB1ZOahoMsbq1XABPJ3mSKQx0hNvLNh
2021-09-29T21:38:57.555629350Z 335 FzfaFFiypGZ82GKgBiD5aUYM77gb2djBJPmUHvk6WRu8hRYp8WfZ8HF8zH2z
2021-09-29T21:38:57.557646548Z 336 O2EWPlEott3cecneMBIw0PAzGVljSyPBHnyrgUvxGg81i19TRuVFweA5w0mU
2021-09-29T21:38:57.559720235Z 337 FoF5oRI1qnZFCTHXYD5xSgEbg2wxycAlGD0JwcYcDOgxwJ0mkNmN8Zpl0Pjc
2021-09-29T21:38:57.561698991Z 338 XXnIxOD3j5HY05bMCVTGWJCjObnaGLBTcyPnoZwVX9wHfr1E0ARXgk9ocJnW
2021-09-29T21:38:57.564129381Z 339 KH5jKl63t3xYa9YBJAqmUC33E01TtZYgp9QFnauPgdh5UhfZkPxM4bB9s1IM
2021-09-29T21:38:57.566786668Z 340 vZvI4ogjfJCjwHjONenBQW4a7q7bT2p6SkRDcnmTk9m1LJktkSbuitZE7yMN
2021-09-29T21:38:57.569114203Z 341 W4zTkOD8f6wBxviEU1MHMpUxFVYays9rrcy5t26Dg1JjmHFyORZ7g23BNDF0
2021-09-29T21:38:57.571422863Z 342 4vTllpdYUak5hRdwAnybjwbQvxUo0AKxrr9vZ297D3RJMQfm4gvtJShMMgpq
2021-09-29T21:38:57.574575653Z 343 B3I7Fszugy8V0o3SxSlmyP1DSeJPCihqorh4FUXmCNOZVQkDThKSQTXSX7Vr
2021-09-29T21:38:57.576125321Z 344 Ayx0DtPyKaid6VW9AVEjcahF9XfHpTSUewhaceFGskriKkXrpAdegiVqsuml
2021-09-29T21:38:57.578348603Z 345 tuDCrsoTI338G5b15czDfCaQIkG3biWc2GVddgYyUY0lbhlfSDdY5shjHmHl
2021-09-29T21:38:57.580974128Z 346 zrPSD2qXMCMU0oVA59hxwvQ6QVZjGzWz9cRtaxrbEMSTmceTcVyYyW4sFlOQ
2021-09-29T21:38:57.583257208Z 347 I40GeZeRphOoPAW9A0HVcT9JfLFIH5AUVC0u6n5rHK7Nyjw05t8FYm7zKYLS
2021-09-29T21:38:57.585462257Z 348 7NKPDjzG792R8qPMK56F0u8Xj7KmQcI5dKbjdp45UF8UKRZtA9yEKQulVI2L
2021-09-29T21:38:57.588059533Z 349 dgWofmCYLZcO9PbNviOmQVNecR5GD9j4NNrR9ngkBfyTwuKtXRukBm8yJFGk
2021-09-29T21:38:57.590406812Z 350 VbwVdGsiYjPTjrduQfCYuNAko09mZejQ1gSLYWwVxlv1G2Wq0jeSzJgo8VUj
2021-09-29T21:38:57.593082872Z 351 UUID7szJQ0ycwONiwWthXMzFRn2BVjJCrdqO8VUJ88lNMzxnJSiEVcqunsO9
2021-09-29T21:38:57.595056011Z 352 wYIq4q97gS1Gge35RAH87fpmZjZ4OP8cRFHK2yXj5qjUJIxHpei3YQLYuzu5
2021-09-29T21:38:57.597509216Z 353 v7dPkVT18r644ZnVcwO8pWLhvyScQQQDhXFFK11E4z4ywClcYkNftj3vttTP
2021-09-29T21:38:57.600170739Z 354 v01ycrEtYzJk86BuoDoqJ2shQ5vRwKGiRqTsZuvBkQCnJb1jT2PjqUrhZMLi
2021-09-29T21:38:57.602584670Z 355 inYfuCSLvQpobPgwtwoJBfJGGZOgNPowkbjH21L1BznxCzUO3zFEcQ1bRiCV
2021-09-29T21:38:57.604232578Z 356 87c0BIjwAO8JXsEdCbGZleXNSn6bGO13I1QLm3ScEZQqwqUi4p9kXdiRj0bQ
2021-09-29T21:38:57.606387726Z 357 wD1YQMRwXx1SIrfplibrnnxHzdSJ3PLmYUCvDkIQjb70zXsBIY0lQkzbjXjo
2021-09-29T21:38:57.608874866Z 358 OmSFFfm3IPxF5rAD2mgnvf5s2z0j9Tc74FiN5y27yHFPKXmwwMBZhx89inBl
2021-09-29T21:38:57.611701814Z 359 CnLi4LfTOAR75vPCfysMLF2lVYgTScvBo1GuvGX6x2mYCvyd6rsh2s6WMGRi
2021-09-29T21:38:57.614451721Z 360 QT3vChHgKb2kvS3l5f9Ti3vf0N4aeBD6GQrk3I6p8dDKJJGgZCBkgKGcL4qj
2021-09-29T21:38:57.616792939Z 361 pOpxItMv1iHxOjf0OI1qoIsh0nqx3FvqSvi7lTuqcdFaOomFWJaHHdWRahmx
2021-09-29T21:38:57.619755487Z 362 7ijWMSAfZf3k4LHwIqRRMy7zeXl6otfd4hY5dKQPitnXF4E7bbu7SNViG76I
2021-09-29T21:38:57.622882737Z 363 y3HGR54jNv2VyIVZrvP61pZuuX5J0RhpTQoKCxlJF8T59zUzUECqWAUTSCAe
2021-09-29T21:38:57.625981047Z 364 3so2pbnrF5Q4Y4Zy4zxrnzYZufaTLc7VLAd9edoocQfOjSw47Q8qXAjcpZnI
2021-09-29T21:38:57.628016238Z 365 NloQOhQ40xcOsiSK9GheL8hdSuv55EmcA9jDiMvE2t4KTFhAP2nk7k3QjgWc
2021-09-29T21:38:57.630149864Z 366 NQ1sPov4Ek6olwkWrIEJvsnRLsYUUTVLEJQ4mw7si2KYR7SWUiFT3c2aLTF0
2021-09-29T21:38:57.632184562Z 367 s214475ZHxUkTrI6sMLnLV4k4xoJlthLtPB9nuAbs47Y7MqQIjVQCUPQUuyS
2021-09-29T21:38:57.634157538Z 368 S7n6pwUJFNLFYwsmUbA8vmxJDJmNM1RZE40XBdOoV8qHAwb6nYIdFjZjuOGJ
2021-09-29T21:38:57.636417475Z 369 GtDDGWAfdbDV8bn4bJBUEIORKd8Kk3hifiSPYklbyzWQ88xePgnhO2kQ98JS
2021-09-29T21:38:57.641892783Z 370 Q53jEkPPXqTEOZdaKeAaKaWf0JvOykdGCnwaKhuok0nWP5kuSwDHLDkrDV1j
2021-09-29T21:38:57.643263101Z 371 2d7WK5ZDfJvHDY0ASqDseE6lI8P0DSyMVZzul77ooM3WKEysByM413QsSBKl
2021-09-29T21:38:57.646010778Z 372 e8maeRjDeyuuxZpKtihGU8PMpSIjCUPzEG65NBJQjTmP04XIo7dXlAxv1ipv
2021-09-29T21:38:57.649669541Z 373 9uioniYfbNBG1xFXRQzDmmiRh5S8N7go8UpN2CgQNMCGWA8UbWeP9EXInpUN
2021-09-29T21:38:57.650724068Z 374 2tNBxVYfZquQL36d83MxspymXuNOONykucl5Oknc6W5cKlJ6DOkBS6Gwjycx
2021-09-29T21:38:57.653372647Z 375 HrtiRZ5J07oLTAW2AAhZZBYLuMw597Eb6sbxbQAlNPhxAMEfwmHhydPhO4eL
2021-09-29T21:38:57.657561220Z 376 hlt9vcyWvMSKWBXSdjRPEtcL0FEcWjQIr9JD3d9JHNnFEPmk9ohyuqPA4cYk
2021-09-29T21:38:57.657597353Z 377 i1SMQgdti3GyJkIkdEHCA560mOCqdMxEtDa50O6h0jH9SDqsZsXqk9JuvQIe
2021-09-29T21:38:57.659403803Z 378 8XNOt0ICh6DHxElyDwb6AN8EVLHAS0keL95fGAU5e1OMSifLnisehbkRazfb
2021-09-29T21:38:57.661686555Z 379 r6foFM1Mx2JhMceEzU5dWWpu07aKpzjdBncz2NbXhm6Q8jIUBkEJxjGiVAuB
2021-09-29T21:38:57.664143160Z 380 KhVK8fz3cJTW4oHleJz3jt9YVXY5SFr91XUHJkLSaIXaDMm8hQefB2OHx94Y
2021-09-29T21:38:57.665227675Z 381 JGs66nWCvWtd3T8WNJeVag3JMIDlpapQjOK6zgXppCHkYAHVeaDdw4GoQXyU
2021-09-29T21:38:57.667770350Z 382 nV2QhpHGpa8rr8LyQ9c4IrO7p27wvOVkrBBFbIBfyE0YN1qw0OCnj00I30uv
2021-09-29T21:38:57.669098513Z 383 bWYHLqv2x6tYgRQCG8Y9ILuLZHP2DmAdDtzAEWq6Yfa4eIjHDhENrHucKE8f
2021-09-29T21:38:57.671631136Z 384 HwrOmeA19Ahl2opwusM7peFaPtdP59hp11Tub6oJYWRjJSigJ0W6OLVkssAt
2021-09-29T21:38:57.674077656Z 385 YlodmhM15qovZyQG53Y4kRpspiNNjIPE6jGy7ia9fYFRtc2aS2pEjLMIFeBZ
2021-09-29T21:38:57.676614504Z 386 z9jzL4PQMfJdDt3xVRppRTikDMPFKYQTzvJyizB6WWoxOZdr1UcOerUraBZp
2021-09-29T21:38:57.678484421Z 387 9Xbyrpr85bsCQAB3Q0l1SlRUXFvzknqTb8K0qkzPIiuIG4JkXkIT0plGHKwM
2021-09-29T21:38:57.680505715Z 388 BE1qpZwZKVELojyoW4lYOiCGFYR1DJerbwHvdSnuyvktiFl3flwLt9QwliWg
2021-09-29T21:38:57.682034743Z 389 Q3F78oj8INz7CJjL7fmS67iHaSsLjerwbVKugAEH7cN932rD3lmsAFynvR6E
2021-09-29T21:38:57.684119695Z 390 k36pUzSpBbDTwJobwevI1go2noXiwIzKnGbxOdh7KXDbn59DtmvzHjZhSj9t
2021-09-29T21:38:57.685899502Z 391 nBS5e3O3qP0HZubOlml5GZv0ROZNFSQtBnBKbpomJdGaU723YboUwEYDf7mS
2021-09-29T21:38:57.688797128Z 392 HwiKNTBVMBhnQ3KV47XeRG2zVHMbAMRnoyCisLlNjALd4EgBr2Iu7xShD6f8
2021-09-29T21:38:57.690155351Z 393 LFtYDL0EPDQfC0dDpWmox4b6Ey49lvz2CeE7p2kWNQTelGgfoVbF5zptcJNh
2021-09-29T21:38:57.691882601Z 394 bLyPZX1q3atzLwE3Vhb3AnwDHeCn75odW7AsMO1MeNBiteMdJE8iCkc6llc8
2021-09-29T21:38:57.695320862Z 395 pMv3wivhtiW5Jt7jJp69rx51IVCDeSH37k1KBxOj92B2OLMaXT32W6SUBsfP
2021-09-29T21:38:57.697760889Z 396 vUh1ptxKtMOZOBy3TwO0HRtCd6Lrw3ogqEmCQ3vgWECm8ZoUzz9iZupkwWTJ
2021-09-29T21:38:57.699481645Z 397 I61ccX65Ewf9xjz94LmtZG62dEv4uyk9bn3UxBWqZxX50Ip61n1oj9aeWJin
2021-09-29T21:38:57.700861807Z 398 IkkMb1VQiiBJUsbE72i2GSinThY9waJ7Rswh9LDqK55rWvIC0L2rB3SlGySw
2021-09-29T21:38:57.704160511Z 399 POQDWSvHhJladFAsX1H9lVh1Wshy8HsLu9h2Biw9ubdbfjW5cNa8NlaHTr0L
2021-09-29T21:38:57.705946830Z 400 7DOcpH7LjDSaWSrS0DKRtmIC2UBXzbU1cRna6tM9K5Cq2w64OgiU4VcKQsnz
2021-09-29T21:38:57.708156073Z 401 GwvZKowylgAmNTLCuZzeMz152Oxwx8X9DbRRErdzhMFIs789sAtlHU1kXjIf
2021-09-29T21:38:57.710031439Z 402 zpAqHGaTq1DvDsXkNH13ZCl8DqC3c1ZdKvvMpROXHSzXwE2VVT3DtOI9vQ90
2021-09-29T21:38:57.712966892Z 403 MJtTX00TDpYvHMyKhCFKqEeyehXVBgvRcigJTBP5gV4COw3uXLwQqiDVAKST
2021-09-29T21:38:57.715862795Z 404 APd5HkSfwMKAi1Wo8MQVBICMGj1zrvGdJhV87j5pHe4nRg3cR3EWqkH24A1o
2021-09-29T21:38:57.718717735Z 405 hNUuQIKLkQhHJ7o43CJlLIXCuJZXh1weaGHWlGjDRILhB22gWA3DKYqokiAH
2021-09-29T21:38:57.720879670Z 406 ipnHBs685LGJucWTMcPa8lezKEqa2dmrenAgb4vhdjr0UvbYzfdGhoBQwhS4
2021-09-29T21:38:57.723900943Z 407 Kgn0I3QhIMSSTBNXnpKpG6PePBl8PcS2psnZuWWgiSE18GiyIHu8k6i9CzUp
2021-09-29T21:38:57.726938563Z 408 MD0iDEBR0FABtzYNxdfQ2QBKryAkLVIilz3E5EQtPJsmAa9bTX2XZ0brvcmb
2021-09-29T21:38:57.728849174Z 409 HbHtrhgFNO8wrJ4ICcicI6OhbhpXrPdA8IcfJQMoHLv4982R75Jjnlf7a9L0
2021-09-29T21:38:57.731859821Z 410 pKmUjVYI3I8XhH1xm267FBTkg8XBdvWvfbudbUaaUBR3SrAo4P4Zroh9Rapm
2021-09-29T21:38:57.734897025Z 411 hKsFS6VXXNrZmrQaqOFmGC1OSmTvzlR2wcrRyRwtlqbDG5EsYIwLzHHBD2WN
2021-09-29T21:38:57.737917762Z 412 VcgHD2BQWTuaRiKrziBwN988rSKJ93IxG0wXKIg7YvQbpE5YRWi8LNR5qQ6t
2021-09-29T21:38:57.739980492Z 413 KOXcoIZmXRljFvVwH87JzX8dA9ZekEmfcx1U16TyrJJjOWZEobDDI4rDkIbA
2021-09-29T21:38:57.742103613Z 414 Y8LYqRV6NzafyC8C31JYcfE0t6zKhyNHLMk1PlE2joND42vAmA0gAkinfswW
2021-09-29T21:38:57.744120939Z 415 1coFjiuAQm3n45iyCtwe4KKTuMDbIL3OxSyiRB5IjURoCwCCcryBDXkEZX3A
2021-09-29T21:38:57.746033732Z 416 45vGMPQ3MnuRbYD8OdiW9n3E9JLP0QTeR7GhaeRkbKeeavOxaUihmWCuqFYO
2021-09-29T21:38:57.748200901Z 417 dsZpymuW4e6L5XU5CvINcGsq0LbV0QKJLC8kjV1ztUFRiWHBwCJJcrcc8HLF
2021-09-29T21:38:57.750105401Z 418 uY3CXYLDi7K4MbbiSGUKmPaT7DPYEcq0ZHujoAnK7ieUr29iOEa76es1Zlfg
2021-09-29T21:38:57.752070922Z 419 7llcDGjyts5mdsdvUrquAM7D5MhPvssYjIrhxIWU6qsRSjA4QFClmqIoWDno
2021-09-29T21:38:57.754830586Z 420 u77foL399zhdb2YSgNLc4N2QQq9oPrnU9lF7JUpREcCBksjOWAGIgCJxvKQS
2021-09-29T21:38:57.756926909Z 421 RAhhxccEWgIWmKkqQkWvCdhDJ81Ap5XfASODUL3J4Sbh2FjgZlSFLRqjkITG
2021-09-29T21:38:57.759334946Z 422 TX5nf1DySKAo446BWUeLU1MgiX9rMmjj7rGX8J7UzfywZ6dfoJlyTWieZSDv
2021-09-29T21:38:57.761629184Z 423 04cKHj9ZOANVd3PIMi75ln02wC9fkKA3UP3iDmbEdXwSS9Mldi5OO368AOzg
2021-09-29T21:38:57.763091740Z 424 sX5IU24CT2t8n8QEuZy6n2UgiBlXttir1l5wVgkju7SGKYMyQdi4dz4XyUmI
2021-09-29T21:38:57.765603132Z 425 BKmCK9uRf22Ipvaa2Z5bAE3btkYnsb7IkEiI9JwMmN5aNzWMKGUtzI5q7Oom
2021-09-29T21:38:57.766959188Z 426 JHkegF1kvhiWPaX5dPQmj8svWNu91lau55dt9sKZlEUug0ZTxUSHqj36zAZS
2021-09-29T21:38:57.769454949Z 427 88GFhjx81oaiutnVRCBRTzkavVSydA4AqDbF4yrnKURCn4t8prcWijaTwKvA
2021-09-29T21:38:57.771132651Z 428 jsIDTRFMjeSfZmvZ3K1MNBN25Fe0K6yuUgG4nDLTIkfbBn4UIT5WWbbmGyEi
2021-09-29T21:38:57.773410847Z 429 6xdSM0vtjgIFF4Giwh4zvtKsiOnpncAbZbY7bRRhVLC4Kqni2JfUVgF9wft3
2021-09-29T21:38:57.775802740Z 430 T1gQH9wyjEl20KH3SknHXCcx5z6t0fvTIUW1Vku0QrIowIFZPJqMZRXwj1dY
2021-09-29T21:38:57.778029660Z 431 NPKqhRPp2igI08BgPKplAO599WIBlmkgjfHsTSLzPjNUWlxh2pwyiFsMgwQD
2021-09-29T21:38:57.780398314Z 432 qsezCFI3WjtCOCibIR7JDnWgFzd0odsgDuAptbxfxQlNK8fPIAssvOLrEAyI
2021-09-29T21:38:57.783022033Z 433 DuwYcxomdZPCPkNNS3IsZnbx0RCkein71LzfP9ZENrUgo6vmlzOrGym3bo12
2021-09-29T21:38:57.785938729Z 434 Wnldkyka2DhbwztjZZThcUqcOw6BehVNEPbpHMjQrdHT02iRUODq3CcQbwPJ
2021-09-29T21:38:57.788726260Z 435 bmgHakMPN1cFvIT5pjdvqb5vwIJd3mtfgRakDZ1zDPmBfnPYrQJ3ZpGPLUyu
2021-09-29T21:38:57.791664762Z 436 7VQVI4jPETAe68PWTTQCLOgyqXBN55EZuLY1zPS8lzdhO7Ed2A2D9vRZFTK6
2021-09-29T21:38:57.793974224Z 437 6yUFupYFZMVZcMyXv2SGhWj9qxGflzMCsaKXJMXfNrZQUoxEydR0jFS8hw6G
2021-09-29T21:38:57.797128771Z 438 9UtLc70h7UPGKQ93Xmj1DLH0tYIzPEz2wh8gCGFjFrv1aYw8PF67JDMiix5O
2021-09-29T21:38:57.799133520Z 439 HMKMnjuckJUO0xdnFLujFPEvtKtDoIugcrmnT9X6d01heszzBvh4QQH8q9bR
2021-09-29T21:38:57.801302638Z 440 3QtHVWFNet6JaMrLJRsvqNj9wwbCIpJIGZswNJMX4ktkJfC1foCY8r2H29zb
2021-09-29T21:38:57.803972295Z 441 FdbTe8QcFQ0vuR46eSSk0Ho3Twb9Yt9zNxgcF61mDYgsZ1OSwqRg208Rb3yI
2021-09-29T21:38:57.806809293Z 442 SnbID6DWVHaa4DIkvkWnL4X5f9Nmx5ZdjIwqu2IxoPCjW81506FbJ0pTksOE
2021-09-29T21:38:57.809858738Z 443 7TGR737qxMJJdlj9uPSgMTFMSbUi7yIxD0JIINjNglXw6NIDas9xrbjL4TY3
2021-09-29T21:38:57.812879467Z 444 dKwMgrqqWLQBfTOu5cNRt9qnkoA7BIiFJHi3sACUvfEASjRG61cM0xZkSAMS
2021-09-29T21:38:57.815873436Z 445 NrQZKECXO7qsHJCUOVYX2MKupG1GHfK1ukMQwwgBDm4NkV11zux6fTZOeiav
2021-09-29T21:38:57.818779577Z 446 87KXoMWuQbpBtoiq2z6iHUurZMsR47kwgkvnchjYNfOl3eNXXUB8rkXcAYOz
2021-09-29T21:38:57.821689620Z 447 CtrysQYlr6LuLX7EJ0G5I3dZtXxbA0qn6rBQ29mJLmMcSZacmltJ98C0EoJF
2021-09-29T21:38:57.824534051Z 448 sMrmaA9mg5h7s5s57O04sFDq81WBgUsxHZC3eeN9AohTbZUHJiKqt5rfxQOv
2021-09-29T21:38:57.827251414Z 449 ITrC18Vtql0eweBgwB8ya938LHy6VIgd1pwYzzVzMaOl1qkpKr1GUpJZXczO
2021-09-29T21:38:57.829251852Z 450 EWeQAoTra166c6dVs0WcC7t0vLUMTHx6LywBIXVatxU5ivjEYeI16mqTjRTc
2021-09-29T21:38:57.831054491Z 451 22NH8sKZbYudu5UiG5wbmCWunlsiA51tbUJbTErSwB53FlJ6s93OKhcnG4A7
2021-09-29T21:38:57.833957366Z 452 iOQyyScQ89jiaV7ww4tHe1nWSYReeyfpULGdSBqOQcolhJU1bBvi3YIfw0r7
2021-09-29T21:38:57.836756123Z 453 kZKUCkJ8H0g1Db8q4uFLAkpJiFgip7URaXe68YmYJ2z2nVqLLlw1LIG9Q8Bp
2021-09-29T21:38:57.839525232Z 454 MMPja0hUHe5E8TDZEGmcqquUBH0o5BdXzDPODYmO1U28MzCB7Q1Eq06feCnt
2021-09-29T21:38:57.841932741Z 455 UXi97iZSncuw2U6I6RD6H0kvqgKWOBUlcPreKh95LN2upEMn5isFTyTDT5lQ
2021-09-29T21:38:57.844706833Z 456 hrSiZsrRmFHCHPPZsHQcr8nQlnhv0bpDWG9mP3OHgrF0yjyPNAGrCCvYEph7
2021-09-29T21:38:57.847533527Z 457 WwOv66ULO19DfkOdYyF4qFJOefl2FSqFVR0alfySs2INYXzd7OjdipU0fIxM
2021-09-29T21:38:57.850079314Z 458 UVgAKGJPUtrTKFieFMvgovq3NRW30WuOerElKJtjAo0VvBtD6I0mz4FJtMTh
2021-09-29T21:38:57.852028488Z 459 Pn4Xk4RPzZ13Qvo0WeBItMwaTsYSNyyESok6KeQKJ7cnYJO4dXbh4eVt71td
2021-09-29T21:38:57.853912133Z 460 b6glRTG3Af5lIFeFCCzc9oiu0h4u8wGS1RbwapnI79Wzn229I6zWQCDTkuj3
2021-09-29T21:38:57.856840953Z 461 hQPDBqY1LeHKDtfKHTdfjfceq8W10MN6XI4agFdtTSszWUdchWWCf7vByb9i
2021-09-29T21:38:57.858965514Z 462 5kEsDO3gQ5sdOF1FnlAJ2JrwyJWuClpLujfssjhLlBGN6PGQ4dQJ9f4KlD00
2021-09-29T21:38:57.861883805Z 463 ZOiBnwAtugb64pVjYnsFBpgVzoLCg2Pg8Oth1IbhedDG68JJGEJbs84LFGTl
2021-09-29T21:38:57.864742638Z 464 XEw1QN3Uf1YLxbhyqv7MHQbUVvQ3kFidVreVsf7bbBFLoqjkfXsF4luUnvrn
2021-09-29T21:38:57.867800761Z 465 vX07lk4dJ9l6auaqjsJ46VDklnJlHgebNeRzavGrY29zPZcOJMjdqw3Q3odG
2021-09-29T21:38:57.870857621Z 466 qE1YMR6vbzTTak6ccu38AA0uAY1BugQG8tft4EKYrYAOGt2tTesDUDRWrUDN
2021-09-29T21:38:57.873802280Z 467 V5RQRRsjmnEQuKaCI3BwpRGKLFIKoiJE4trUVMIxefCrh4adAjBUxcTwOMO1
2021-09-29T21:38:57.876835132Z 468 1VW3pVoil60GjpUxeTJkH9SutlIlkdHa94hE9QnkR7de3Mtwv0PXOanP8mbp
2021-09-29T21:38:57.879125971Z 469 RdhRfuyyRTbDfo6kSxlvq3w3wr3Y8oiJAE8qpgvY3OF2dZ0tiEeJg2mfpti6
2021-09-29T21:38:57.880981615Z 470 DYF7TxJWTspZkJdas0qsltLAtS0BMTKwl0wzqPQttd3H8jl0P7cO2dQ39Kw1
2021-09-29T21:38:57.883091623Z 471 UdhYjH99TmvOxSbejXMAX4IGcRMCtFayDhuSTLe5vypgj3AsOaYN4mCUoKd9
2021-09-29T21:38:57.886107961Z 472 IWFi4PMThlU8iO04O1rXKxbza3DlEFXCpsixT2cQdvp7s4LyMvUbcP0p1ixi
2021-09-29T21:38:57.888003195Z 473 1ClkZRWNz5NNKyfTq86iq1yTLQADmPUjE8e0LDjiq865f8R1Xf05nhdXYhhU
2021-09-29T21:38:57.890868456Z 474 7saIVAIxgTfvWjxlwbdJZ9yxul7OAs5N3qjJXKZWxzMv0a7dOiXmXdUB9Rlq
2021-09-29T21:38:57.893548447Z 475 6f5L2jw9haj8rI8mDgrJdbSH09iSMuMEr4hfoaKbxYUzGlFIldG5L0e24K2E
2021-09-29T21:38:57.895236151Z 476 v0gG2nBOpYUA5sTYgxWu58XjMdTx3YA0tX7QEjLBIuWuxAGwd7exgOYwJPdE
2021-09-29T21:38:57.896913626Z 477 WA8nZuukGLX83UvHmhwDIBENPrC0pHN1ykPbpq7ybQy5voTHIPChWKrU5azP
2021-09-29T21:38:57.899645215Z 478 xQflkdVw3iL4foy6Yq7mpcbD9qmN3YpBrtp38TaN4m8kbxjmV0tYChSRAiUt
2021-09-29T21:38:57.901016535Z 479 b3V3sSMoNvPRd0SuTcuJlZQnUxIJ5lbuhEyNN28gp1X0HOlpMnMmVXK2RAX5
2021-09-29T21:38:57.903833866Z 480 xcZjToAn8nduzNGlqVIbAXAtXPWfFskTwPKepMgJYjQvriOaCAi363Qjk3cQ
2021-09-29T21:38:57.906479834Z 481 1UpQnsS7b8a90kzjLpcTA9acgwfRSI4H7FPkj7hHjvg1PkfPRWGyTVeScOqw
2021-09-29T21:38:57.908555209Z 482 eFCOCQsV0Cl0e2J85VeuS0t1dvX1AmthtJbSMYAZngyN9SJGtmPJR1OW4BkA
2021-09-29T21:38:57.911569796Z 483 Rx9UDLNjosqKfWlLZIuVXtY1Xwx2N8EXmUKbi5srNkXVXUbvzCGWP86gwOM8
2021-09-29T21:38:57.913530533Z 484 rPkS31cn1Ghl3THUuo7LiyyLA9vXzbYFc67NbsGmarcsdnCetPgR1klOwxFX
2021-09-29T21:38:57.915478421Z 485 kcOtqjEXGY2dUNojakUqMPZ08h28QGu47ZmD3r41tIIwnnAFX4bM5SWLuIsW
2021-09-29T21:38:57.917448095Z 486 COgetHGblSU1oSSYnvvpPKzpcg8PaHm78YEOEx993Cc4w7Dypa6QclFPW9ed
2021-09-29T21:38:57.918851479Z 487 vKCCWCpEKe8C4fBnIogP5Q74X6jCvf7rSXv4iZkLuTFPttfkeGWdGYY9ZANs
2021-09-29T21:38:57.921909245Z 488 hzH3bLnOQ7SYXOhKaXr91pWH93osxUHsRb3Q8AQKQIcIvuqySTjpWgrlRYwK
2021-09-29T21:38:57.924882806Z 489 iC68SQTXrxk6Dz8JGUpYdhv6CzFgfuDQbzgKmFo0Qt05Tfwtl6YV4wsPiimB
2021-09-29T21:38:57.927709412Z 490 WfQt0tNFEcw117BtPVB06XVCKETpzvFfJUN03eUaSkfreV6ecXcYAc0WZsWh
2021-09-29T21:38:57.930626098Z 491 C8iskec52BgMuFKULjiqP0NvrrTRZHgseJixvR4tPr6pasjztrQl0jX5UfVe
2021-09-29T21:38:57.932205537Z 492 DMaPlrk48OF5T4w5IkUa4bvjweTCy2GQ7fYGawPknesnWeLoYGtFIr08Q0LC
2021-09-29T21:38:57.934883564Z 493 wq336yaSirQG7uz1dWOPhJclMLJCevM0morxSqprAJwEpr8TvItPMWHs9TqI
2021-09-29T21:38:57.936933891Z 494 n8Es75xRs05y5HrTq1fRxo9NTzjhyXVK08kUo4IwPmSnZRzItw9q08MnPkRB
2021-09-29T21:38:57.939699959Z 495 S6f2Jk1pmWAoEu0pB3QywnYNVfgIV56LcDh8kV9I8EWfwOyddr1i7OpI3QOB
2021-09-29T21:38:57.940980330Z 496 UKPVPIYb9szezeISH4c7iIgpDVkkEi4F7Ico1sLkxN5128PPTzkEzmBe8f7t
2021-09-29T21:38:57.942882266Z 497 MOaeR41Y4nmh5ozMaI2pM4MvwMllS8ymm1F9yro4gi7TrdAHN6iBKPxS2DtH
2021-09-29T21:38:57.945820726Z 498 kuTDmS04Snk04zeGMXBv73xyLQArH9qFiNmvMdVIx9z6uotrLkgq1hSujkQi
2021-09-29T21:38:57.947352138Z 499 3ETKAGNK2lXhqwSgCQTJO2pQEvOz2FFIa6IJF85D3McGpemoheIzPQnPJXJK
2021-09-29T21:38:57.949051183Z 500 9fmApsNmSQBynr0tRQv1v321MfVc8tFvjolJWM2FjlTSS4DhAROjflsTwftf
2021-09-29T21:38:57.951873032Z 501 U8tGRX2yaeusUvXEzxHYH3dj6pERnHTgGWfg8SntEXL6oynFwxH98uhCEAUk
2021-09-29T21:38:57.954552546Z 502 wbCf5LlToNQJRnDayYeHU6b3euRLHAJFU5fmF1qAqeRXEkV9HP5kX7MSwdTC
2021-09-29T21:38:57.956117820Z 503 hdlbPwwjnBFAYvpweAUeCDoAcuWN0EXdDGX6knkMaXbiYq6OMHslB0K7sP97
2021-09-29T21:38:57.958754877Z 504 CBlzA9MXcKfeBSz6UH5z6ysFszUh8Sr9m5jyKaceL9gmIbXXp0CX5xM5gpdq
2021-09-29T21:38:57.961103223Z 505 eikzzQwGpp2Hi3Sk3AS6vZNiFfiwtpJpFmoQoB57wqGUICD91JVTaWuuv74k
2021-09-29T21:38:57.963947893Z 506 bACIUV6tpHtLSlY6zTXLZSeltEFJWVuvFmDsOPlxXZnYDcUBseAhTkDlRa5r
2021-09-29T21:38:57.966623763Z 507 FnOhWORwRc8WSD0nMUCJDB4zi0sfaFPHmrBF9x8ftNaQOWK4S8suRgikm7Zv
2021-09-29T21:38:57.968839316Z 508 tbcdIp14TkFlWhVbrM7krh9dYnJ3xWU6q4FOTMt2Y0cqWkW8fDh1scZxf7zY
2021-09-29T21:38:57.970071583Z 509 XSlOHU1jBaZTtWIK7GS4Gbrac7fIR8nhaQqjMT7yyzLQrPDJt2I1ZavPgplU
2021-09-29T21:38:57.972538052Z 510 dlnfIebGz4x8TeqfGOQs9WquD8mFo9OucLlLq3jQlOUOfLc5U7zv9uP5GPHX
2021-09-29T21:38:57.974800101Z 511 gGzP7DhK1JC7NvGEKZTwNFpZkBQRioUsULLJLzlgLK1QuOTd0j5GZ7VpEl9D
2021-09-29T21:38:57.976257703Z 512 GVDv5GPqmIKtX9vyt6CydNisohiNzhqSx4Lutyfgc9nwYzPPMWMjrIoXrYMK
2021-09-29T21:38:57.978763338Z 513 cX4F1JpBnX5pKY7VEb2IWQfTgAFTAMBKqvwBKObgwYNmmyZWFRvZdbQjVxdB
2021-09-29T21:38:57.980207680Z 514 2LjexRVBn0qYkBxB1NnpCqG5jc4N8QvUN3H9TNWBGAJTXUsIMsHHnjtOUtnQ
2021-09-29T21:38:57.982412335Z 515 wSnW2rjFOufQzPVUGpj7GRkOSo6Mgl7d8NL1ftPbnZZzDEcshrZFkjdWHqUu
2021-09-29T21:38:57.984520977Z 516 iM9Bww0HDC8Wnoibn98gddg7MDnx3eIPIKdGqFN7N0cnqXFHQQ2G5yo2Hbl2
2021-09-29T21:38:57.986878064Z 517 kwmN6iKxdNRdkoCnRKyYu8YtLhJ99tqPL8Uftji9vvZI22iVPQTSwVMvEbEJ
2021-09-29T21:38:57.989899074Z 518 Q4hlRg5q1RiLjStSkPYM8UuixA9C16zK6neruKkTX34esYB2nNrAjFYbjNSb
2021-09-29T21:38:57.992025093Z 519 9M7F4d3XalNShkxPIJKO6lg3azIuz2jL930Oif2oDxEiL3DOWxQnkOFDZl7e
2021-09-29T21:38:57.993950028Z 520 CoyE8tfXAK3m6xsI1skbTa2t74qIzigN66N6wvJHYeBNSXNAXQm8Sx9K1Omg
2021-09-29T21:38:57.996188258Z 521 SqL3gSgsIDEXMlg2xuPxNU7u2dJYPnZNAT8iTiqdz7VFRH1oaosnmYYycJ3j
2021-09-29T21:38:57.998456105Z 522 ZJBoynS502ucVCsbTKw3Xk4AlXNLfRLIcpxeyHalDsZhYCdLCPN8N6sL0kDn
2021-09-29T21:38:58.000853668Z 523 dwlnTLON6YOiwLo4Sox680s6LYehKvYecPsLeCWXeTBCBeZ0NkyvHGX9XTij
2021-09-29T21:38:58.003085253Z 524 U8GpWWlbm2n7fK8kYRqLIo9eP1ILWEDRD850sHSbRh9moMKetBw9QyGz6mQg
2021-09-29T21:38:58.005456030Z 525 caGQVywQ83zYVYteT0zimQlHJp3lRcAk1RT42Nk7vailNeJMAkxf09JRKxlW
2021-09-29T21:38:58.007656566Z 526 B5zkfa3GuZCJnSEdaX7IdI8u61O7jFx7TeytYa2S8Qbh5e5Qz0ScsnJRnRhE
2021-09-29T21:38:58.009958715Z 527 mJK9BKExdr5xYLxtzbSIwpy3W4pj1SkgtPl1RcwR1hRRWUPHwqkzTGv6QiIf
2021-09-29T21:38:58.012087702Z 528 6Vb2NgevbIRDFrHkcDUP8j8NabRXbJLwuwRXXKEKb5RXOyIDMxvpsOZZA65H
2021-09-29T21:38:58.014323906Z 529 6wNeuoga19JrzOOC5ozyAhKI1Ord2RL4kWd9SRVkbpUczEopGcItkOCmasBu
2021-09-29T21:38:58.016581401Z 530 jHPgRh9z5V1DzlFyQeJEZmbfh6UjDDautZKabKvsfQwb7nQ3skMmrA1cR9yG
2021-09-29T21:38:58.018989402Z 531 ABtjAjwmBzTYWozSVvnA3UGoVCKHyTbocQEpLQbCmUPV3kEkP0hpAcUpG5Gj
2021-09-29T21:38:58.021422998Z 532 28g8TjVRlKHOHwrXY091jgbx4JEZY0tRuPWw84iiwXVo9wde8M3n9g7ls8ie
2021-09-29T21:38:58.023906421Z 533 77AdpvFVpkilwqWoAUXMdFzu0HEVZxxZKsahzcg1Bevcj53ycWtiNBsf9joL
2021-09-29T21:38:58.025093281Z 534 tkKJtKOYf6JGowHGsnUTqjMSPZOgUgRywBwzdJ0JT04hgeYPtIiExB0HbyxB
2021-09-29T21:38:58.027784525Z 535 DaKz3xd6S0vuB14L0SF883uB474yralPGfxqkVxXcGxgMoTW54NCzYHMefTW
2021-09-29T21:38:58.029359136Z 536 SlG0YqsXLjP8M4Dgu1Oaa8TNv6WlsHmcp4npMZK7jLwOopwWywZN6J9qBp1U
2021-09-29T21:38:58.031729210Z 537 Y6RTHIKdI0HA9O4qY9q4VbuufqXsLNSs1VBAbp6226V4NOItw3KvTNrjP0Z0
2021-09-29T21:38:58.033969682Z 538 gG7Dq8KvRFLKG1gi213n1FFdvOfTOZli8EzyA9UiYRP2qpHEgX2WLPe7zo3j
2021-09-29T21:38:58.036021987Z 539 pWw7NUUAGVLONh91Mq6nKMBG36IU4R3DY2mdoUXcR6tPJMSqB6masGXeMtp4
2021-09-29T21:38:58.038227313Z 540 uKj3wRq2RxaIHomJ62KHaLKYZbxRahOjgneaDe2zf3CDcvT1Rda84ed74Rrt
2021-09-29T21:38:58.040425306Z 541 WEMlV9rYwXJLbK310E0vpuelcAsZfwsbKitaf4axZTBgU3lAtAW9ymqnBlh6
2021-09-29T21:38:58.042794128Z 542 zDRYf13aCMC0rM6OnmqPxtrrfY3OZUuQU7aOp8VYIwdM6jetRMhByLZ08tEJ
2021-09-29T21:38:58.045037359Z 543 gePzCpzRwXWTXm1qyfiaWUmEjvEgKwrJ0TBKtHLa57SxJgUJJGjVCL8y7bmH
2021-09-29T21:38:58.047311787Z 544 usnyXBSK0AfuOd0l5sR6167fe4ZVYj7dTMki3F5L2q79z6GXn0knn7qQdVXB
2021-09-29T21:38:58.049537851Z 545 bTKRa41voUWvRRTrwStu0cAQJVxh78zkRDEdCFc2qXy7S12ezRVVBwsNsiir
2021-09-29T21:38:58.051896551Z 546 AihfYgpXAgUUc4DHvNJQirhVRnRAykJecpNQxC7bH24Di0aKmbwoEWcJIFwp
2021-09-29T21:38:58.053520731Z 547 FPZQ7Mz08BozXpBXtprFvqx6tUg3ZGM32GGxGHlO8DJNwmnzYqH16TwRVsrd
2021-09-29T21:38:58.055264959Z 548 SHhz4M1rr0FLRhNAYKdnuER2erHFHfv9nkAeIGMUIjZ295Ec8lcQVIIlNQSG
2021-09-29T21:38:58.057241205Z 549 LQvRjYPJRbD5JMldkLzUwWhvaXQgnHsPFFYDVYeZkk5VTltnEFqpgnwLBkY9
2021-09-29T21:38:58.059163371Z 550 b9vwTSWTdpd4Qohgk8d8I3jZYPXjEE62zoirXTAGoG6ps3ZzkPqDV2HK3nOB
2021-09-29T21:38:58.061856299Z 551 MJSFCfWtDRghLVnBlPRY0s2HCMEYSYTLoULCJediXbwfVlN52IfBMgvcX6ha
2021-09-29T21:38:58.064055670Z 552 uSYPiwuH5aIfIW6Hy2pWKTv5bkWIuDlXj1lTy0JiPMIX7DuZ1HqSPIRQ03Do
2021-09-29T21:38:58.066691606Z 553 Y9TwoTaJ3mUc4rvDXmXyZXYqZsqLcmIZtMyo2jmf8iWkKMmysrw8mrFLWkHY
2021-09-29T21:38:58.068945122Z 554 s5fi5cShgWAwzofDssJKajfMA6sykFnAkItCyaPJYC95M8uYxS0mySblG636
2021-09-29T21:38:58.072091170Z 555 Lrb9zhVHPXNEVCfPR39UHrygDSrmW2qxEUzryM0ABVjPr51Y0IhvxCK0yhYF
2021-09-29T21:38:58.073982110Z 556 RSU8iT7bsqzBHtZWFO9loJ7We1fUzylO1zaGfhYPSxw84Iqg4U2qwMNgPK7A
2021-09-29T21:38:58.075975858Z 557 Qpf67YYgqP20mGCM53qifQE3LOz0h6sqF0K7wj5EYRD5pWFkGBy16VNosCSe
2021-09-29T21:38:58.079033920Z 558 VoJHaqsmrkIyLCTuLDhBMunkzVMg1tFAk9VHzjpteA5pCVfQR6vq9ZQ0Ls3a
2021-09-29T21:38:58.082111407Z 559 7VjreKFNJ9GhSAu9pjdmCcBNcYsNx6Z2jIWGhnwlREbmm45vZYwuGVs2h4Ku
2021-09-29T21:38:58.084102697Z 560 ql4tw0D4n18hMQAEqC7G4emRmXJen3EhRAHPS07mkNMJJQeMzdaBgJXaFsB9
2021-09-29T21:38:58.086443872Z 561 LLTLJffrg8x8wH9KQVN6lmFvykG4mrFZHDJDpc3S7fGSlMwgf8F9jxJz09PT
2021-09-29T21:38:58.088750563Z 562 TeHoRQeCofOKcpzf2ZJFmKdNnJPh9AjTke4bxsufnSXdJqgfdeiA9V611VTG
2021-09-29T21:38:58.090954997Z 563 q2wEG64aHLaAY1cdfoz5uls9w5686E7cyXnHGknd6HtGyO5JNygHIFUl7yHk
2021-09-29T21:38:58.093909749Z 564 n6wjkkHIFN7U2DTNU5qiYQvhWJ7LazaiYqhdXTz7LVIbdPBqlzDFoCKSYNs0
2021-09-29T21:38:58.096908322Z 565 ZlRXYgsrxRA3OfXnglIrWvMnwILnsRcK6ts27DuodpJ842WKsPhL95UfV9Ut
2021-09-29T21:38:58.099826474Z 566 zrX0chzNFVIhp0J2fCydXTDvcVPOu2D98qqDR8BrWT8fRwrEA7JphZjJVnXa
2021-09-29T21:38:58.101309400Z 567 YCcD1X3Yd0jZv0me4KT5CaExMQA1K5lF6ztcidvh4DTNlUg025loapBKjvzI
2021-09-29T21:38:58.103136066Z 568 PKQ4nsT2nPlnyFvvpJquRsPF9Xlt4pCzDbRtc53sCjCHw9qXfB9PccSb8BN9
2021-09-29T21:38:58.105038239Z 569 z2QkITvozjINRRHGbepWfyJwo3YLs81aN9dL2SsAab68hxUPEMPJDemzG4L0
2021-09-29T21:38:58.106992048Z 570 42GNqKu6YnRt4UFW7lbiX7JgU4g5HGSkXm8qWXANtaEONMRqEE0sVgMCJltN
2021-09-29T21:38:58.109890995Z 571 1OMwllzsT1jVEvH03IMkSTLiVMyECEepMEWT7lCJ9q7EQxYqh1F3AAhQwGjl
2021-09-29T21:38:58.111170412Z 572 hsJS2qCFXhZvWjCeR53OGZw6mPN3NCrpr9V2GULx5ORmyS7EdsF037VVA3ss
2021-09-29T21:38:58.113024291Z 573 bcwGDLUccBgvTFhAun0t875vPWZcYXUfzAjGcsMJ8gRTKpu66BmUqRLyhUU3
2021-09-29T21:38:58.115938903Z 574 8uANLc0epFXCPbaGTMNkYC0XO9jWV0TanTsEzlpiarQykMesltc1VyVmSYgK
2021-09-29T21:38:58.118794174Z 575 Db31xJSiUZo8AwJCejhlBssH6hvXF8u3DOsN5VSz43et6W2LAkrC5aZaJCZ0
2021-09-29T21:38:58.120959687Z 576 Glo0o5sEWWill0C082NeGnF9iJV7KCYWfergF2v7J6MHbRVh3wdDOecAeFd9
2021-09-29T21:38:58.123758811Z 577 03BLvObbZQYmCw9LqvXQfbAQxio8tTIgJEqcuVVyKyMiaMHSFrnFyTmHwpkf
2021-09-29T21:38:58.125917553Z 578 sJkRUjepMshVevMEuZxKa3zdCE0zkCuEH3MXdvWUiTXUaUBQTHKr2CRcfnLu
2021-09-29T21:38:58.128782147Z 579 TW90210pJ8Kt2jQgQDSmyminLaVaWoqMPrQ0m8ULXDc6DBnoFwvguj2KEi5h
2021-09-29T21:38:58.130145443Z 580 FaCWnuJ4we0rAd28g4aiCrhwB6L3eP1V2p2ZnC7NkxTvkrufemgFv2WZibft
2021-09-29T21:38:58.131878721Z 581 dJPsXjkhjpeMRkYCOcRsrnq6jwYngJwbmW1E0ewFbnb5MAjnR12rZM0J8Swt
2021-09-29T21:38:58.134775518Z 582 2U6YJ0GpkcL59SbpP88aFIXwNfQoqKr6l5uxIREEdzd9gmslbXEy0ifpFpWl
2021-09-29T21:38:58.136980798Z 583 ZdQiFoPve6jpT3pwHktwNkp1jsj3uMQJwRmBpD2MjwKIyregRQQwnFLtfXA5
2021-09-29T21:38:58.140530475Z 584 6H5IpJILJnG3CX9cAT6L0RE7HM0lvlFvhoX2bvW11nLa3BCQc6JisTMUL5Vb
2021-09-29T21:38:58.142759485Z 585 g47nbrd9fJ8lyVxeBkSBcA5PRPw7EUflTnCCsv92UXSs1A6eFTtJqrH0Oid4
2021-09-29T21:38:58.145878371Z 586 XT9nCR65hAZ4FBtn24skTQYq8maGt1dz7ZSWkha3Ft1rxpSKcR4ZAgWjAJJL
2021-09-29T21:38:58.148834234Z 587 f3it0C6SV7yd5E6ErfcBejRnJ8KYbIoi3KJr3uCYHJ2VgKSo81q5WHwQoDVb
2021-09-29T21:38:58.150039744Z 588 A2xVAT9V28YQhX94HL2znYMHYav8e6JcVbr9lExeJzfpGK2ccIc45fTJGcL7
2021-09-29T21:38:58.152873810Z 589 ORrppVSAcrX51UyMLHx5L234mtJUKQvCZMRLRANESMoIZVfrrJFOmzrrpkOs
2021-09-29T21:38:58.155793126Z 590 kkzsqnsoxcGUfOzgElAE45AJANNgbNWqAfY2hriQVzuLUQcIl4WAm96dyKJh
2021-09-29T21:38:58.157186570Z 591 I6EkkDdlAAYiASwjjMhirvonyyMTw3xqh4Q99xqW6SHXZ5wZpQmSPzdF77uM
2021-09-29T21:38:58.159110007Z 592 0N5m8zBRmP9f6VRlAYMkeH5Bbw9D8aEcFJKnmGRksYpaaD45wUbQGsopwYUL
2021-09-29T21:38:58.161232711Z 593 XLU4Ojl8Nw3Y67vEhrrex3wBy47yZWIoTPqorPpSxnSssPiDDv0rzmYVUvbz
2021-09-29T21:38:58.164214963Z 594 yzYe9lA1xaSBkpfVdnFmvONpNllVtNz3syTZHPBWso82efcDPKvMXstdQHYr
2021-09-29T21:38:58.165647896Z 595 5jpwenlgsjqkFCTQ0bxFvdbVRcffqMohG9xqTzeSiIVcbClGt6xRqkatPDHu
2021-09-29T21:38:58.167116217Z 596 lMv8UDfgORocSW9NIIFZ1AGwvSGpqMiCWfGswET0XTja0xLdo8MZPSexUxAL
2021-09-29T21:38:58.169840822Z 597 87BNPyHaXRHegiuos2cYrmoyMUl9tJkX3d6V0yDREzM5KpHbwriRLYWNbw2e
2021-09-29T21:38:58.172274031Z 598 V8RDqekxiyglTXm9QxpAozS17HOL4QE66Y4VZHnqG8E7bgKzc1wTjJgsShwn
2021-09-29T21:38:58.173739417Z 599 RWO4Wn3XEcpldeLtdd7bdcTkCz6xYHXzE1W7nTWTzVan1lfeG1PQpHfEYabv
2021-09-29T21:38:58.175084332Z 600 Bfuy280ansJ8aSF1yYrMz42f05FekHTz2MpJOIm3KR0XvCBAxRjgr0voUAV3
2021-09-29T21:38:58.177213398Z 601 OQR24Lc2gqvZYxuDYFoTRFp1NPgBX3Owk5bjksVQWEHltx22zgrbdPxZfBpw
2021-09-29T21:38:58.179630130Z 602 wj5ry3tYw9Zm25HoosNExv800fL0Vq6JAo5uEqcye6gK9ZS0JJAJB6pOR8Gs
2021-09-29T21:38:58.181045891Z 603 w70tqQ3jIx8rcVjrQ0f9OBdjIA5xIjIkOuzdrBIatD9m32W1C0dx8gdexOq7
2021-09-29T21:38:58.183421403Z 604 Wbbj2ROSPhRCPTfJLxkJjVPoJoJYGDkZ7BZY37SpjCXQ15gJmidRZACjKQU6
2021-09-29T21:38:58.186583224Z 605 uYa34YjONzz3AhpjNqIkbp7YcIrj1wltOapEwzkrXnm4Gyn1pFqnqQG3aaTQ
2021-09-29T21:38:58.188610799Z 606 GsqnIassDFobMz8yeLvsR5eDNzo9PQKem2TJHjxvgWi9xeLyz99XqyJw2PX8
2021-09-29T21:38:58.190109635Z 607 0vQqsyGX2Da6gtksQKSL798r7NCVmWxyuO29WeOkKP0LjD8YXEuo45dSpOqG
2021-09-29T21:38:58.192582631Z 608 LdfaVa9O9F9gNBOByS65XpU4wwdL9dJEQe7FA0FoUMTRMAOZtVAuX6ROcp97
2021-09-29T21:38:58.194334405Z 609 8VVUeNEYBFWUSPBAIW98913IjCs4hv96WBPxWI6dZswMRXRkuYcpcGRnPjX3
2021-09-29T21:38:58.196804537Z 610 D9N1Bf5RwVu4vT1itJtHqtzh2E23xvHsox76YuyCBwjBgScw3BAOtDVhPZEE
2021-09-29T21:38:58.199166120Z 611 NlaTZ5sTPjBHTnzbcpcbimIycUE10LLcLlSpCLXLoOiXhtOxQzmtcUVHolsJ
2021-09-29T21:38:58.201596391Z 612 EyHHnquNfySC50BvRecflG5GZYkcqOct8ZITtxs4wLFG0wwBVAwefmhcym6u
2021-09-29T21:38:58.203868496Z 613 rW71YaD8ZHNxcYiHD7Q7QEq6SkJyRItMskEfBuNeWjwb0Wz6tQ5uk57Vr72L
2021-09-29T21:38:58.205444779Z 614 pzMSLNGgmowrFGyuuph8u8Xr6BdEqQe07aRZxGwnlCYOYjNk30gSI9LhjIQN
2021-09-29T21:38:58.207370279Z 615 mohK3SqusvSgYSzB0z6RX47xhZgK6CEKB2xcPxZ63hmSF8P5nFViokBZXgpx
2021-09-29T21:38:58.209475955Z 616 S5T4WYwCAdozBcJPa49lYme5kIHYRnySERlRN19kjgnca472Rqg0TyVS9eR0
2021-09-29T21:38:58.210981726Z 617 8VNeWlzvnfup3ASlK71XUpJnVmscs365z6maXnSOCaMJOlqcFX0PPFP6FaKs
2021-09-29T21:38:58.213810094Z 618 3SlgvEAc2JRNvlIUi1CrKxQcLXQOcEIrYCB4DinZZbeoroNfp9iTYaM1YCL3
2021-09-29T21:38:58.216059927Z 619 8t5qsaCslHKzh7iS2YXvQ1ELoiSFrPJZWxLiaK6yuQgnYdzDELNEucaovMWj
2021-09-29T21:38:58.218987521Z 620 THglQkrsVStHEydMwkf54NAqRv6agAYg3HeQvaQxKGl2LGMU7TnseODLo8jv
2021-09-29T21:38:58.222096483Z 621 FcDAemvw7pngm33mtRBFGOFVpRpE6VdXLNXsiHUuVb1PVGTRm4uW9WDFnIsJ
2021-09-29T21:38:58.224430970Z 622 zbJtzk9Fk5qIK9m7lxGHhky1DDwOItwp9GEkaDCedgw2C5s7j50jrAvflo0D
2021-09-29T21:38:58.226733485Z 623 GAOaAz3puXjaqhTa82B2Lh7jZ3Es68yvtzB9DHmhN4NXwfJRy5fkoZ6JdXID
2021-09-29T21:38:58.229218547Z 624 LRPrtAetUL8r5SMxG59dYb9YSX85nlFVkoumzslntFgXUqVzwM980CZjT6OI
2021-09-29T21:38:58.230212874Z 625 6EFEaLI2koN5KqLxpO2GwrMxKDngDwPXJqYxxdBIBzCYbQKNSoNX0TZhRK14
2021-09-29T21:38:58.232300243Z 626 LtnCooV8iM5y1Tb1E869wqpo19gZaR5rA5mawFqmimAtB18YI9CaKv6b6L24
2021-09-29T21:38:58.234390918Z 627 9ikEqSExqAEobHRx70qNTYU1HBlaCV1uk3Vbd0xIjIZTHQc2xXCfmA1cjDHg
2021-09-29T21:38:58.236146600Z 628 GhX8JTAa8MLqVT26ThmAjOHBzS7zV7XnVFdlalRwtneg2S7hoanHb9c0VV2t
2021-09-29T21:38:58.238258125Z 629 eLsU7YBVqEeqDqvktxlWGokhbmPL4c7x9HfKGFwsmzqCW8k60SbFHzDTYKpT
2021-09-29T21:38:58.240382953Z 630 b2A6Wus7SBlBwSlI6AjfpYGH00byKm3KXGOQhjHsazmXjUfyp6Cz6wesQSZH
2021-09-29T21:38:58.242132468Z 631 Dceis2fgx2GwMb840iog28V6P939W5gKvBs4MJ0XvmVnaRLLcDTKlXOr7eVz
2021-09-29T21:38:58.244333276Z 632 tknQhW7MfZUdcGUkPIIOFT3Btb1VlD5dOZe1mUSIu22JWGHifqU7dafGUoOx
2021-09-29T21:38:58.246050248Z 633 VOZN7dyvxvsrD7FBSHT5cfNMRAoNc4Ks0gd9sQVfsvyJrxFG7Kt0NshSNRpd
2021-09-29T21:38:58.248456765Z 634 cuvfxH6pETUwHXMMwnGKw6rT9fetptUFsztQJSc6YLx0Zj2MJelXhEzBdli3
2021-09-29T21:38:58.250258658Z 635 8CQci7slUSXuK3P1yufztjcvi4bjRLm2OHUU4oDb0ZdSSzpvHmEgsQ06tEfB
2021-09-29T21:38:58.252575968Z 636 N39A1Ya0gE2Vo7TiYAWKhmOcMQywn6m2tNiJA1FWM1Us2aJUd98xEglK5aax
2021-09-29T21:38:58.254731280Z 637 po7A9IiOl5OFHkXSC95rQgajtk0a4aL4XByVgBDC0Uj6SUGHopoIHOVCTyfv
2021-09-29T21:38:58.257038932Z 638 mFK1TSJTgejDRAOvD8E6wALVQQRPpFz56STc6W1AFEUVsU5RoLR4LERcwcyT
2021-09-29T21:38:58.259381264Z 639 FNBmS5PBGosHn3FmJzgiAj7gtTU8Joox0g0hB80n14fNA7GgIo9YQtB10DY8
2021-09-29T21:38:58.262221455Z 640 JLQE73hfUKDEfIaMivHK21LXTD12ff7ZCGDPEUIeeBT4jyLE9WeAUcE41k7s
2021-09-29T21:38:58.265114129Z 641 UDcw5H18D2hSOUBt9rJPjDeD0X8VRFonw48UMZVEryTrKJKpyKv4X4PE0RQb
2021-09-29T21:38:58.268185199Z 642 P7J3oELOmCTzKt52m0lvoaMnm97XKiml1mexd7Os7v9acFidPGtZeelA9yBw
2021-09-29T21:38:58.271110362Z 643 t8Oo8UEwugiVa63keaD7eRF6U2s5DsEl6rY84OiAQyjZB4Aax0whpxcqOGxi
2021-09-29T21:38:58.273801699Z 644 v0gLbSzhaXvYd4gE6A6kBDqkmZsQcvZvUsC4IRpMQe2RtY1Mvjsdt2UgJC5S
2021-09-29T21:38:58.275836593Z 645 tBqZdqXopaBDCmhwJoAaRhnoeo4XutxpPKwK4d3K0RqB39zJxRBeBjT5shaZ
2021-09-29T21:38:58.278373975Z 646 2sIqafgk8qki5DPMONXADOCKJ8fHPzOg07ywijhLKf3FltviGisX4tc2UTE2
2021-09-29T21:38:58.279958974Z 647 lwU7tmQMsqCbm1lE12SE5aIrsFlI15q4lgDRfQOdySKj57wY6kMujFrTJrpd
2021-09-29T21:38:58.282929586Z 648 mpZI8wCD8bFanU81pKIXBZ7K4G8NzrbZvrUqrfo3N1910kZ0RfntJF8D55On
2021-09-29T21:38:58.285831053Z 649 iIDIaxZ9r7HEciTa96h5GRtdrmR6jl9t5tO9e06CVWb26goiAdG5gvOf5oj3
2021-09-29T21:38:58.287209396Z 650 np8eFMvClHwVGSBusxHuRXhGeIYgG4y2oI7KmemLzDQhnjsk004HZyqOkT8l
2021-09-29T21:38:58.288969542Z 651 ZpmHaQGdYWistW1MajozXCk1yD6zDZahJmged26LROqWysh0WccKriBuFSrX
2021-09-29T21:38:58.292219822Z 652 cQYsE5uUE5OV5vyR6UfIhksL3ssTfOADEeiCm1bYDgYQYxKgu4jarYCKn6Uq
2021-09-29T21:38:58.295118240Z 653 pu1n0KI9qO9hiSI3RQRrbSfcufZRQjXuR6zwlohKifw5n7EW1nZrQWnOQ2S6
2021-09-29T21:38:58.296216478Z 654 l656ezKfG3kx1ELhkZuk77v3aNYy49ajRBIYkqyGeIPATCIkUnpXhOFL7rAB
2021-09-29T21:38:58.298827330Z 655 zA8WWydEDQtHczMp4LuxBzqNTa4gsPysaQGPbJHPo2horUCuEbZnsrMQ3USD
2021-09-29T21:38:58.301013987Z 656 QynDo18PkJW9mudH10QoTJkXuqxmls2eoN5jW7Of0ge8tueDamiVcxuIEVIB
2021-09-29T21:38:58.303572457Z 657 MFSDMCzhBPGq6oora7t9G0Dv3Q8KN4SW2m9uwBhzRkpIBUbgDgVTdHYTL1gg
2021-09-29T21:38:58.305309186Z 658 DQsrdhEn5aVyCJayEmzrLQ460NzbQ58cdv7jC0E4ifNuQM89cZsps9Dyxws0
2021-09-29T21:38:58.307331129Z 659 JP932qKgvrO47c9hqPRCXDdUcCddU9sKPeum29SwA8WVxyB7XDoTLyGL7dv1
2021-09-29T21:38:58.310170100Z 660 mAj2wdnJsNlqkX8j2PNEmgfdnTo4aa3VKLJmlgFEXEiyeMjApUVupHGhMQ8h
2021-09-29T21:38:58.313048582Z 661 AIbnzl8wnOLdQBFQmOP9TQQCEZ5FFiHyYtd4gTFnHeSSgzzTcSFVxpoFcVZ8
2021-09-29T21:38:58.315133913Z 662 14ushWbVyNKPHhtMNfbzMmEqdmjdbeKzIfpb5IONBnOox19bTPPfiqJr6pcV
2021-09-29T21:38:58.318124064Z 663 BZ4ncrY1xjfHFGdiEl4tFuZyR8RHrti0fprOH9TmBXQYdzQm9zod7PBvfcyZ
2021-09-29T21:38:58.321123885Z 664 yMxDWDoff62LivvS9i0TI0dmY9zuGr5oFEmGGhv9evRPKIFOK2eFD5E8pw4c
2021-09-29T21:38:58.323209270Z 665 S2lD4RPiYHX3FUM6wog2BB6rGuGa2ZLAXAZHRATkhd9C8xXJvsJUbTTInsjM
2021-09-29T21:38:58.325128851Z 666 sNqD86E0amdOHveHATtmfk7bKesl05CSk5tw4LLWpF1jsNmNXenAGcfCRc0P
2021-09-29T21:38:58.327102242Z 667 n19fUadjwWBeH6yAdsXW3sRNvYJ1ScgFi0X02ElYoKpRfogO01iDQdZ79nkP
2021-09-29T21:38:58.330115541Z 668 5qCazIuF76k4hkAgoUwtiN7xmxZrIlbwO9jzGlWU6XkVTPUolPmBx7kJd8Nk
2021-09-29T21:38:58.332045774Z 669 kVamfNg2lLoNAu0p61wTqcKJloi6UYt02tlPSJ2eUabHVHfLJW9EB54Zr5nb
2021-09-29T21:38:58.335157361Z 670 MF6BnB3PnDvKPB2Sa7nUseIHCT6bILZJeMZJtop1Ey8ycr1r4pUT7BcLeaGW
2021-09-29T21:38:58.337141570Z 671 CzXlZwkbRhzQWMJEOU27GMZUp9kuH7Hsput4OwQG0zAptTf42DJt7nNYYWL0
2021-09-29T21:38:58.339203650Z 672 c9Sz7nWfrKwOiq9swm1PuwtG3bHOEY7iwiXefnx1aHFfXio7bboS2iT3yxcz
2021-09-29T21:38:58.341252766Z 673 DrRPOCjzg2ZIVvSohML9Nf3kDbJYsjwqf337dwLcqgLdE5W5XefbDt1BWWAQ
2021-09-29T21:38:58.343189224Z 674 JuNLi5DoOgDpe9tWLpMECg2PjITrTEv9Q8rLGq9oktUdVYf4YmOwFvsHf8lS
2021-09-29T21:38:58.345111973Z 675 BdKUnQ8ohMoCCANP5NhwRmkyVzQp8cjYe898GV9TECbFhz9cdxADTAEtgj36
2021-09-29T21:38:58.347222735Z 676 ViobbNGW5CnsN25ddkpz42IzzUrRo6Ex4WMVzEETULk6Oy6QsdKyMjVZtbNL
2021-09-29T21:38:58.349050618Z 677 bbpD3RbZYSzpmXiZGsw6MJnjEtoY31JKxfbjtyCL28MbNx1n5oSJvzBjDrAj
2021-09-29T21:38:58.351334523Z 678 mmiZJ88ZuFbeKHs7mU2IlLzCA3TGeY9nWWJNT9GFm8a8g7goPhSZjHEgj5wZ
2021-09-29T21:38:58.353608665Z 679 WHsOxP7RRWEJCFm2E9IHpI4n17JCRtgrECiHVMa0E6aOqDp625z6dsU1MqAJ
2021-09-29T21:38:58.355861227Z 680 AHnFhgSDJ7b6BQlcif6hEE7gUYpuKbxNkaFRNvjHKfEJmepUSNJLgFP4yRjl
2021-09-29T21:38:58.358072898Z 681 JzYg9YeZakFeW1UcIiLi5mUcadFSt9Ys34u7V4SL07fV5SgLYHUmdI8nVsWd
2021-09-29T21:38:58.360367630Z 682 0bo4hE1cLvqYMApNRdVxemkBmEj2XmQNwlNlxpdLSAKhIrk4DRpnWe18d2Hl
2021-09-29T21:38:58.362161578Z 683 XKoQlvVWqcCnrmEu4vQrt91ojH3fHpNk3R0uS93Nv48bU4hmb5SSyAszU61m
2021-09-29T21:38:58.363991260Z 684 UeYMqWfZg0q2rTR24low5AmcArsWofTquxEMYbA4PJQK9m0CFNFeMfFgYvCK
2021-09-29T21:38:58.366941807Z 685 SQsAmStXtOsUUNPH8o0m2LzLoKEXzfjDtRpKS1luV7QRqVETyZdRaIQPLBUz
2021-09-29T21:38:58.369790279Z 686 J9OqbTuPK38yfWpotMZUMWoPXIoEtDthXBH9tS2ZRoLtFF0zSxSsYmu0lVlE
2021-09-29T21:38:58.372102733Z 687 yUfUCUmSx4nqCrSVQ4oZ8hxLbSEQaTFaanomAoCmk4vuIgdZn9BiQlVqkiQ1
2021-09-29T21:38:58.374012513Z 688 tUee0R8SOmZKuVk46RZwdxCvgrfeXvCJgAne411iXYRB0i3GDHLn5N1ix9RG
2021-09-29T21:38:58.376024635Z 689 dto8JhOjsp2qLlpdcq144qZrpDEqB5gbdbVHhwfhemzJdXS9DE6wDO2Ucil3
2021-09-29T21:38:58.378056776Z 690 tHxKARPIgI6vAb0CAsFLHRccoHHxAElDRY18fI9dNFNlYhDovHosn8kntBqB
2021-09-29T21:38:58.379983129Z 691 sFXTrz3v3gUhmwqjKr5szneCr6tPwfat4wT84WzdbXRmCZS81TxPO3ZEDLHV
2021-09-29T21:38:58.382018029Z 692 JgAerhnEOZEK7KOGM56615PGUwozbg4yPLsUPGg0ygBhAENKiLpa2pYIhhbr
2021-09-29T21:38:58.384165738Z 693 o78eDmX9LCjRszquFYH6YgYk6E0n6W5PfSqcei1sdh9qsDwx6beISpPGq2mn
2021-09-29T21:38:58.386463710Z 694 4ZlHoh0hclfLorT6qQDIRpZuh0Ec3KQipacf6Kt4btvyuyfyPKZE8AC2nPIK
2021-09-29T21:38:58.388753619Z 695 Qt0aR3NPjUNLb2WRJ33JeMA1YOpqNSzIN9ZzqPw6LayUwJNN6ufsTb3XA6oe
2021-09-29T21:38:58.391030930Z 696 Qp3CDE1KrCfd2ZrEaPNzOXUHwZYadKOBnRYVHLqdRhC3mfA9FOvtAmoTssqh
2021-09-29T21:38:58.394046116Z 697 QyKBjrjZptQr74770vNybgV3Gbwn683OBpvNTHBorIaEumhXCzUOEVBIL8dj
2021-09-29T21:38:58.397455745Z 698 7aB1NiWWSpCl5u75czxGDHLgkUSkSVt31xcWG0hUiJlJX1xNZ5qm50LhbyuW
2021-09-29T21:38:58.400019413Z 699 9xiQmcD50Exz2ZZBjJnBxUlzAQZkbjUbpz3HxwYSj2Ef0rDLExjTfGmnXUtB
2021-09-29T21:38:58.402920286Z 700 Ofm2RbqAxhMdsIMFSbEBSzNIAALeOzEnVpWKumIR5Jya3EIHBsOfVTbCOZHO
2021-09-29T21:38:58.405770850Z 701 gOEcDflgGjlPctU63toCK26GY1DR5TOnCeW1lamJennhnMlkXwOBFAqlAvPc
2021-09-29T21:38:58.408633098Z 702 kuosHmvgzeIr1mGo9SFcB97zHqr6SDVrVkOGkVRagRL6pPXdGy4G2m7C5zmK
2021-09-29T21:38:58.410778106Z 703 Lx3XOxsD4EJyBdlG7VtAksrUFOVqLp5OBwfFc4V4dFUwue2wUCAVjHmIFd5i
2021-09-29T21:38:58.414052354Z 704 DjpbIwoxW9RDr64jNHflDY6bazTL6FYYdgVJJa5jqeNZzScdrF87s309gpGc
2021-09-29T21:38:58.416504414Z 705 9tEtmWGMSLMLagHRR7Be1Q8KVqyHmTK0v2Fjio00ODNsvLkTIZZYqOGH63Zu
2021-09-29T21:38:58.418951428Z 706 Nx0dGjkqRC4iVsGYeoeLgwGYePA4ALh1GqijCEryVKEUbcBs4MnqNeVB97zS
2021-09-29T21:38:58.421421474Z 707 usCV6eFZzdgT6mblQQ25HoRAdLfXxtGML4kwdug4n3wuMDfuUQ1PwREp8LeR
2021-09-29T21:38:58.423874640Z 708 toGZcVGcDTcR7yoI5op24Ht0aVrRKTGfNcQCdFc1i0LdWviriB83pid866u9
2021-09-29T21:38:58.426640606Z 709 5pDE2rL6kSI8jTSUS3LXK6TY0h5C2klbW7SLGZ936yhPs6zhmIWpnmd4oamI
2021-09-29T21:38:58.429414065Z 710 fUSlYpBkz9sZlHqbyvvBEFbKX6R49jbzSuy9ixCbSuh18F9vfUC0JiQ47IRH
2021-09-29T21:38:58.432809384Z 711 9P8fGAAvCY5ycOE1uDw5j0dilIDKZNcv3Xmxu6W8qpdsxMK77aaTHZlZvJ6x
2021-09-29T21:38:58.435286457Z 712 zGuIeSwN9WLZSkkxHKulKPTMGu0YmPfhIDV1EH4eN5p5y5RxHDAjcYo3Reqi
2021-09-29T21:38:58.437727085Z 713 Vnop7vwe9GEk4xQoZixOjzNJgJl3HiO4HSCJJClo2EAkCSf5D8IOMU5QgJKX
2021-09-29T21:38:58.439986719Z 714 5tHmk2wbG3Et4tIsqgpaE6LbJ40Mqm0tHYZHGKuZ84lz9xLzheljo1cnMAfA
2021-09-29T21:38:58.442400289Z 715 3lqIcHAScjPpk95mnmYCglvLkxGEnMUHx3DXJ7nzCAzoBzanv5C8M2JhUZXp
2021-09-29T21:38:58.444780102Z 716 oWEwfmqSnuLlnAGo2o8ZzrgLtG7PXIhkCcgjQV1F2Qs7hqtHO48ecfqlHP9g
2021-09-29T21:38:58.447149045Z 717 LQxfrmqNlW6KDSSp2e7anD9uSezzCzV7HlmQXxoljZEMYKLHT1ot50o5e9DL
2021-09-29T21:38:58.449645408Z 718 uXuDZ0u4E4CrTcDtk4zZWlRYTQy9sxV9mtP0Py8IkPSXmQhiJRgIcXLdQM4o
2021-09-29T21:38:58.452855368Z 719 gy4bP7ZI1X3RdO6vQm1RqtWrAknDQWwV7AFpehjhvuBcybQB1mq73IuAgQ8m
2021-09-29T21:38:58.455000170Z 720 fMlFHQJUlQOS7GVgZbbLc6zUFM7TZGZBdDY2Wju6qMU6XpksqWxL1uXUj5EQ
2021-09-29T21:38:58.457402459Z 721 rj1qAlz8lm5Eu2yRpWWcOg3k7MycZN43myO6Gm2Mqoa37Q4R1hvxUTb7Pp5r
2021-09-29T21:38:58.459846530Z 722 T9ZNzLFItLgnYXmNg0ZoZ5zcqhetQwQRS9ONbohCLTpr9e8eppOJIK7vAbm1
2021-09-29T21:38:58.461912409Z 723 qGyb8rLnwV8Ki2daA1w1NUYt1TxVHs4nYbgVWHB3fUU35Xf92wVKlhsgmoDe
2021-09-29T21:38:58.464327141Z 724 Y7DsG57Vkm9EqOGhONbaFuwrJ5otnFlIjrrnoZxpfu2iSLg4HILHnDDW8r9z
2021-09-29T21:38:58.466818170Z 725 qJoautQjQNftb61ZjPgFUj0OBT2dCEwaqQ4iNHEZNUnebl31d1E3KsPK8PtD
2021-09-29T21:38:58.468928925Z 726 6cho8sJoDzlUc4K5mTHU3Er9SKmIptVwDbnENkFoB2gPkDZavocVyfqzvMCk
2021-09-29T21:38:58.471479982Z 727 dx3puxUOPOo2KYL4XS7jssfVJvnRYzW7LVaxSwmpvUXKV0ihoQTWK3Hc9lLo
2021-09-29T21:38:58.475736895Z 728 Tu3vwrJwtnNhp7MpWXE5K8ar6tCqiCUWvZbAtswOnuK53dI6ZComXLfDWIK5
2021-09-29T21:38:58.479223102Z 729 DZPTa8YuT1NTrpiO41N5yvbfbZb2Dog64H9s17cLpXL0VNN37ArUKaTlhv2Y
2021-09-29T21:38:58.480016624Z 730 i99P5LKVHsRWCq9mDdEt8E6SdhBbORroXA1eDYKGwysOB7cx8v6QXfTMrLdl
2021-09-29T21:38:58.482424652Z 731 UKM2EFp5gTMRyGFezuAeAqHDaWs7caFK3I5npbMbCQj5qBFFqvVUn120cENl
2021-09-29T21:38:58.484363975Z 732 jYIT9yUGumlK3GPqyX67YkVRV4EIXCsjLkGHINh4k54bFbkSebUyquNlLzmj
2021-09-29T21:38:58.486270598Z 733 ST7XowT5cuOPa7TO2PKES6vcfxyMjJ5QZC4mO5442r7FVuJaWCRf45Z1mmx8
2021-09-29T21:38:58.488191721Z 734 UlGlBe0TacTPSjZoIDxwj2MocQTWjQFUrECHs9VkpR3gbSNlnqVcZeOhI0F6
2021-09-29T21:38:58.490954094Z 735 AAQiZS2plCyxpCztiJSt8n1InQfliyMph4IgoevwE6qIgv9b18vGjXQjSNac
2021-09-29T21:38:58.492059651Z 736 UF9W9IrKqE5XzcRRxMY6WvR19fkWUlVjiLGxq5F9yQl7hTOHaodFrDE6VL2M
2021-09-29T21:38:58.494609159Z 737 5HOldOoCroMM85VGvQWB4egSKIx3fE8gxMABSpHQn1JepFLrhhFpskXR5xh4
2021-09-29T21:38:58.496909271Z 738 Sk61OmdFy5N9HzVYwJtAzlardgIeU4qpXyF9wDXEp41Zwzc5EOCoTbY5SbnX
2021-09-29T21:38:58.499112702Z 739 a3ZtfdaxIU6y5fVgX0vTWLo1NOy6sN7ZwZI7VHZ4PIUcDpmwR5n0UNCQoAPs
2021-09-29T21:38:58.501534205Z 740 R6hVXaqYneBQaQEwqnwrfwJdUHWGwSxYW3zGbyCazdPamriS6qnoiUDAscXI
2021-09-29T21:38:58.503239648Z 741 gFNUqU7cuuyyBFLTD7cRmdtcm1H7lfc9BrnxfP4BXse169xcedJzRs6xGfHX
2021-09-29T21:38:58.505726435Z 742 OsSasnIK1YLIXlbEULbPdXEkOfTFCtnWeopLjRZqwif31WNBWhITyk8uPVUs
2021-09-29T21:38:58.508199726Z 743 nxIwZOiPXlOSSQFioUxkrtvJZZsiCUqnrgvfhSmK4w91IBNxQhHwz6RVtOtF
2021-09-29T21:38:58.511233371Z 744 SxyNzTAJ9tIB64Lg53rBlcchuqdiiZbVtTpzxmNhbfjR7D6JQEkMyLW24gPp
2021-09-29T21:38:58.514154247Z 745 TyDrYwiOwERdLpspOXsDrJqjhvaBFNemEb6bb6xBUSTGUc8GDytMIenCwOVX
2021-09-29T21:38:58.517605455Z 746 KtlOW8ltBpcKK1BsUXTDJ4TX9ctzEz7DSLXuiOF2Ea7iHUmdTkLGbXaYTOqL
2021-09-29T21:38:58.519694023Z 747 WJy6In0tvEGhYfWJtGu3e5TsxOFG2UPunD0x9wi3ca7RvXaZhb5ES9k344gs
2021-09-29T21:38:58.521133479Z 748 nbXVZEkDalnQsSYeThHOvdBdXd3e8a6YmcYvruvi559Lwcw356h9JxEsA9b0
2021-09-29T21:38:58.523713500Z 749 lfTjHhh9qyWI13jWGATsmZ7fVEogk6p4jmihOCi0OWEpkG8U6wREDutJQzsE
2021-09-29T21:38:58.526226817Z 750 V7n0toljnFbKvzFx7fDEXp6W3Or3q7mSDE6j0fObKrzgUh2RtH2MvzAbBTqP
2021-09-29T21:38:58.528912866Z 751 k4V1TleBYw1DalkMROC0LG4x5hbLNvVzayaO99YDqpmTH7V8tN0VGZmNiYig
2021-09-29T21:38:58.531146262Z 752 JOlGt4U5NKQcGbklj0fSFyxbuv4j0LcZSpVtIdvJxn3NmhgY5LIHrD1TJNHb
2021-09-29T21:38:58.534023201Z 753 4RMyP7B085d0xS2vKBbpknliq2YhJYY2ZJNRC9lRSm2ZSYpQ0XKH90Op6h5f
2021-09-29T21:38:58.536875548Z 754 anw6eKDuP1Zg81PxsyHxugguEHAqQugTZS79HIYxJUSfdBp7x19u9OReVG7N
2021-09-29T21:38:58.539121256Z 755 E8fx4UZ4GNiDAfLCIRQwsTTFGmHPbAyutK8dD4mLuyn64SesF86sUErJyFUm
2021-09-29T21:38:58.542113620Z 756 TSpulYGx0oB1XjNcLCReEBpgDMDBC0HHmXUyuA6Mr6Ur8Vdbg53kxeHoXv9g
2021-09-29T21:38:58.544259273Z 757 vRTxJWKWMyZzEMMnz3VYV7YYPQt5uj0d9z7GyhzuBwtXXn8nJ0A2U8m755Fl
2021-09-29T21:38:58.547271349Z 758 AlZnpQSZa3DUSC4X6curEQoKe2qjWxP1p96Abls4KreeUtmxoF8PaTFo105L
2021-09-29T21:38:58.550231852Z 759 9Kyg4KUxWnxTT3vV2MCTFxmC41xk7dxnHAI2mVWH3iJyGZ2FcBr1EkUCCn0w
2021-09-29T21:38:58.553343836Z 760 sqA94BXK7Y2sMGxF2acSKG80jX807IN85prFcM7Q94ngpM4Jq4ro0ClMlGm8
2021-09-29T21:38:58.555415617Z 761 CrrlLC7dOH9TXuyMee3RzwxLbl1r1ppoF3o9H8OMYUXBEALY69sXzK8wPXfH
2021-09-29T21:38:58.557244071Z 762 pQd2KJpT3bc0biRuxbkQuOiUkPqFG5Z0QYbODfUWFyxWT0IRQw3cj24bzX80
2021-09-29T21:38:58.559961234Z 763 N20SlUiu0rO77DRa5I6xizLHJ6yOvLwktOxmg6yqdKXVnnZYvOPmdNE8tsxY
2021-09-29T21:38:58.562820891Z 764 P7vGH7YLxxOynyn6zTb6Spzw0NP81aaf372CMAMTF81U5AXCXNcIiGaVohxT
2021-09-29T21:38:58.564423978Z 765 lyb5yVA1p3SP3ocHWcSHoDD6KQnRoouhnG5LP31TkTalFHH6vxnPAPdttCch
2021-09-29T21:38:58.566254753Z 766 Ew945gvcdZoMHwgPh9YVgym4iUuf6X6QxVTnIFu3AfE5jIrvr523qLwTZtke
2021-09-29T21:38:58.569093027Z 767 UEU5tCAxXLSuL6AWMntPdTRTgnMBVlVzGhoKEB3GZlemqp0b5Ff11eOBSkJr
2021-09-29T21:38:58.571842253Z 768 XkLTeKTJYUxaDDQoN5YnwcECLuhKflv1cL6eNYMTHZ13xAL07KW4dYZRhcIq
2021-09-29T21:38:58.574051591Z 769 TWCHUGKx5jIT8p6GJeTkwhAfQBowPuR4ftIIqNruQlyHj9Ul3iisjRGFz99V
2021-09-29T21:38:58.576782053Z 770 GkiunBBydCwODmtPHKxrDS9mMHFGujkMfAQPkNIvC4SZTk4JrsDNzOeCVCno
2021-09-29T21:38:58.578465050Z 771 vADZa4Vuh6RPClt19mP6cvYhRE1w9uSNXSQZyoB6k2vOVRZh01pw09lwVr5g
2021-09-29T21:38:58.580016766Z 772 mp044AtjVWPrB4zJJie59MDSST7VF6B24ulzRt7RCrB2DPnNbUtPnYZr9m1s
2021-09-29T21:38:58.582863244Z 773 NHlNiTHS3tL04z2DQc2O779yVFiP30BMKB9WVEIIvfmjNGMitJt0iJQcVD7D
2021-09-29T21:38:58.585229560Z 774 RCerIbJnLnknL5KaZjlOmAmJq0w0Fb3AJuFeSP6zrVruy1ybhamdVZ4EYQ65
2021-09-29T21:38:58.587120853Z 775 qI5VdTWXMQ0jFX4JOJ3qrOXDKKLIgD56epGHxlPkMXWQ0UksqBYTVlNK7OCG
2021-09-29T21:38:58.590183628Z 776 iusft74o6SjqWnYKPpi9ahqCLrwxstIIjeZDnir8I5pfv8cQpVB7lvhiIWea
2021-09-29T21:38:58.593239386Z 777 ZS3BTjTpnSz753V0p3jaThhTorB8iYFqrLkrSiwFSVd3YzlLZNEcQ51k0Bgy
2021-09-29T21:38:58.595184101Z 778 UeZve0CBxMcbRUjhDVHHyf8xzzprYPZDUU21CHZ69dJBD1yspzceSEw9Dj4N
2021-09-29T21:38:58.598259867Z 779 X9srt5hc29YZP7dNh32ANrDaiLOgUXVwu5CGv74d9kLoo9QzdT8N1x4msRld
2021-09-29T21:38:58.600221702Z 780 T0p8g7M3EMC0j4VNmYoAG2VyFCGYk2FDXFDij20KaeyWtFllsOPY8ovtdfj0
2021-09-29T21:38:58.602767312Z 781 vOS9JzTomyJk6mAMeh3aKwvuHG0r9LLRIg5Rx4S73gameKfNZkLGJoSgSUBE
2021-09-29T21:38:58.604197679Z 782 7GM9Agtj0XxFZ5xcmFqkkun4Oyk8DVGUlPhjVj2XJFgOCwWc2nc5cYHWn4hX
2021-09-29T21:38:58.606445239Z 783 Lk5hGG9gVo7Sy0ga1Ax40mvuGA8JTiMFJINyJxt9wohRwmz7y8jYhgr9Bh8J
2021-09-29T21:38:58.608317121Z 784 qnck11MWEAbQgIbS5qARNbxVsCf9E4IGysvpn34f9FbVEgoi2j0L3Z1cb9vi
2021-09-29T21:38:58.611105037Z 785 qn5KaPJR0ATXenyl7kSsqc0HcWNqKQpCugz0bQt0Srf2sdQO7LDdZqGJMshS
2021-09-29T21:38:58.613782236Z 786 PCXN0fTjkAr15tjQxyh21JEnKUetFJ7wmZ6uKXWJGCcyrkPYaEGcE7JLiW8u
2021-09-29T21:38:58.617228974Z 787 JlpO8ee72Zb8qY5kEpSizTOZsulS8g6Fj4uQ1UMtgGQmgnNrIM71LrW4bI0P
2021-09-29T21:38:58.619907942Z 788 8Qphwg61nBz6dmpRr7FyINYMgetoo9TmxGJLCVP8sgZjhkvofyHBXMAqGd8N
2021-09-29T21:38:58.622065666Z 789 46PEL0EhvacmQoohV9rbyayUkDO4t0WwLoTov7jQjwchdbIR8V7KNGybRQ8A
2021-09-29T21:38:58.624243436Z 790 FRjSplON3Cklt6XZ6PBJeK3RvILTPsq2k90jY7rnhzMaZIfqWpdk9gpTierE
2021-09-29T21:38:58.626966217Z 791 ZkguXJUGVhmwLVxuXdcFQyqRAGjPbxUUGlKDmAaOueTcHnm7HLF3xqRIuWcR
2021-09-29T21:38:58.629303156Z 792 gQhKbGUgNg5Rqtg8MIjtaUcHctvkV0qwKtB0lTy0civgyqL432SVyH4cFfac
2021-09-29T21:38:58.632038914Z 793 N7Ott7NXCEUrtaHfRWRjEyvdgk8wF3YzJRecO0xsooIbUEHrQMFMCf1blXUk
2021-09-29T21:38:58.634462719Z 794 SKKyZw9pZHx13eFWCnUOPVmSxk9kVdPLSQA6XHTEvQGT3PCPKrZVhmtBlefl
2021-09-29T21:38:58.636856954Z 795 19FmjRlrFqiHPSeXr4sZVBjlpb0IUw7tfty6Hnvf3875R16r49yp5QMbWGQj
2021-09-29T21:38:58.638935791Z 796 fxzDTTjmULygGEzNyyMVNLhqyvpVQAQaBi6rcB0ZGeiTfmoGes6JSJofi6F1
2021-09-29T21:38:58.640968019Z 797 tXHmzqh8wobaQ3bokp98KjPJIDRcebiCcqxbFZ68jK48U1Jz4YxgIVg7A0C3
2021-09-29T21:38:58.643059679Z 798 EBqlKb3hmAt7toKhvttPdN0rKwX1U2rYYL4sMODY1qfyxF29rDt8x4TxaM6V
2021-09-29T21:38:58.645099513Z 799 tv0dAwsApDpYATxoMw4EkZtFbR1VpQT5GtIpcIpLazzEDNu1DX5PZvk6Aw4C
2021-09-29T21:38:58.646965316Z 800 cc251EEA0FhAJgUx5NaWiP3ULNAll6u4z91mGEzdzH3TxidZst32z7hkqCfm
2021-09-29T21:38:58.650018709Z 801 vPhzWPeA59fFjPzmv1i98bySRODT4oBsGHgoqg8opwTwXjSo3lkvuWmSbBmW
2021-09-29T21:38:58.652102454Z 802 piOVNtr41EolwQi4E8dG8KzOVWqhwTDIANmuTNG6S56SLGPlPkP4S2kNcPh5
2021-09-29T21:38:58.653922185Z 803 8rY8LD5Bg3uWPnyhqDG66LvTb0NlvLmMbI3rY3cghAoytREg2rbtcWXYZgVU
2021-09-29T21:38:58.656869541Z 804 PA5HSnRcAeFCrR9UlgIfVEJFTtmZogorbARkAObv8J33t52rtzNkwfubRXKV
2021-09-29T21:38:58.659870108Z 805 kGvtzGjWBpx4Exx6igk8XfKHfZHeyDKsyPH1FrAL1qjqNRiTmOdrskwPhtB8
2021-09-29T21:38:58.662385915Z 806 ndTut4eexve0MTz1Q0Xu6EMagCnD7atPD85BG0CGNLeVh1O1L1dgGjmDxCN9
2021-09-29T21:38:58.666182676Z 807 wPwXkI4KT86rowBMnawRN5ZOT9G80EX59WDDfOi1XtGnaozgrjPEFf43b9Fb
2021-09-29T21:38:58.667423252Z 808 OKbvoLNtbooHl33Yj3UFlDiGN7EjUwhBnQD25fn5TLvSDYRbwOn17J9LTXtQ
2021-09-29T21:38:58.670517040Z 809 qMrNxqsrvZmXEhUmPv1AJzVeTEaxjf65pX6Y4eSbd06Y8oWNM2KyGuik70dX
2021-09-29T21:38:58.673876054Z 810 Ntr2LUXax3SBPOMbiHSdnDYaFh71t3MSxNl3qgYqUSkB6S7tQt8WJYzJahjp
2021-09-29T21:38:58.674654781Z 811 P4xScrEx85RhWAd2mZ2sVdiC6Bw3jjuHkxi1OEN1tP4nHFTyS3S57LCjvNXA
2021-09-29T21:38:58.677661839Z 812 1dn5bzN4A2EMmCoxU5D8Ds0fSHPPXyRcoOAFPN2F987gxwjqHXMNsRTqWRWP
2021-09-29T21:38:58.680036478Z 813 KkkkEoQdJsOVhmo9r5cUywzWKtuGBR1DEfFUeqngDzilOhtAWVMtHENRmdSv
2021-09-29T21:38:58.683202986Z 814 Sg4pmPVgBGSNbKnlNli3PuRUFL5AUdUwbmVPFWBfqGaGvSmznJuq8lSKc2iW
2021-09-29T21:38:58.685914594Z 815 fzNJzKKmqXweqT9BeSOXFZT6LTjMQ3w67ZAMs5by9X9UmMyGFw3OeW3qQQ0q
2021-09-29T21:38:58.688646150Z 816 mfTUFWQsHHSkSfZHLpGksE75FyVbNjzdaCeR0XSygy9Z6Y54I9G6BMfceRbv
2021-09-29T21:38:58.690135810Z 817 sZapOLN777xg68tVrDA9kfoPOdUIbse8C5zALZysOlBQPxIM15n03lGO7KVR
2021-09-29T21:38:58.692271627Z 818 XH97t0gMwmWwgncvuDFJfa29hBYrSp3uLbLNhJMR9OeFXGAFX2dQlVVSBzHW
2021-09-29T21:38:58.694160391Z 819 PmU123BhlvGL8v0frbnVlFaUFv74lGC0VNq1TbbL8ZgstwJIFxb9m27jcqzB
2021-09-29T21:38:58.696972199Z 820 JkDpW9Gp6Ca72QJUzkGK9l3fO2RPM2N6o9Dz9CR3p4WmpQ3xeC2KvhzOG4W8
2021-09-29T21:38:58.699825039Z 821 l9OamRXqYbgRYPVnN2bvnUU1shSyUqHGYS8OHXIqJCrACGm8uK0gwXJhSISd
2021-09-29T21:38:58.701007986Z 822 WHri7Moba35GCCZtSrO9sCdQ3l9DzPR1FCKY4yKsy4lBG1Ac1uKmwvDbIeRw
2021-09-29T21:38:58.703892230Z 823 hW2HIUBZjd3AQ5XEdTx2ANsQ2RirsFsbmJRs0tPmuSUdCZoF9e0fnRRN77dP
2021-09-29T21:38:58.706950577Z 824 bfPSCbCWiLYOkZy3PhB0V0LyZRhyMjzQ3XhQNzkSJxzNXk7ZYcgWNsVil78j
2021-09-29T21:38:58.709594651Z 825 NkH1uGTUSp2B11bXbZf6TUWzOAmy2NW85ukLk72jbkmvNIG14PGy2UBA38JZ
2021-09-29T21:38:58.711933810Z 826 VhalblEczzP8YB2jjVTY4Ia7H3J7PsjyY89oYDt9UxOtBQAulIDxj9tSmavC
2021-09-29T21:38:58.714715181Z 827 E9J0sGRWyGP0yhQb6B5az1AYgEqHd3q2aC65vTU2KhdC9QMhpDcU2zeiP6fA
2021-09-29T21:38:58.717614624Z 828 T5EV0B1LrBSZwHfyF7aFDFjAvD2m0KWRlLk2IUrGTbOODGhr84zVJNHGslLh
2021-09-29T21:38:58.719974655Z 829 OvAuEEdRBf0QqEKTQu3k3yKIOvT9k6fEinn1z377owkEuO5NzEDD8ybebsrW
2021-09-29T21:38:58.722833368Z 830 LY876w4VdKmLqNH9Tka5ScxOhHPodukjOkZQEiManP1a8OpkgSn5axRmpgbI
2021-09-29T21:38:58.724269386Z 831 NyFsuS1ki4L1kqYlpbTuJSLP5iCEUQ9uRmAmvo60b2Vk2WmcMfHFjintf86Y
2021-09-29T21:38:58.725975938Z 832 c69fzUqN88KwxjLVLQNj4NqjxDnxEGPmgRubNLXrBVbyArfqj1HpEopBGOn4
2021-09-29T21:38:58.728840016Z 833 rVTYah3HYLS2vuWIrhj0qJIcn14jbohAZwsnm0a8U9d59623FHajDC87d8BD
2021-09-29T21:38:58.730248376Z 834 Ql2ySX5diCkrUnb1QvysrJbIVTGeQWIMECKYohT9xqcCJDYheG5Z7ToD236C
2021-09-29T21:38:58.732168798Z 835 wosnbfoQfwKakgSLrFjC22D9W1CYrjfiCn7VkiLaXceaV0d6Pa2c61RHbFY2
2021-09-29T21:38:58.734272309Z 836 RSIQwrkqDueIWL4rldrHqu7D0MKTajCN6sY5b6g16n3RNtAUZkkIzu1rITBu
2021-09-29T21:38:58.736224601Z 837 MGmQ53yvLH5ImqgBSoMJpMWmwda9QcHWTM88d3FVd3uL7gPCmWtOiIT6zoqB
2021-09-29T21:38:58.738703930Z 838 L1QadGVwU1L9Jrc7Y8TprMsIdquqJH8zMPsH8P6ggkh9jIFCrVLAtn9LPY2W
2021-09-29T21:38:58.742079893Z 839 2AEVcozg7GTi0gEIEexJRv9QdO43gS3f2VGjKCkoj2RBA3Qzj2uPfhniZAVz
2021-09-29T21:38:58.745018116Z 840 R2oUwzlhxx4Nwx20tuDiRWXkIxH0T5u8YSNzSuZKkBZd8jQ5iqmLi5BsBe8e
2021-09-29T21:38:58.747884190Z 841 E9bWaJfg11qRPpPp0RXTCRmGw8x8W3ppxmP1VhzjPi2op2b560LRns2QCAi1
2021-09-29T21:38:58.750684096Z 842 MfovJ5vxTEcasmzW3kboZypmTPKYtqymkjIQTAfqEmloLRpBGU35VogPyfyu
2021-09-29T21:38:58.752135617Z 843 9JrfbBFm4Aypm8MZkWTgPVuh5wm0oKaAD6MK5gyCsyUlbGjZdqPQRn6IVVFw
2021-09-29T21:38:58.754956601Z 844 FukOzJ66TavRtkcEQZ8utXfDb96SLO9SCpkHgTKQOmfroucj1uRc99N9TcCg
2021-09-29T21:38:58.757984065Z 845 blJXJfzq574pq74zRqiiDX48Ec3dYHpUiytybljH6jisswo3ZToCe8R22E20
2021-09-29T21:38:58.760888476Z 846 ZhDG2r6S3sCRooQsfNotG4uXw4DVH4FdWG9T1FDJEB50gS6LIztOjWbwB3yB
2021-09-29T21:38:58.763782181Z 847 lamj0wSjk23WgZkcWKpatK9i68DflojOzLFbrypD8JeMaRCQ8pyQLL5UUptw
2021-09-29T21:38:58.766029507Z 848 84QQgv04p31NnZw28yJyqiMyMAXzdDV7LEbGvbwue8GEOWemOQeu95wag4lM
2021-09-29T21:38:58.767942115Z 849 kxkG29biPd0BUcxpAcGvWMnK9TmULaTPfXE5eOR7Js4NQq0lehIhat39nOhp
2021-09-29T21:38:58.770860459Z 850 QQeK9nssHk1oQdsSoX9ZafQW1rtPt5rxVtnoXRTEMLs0x3EagQylltzPfNKT
2021-09-29T21:38:58.772031785Z 851 pJCv3wYliDeeKTcAKaP3CDa5cZWLCWtz53uFjZrNXJ8wAUfMijKvr5nyDNj2
2021-09-29T21:38:58.774733205Z 852 UEBCAgUiMtdPbDC2QWXidkbSlpqwKPqyKQigeegSgw3LWYpUeA0dbycT9far
2021-09-29T21:38:58.776922178Z 853 GlGgpBsY9IVn33vBJtd6DVFZLlWH4Y2RErokjZPiOgarF4SsbRHBkcMKx2xK
2021-09-29T21:38:58.779948414Z 854 BONDKVpmgCyFPnUyiKKZB2316O9PZC50NOT20qAyMTHrGx1aE4uz9FKkjY6x
2021-09-29T21:38:58.782903139Z 855 aWdsMOOtnkFlItK3KqPrTbC0cDjO8tAcDFzq1cSwxz3C4NMbQVj0M9AghAtx
2021-09-29T21:38:58.784929979Z 856 FhrRrfnmnGtmRico6PwnqiMXGwGokBOmzSHxaGpQCbAUMqFgKYnCjkRZ3M9i
2021-09-29T21:38:58.787973738Z 857 6s17Lo991iwE7TKV7WScuAu1HssBgcz2mm3Y6o9nnpGSOvPDYGs7yLJQswIM
2021-09-29T21:38:58.790299318Z 858 FazYmcIDeMSwNFuYeqFXRCSUg1NkD1ZZ4WZA6Yh4vQUOlNBOxieoG7vzuUpK
2021-09-29T21:38:58.792028801Z 859 vImNFJn1wy5EFRfxgseAlrVLrnnUpclBfITiyRK1PGnKD5dFwdugtTjR6W74
2021-09-29T21:38:58.794842611Z 860 rORUXBuvRykQm9mg5dB4ldiqyZm9nCqNl4iQveoatr20NkhwkbK565ZGxgQU
2021-09-29T21:38:58.796109460Z 861 8NnahD0TofX4BsJgVezSiD8hki4jkCFSes63cfT2jHjvyxXRl4ZhPZqAyz0C
2021-09-29T21:38:58.798913024Z 862 JOsNFFyKyCTYKCm9XpdtFWi6vakqLsblOt8G1cGVDEgK2CW0V5sPWhuBF0tZ
2021-09-29T21:38:58.802170498Z 863 yl4AZG2MU7DpcTJtZPEnlVhwW7vgJxT5voNScnOy19pHbGiIPUCqr3pVJuwo
2021-09-29T21:38:58.803941215Z 864 VEWGVP7SRR024Rpr5Qtgg1pOjimmaajcSdMrqPgeNcGeP8YVEk9YVgPCt3OV
2021-09-29T21:38:58.807002643Z 865 QiPdPFtZ8XVkHrHKBTYoHL0ARbtJVjOW6eajv7sDpW3IgGZMQNcm6tugRqQ5
2021-09-29T21:38:58.809042618Z 866 g5lU9src3iBZt9afBe0NNNtz5B5U3LvxQ59PLfZICy8wYVYZAhGT8lOCidmR
2021-09-29T21:38:58.811331595Z 867 fzhjqFraUIjXJAf53EimJKxtklFC0ZhtHOYV1KbuSjUdGaOxOnlHh3KjAsLl
2021-09-29T21:38:58.813538108Z 868 ReM9NbDAPLw7pPcpr22FprWzuY2aJBVFsS2hQBOopIXtfXfXJAdFtB68hD2A
2021-09-29T21:38:58.815895950Z 869 UGNBtR41bEp8k4bnqGgMwFGbytIZz3CyCCoZvjinuNI55XsH6TyyoxdApmHV
2021-09-29T21:38:58.819033970Z 870 EVP67blusgZdAjHK6k9oXRtti2rTQaCNeHAHzM6mceWjNbXELyA0nPFWZy8S
2021-09-29T21:38:58.822138961Z 871 59jHkoHA5J4FFTKkDpGixLeDrYNDadHGRh8ZDE7z4NPd03G1EtjlFmDC9lFW
2021-09-29T21:38:58.824128398Z 872 i48p9pUOicxZaFT9vCYTk6X2RwhEAGtVlOnjCpUqw2Wpl31nImkUJZpZWY6x
2021-09-29T21:38:58.826600242Z 873 UUc5fDWLL2aPltzgENieQBbfSX79tLDnqph3x0IyIjxfJDwFGaXMx64EibHx
2021-09-29T21:38:58.828927404Z 874 ke5aJ6oxBVlgZBLfNJV3eFqrtidjQDtXeY2EKNVu1Y9kqsVOnvSMPBDul02n
2021-09-29T21:38:58.831483038Z 875 PmVD4JmJtCqB8Nqa9nTwpk6a5QqyZaU4bqiUQqY7OixUb89UfoCbzubynDKU
2021-09-29T21:38:58.834151874Z 876 5e5f8iFAwnMEvdzJdIZLPSUQc90h6tPKYDak1RfIsH4djMGmFCSup75UbyXB
2021-09-29T21:38:58.837211946Z 877 PpgzhHyi5GV759eDQSEZBdFwso2bX9dlEAC1hJ9RX3T2rDVRXOjKaQWwoy5X
2021-09-29T21:38:58.839196882Z 878 OtkXw0QPbqiwIcj75t3X2qv4nZdxzhKsdsjf7jTCoPaCTh7ukq2mO2uWv8TG
2021-09-29T21:38:58.841091270Z 879 53vlDYqE4OhlY0AJpjNaVhnjsQKfcErZGWISFe4rCJ8Oa5MYQtj50bVAP8ig
2021-09-29T21:38:58.843834158Z 880 NIMDVfQos3weDSLtjCNPHrH57vTsCyMl2MYtTMrROWizqOcRvUXD4L9PH3mP
2021-09-29T21:38:58.845997280Z 881 z1iS3OrV7APoh0VnObmCquTH6o1FovnVsOd3ZDQop6BrdSeLf3YVS61aon5D
2021-09-29T21:38:58.848676873Z 882 VIdXxheNI9H2HHWUhbxDEsz4EDdoXqXPRlI4Qsb1jppABRJIT27wcw4NIE2T
2021-09-29T21:38:58.850853612Z 883 oQQBK1971qXqfJPs37IukyYETVt4BWxiog6BcFWDUvzA1vudWOpEo7UAOJx2
2021-09-29T21:38:58.853043217Z 884 WrwvDc6uGHoT8cEtkVPbRUkEaFyXCBtwfMgMffb6v33GlzS1Pr3twUpfVZMI
2021-09-29T21:38:58.855710965Z 885 itKV3D9qHuhiM4kxyNGfPlY5hJHnRzmO43pyaLPdyEvSZxVI0ieLzS7fzib1
2021-09-29T21:38:58.857259812Z 886 NvgJrPSXZ61ADUz9Wh7j2DCf5ktkyX0cAsyiwYxMSRZq6t1Y0aQ5bBwkhfjt
2021-09-29T21:38:58.860004063Z 887 5YfA0yYl8aAFEbNjur4hGllL2IRV8bAaWOY3Cnn3ekSfbL5xp3HqsdnpaB1q
2021-09-29T21:38:58.862722809Z 888 iwM2oMkPijhx4fJQroQRPAVGOUNgWUhpLLEAdfe3OEOZY4wCvz57pKRKcrY3
2021-09-29T21:38:58.864860855Z 889 1BTrXK4C8qt9p3Z2hKz5wDwteVnU995k2sKZNE6GRKxS5tKkoazVeX2X760K
2021-09-29T21:38:58.867078783Z 890 AjyTvvTyYfvgdrSPFE39FSKfG67Sl906HdBkMu9c0dr8kkZazoKQFQ9EObIO
2021-09-29T21:38:58.869770326Z 891 ZCUk3FrMxeEJxdGLahfcStw0c4xyDWhQRgXLB5Lt9CAbsGTYhS5hvtpaDiS6
2021-09-29T21:38:58.871924573Z 892 TBcVztdjMfzvVRJ65lrvDeLjEXYk5AxN4aySv9LgIdGabBtTlROw6xAU9xv5
2021-09-29T21:38:58.873096434Z 893 VyIKx885UknCOsLHZu9fKZgHJzcG2FcIcpb82Y0tR1PjrkRDtABzGcMQn5xF
2021-09-29T21:38:58.875865955Z 894 Vhj0IWWoeVZS1mW3VaMc5AwnP4aYO8dGLzzLgnGi01tW0NEJqwSrgj1nmPwH
2021-09-29T21:38:58.878065532Z 895 oJ2KtHd6Bg2nGby7xbAZSeBpxGnaglBv9BAT09TE7vW2W7Wpz8gz1v0y3gnX
2021-09-29T21:38:58.880715767Z 896 5LHkAcoyEaN2FPumv34ISbw2mIPhafmlsNdkynK6AFMRhVB43FfiGaKONmbs
2021-09-29T21:38:58.882892757Z 897 ZPLEZy4uzI426T5zB90YThQfyjUmlmh3qy1GynuAj1lHUpPudOIeIpUiy4MA
2021-09-29T21:38:58.885752610Z 898 UrGa1dwddxbcHLOZUeJR4mtJHmWhl0hs0BkI92nIIk52PnPOndT196SrWjpB
2021-09-29T21:38:58.887452529Z 899 5hA5qmKG3vKehodTt5PNkK5Nq7uK9ijBT4fben69PCPrysriTySzSQykp750
2021-09-29T21:38:58.888991789Z 900 YbL6H2DxZI6kepS0gCQb1HvgBDDRozyXitkTUf5DGAcFXgLDRiikx3fBd95Y
2021-09-29T21:38:58.891520382Z 901 fwEOFel8aluvn4U1dgkeGdBNDecpxtmu0ZcCaEPIOZRkx9g46U5dOGNBHBkc
2021-09-29T21:38:58.893925426Z 902 2oCQgqyjZ3OTdX9uQ4cHJ4plE40oN0TFalc6iKA7ZjnuOJCho7A9F1FcPeuz
2021-09-29T21:38:58.896658887Z 903 0qoC8fDmh1w87QxC5b0SEkGmcmwP2TEzPXep36DO9UdXNu5XKsQWzW9QZ2dO
2021-09-29T21:38:58.899196927Z 904 h1KuWkws5OW9naYIX7Lg15PrTZsYMyghtnnie1KFBX2IJ05WjStxUQQEiIy0
2021-09-29T21:38:58.902095107Z 905 6mwlZmOD8DJpV5gV5TBQaOnrHmwuFr9t2xqBDmqjWkagDr5wk84QaiQkElWw
2021-09-29T21:38:58.905108007Z 906 3Z3VOORJ9MYnLuKsKmGDMhjrwbIPS2z3J5GuKPz6HBGduouPylORx27ALLZE
2021-09-29T21:38:58.908205123Z 907 s93c2YihDd5CCuRqzfElJqWmhgZlLPXil75s9QCcC8zBHLD4AalpNvMhPxnQ
2021-09-29T21:38:58.911282693Z 908 BdC8gRISU2RdxVOhDtrqtGw5ihIDqTmxzJpJO19UBM7LwnKqIgzUUhPevAzV
2021-09-29T21:38:58.913239831Z 909 vah1T8hMQiWcNCWZPxg01yfeqIzuLCfrboreeTItTBYiLOyKtYH3fJNH2NqV
2021-09-29T21:38:58.915148260Z 910 6M5lB4D0KqaBElCyB95ONwYpmp0jIyYgcuqKXyLpTBfcgEjIBOCZGyy8NROy
2021-09-29T21:38:58.918242545Z 911 lhuZjS2EInWQRgO2Bb1TS9y98ntsJCB8Di2BzG4Cgkf96PR6NB6WNpRcOG8l
2021-09-29T21:38:58.920419968Z 912 4JeStSCtkybdBsT2IDOQaVWNdHwkzKKVfD1mq8eDK5eiyiYndYwUMhwA108J
2021-09-29T21:38:58.922491916Z 913 1wKyhQ8k4nOo0B0lh6uYl2C6eCSoCscTllbqSDMy2CTsnEPRd9JsXKVFCqLJ
2021-09-29T21:38:58.925003510Z 914 YSGg5Rb00Y6FAitYtI4OHKekLPkcA5eRYXb0SoF450UMKYSpL9UELRQfVIkR
2021-09-29T21:38:58.927272968Z 915 jUb6KEdJ9HDIKZvCMsSPUCC7TDRE6uLwaIXDYdzi66EUJirrYnUTcmmzTZdj
2021-09-29T21:38:58.929496118Z 916 JRP4pIyvGypeNHLw3NSCeSxT3YRz5Q6cCgCMu9pdI8vX24TrlmMbGznff1f6
2021-09-29T21:38:58.931787519Z 917 ixzgKZaVaddJZMsyrshPIpxp06F3mgM0HYYl0ZSqpKIOi07QXBVyfT9UAaS3
2021-09-29T21:38:58.934075327Z 918 MvMBsiK6OUFtXXOTvF5a2RgDDDHER9fxHcn5BFH7praks86Q3oPLWeGJve7h
2021-09-29T21:38:58.936278632Z 919 OXnmHM8Si9ep3ZthN9GTCQf3SSRcjGQdHok7X41aShe7uDoOOAKZTFzVfHZl
2021-09-29T21:38:58.938551884Z 920 JGj7Ctmec9FkhItcgRr9ILCRo1YzabBZOJT9XtE4NzBfTsqz5NWNjog2SXDy
2021-09-29T21:38:58.940823625Z 921 lBYN68xp6FJZUG2gS7j0I1vW2OWafk7SpTULrWjt8TacOsijqrt7pL37hvEc
2021-09-29T21:38:58.943098039Z 922 NrILvd0gCHHKNeT2O2csFTklUj0ZbMiwMJdaUk61UwYubVezCReX0nDUIwkK
2021-09-29T21:38:58.946206544Z 923 a6INmiqaRYvGwjKaFAVknl8DDZmWp85hkN8GUgrxMBrgO2aJM3s2JFrdd7F1
2021-09-29T21:38:58.948247562Z 924 2fDaM4Oca942bYXqwsL71NWozkBc0WeIPRdiQhn7sMJ2Hed12gK2PMiZlpMv
2021-09-29T21:38:58.950819453Z 925 QClexhpiYQSMHo9E4HDzKgmZtTkGPvIrhahXaD1p7nHMUKwirHS200WDeRAP
2021-09-29T21:38:58.953140433Z 926 dyrsAlg86zr8HTnNM0Lac68OwFgSNqu4YFP9CPsSnOxuxiNluGdIOOFcpJKk
2021-09-29T21:38:58.955652457Z 927 QoUPI4emRr87QiKFBKYo1thKHJxZGVRGo66VDuTnXSw4R5SoYhShzffy8Vze
2021-09-29T21:38:58.957977321Z 928 ddEuaghvMhFMkXKaSkqZ8NJYZwcUYZ7qQNnQxQ4ZW1jBAvIvosfPIHRjmtkF
2021-09-29T21:38:58.960509388Z 929 fGOJYxQvRm3tnTnHLpmWqfuJEsJqRD0rrFm3Muq8RkRUpCV05zpeBdrc4KE1
2021-09-29T21:38:58.963012790Z 930 lu5rpyJzGRHp0neCt5vYGFtsENk97o5H5OK8e2FnM702hXZseOPoKmPl2vov
2021-09-29T21:38:58.965588482Z 931 cy9Jma8gQ8uJDBLxxqxx4dv01kKuwHvy7jIIjnXkbu8ywsE5rcGuxekpwa1N
2021-09-29T21:38:58.967026358Z 932 jD71fMDzerlYR1KN5dSp8wf3YBoxghKmCr8eNS71cjusNUKDyki7Y42QtI4H
2021-09-29T21:38:58.969234737Z 933 MEpgeIR3MdBYbXb7bsf2jfgf1M8Ha8uBXFb0ToeFttm3Zuj5aCTYSARoNB0N
2021-09-29T21:38:58.971803359Z 934 CLfp1yooq0WnytFK63fI7PW9i1U7aa9eTBN7JdgPJqxE1GaUvT4aFXvmlxZa
2021-09-29T21:38:58.975033710Z 935 Ufz8L5TohUtZlWZ20dx3RdpC4a86ZHLp1T84t1embpVII4zyNCEpANHTgzlC
2021-09-29T21:38:58.977010339Z 936 C29qdYo6nxwM65p0Nd3aFiGgVFP26XYGTC4eg0fa7oSJbvNEDuETExlTVODI
2021-09-29T21:38:58.980106039Z 937 usRWKk6ZnCHvGcTI40DzKQ8WfBrzjdT5hjjKGbNGNlIEdTktvAwilpERfk4m
2021-09-29T21:38:58.983098640Z 938 r5ZGDyCj59W4z5xlTZjwvrvqp7BRoCmZAkGuEP5XdPegzq8lDR1oDSBA9SKe
2021-09-29T21:38:58.985696082Z 939 Y6bs90O9SyqRPKmX10Tn71DpxYHwzVP6nw80cNF39pWhcT8khx6ICDWkMPKr
2021-09-29T21:38:58.987204844Z 940 d8t58LAisXhthNXu2mmV5Q9Ute72PcvW3RFcqpCyxk1poazkgXMdnXxIDoLY
2021-09-29T21:38:58.989940195Z 941 EEojbCYSo0idgTbqFFiMEpgNNUe8hBKQrP9rOCdBFUf1kd4svvgzXYKtTJMX
2021-09-29T21:38:58.991423478Z 942 tzjf2Ve9vTuJrqWc54hb8Aizxg2LSOx8fdnQ8LlzUTlwVft1HItLk76E2K1c
2021-09-29T21:38:58.994063666Z 943 MZ8ulgjqbtJmIDLdtiHAqTqlIQjjT0o4afla58DPBEFo8EpWnQxgrCsEnjUf
2021-09-29T21:38:58.995532367Z 944 XLqJTc6EHmAgDtLaR9Eeqs9WuRcrFgxboeFq8okMnpKWYQVluYeZgHRBGA46
2021-09-29T21:38:58.998035440Z 945 uhddHJcXHJ7dS95M0484WNNQZecTXzBOpvBp5vyix837KEWwV6HbronI1db6
2021-09-29T21:38:59.000695375Z 946 aoYeo3U7ikpzhLXwxexjGNvAGcTG6m6QjzIMKCRm9pEbB2mrAdmr3OtBRNYc
2021-09-29T21:38:59.002102427Z 947 pI77Klh0YzBDsmiy3wnznqb6WWKGwq9mUvJeCAfC8yF84QoKbIWzrfDWZcfF
2021-09-29T21:38:59.004618889Z 948 BItfGwRu7AKl8QHKOGHUXACHrVrLhasssPfuj6EyOdp9aL2NVoDu7nqCpmaO
2021-09-29T21:38:59.006005784Z 949 LB8sbL7zm1OoG20UT087F1C4VWpi2P7Jyzd4AC84Kx2WBX5dP9XMdba9xiU8
2021-09-29T21:38:59.007974804Z 950 lnAFKabDNSsZ0L740mqM6szVpTrorFRVLXNXlBHADxQBRhYHUnPhQ8WsF5R5
2021-09-29T21:38:59.011074883Z 951 HI2MnDs9YVejcsXYcfyG42EG1AtJra389WGWzgV5xtxfCpjNYMqqBO3YE893
2021-09-29T21:38:59.013076844Z 952 B98vGOaKfaEMmlw90fC9cYMRz6RaDMlKQIu7USN3lGf8F8KW3fFqcy11lgAU
2021-09-29T21:38:59.015024995Z 953 YIXJrjZFNWEgu2ggSlzKbQ6Ddi18RWNzW6zLKBWKyAtLI68VncPxhlcJuVFX
2021-09-29T21:38:59.016969197Z 954 kcdI33nwQYaNfep9jCnDmnmjPwclznaI356yYNkii7Gt4ieIyXyz0bHeNPFg
2021-09-29T21:38:59.019963875Z 955 5hymAMvsa2JoMcfHAnuAcW6lScdD6rWu4RaawemedrzWBgUGOTz5fEZhA0yz
2021-09-29T21:38:59.022854120Z 956 lHMHpLhmuUk7D58zESHM007b2Yhpgoshsqd2r0ecxnHZteIzkriaHSTVucgX
2021-09-29T21:38:59.025853788Z 957 pNx8TjbzjSs31IkHkg8gIqjPildBD1cFfSDgT4wUSObIngfghcGSebxQRchQ
2021-09-29T21:38:59.028455053Z 958 kDPuQon5mZGemCfVZ67f9nsGnU06yPoyp6o1nZPAwE9gfw7DuD63c9CBMbNP
2021-09-29T21:38:59.029976236Z 959 qxvHfvFD860ui1A2Dn9SDIlQEjqCR0W9wmUDnyFcKBXMhmHnP2alkqh3GHhy
2021-09-29T21:38:59.032613062Z 960 flw9ez51OTSxWuWD9pPhuTWOuZhPJwjxL4TYEPtgHk3BPPW6FDBRR2pNQDkl
2021-09-29T21:38:59.034143556Z 961 7h1JncH9htGcUyowAVd7huGtHcVsViFnX3Wwp09Pt8L91SA2kj7LAYvWGbYJ
2021-09-29T21:38:59.036688499Z 962 2SQnlu9lQbareEZllQEhp6e32NSvUiaNqn0ngV7hlZbJrjsySybYZEvHAGtR
2021-09-29T21:38:59.038907014Z 963 iusj94j3SvZvxbdNFemij2zmYudNkOLcyla45czJddffwb0k1pxT52ZpMily
2021-09-29T21:38:59.040205469Z 964 skYFb4qFOGA7d7UVRvsgjPtFt2aCVajEcwJUGF4SMgjvmBA1Rnl49dQoYuZS
2021-09-29T21:38:59.042790177Z 965 2YDoLVZIDsHXJGkxt7R99otxuqukpZze8Vu0h6mpFlNNtcFnHQU9snwPXnke
2021-09-29T21:38:59.044210900Z 966 lwIQotZRjn33cLyW6LprBFoOeySSY5z1WLt612ZNW53Z7pYP8ZHEniSgK1NY
2021-09-29T21:38:59.046606933Z 967 0dgxMWqunJMH9SbIddtpCozoa7fuD8BgQbcJWeQSMFi4Ycaf8095n2PnIXEi
2021-09-29T21:38:59.048006520Z 968 JPIufsGDN9410y3T9Lj4m9XmHv8ZC80uPzmvmXDRyvmhG3iVk2rJVImHvQJo
2021-09-29T21:38:59.050575748Z 969 A1m4AbT5u1SPkHwmI7ZIYAfgStMvBd26CQ0ikmuoOvzlJYBu39354no6DRQE
2021-09-29T21:38:59.052080719Z 970 x7fLkjpElOSDxhVlEPGqvR8Xb2G5dEa2cbUZ6RkK1MsFFlgUrYx2MmuaWwfD
2021-09-29T21:38:59.054655849Z 971 jud1MwY187Bs6vB3VbmVbrreSZSfDyy3AQ9d6CLDHuwCyZsXjeRJNwBaA4ke
2021-09-29T21:38:59.055954275Z 972 qvCcp0gpXbCRbr7pgWWvQsJ44O0kHAmMguMHP4hg7lu6V884QTBitxc2eC5B
2021-09-29T21:38:59.058649099Z 973 reKO26mUznFGXHtzdFsno14m40XDZZhNX2UBApT1JAASLhzED5bdTnYSWcRI
2021-09-29T21:38:59.060055776Z 974 P7bdUwC5ryVvUOOshjKURCMffbWL8HXLgYo78ASEYR1UlOk2zFqelUnroFlj
2021-09-29T21:38:59.062679198Z 975 LMXrmcJqYWs43obXFTWeeOvT6Zqc4WU96YBLi2F9RtVxp6e4fdORnb9giwmL
2021-09-29T21:38:59.064065487Z 976 99N9t2115JsIjZcq0kUuP7NBK9lvVho7CQfU33vskQXihpwrVNjsW6gJ20BC
2021-09-29T21:38:59.066656151Z 977 1F7ichKHKfuEQZcsWG6pTbwVj0YfQl2i4hLMYwJBSHlxVyn8eHQp00M45q0k
2021-09-29T21:38:59.067973094Z 978 KX7s78p9YPMC8OIclfAJ6x7hWAYZ04nn6caEF0WDd9VrXKTQxKRnVe1FYm46
2021-09-29T21:38:59.070645670Z 979 jVLLQ2WcOXqshw4lqS6j7DfYnSJcpgoGDeRKGQVR6pgkiZDRRddLtjRSNKqa
2021-09-29T21:38:59.072061015Z 980 Jm03z0ygVp21W0BwY3cKljAX9nXRg3stbPnuzDz0AcGsCUUIqEcM22lsfCPQ
2021-09-29T21:38:59.074568923Z 981 ueXFsF2ZwXQSvYPyXNltWDCO4eq0v4RoP0kaVSs55eYphMtBawMuGzhyZoEH
2021-09-29T21:38:59.076815609Z 982 rcLOE4CCotOJlNPn67Y9fwidXJ3MQ5IL5ZqoI44nbc0fqGW22IoFBfX8y0Pd
2021-09-29T21:38:59.079046202Z 983 346EpVjpV8ZGrngKBNAhkYpFVCB2xWpRdYwutmxuPRlHDOAQprbgVAIPGKyZ
2021-09-29T21:38:59.081920963Z 984 1Ma8gLOK90yGu4OTGlhwuXXBDFvMMRtvVXs8foGvLTJDIqTQfpTZ6842MQkA
2021-09-29T21:38:59.084808610Z 985 ALvyTCFteZokvN12aO0lglGk9pvY2px4RevW4LMZEktTA3yWZXVzDwerwr3V
2021-09-29T21:38:59.087044406Z 986 l8qEzmC218PC4i6FSHzEZT3atpkWliCqXB6k4cSC0nrn1atACEkahPlcel3I
2021-09-29T21:38:59.089940987Z 987 4Fg4Z4xzJB1OX2ST7dIOzJk5wGY9hxzcoTS0NaiOZKwuUyJyD7Amz42IeBxR
2021-09-29T21:38:59.092700947Z 988 II8BdiEHWYmuPej4VeqnCf0yBmnevXGKSGCV1bkMbvVDQxCTU99U3LwpqCsT
2021-09-29T21:38:59.095001468Z 989 mVwnSuGkpkKSz7HB0HGVUtBZ5D6kr0OaBTpmfT8Tr9o8FDgAggbWuW1jnLpy
2021-09-29T21:38:59.097126807Z 990 Jei3U1OBqUVHPlebCWZEWsKOzQ3kuVNBLPcpM0zfRpxx9gONhNyPGwadt61i
2021-09-29T21:38:59.100073479Z 991 ha20jvVW70DvE35vgQMYEzwHXMIv6vyb4GwaPruUbyiSadMynXkmxHOxYIMb
2021-09-29T21:38:59.102950084Z 992 hCzbISEpe71vJ51JiPngZraEL117Qy2VzBRZ8nkaBCrJmH6FODMbjHcybLXl
2021-09-29T21:38:59.105889547Z 993 F5odqAvS6MSSvxPWmG8BYrVYYNsLF5W6E9G8rPpYJl1jxvpoe9EHsCUYIEXB
2021-09-29T21:38:59.108718605Z 994 kjGXLU05NEcAnfRcHhZ6JVtfctFfLS6MddAWLeukulrGH8JTPeY67IFEh5Y4
2021-09-29T21:38:59.109935852Z 995 L7qsE5INI1ra1KbLvMpL6oQFscJG3nSpLa1b35ulnmkzyRAACcPKUclnRS8T
2021-09-29T21:38:59.112731242Z 996 rbRpnZOuUSN8f2oCm1JzVIRDTY7dY61icMnJYNqUvUWgAfsp9TDtGV39a5IT
2021-09-29T21:38:59.114968734Z 997 Qw3TY400jMzqmROE5wLzzjf6r8zwrZydYi3P4nq69pP7G1Eg0BK1I60VRu0u
2021-09-29T21:38:59.117790683Z 998 9drnZmOVN7Ddc634MOnmVOSZV0uRxvI4CHcJnfrM78ex67UeqAhZxKlVy0bh
2021-09-29T21:38:59.120136369Z 999 oNByJgB2nPH51Tr6busshzsRiCN13VqJG1OFu11aoRviMZAZXzRqfrYTtEwN
