2021-09-23T13:36:45.007246134Z  running: (['/opt/scylladb/scripts/scylla_dev_mode_setup', '--developer-mode', '1'],)
2021-09-23T13:36:45.555291490Z  running: (['/opt/scylladb/scripts/scylla_io_setup'],)
2021-09-23T13:36:45.948916568Z  2021-09-23 13:36:45,948 CRIT Supervisor is running as root.  Privileges were not dropped because no user is specified in the config file.  If you intend to run as root, you can set user=root in the config file to avoid this message.
2021-09-23T13:36:45.949288583Z  2021-09-23 13:36:45,948 INFO Included extra file "/etc/supervisord.conf.d/node-exporter.conf" during parsing
2021-09-23T13:36:45.949416719Z  2021-09-23 13:36:45,949 INFO Included extra file "/etc/supervisord.conf.d/rsyslog.conf" during parsing
2021-09-23T13:36:45.949659480Z  2021-09-23 13:36:45,949 INFO Included extra file "/etc/supervisord.conf.d/scylla-housekeeping.conf" during parsing
2021-09-23T13:36:45.949985202Z  2021-09-23 13:36:45,949 INFO Included extra file "/etc/supervisord.conf.d/scylla-jmx.conf" during parsing
2021-09-23T13:36:45.950110932Z  2021-09-23 13:36:45,949 INFO Included extra file "/etc/supervisord.conf.d/scylla-server.conf" during parsing
2021-09-23T13:36:45.950339740Z  2021-09-23 13:36:45,950 INFO Included extra file "/etc/supervisord.conf.d/sshd-server.conf" during parsing
2021-09-23T13:36:45.986754946Z  2021-09-23 13:36:45,986 INFO RPC interface 'supervisor' initialized
2021-09-23T13:36:45.987048858Z  2021-09-23 13:36:45,986 CRIT Server 'inet_http_server' running without any HTTP authentication checking
2021-09-23T13:36:45.987556769Z  2021-09-23 13:36:45,987 INFO supervisord started with pid 26
2021-09-23T13:36:46.993358391Z  2021-09-23 13:36:46,991 INFO spawned: 'scylla' with pid 29
2021-09-23T13:36:46.995543726Z  2021-09-23 13:36:46,995 INFO spawned: 'scylla-housekeeping' with pid 30
2021-09-23T13:36:47.002458433Z  2021-09-23 13:36:47,002 INFO spawned: 'sshd' with pid 31
2021-09-23T13:36:47.005491390Z  2021-09-23 13:36:47,005 INFO spawned: 'scylla-jmx' with pid 32
2021-09-23T13:36:47.016834745Z  2021-09-23 13:36:47,016 INFO spawned: 'rsyslog' with pid 35
2021-09-23T13:36:47.024256096Z  2021-09-23 13:36:47,023 INFO spawned: 'node-exporter' with pid 36
2021-09-23T13:36:47.040371605Z  Generating public/private ed25519 key pair.
2021-09-23T13:36:47.040405132Z  Your identification has been saved in /etc/ssh/ssh_host_ed25519_key.
2021-09-23T13:36:47.040416318Z  Your public key has been saved in /etc/ssh/ssh_host_ed25519_key.pub.
2021-09-23T13:36:47.040426272Z  The key fingerprint is:
2021-09-23T13:36:47.040435831Z  SHA256:Ifxnf3HzuQeh5sFWZ86SEH1Y/ihertVuQZxm+9Pf1k4 root@fbbb49fa9547
2021-09-23T13:36:47.040445416Z  The key's randomart image is:
2021-09-23T13:36:47.040454944Z  +--[ED25519 256]--+
2021-09-23T13:36:47.040464168Z  |             . o.|
2021-09-23T13:36:47.040473379Z  |     .      . o..|
2021-09-23T13:36:47.040482573Z  |      o .    ...o|
2021-09-23T13:36:47.040491695Z  |       o .  . oB+|
2021-09-23T13:36:47.040500658Z  |        S o..+BO+|
2021-09-23T13:36:47.040523030Z  |         o o*++**|
2021-09-23T13:36:47.040533977Z  |           +o.++E|
2021-09-23T13:36:47.040543501Z  |            .+ +X|
2021-09-23T13:36:47.040552919Z  |            .  =O|
2021-09-23T13:36:47.040562156Z  +----[SHA256]-----+
2021-09-23T13:36:47.106255575Z  time="2021-09-23T13:36:47Z" level=info msg="Starting node_exporter (version=0.17.0, branch=HEAD, revision=f6f6194a436b9a63d0439abc585c76b19a206b21)" source="node_exporter.go:82"
2021-09-23T13:36:47.106705281Z  time="2021-09-23T13:36:47Z" level=info msg="Build context (go=go1.11.2, user=root@322511e06ced, date=20181130-15:51:33)" source="node_exporter.go:83"
2021-09-23T13:36:47.108027321Z  time="2021-09-23T13:36:47Z" level=info msg="Enabled collectors:" source="node_exporter.go:90"
2021-09-23T13:36:47.108444679Z  time="2021-09-23T13:36:47Z" level=info msg=" - arp" source="node_exporter.go:97"
2021-09-23T13:36:47.108903953Z  time="2021-09-23T13:36:47Z" level=info msg=" - bcache" source="node_exporter.go:97"
2021-09-23T13:36:47.109364571Z  time="2021-09-23T13:36:47Z" level=info msg=" - bonding" source="node_exporter.go:97"
2021-09-23T13:36:47.109807944Z  time="2021-09-23T13:36:47Z" level=info msg=" - conntrack" source="node_exporter.go:97"
2021-09-23T13:36:47.110232254Z  time="2021-09-23T13:36:47Z" level=info msg=" - cpu" source="node_exporter.go:97"
2021-09-23T13:36:47.110661928Z  time="2021-09-23T13:36:47Z" level=info msg=" - diskstats" source="node_exporter.go:97"
2021-09-23T13:36:47.111087693Z  time="2021-09-23T13:36:47Z" level=info msg=" - edac" source="node_exporter.go:97"
2021-09-23T13:36:47.111515074Z  time="2021-09-23T13:36:47Z" level=info msg=" - entropy" source="node_exporter.go:97"
2021-09-23T13:36:47.111941322Z  time="2021-09-23T13:36:47Z" level=info msg=" - filefd" source="node_exporter.go:97"
2021-09-23T13:36:47.112378088Z  time="2021-09-23T13:36:47Z" level=info msg=" - filesystem" source="node_exporter.go:97"
2021-09-23T13:36:47.112771606Z  time="2021-09-23T13:36:47Z" level=info msg=" - hwmon" source="node_exporter.go:97"
2021-09-23T13:36:47.113207338Z  time="2021-09-23T13:36:47Z" level=info msg=" - infiniband" source="node_exporter.go:97"
2021-09-23T13:36:47.113614969Z  time="2021-09-23T13:36:47Z" level=info msg=" - interrupts" source="node_exporter.go:97"
2021-09-23T13:36:47.114689679Z  time="2021-09-23T13:36:47Z" level=info msg=" - ipvs" source="node_exporter.go:97"
2021-09-23T13:36:47.114733061Z  time="2021-09-23T13:36:47Z" level=info msg=" - loadavg" source="node_exporter.go:97"
2021-09-23T13:36:47.114745785Z  time="2021-09-23T13:36:47Z" level=info msg=" - mdadm" source="node_exporter.go:97"
2021-09-23T13:36:47.114755941Z  time="2021-09-23T13:36:47Z" level=info msg=" - meminfo" source="node_exporter.go:97"
2021-09-23T13:36:47.114766047Z  time="2021-09-23T13:36:47Z" level=info msg=" - netclass" source="node_exporter.go:97"
2021-09-23T13:36:47.114775925Z  time="2021-09-23T13:36:47Z" level=info msg=" - netdev" source="node_exporter.go:97"
2021-09-23T13:36:47.114812313Z  time="2021-09-23T13:36:47Z" level=info msg=" - netstat" source="node_exporter.go:97"
2021-09-23T13:36:47.114828300Z  time="2021-09-23T13:36:47Z" level=info msg=" - nfs" source="node_exporter.go:97"
2021-09-23T13:36:47.114838578Z  time="2021-09-23T13:36:47Z" level=info msg=" - nfsd" source="node_exporter.go:97"
2021-09-23T13:36:47.114848313Z  time="2021-09-23T13:36:47Z" level=info msg=" - sockstat" source="node_exporter.go:97"
2021-09-23T13:36:47.114858225Z  time="2021-09-23T13:36:47Z" level=info msg=" - stat" source="node_exporter.go:97"
2021-09-23T13:36:47.114867888Z  time="2021-09-23T13:36:47Z" level=info msg=" - textfile" source="node_exporter.go:97"
2021-09-23T13:36:47.114877728Z  time="2021-09-23T13:36:47Z" level=info msg=" - time" source="node_exporter.go:97"
2021-09-23T13:36:47.114887502Z  time="2021-09-23T13:36:47Z" level=info msg=" - timex" source="node_exporter.go:97"
2021-09-23T13:36:47.114897394Z  time="2021-09-23T13:36:47Z" level=info msg=" - uname" source="node_exporter.go:97"
2021-09-23T13:36:47.114907069Z  time="2021-09-23T13:36:47Z" level=info msg=" - vmstat" source="node_exporter.go:97"
2021-09-23T13:36:47.114916823Z  time="2021-09-23T13:36:47Z" level=info msg=" - xfs" source="node_exporter.go:97"
2021-09-23T13:36:47.114926380Z  time="2021-09-23T13:36:47Z" level=info msg=" - zfs" source="node_exporter.go:97"
2021-09-23T13:36:47.114936311Z  time="2021-09-23T13:36:47Z" level=info msg="Listening on :9100" source="node_exporter.go:111"
2021-09-23T13:36:47.519973848Z  Scylla version 4.4.4-0.20210801.69daa9fd0 with build-id eb11cddd30e88ef39c32c847e70181b5cf786355 starting ...
2021-09-23T13:36:47.529556978Z  command used: "/usr/bin/scylla --log-to-syslog 0 --log-to-stdout 1 --default-log-level info --network-stack posix --developer-mode=1 --overprovisioned --listen-address 10.0.1.11 --rpc-address 10.0.1.11 --seed-provider-parameters seeds=10.0.1.11 --blocked-reactor-notify-ms 999999999"
2021-09-23T13:36:47.530039853Z  parsed command line options: [log-to-syslog: 0, log-to-stdout: 1, default-log-level: info, network-stack: posix, developer-mode: 1, overprovisioned, listen-address: 10.0.1.11, rpc-address: 10.0.1.11, seed-provider-parameters: seeds=10.0.1.11, blocked-reactor-notify-ms: 999999999]
2021-09-23T13:36:47.696371175Z  WARN  2021-09-23 13:36:47,695 [shard 0] seastar - Unable to set SCHED_FIFO scheduling policy for timer thread; latency impact possible. Try adding CAP_SYS_NICE
2021-09-23T13:36:47.850455464Z  INFO  2021-09-23 13:36:47,848 [shard 0] init - installing SIGHUP handler
2021-09-23T13:36:47.862825805Z  INFO  2021-09-23 13:36:47,858 [shard 0] init - Scylla version 4.4.4-0.20210801.69daa9fd0 with build-id eb11cddd30e88ef39c32c847e70181b5cf786355 starting ...
2021-09-23T13:36:47.862866140Z  
2021-09-23T13:36:47.868886567Z  INFO  2021-09-23 13:36:47,868 [shard 0] init - starting prometheus API server
2021-09-23T13:36:47.875360314Z  INFO  2021-09-23 13:36:47,875 [shard 0] init - starting tokens manager
2021-09-23T13:36:47.875933610Z  INFO  2021-09-23 13:36:47,875 [shard 0] init - starting migration manager notifier
2021-09-23T13:36:47.876461563Z  INFO  2021-09-23 13:36:47,876 [shard 0] init - creating tracing
2021-09-23T13:36:47.878399388Z  INFO  2021-09-23 13:36:47,878 [shard 0] init - creating snitch
2021-09-23T13:36:47.879267861Z  INFO  2021-09-23 13:36:47,879 [shard 0] init - determining DNS name
2021-09-23T13:36:47.879667072Z  INFO  2021-09-23 13:36:47,879 [shard 0] init - starting API server
2021-09-23T13:36:47.881565124Z  INFO  2021-09-23 13:36:47,881 [shard 0] init - Scylla API server listening on 127.0.0.1:10000 ...
2021-09-23T13:36:47.884988120Z  INFO  2021-09-23 13:36:47,884 [shard 0] init - initializing storage service
2021-09-23T13:36:47.890854009Z  INFO  2021-09-23 13:36:47,890 [shard 0] init - starting per-shard database core
2021-09-23T13:36:47.897123116Z  WARN  2021-09-23 13:36:47,896 [shard 0] init - I/O Scheduler is not properly configured! This is a non-supported setup, and performance is expected to be unpredictably bad.
2021-09-23T13:36:47.897180583Z   Reason found: none of --max-io-requests, --io-properties and --io-properties-file are set.
2021-09-23T13:36:47.897195577Z  To properly configure the I/O Scheduler, run the scylla_io_setup utility shipped with Scylla.
2021-09-23T13:36:47.897205434Z  
2021-09-23T13:36:47.898250770Z  INFO  2021-09-23 13:36:47,898 [shard 0] init - creating and verifying directories
2021-09-23T13:36:48.302087644Z  INFO  2021-09-23 13:36:48,301 [shard 0] database - Populating Keyspace system_schema
2021-09-23T13:36:48.302461723Z  2021-09-23 13:36:48,302 INFO success: scylla entered RUNNING state, process has stayed up for > than 1 seconds (startsecs)
2021-09-23T13:36:48.303254576Z  2021-09-23 13:36:48,303 INFO success: scylla-housekeeping entered RUNNING state, process has stayed up for > than 1 seconds (startsecs)
2021-09-23T13:36:48.303531021Z  2021-09-23 13:36:48,303 INFO success: sshd entered RUNNING state, process has stayed up for > than 1 seconds (startsecs)
2021-09-23T13:36:48.303771132Z  2021-09-23 13:36:48,303 INFO success: scylla-jmx entered RUNNING state, process has stayed up for > than 1 seconds (startsecs)
2021-09-23T13:36:48.304063792Z  2021-09-23 13:36:48,303 INFO success: rsyslog entered RUNNING state, process has stayed up for > than 1 seconds (startsecs)
2021-09-23T13:36:48.304458734Z  2021-09-23 13:36:48,304 INFO success: node-exporter entered RUNNING state, process has stayed up for > than 1 seconds (startsecs)
2021-09-23T13:36:48.305084393Z  INFO  2021-09-23 13:36:48,301 [shard 0] database - Keyspace system_schema: Reading CF view_virtual_columns id=08843b63-45dc-3be2-9798-a0418295cfaa version=c777531c-15f7-326f-8ebe-39fd0265c8c9
2021-09-23T13:36:48.305131437Z  INFO  2021-09-23 13:36:48,302 [shard 0] database - Keyspace system_schema: Reading CF computed_columns id=cc7c7069-3740-33c1-92a4-c3de78dbd2c4 version=2b8c4439-de76-31e0-807f-3b7290a975d7
2021-09-23T13:36:48.305144191Z  INFO  2021-09-23 13:36:48,302 [shard 0] database - Keyspace system_schema: Reading CF aggregates id=924c5587-2e3a-345b-b10c-12f37c1ba895 version=4b53e92c-0368-3d5c-b959-2ec1bfd1a59f
2021-09-23T13:36:48.305193651Z  INFO  2021-09-23 13:36:48,302 [shard 0] database - Keyspace system_schema: Reading CF functions id=96489b79-80be-3e14-a701-66a0b9159450 version=329ed804-55b3-3eee-ad61-d85317b96097
2021-09-23T13:36:48.305221273Z  INFO  2021-09-23 13:36:48,302 [shard 0] database - Keyspace system_schema: Reading CF views id=9786ac1c-dd58-3201-a7cd-ad556410c985 version=5b58bb47-96e7-3f57-accf-0bfca4dbbc6e
2021-09-23T13:36:48.305233311Z  INFO  2021-09-23 13:36:48,302 [shard 0] database - Keyspace system_schema: Reading CF indexes id=0feb57ac-311f-382f-ba6d-9024d305702f version=99c40462-8687-304e-abe3-2bdbef1f25aa
2021-09-23T13:36:48.305244418Z  INFO  2021-09-23 13:36:48,302 [shard 0] database - Keyspace system_schema: Reading CF types id=5a8b1ca8-6602-3f77-a045-9273d308917a version=de51b2ce-5e4d-3b7d-a75f-2204332ce8d1
2021-09-23T13:36:48.305255167Z  INFO  2021-09-23 13:36:48,302 [shard 0] database - Keyspace system_schema: Reading CF triggers id=4df70b66-6b05-3251-95a1-32b54005fd48 version=582d7071-1ef0-37c8-adc6-471a13636139
2021-09-23T13:36:48.305265956Z  INFO  2021-09-23 13:36:48,302 [shard 0] database - Keyspace system_schema: Reading CF dropped_columns id=5e7583b5-f3f4-3af1-9a39-b7e1d6f5f11f version=7426bc6c-4c2f-3200-8ad8-4329610ed59a
2021-09-23T13:36:48.305276527Z  INFO  2021-09-23 13:36:48,302 [shard 0] database - Keyspace system_schema: Reading CF columns id=24101c25-a2ae-3af7-87c1-b40ee1aca33f version=d33236d4-9bdd-3c09-abf0-a0bc5edc2526
2021-09-23T13:36:48.305286978Z  INFO  2021-09-23 13:36:48,302 [shard 0] database - Keyspace system_schema: Reading CF scylla_tables id=5d912ff1-f759-3665-b2c8-8042ab5103dd version=38e5e56b-155d-39b5-a0d2-8e5dcad42a26
2021-09-23T13:36:48.305299333Z  INFO  2021-09-23 13:36:48,302 [shard 0] database - Keyspace system_schema: Reading CF tables id=afddfb9d-bc1e-3068-8056-eed6c302ba09 version=b6240810-eeb7-36d5-9411-43b2d68dddab
2021-09-23T13:36:48.305310671Z  INFO  2021-09-23 13:36:48,302 [shard 0] database - Keyspace system_schema: Reading CF keyspaces id=abac5682-dea6-31c5-b535-b3d6cffd0fb6 version=e79ca8ba-6556-3f7d-925a-7f20cf57938c
2021-09-23T13:36:48.347650442Z  Connecting to http://localhost:10000
2021-09-23T13:36:48.348100407Z  Starting the JMX server
2021-09-23T13:36:48.945437221Z  Generating public/private rsa key pair.
2021-09-23T13:36:48.945471752Z  Your identification has been saved in /etc/ssh/ssh_host_rsa_key.
2021-09-23T13:36:48.945482554Z  Your public key has been saved in /etc/ssh/ssh_host_rsa_key.pub.
2021-09-23T13:36:48.945492321Z  The key fingerprint is:
2021-09-23T13:36:48.945502010Z  SHA256:rJVXQSWID8dCBB9OluJ4+iwgUfbxZGFXd7YmUBeP/YI root@fbbb49fa9547
2021-09-23T13:36:48.945511719Z  The key's randomart image is:
2021-09-23T13:36:48.945521087Z  +---[RSA 4096]----+
2021-09-23T13:36:48.945530344Z  |      +=B=o+*.*. |
2021-09-23T13:36:48.945539479Z  |  o ..+*=.+o * = |
2021-09-23T13:36:48.945548495Z  | o . B .o=  o + o|
2021-09-23T13:36:48.945557489Z  |.   o +. ... +  .|
2021-09-23T13:36:48.945566653Z  | .   o  S . E . .|
2021-09-23T13:36:48.945576020Z  |. . .  o .     . |
2021-09-23T13:36:48.945585045Z  | . . o.          |
2021-09-23T13:36:48.945594253Z  |    . o          |
2021-09-23T13:36:48.945615139Z  |     .           |
2021-09-23T13:36:48.945625731Z  +----[SHA256]-----+
2021-09-23T13:36:49.006660489Z  Could not load host key: /etc/ssh/ssh_host_ecdsa_key
2021-09-23T13:36:49.123188243Z  JMX is enabled to receive remote connections on port: 7199
2021-09-23T13:36:51.523615471Z  INFO  2021-09-23 13:36:51,521 [shard 0] database - Populating Keyspace system
2021-09-23T13:36:51.523657836Z  INFO  2021-09-23 13:36:51,522 [shard 0] database - Keyspace system: Reading CF compaction_history id=b4dbb7b4-dc49-3fb5-b3bf-ce6e434832ca version=25cae56a-8d75-39f3-a146-3756ab4981c7
2021-09-23T13:36:51.523670058Z  INFO  2021-09-23 13:36:51,522 [shard 0] database - Keyspace system: Reading CF batchlog id=0290003c-977e-397c-ac3e-fdfdc01d626b version=e2a2e804-49e4-3597-9f16-39fd9475835c
2021-09-23T13:36:51.523680480Z  INFO  2021-09-23 13:36:51,522 [shard 0] database - Keyspace system: Reading CF size_estimates id=618f817b-005f-3678-b8a4-53f3930b8e86 version=6d4dbcff-f05b-3dc3-95ad-f79f7b10504d
2021-09-23T13:36:51.523690688Z  INFO  2021-09-23 13:36:51,522 [shard 0] database - Keyspace system: Reading CF range_xfers id=55d76438-4e55-3f8b-9f6e-676d4af3976d version=dd15a078-409b-350d-9bef-c5f3520832d8
2021-09-23T13:36:51.523700877Z  INFO  2021-09-23 13:36:51,522 [shard 0] database - Keyspace system: Reading CF peer_events id=59dfeaea-8db2-3341-91ef-109974d81484 version=7f874a05-72b8-3c21-9acb-baa164fc351a
2021-09-23T13:36:51.523711089Z  INFO  2021-09-23 13:36:51,522 [shard 0] database - Keyspace system: Reading CF peers id=37f71aca-7dc2-383b-a706-72528af04d4f version=f6f6871f-8c86-3eca-ac0b-2a2e848e395d
2021-09-23T13:36:51.523721190Z  INFO  2021-09-23 13:36:51,522 [shard 0] database - Keyspace system: Reading CF scylla_local id=2972ec7f-fb20-38dd-aac1-d876f2e3fcbd version=5f0b407d-eedf-3845-a48e-dbb9673d10e1
2021-09-23T13:36:51.523731517Z  INFO  2021-09-23 13:36:51,522 [shard 0] database - Keyspace system: Reading CF schema_aggregates id=a5fc57fc-9d6c-3bfd-a3fc-01ad54686fea version=d06c934f-9a69-374c-86f1-523ab26fb05c
2021-09-23T13:36:51.523741590Z  INFO  2021-09-23 13:36:51,522 [shard 0] database - Keyspace system: Reading CF paxos id=b7b7f0c2-fd0a-3410-8c05-3ef614bb7c2d version=6dd372de-72fb-3e1b-9b8c-f97738a67fe9
2021-09-23T13:36:51.523751669Z  INFO  2021-09-23 13:36:51,522 [shard 0] database - Keyspace system: Reading CF compactions_in_progress id=55080ab0-5d9c-3886-90a4-acb25fe1f77b version=540263f1-40db-3869-8a38-3baadedc222d
2021-09-23T13:36:51.523761739Z  INFO  2021-09-23 13:36:51,522 [shard 0] database - Keyspace system: Reading CF local id=7ad54392-bcdd-35a6-8417-4e047860b377 version=7fa82c2e-5b67-37dd-8e5e-2079e18f1536
2021-09-23T13:36:51.523773821Z  INFO  2021-09-23 13:36:51,522 [shard 0] database - Keyspace system: Reading CF schema_columnfamilies id=45f5b360-24bc-3f83-a363-1034ea4fa697 version=7f7a5fea-07b7-304d-a6f8-f7aec72cabdb
2021-09-23T13:36:51.523784629Z  INFO  2021-09-23 13:36:51,522 [shard 0] database - Keyspace system: Reading CF hints id=2666e205-73ef-38b3-90fe-fecf96e8f0c7 version=0b74fdd1-e96d-309e-a14e-a5bcd7ac885d
2021-09-23T13:36:51.523794659Z  INFO  2021-09-23 13:36:51,522 [shard 0] database - Keyspace system: Reading CF sstable_activity id=5a1ff267-ace0-3f12-8563-cfae6103c65e version=bdec57a3-b234-334b-be9c-7b1f33113995
2021-09-23T13:36:51.523820329Z  INFO  2021-09-23 13:36:51,522 [shard 0] database - Keyspace system: Reading CF IndexInfo id=9f5c6374-d485-3229-9a0a-5094af9ad1e3 version=bbb3743b-351f-3023-b4fc-09a9be37d529
2021-09-23T13:36:51.523831350Z  INFO  2021-09-23 13:36:51,522 [shard 0] database - Keyspace system: Reading CF large_partitions id=8a7fe624-96b0-34b1-b90e-f71bddcdd2d3 version=04fa9920-9369-3a96-be39-6dd9fdc816b6
2021-09-23T13:36:51.523841344Z  INFO  2021-09-23 13:36:51,522 [shard 0] database - Keyspace system: Reading CF scylla_table_schema_history id=0191a53e-40f0-31d4-9171-b0d19ffb17b4 version=2cc890b8-9ade-3afc-ab63-043c8017608e
2021-09-23T13:36:51.523851285Z  INFO  2021-09-23 13:36:51,522 [shard 0] database - Keyspace system: Reading CF large_cells id=ead8bbc5-f146-3ae1-9f71-0b11f9a1d296 version=0d4a6937-a781-3f87-a192-b4e4a4a40acf
2021-09-23T13:36:51.523876279Z  INFO  2021-09-23 13:36:51,522 [shard 0] database - Keyspace system: Reading CF views_builds_in_progress id=b7f2c108-78cd-3c80-9cd5-d609b2bd149c version=b905cce5-1474-3085-819a-7592453e2fb9
2021-09-23T13:36:51.523890321Z  INFO  2021-09-23 13:36:51,522 [shard 0] database - Keyspace system: Reading CF built_views id=4b3c50a9-ea87-3d76-9101-6dbc9c38494a version=a28aa0b3-6def-30a7-9fbe-ce78b3f3c9b9
2021-09-23T13:36:51.523904397Z  INFO  2021-09-23 13:36:51,522 [shard 0] database - Keyspace system: Reading CF scylla_views_builds_in_progress id=a04c7bfd-1e13-36c9-a44d-f22da352281d version=e3fb736c-6956-3990-a31d-9a482279e3fc
2021-09-23T13:36:51.523929759Z  INFO  2021-09-23 13:36:51,522 [shard 0] database - Keyspace system: Reading CF truncated id=38c19fd0-fb86-3310-a4b7-0d0cc66628aa version=6da9a85c-7ae0-3917-aead-54a2f65a57a8
2021-09-23T13:36:51.524054957Z  INFO  2021-09-23 13:36:51,522 [shard 0] database - Keyspace system: Reading CF cdc_local id=0bcaffd4-0c83-3ead-ad13-dc1d5015b77c version=0aa4d3a2-ed95-3ecd-aba0-cd75622ad290
2021-09-23T13:36:51.524081750Z  INFO  2021-09-23 13:36:51,522 [shard 0] database - Keyspace system: Reading CF clients id=ca0f635d-8630-3609-8d93-a1fc06f2a5e5 version=51273ebf-e6f9-3cd5-b455-ea09ad29796f
2021-09-23T13:36:51.524093919Z  INFO  2021-09-23 13:36:51,522 [shard 0] database - Keyspace system: Reading CF schema_keyspaces id=b0f22357-4458-3cdb-9631-c43e59ce3676 version=84d28cef-59f9-34a9-9be5-31c684997f03
2021-09-23T13:36:51.524104263Z  INFO  2021-09-23 13:36:51,522 [shard 0] database - Keyspace system: Reading CF schema_columns id=296e9c04-9bec-3085-827d-c17d3df2122a version=53cfbb66-ee0d-37be-97bb-b2afb3746f85
2021-09-23T13:36:51.524114496Z  INFO  2021-09-23 13:36:51,522 [shard 0] database - Keyspace system: Reading CF schema_triggers id=0359bc71-7123-3ee1-9a4a-b9dfb11fc125 version=75e4ec4c-76da-3f59-984e-66810ba0c62b
2021-09-23T13:36:51.524124615Z  INFO  2021-09-23 13:36:51,522 [shard 0] database - Keyspace system: Reading CF large_rows id=40550f66-0858-39a0-9430-f27fc08034e9 version=aee3acb0-7926-317b-848e-db7bc3721695
2021-09-23T13:36:51.524134853Z  INFO  2021-09-23 13:36:51,522 [shard 0] database - Keyspace system: Reading CF schema_usertypes id=3aa75225-4f82-350b-8d5c-430fa221fa0a version=3c53e6bb-56d5-3618-a0b2-4ff5f18127d7
2021-09-23T13:36:51.524144935Z  INFO  2021-09-23 13:36:51,522 [shard 0] database - Keyspace system: Reading CF schema_functions id=d1b675fe-2b50-3ca4-8e49-c0f81989dcad version=a50959dd-2be0-3e4e-8bb5-cf40796e256a
2021-09-23T13:36:52.649675138Z  Traceback (most recent call last):
2021-09-23T13:36:52.649731141Z    File "/opt/scylladb/scripts/libexec/scylla-housekeeping", line 208, in <module>
2021-09-23T13:36:52.649744345Z      args.func(args)
2021-09-23T13:36:52.649754240Z    File "/opt/scylladb/scripts/libexec/scylla-housekeeping", line 134, in check_version
2021-09-23T13:36:52.650245933Z      current_version = sanitize_version(get_api('/storage_service/scylla_release_version'))
2021-09-23T13:36:52.650264361Z    File "/opt/scylladb/scripts/libexec/scylla-housekeeping", line 93, in get_api
2021-09-23T13:36:52.650598441Z      return get_json_from_url("http://" + api_address + path)
2021-09-23T13:36:52.650615951Z    File "/opt/scylladb/scripts/libexec/scylla-housekeeping", line 88, in get_json_from_url
2021-09-23T13:36:52.650956288Z      raise RuntimeError(f'Failed to get "{path}" due to the following error: {retval}')
2021-09-23T13:36:52.650974804Z  RuntimeError: Failed to get "http://localhost:10000/storage_service/scylla_release_version" due to the following error: HTTP Error 404: Not Found
2021-09-23T13:37:00.704215652Z  INFO  2021-09-23 13:37:00,703 [shard 0] init - starting gossip
2021-09-23T13:37:00.705188936Z  WARN  2021-09-23 13:37:00,704 [shard 0] init - Using default cluster name is not recommended. Using a unique cluster name will reduce the chance of adding nodes to the wrong cluster by mistake
2021-09-23T13:37:00.706047496Z  INFO  2021-09-23 13:37:00,705 [shard 0] init - seeds={10.0.1.11}, listen_address=10.0.1.11, broadcast_address=10.0.1.11
2021-09-23T13:37:00.706557470Z  INFO  2021-09-23 13:37:00,706 [shard 0] init - starting storage proxy
2021-09-23T13:37:00.717144391Z  INFO  2021-09-23 13:37:00,716 [shard 0] init - starting migration manager
2021-09-23T13:37:00.718040028Z  INFO  2021-09-23 13:37:00,717 [shard 0] init - starting query processor
2021-09-23T13:37:00.720412165Z  INFO  2021-09-23 13:37:00,720 [shard 0] init - initializing batchlog manager
2021-09-23T13:37:00.728717927Z  INFO  2021-09-23 13:37:00,728 [shard 0] format_selector - Selected md sstables format
2021-09-23T13:37:00.732077238Z  INFO  2021-09-23 13:37:00,731 [shard 0] legacy_schema_migrator - Moving 0 keyspaces from legacy schema tables to the new schema keyspace (system_schema)
2021-09-23T13:37:00.732878272Z  INFO  2021-09-23 13:37:00,732 [shard 0] legacy_schema_migrator - Dropping legacy schema tables
2021-09-23T13:37:09.478250999Z  INFO  2021-09-23 13:37:09,477 [shard 0] legacy_schema_migrator - Completed migration of legacy schema tables
2021-09-23T13:37:09.478309590Z  INFO  2021-09-23 13:37:09,477 [shard 0] init - loading system sstables
2021-09-23T13:37:20.924050906Z  INFO  2021-09-23 13:37:20,923 [shard 0] init - loading non-system sstables
2021-09-23T13:37:27.259705978Z  INFO  2021-09-23 13:37:27,258 [shard 0] database - Populating Keyspace system_auth
2021-09-23T13:37:27.261262675Z  INFO  2021-09-23 13:37:27,259 [shard 0] database - Keyspace system_auth: Reading CF roles id=5bc52802-de25-35ed-aeab-188eecebb090 version=e27680b1-de66-382d-be28-d8b1af5c426a
2021-09-23T13:37:27.261307542Z  INFO  2021-09-23 13:37:27,259 [shard 0] database - Keyspace system_auth: Reading CF role_members id=0ecdaa87-f8fb-3e60-88d1-74fb36fe5c0d version=8596efbf-fef9-3624-b16e-66e5a2478839
2021-09-23T13:37:27.261357519Z  INFO  2021-09-23 13:37:27,259 [shard 0] database - Populating Keyspace system_traces
2021-09-23T13:37:27.261378759Z  INFO  2021-09-23 13:37:27,259 [shard 0] database - Keyspace system_traces: Reading CF sessions_time_idx id=0ebf001c-c1d1-3693-9a63-c3d96ac53318 version=53b2b453-8256-3cc0-b8fc-9a32427898a9
2021-09-23T13:37:27.261398805Z  INFO  2021-09-23 13:37:27,259 [shard 0] database - Keyspace system_traces: Reading CF sessions id=c5e99f16-8677-3914-b17e-960613512345 version=7970f395-812c-3650-a170-5741d6f12bd3
2021-09-23T13:37:27.261418245Z  INFO  2021-09-23 13:37:27,260 [shard 0] database - Keyspace system_traces: Reading CF node_slow_log_time_idx id=f9706768-aa1e-3d87-9e5c-51a3927c2870 version=424995db-92cf-3997-81f6-d297ecca59cb
2021-09-23T13:37:27.261437469Z  INFO  2021-09-23 13:37:27,260 [shard 0] database - Keyspace system_traces: Reading CF node_slow_log id=bfcc4e62-5b63-3aa1-a1c3-6f5e47f3325c version=2201e9ba-63d3-38d2-a0d9-6d431f9d0941
2021-09-23T13:37:27.261456690Z  INFO  2021-09-23 13:37:27,260 [shard 0] database - Keyspace system_traces: Reading CF events id=8826e8e9-e16a-3728-8753-3bc1fc713c25 version=82be260f-7d52-372d-8261-918fdad0c51f
2021-09-23T13:37:27.261476053Z  INFO  2021-09-23 13:37:27,260 [shard 0] database - Populating Keyspace dt
2021-09-23T13:37:27.261494650Z  INFO  2021-09-23 13:37:27,260 [shard 0] database - Keyspace dt: Reading CF user id=b60ae340-91bf-11eb-bd25-000000000000 version=cabb4525-43c5-3a15-875d-0fbb3a1cca73
2021-09-23T13:37:27.261513463Z  INFO  2021-09-23 13:37:27,260 [shard 0] database - Keyspace dt: Reading CF twin id=b79af920-91bf-11eb-bd25-000000000000 version=30cd9585-6d13-3469-8542-c8035fe90bbf
2021-09-23T13:37:27.261532590Z  INFO  2021-09-23 13:37:27,260 [shard 0] database - Keyspace dt: Reading CF source_element_idx_index id=c0e86990-91bf-11eb-bd25-000000000000 version=32f76a72-1cb6-3da2-800f-d90dc77b0ec1
2021-09-23T13:37:27.261554120Z  INFO  2021-09-23 13:37:27,260 [shard 0] database - Keyspace dt: Reading CF element_twin_idx_index id=bc170b60-91bf-11eb-bd25-000000000000 version=40dc72bc-79d8-3fc4-9053-c7adde980939
2021-09-23T13:37:27.261574263Z  INFO  2021-09-23 13:37:27,260 [shard 0] database - Keyspace dt: Reading CF source_data id=c370c220-91bf-11eb-bd25-000000000000 version=d447c8b6-e9f4-38c5-a90c-21dc5733d0ff
2021-09-23T13:37:27.261593550Z  INFO  2021-09-23 13:37:27,260 [shard 0] database - Keyspace dt: Reading CF source id=be95c700-91bf-11eb-bd25-000000000000 version=c9d14ff4-95de-3d01-af7a-5eb2a7010809
2021-09-23T13:37:27.262200076Z  INFO  2021-09-23 13:37:27,260 [shard 0] database - Keyspace dt: Reading CF element id=b9b77080-91bf-11eb-bd25-000000000000 version=bcbb5d6d-bdf7-37fe-93b6-dbbed4b6ba76
2021-09-23T13:37:27.262237033Z  INFO  2021-09-23 13:37:27,260 [shard 0] database - Populating Keyspace system_distributed
2021-09-23T13:37:27.262256666Z  INFO  2021-09-23 13:37:27,260 [shard 0] database - Keyspace system_distributed: Reading CF view_build_status id=5582b59f-8e4e-35e1-b913-3acada51eb04 version=e61ea49b-8dbc-3ff6-a69f-896f4d38b7bb
2021-09-23T13:37:27.262276283Z  INFO  2021-09-23 13:37:27,260 [shard 0] database - Keyspace system_distributed: Reading CF cdc_streams_descriptions_v2 id=0bf73fd7-65b2-36b0-85e5-658131d5df36 version=58a18c32-0c5a-34ba-992f-7723dd0265c0
2021-09-23T13:37:27.262313720Z  INFO  2021-09-23 13:37:27,260 [shard 0] database - Keyspace system_distributed: Reading CF cdc_streams_descriptions id=249f0ac2-8856-36d4-9802-f55223eb01c2 version=f727f60d-bfaa-32de-a0d6-898e1cbaf2c9
2021-09-23T13:37:27.262335517Z  INFO  2021-09-23 13:37:27,260 [shard 0] database - Keyspace system_distributed: Reading CF cdc_generation_timestamps id=fdf455c4-cfec-3e00-9719-d7a45436c89d version=5777e043-a81a-3324-8803-b497c056849f
2021-09-23T13:37:27.262355371Z  INFO  2021-09-23 13:37:27,260 [shard 0] database - Keyspace system_distributed: Reading CF cdc_generation_descriptions id=ae653406-7b3e-34aa-af70-d5b90f837c67 version=95e9e159-839f-39b3-990f-8e8a04817ff8
2021-09-23T13:37:31.897635640Z  INFO  2021-09-23 13:37:31,897 [shard 0] init - starting view update generator
2021-09-23T13:37:31.898538698Z  INFO  2021-09-23 13:37:31,898 [shard 0] init - discovering staging sstables
2021-09-23T13:37:31.899425997Z  INFO  2021-09-23 13:37:31,899 [shard 0] init - setting up system keyspace
2021-09-23T13:37:31.934045469Z  INFO  2021-09-23 13:37:31,933 [shard 0] init - starting commit log
2021-09-23T13:37:31.934077635Z  INFO  2021-09-23 13:37:31,933 [shard 0] init - replaying commit log
2021-09-23T13:37:31.936878675Z  INFO  2021-09-23 13:37:31,936 [shard 0] commitlog_replayer - Replaying /var/lib/scylla/commitlog/CommitLog-1-18014411502424898.log, /var/lib/scylla/commitlog/CommitLog-1-12992942913.log, /var/lib/scylla/commitlog/CommitLog-1-18014411502424896.log, /var/lib/scylla/commitlog/CommitLog-1-18014411502424897.log, /var/lib/scylla/commitlog/CommitLog-1-12992942912.log, /var/lib/scylla/commitlog/CommitLog-1-12992942911.log
2021-09-23T13:37:32.202739353Z  INFO  2021-09-23 13:37:32,201 [shard 0] commitlog_replayer - Log replay complete, 259 replayed mutations (0 invalid, 0 skipped)
2021-09-23T13:37:32.203827116Z  INFO  2021-09-23 13:37:32,203 [shard 0] init - replaying commit log - flushing memtables
2021-09-23T13:37:42.414212068Z  INFO  2021-09-23 13:37:42,413 [shard 0] init - replaying commit log - removing old commitlog segments
2021-09-23T13:37:42.415628446Z  INFO  2021-09-23 13:37:42,415 [shard 0] compaction - [Compact system.truncated 6d6a69f0-1c73-11ec-b13a-000000000000] Compacting [/var/lib/scylla/data/system/truncated-38c19fd0fb863310a4b70d0cc66628aa/md-942-big-Data.db:level=0, /var/lib/scylla/data/system/truncated-38c19fd0fb863310a4b70d0cc66628aa/md-940-big-Data.db:level=0, /var/lib/scylla/data/system/truncated-38c19fd0fb863310a4b70d0cc66628aa/md-938-big-Data.db:level=0, /var/lib/scylla/data/system/truncated-38c19fd0fb863310a4b70d0cc66628aa/md-936-big-Data.db:level=0, ]
2021-09-23T13:37:42.416584529Z  INFO  2021-09-23 13:37:42,415 [shard 1] compaction - [Compact system_distributed.cdc_generation_timestamps 6d6a69f0-1c73-11ec-8903-000000000001] Compacting [/var/lib/scylla/data/system_distributed/cdc_generation_timestamps-fdf455c4cfec3e009719d7a45436c89d/md-423-big-Data.db:level=0, /var/lib/scylla/data/system_distributed/cdc_generation_timestamps-fdf455c4cfec3e009719d7a45436c89d/md-421-big-Data.db:level=0, ]
2021-09-23T13:37:42.419968689Z  INFO  2021-09-23 13:37:42,419 [shard 0] init - initializing migration manager RPC verbs
2021-09-23T13:37:42.420473204Z  INFO  2021-09-23 13:37:42,420 [shard 0] init - initializing storage proxy RPC verbs
2021-09-23T13:37:42.420936863Z  INFO  2021-09-23 13:37:42,420 [shard 0] init - starting streaming service
2021-09-23T13:37:42.421455317Z  INFO  2021-09-23 13:37:42,421 [shard 0] init - starting hinted handoff manager
2021-09-23T13:37:43.230423774Z  INFO  2021-09-23 13:37:43,229 [shard 0] init - starting messaging service
2021-09-23T13:37:43.231617943Z  INFO  2021-09-23 13:37:43,231 [shard 0] repair - Setting max_repair_memory=126248550, max_repair_memory_per_range=33554432, max_repair_ranges_in_parallel=1
2021-09-23T13:37:43.232897318Z  INFO  2021-09-23 13:37:43,232 [shard 0] init - starting storage service
2021-09-23T13:37:43.236296560Z  INFO  2021-09-23 13:37:43,235 [shard 0] storage_service - Loading persisted ring state
2021-09-23T13:37:43.239429309Z  INFO  2021-09-23 13:37:43,239 [shard 0] storage_service - initial_contact_nodes={10.0.1.11}, loaded_endpoints={}, loaded_peer_features=0
2021-09-23T13:37:43.240167569Z  INFO  2021-09-23 13:37:43,239 [shard 0] storage_service - Checking remote features with gossip, initial_contact_nodes={10.0.1.11}
2021-09-23T13:37:43.240971205Z  INFO  2021-09-23 13:37:43,240 [shard 0] messaging_service - Starting Messaging Service on port 7000
2021-09-23T13:37:43.241635664Z  INFO  2021-09-23 13:37:43,241 [shard 0] gossip - Gossip shadow round started with nodes={}
2021-09-23T13:37:43.242183029Z  WARN  2021-09-23 13:37:43,241 [shard 0] gossip - All nodes={} are down for get_endpoint_states verb. Skip ShadowRound.
2021-09-23T13:37:43.242683599Z  INFO  2021-09-23 13:37:43,242 [shard 0] gossip - Gossip shadow round finisehd with nodes_talked={}
2021-09-23T13:37:43.243468018Z  INFO  2021-09-23 13:37:43,243 [shard 0] gossip - Feature check passed. Local node 10.0.1.11 features = {CDC, COMPUTED_COLUMNS, CORRECT_COUNTER_ORDER, CORRECT_IDX_TOKEN_IN_SECONDARY_INDEX, CORRECT_NON_COMPOUND_RANGE_TOMBSTONES, CORRECT_STATIC_COMPACT_IN_MC, COUNTERS, DIGEST_FOR_NULL_VALUES, DIGEST_INSENSITIVE_TO_EXPIRY, DIGEST_MULTIPARTITION_READ, HINTED_HANDOFF_SEPARATE_CONNECTION, INDEXES, LARGE_PARTITIONS, LA_SSTABLE_FORMAT, LWT, MATERIALIZED_VIEWS, MC_SSTABLE_FORMAT, MD_SSTABLE_FORMAT, NONFROZEN_UDTS, PER_TABLE_CACHING, PER_TABLE_PARTITIONERS, RANGE_TOMBSTONES, ROLES, ROW_LEVEL_REPAIR, SCHEMA_TABLES_V3, STREAM_WITH_RPC_STREAM, TRUNCATION_TABLE, UNBOUNDED_RANGE_TOMBSTONES, VIEW_VIRTUAL_COLUMNS, WRITE_FAILURE_REPLY, XXHASH}, Remote common_features = {}
2021-09-23T13:37:43.245636135Z  INFO  2021-09-23 13:37:43,245 [shard 0] storage_service - Restarting a node in NORMAL status
2021-09-23T13:37:43.291274420Z  INFO  2021-09-23 13:37:43,290 [shard 0] schema_tables - Schema version changed to 3ed0da5a-9378-3867-8692-45463e52d017
2021-09-23T13:37:43.291934540Z  INFO  2021-09-23 13:37:43,291 [shard 0] storage_service - Starting up server gossip
2021-09-23T13:37:43.716634488Z  INFO  2021-09-23 13:37:43,715 [shard 1] compaction - [Compact system.truncated 6e30c730-1c73-11ec-8903-000000000001] Compacting [/var/lib/scylla/data/system/truncated-38c19fd0fb863310a4b70d0cc66628aa/md-943-big-Data.db:level=0, /var/lib/scylla/data/system/truncated-38c19fd0fb863310a4b70d0cc66628aa/md-941-big-Data.db:level=0, /var/lib/scylla/data/system/truncated-38c19fd0fb863310a4b70d0cc66628aa/md-939-big-Data.db:level=0, /var/lib/scylla/data/system/truncated-38c19fd0fb863310a4b70d0cc66628aa/md-933-big-Data.db:level=0, ]
2021-09-23T13:37:44.464190790Z  INFO  2021-09-23 13:37:44,463 [shard 1] compaction - [Compact system_distributed.cdc_generation_timestamps 6d6a69f0-1c73-11ec-8903-000000000001] Compacted 2 sstables to [/var/lib/scylla/data/system_distributed/cdc_generation_timestamps-fdf455c4cfec3e009719d7a45436c89d/md-425-big-Data.db:level=0, ]. 10kB to 5kB (~51% of original) in 1300ms = 4kB/s. ~256 total partitions merged to 1.
2021-09-23T13:37:44.532545438Z  INFO  2021-09-23 13:37:44,531 [shard 0] compaction - [Compact system.peers 6ead4a30-1c73-11ec-b13a-000000000000] Compacting [/var/lib/scylla/data/system/peers-37f71aca7dc2383ba70672528af04d4f/md-466-big-Data.db:level=0, /var/lib/scylla/data/system/peers-37f71aca7dc2383ba70672528af04d4f/md-464-big-Data.db:level=0, ]
2021-09-23T13:37:44.533719666Z  INFO  2021-09-23 13:37:44,533 [shard 0] compaction - [Compact system.local 6ead9850-1c73-11ec-b13a-000000000000] Compacting [/var/lib/scylla/data/system/local-7ad54392bcdd35a684174e047860b377/md-964-big-Data.db:level=0, /var/lib/scylla/data/system/local-7ad54392bcdd35a684174e047860b377/md-962-big-Data.db:level=0, /var/lib/scylla/data/system/local-7ad54392bcdd35a684174e047860b377/md-960-big-Data.db:level=0, ]
2021-09-23T13:37:45.053203499Z  INFO  2021-09-23 13:37:45,052 [shard 1] compaction - [Compact system_schema.computed_columns 6efcc9c0-1c73-11ec-8903-000000000001] Compacting [/var/lib/scylla/data/system_schema/computed_columns-cc7c7069374033c192a4c3de78dbd2c4/md-459-big-Data.db:level=0, /var/lib/scylla/data/system_schema/computed_columns-cc7c7069374033c192a4c3de78dbd2c4/md-461-big-Data.db:level=0, /var/lib/scylla/data/system_schema/computed_columns-cc7c7069374033c192a4c3de78dbd2c4/md-457-big-Data.db:level=0, ]
2021-09-23T13:37:46.060446218Z  INFO  2021-09-23 13:37:46,059 [shard 0] compaction - [Compact system.truncated 6d6a69f0-1c73-11ec-b13a-000000000000] Compacted 4 sstables to [/var/lib/scylla/data/system/truncated-38c19fd0fb863310a4b70d0cc66628aa/md-944-big-Data.db:level=0, ]. 92kB to 77kB (~83% of original) in 2116ms = 36kB/s. ~512 total partitions merged to 2.
2021-09-23T13:37:46.069143736Z  INFO  2021-09-23 13:37:46,068 [shard 0] compaction - [Compact system.peers 6ead4a30-1c73-11ec-b13a-000000000000] Compacted 2 sstables to []. 11kB to 0 bytes (~0% of original) in 1ms = 0 bytes/s. ~256 total partitions merged to 0.
2021-09-23T13:37:46.205895369Z  INFO  2021-09-23 13:37:46,205 [shard 1] compaction - [Compact system.truncated 6e30c730-1c73-11ec-8903-000000000001] Compacted 4 sstables to [/var/lib/scylla/data/system/truncated-38c19fd0fb863310a4b70d0cc66628aa/md-945-big-Data.db:level=0, ]. 295kB to 74kB (~25% of original) in 1336ms = 55kB/s. ~512 total partitions merged to 6.
2021-09-23T13:37:46.806551054Z  INFO  2021-09-23 13:37:46,805 [shard 0] compaction - [Compact system.compaction_history 70084650-1c73-11ec-b13a-000000000000] Compacting [/var/lib/scylla/data/system/compaction_history-b4dbb7b4dc493fb5b3bfce6e434832ca/md-462-big-Data.db:level=0, /var/lib/scylla/data/system/compaction_history-b4dbb7b4dc493fb5b3bfce6e434832ca/md-460-big-Data.db:level=0, ]
2021-09-23T13:37:46.948196645Z  INFO  2021-09-23 13:37:46,947 [shard 1] compaction - [Compact system_schema.indexes 701df130-1c73-11ec-8903-000000000001] Compacting [/var/lib/scylla/data/system_schema/indexes-0feb57ac311f382fba6d9024d305702f/md-465-big-Data.db:level=0, /var/lib/scylla/data/system_schema/indexes-0feb57ac311f382fba6d9024d305702f/md-463-big-Data.db:level=0, /var/lib/scylla/data/system_schema/indexes-0feb57ac311f382fba6d9024d305702f/md-461-big-Data.db:level=0, ]
2021-09-23T13:37:47.588272119Z  INFO  2021-09-23 13:37:47,587 [shard 0] compaction - [Compact system.local 6ead9850-1c73-11ec-b13a-000000000000] Compacted 3 sstables to [/var/lib/scylla/data/system/local-7ad54392bcdd35a684174e047860b377/md-968-big-Data.db:level=0, ]. 25kB to 12kB (~48% of original) in 2272ms = 5kB/s. ~384 total partitions merged to 1.
2021-09-23T13:37:47.752710379Z  INFO  2021-09-23 13:37:47,752 [shard 1] compaction - [Compact system_schema.computed_columns 6efcc9c0-1c73-11ec-8903-000000000001] Compacted 3 sstables to [/var/lib/scylla/data/system_schema/computed_columns-cc7c7069374033c192a4c3de78dbd2c4/md-463-big-Data.db:level=0, ]. 124kB to 46kB (~37% of original) in 1895ms = 24kB/s. ~384 total partitions merged to 3.
2021-09-23T13:37:48.540306005Z  INFO  2021-09-23 13:37:48,539 [shard 0] compaction - [Compact system.local 7110dcb0-1c73-11ec-b13a-000000000000] Compacting [/var/lib/scylla/data/system/local-7ad54392bcdd35a684174e047860b377/md-966-big-Data.db:level=0, /var/lib/scylla/data/system/local-7ad54392bcdd35a684174e047860b377/md-968-big-Data.db:level=0, ]
2021-09-23T13:37:48.653090896Z  INFO  2021-09-23 13:37:48,652 [shard 1] compaction - [Compact system_schema.functions 71221ac0-1c73-11ec-8903-000000000001] Compacting [/var/lib/scylla/data/system_schema/functions-96489b7980be3e14a70166a0b9159450/md-413-big-Data.db:level=0, /var/lib/scylla/data/system_schema/functions-96489b7980be3e14a70166a0b9159450/md-409-big-Data.db:level=0, /var/lib/scylla/data/system_schema/functions-96489b7980be3e14a70166a0b9159450/md-411-big-Data.db:level=0, ]
2021-09-23T13:37:49.111911366Z  INFO  2021-09-23 13:37:49,111 [shard 0] compaction - [Compact system.compaction_history 70084650-1c73-11ec-b13a-000000000000] Compacted 2 sstables to [/var/lib/scylla/data/system/compaction_history-b4dbb7b4dc493fb5b3bfce6e434832ca/md-464-big-Data.db:level=0, ]. 140kB to 102kB (~73% of original) in 1733ms = 59kB/s. ~256 total partitions merged to 92.
2021-09-23T13:37:49.444182557Z  INFO  2021-09-23 13:37:49,443 [shard 1] compaction - [Compact system_schema.indexes 701df130-1c73-11ec-8903-000000000001] Compacted 3 sstables to [/var/lib/scylla/data/system_schema/indexes-0feb57ac311f382fba6d9024d305702f/md-467-big-Data.db:level=0, ]. 124kB to 46kB (~37% of original) in 1704ms = 27kB/s. ~384 total partitions merged to 3.
2021-09-23T13:37:50.252259817Z  INFO  2021-09-23 13:37:50,251 [shard 1] compaction - [Compact system_schema.types 721617b0-1c73-11ec-8903-000000000001] Compacting [/var/lib/scylla/data/system_schema/types-5a8b1ca866023f77a0459273d308917a/md-413-big-Data.db:level=0, /var/lib/scylla/data/system_schema/types-5a8b1ca866023f77a0459273d308917a/md-411-big-Data.db:level=0, /var/lib/scylla/data/system_schema/types-5a8b1ca866023f77a0459273d308917a/md-409-big-Data.db:level=0, ]
2021-09-23T13:37:50.419043134Z  INFO  2021-09-23 13:37:50,418 [shard 0] compaction - [Compact system.local 7110dcb0-1c73-11ec-b13a-000000000000] Compacted 2 sstables to [/var/lib/scylla/data/system/local-7ad54392bcdd35a684174e047860b377/md-970-big-Data.db:level=0, ]. 18kB to 12kB (~65% of original) in 1394ms = 8kB/s. ~256 total partitions merged to 1.
2021-09-23T13:37:50.862203234Z  INFO  2021-09-23 13:37:50,861 [shard 1] compaction - [Compact system_schema.functions 71221ac0-1c73-11ec-8903-000000000001] Compacted 3 sstables to [/var/lib/scylla/data/system_schema/functions-96489b7980be3e14a70166a0b9159450/md-415-big-Data.db:level=0, ]. 118kB to 39kB (~33% of original) in 1598ms = 24kB/s. ~384 total partitions merged to 2.
2021-09-23T13:37:51.408538047Z  INFO  2021-09-23 13:37:51,407 [shard 1] compaction - [Compact system.peers 72c67bf0-1c73-11ec-8903-000000000001] Compacting [/var/lib/scylla/data/system/peers-37f71aca7dc2383ba70672528af04d4f/md-471-big-Data.db:level=0, /var/lib/scylla/data/system/peers-37f71aca7dc2383ba70672528af04d4f/md-469-big-Data.db:level=0, ]
2021-09-23T13:37:51.408593473Z  INFO  2021-09-23 13:37:51,408 [shard 1] compaction - [Compact system_schema.triggers 72c6a300-1c73-11ec-8903-000000000001] Compacting [/var/lib/scylla/data/system_schema/triggers-4df70b666b05325195a132b54005fd48/md-415-big-Data.db:level=0, /var/lib/scylla/data/system_schema/triggers-4df70b666b05325195a132b54005fd48/md-413-big-Data.db:level=0, /var/lib/scylla/data/system_schema/triggers-4df70b666b05325195a132b54005fd48/md-411-big-Data.db:level=0, ]
2021-09-23T13:37:51.569874031Z  INFO  2021-09-23 13:37:51,569 [shard 1] compaction - [Compact system.peers 72c67bf0-1c73-11ec-8903-000000000001] Compacted 2 sstables to []. 11kB to 0 bytes (~0% of original) in 0ms = 0 bytes/s. ~256 total partitions merged to 0.
2021-09-23T13:37:51.569922885Z  INFO  2021-09-23 13:37:51,569 [shard 1] compaction - [Compact system_schema.types 721617b0-1c73-11ec-8903-000000000001] Compacted 3 sstables to [/var/lib/scylla/data/system_schema/types-5a8b1ca866023f77a0459273d308917a/md-415-big-Data.db:level=0, ]. 117kB to 39kB (~33% of original) in 1155ms = 34kB/s. ~384 total partitions merged to 2.
2021-09-23T13:37:51.814317446Z  INFO  2021-09-23 13:37:51,813 [shard 1] compaction - [Compact system_schema.aggregates 73046f50-1c73-11ec-8903-000000000001] Compacting [/var/lib/scylla/data/system_schema/aggregates-924c55872e3a345bb10c12f37c1ba895/md-413-big-Data.db:level=0, /var/lib/scylla/data/system_schema/aggregates-924c55872e3a345bb10c12f37c1ba895/md-409-big-Data.db:level=0, /var/lib/scylla/data/system_schema/aggregates-924c55872e3a345bb10c12f37c1ba895/md-411-big-Data.db:level=0, ]
2021-09-23T13:37:52.023642638Z  INFO  2021-09-23 13:37:52,022 [shard 1] compaction - [Compact system_schema.triggers 72c6a300-1c73-11ec-8903-000000000001] Compacted 3 sstables to [/var/lib/scylla/data/system_schema/triggers-4df70b666b05325195a132b54005fd48/md-417-big-Data.db:level=0, ]. 117kB to 39kB (~33% of original) in 405ms = 97kB/s. ~384 total partitions merged to 2.
2021-09-23T13:37:52.221547338Z  INFO  2021-09-23 13:37:52,220 [shard 1] compaction - [Compact system_schema.columns 734289c0-1c73-11ec-8903-000000000001] Compacting [/var/lib/scylla/data/system_schema/columns-24101c25a2ae3af787c1b40ee1aca33f/md-457-big-Data.db:level=0, /var/lib/scylla/data/system_schema/columns-24101c25a2ae3af787c1b40ee1aca33f/md-459-big-Data.db:level=0, /var/lib/scylla/data/system_schema/columns-24101c25a2ae3af787c1b40ee1aca33f/md-455-big-Data.db:level=0, ]
2021-09-23T13:37:52.377814495Z  INFO  2021-09-23 13:37:52,377 [shard 1] compaction - [Compact system_schema.aggregates 73046f50-1c73-11ec-8903-000000000001] Compacted 3 sstables to [/var/lib/scylla/data/system_schema/aggregates-924c55872e3a345bb10c12f37c1ba895/md-415-big-Data.db:level=0, ]. 118kB to 39kB (~33% of original) in 407ms = 97kB/s. ~384 total partitions merged to 2.
2021-09-23T13:37:52.614766870Z  INFO  2021-09-23 13:37:52,614 [shard 1] compaction - [Compact system_schema.tables 737ea860-1c73-11ec-8903-000000000001] Compacting [/var/lib/scylla/data/system_schema/tables-afddfb9dbc1e30688056eed6c302ba09/md-457-big-Data.db:level=0, /var/lib/scylla/data/system_schema/tables-afddfb9dbc1e30688056eed6c302ba09/md-459-big-Data.db:level=0, /var/lib/scylla/data/system_schema/tables-afddfb9dbc1e30688056eed6c302ba09/md-455-big-Data.db:level=0, ]
2021-09-23T13:37:52.830673242Z  INFO  2021-09-23 13:37:52,830 [shard 1] compaction - [Compact system_schema.columns 734289c0-1c73-11ec-8903-000000000001] Compacted 3 sstables to [/var/lib/scylla/data/system_schema/columns-24101c25a2ae3af787c1b40ee1aca33f/md-461-big-Data.db:level=0, ]. 166kB to 73kB (~44% of original) in 393ms = 187kB/s. ~384 total partitions merged to 6.
2021-09-23T13:37:53.150547566Z  INFO  2021-09-23 13:37:53,149 [shard 1] compaction - [Compact system_schema.scylla_tables 73d04ad0-1c73-11ec-8903-000000000001] Compacting [/var/lib/scylla/data/system_schema/scylla_tables-5d912ff1f7593665b2c88042ab5103dd/md-453-big-Data.db:level=0, /var/lib/scylla/data/system_schema/scylla_tables-5d912ff1f7593665b2c88042ab5103dd/md-455-big-Data.db:level=0, /var/lib/scylla/data/system_schema/scylla_tables-5d912ff1f7593665b2c88042ab5103dd/md-451-big-Data.db:level=0, ]
2021-09-23T13:37:53.327332586Z  INFO  2021-09-23 13:37:53,326 [shard 1] compaction - [Compact system_schema.tables 737ea860-1c73-11ec-8903-000000000001] Compacted 3 sstables to [/var/lib/scylla/data/system_schema/tables-afddfb9dbc1e30688056eed6c302ba09/md-461-big-Data.db:level=0, ]. 157kB to 69kB (~44% of original) in 535ms = 129kB/s. ~384 total partitions merged to 6.
2021-09-23T13:37:53.614304218Z  INFO  2021-09-23 13:37:53,613 [shard 1] compaction - [Compact system_schema.views 741717d0-1c73-11ec-8903-000000000001] Compacting [/var/lib/scylla/data/system_schema/views-9786ac1cdd583201a7cdad556410c985/md-421-big-Data.db:level=0, /var/lib/scylla/data/system_schema/views-9786ac1cdd583201a7cdad556410c985/md-419-big-Data.db:level=0, /var/lib/scylla/data/system_schema/views-9786ac1cdd583201a7cdad556410c985/md-417-big-Data.db:level=0, ]
2021-09-23T13:37:53.783481228Z  INFO  2021-09-23 13:37:53,782 [shard 1] compaction - [Compact system_schema.scylla_tables 73d04ad0-1c73-11ec-8903-000000000001] Compacted 3 sstables to [/var/lib/scylla/data/system_schema/scylla_tables-5d912ff1f7593665b2c88042ab5103dd/md-457-big-Data.db:level=0, ]. 121kB to 40kB (~33% of original) in 464ms = 88kB/s. ~384 total partitions merged to 2.
2021-09-23T13:37:54.120948067Z  INFO  2021-09-23 13:37:54,120 [shard 1] compaction - [Compact system_schema.keyspaces 74647480-1c73-11ec-8903-000000000001] Compacting [/var/lib/scylla/data/system_schema/keyspaces-abac5682dea631c5b535b3d6cffd0fb6/md-447-big-Data.db:level=0, /var/lib/scylla/data/system_schema/keyspaces-abac5682dea631c5b535b3d6cffd0fb6/md-449-big-Data.db:level=0, /var/lib/scylla/data/system_schema/keyspaces-abac5682dea631c5b535b3d6cffd0fb6/md-445-big-Data.db:level=0, ]
2021-09-23T13:37:54.313050614Z  INFO  2021-09-23 13:37:54,312 [shard 1] compaction - [Compact system_schema.views 741717d0-1c73-11ec-8903-000000000001] Compacted 3 sstables to [/var/lib/scylla/data/system_schema/views-9786ac1cdd583201a7cdad556410c985/md-423-big-Data.db:level=0, ]. 129kB to 48kB (~37% of original) in 505ms = 95kB/s. ~384 total partitions merged to 3.
2021-09-23T13:37:54.565840359Z  INFO  2021-09-23 13:37:54,564 [shard 1] compaction - [Compact system.compaction_history 74a83440-1c73-11ec-8903-000000000001] Compacting [/var/lib/scylla/data/system/compaction_history-b4dbb7b4dc493fb5b3bfce6e434832ca/md-463-big-Data.db:level=0, /var/lib/scylla/data/system/compaction_history-b4dbb7b4dc493fb5b3bfce6e434832ca/md-461-big-Data.db:level=0, ]
2021-09-23T13:37:54.844018518Z  INFO  2021-09-23 13:37:54,843 [shard 1] compaction - [Compact system_schema.keyspaces 74647480-1c73-11ec-8903-000000000001] Compacted 3 sstables to [/var/lib/scylla/data/system_schema/keyspaces-abac5682dea631c5b535b3d6cffd0fb6/md-451-big-Data.db:level=0, ]. 140kB to 61kB (~44% of original) in 443ms = 139kB/s. ~384 total partitions merged to 6.
2021-09-23T13:37:55.196505428Z  INFO  2021-09-23 13:37:55,195 [shard 1] compaction - [Compact system_schema.dropped_columns 75087cb0-1c73-11ec-8903-000000000001] Compacting [/var/lib/scylla/data/system_schema/dropped_columns-5e7583b5f3f43af19a39b7e1d6f5f11f/md-461-big-Data.db:level=0, /var/lib/scylla/data/system_schema/dropped_columns-5e7583b5f3f43af19a39b7e1d6f5f11f/md-463-big-Data.db:level=0, /var/lib/scylla/data/system_schema/dropped_columns-5e7583b5f3f43af19a39b7e1d6f5f11f/md-459-big-Data.db:level=0, ]
2021-09-23T13:37:55.314602876Z  INFO  2021-09-23 13:37:55,313 [shard 1] compaction - [Compact system.compaction_history 74a83440-1c73-11ec-8903-000000000001] Compacted 2 sstables to [/var/lib/scylla/data/system/compaction_history-b4dbb7b4dc493fb5b3bfce6e434832ca/md-465-big-Data.db:level=0, ]. 193kB to 102kB (~53% of original) in 630ms = 163kB/s. ~256 total partitions merged to 98.
2021-09-23T13:37:55.592803373Z  INFO  2021-09-23 13:37:55,592 [shard 1] compaction - [Compact system_schema.view_virtual_columns 75451080-1c73-11ec-8903-000000000001] Compacting [/var/lib/scylla/data/system_schema/view_virtual_columns-08843b6345dc3be29798a0418295cfaa/md-433-big-Data.db:level=0, /var/lib/scylla/data/system_schema/view_virtual_columns-08843b6345dc3be29798a0418295cfaa/md-431-big-Data.db:level=0, /var/lib/scylla/data/system_schema/view_virtual_columns-08843b6345dc3be29798a0418295cfaa/md-429-big-Data.db:level=0, ]
2021-09-23T13:37:55.745305157Z  INFO  2021-09-23 13:37:55,744 [shard 1] compaction - [Compact system_schema.dropped_columns 75087cb0-1c73-11ec-8903-000000000001] Compacted 3 sstables to [/var/lib/scylla/data/system_schema/dropped_columns-5e7583b5f3f43af19a39b7e1d6f5f11f/md-465-big-Data.db:level=0, ]. 117kB to 39kB (~33% of original) in 396ms = 100kB/s. ~384 total partitions merged to 2.
2021-09-23T13:37:56.080133482Z  INFO  2021-09-23 13:37:56,079 [shard 1] compaction - [Compact system_schema.view_virtual_columns 75451080-1c73-11ec-8903-000000000001] Compacted 3 sstables to [/var/lib/scylla/data/system_schema/view_virtual_columns-08843b6345dc3be29798a0418295cfaa/md-435-big-Data.db:level=0, ]. 125kB to 46kB (~37% of original) in 400ms = 117kB/s. ~384 total partitions merged to 3.
2021-09-23T13:37:58.075088418Z  INFO  2021-09-23 13:37:58,073 [shard 0] gossip - No gossip backlog; proceeding
2021-09-23T13:37:58.077000084Z  INFO  2021-09-23 13:37:58,076 [shard 0] features - Feature CDC is enabled
2021-09-23T13:37:58.077823625Z  INFO  2021-09-23 13:37:58,077 [shard 0] features - Feature COMPUTED_COLUMNS is enabled
2021-09-23T13:37:58.077872225Z  INFO  2021-09-23 13:37:58,077 [shard 0] features - Feature CORRECT_IDX_TOKEN_IN_SECONDARY_INDEX is enabled
2021-09-23T13:37:58.077894316Z  INFO  2021-09-23 13:37:58,077 [shard 0] features - Feature CORRECT_STATIC_COMPACT_IN_MC is enabled
2021-09-23T13:37:58.077913666Z  INFO  2021-09-23 13:37:58,077 [shard 0] features - Feature DIGEST_FOR_NULL_VALUES is enabled
2021-09-23T13:37:58.077959147Z  INFO  2021-09-23 13:37:58,077 [shard 0] features - Feature DIGEST_INSENSITIVE_TO_EXPIRY is enabled
2021-09-23T13:37:58.078307155Z  INFO  2021-09-23 13:37:58,077 [shard 0] features - Feature HINTED_HANDOFF_SEPARATE_CONNECTION is enabled
2021-09-23T13:37:58.078342388Z  INFO  2021-09-23 13:37:58,077 [shard 0] features - Feature LWT is enabled
2021-09-23T13:37:58.078361945Z  INFO  2021-09-23 13:37:58,077 [shard 0] features - Feature MC_SSTABLE_FORMAT is enabled
2021-09-23T13:37:58.078757087Z  INFO  2021-09-23 13:37:58,078 [shard 0] features - Feature MD_SSTABLE_FORMAT is enabled
2021-09-23T13:37:58.079149337Z  INFO  2021-09-23 13:37:58,078 [shard 0] features - Feature NONFROZEN_UDTS is enabled
2021-09-23T13:37:58.079487397Z  INFO  2021-09-23 13:37:58,078 [shard 0] features - Feature PER_TABLE_CACHING is enabled
2021-09-23T13:37:58.079517594Z  INFO  2021-09-23 13:37:58,078 [shard 0] features - Feature PER_TABLE_PARTITIONERS is enabled
2021-09-23T13:37:58.079534705Z  INFO  2021-09-23 13:37:58,078 [shard 0] features - Feature ROW_LEVEL_REPAIR is enabled
2021-09-23T13:37:58.079550822Z  INFO  2021-09-23 13:37:58,078 [shard 0] features - Feature TRUNCATION_TABLE is enabled
2021-09-23T13:37:58.079593428Z  INFO  2021-09-23 13:37:58,078 [shard 0] features - Feature UNBOUNDED_RANGE_TOMBSTONES is enabled
2021-09-23T13:37:58.079611282Z  INFO  2021-09-23 13:37:58,078 [shard 0] features - Feature VIEW_VIRTUAL_COLUMNS is enabled
2021-09-23T13:37:58.081324479Z  INFO  2021-09-23 13:37:58,080 [shard 0] init - starting system distributed keyspace
2021-09-23T13:37:58.085630295Z  INFO  2021-09-23 13:37:58,084 [shard 0] storage_service - Using saved tokens {9124010895326915551, 8742018973670033125, 8598555156506068168, 859331192677595355, 8489633851918218972, 8404544377773987620, 8334052099869822074, 8027070951690535512, 7653411651769364763, 7643300886773448726, 745698443895614697, 733608372829560431, 6892720454935362021, 6800940363671872258, 6752736840498222835, 7558570794682543277, 6626855036896651415, 6558953552931646742, 654811730000643782, 6453507488197093240, 6418881467918362121, 6257350538314658651, 8694185385366952453, 6236544808742060204, 6205996696401286952, 6181536116480005250, 6173890748576798510, 6168788704115239078, 914767106532303288, 6990363615428460803, 6234359937486042650, 6135487156888480192, 8298670917499244446, 7962637687399845676, 5859809433466828295, 572381649550060741, 5717521671303527835, 6767513432483647708, 5669133658513444829, 5648065983278090801, 5139558912890970065, 490292763971450340, 5088559784364939447, 4887879388920547181, 4864473040594215386, 4821401626888467395, 4584677418481153049, 4568560376040385623, 4425517595667769005, 4212229064000506688, 417323891907213555, 4105567803922032311, 846328848386553100, 4097056052731017739, 4037011506266365719, 397816311326034467, 8807705278705127055, 3960263499412211951, 3895103703505731808, 5319761317396931638, 360597321690183586, 6977453291531829598, 3469791365465559235, 3450799468463193555, 3341791787112106987, 321719263399246289, 495119623429944640, 3188441281592026984, 3132582716025630056, 2897978825010732891, 2798599672396321233, 6722262565665525082, 3655246620504891712, 2727978900950034079, 2523679024489419468, 2246314149549274080, 2111447425244342721, 4342425971260087537, 2072681479362054742, 1722652131956917119, 1596795172788069650, 3258336554370208112, 1484250105068094827, 322919980295096232, 147185272239349262, 1582292604007964836, -1043366625644573502, 6202054439624443736, -7036530416959591692, 7059986144911608666, 1308325171422204311, -5106332339199757418, -4983430690696996654, -129692242505474142, -4408832913021959392, -4201351102319936633, 8226105573655162691, 1143169181596101602, -373464609677467774, 6499637180920648380, -3688252115466414768, -4685245633506220935, -3393731484328842231, 146326482513143238, -3354377357399948017, -7520504150110066280, 4013620692958310926, 120285327225849529, -5319770427093584367, -3344645134456416355, 7542140524268185824, -1567986029003951429, -6225982984898210797, 3616787878857439901, -1134847260854861521, -1385815719507756604, -7216500369574002380, -2540342459765209305, -3153428036916311114, -1315427923943130867, 6735115869130128231, -8804109413751117454, 5380300166925886998, -3994233554939769446, -2049052420205957973, -6823521889286394233, 7773354257250251508, -813663158863688605, -2813588493261245387, -4306289609617407685, -8554421498880928036, 6625124512311491877, -1193453720756075343, -7344961469397326117, 40988359741359328, 3538701036468284236, -4959270447304085620, -6649264423169845010, -164488752845185737, -4809655207434651910, 852064759819355889, 655765621784410911, -2265394845695119219, -1633283144679415010, -2905038631817617159, -1338175487850463146, -5604344254894844223, 1342637340952214033, -3063809950324015361, 3620475942448129254, -6701628281791339799, -1015966201355467601, -1010385350192890483, -5464692903875327262, -5350408053695756824, -3909145060055744662, 8110921354580809535, -1828720553060017001, -9039692023802518881, 8906477330793941548, -1950771572338293141, -578007903166946288, -2835283049648902775, -5969076120552281390, -4980038973578836295, -2956647759994856492, -3121440497971800186, -2451287035471636788, -8397239023617269085, -3907411391529938738, -6060412664924674468, 1201018447870040377, 744455255883305773, 6091158824052509989, -4647456536187559461, -2492321414000069004, -8249536583876427841, 7286508860723851824, -414762654016518424, -5783334032467426709, 6421278078424044569, 441269054539754827, -6608800837376867894, 5791636627852090243, -4351372151055006459, -5864482138900019193, 5601743073496261086, 4770910060094536939, 1232477482658016681, -5948334266233173781, -6086128074458237613, -8638832556157001740, -6113382913249116479, 3618586283784401510, -6122783330192656017, 5382626567051759064, 3269933335992189660, 3265637793915806608, -1668747907767623398, -6127999924475878922, -7206262277128710714, -6146258828033574412, 890221936568177916, 1221044349160589157, -6379743443959801206, -3354462196552861041, -6677370219752794615, -629668751745095673, 4544273533200769333, 2099953764446630586, -64824586118135566, 581574656604815021, -1515669477669935777, -3109764140720549529, -8111279514706125590, -6765501084971270724, -7123469322789065192, 8256443830104168330, -7192042733875824935, -3386880163308184471, -7555616751041454945, 8338973462233251092, -3831510983777130411, -809362909466312577, -812118401657732185, -813144382884222877, -6165495426270074889, -8608419165109646990, -8763577584688728098, 9100267743767020695, 1449039208745937834, -8790517587028177640, -753170663132011250, -8817723952438831390, -74586706562973894, -291383833060567901, -2351081202557792362, -8891768586937559860, 1851372445822437027, -915977517244945982, 2745557699704249475, -9170788929174515177, 2201664116850426765, 1065409362723446036, 7226815385485772597, -933992305836130344, 7986798416127859088, -6861762339660299047, -8421468042859687897, 1060714984715414565, 1108113371314175716, 1120943934896482048, -8578170098649472153, 118542843210684040, 3064484626246652780, 1415645789302299155}
2021-09-23T13:37:58.098821589Z  INFO  2021-09-23 13:37:58,098 [shard 0] schema_tables - Schema version changed to 3ed0da5a-9378-3867-8692-45463e52d017
2021-09-23T13:37:58.112393742Z  INFO  2021-09-23 13:37:58,112 [shard 0] schema_tables - Schema version changed to 710b5af1-be2e-3479-9577-6140351ae31e
2021-09-23T13:37:58.123099958Z  INFO  2021-09-23 13:37:58,122 [shard 0] schema_tables - Schema version changed to 710b5af1-be2e-3479-9577-6140351ae31e
2021-09-23T13:37:58.133115335Z  INFO  2021-09-23 13:37:58,132 [shard 0] schema_tables - Schema version changed to 710b5af1-be2e-3479-9577-6140351ae31e
2021-09-23T13:37:58.492951101Z  INFO  2021-09-23 13:37:58,492 [shard 0] compaction - [Compact system.cdc_local 76ff91c0-1c73-11ec-b13a-000000000000] Compacting [/var/lib/scylla/data/system/cdc_local-0bcaffd40c833eadad13dc1d5015b77c/md-490-big-Data.db:level=0, /var/lib/scylla/data/system/cdc_local-0bcaffd40c833eadad13dc1d5015b77c/md-488-big-Data.db:level=0, ]
2021-09-23T13:37:58.974751425Z  INFO  2021-09-23 13:37:58,973 [shard 0] storage_service - Node 10.0.1.11 state jump to normal
2021-09-23T13:37:58.976007035Z  INFO  2021-09-23 13:37:58,975 [shard 0] compaction - [Compact system.local 774944f0-1c73-11ec-b13a-000000000000] Compacting [/var/lib/scylla/data/system/local-7ad54392bcdd35a684174e047860b377/md-972-big-Data.db:level=0, /var/lib/scylla/data/system/local-7ad54392bcdd35a684174e047860b377/md-970-big-Data.db:level=0, ]
2021-09-23T13:37:58.983111359Z  INFO  2021-09-23 13:37:58,982 [shard 0] cdc - Generation 2021/03/29 14:13:43: streams description table already updated.
2021-09-23T13:37:59.274238392Z  INFO  2021-09-23 13:37:59,273 [shard 0] compaction - [Compact system.cdc_local 76ff91c0-1c73-11ec-b13a-000000000000] Compacted 2 sstables to [/var/lib/scylla/data/system/cdc_local-0bcaffd40c833eadad13dc1d5015b77c/md-492-big-Data.db:level=0, ]. 68kB to 63kB (~92% of original) in 482ms = 131kB/s. ~256 total partitions merged to 2.
2021-09-23T13:37:59.479243095Z  INFO  2021-09-23 13:37:59,478 [shard 0] storage_service - NORMAL: node is now in normal status
2021-09-23T13:37:59.479708614Z  INFO  2021-09-23 13:37:59,479 [shard 0] cdc - Latest generation seen during startup: 2021/03/29 14:13:43
2021-09-23T13:37:59.482605371Z  INFO  2021-09-23 13:37:59,482 [shard 0] init - starting tracing
2021-09-23T13:37:59.484408723Z  INFO  2021-09-23 13:37:59,483 [shard 0] init - SSTable data integrity checker is disabled.
2021-09-23T13:37:59.484848393Z  INFO  2021-09-23 13:37:59,484 [shard 0] init - starting auth service
2021-09-23T13:37:59.488948137Z  INFO  2021-09-23 13:37:59,488 [shard 0] init - starting batchlog manager
2021-09-23T13:37:59.489764183Z  INFO  2021-09-23 13:37:59,489 [shard 0] init - starting load meter
2021-09-23T13:37:59.490381609Z  INFO  2021-09-23 13:37:59,489 [shard 0] init - starting cf cache hit rate calculator
2021-09-23T13:37:59.491055775Z  INFO  2021-09-23 13:37:59,490 [shard 0] init - starting view update backlog broker
2021-09-23T13:37:59.492335549Z  INFO  2021-09-23 13:37:59,491 [shard 0] init - Waiting for gossip to settle before accepting client requests...
2021-09-23T13:37:59.571056952Z  INFO  2021-09-23 13:37:59,570 [shard 0] compaction - [Compact system.local 774944f0-1c73-11ec-b13a-000000000000] Compacted 2 sstables to [/var/lib/scylla/data/system/local-7ad54392bcdd35a684174e047860b377/md-974-big-Data.db:level=0, ]. 18kB to 12kB (~66% of original) in 504ms = 24kB/s. ~256 total partitions merged to 1.
2021-09-23T13:38:11.494735723Z  INFO  2021-09-23 13:38:11,492 [shard 0] gossip - No gossip backlog; proceeding
2021-09-23T13:38:11.494809340Z  INFO  2021-09-23 13:38:11,493 [shard 0] init - allow replaying hints
2021-09-23T13:38:11.494841468Z  INFO  2021-09-23 13:38:11,493 [shard 0] init - Launching generate_mv_updates for non system tables
2021-09-23T13:38:11.494865674Z  INFO  2021-09-23 13:38:11,493 [shard 0] init - starting the view builder
2021-09-23T13:38:11.887651974Z  INFO  2021-09-23 13:38:11,887 [shard 0] compaction - [Compact system.truncated 7efb7bf0-1c73-11ec-b13a-000000000000] Compacting [/var/lib/scylla/data/system/truncated-38c19fd0fb863310a4b70d0cc66628aa/md-946-big-Data.db:level=0, /var/lib/scylla/data/system/truncated-38c19fd0fb863310a4b70d0cc66628aa/md-944-big-Data.db:level=0, ]
2021-09-23T13:38:11.888085862Z  INFO  2021-09-23 13:38:11,887 [shard 0] init - starting native transport
2021-09-23T13:38:11.889705167Z  INFO  2021-09-23 13:38:11,889 [shard 0] cql_server_controller - Starting listening for CQL clients on 10.0.1.11:9042 (unencrypted, non-shard-aware)
2021-09-23T13:38:11.889728330Z  INFO  2021-09-23 13:38:11,889 [shard 0] cql_server_controller - Starting listening for CQL clients on 10.0.1.11:19042 (unencrypted, shard-aware)
2021-09-23T13:38:11.890864720Z  INFO  2021-09-23 13:38:11,890 [shard 0] thrift_controller - Thrift server listening on 10.0.1.11:9160 ...
2021-09-23T13:38:11.892057072Z  INFO  2021-09-23 13:38:11,891 [shard 0] init - serving
2021-09-23T13:38:11.892114578Z  INFO  2021-09-23 13:38:11,891 [shard 0] init - Scylla version 4.4.4-0.20210801.69daa9fd0 initialization completed.
2021-09-23T13:38:12.482756406Z  INFO  2021-09-23 13:38:12,482 [shard 0] compaction - [Compact system.truncated 7efb7bf0-1c73-11ec-b13a-000000000000] Compacted 2 sstables to [/var/lib/scylla/data/system/truncated-38c19fd0fb863310a4b70d0cc66628aa/md-948-big-Data.db:level=0, ]. 82kB to 76kB (~93% of original) in 501ms = 153kB/s. ~256 total partitions merged to 2.
2021-09-23T13:39:17.514866352Z  INFO  2021-09-23 13:39:17,514 [shard 0] compaction - [Compact system.clients a6195ea0-1c73-11ec-b13a-000000000000] Compacting [/var/lib/scylla/data/system/clients-ca0f635d863036098d93a1fc06f2a5e5/md-4-big-Data.db:level=0, /var/lib/scylla/data/system/clients-ca0f635d863036098d93a1fc06f2a5e5/md-2-big-Data.db:level=0, ]
2021-09-23T13:39:18.121821807Z  INFO  2021-09-23 13:39:18,121 [shard 0] compaction - [Compact system.clients a6195ea0-1c73-11ec-b13a-000000000000] Compacted 2 sstables to [/var/lib/scylla/data/system/clients-ca0f635d863036098d93a1fc06f2a5e5/md-6-big-Data.db:level=0, ]. 89kB to 6kB (~7% of original) in 425ms = 15kB/s. ~256 total partitions merged to 1.
2021-09-23T13:39:19.517706158Z  INFO  2021-09-23 13:39:19,517 [shard 0] compaction - [Compact system.clients a74b00d0-1c73-11ec-b13a-000000000000] Compacting [/var/lib/scylla/data/system/clients-ca0f635d863036098d93a1fc06f2a5e5/md-6-big-Data.db:level=0, /var/lib/scylla/data/system/clients-ca0f635d863036098d93a1fc06f2a5e5/md-8-big-Data.db:level=0, ]
2021-09-23T13:39:20.100007310Z  INFO  2021-09-23 13:39:20,098 [shard 0] compaction - [Compact system.clients a74b00d0-1c73-11ec-b13a-000000000000] Compacted 2 sstables to [/var/lib/scylla/data/system/clients-ca0f635d863036098d93a1fc06f2a5e5/md-10-big-Data.db:level=0, ]. 51kB to 6kB (~12% of original) in 438ms = 14kB/s. ~256 total partitions merged to 1.
2021-09-23T13:39:22.006489206Z  INFO  2021-09-23 13:39:22,006 [shard 0] compaction - [Compact system.clients a8c6a450-1c73-11ec-b13a-000000000000] Compacting [/var/lib/scylla/data/system/clients-ca0f635d863036098d93a1fc06f2a5e5/md-10-big-Data.db:level=0, /var/lib/scylla/data/system/clients-ca0f635d863036098d93a1fc06f2a5e5/md-12-big-Data.db:level=0, ]
2021-09-23T13:39:23.094797980Z  INFO  2021-09-23 13:39:23,094 [shard 0] compaction - [Compact system.clients a96ccf60-1c73-11ec-b13a-000000000000] Compacting [/var/lib/scylla/data/system/clients-ca0f635d863036098d93a1fc06f2a5e5/md-16-big-Data.db:level=0, /var/lib/scylla/data/system/clients-ca0f635d863036098d93a1fc06f2a5e5/md-18-big-Data.db:level=0, /var/lib/scylla/data/system/clients-ca0f635d863036098d93a1fc06f2a5e5/md-14-big-Data.db:level=0, ]
2021-09-23T13:39:23.390237951Z  INFO  2021-09-23 13:39:23,389 [shard 0] compaction - [Compact system.clients a8c6a450-1c73-11ec-b13a-000000000000] Compacted 2 sstables to [/var/lib/scylla/data/system/clients-ca0f635d863036098d93a1fc06f2a5e5/md-20-big-Data.db:level=0, ]. 50kB to 6kB (~11% of original) in 1087ms = 5kB/s. ~256 total partitions merged to 1.
2021-09-23T13:39:23.888954304Z  INFO  2021-09-23 13:39:23,888 [shard 0] compaction - [Compact system.clients a96ccf60-1c73-11ec-b13a-000000000000] Compacted 3 sstables to [/var/lib/scylla/data/system/clients-ca0f635d863036098d93a1fc06f2a5e5/md-22-big-Data.db:level=0, ]. 32kB to 11kB (~36% of original) in 576ms = 20kB/s. ~384 total partitions merged to 1.
2021-09-23T13:39:23.889835540Z  INFO  2021-09-23 13:39:23,888 [shard 0] compaction - [Compact system.clients a9e5f700-1c73-11ec-b13a-000000000000] Compacting [/var/lib/scylla/data/system/clients-ca0f635d863036098d93a1fc06f2a5e5/md-20-big-Data.db:level=0, /var/lib/scylla/data/system/clients-ca0f635d863036098d93a1fc06f2a5e5/md-22-big-Data.db:level=0, ]
2021-09-23T13:39:24.018704385Z  INFO  2021-09-23 13:39:24,018 [shard 0] compaction - [Compact system.clients a9e5f700-1c73-11ec-b13a-000000000000] Compacted 2 sstables to []. 17kB to 0 bytes (~0% of original) in 1ms = 0 bytes/s. ~256 total partitions merged to 0.
