2021-09-23T13:39:12.550588485Z 0 19feZhNX47mCPwIPbWZmizup0DL3YJjM5BEey3cAl98NEwF4jGwc69fLKXCoE8
2021-09-23T13:39:12.552600860Z 1 VFUSzaEaRZuv2A8IapIsMKG10wcvMzoetEczNlqdivPOvfDKjauTCHeBgkCSXm
2021-09-23T13:39:12.555051504Z 2 L1MYwyNiEwCEKI4R6N5Ya61m9D3QVE4aW6yvoGW1BGQocKBPXoKbXPlO80h14q
2021-09-23T13:39:12.556957334Z 3 u3mKV3ZCuvKtgvJaMC3Fn93XnSVb6NTpkl95lJSwxyYNq9Bfbf3SgDuFJFnl43
2021-09-23T13:39:12.560734355Z 4 x3pnjfoGllACkkMaAlIHXvWmqubglOjn0sYqODrNMSXSfx70jcq70DLHoQcDxb
2021-09-23T13:39:12.563021453Z 5 HSJmxM61Ovfw1ZNw4KK51S3fDFxqaBQNR8C9xUbsgTGpR53plYnc06H3TpPwRH
2021-09-23T13:39:12.564820405Z 6 6PgLVsQ8mbk3pBNa6s5YfxkUXjdGcJTB3cV4gAXiPioJek5Mri19nWIMmhyBfG
2021-09-23T13:39:12.567127943Z 7 GBS2PT7u64r56Yt6DEvwk7brDQtyk5loDNsjaDm4DDnxGvG7nVTEPFvMF5NkNK
2021-09-23T13:39:12.569389322Z 8 blblUv2UsoT7LuS70kH2e7B09pBXcSndt7kgVgTF2hwlnweOx0Kokq4M0S0YTh
2021-09-23T13:39:12.571281118Z 9 6qgDidEcz5HVzGHgM5jZUChW45K592FAqk6i4npBcDrgfIVfOoRFNA7jTZzWi4
2021-09-23T13:39:12.573757557Z 10 TDeifdYt4PvlnsIHOCD3qQGwxuuFeSAmknhbJJ6lhpSGdIbRvhLPLyRZYG5kv
2021-09-23T13:39:12.575976249Z 11 JEcIhZZuOG4pHTZu5x6XIhKs1yEVvQAySY2uLmkTtHjSvddINf5GZgjfqFhrX
2021-09-23T13:39:12.577935647Z 12 3IcvukxkbH16zXpVplyp2T0C1LSmx9WlAFehdAikxefMMrOcXv5FQUcNoHVq9
2021-09-23T13:39:12.580367303Z 13 swR9x4CNTUErfTMs2H4MdLNnHOywqytjOCzOOIE2TFmY5E2x0QqdY4iADY03K
2021-09-23T13:39:12.581696575Z 14 8jzfXGf75F6x5faY21eOjTH8X5w6cZTz2pG84g29qgIAn302Zpkgl2zf6Ni2F
2021-09-23T13:39:12.584401682Z 15 FamcfdbJMXyrHC857buosIxmujvDKDYKMeLaVHhX7v0qDw8yt3A3UhKYPifOC
2021-09-23T13:39:12.585868668Z 16 Fuue5hmiXfjp5ZY58IyHamG0OcvbVIH3O8MmuNj4xtQB0VciLxewwQQY7iruE
2021-09-23T13:39:12.588576554Z 17 hJlZXJ0mwIX72OL1U03kmAKPBDZaPDHtHo56KJeSgm4CehTFoladWzlba7Zpi
2021-09-23T13:39:12.591164730Z 18 dGqfmT4eSc4Bb9y3t6H7RBEnHTNFbVACKeT0HJsdsIBoybvvlvmJmBdRtW0CP
2021-09-23T13:39:12.592629653Z 19 dWrY7pG8bA7hhno4htg4joTUTxwtkml1RTGvmb2T8e4SWn4oBh2ZrLr87cKyk
2021-09-23T13:39:12.595221034Z 20 CfAEZ7E1lWgTqzDrNx3i12OIguuCLXU1LbStn70tMQcmmLqdAJdfXsZ2NI14D
2021-09-23T13:39:12.596739238Z 21 kr1Zj1SxNqFwbu8wpMI0WMKvdbO0KCB8oeiLcUr2V2X33rhijXCZhWfzAfx5I
2021-09-23T13:39:12.598950169Z 22 5pti4Z56kTxOUrF9SfgXVz2vteF1dIs4Mf766RXlrs4mducdNgUsJycKRDGCf
2021-09-23T13:39:12.601121483Z 23 SXxaJfouYIDTkLFmPXEJByUHgE5LrAewJp3DsvDAS2xi6n9xyRW7HYiUyTPyg
2021-09-23T13:39:12.603884892Z 24 6tXtRcDJiB1HgVSd69ds8Wy89k2wGHza8yIqbLPfSWLjtfRuXhEeqZ01UdPGU
2021-09-23T13:39:12.606638439Z 25 h5vNSVV7xx4z3o36ppsPFGVxqEd83r041xqMQGiMVIasdTKSZRk8oQZSJpkT8
2021-09-23T13:39:12.607902761Z 26 RQq46hq9Zs3pHpMId2r3XRsdLW9E0LUaiZbICg7Ego66zf1DvMwX94cDp5Iq9
2021-09-23T13:39:12.610678574Z 27 KWKFFMfiM0Rw7zl3bDtdOB3nRxLwjbpDOusqtl6GTdwjTNoCjAu4DYaqURqLf
2021-09-23T13:39:12.613098973Z 28 u1wTwfpmn8vpfHRHqYARmAjmcQEBdq8q8cqCwHXSJ4gpu4LrPr2BddOAg0ZNp
2021-09-23T13:39:12.615574371Z 29 pn9Ah7WXm7FgeJ7qgrj3mp9UMEE2B9ofYSPNqE2FILteT39JDIZ9b35jfHCzs
2021-09-23T13:39:12.617911855Z 30 XBiwDzNFatetZnHpvU5kig1iSNUiLIHqmgQ05OB0w1aB7xM4qr2RVhqyFTtJE
2021-09-23T13:39:12.620279554Z 31 JcHZQv8OyDMgbfBjhKGbTQT4lZVFtDorZLQllWMibr4Qzob5Vx56m9QhibkXS
2021-09-23T13:39:12.622638151Z 32 LG1VTrskKUojygnCbN6e9mQWtqZWyEnJ0gA4pd26qipSMGhmrahXJIYrXuEDr
2021-09-23T13:39:12.624990739Z 33 i5S1qFHT90q28zISJtOnSCToZR95BOCqX3aut5iGCtfZv18mKTOLtUAe34nSk
2021-09-23T13:39:12.627328643Z 34 IrIAkFIUMjsXxphOmEVXsVhs9BuqbtopYfyqxrldi8VL1LeR5Ql6OTvQg0vJC
2021-09-23T13:39:12.628673275Z 35 qFwawttp984dwzEekvcVt4FkhAXVj45aCCpkdcmgoNyXouqLcmDRJSVP12KbY
2021-09-23T13:39:12.630958225Z 36 rxD2tQgDQ2ayqbQyh0yJLtVlczxmZrAmqLYoz2DbkhWFsfCPVgTz76WdHOaZq
2021-09-23T13:39:12.633604831Z 37 zVsAPtOgBsjAAKKhLKC1pZQW7imGgM6OHN6V0wA2CDdSg6Jtt3aogH0VsPqTe
2021-09-23T13:39:12.636252063Z 38 xKwU3VbAGAbf9iVP58r2PqM8kB2FnCZFkhN29TPxPCGMndACIXWiF93BuUusP
2021-09-23T13:39:12.637622724Z 39 XlQNOrdcLnac0HjGPxwnriJDBJeLGSxwgaoz8VXo1Fvej0KQmthhKZEWWsq25
2021-09-23T13:39:12.640130620Z 40 RRxH5hoOdj17qcFXgL8SQG3IQQphQzwSzbwtYTc1WchwWwSL5rT6MmQqk5VgA
2021-09-23T13:39:12.642136099Z 41 fOXNK1hybvyBN1ZxESz9E2jaMXSFTFgZBhqRM2CJVVdBXQf5Pbv0sV4B3Xxhw
2021-09-23T13:39:12.644791892Z 42 zuPAirnBGxpeoF4ALdHXRTfpU59uMC7V2HUVEgAgWwcWm9VXZfIx7wlZoYlCL
2021-09-23T13:39:12.647162612Z 43 3xdl5fmmcayr32i5oCPflCOG0Z0k9lny1qR74TBIvn6tgkH0nQg5JUMOtMtPZ
2021-09-23T13:39:12.648801765Z 44 atsBQ8vAF3sTy8KFrmL4oohKwepJ1rWv7mCADerCrBjXhfjCf0HLem5kRroPi
2021-09-23T13:39:12.651461400Z 45 O7E4vzotFLDE77HArFQ5HQRg4fIAk0dCgwZ1JKM25clqzfyVhHfJ6SAwatOPE
2021-09-23T13:39:12.652796109Z 46 kWZ33ZGJhENECvTx8G8A2dUP2FBV7QmCrUSqlAA3wErr4wSNtLoiA8NO40aId
2021-09-23T13:39:12.655168463Z 47 2pk6DAvKAXQkGXvbSGGr6mAT0KIjmdZCicZxR1bUkIF9zIBg4m5gVpfsGN4e9
2021-09-23T13:39:12.657558240Z 48 vK1gSZHuS2y3cdWZ5McgO3eZQX22BbLPVD0EMGXoVzAE88vaxVtmjPwGUEbEk
2021-09-23T13:39:12.658868588Z 49 FspQsewOhryUFcWykd5HqsKRmzaUy4DNIm6yI1S1Ywv958gDcEmEf0pGKVQQ1
2021-09-23T13:39:12.661349090Z 50 QK24pklnffj1tiF1GHFx1hOmQAfWHPZEkS26sYXUDw4t8cnzeoxOkyKj10o16
2021-09-23T13:39:12.663871738Z 51 EYxuakMj9Xsqrmft7dzu8panwfoIwOu8wJLzxfU8Nkv0o1I4bAZgC9hEonzyT
2021-09-23T13:39:12.665945522Z 52 fLRUrQxufjmVmj6u4YXtUikwu6RH5l3f11QcAYo7yj0hWdGDPN0WxIqld0yJM
2021-09-23T13:39:12.668724281Z 53 A2DM2tnFEhUGkIZjDsk1tSktkjY8T1EMAPD4VxD5UMKuODHjeAHp2WvfMHhlq
2021-09-23T13:39:12.670747618Z 54 vYKUhIumeVydTrQEJyEJ79IMjquGie5ocMCviQ33qY3w6tP1JJKtRAGlX4zk9
2021-09-23T13:39:12.673248033Z 55 hFZtcY2hHCbj4J7LnRsuwgZFcGHeC8CAXnbxGordJyHxEHAZjgh3w3yfL46rn
2021-09-23T13:39:12.674781977Z 56 iQYAimzynS1INjMd827NAaBV2Zjo20uVX4v49Vdkj7U46vbRTlE7Nw0WAJuyB
2021-09-23T13:39:12.676996432Z 57 nsiURnT3EMaAUADfwrHc3hoH0vA6goGh0sUDpigJQXR0jV5Uuscf3LxZovJEw
2021-09-23T13:39:12.679471377Z 58 GOiGjV6HUWv1WKdDZoZuiQS1GTzNa9pZLNJzvGqOq91Em2m8oKBS9PCcElwXo
2021-09-23T13:39:12.680792723Z 59 lzF3R1ql6HnOSmOPgDV6zBriomWcY9yc3dY0NldWRhLc1UOE3QgyXChPUKmsS
2021-09-23T13:39:12.683244385Z 60 sA9BiprVFpZ4aSEIone4KmXpLOKfNM6a7SxmWwKfnnLDTQ0ox94wGP2SnJWjB
2021-09-23T13:39:12.684671291Z 61 H3h3sW6ONMvbzJ9spnzj0LXidrrOaWm8Z9au2i1RoLU5AayzkyuiFpURUizhP
2021-09-23T13:39:12.687313839Z 62 A7HBZR4DJ5hkGJv5NMZJd4zbdYYSE3pa5MqXR7pyYSdebKGpoBGfYHAFxidgF
2021-09-23T13:39:12.689722211Z 63 84sBqTf26F9VftBw2QY0641KrbFTYWOtpOzr2rm2qHQlFbn4S1iX0rtdc6yfI
2021-09-23T13:39:12.692167773Z 64 DAYKNq0aMQzesCOS6E8LmEEJEis3hNNYknHJNsT52Fd0aCZX6H2HUo0gt1u1q
2021-09-23T13:39:12.694554647Z 65 tJlxFwiKusXZl2xwF8TXyj7EXzcidJnyGbNlWpyLlscISNVCIu9zeKnwYP2az
2021-09-23T13:39:12.696754830Z 66 Sd7glnh4YZc7GWAi8zhsDGRyNqQrZypJk7btCZG9LuBb7NtCUXvoRjOH4g5V1
2021-09-23T13:39:12.699357971Z 67 WBeofzb7Dpz2b8YNwe4Jj9XirhUO8adxT8pPlsiDtssCCuyhXjHJtroennJvr
2021-09-23T13:39:12.700976232Z 68 dXPC4kaG48oek6YqXdVXqFd133oabTYR1DybVtydqRt7qLnUxudxYStcFpw8E
2021-09-23T13:39:12.703428801Z 69 1TAhPNCbsK1kzon4FG8F5AVVQxQzcETV5f14cXKGTmZGoZRIGMEKL7Pq7211T
2021-09-23T13:39:12.704899169Z 70 jf6fJpR4cwbpSlW1x23WUfxSPrFbubJ6dEE1kMIXuNeiPVryEcY9SLKrTsJKj
2021-09-23T13:39:12.707424707Z 71 3yEodxhaJWc3wAm6MhxqNFhs3vqGPorfoSgOcASVseViZ4eIHLitNhbPZxY8f
2021-09-23T13:39:12.709845610Z 72 6G6EkcNMwv2H4lRYjyFZy1DPCoHb1h9dBTwMOh9FKInb5VWoA6fUbdfpPyNnK
2021-09-23T13:39:12.712208626Z 73 2cuatVdE6VHOpGKKAvgKEwrVGiB7itRWr3oHc9vcXP1B3WLxLNyFrgkfnkvmz
2021-09-23T13:39:12.713707472Z 74 eFdqXTRDb2BtMI17BqrEBKdDMrmJ50PNS447YJ5YjhIJwMgHwIOOmqVpiniuJ
2021-09-23T13:39:12.716089572Z 75 3y3MkTAZ8XkVxCtKetZEMl9sOsbAqcwp9jm5lBOLVATLjiPkebzEwIGK1eTM9
2021-09-23T13:39:12.718632521Z 76 cyAmvLt17ubY01nwTQ1QgmCgUg56Zac6baADdXiyuHqh41kSOY8WsXzXIUWEB
2021-09-23T13:39:12.720776081Z 77 yWgl0gArz3HFV9culHdebN9UgUTAv02T6hiyZA0JXblwcce1kpPLfE4sXorpL
2021-09-23T13:39:12.723066201Z 78 pZTsuioY5zTyuJhb5P39OzXPRmDdiWrAfASVdY5K8kTVKJSaiYysnkN2Hrr0P
2021-09-23T13:39:12.725653840Z 79 ZZKrGRXH3dyezfUO9ne4RZ19g7CFyPiLlRGjxvk9rG2hHI5DbANHhzg4Zu0CW
2021-09-23T13:39:12.726811262Z 80 c39W4qqsqUobE9OUFzld8y53vnZZHPCWWlnoEdNdYZCq1UOqLO9Y7YfR8ncTm
2021-09-23T13:39:12.729257540Z 81 qjcGgZXZAUznZPVA67AvAi3TsziA38xANnASyCeWftakICFE3xHL6UD6cRVxA
2021-09-23T13:39:12.732008888Z 82 PAyR50R18FAM2XhEEe9d4p08wYr14cSxxLVOjMPTd2VNPHPJJPG4caWnegKqQ
2021-09-23T13:39:12.734513549Z 83 t7TcqAVmwErfMFGz0BwTOrqd5fW0sQ9BJ7kv4owoeNTmpwwZAUY3J40fDGhi9
2021-09-23T13:39:12.735855758Z 84 IeCGg3thk2qZ1yUmuQ4v3aM81v3I7k002UTJI6pgHIm8yp2FJC2cR77FzFtkg
2021-09-23T13:39:12.738584727Z 85 mXnatT2AwiSa8SvHbg0k6Bw8nfUjT1PUArdQvzmAEqSJ7Q9MWrWMoPpT00xU7
2021-09-23T13:39:12.739725010Z 86 KwzbOujul0fciongZjUhhv5PCDWu7QOfEhHWwrupN2RaC5KPmvG4D61BrnDpY
2021-09-23T13:39:12.741733130Z 87 iWV3sRJtCzs92FwW5tjXyo7X8fX4DAizdfse5yKSc15peBDAERrTsKMnXfOQp
2021-09-23T13:39:12.744173924Z 88 aXCjbKmwXvUeHaTtEzRWbmmTHymvcVh70IRLxkYInnNKCsHuxqRWAvGnyqADO
2021-09-23T13:39:12.746535869Z 89 Se0rF3V5QtBLru4VEMPjq66CUK04NfpbjKcVRAnBxs13IRn9gaRjnXLqr1EKg
2021-09-23T13:39:12.748785890Z 90 2I45cbFoxeY7b6VXZZDxL48CITxoH7ip5ixSwKsxbnrF0eTTEe9EqLuJLQiFs
2021-09-23T13:39:12.751166932Z 91 cNKdFVqrb296LJw19hgiZjY6Re6n3rdFncAOrPNruyf04qGHLRYOEC0PlndYA
2021-09-23T13:39:12.753892688Z 92 Hsk6oV9iL5OZfmxm74Gmgy6jzQuAQy2S6Jbus1PqfOOeDspIeIrJ9J3fsAc3r
2021-09-23T13:39:12.756289817Z 93 46nSDZbTVCqLMqvEEfl2nHYeOmJQf8fVf2xEqJPbm6uETrjdUluGxLMr3iP4v
2021-09-23T13:39:12.757788486Z 94 M8t1iiyu8LjlPqecf0vuGd962NHn09WJJQrsHUJi11ECbrtuoqHSDM41h5I6u
2021-09-23T13:39:12.760442266Z 95 pHBA4hJdA55TDacTxutT4p9NO0nHPQq4vb8AGWSb0HKoX9SZnxEbgo3GbHNp9
2021-09-23T13:39:12.762008284Z 96 DY6S9W8IwclEQAacEgk8H0wazpdPPjhe9zRIjwIoHlCJS4sQZpHxyLf9pxEie
2021-09-23T13:39:12.764028118Z 97 OVJ6iLlhzGi1eDzlyfh8BMqO2X02bPqwl7W8eGNCyJzkgRRvHbbDRVHh2AQsD
2021-09-23T13:39:12.766997341Z 98 j3w5VHjnov5nzioYR9by9ne9z3QRVaslDYpSCRtBv3tMRHJWKmC7H29AsVHq3
2021-09-23T13:39:12.768122347Z 99 XBJ7hv6rJOVtEoT95LzoorYuWpEJDtMPKrNpTq61sbWGH1tcNKMhlJGXKYj69
2021-09-23T13:39:12.770490382Z 100 yBE40bWQteIqbUFUpSwowgcuxt0FHDZ3ECSK3VgviYRJLRaGC3Ayj4yYmTIE
2021-09-23T13:39:12.771993465Z 101 8dM0Ln00RkHz4E42m0279sSPu2QHU0cLfHGbUzCXG2qlIYatGMgxjJSGD1ay
2021-09-23T13:39:12.775436205Z 102 2JLOe4vH9bz3bRGl5HREAVX6UjLDTaDusspdtHsTrK9uT1CUVEz05Zb9x8TY
2021-09-23T13:39:12.777064252Z 103 62p3ryMcdOdlyYnFzuvdfs9XiLALKuDIJbs7mepvYuE3704J4iT39hPKMo2f
2021-09-23T13:39:12.779924851Z 104 n6TWgzIPpkSiprh8hoBY40kkuSkdlTIU5OR0yXGt72FQ1E1H3eoZmxpLkVF2
2021-09-23T13:39:12.781663938Z 105 ih9OyoKUFebLnybrXMDhN1h88UIaQ99lxMQr6ukfC3jljCA4sxn54z5F5C8z
2021-09-23T13:39:12.783992326Z 106 8AlrxdSey8McfsGNW04aRUQBIn8EjNffKygS4kcaNNgiEc5IGQJFXrZdIT3i
2021-09-23T13:39:12.785926199Z 107 oeFWPO4u9trRJSJjhZMKQIUAWUndrJAublfkqK8cjm9PcGLl7zNLEObR1VuZ
2021-09-23T13:39:12.788783097Z 108 j7ZZUM3gIP5ezyDRppga87QmO3iZPno8521H9LCqpWQ1eL2s7DhY3ab9RE1T
2021-09-23T13:39:12.791349291Z 109 dtQR6mjMJfvMn3fPt7DDjCtI7gjZsf5h7lpjVKZUtUOj6bEGYA3ttFeG2C16
2021-09-23T13:39:12.792932263Z 110 MbkUhJP7ZMe3HGmBOU9ryzULjfTnsHWAUeib6mQb0wkMmvWJHpVYa4Mahci8
2021-09-23T13:39:12.796458343Z 111 u78dYY8CWLvsy4lw8Ipiku7gMy552AepeQyabT3q3EOv0G9lIY2AR1zu4M5F
2021-09-23T13:39:12.797986580Z 112 nG0UfQrNjubcYIWql4s1EmgflvGSrKx2xw0sIxWrwGLur0acvlIL2z75ClAB
2021-09-23T13:39:12.799936603Z 113 8drBwHJsd6onlsqkcEcMHrlZE6E6NG9bOQthLgxxrvOQRGMs2dX6RYPRpyLm
2021-09-23T13:39:12.801958234Z 114 jFgwzd2BVAhMbOu00qi5tLyOgT7b9sI5V3b3L8FebPJRQVlLDfnzNU7dIxbV
2021-09-23T13:39:12.805570250Z 115 xYnk9TvjJesKwIs67hPUgWxpdqLfVgZbWiME39afsmO2HoiQytdsGZYWD1IZ
2021-09-23T13:39:12.807704802Z 116 mzWEWAJYWw29ADx88i78dYmFCvtSidjYhTLLAIJbR7zFCeyTAnXDo5Xr0EXo
2021-09-23T13:39:12.810149023Z 117 E6Si5tBcCag4hP6304emrVVWUqN7c02HcszyCFH9RVDY1QUAwgYqTqRFLj4A
2021-09-23T13:39:12.811747838Z 118 WqSe8HO3fzY7BCzI49aglq0jPbL0ytMt5ZXiMTQjm7t7a23e4jWnlOd2jorV
2021-09-23T13:39:12.814555654Z 119 qbRVqUZMvq1RVkfizmWg23rOuNkJJGkgztWwF8x20ZOJE5XaucY2xrDRTIdz
2021-09-23T13:39:12.817187329Z 120 HgZKVz1hXrCg380sG6cnrBVkd1i4hNGVfx3sMrG2OBBbRyJqPBQChTPltUCi
2021-09-23T13:39:12.819159426Z 121 mtzyHS9cARpXWiY37B8j1JzijDXFEcxdCO18JeAmtmOIJro6p7Or9RouTDqx
2021-09-23T13:39:12.820595969Z 122 6wfrNKZOUKblA2XPS4o61fiLHopyfrvDyTIJI98rtCWaQZeJZREeJM8ryMfM
2021-09-23T13:39:12.823296598Z 123 mjfPRkxAWAHla4tYbiVAvxseUEMK4Gi8H9qTdhMxL3wfgh5AsYEVxljc4eQy
2021-09-23T13:39:12.825701905Z 124 LMae6hTLe4rvkTMRsFgFzhlgA2z0NqvEvLiSfnqiJtBYkDJnTpcn534kd3B7
2021-09-23T13:39:12.828154668Z 125 lrUregAPcFi1hCY9KMJc6TKg5ALBVGYl5Av4c0xOHQTtjo7K23IAZqWgjNsh
2021-09-23T13:39:12.830612340Z 126 8T9yfzs5z0aOhVmaljiw0taqwlEPqUr7uyYlN4r6ygelluZQnRyX0QHsvbxf
2021-09-23T13:39:12.832836169Z 127 I55cto4NrEE6DVi7Uxc5VhYf2bcg74k2ocGl8SJPGncCZuTMgKjVnHbn7l36
2021-09-23T13:39:12.835507293Z 128 t6nKA82nlDoNshoTpiG38oqPa2FQGIZQYmQzXXOjEPB2MAuSZfMVGsqYJRei
2021-09-23T13:39:12.838372292Z 129 0gfNaC9DM15JFQAUXdoA8hTno8Ug5Tcp1n1q989whXZkJCd6x28hb6vO4pN6
2021-09-23T13:39:12.840618283Z 130 pfwXbZHmJOPsyPJX7mSRpRZ5dGcYCFDydVZnAeUbpqi2xqDNYhkzGaHyaNRN
2021-09-23T13:39:12.842712711Z 131 3YUArYIr2suGhQPC0kmBB6ja8Mb8WGz3FhtL2C69HBC2eGtIKcfDSWpGQJ9F
2021-09-23T13:39:12.845007087Z 132 ScpmwXQL3gNMh8ACBL5tale0HmdJBiwszCXUdV5keu4Jw2FgR7gCpzRQ3p6E
2021-09-23T13:39:12.847255099Z 133 Qea8CxmHHkPZNqHgldIuuIxvFGWaNKExhlyO3mKAW1XVGvrIdS3VrNeLrQL6
2021-09-23T13:39:12.849964906Z 134 k9pp73SUn5YuqUe4zHZAjQrJURB1nb3xlTirYslDLYVh089GpC4XKpjqDe7S
2021-09-23T13:39:12.852521510Z 135 g06DagYFPEh7s5WAz2WLyDjqjF0tTPrqwSypVUIYfvL71d1qS7S1pl7miNuZ
2021-09-23T13:39:12.854091875Z 136 a7xdz9CwEmNUryQQV0UbViDRN9rNtqUwKn7dDzabsZszoxks5MaAWDYYqYQK
2021-09-23T13:39:12.856809499Z 137 woK1RY3qtgruMNKFBZALvq05TLuj3SHw60GFytfMiGADUFCmXrojhqFefCys
2021-09-23T13:39:12.859395943Z 138 SLJh35W301AKGnoXW6N0Jf7eRKULfMJU8GhXatXzQ2rF6wvMqtYpCcdFr9WX
2021-09-23T13:39:12.860990485Z 139 gjEtO2hyb4Ol4Cws1URyN3yPxa0IaM8UDspJ13cMmX11W3O1AHZPTXnAHy7z
2021-09-23T13:39:12.863279683Z 140 xmNrTG6UMENOUX3XVcBOWm8E0ttshkH3Id5OSSEb9WjWKmwSKgksy4ziqkyV
2021-09-23T13:39:12.864925334Z 141 W4rPyDDth6TztkU1xwdM7xCuQXvgdUf8PXiKsJhEDvXD5FyUHLXGRhpTkjhT
2021-09-23T13:39:12.867412651Z 142 9HxOureYCr4vKWJNNMGOAZjx0rRZW1K5CO0fFjMpceV4F8m0mWXM00izB8wN
2021-09-23T13:39:12.868817588Z 143 xRlrSU71xJbHbkuMJ2AkUMeRgUh4e1h66R7cZUynVqP0LttS0bDUS3e7N6mn
2021-09-23T13:39:12.871310642Z 144 q47LA0vQLXblVQkyX3iNBgrjLjALwGLB9ZPq3YWDOQQ60eTW46UVuF4mL9WU
2021-09-23T13:39:12.872804905Z 145 Z806SkV98rN813Xe6A0vn4dhxasOIgOwX6Gq6EOnZQx2z2dIC7H1ce1Zt90w
2021-09-23T13:39:12.874794189Z 146 WCaZoX71gCnNhrGKp7SRFz1pEIWvIsGaCN5q0Z3f4Wtj6RoutFR3b7idrMq4
2021-09-23T13:39:12.877296758Z 147 SOOhw6t7aZqINsUBKL1yQZejo2yj0I8MNDapRGsOaL7YGOWW5MdFpwDpZMaW
2021-09-23T13:39:12.879363756Z 148 1G0DJZlCscXmF2LyqrlHAYtNgOyVx2XeXc9XUE75n7keqtED4C4RpahOa4Fj
2021-09-23T13:39:12.882022134Z 149 R7kuTQQPVs5X5pW0aVL1s270yg4Vxjjht4xwaHRE3nOUO1rAMKxYXcrXqXgm
2021-09-23T13:39:12.884288446Z 150 MEwmsz5xD7dXry7IcktLa6w8JdZFcQAQ7D7M09EsYHMWtLjCCQjQA2NePG5L
2021-09-23T13:39:12.885836024Z 151 eLBe3AvfKkz5wmyHzmThlRL3wgWu0m630YVO0mnAvXpOsvVrZjSxDrQdHVsE
2021-09-23T13:39:12.888495253Z 152 AdID3jVwclD9HJ04VtjbfUxfBgYTWuq5lKxU2HJFFbCLxHw2PYHxyKrDRDqM
2021-09-23T13:39:12.890116934Z 153 G3ZVK683fLjZkWiz19yMxUyDZRwzm2F5T3pzqBoSJUvF9dStNfKeyG2gfrub
2021-09-23T13:39:12.891717897Z 154 bzOImTQi1S51wffgi1gUbDtH2SLom23nnwhgtHkZILtRnzAR448M0bhA2F3f
2021-09-23T13:39:12.893778591Z 155 Rv7KE0RcDkoBhcMn6dv8SRBDhdI8nONWu21SmrftftcvOgY9Bz43ZIJLBdVr
2021-09-23T13:39:12.895931337Z 156 jQ0rfcg4P1plIHQci6hKMWWntXy2F6hCOM5NMlNMuC9dBhfvR4OZzcpOlc0n
2021-09-23T13:39:12.898324002Z 157 OFe64pr1lcDLDZOCdNuP7rwm9ttcrkoW5jmdgi5cVgeKK5u3lkCrmZ4EsCRN
2021-09-23T13:39:12.900286861Z 158 shPgqsLjOvV4xKgLYuSekACRr2CKwDd5UKE8ReNe6HcPa55ERwE9b0RvLlNc
2021-09-23T13:39:12.902879385Z 159 8gnTsQgxsFMaWtyVE8eQio0s7FqoXTNhFfGi3ormo79eWw9j05Dyc4XTYUzf
2021-09-23T13:39:12.905235777Z 160 FGywJGA5MsQ25rLy9MCQjlXS3HAOdNYGv6H51raDPunsIWN66zfUaajzKzTA
2021-09-23T13:39:12.906873099Z 161 kgId7rGhhaTqHja9toQ3cE3pmmj2ocZ33sVDE2q21EiO8hOCbXrizf1k0emM
2021-09-23T13:39:12.908958220Z 162 XWAmgtYTeeCkbo4ynoO3Yg9wIrBExW9JtRSHRLlV7dthwC99V2PlZkRGTaKL
2021-09-23T13:39:12.911533242Z 163 jd8aA5itcHN1FM6Cmg1A4VB4HQ9FmRb6kYNCewy4h5GQuvE6xAlUB3MDbbJY
2021-09-23T13:39:12.912736513Z 164 x1f5iVScNeKDrIIX7tJn2VM5RV5WrwweuaQmav936XtazTo3gyssXGkO45OR
2021-09-23T13:39:12.915320532Z 165 zGQvbHvxlDnbn9rkphyLMIzpqf80KaboGamMLFXcNsnDa7TcOzDASCu2hRfS
2021-09-23T13:39:12.917636598Z 166 ueM7qDKzyAOjJ5X2IxVp2LQ0DT1MmaKzTPSGtJ6xN97v4a3P2GdXq8A6Y13H
2021-09-23T13:39:12.920259840Z 167 OTMDHWeXLxC0m49fWzb1v40qmWfC6RoxYNxfC2Vm4jtL1XRjRZeO5efIIpJC
2021-09-23T13:39:12.921939493Z 168 O3wjUJMDPuJv4iDANv6QMfVK9H6at1u3o8Z46KnT5VfSmGgoDBzmGrXu5QR0
2021-09-23T13:39:12.923891797Z 169 lOomvSrSQ3kXqvav33OWE5UcV0pDCpivo9U2Ge4flbxbKZxSUU36xDmwPo27
2021-09-23T13:39:12.926900294Z 170 SV8Pkh5EvxUG0pucyu19UPlb0jOs7lZK3KnXGI2AooNFwVdLCOetWAG2Kim0
2021-09-23T13:39:12.929613031Z 171 uBJOsIo66egDBOZ9JKIQ9INBFkddtP1EZ8vx2i9BgWPtWPjWHN8C4xKlKvNr
2021-09-23T13:39:12.931729096Z 172 onFpBFRZ9YGgsRNwS8UtyMUrWuQvAb4OfzDOTes1TDyJ23aBrMn7qaa1SzMO
2021-09-23T13:39:12.934189443Z 173 EUjrQFYUfqQTJ6PQewwbmGZuy03JgYOJqz2A3l769aW8JMIEysSowauvjltM
2021-09-23T13:39:12.936625134Z 174 Adz50EJQytkHeug80RMRaKe5pXvhRlXr3FgWl1yDR5C5ZdoQzjR14qBwvtHO
2021-09-23T13:39:12.938199786Z 175 Mj69HbyAKIyz0A3zB3OOZNlp8MWEiRtvBWUnfYgIJy7kkWRm5X2FBRaFtkzO
2021-09-23T13:39:12.940592145Z 176 duH5ZWQRLX6u39LmH5oNMmb6ELBoJfpfzPlj5CykQ3pXiMIlXDoA90zOhVYE
2021-09-23T13:39:12.943449059Z 177 Tj7CTPtM2729l7evDRhtoiGDGoSOZbKjJGTGkh2eW5zEwirTTjW6jH3Bd12P
2021-09-23T13:39:12.945085025Z 178 cpa6RoLAxbDhNVY00RSO05mhy4LKfzP3NXGH5F0KvqM5nWPdPgYMVkG74UuQ
2021-09-23T13:39:12.947722610Z 179 ZURn5W192CgWSoVDAduW6jK5pMA1K3l9FmURzqro5lRUEpkqmeQqugyn2VnB
2021-09-23T13:39:12.950432516Z 180 1WgVRLb452jsOUfpnhrJKPI60rfVYiFY4kGhbPpy6ZHmfCXmpbKL5Dh7nCl5
2021-09-23T13:39:12.953393370Z 181 fKy4nPlLjI7mNENnEinBNwBamTueX18QPuVbdIcBS4IdwTibZ6zh7XXm5HNm
2021-09-23T13:39:12.954910748Z 182 ZrGUj6wRkUCxFl18Gu83S9KYRTMCwtpssB3fz4pV07rYqIA7vH0nDBCcgy9y
2021-09-23T13:39:12.956833608Z 183 ceRNa4ElmOE2muIyWf3rUNmmCTKJisiWs4uQ4I4i7svbmImxFj7ONUmhxx8X
2021-09-23T13:39:12.959079329Z 184 dP5y4oFMN1zchP7A2bd6b044xYpLSzyhteLfr0xlupAbS3vwyJ6sTw0VUQ06
2021-09-23T13:39:12.961252334Z 185 RX31L5lrTMVE9fbSduHSViBsDwwiCIEy7YxL7vnCVHxm4tlNQHjyuZKesXg4
2021-09-23T13:39:12.963615450Z 186 VnJ4Eyx09z7mTANa2O4xOVCFqra6te1ue8y3KJSTYSBSCO6nbtv0yKzo1XQe
2021-09-23T13:39:12.965127907Z 187 PJ4aKcgIRhPfC2ovKZty61fq9CcOZdLhAAVDfEyXyNZyr00zVUZnL8nFgEjG
2021-09-23T13:39:12.966929347Z 188 mSGpfoZtMHpkSeqjQTiQRbxJVFtU2Ni55q17aTFs0hSTIHcLHdYSODT8eGy1
2021-09-23T13:39:12.969528450Z 189 zJyTxiZiuepcpQWVfGUDtsIw4eD2eP0PkMloEtw4M8dPLGQNy551XoOPanAC
2021-09-23T13:39:12.972134272Z 190 qDa4zv4btsO4IDBtItAto2Zm43yDwvKe5QE3gL6FPAuxTbwamNCEBaCTFMb2
2021-09-23T13:39:12.974420069Z 191 94JulsHOJbU0qhlk6sXpmtke8pwh1kTeMMbqU8eiCiStX5y7Cmjy1xw6n6I2
2021-09-23T13:39:12.975944662Z 192 ISsP3Dr8WGnFtnaBgHDmCUvgdv7harwWdfwO6vnUfAHDR4ccbie22DR6q1yT
2021-09-23T13:39:12.977962376Z 193 1FbxdGAJAVrP4XpnZdBQlckegyJ6A8Vq4CUnI2aKqxYu7SJ7pXeQF7L5KGPb
2021-09-23T13:39:12.980616140Z 194 YYzLLI5orz8KFaIziQ2ZVb9HrMnLoCSTqZjT3xaNhcO7oPeDZhTT0FxVMW7A
2021-09-23T13:39:12.983492137Z 195 Upy5DAVjfvqdWzFt98XPIGD5OQZVSFN0hgtoJ09C1Md6HeUMdjfR0fwy7bSx
2021-09-23T13:39:12.986470416Z 196 JDtYfXBtZ4PQeKttS2NxE6WzKYU7TSVmVnCSHxjCca2iShMa1ABX4J6TpCJd
2021-09-23T13:39:12.987981426Z 197 VPTGhwpX1OY7Ih23c8g5BGso7pD36b0MNBsTKa7xEOK0Tl4qBkgRfbiJfAKk
2021-09-23T13:39:12.989742913Z 198 g5iT9DsVUigZVLEdbvOPrmctECarEXqnVskxIypW7RqRZi6U1pjz3wCIF6VA
2021-09-23T13:39:12.991763415Z 199 Cf4LgrsCad5sa3P5SFnvNcyRbI3mAqqg7h6e9VTiVlnwH75oqMJJTVEbJKXp
2021-09-23T13:39:12.994380271Z 200 rBaorn0FbGuQo8ozprQRfyKoZOe1OUvu2rDhEBJwBA9OO1h6kLgxcUGh6mGl
2021-09-23T13:39:12.995924728Z 201 SySHuJzWIqAGo5TfqguMTVp3KsK7BqzkHY5vLO9GWUjOGwkSuNPIiICrxvHs
2021-09-23T13:39:12.998580094Z 202 Y1UtqfJZTTl3nCaik4bMxszsgHRQwEiCQgv0XSRCt8bfTZvV7Ei8kQE42gz2
2021-09-23T13:39:13.000741827Z 203 5XXJUJbADIsWlTauWMnsYT6oN2JGqlYiXW0NVKtTvvD4vSgMoXwy7NCYOeoi
2021-09-23T13:39:13.003506645Z 204 2ftz3fy9w6bHk5VMseTvyI0ErCRGtHYwTp9sC3cps5FT14pINe5eKHlSoXrS
2021-09-23T13:39:13.006065427Z 205 SSnM5aw0LJXWgkfDQP81igsUSak7rKsJEL4mJxyth6QNpYuVZUdsVEyqGwx1
2021-09-23T13:39:13.007986073Z 206 au8XREZzkDHrzQU59PupVnbnAPS5lUpOJ3Y20k6gsbOU6YdOpAsYyTtd1YKQ
2021-09-23T13:39:13.010435868Z 207 wdXSRbaYu6Z2v7cIycOqXoWwNmkm5R62AySwBh1DS2uv6vsZ8DGuP9Ycq1UP
2021-09-23T13:39:13.013485218Z 208 fyc9Mg8Zwhd6adntqOe057RUgtqULshqJVnkPyRb2coaYspn6hp0fGxPfOcq
2021-09-23T13:39:13.016084955Z 209 BGA9xohjCAAHBAWRMuPHd6Cgy23LRSlH28FH230nBFKUVd1eNCgpdCDX0aXU
2021-09-23T13:39:13.017903604Z 210 vkRSQCNwGfnF2hDUE98TEcBd0NIAP85yeUsvj9BUqY9JndTNmbisHiySEb4F
2021-09-23T13:39:13.019933252Z 211 W8iXQg5Q97MSkGC7gb37Hi6xtXQTM3rzToekdUEPNsBG7HqyzJ1mEnGdCy4s
2021-09-23T13:39:13.021803567Z 212 OcaZ76rI7npJSqUISOY64KijDOoVm9LDLSFRqIfxyydqC9Tg0lVcPnOB6VFQ
2021-09-23T13:39:13.023894835Z 213 lucgAnewpoOpWYmYz9xIKtbsEWc3jMVx55TY6ZtAbgt6xyaWBOFKlAJTwnop
2021-09-23T13:39:13.026402550Z 214 a7on7TQkzV7xbczQFVKRATbEOtKFB9ow6E8ASnHjKYxjp1iwfm9xPuxQ0OM5
2021-09-23T13:39:13.027806382Z 215 X9BSFDF3SaicCVpHatz6w1fq6m4HbVII0ZnQ4CJy2B7aC6XhBe4SHGiKnTIe
2021-09-23T13:39:13.030212681Z 216 QFPU2wA4z2mSU1A5on7wCyEJ5vX1il7KSyr793MFTge3hbCQgl37DXtOC9Qb
2021-09-23T13:39:13.032620206Z 217 cdJLKeHv86lFEVJtfTqrgziOSPfCuTPUIPnaqUlbTS0f3pPd4VS9zWAIt1yK
2021-09-23T13:39:13.034952865Z 218 5F1EXzoQpp84OVqAvCbjdHbXPQfJGDLQazstoiNvbKQwGQ8t7FUuxT5ECVfH
2021-09-23T13:39:13.036751021Z 219 MC1jk10aFZcDTtYDTMnBAYx3vyxosb7jCl65x93v3wPSdqoDX954bQ0Qhp8a
2021-09-23T13:39:13.039194327Z 220 kPI9M7IqsEieD3FwuylYle76mPXsCKuXOxkP7SPOLk9xiLDtjIAPCnihiUyV
2021-09-23T13:39:13.041706232Z 221 lIWRseBRdr4Ak2zlo2bCBGh8Cd5DDWVbOq0kiHnRgIVwyGXsDGRzqqYDRdwz
2021-09-23T13:39:13.044535174Z 222 NiClS7h3ZIdRprSAjojMnGWQeKQUDEg8yB913kMQYjBxwHObOnFi0ag1qeXq
2021-09-23T13:39:13.047799520Z 223 Ij24pSGgqTaMsOLfd8j6CSscRN4V3avVcbYoz8WRMQFQyc87LTarSij0c7cj
2021-09-23T13:39:13.049621259Z 224 rGPkhsCnvlvkW5coHvzvNNIcUIGPyOTRjVuXFUbu7fik9Bqg8Mnd7haa1N7b
2021-09-23T13:39:13.051807830Z 225 9r00jpzHoiDzFIpTvAFHRnLWDVi7wMMvL8AcOac2IK66rnqvAAn2uUwC7lIv
2021-09-23T13:39:13.054547608Z 226 YGOqlEyz4IXsS5JqgpzHupwQoHO6sguqGjZS1P24xlqOU0PPP7bYeK09xaOW
2021-09-23T13:39:13.055740392Z 227 3Z4rxPwhqZwxeFy5wZaLiQU78mmaHFBuXGFZJ35VRIOqeOXmv3ep6oofbAi1
2021-09-23T13:39:13.058215252Z 228 DvQg6XwC2dyzBm8ZxGlNydZXnV1AZXJbVQr0SftbMQhWr4qzPvv4Ywmx0OxJ
2021-09-23T13:39:13.060702522Z 229 HvMcz38XKIXKMKdzjSk7s4dRrk5jfWANlOig4Aaz7SJrQHtgKJe6R4imBV9l
2021-09-23T13:39:13.063148475Z 230 vU9fIFT0ZHenwASbs4SJ4RBC2RXe0Oqyip5xbRSES2gZ65LgQdSVfMUYjCM1
2021-09-23T13:39:13.065598346Z 231 LoXmp5WglWE1n8aS9Ac6GAifUajaj97cT4cECwZPX1Ll5C62bik2OAyPAJrO
2021-09-23T13:39:13.067817683Z 232 43UI29TFRNmCt9XYuZKyC7ndy1pFtFdFLPSMqJX6nQrf1FfII31nORJ3Tn1x
2021-09-23T13:39:13.070669657Z 233 5XGNO9QSa8hHuoDmIx4qQ8pTfqYvTVcvXuFnnJzs5trq6dSE8ttHp1LlgIdq
2021-09-23T13:39:13.073812630Z 234 vPrGJmdx8VzkUqTTo0rJg4GI5MBn0Cvrn7ynkfnB9PVnlIqgtlm4duDgqvTS
2021-09-23T13:39:13.076383401Z 235 mlu8tNo4GrgEDm5qif6UoFO01RSP1NqGZunsjLTIHTjHRmW7XfY1Jn27Zjjv
2021-09-23T13:39:13.078997782Z 236 GSe0B0sKRNUxivqvjfVytH9DYdDARld3IaCHr4QlW7QPqOA9FgKWBIp3bdqs
2021-09-23T13:39:13.080630274Z 237 S6ZHBGfPZ5gfNy9moY1VZjPkjnuXC9WogIBiq86DNLaEG0W8zuTGAQ0tIT8o
2021-09-23T13:39:13.083257287Z 238 j23uXx8QBltL7AT1nKxSlhY3l2jVE7Brnh7AItUToqewmPokD34U4eq5k7TW
2021-09-23T13:39:13.084720155Z 239 xScXlAwj2pvUKUlVfr2OIx981zGKwJMUqUNuVSZzoq6DxQQaSvrYFDKKKzKB
2021-09-23T13:39:13.087058397Z 240 f8XPRsDLm5dLiQlBMLiY74YKhCKDgOjpsurzDuSi1z0JItdJn6olNjHUZ0dv
2021-09-23T13:39:13.089372272Z 241 nzArDoDNPWMV1wmVp7lFGjwnXUu9r0j8WprFL8hpCUSVOCdbCeJi9d06tVmo
2021-09-23T13:39:13.092515390Z 242 50AxR1G7lxWZAdSvGVc3OxBmSPPWA1Hwb13MMWoLDBfvX6SANKm3T5x0uVEr
2021-09-23T13:39:13.093812972Z 243 DDp8ZC7dTw0jmqdQDSdVyx7p6oc7XOprt7OJHDKaETeN29smgCesHZl9Ewk4
2021-09-23T13:39:13.096568144Z 244 VYpkW5ajOUHf0SMHiupOGFbKzI4TCsMb3wzEJkfFIBzRhS3utL4Zb45ovwZI
2021-09-23T13:39:13.097773750Z 245 HwbmDH8qeTXG0OMY1W4ufeGVtZAelel4XGqpQKvI6a5j74GeEo3doNmYedXw
2021-09-23T13:39:13.100318910Z 246 fk9MBJrH2oWNHhcTHkqXzMnZCqYQN7ol3NkRVukBAzKlEeGfBoVwx05XvpJI
2021-09-23T13:39:13.102078891Z 247 POzZcgH2hFUwG6zxVgA3hSnt6idxUSMM1S1ZwqKSjY2i4FuEh4b5vbWrDg9m
2021-09-23T13:39:13.104051717Z 248 EDOejuwqftvvEWoQQPIiLysnHv4AL03bkdOtxCGCVhA2VRPQB35J2iseCMcw
2021-09-23T13:39:13.106646446Z 249 tfHWRuGDO86C1ohd52SyvfjyscaTfmCrsLOUf9ufS73YXMgK8Tk26mWffQzs
2021-09-23T13:39:13.109693751Z 250 vuolJP66G0O6HVbQHxZR6ENqXFbNod61J2wB1jz0AM11G6ao14oT4lOaxngg
2021-09-23T13:39:13.112395847Z 251 26gvuOqspIv4STA6wTRVzREbqzcspC9ywWgkLK5lmrtGNUdh4vPCU0bAqGVH
2021-09-23T13:39:13.113691434Z 252 ZaaFFl7cPoaj7SVUQY8NqU62EgeBLedKcXLYvRmxp4eH0TBA9aJObY3l5GIw
2021-09-23T13:39:13.116182207Z 253 Y0jwCYwSknMXwE27T5BExtovtRstkuCut4J8K1zxaOntkTpVEYufZ2KZNsLs
2021-09-23T13:39:13.117657424Z 254 zvIQQANd4XCwOnRMliWc1tIDVRU1yQthcqwc0BCzYYZaL3B7QyA19cowPRwI
2021-09-23T13:39:13.120520033Z 255 ZYMekNtQdOKbhWEpnfNuuPuHMUzCrSQo1JbFCSOaNaLDYZOa0KGq6Gz3bnCA
2021-09-23T13:39:13.123123276Z 256 oZdYxRTe0wZcfmYROYuxP2jjsi9PzAKAngKytlHX5iwiYYfb5PA7l0IVCgaS
2021-09-23T13:39:13.124671186Z 257 vQ0IWHfiuSESpSewA4tojK7ffQ6KP4fj9aWt1L4HV8Sk8rKQz4uBDVSBrpdl
2021-09-23T13:39:13.127357168Z 258 1DbdTtpQN4GnUuePP85CBhzuEUT0D2kDNpGt7Uk06cRtB09b7v4xzEU8WyjL
2021-09-23T13:39:13.129530498Z 259 WZ0JOnuaIEqQk2PEdYo8sgrFcp09Ou5xAQOI3UWxcVCTwvgkFEWWWwCkGMJU
2021-09-23T13:39:13.132211129Z 260 SHN9STOslGnf3znZi9VLKF6lNjR11SR5jk5mayKsDo3B2whX5aQiaCCaksCB
2021-09-23T13:39:13.133946108Z 261 jDKllfavqaRhd7zsUSQFMZPGkIEaBDmXBYXs0foIQs3va9UJ85x3JPkX2bmu
2021-09-23T13:39:13.135771236Z 262 5e5qSCE0FFAuLOxOniuTG1BGg4fAyV4v7U6i8INwl3bnYzs2A8Zqm40Ikbfr
2021-09-23T13:39:13.138305323Z 263 IItbN49Rb7jeXO8n7KAzznOrWia0J6xoIlLdik76u3rvsmtL7do8VOzULtrl
2021-09-23T13:39:13.139755456Z 264 V33l0FK2qL9QBZ9nSuytiCyxiyjjGCcor46cy0Z0lygrw48cbkp3e9mZmUy5
2021-09-23T13:39:13.142641525Z 265 vvu49uhzNbixZIkYZWjK9UGwDuFE6n1Jh1NsibwYtzNZQ42dTBGxG1vVy9V1
2021-09-23T13:39:13.145238518Z 266 jME7ggLqzUqBbKY7jNJvXOwyL7xqlXDhuqH2TTlrmGF71fhcSxKkzIUzC69r
2021-09-23T13:39:13.146945624Z 267 TMuNYm5N3sBY5qdloiSeaMluXREVYVWOa6gEA8XEG7H5Z43HbjsteWQFx3FW
2021-09-23T13:39:13.148605828Z 268 DatZeSq0NcT79PXWWlq6fYW0hQll2pqZvxMvfSNgB3SGdHnJJXuVoK7zpaLs
2021-09-23T13:39:13.151367893Z 269 SAZedkXUzWGrlNKrR2Pcn35QHyCYzshGtRe7r4rXe1SpIUoR3mdu3ep4BXvL
2021-09-23T13:39:13.153700971Z 270 ZgjB0w3CtkNMyrcYliQZnr7tXNaiMtHEJVPc6Jm636vyJOx0VYFBuoZ2fcbY
2021-09-23T13:39:13.156349228Z 271 ok3eFILjUAXJv9eBo9gSq7OQTis8618kAZFc9WxNDRnceBDJiTjCMM3pA88Y
2021-09-23T13:39:13.158938388Z 272 Cnvmkyz5j6yZaqZ6DxlXtEEOcnd1X9nDmo9vMZY4WnOVO7lARNk5LnjAv87x
2021-09-23T13:39:13.161650988Z 273 pl66yQ6AcyEgqsk2zkL0M8fZ7wNeDenXkn0YRpusBc3cMICqW9upH9BqwvUp
2021-09-23T13:39:13.163653539Z 274 1WLVjJSFbECiS6SKIZhtMhJpWuKI6HTb5SDlHQ9majKDkVfOzKN7IVnh347i
2021-09-23T13:39:13.166402650Z 275 rNzKMdSaZ6V9sCVZT9Kuw9CtPdMcswdpJeNm9VQf4xkypeqS5eYYkbjmCfw4
2021-09-23T13:39:13.167993672Z 276 KCDNiMHtzPNDnsKJbDMT3Snd0AwIacPZVYPWMZEj3tbC5nAL6OlWEngf8ZuG
2021-09-23T13:39:13.169685531Z 277 nvKEnzyBN997QmY3IwVRLDdUp9ZzscejNqB3Gcjwwmd7slw24mmmpoYw35ey
2021-09-23T13:39:13.172532186Z 278 GnuVeUZ0QUdJNvI1vbqtjUrm4i6UtIfGdYF13ux4BFN1wbPmJNQcrezuYDPt
2021-09-23T13:39:13.174704205Z 279 aNLRqlUiT7PMw95CWgFae0emgi1u6akq4wQiA31QpDE2JQ7uXn4Q5LJ8eS3B
2021-09-23T13:39:13.176877269Z 280 uuKzpaprv89zlbTfSNuFq1kJJqpfXShsqz3guJ40rpYZq4F35e895IymuB7l
2021-09-23T13:39:13.179967489Z 281 QdRgdHoOETQDSzU12bqHqDV4hFXO9YthLqn8sjIPWm8hTDGHzoIaaqmMB3Ru
2021-09-23T13:39:13.181947452Z 282 Ty01UhvLZHiH9XucCDbcMKTXStzCCLP05CJFB44erYPBjlRZf3NiiuUGxDbw
2021-09-23T13:39:13.183670563Z 283 GPhu2jB9LRZOHNDvj6VBXEGLxm05bbuFMa5AIbGYc7p2gDaTHCqZhis80MHv
2021-09-23T13:39:13.186263635Z 284 2oENC57mDjE7en3656ApH1STvLnzRt7GTTkCcVm6DO5dZfCRYTCrJyyX4fBC
2021-09-23T13:39:13.187826473Z 285 5zjRzScfTWEZ87Q60IO9TqxqkYLbfSOXNvMLis15gP3XV8MCf3QccUIHp3FV
2021-09-23T13:39:13.190094419Z 286 DDAjaczhxnALNai7BNSkabjGkDuSSyl6HbNexi4oE0YGBKl8jcsyWeG7IK2h
2021-09-23T13:39:13.191737507Z 287 hmzXmgNEGIwfW6mELCz8AaWSDavxQRYUWOwQ3CqG9rKCOLehUIR13kLns1Ne
2021-09-23T13:39:13.194382810Z 288 UePCcOq4OEv1LWNfgr90qt9fV3vAd9bFCuX1w7zAmyj2tDrXhJT0eZ2T6g9W
2021-09-23T13:39:13.196622326Z 289 dtsS5Uqe9Sg8YIeTY1tm6WT7q7Xwe1E3tHG4DyCl4M47Rz0aLN6eyjJNyPuH
2021-09-23T13:39:13.199144310Z 290 4xJjSiVVZCMUgwTQPdJB1D6jqbquLRKwpzTyZLYSk2uFjssfkOuhLxupvHZS
2021-09-23T13:39:13.201609526Z 291 V87MW5hH0nRU5dUIn6FQ8rOgwRVn2oYwPZFfWW5npBZdtF63mEirCneZYbe0
2021-09-23T13:39:13.204417694Z 292 TnK91nHF9dDfgxezXAG1wkcEjVPK7hGmKnFVnWeI2vXOUmcdqIKYI6qAiHqA
2021-09-23T13:39:13.207005692Z 293 dlgN9SyrkyIU1GLSeQRGsvD5rGJgAnhhc10fIiE4HrfFqW2Zp7NHw8YuolRA
2021-09-23T13:39:13.208590806Z 294 WA8vGMgYIfWv5P1lJhbLXdungpWGNq1O3uyNxDSk1T8C5s3vTMZto9ieF1KC
2021-09-23T13:39:13.211223156Z 295 5HD7gKuSLmN46muKSmRlDSCJ1NN52Pbwc1eVKXrf8odjMolaZtmQ5nRTxZFh
2021-09-23T13:39:13.212871027Z 296 iC9H54Za8R07lu1spQWrBXbgT1k4phWL9eILMcV2YMZgFeLV9XFYBbHofiZm
2021-09-23T13:39:13.215493028Z 297 nFsOzE1t8PDLaWvy4a8cWnswao3nHEkK6ADgoCTo6KirnQ7tsnMFTkP0c9Sr
2021-09-23T13:39:13.216698147Z 298 aE57dm0kmTYCXvfErYyntdYxSsPINQJKnHGdxbTdKVhfhxZwHYJBu0fu577u
2021-09-23T13:39:13.219370458Z 299 MavNUHB4krhGvVZdobXo12WavhamcnL3szajPHOPJoVF5DOuv8cNjCN0tTnN
2021-09-23T13:39:13.220833826Z 300 2vjzjM8ceYW7Dmd5ZI9c5TbYwBIoMHAnaD3CqxPrw3OE0R8EUircBqJGaB71
2021-09-23T13:39:13.223668376Z 301 NbGPKtCdxYc4GhReZxuNX8gmIAiv3HYnbSXmt73DAfqW0l0cO7kNhkoDSqiU
2021-09-23T13:39:13.226453583Z 302 IVDqV62UUhEq4GXYF4Jg9jIoxWuUaVkACLeKV4vCxRmRQ7bvRRPPQ7mYkzLY
2021-09-23T13:39:13.227859774Z 303 ZoyCn9sgjFAutE180Tq4y0uKOaSjiZUak7BYJMzniYQFrTPHm3oN9cuyWOCT
2021-09-23T13:39:13.230266580Z 304 KHejMZNGVaYjl2hOkol0HYhCcXQUaSV1w9ykkvISj72dNMInNcGKV4rXLLIU
2021-09-23T13:39:13.231737376Z 305 rQLLZD9nTY7Y1J7ZRlTFxYqjY22V79XFaVyVVpseacz6fKScG6z9fRTeVW43
2021-09-23T13:39:13.234499797Z 306 5Ebkvq12FIv9EAvnb62ne8bfg8qePVdYG8SCCilGgTKokW07CGB1YtpqXnVq
2021-09-23T13:39:13.235729238Z 307 B3M7fghywiGQFMjOJMNKrjz5iNeL7hJC4cBaretmCUfVVz5FQnuPcWvwnyQi
2021-09-23T13:39:13.238075422Z 308 wv5k2LjU1xUNTKooiw4bNUpjm1VEejlIhrKY21QQKgsHYXREtlA9osookdgJ
2021-09-23T13:39:13.240288131Z 309 dIAdQMWw8IfdITJW24tmFSVojhHgm8PyuC2ZAmAnAu2S8ZsnZUKlwQCxP60l
2021-09-23T13:39:13.242027571Z 310 GmRghbBRxleChOgxHOoifQ9YTshW4SQmyUh2PjIrU8WmAYKjSk3SAOQTyI1e
2021-09-23T13:39:13.243673918Z 311 R8yg5beCcawUKQHyONNjE2qcG9MXRsfVR8xehKC3totGreQExSSbDRqNloyx
2021-09-23T13:39:13.245659423Z 312 1ny1QMaSQv2zUzeVbc4ic4MscO2TMoJOgDIcrALJYqRTG3o7llTERPP7mbdZ
2021-09-23T13:39:13.248453818Z 313 R2ViGljRGsSJ3vbLn6nXA1EgfYwop8YHT0yxyWwP1VEDVBuSIpQ1JADIgW3v
2021-09-23T13:39:13.250743208Z 314 MP6mdBVH4oh6XvoiVeesRIufnmXtbAnx2wntNjRp8tikQuUpzk9Ex1GTkJAK
2021-09-23T13:39:13.253512999Z 315 vLZ8IXnGTMln33ocTPSBqM9puuMy7WpJsVGKeR8ShrrJsuTqEbhqFvLoKSnj
2021-09-23T13:39:13.255152933Z 316 VrzC9pi9u63XHN94M2hULa2FBLzQs9OYYLGpBp2hYKpP7BpwPVJmkYq0m7lj
2021-09-23T13:39:13.256753914Z 317 kiZUqRWvXXD3MbI5WJ2PAPtZDMwJfNzlnS4ypTy1EjZr9jkrr1wYqITBgFA6
2021-09-23T13:39:13.259709781Z 318 E9h2Umdod8cYtkFzRbwun4f1Vp87tMlSK0w9sta61x5iaLFGTbEwudgXOC9i
2021-09-23T13:39:13.262460762Z 319 cnriNqxz5uFYq6JWDGQofGk3Wc2DYM7nF9hh1b0iVj2Mqgtkmj6yvTn9zk0q
2021-09-23T13:39:13.263789138Z 320 DKD1clNdULJBCnQq4KAEnIHTYt0xJc4zQt9qrNC0CtZ9JWpPq2ghlPHlsyQC
2021-09-23T13:39:13.266481957Z 321 IiavguOc4fBiM9NH1dRIOwRYU0nfblqx0ZFuvr1eSiykKQCGXKIPuuXsfgnw
2021-09-23T13:39:13.269412702Z 322 rUHtNXgpTT68hy7cWzp9xqNc9ZgFiwAqEQkUD7hLZBO485T7klYbFJpyx1aC
2021-09-23T13:39:13.271742400Z 323 ta4fKnTJYNqJiOeFa5ZnVJUWyIKN2I5fhmqYHbnAMzR3in5OfsbaIHTEwOq0
2021-09-23T13:39:13.273855842Z 324 oo8ern2PmypEGAFOM0tQ9u18mEpx5SvKwWPr4sc1rZGsD6Nb7O5NWXMawqQs
2021-09-23T13:39:13.276651963Z 325 ULr5ojLrfpXm0nU9GlzkJQvj6uD6FslTRoY2yVEISyM5YlaOGhGe2iDYbbeI
2021-09-23T13:39:13.279537435Z 326 FwRvEPpIiuJu2B4EKrFSJeyjP3b0fbOdMFrG82LAW23ehFhBnk2l367picJR
2021-09-23T13:39:13.282507043Z 327 XtzIRkatmj1lsr7YxRtVyh6rqUTgtJBh7A5InJG16ZqbDKbzCjXKIOVr5K0E
2021-09-23T13:39:13.283747186Z 328 hvoxoE9X1A2uROwb41arAusKtvIPIleDVOuMmbulFwA0I1vf92dc7NiA6h2i
2021-09-23T13:39:13.286556248Z 329 0TY4eitakjjJX4Mr1KRHjw2v18KuX3y2MsuxQb8S13Y6n6eZqMVzuDajHHpT
2021-09-23T13:39:13.289514710Z 330 UepbCugmNz9SVkgPajbXjrK9jBRGZidZXgmAEVits4yKfdVLpkkT4W9rlFWB
2021-09-23T13:39:13.292639728Z 331 OPSZh0XtQaNyePeKvj7arjXmYhktWUSZHerPbzjvIGqKMK7jgwcrks27aeCr
2021-09-23T13:39:13.295574120Z 332 NPanoBRjstCJqPlUCsvXQvxXDt5wKu8NxYniYKSDMWLgzYxcpmzErlUsPpFN
2021-09-23T13:39:13.298434453Z 333 P6nm3ZdduB61pzjLYfMBEdBL5IBWui2qscouiFnuKWyWeRsYoB5WOoogTAYi
2021-09-23T13:39:13.299875380Z 334 y3SgLwoGcA8ulG0TPoQox7xa7X63Fnf3dIKGJKr3rEn2zb45kVmDaisd8c1y
2021-09-23T13:39:13.301669439Z 335 JM0sbDvD20gPHJW7d0LNV6ahIOxqIsSxHBZaaJHcl3mILoNKHlLev4thDPi9
2021-09-23T13:39:13.304468372Z 336 F3r3VLyU5tF9jbDMRwfx6611VbjJVbSpaI1C1OhD59aHnbv2K3W2rNAtYIJJ
2021-09-23T13:39:13.305660997Z 337 t3XwguBkeEGZpvzRLSBFj8oUjxVmuJfIU7M1Khqxi00lZwBDeccpyjtqwnQE
2021-09-23T13:39:13.308430939Z 338 f34vC4gQUO5UCb0aIpI7qLaRdrkvuD1nJZzn5tE7uWRtImz18VHWnqlC3t1e
2021-09-23T13:39:13.309736058Z 339 RxxL3r072K82dWq7WKNe5KKy41Xrvq2Benve2zTztLE8MfHJ51dj092CWpbp
2021-09-23T13:39:13.312558712Z 340 OvWYs9fmCAXvOvAk3wwhDI8pz4HH11v1uojD5BAKZIxdpZ0GotviY9FUiVDk
2021-09-23T13:39:13.315241414Z 341 QnaZ8f9ORsjDLWgZxPPu1L0qHCOn2upGhGWZUD0CWVwcv4xWmTr6IMMFdo2j
2021-09-23T13:39:13.317549398Z 342 vhJw3S3AAZGO7DqCywiQhvY0kNfyNr4h7dAowOjURugW0r9Zm7791L1ov9PY
2021-09-23T13:39:13.320354830Z 343 o55Rs9fJ6Er1ITqXQXJufFwsP8lu8nbqsOgaID1KCf9x8i0hIJUzkeQtgAzQ
2021-09-23T13:39:13.322561256Z 344 wTX68VZdxnSdD1M3mZwEXd3LrkwYi3NqfhRma6SBiVd42yX8ME92tRvgrGt4
2021-09-23T13:39:13.325221492Z 345 5LFSIATCkbZTSkq2qAsJ7Hre99RarL8C4NvGWjFNWs5Gqo4m1KTCkuAEDt9C
2021-09-23T13:39:13.327728492Z 346 rpkIF17WIS68wt7ozysEU0YjCvAXyUXzQ1kix3ZPwnN4WEU7OBU5NyP2l6cO
2021-09-23T13:39:13.330439800Z 347 BlQcfSJhBCfVbRrdGMNWNxkkPCz6fQaBytxolayonIh1vfcgbO5e5NG7838w
2021-09-23T13:39:13.331737236Z 348 AtlRWDI4JdVUXiuAEET0VMQVlD7ASbR93A5fofvycAZcuTgBALIbrkmPVGxh
2021-09-23T13:39:13.334698190Z 349 6S7YIp4YOgtgD0rg8CYFVaENFWiqv0lYXEkTU1UKp0wN3pcCZ3t1uhOpRXtQ
2021-09-23T13:39:13.338563042Z 350 AOWJ7u63gCStzZI8xAhywV2NuF6XvdcK5qt8CSdzMJCdN4TBsCQkyOBKLP1S
2021-09-23T13:39:13.341360576Z 351 zs6ggoLdJiDaYnywACpHcnVR3vSvaqr4JeAeHBOBANk0BQGAF5Vp3DqwYtQL
2021-09-23T13:39:13.343642907Z 352 P1lBJAmyN4QQMPAxT7i72BM2Urk9YB1ZcQMrExIk5Kx74ZG6wAVKomZ2Lsby
2021-09-23T13:39:13.346350041Z 353 m5GXC9XFn299D6SPP2RLsQ4FuB2NJOEohu9ybg7CicQ037Q1yDenIDCOt9sZ
2021-09-23T13:39:13.347676748Z 354 EdLxVUwT4WCL2lBQAvTW6sCkqOCdd8pASxS2tw9aWndirq7daPFxHgn7bSeb
2021-09-23T13:39:13.350551585Z 355 3vlEZyr11oE5cXu1PflAMgwIPzcJ9PrMTrWhtN3cx1lcxXGWmYr0J0A9lOnu
2021-09-23T13:39:13.353360707Z 356 jk5hADtDUkPI4Sy0hm2zbr4DWoEEPyokZJUjAIjoUZP2Jhp6Sx06KGFWdRCJ
2021-09-23T13:39:13.355612464Z 357 nlic0hg2dWdzAFCpBNCI4HGCLP6PRWT4Nj7vSxdcQOPAxChvpNnaBSo4LkyX
2021-09-23T13:39:13.358372271Z 358 HrQ3MVJ3nlO0nIJQf9sqHxWVgpbxrs8R2VZHlbXGpY3oeOuhKGs2GjtoPrcl
2021-09-23T13:39:13.359682041Z 359 MthxTUD9uA3l2WCpDsaUBPbRqeHHUXVC7gt49LaHwSXa4N37QaoxeuADlQFw
2021-09-23T13:39:13.362499701Z 360 2ZXkdTRxY5fcV1nt77wX5Z5mk7xlq8HjQfVXuXZv87X7SWZE1MpAvVOloUt3
2021-09-23T13:39:13.365241457Z 361 0yDYz8MJHPgFNZcfMntLqmKMpXVuKNrZPI1PLfMbgCfmFlnidoW4LCXInwyJ
2021-09-23T13:39:13.367539080Z 362 NRyCeBh2xhCPzgWZeuO7EcXuWU6IHCJjmQD7eMdtOwLmObi72Tt1Qlq59O1y
2021-09-23T13:39:13.370281285Z 363 60eitEc8olyyGHfzRbv1mbTMaRKkahpRpAJu7zYyyZql35cral25G5dllRnJ
2021-09-23T13:39:13.372530005Z 364 500bYvDnNV8ziY7R6YuuGmvmIQNwY43eS5guyGfL1qfF00t4ugYvbRor2OOg
2021-09-23T13:39:13.375371424Z 365 G9bQspkjuwU2vVMymQuD27c9G9E9lTyXngh61uqxlMAZYNol2wYdKupAskuP
2021-09-23T13:39:13.376657829Z 366 iY6UcftKnuZX7goJ9WF6ZwLoUsz9CaAdDkv2aPFmURYfQeZXGirC2AnpH6Vv
2021-09-23T13:39:13.379345540Z 367 7A415ApD8lVoQXCp0Rwk5Odqsn19XfWzn68593h77hCHjhXaYEv14VtURKT5
2021-09-23T13:39:13.381660064Z 368 BN1RzjCLuEK0m44xdK7GENmnxfoDDsImRjsafc8uDSd9AZPCBMn8x8BTczaR
2021-09-23T13:39:13.384382703Z 369 7GzmBiJcO0NW5OsXIRosIDvMLZjTNLXf9Eb2UrbJxF9n7xAGfA5et0Pjeh3J
2021-09-23T13:39:13.385794750Z 370 qRDnIj93CYpQbW3D3eHB3cCPObgn7oOYAZKHrapem7WjthIA4oKdY4ISC3Fb
2021-09-23T13:39:13.388644703Z 371 DUaLz3gIWZe0VPXFMLUMXs6rd0LLzdJBycgkdLkgQ4HnEbMVYk138RYgePfj
2021-09-23T13:39:13.391519685Z 372 3nRt0CXhjKvTaFBJntvtXnuYv7Yk6ghMG6tdospJEa1gfkQuFxOsPPHVP3NH
2021-09-23T13:39:13.394371514Z 373 3jTqzh0W8ys32CCwVsXXPoTAMD3wLn1GQNMlw6ysjHELypJig7eAXlwrdhvL
2021-09-23T13:39:13.396632341Z 374 LckIqQ1vsOUgMpvQ38VGPeYEVGx8Fptx05Z6jSsYQzyUQnMPV64U94kyLvM7
2021-09-23T13:39:13.399503246Z 375 UCl7gGsi8Ykr5QjraZtjKJ5pwgXCZaFgFt50lvqYwELbOa2vveBmL894XAY1
2021-09-23T13:39:13.402201398Z 376 2mgCoRJCsKbGmKHwiyplHwJVCAZodrzBUI5Jgx6zDKujaD9wsHkDOUTakSMf
2021-09-23T13:39:13.404515650Z 377 OMy6lJoeBtUoDhFkxogqfM8HtnvdLOdzVB1GOi8ADYqMvENWxaoPnY3eweUt
2021-09-23T13:39:13.407396688Z 378 S3Xu4PWnXqY2MiCkkd5iYg38QDJyJNMwnHT1c4K8wXAVWjtFVrNVVgiXcCEO
2021-09-23T13:39:13.408768081Z 379 cfGHTBm3xhji56VSqew3k8vYNPkgrAXz5Sod1e4bFW47V3iY08ikWpTZ2Zgs
2021-09-23T13:39:13.411640923Z 380 KxjPDqRlW9zQVvQ62FKo5clu4FjJ7kh5p94yo582taRxKIzG1Bfyp83EO8O3
2021-09-23T13:39:13.414580686Z 381 dPJ6F4DNJhoiAFOTrVxfWleVXfmQSQLXRmSSEkcW2UbDLtGo2wxObakQbFdU
2021-09-23T13:39:13.417641297Z 382 XbRD9BqINcw2wZYTGCTYS5hreYQQy7Mv10r6UYebTzlG5CUkA3ArqOIHH4Yh
2021-09-23T13:39:13.420539718Z 383 B37kQTy25NNWgREJYi9LO2BOIvOWMpKiQUBG6KD9jUkDd6Gl0JNhhUfXFDzO
2021-09-23T13:39:13.423452319Z 384 TZCbWqGwDjJipNjWOQhwBZg7E0lgDWCb2InCwrsavwsPbVXzlA60mkBnZt8f
2021-09-23T13:39:13.424760450Z 385 cSUjQi0MSidaaq2BdtcexzWsfOqUcluYluxosVBrGRgS99XpLqfU6k8McGg6
2021-09-23T13:39:13.427673105Z 386 WAqyYvDCjWZxElRmCszwbGCu12o0vJjSbS28mT18cqLplWpxOOCUKv6BW4zq
2021-09-23T13:39:13.430622050Z 387 g1qW0nfKj7l9LaQ9F7EmvkE6XYpOKCuVNdTkyeSxqmHiO7EOLb6k25HukNq1
2021-09-23T13:39:13.433572226Z 388 UIOphjuxrMaKDrtlxpPLVcY4kQZ95sNvOIpHhH4WGluJCvhuD8kudWpnuDh1
2021-09-23T13:39:13.436519619Z 389 P0eCRRGRg8IQ1F7s4DjsXVdmxO6SwUQ6GnxAQ18WI7pPCHscIgMVQ5qW6uqH
2021-09-23T13:39:13.439431735Z 390 dNIxZr08MUXAiZhw881XHcVoovooTBVfeQ2DtCUbtkowCfKbYsJHDXkjD0AT
2021-09-23T13:39:13.442313990Z 391 xoTsYSvESnv2umylNFFh1WoCqHrVDAIXExRU1S39OUBlL0CSlqOscFKEbiPT
2021-09-23T13:39:13.446190835Z 392 tPXRp7yRIqMeY5S7ZC2aaN10tsxYoMKorz9qwAYL1i6BwD46CukiNGijd1rk
2021-09-23T13:39:13.448516231Z 393 RRw7hKF9N6lCRTE2F3fUKzxYNI6gFkjmrxIYL7eIqd8RHX0vCKdwTO8DqpvA
2021-09-23T13:39:13.451518182Z 394 9A1mss7JnMMs6G0nqK0b48Kwg2Jpt8mti8dJCjITB7MZrwP1xm26jI15wdss
2021-09-23T13:39:13.454344220Z 395 lwJAa5d2aMNTsiRPdPTFa9xPNzOjlh2xy1cvcqmonmM1xb6rNcc9s93kV6sB
2021-09-23T13:39:13.456780163Z 396 leK4B2jqPbUHVJi4XDaeUNGJ5FqIE0il07BvsUBn97skTlg4Z6fyDoofLL0x
2021-09-23T13:39:13.458666698Z 397 RJnxW4QurEM7CXp7ZHHgxABF0ocdvwsD7XvfO1lf500rVwAFZSStLFeddBh1
2021-09-23T13:39:13.461641989Z 398 SZxoKunuc38o6mVNIQr9n67Kd7Bzq4NRngTpXQB7uhW7zvufOqWRsuUjv9Ir
2021-09-23T13:39:13.464652881Z 399 lJCHO7fLqJEcHZBBDJCC54T6fMEG468zlpYpkrw4MAGaC0TSTYN0fHGRuhLM
2021-09-23T13:39:13.467460813Z 400 DPoR7988d3TUJi8a33dtho5ZqVwfrrVlOOKVB1W11SXJ2qYrOy1GQPWtsAnf
2021-09-23T13:39:13.470404504Z 401 ka1Y7swcC4HudhPz5o6EOa9o34X2a8zdx3ZXa31JmrwcwTZRV1DsbpqfDjJ2
2021-09-23T13:39:13.471781867Z 402 6Xlj2FTyEooianHv6230fVgAVbpfpjuLRRPSctw3xHlQeEIx4nHP6O0RPcLh
2021-09-23T13:39:13.474592434Z 403 3LDtpod7AnCkSdOoQlNwMfr9DrYbURd6KQZlKh7GfJTNqBHrTeVxXB77Nfbw
2021-09-23T13:39:13.477695671Z 404 rlDWYajkbtb54l7sYqNJykwnOaMRmxFNuAs0ZRqQPK98YygvpAwEPDEIN7xr
2021-09-23T13:39:13.480495974Z 405 OfEemIGTMtLwNgQqPW4NE9YJes3JE0behuktYgSWvEAU762IXAgZkGJ3XmEP
2021-09-23T13:39:13.481663026Z 406 yki74G8B0JYO42dyivg2Xw5tZ6s6ZYNQi54rhiIUWdKaNVZ2OFPrMsLIVnGB
2021-09-23T13:39:13.484607117Z 407 lcKuyD48kch0Yk5fiT8bHC801l2JqRiHTB4PAPNXdiON5Dskq740XfFJ8QSd
2021-09-23T13:39:13.487462777Z 408 sgciVpqeHe89Nwr48qXsuWs4dazJlklji0OJLNBoelUjoODnHJWL4k0RCzI1
2021-09-23T13:39:13.490492098Z 409 K7xt7BfxAJYsIVIkrtmfZeLJvT7P5elxiqnab4ed6nzUSRz8e9FbcfBnoKHM
2021-09-23T13:39:13.492717955Z 410 6cA5wLTfdD1sh8DOcvJIuhfs2F7gCjnx0wCQgRp4w4FCcuArgKr9PBOhk5iU
2021-09-23T13:39:13.494592135Z 411 7Bw4G9Z4LPdI5Y2gKiJ4aNlnXNAMmgI7X1AFim7KRTp4o6iyKdRGF8yMuDqZ
2021-09-23T13:39:13.497037210Z 412 TIc87ZsrjE0GHNhQJf6U5n8TA2tvzw1GG2OMdJQEOx2nIVTPF4sMN3h1iqTZ
2021-09-23T13:39:13.499200043Z 413 06fEnV5iUXcULkepSBP4rIW3E21uF8tR5XVsaiScxAKgc1DnPQrZSDcfo10i
2021-09-23T13:39:13.500790472Z 414 mUhUT0eHaNmRlHu5DrIv9oAhG0Z5IyBmNDM53R2Jlqy9ZkEQQf1WWMXTzoPJ
2021-09-23T13:39:13.503622651Z 415 4DMTinxSwKZyMrPjAGhrl0EHe4JDdSXsDGmJ5xYLcHo1s2CUnz1qJg7uKmtL
2021-09-23T13:39:13.506476596Z 416 nPN3k1HZ0sMnEsBnhXSPrSifWOOzDO8zeuxzSeBj9TXCXeTFNOquznIq5FZ8
2021-09-23T13:39:13.509436165Z 417 USCxW35Yr6bG3qU0rOjcsXTgrxmazp730TJkTaBSelS1eN957dCK0nRtyyJ2
2021-09-23T13:39:13.510747319Z 418 spSU0JvUbhE6PV25GR9kcZDI3PXSlXaiKF8XgU0aMnGQ0BpD9kNXLm5tIIer
2021-09-23T13:39:13.513436306Z 419 C4dGCmrMvZr5gZ3PJk8quQL5JXpgTzykjCUWoDEp3BYqkwj9tvdvzRCclnGo
2021-09-23T13:39:13.516320014Z 420 xwUXYpmcn5WEifijlPRWrPuSBItZ6SNAEqda02DhoSikLnUVVc6TDlWQFP1l
2021-09-23T13:39:13.518001143Z 421 XdegdMAQNRo8sQz6cuifn6v05CcEnJXTx8tlWTxlHmIlUhePqOCURqbeHmhd
2021-09-23T13:39:13.520748729Z 422 vYATGkMD7TOyn4jwAxEMjf2baUDzNaWwDR2KsOnaRn2RhvlxndNk8mQ0ImSE
2021-09-23T13:39:13.523602008Z 423 eejuAA0BkweCH6sb9v32zoBV2rxR5Ovp5Ryms5WkJlporHgmEzFWJFMWMF9c
2021-09-23T13:39:13.526682769Z 424 x8zyQ1dvHeRMIM6gduAvmJekeezw99nuvs6pYxurSpe7Br2pCKiG4nZDbpRd
2021-09-23T13:39:13.528878465Z 425 8GCzeur7PJhylKWF6bRTDujHN5c9MlztltHvO7RVbGzqC5mXZeRiFJoV13gV
2021-09-23T13:39:13.530605621Z 426 jHa4yNHug6VcVZod8fRC3klrLEDjqIyu50fzxYQqCIe2NBtSR0684HGLNiYF
2021-09-23T13:39:13.532713953Z 427 ivIeQOlXGojTrqNDMKsZdl9nc08t8tIDaY8IORi4lITzVgLfblg7wPkZbG75
2021-09-23T13:39:13.535034793Z 428 L2z79K0TcwDEcubf4RFrvyQkbM67KUXqLcWDVXQpXgIF7QyPZcdpXoeK6799
2021-09-23T13:39:13.536991917Z 429 fiXpKdy4ZXqxS850BfHUcg5iZFP25oYavrUCM4nk3oqhWh7ZzX1Q7y1NVlSJ
2021-09-23T13:39:13.538860866Z 430 VqXwHI36ZwWtM5bnUw7KnZCMqqVlDlk8vezVaJiVhQWPeNrH2mvrHPJoKvqZ
2021-09-23T13:39:13.540618102Z 431 S2JW3A1WTDw01vYEoiA69ilTBfMMpQDgYkRxdcmL2IPzf9r7uAXZxUm6233x
2021-09-23T13:39:13.543701077Z 432 ikBxx44KaeGKVg8OMfSZv6ygEGOqP5PffKvjlb1VoyOcRlI4UjSkdB33nbAW
2021-09-23T13:39:13.546608094Z 433 geRbxFTRvWUh8bqNr9viEUXtrmddVVgPGGFM9mwxC2ZEW0MOpnwZu0s7Wzaq
2021-09-23T13:39:13.549599389Z 434 tvmmYCFurjeZAP0DsM0VMCHcZoYBwBS1kBT8TssMsOC7M5K28YSnIVUB2Ayr
2021-09-23T13:39:13.552642683Z 435 TbKgAiHdcziWdbi2TAPfBgnxbYpZbssAENJ5znFV9yxjyEoBmd3jgAkuZuXK
2021-09-23T13:39:13.555460030Z 436 szizPvHaj1m5Im7fM2jsHBBdaTeM0ZGuRSHe8YRjLQesHQM9hyZIdVLBUGcT
2021-09-23T13:39:13.558249443Z 437 JHBYBdbg5P0kLaKe7SCJlV3MyIJw02FglDVmSjNzteUYsYMhR3W2pkBE0BuJ
2021-09-23T13:39:13.560556164Z 438 jKVRFioqBvVaCPDUrFrxYcn36YxSkWCLHQ0jqFcaNTdTBtwGN0Z0EYB2aAXz
2021-09-23T13:39:13.563567872Z 439 s50gnOIhoL4XVi4LlrUH0knYDEp0dGHmRgyAWNejnelKtkWVdJk4hjTGM4yR
2021-09-23T13:39:13.566491758Z 440 KH4g49ne0gjMlGNO2tlfGaTxFQs1YpZL6sm0FIfsPK4RIweQr50h33ki0bOc
2021-09-23T13:39:13.569558178Z 441 Ps6VOyYT5OOFEgfrPPc7m40u7Ksy3eYkQ3o2LeoUuxsVSBnK6g80isXip4mT
2021-09-23T13:39:13.572307597Z 442 x839zarOkgW8mTMumKfTOmTnchorodglB025AIwjK2imJC8T8J4K6SHABwoN
2021-09-23T13:39:13.574630780Z 443 yeOtsEGa13mvc2BgTSXcepv6tiVRDrOqDk03FkkfYcKE5o0dT4GgsGW45St2
2021-09-23T13:39:13.576624428Z 444 wj0C4oIJlOSU8GDdcxbUq8ZfQBN5YziCNyPVmUrcax2zrG1CUNrHU78eeAkT
2021-09-23T13:39:13.579515893Z 445 8bFapSWLbveC1g6X4peSiB8dj2jHItXbH5K4ZKE7TrS1dgI3pD82HT8nvep9
2021-09-23T13:39:13.582273334Z 446 UArpqHBZnCxbwB9vbIiQlBEYiiCzpBXn09U49H6XGBqLgWnuLLZsM7o3cKfA
2021-09-23T13:39:13.584701758Z 447 TVa8arYroAdcKXetSqLcQZQksYjtx85s3ALVaUFzp1ZcB9Heb7Bxl5nz6zVq
2021-09-23T13:39:13.587595972Z 448 kHw5uiW0jMo434ICV7xAI0iEI7ZlPxpzP9JOyUn3eEgqyBYAx11I0rdfyX7z
2021-09-23T13:39:13.590601583Z 449 z0SHMozX5q6rPx69GwP8aPiAzUwCVRYjUfyncR1y0Ulf49Ckyc2ziOmQvjeo
2021-09-23T13:39:13.593458877Z 450 Ob2ndvSgmhWR4AaFjgvnp6NbtpjN8b194t39vMVZtpzdXI1ZeRdavBUSeY1B
2021-09-23T13:39:13.594780767Z 451 1HNoqbi5lN1M5y0kcNhq8iswegFK3dsKqdDH12rJa0tjgQB1kyOndUbPtGBz
2021-09-23T13:39:13.597726685Z 452 82NCgSbvKSGba1AbMktrTWobewRA5pOMfGm79xnQ1UCgoksQqQ8jmsbTEUkf
2021-09-23T13:39:13.600600330Z 453 3g5gjFA2eF9wY03JGnFOeBw5fzjIKAetXTpWNmOzmTk0BAE30bZhWseDhij8
2021-09-23T13:39:13.603359975Z 454 ALEScqGqIw7w9V7UNKzjHfbkEjHUdqoqHjirpA79pkQwcKSymSglcm1takmo
2021-09-23T13:39:13.604697723Z 455 w766ktmY7e4d04VwaUdQLAx8KNxPQeKSM0OKzBbOSmhexw8stAa5HsRRu392
2021-09-23T13:39:13.607562996Z 456 7NVHEi83cOtnAq3k2KVPB9aYZLQjUtqQCzwmbJjNs1xRGFgLcOTuacwKGKWZ
2021-09-23T13:39:13.610529921Z 457 yCj3mrGgKBMQFYr2znTxP8UEkouc5hUbTndKqK1jO8yPI0m5M8XzwJndFoRi
2021-09-23T13:39:13.613256721Z 458 OCKuxIHGDCFLTDr7ckgyxnmB2SdqJClSsRgGRv6IFJ14ukzrlLCOH5KgXdJi
2021-09-23T13:39:13.615650330Z 459 EuBMePiijG2gIlVauLvPgoYLoZRN81dPLuLFTSW1crURsJN1G9GCCz3NYkMU
2021-09-23T13:39:13.618332841Z 460 spbiDSad8fRqwXHHjvcea0wWdLvRND2DG9xFQYyOA9CNDUtiZ2OzCAc7aokI
2021-09-23T13:39:13.620649873Z 461 IGFPvx21lHupf19eHAAqJkjEslTh7ROoEqOapSwF6y4nlFjjudKr6sgZh7ko
2021-09-23T13:39:13.623305700Z 462 KBH9KRaExDeA7P8xsRpM9fyntnC0TelQm6cb75jMKzUf8URcFXumLrglkgVs
2021-09-23T13:39:13.624943491Z 463 CBvvRnIHofPufKAlZS0qZcnwC75WHnhpGR0HHJnNFfkfEsmW5R7zZiV8tSs6
2021-09-23T13:39:13.626744153Z 464 69DQell2blCnDTxD3z1FoROzoIs1zYMv3bflKflnKL4o0F2FvmbQVH1THQRj
2021-09-23T13:39:13.629366608Z 465 W71FHsDfpxhtt9E48JK7MaCxqxWdwOpW21uWb00OAB0LnQ0kHlyvtYr89QfU
2021-09-23T13:39:13.630670887Z 466 CQQzeOWtgkOcRtQE7AsKTAo6qjyM0Nimr4k1uWAOGkPGVVtjSReWXD5dZ8wP
2021-09-23T13:39:13.633270723Z 467 IUfgMVKgVzqzlOo67G5HVd3VkEoMeJtW7IljDd98Ay7md7bHTMC6frIsoTQi
2021-09-23T13:39:13.635581426Z 468 ZJVqiHTZmDjJOh1yUeJcDPUJyBrq4eXM7yHsNZfCkHcuBBOnB5VDwv98MZp8
2021-09-23T13:39:13.638321257Z 469 4ZZSI2pGeh1PflnDIfgk4uy4kRYPHSSwq0YdzpOutViFZvPkVn8r2tw8PHj1
2021-09-23T13:39:13.640691303Z 470 gT8p0txm91kk9vBlT1v4Al9RvfTv2F2UTba9voZjBxJNLwSanrHesdZuNj14
2021-09-23T13:39:13.643173438Z 471 6fXul18YeymhD2bR1afh1kx5925mCtr37T2XPYQyAvoOwjBPZKz81mqppQVX
2021-09-23T13:39:13.644703619Z 472 itZXYP1lcrJdqX6YmWlDzdyMb7SR3DMspUCHK2exQeHJES1gHilCsMkTFvhv
2021-09-23T13:39:13.647184449Z 473 K3LExBYjceQzqskh8Fzz7C575VnPqGlBq92qL8gG4tq9eUO347O72vdAGljq
2021-09-23T13:39:13.648881921Z 474 dkJ5JkTiKAYlZT4R63TuDscjrrDAJcZQsZr8gVTIhxwxZZ6nPFXYLiKQWdrL
2021-09-23T13:39:13.651513178Z 475 kUq8CvRYsnHWgqs8BstJuf86d4nrW2YOCofSKc1tL8ybUPX3mp17v2TCO0Bd
2021-09-23T13:39:13.652862100Z 476 Y8MO7V4gby89B1dz1luzNFsBJcRMOAO0ivXE8fI9iHYD8ricdQ0ll1DJGKip
2021-09-23T13:39:13.655709890Z 477 ANLafTKtkUutOQcRhQdDfeTaxLc9AUu8vRb9S5DAc0TCl1Q10dGjrZ3r40mJ
2021-09-23T13:39:13.658373053Z 478 lVNvOuCxoN6kwlAevX7ZAqNzrL9WSmJzzbZAhQ02xnneam2TnJqebxQhISaJ
2021-09-23T13:39:13.660633923Z 479 R9UPzll78EhUzVPXs2nB0h4p7RVjVCnIVNYM2rRpiXwka1F58V6UxbL3fjAq
2021-09-23T13:39:13.663465612Z 480 1tJGdZvqWhuc71BvBiwsP9Fi309vRQrfzQwpy04TnSAQLcQDnjoRQQXD46wY
2021-09-23T13:39:13.664841239Z 481 Fmrc9hFQW7SJ90OsqU2Wp8i2GuM9xqZ4CN7B9lWFedHFzBV1VjkLnunsBa58
2021-09-23T13:39:13.667669995Z 482 o5OsRy72nPuauWMVllv3LVnSPChQoaBgOScJT7hnE20IwaggGei8ru2SXBMx
2021-09-23T13:39:13.670234093Z 483 lA6Tuvhr0QtLndpmuDxRhtSZJwwBl7jlr2dunwlwsModuzjbRvBcITu4Jd9t
2021-09-23T13:39:13.672016518Z 484 UeTG2js7KjrZehOjaqR0GXFsyF9rckytTRENl1twdG6BBuob9S0SN20xxqAC
2021-09-23T13:39:13.674658373Z 485 Cm467k6pCo3yz9LRljkj5PIzY5Vr1vyN2TkQdmz171ut0fUixFBxJaAfBU1i
2021-09-23T13:39:13.676817129Z 486 srvJwX4HLNS3Ail1nWTFT8YlvWeltozS1SPWNoQFMS7HIRKebfnyG6Ft8v2C
2021-09-23T13:39:13.679382340Z 487 F3GIr3BDdVl25AQCOnvyw93P3sjWOE1C9obGbJNSekjQMOd3Ztdb9ZLkuFag
2021-09-23T13:39:13.681788528Z 488 CYmHmcJsYpFii7NY9iKzqIrpdIPDBfMSiXWzfDPy59V2h2UdXeD2RjnZ5tf6
2021-09-23T13:39:13.684501326Z 489 ocKo2fySY3b7ZdZQT0p2UWAzFdO9h2W8MFnAEN3B6IbCBI6Ks6ajmmsdK8la
2021-09-23T13:39:13.685734709Z 490 sSt9Tvmtm0eD9FukYnHVCcBFHrrlNmTKyHdpjqNGtKqjk26o6LIHO8PBYhd0
2021-09-23T13:39:13.688473805Z 491 8n7o6030tCqvrc0HHZ0gdTZ48HPHLZhlEfHGdWWATwPQAoBTEIQlA2InTRJ4
2021-09-23T13:39:13.691284874Z 492 qWKPq8IygBIqjyvWPptBcSVzureuZnkafksvbo2vuigZ60dyNcxDiXGNX7BL
2021-09-23T13:39:13.693065378Z 493 GUa0aGOA8xZ4v5zvnute15dR3dVLZ2qgtA2CtVEBtcCcA5galkPg2AGV3qpv
2021-09-23T13:39:13.694671601Z 494 CbSsLN3YOfgCz03gCzufwp62IW7LLuyJe3ijGYgafbxEhKLkX3mzYaif3AU9
2021-09-23T13:39:13.697268446Z 495 tPL8ZQfdInNQEHXVr90fHWjRy29JF12uR6iN9OPJejw8rXlRKyHlJSnDphaB
2021-09-23T13:39:13.698973089Z 496 Yn4ByECnij1mGyQTAhYGmY5qwqk4JhJTiPDUSrfQdDKM5O8ghF9pOrnZMNmU
2021-09-23T13:39:13.701625332Z 497 KfyOTnL5y25mINkBB0coh85jAJQyB7reQNPhPXyCuG4zNkPAkBeApZ9Vn7ui
2021-09-23T13:39:13.704507289Z 498 7vz5P0AETDPnzzCXHKLWPj6h0luL05dPenOuWBL1e42XlQgpo6l7Pcm86g3V
2021-09-23T13:39:13.707108131Z 499 NexdVRqIV9HiUtWKQhZrhAzqtA1KpfhF4PlT3Zq3WZJ3TbRMmMxDonpcczBn
2021-09-23T13:39:13.709530402Z 500 SWMR6Q6tv6xkKnwQZnGDVRXVRaNmmGVTaUBale2vnSDUWumjvPPm0aif8NJE
2021-09-23T13:39:13.710823347Z 501 uWsiGhpwq7oxihDkRogvu38NJybbGsmdjU2dRpaml1MOgJpTdGdtdzB3sRtV
2021-09-23T13:39:13.713235469Z 502 LvmvCO5gCmB3aVdWzLtMpjijbzMGZbnBPi7AdBP6zuczARjD3xZ31kYXKWyA
2021-09-23T13:39:13.714757780Z 503 WNW2Lt6nGSvnCdN91m4FSGy6M1nLRspTcRQOvqBvHJtq4YGsdPUIbhcJdcHr
2021-09-23T13:39:13.717404519Z 504 YvwwCIvu9nU1O3Sp4QYMRxm5llxBU8CHnKAltpnDhcwPhhJviIHWmtWspjuE
2021-09-23T13:39:13.719125498Z 505 Ll1DOszN0RIh8tvIJWAV4urE7KBTUEDzOE2Ukl25ZZphbEOJLvA9XuRSnChv
2021-09-23T13:39:13.721635338Z 506 4GLfO0DMgEieVSlvlBWGZPYJHyfjtgViGR87nGbcibJwoeUH3zeTUj7o5mrs
2021-09-23T13:39:13.724193663Z 507 IcqVYmoDRRsU1TIpCQLfxq66g24Sw66pooYFNKN9cyEuLxg7LpD6z3d1V1Yc
2021-09-23T13:39:13.726592614Z 508 dU20K02tT6m73HclMqgBB39YoFh8BysrPiSm4EThI00aWjad8l4DML8RvQIT
2021-09-23T13:39:13.728056754Z 509 2yS0HAOmt799U7slU560r5Cfd8dcfRf4z7ApSUzWte7RNzr67aXbRgmfzbNi
2021-09-23T13:39:13.730733478Z 510 jFv8PKytiJPR2kfq1eKOWKMcSgZ5mgs2XzegEOTKeo7P5A22AdtNMUK3Yre7
2021-09-23T13:39:13.733134611Z 511 V2G1WN7MfeBhATbXF1kEDMF0LpD7BNVKf8p0DELQ6oo3awfM0MrGy20gUJVI
2021-09-23T13:39:13.734611060Z 512 9aHEyqNLBy62CpWr14p1KgZC7AaK7eynO3Nh1o8mFlnNJp8GQNjSDP2WwEJf
2021-09-23T13:39:13.737222023Z 513 PotLKeIy3XAkv4qL928KxVUsbL8criwkTOZ3dF2JBhuMDGfD8FaM1cTEbXy5
2021-09-23T13:39:13.738789838Z 514 MN3dHIJY0lnxSX8pZQryQHjIzeC1AerUCIN2XDjrLhApnjMNBzprUn8agaqE
2021-09-23T13:39:13.741588691Z 515 7szrhAjUoBOG9mI9RwU6m5uszwIdQVXthjcsrs1bDMplzOXjDbLdXizsjwEM
2021-09-23T13:39:13.742764389Z 516 VX7CPuJpep45W8cj6x1VBV68ECatTrGh2GQmEHUCG6TDuDx9gcMIDXAvabCJ
2021-09-23T13:39:13.745376888Z 517 z6bOhHYxE514h2OGkiJ41000zb2DZfhXeuTtRm606CGuftJThL7GnBJyuJ1Y
2021-09-23T13:39:13.747672451Z 518 EWSFOdj99geBksTn0iOnD1TlyOIYH4LsKLxcdI8RPzVQmxWNnPn7Evh0DaEd
2021-09-23T13:39:13.750583333Z 519 jDkfOGM2npa8bXuF3oJxTXcrqO7wCxHe8ATX3SUaqqjR45WF80iCk66xQI4w
2021-09-23T13:39:13.752614011Z 520 Dfbr7XzAzvhJcxPxLP6FXxiVVYgfk52MAXAc0bk5Ma5aeAq8T1Y625d3iNFI
2021-09-23T13:39:13.755111747Z 521 CwanybEjteFckGImtwvTAFjLSsW4Gu14ePRNNQ0xMu60LYK81fSeOew5U6cN
2021-09-23T13:39:13.756846942Z 522 MXIixZXL40JJXcK3PPneRDIyU08goloKr4vhoCcW6hCEvyVV95Vwlp4SVIqT
2021-09-23T13:39:13.759359126Z 523 7TRruOxp2VZ7fH4UwSgmBZMzyzpXsHmAEvVbW3MthytWmy5mwkcL0JxFJbpu
2021-09-23T13:39:13.761578332Z 524 LUgdVYT3v92rccfxLYWne1Qa0GZo4bcDeNAjGAXi4pmDRgLCFEaT7OAfQ07y
2021-09-23T13:39:13.764191836Z 525 p7F4VlzrggIzTzxTURN0cp9l2nKUkxKtsebD6BxQJf1MifGuC7qut6whqvxz
2021-09-23T13:39:13.766009029Z 526 IrCCFstQ1tb8nF5vI4vFt7LHmYAsbHifyqGpUf0dLQyqsqmIM2KdGHGZ4Xqd
2021-09-23T13:39:13.768755066Z 527 VtZmvet8j7vnPrkW8av3uETPaIOnZVCdUQhIhYNxgPJzEVFVrPiIAQvHmMYn
2021-09-23T13:39:13.771038196Z 528 YaUjRwWXrs2q4OlKnN4vKFw0Une5zuTyZ06jLskDC3fnctsGKzWvm3QspqR9
2021-09-23T13:39:13.773702118Z 529 XoxSdGAQxHh2DQYZLkeg2t6ax3lWhSmdMuKkSGeaqG8uNkrzBIaQ8CRudYrc
2021-09-23T13:39:13.776521159Z 530 S4Fp2can3hcgoAOJETgeeTFpJeZGMy5EQY6dzbsEmSzqKpbgusQd8ug2pSiq
2021-09-23T13:39:13.779411974Z 531 HvStgSQn7PgCTUYmKMKGQrnbSvPB8Fvfl8uwAsB0kjv7vnODMceDA43NRNMU
2021-09-23T13:39:13.782018748Z 532 26sA9C0fPM3lqZeOK9g0TynlxVcualjgr0qce04o7royRZHqc3OCCaTtpYPt
2021-09-23T13:39:13.784420517Z 533 OvxKHuMLIsfiA2nwzxACE1SYSJBlxNR8gCIV5lnAsLnbjnkkKlV7irZbxVku
2021-09-23T13:39:13.785684036Z 534 DUd13WD2K5kKBZ42hGJ7A1oq6CKsjSBE399qSPkDwsZ0mSvXXq9eX4HQ3ekT
2021-09-23T13:39:13.788676994Z 535 wGSRjvfG4h9HL5c4BqfWwGSMbM5AcRKWEPqTF0Zr78ooPeg0Y6UrLxqgMafm
2021-09-23T13:39:13.791715351Z 536 dBaXlNbUSVs4fGEh9eMmIt7GqpJzPIvOJs1Sscz8xl0v74H6Ngt9XByeHNWL
2021-09-23T13:39:13.794095769Z 537 VJnsZECixGl9yD9BfyUEcGXt4ZCTpndI0LgtJzM7pBQTaNVBvIdjdDwRy1CS
2021-09-23T13:39:13.796561073Z 538 Cko7jQ2moHO9SOTByxvcBr7OUnk0v28yH4hAUOMULa0Cavi2ucZsp6lPbTHq
2021-09-23T13:39:13.799308801Z 539 AG6zuN00XqRVjvO5KfDKnnQVzvQDp2vEuOtf77207Sgq0qBzx4oQNhmsg6AA
2021-09-23T13:39:13.800875408Z 540 2ShR7LDpdFVV9T4IwHF3iYXftsWU1ZERv3jP5tL2a03NX5IqTVIPJfWRXiJw
2021-09-23T13:39:13.802820703Z 541 X2lEihNz01ITfsI58GnYqcKhhA5E8DinoDRXWwAB2ZuZ5XaLWJRvTJkxSvmd
2021-09-23T13:39:13.805491511Z 542 gm5Y0YynXKjxsjkYigwEZs78XVTZlEbNehFtoHI8fcILPLCRvymHEeOI55ry
2021-09-23T13:39:13.807050828Z 543 BZJytYWPqxgnQFvVgaGluDK1DpEhhXFlQtngtKhVq9MeM2jL2QCPCXN8hVQo
2021-09-23T13:39:13.808721510Z 544 HTy8FypaeRhi3163FPG0JTPId3jFFSp19XjRc5Apxgn5V8aMMbiT5yrl8eSw
2021-09-23T13:39:13.811477946Z 545 hZfDbnGlG91Pwe6DufhLZwytgGBHWhZBTKlXQsyMkFbSwyiculoyDb6i95sU
2021-09-23T13:39:13.814100280Z 546 WZVHD7zdce3WkPj3KJRvRHvO4pCneHUTuc0hqPiGURiM9LwmU3wVFea9GNp4
2021-09-23T13:39:13.815956483Z 547 7G7fJUXllFYRxvoOmEMOwq8CYYYi7X71wtVsoHCRPzM9IPrcuGo2dZm2mddg
2021-09-23T13:39:13.818604036Z 548 5FAg1KX4N19AL09exWFPTP09ZI4doa28D0L87HLHf204PF0XqkS5tBCjJ5Mq
2021-09-23T13:39:13.820953927Z 549 wJdgnKn525ZYMiZTJZk9gILH1pUgSjTjrcKNlBO8nhzILOwnZ9hBU70fVegK
2021-09-23T13:39:13.823503305Z 550 7W6zkstrXyyfCkjubS2HQ5HwBKOn1wkjX5WB5sYVXgPNwkKiRcUxk9WOfs70
2021-09-23T13:39:13.825063477Z 551 ETFgsT84Kd5L9TFWNYMRNwnd7jUq3wcyyQxZD5gxbmq1n1WK6FdRduwlQ90z
2021-09-23T13:39:13.826691130Z 552 nod0vjIeMo2QC6yeInVsKglrgD4XqtOCuA8365eYtujb8oNHVoMVNkeAPAQG
2021-09-23T13:39:13.829044838Z 553 KGSUkij6yhAwLeAgJSYYbu4BMRAbGU48hDxGGIDlIcUHddR1H3hh9RLE60F8
2021-09-23T13:39:13.832950275Z 554 eAJe4v4Vg9DGNJUY8ipyezDYJfuBGV5mlcA0ZansnlzyL26BlF1Pjv6M3NGU
2021-09-23T13:39:13.835368283Z 555 TIWiYMdDlst3ysPEvYCDhBNjgltc1ZDcPIYv724bzBdVwG3Vdo13sdyLE8NO
2021-09-23T13:39:13.836889036Z 556 BoOyQ6v2V7hpqOgGhqLoR8WgpC1VUbYgqpTd6hKUCqxYCXiP4zmYZxiyR1ya
2021-09-23T13:39:13.839079702Z 557 MEz4heEj2HCr6ZgD2RDu8inzy0Jet3Mq3pADNBpD5arXHumh8FcO1VKrxfW7
2021-09-23T13:39:13.840648176Z 558 11dqbjJ6x81S0OE6GHLfazLDNYq7wss3wfQm1NFOGEsSXubkEz9ktLwRZYMg
2021-09-23T13:39:13.843257908Z 559 iOBFzvu2anJ26DWonFsBM5qduMv9QpoJVdk967LXWuEOGjrEJFNJDS6i1Ota
2021-09-23T13:39:13.844927753Z 560 6ddbpL6HzrDXIxe2ijpY4wjpQ3NB1Z9kloUyWHLxKCHdFVGvrIHzVSqh3xXE
2021-09-23T13:39:13.847242389Z 561 UndxLgDK7BU8ImWB5JherJBnKn1hWV71EVI79EPm4uFpvd4iIc9PzYCiwAb7
2021-09-23T13:39:13.849262101Z 562 uAtxI8n91lYfGeGWUECzQ9NhWJjOl24lQ1Ss3TaQhXJmvPcivDzmM60Cfd06
2021-09-23T13:39:13.850813929Z 563 CMmU4L5NRdMkW8VUEvqPGHnjgoHd5Sb2PY5Jj3SCl3gX7OTKum3oS3l8EFlD
2021-09-23T13:39:13.853568322Z 564 HKfWUvL4uqDqGx1dBnuIk9SaTO9hZLAeHGOCRX7dzR255dld8UkBqQ57op5r
2021-09-23T13:39:13.855104772Z 565 iCuMc5Q97T9KnqSarK8B7jWz9FKkoXKFxv1R7KJW5fE0Q527J8wSnlIzvNMO
2021-09-23T13:39:13.858768207Z 566 nZvebVvDfNgNk3H0aAs1YIMMPNZ8tZDIxd6pN0NuTLzWDgZBgaHhgF5CP05n
2021-09-23T13:39:13.861228445Z 567 lAR1pGGCC2guB1prE0x5nAlT1UHUlamyNITwZGUqWZOYFgZvnbxIqgeokg5Z
2021-09-23T13:39:13.862982270Z 568 GI2Jdwrjh6PTIKJo6dwHYDsQaI9G4uej6ct6G950FycxFrwYJlwzLoF4kajx
2021-09-23T13:39:13.865742253Z 569 E2RwjVPaF1DtEffXtX4rTFTX28kEXafD2ba1VIx4vdcifpQvwn2m5TgEXI5D
2021-09-23T13:39:13.868189184Z 570 6kbMQjaXZrycutHbBGAlHwUGbwMJthrKc6nNBFg2ygWjcsmuAx5OWzHiCBEc
2021-09-23T13:39:13.869658869Z 571 O5YITppP999CZBZP6Xtsg2nCHx2GgT9bX8wirMXoXl6Yub2NIf9gxT5Z2oj9
2021-09-23T13:39:13.872326988Z 572 gq7AVimi8G5RHdtc1cuFBvSzYyL5dIxLdAIqDyREV7TjRtA9smW07NUOAaEX
2021-09-23T13:39:13.874128381Z 573 N79JuT6bDzGCDJA4eFv6tww1uzV330nDBhem4EXwlE0xHVtlGzC9HIo6tnRS
2021-09-23T13:39:13.876963110Z 574 qzSCf8PxEC1SZ3W8EbOpRIxppoCqdiwM69TE2PKkGXxBO8lROlBNcd5Kgp6J
2021-09-23T13:39:13.879441884Z 575 1LBowh6gNnVYP83728OOTfeFIkqSnXZ2nho25Tg54zwzL4ayWV2DaA6Z9HBv
2021-09-23T13:39:13.881046341Z 576 QVn8SBwKmc6yI4mlp0wMECJxP3hyLoMLDsgzEUyj2RhSSXZsdvtlwHeB6y3l
2021-09-23T13:39:13.884774849Z 577 rX5Sr0WV2TMzZpDYdWtfE07hjvybFGuGwZ5X6jJ2aBehBPRextzsd6iJXMhG
2021-09-23T13:39:13.887589364Z 578 pX2sWd9cOHo9x10YJxsGIbZ2PGYuEORWeSgjaDoySFeP4JNitGMUf0bmrOmQ
2021-09-23T13:39:13.890664551Z 579 rcjyBoYUj7XhlNCtch6Aapzwz06d8bXBH5bydZrCXWt0onIm9TcwZCUVg3G9
2021-09-23T13:39:13.893020175Z 580 L94XX45sF07jeBUQVJaQ517n3zOWxWrgsYNUklurbcdZxx6s8I9s5FigT5jX
2021-09-23T13:39:13.894774899Z 581 vMSwj2RJZ8j6TkyyndtwMWW1dELCSJSncroIYsChiPvgcNpmoJhaoe5dRcZy
2021-09-23T13:39:13.896738674Z 582 m78ta1sSeLhIXEsMG2nGwtopyATbkTaGYtwBOPq2Tx9Axni3C5J0A7OoJNbu
2021-09-23T13:39:13.899577909Z 583 FSmCWPJVljfg5NTT27qQS2ObIn3yqrvhBRL9pjruUysp7RrDThxNG562otYJ
2021-09-23T13:39:13.900746025Z 584 hAMBQhcyldENwBefWOw2wQtHG1coplibo0dKhGiaMtAIJZMDdNqldwzaz6JL
2021-09-23T13:39:13.902616508Z 585 ZRheRQbbeUOKCmvAzoHaG3BjcIUDC2z53zh8l61ktMXfbbPYXsd3mYmL6hJW
2021-09-23T13:39:13.905323999Z 586 JYBIml4sOtl5PMWj0AiCAFGBk9sNraVWgyEnluoRImXySJt8BtwzeYrXDrJO
2021-09-23T13:39:13.907004492Z 587 r9rfd0rcKTHz2pzzUAwvLu700EugcBKMqit5NNzntvFeXvLSk8qbnSJ0xLnx
2021-09-23T13:39:13.909191177Z 588 A9f85adg3tURMpf5uHnQ9Oh8Gkbr4cTJuJTCH9KnPDn0AItYqQ2kMkQQPcy3
2021-09-23T13:39:13.911477791Z 589 28goFp7Jwt791qfx4wRf3NJtJrLSWsRzdGkutoKJoTnm8E6NtZUouQjmKxud
2021-09-23T13:39:13.913464146Z 590 tP826KzFJIUISSlva3oeC0HGuwyVdQyap85OyQN4a3LtxxRcvZl28iixJIIW
2021-09-23T13:39:13.916312920Z 591 Nv1JY5eSeFkpyqvQ8kWKpQQdn2KuZKoLwZ7WWt1fQ3zizXuD7hnTHV1au3CE
2021-09-23T13:39:13.917789529Z 592 9g5EfJCKZnvZKFLOei7OYSTm7lup7ezQ42i3aFjSVeJEOe2KBbzdw8dbjhkZ
2021-09-23T13:39:13.920408228Z 593 nLW8AnvmBAPwGMcm1fI002sMrcNah2CMz5ffGpqH3rac7GxiNR2y0pz3GKoz
2021-09-23T13:39:13.922006349Z 594 KIOHnpQYJpqqMH56fWi82bkFMwD2NxvrNKkWXeFJnkPAEOUUb55JJQNZT8Sl
2021-09-23T13:39:13.924917841Z 595 fW68sC2iyRhUAAZC1qQYvIneBa4TETwmoCUVB3TLcN9JmolJTcRehgiRcBZQ
2021-09-23T13:39:13.927697612Z 596 1x3AmQA7GYFKQedNyvAGTFJKqUjt4TwbV2TyMrproHOWFvVWgARWPUh6NJeo
2021-09-23T13:39:13.930126664Z 597 sK0kz0jcXFgLIxxegLsLier78d9pRbSMquUm7dChCAWWEKZkSNFEW2LPdBm3
2021-09-23T13:39:13.931825371Z 598 uhKcN7YOId3fkVeHqfGGwOwaxpbcZs8KzoZcMfqXr6mZ7NFNJhrgTI7wzKsd
2021-09-23T13:39:13.934450914Z 599 QW1ZxdNr8Ztx8TPPWWyNtJUIGDTxJbfJxQlD8A71hwIvr3QjJe2Yk2im3nPb
2021-09-23T13:39:13.937686232Z 600 9mErH59Mq2yMbI3lTgnUo5SpoYyagfoQd1qFjHrLAHx2hTrO62AsTVCNJCcC
2021-09-23T13:39:13.939633385Z 601 eIiNMbTE0OOs0s5gOuuvk9NykvXiILUPn7OJ1F0QxmpRNAYlluWLPl7hz7fu
2021-09-23T13:39:13.943818947Z 602 zGVOQEEkspjSqfSlXdEWS8TLJ5PURb0of5vltH2Uke83IZJ3NgNdRe1Ti0Lh
2021-09-23T13:39:13.946426338Z 603 cpGKZFNLSGVrKjMhaD7glayeDrO5YE826WfeaE4Y2x4gHXVboL9Eox8ov4dQ
2021-09-23T13:39:13.948164087Z 604 zd8OsG2KpVMYDYsf6e9JOs6A5NWd5vNexxQDfkqSLmldQDOEhsNAJF4ZFhPM
2021-09-23T13:39:13.949723568Z 605 yD2n1x8ebAwbFaJWcqKtnqT34AudnlMfBlYA2f0c5U9PMrqwmr5Ql1DKZ5b6
2021-09-23T13:39:13.952212702Z 606 UHl0kHNDkQoxpI1BxIA23pbw1izG95AFArazgv4bkyIQX75wT9DapW7ZdK0l
2021-09-23T13:39:13.953731213Z 607 S15n6iXjH6GpVUS5666IlKqn8u3rjhIJOUd8matbaYgiS4UGAWeabPuhIcx5
2021-09-23T13:39:13.956381229Z 608 u8LLp7JbV8h63JA1mQDm9tnCDI8HBvkYO2wSv4nm2T73T0mqKlxPUzp3ZaQY
2021-09-23T13:39:13.957817362Z 609 sAn9b1260vvXwM15574Itcc87JpXQO2Hu9P692X9oelrUBI9w20eIoUV7xSl
2021-09-23T13:39:13.960269995Z 610 biJGRDNwW4VJn3jACJHMcEsNrjP67tY8NhvczE3DRq2dDuKzy8XQEqU0oeXZ
2021-09-23T13:39:13.961789602Z 611 98FecGJGgn1Xbe39EOPefZ8BhGTngNlL2yFIydSyldvDCwLbhKXq5Vcb4c2g
2021-09-23T13:39:13.963777326Z 612 aNDWGLzWdhCijdyBL8CGwot2471S4B1koqrIC5qluxx6mp6RdUttfQ3rOBs6
2021-09-23T13:39:13.966408981Z 613 BeMnBawRa3GgFi1b0l5EXmgWM61ZLKVcxN5vAbqKZDVRwu7J9f5M7jp4N2Ws
2021-09-23T13:39:13.967861342Z 614 3w7adR4XvZngSxFzWcqmNatqjtxe2Df0AW1Hn44sIedjkwaY36uqdpI6CyoB
2021-09-23T13:39:13.969733539Z 615 hQJVBdGuTWFgUdaXsAxOY5uSTHYhwZedAc9xYrFmOGfASb8uDp6MkYXSJrDZ
2021-09-23T13:39:13.972069241Z 616 lLGkxci8giYulQ5bgLyxLx1V6lHPMKI8hfr5o7aH0fy0GRaYHBvp2g4iQCat
2021-09-23T13:39:13.973864976Z 617 pMh25gD3svov3D3Q0ODA6jPZs9kus2jlGdzJ8EbA5elVau0CWgbE5Q6oL3v7
2021-09-23T13:39:13.976445309Z 618 zQlyLGaKFel6Xfy31Ctsh6eLiNs0cWqEnyS0MQcOJoRAn9lQzUphsAzOhsyV
2021-09-23T13:39:13.977838966Z 619 3F8ltH0bQq35IxPc3BNkOO3Otv5zreV280J8PbjWivedmsUkEcthetUtw68p
2021-09-23T13:39:13.980438287Z 620 vOlcZzG51KDEWNSa98Q5YwUBZjSKaAMdlVjuk9Vw9rGdoxRtXRvTdFeC3Rpq
2021-09-23T13:39:13.982639598Z 621 5RfJMTj9GMx4Pxqww1Ps81vYdjvyZWUtNIejklVAIvAth7UKqW8YIbRPI0z6
2021-09-23T13:39:13.985212219Z 622 zhkV5h7GNJOBaTaiL6ctSvDswFE3MgZxrhWZMVYwCtaSMhLSWBYoRXmCAyTN
2021-09-23T13:39:13.986730349Z 623 Qa37c6bxkyfq5X1fuvAdPtcQH0H4ERbgJMehQ90mOf0dCBjRgportY65xDFR
2021-09-23T13:39:13.989123441Z 624 Yi2VNSGrU0u22whEtfpqH4Riz0leew1CGCzhHyP9tj1NNYJ3n1DWsastNE88
2021-09-23T13:39:13.990935049Z 625 PuwC4p5OBTRo7y4HpbXNUXLN5IRkThhvkdsUjPgjJktPtYDYQPaxHMRAJwZ4
2021-09-23T13:39:13.993629184Z 626 EQG4VyHbLE21ZAuZahuNzdb5yzaxpPqDtnvXs2sG9GZ3vt2bgZfzdctMWAOK
2021-09-23T13:39:13.994937304Z 627 I5t3uS2q52Cm8biDXX5MYCy6r844D04DCENMgVmG8Om4Mqz7DKlhAL3emmsL
2021-09-23T13:39:13.997507060Z 628 yqCHtLyWSL4ViH9DtfvuYkk15vSIw1yR1p0xICyz4YcTAvsN3FGOml31tjjB
2021-09-23T13:39:13.999040447Z 629 dB9QD8kdJNRTv1bOrQa8JUIVFRqkv4aUcjNKfM2XtI3nakPN6J62wl5Fy0GZ
2021-09-23T13:39:14.000767943Z 630 vhMgiMcPIHPYrcS0Ojphkq1nNqEjOHvICCv2V8ZXoeV9QMRvJ67gGATyu6M6
2021-09-23T13:39:14.003446267Z 631 nRicCrmfpFSWw7GSGbQCYiJ6kEJUB6ONW6kXTm4HNR2lPrEGxgmao8w1EgDS
2021-09-23T13:39:14.005307590Z 632 V6Oah2jqi15b8c84jc7LRPUbOcwIapFBvSIFSzDk2XrQFPfNarP2CD7UEV6Q
2021-09-23T13:39:14.006902985Z 633 lQGH8XxoxZH4GcJY2rvwNYP2ddGIZEA0wBTF9Sa4kN6CmYSgAJaYyEaEg84J
2021-09-23T13:39:14.009575893Z 634 0cpXAxoqAiIZKVqq9VqP9yXPlYtkHJ7dDVltRWGtbgPm69E4WoH5RIJJbWAs
2021-09-23T13:39:14.012449589Z 635 XoZdOK1z9gZHHPETcV0SVKSDvUUaOj1DL1p5XaMBydPYFpnz8WKXf0bARSXa
2021-09-23T13:39:14.014723745Z 636 1uyhRgDndC8Ok3tYlys9FIRl9N0wJHdnl2P8o8fPOOFq6QkRjiw5ePFODajH
2021-09-23T13:39:14.017341533Z 637 NoUehj4d6Vy0UgP2Am08hDUd2Y1bDdLkzpF6JNdWVGr6HZEqrzNr6Dy5aem8
2021-09-23T13:39:14.019853094Z 638 OXeiqOIA5HEI1161jEQz5XVXTlCkDdadcTZAUrdrb7SZu8k3Mq58JVSvQqfH
2021-09-23T13:39:14.022360304Z 639 ZkndBHIpDRsOdMTEymRE0M2FehMiZi1dmbO4406GXVlWjX18EZ8m6VwYkXET
2021-09-23T13:39:14.024759373Z 640 cEzgeUG6rXVuPTcSy7v39eVFiGbdUL5EQn2pqOuXjKZUtm6YzEuxpOTDe9th
2021-09-23T13:39:14.027263896Z 641 zTrIFdWmaVUN3LXanCDFsBtptyv3Q306AtSxHdHNX829hHedQE5fCmD1zKSt
2021-09-23T13:39:14.029592954Z 642 EnpPgxRJCsRJBk4p8fiL2AFgfPkMIi8TM3Jxwp2F97wPq4STqK4dEChqZ1wD
2021-09-23T13:39:14.031459098Z 643 BGTNG6ZhwNrEAJeb7nJArbsXoQbaQJA9W02Aaw7QrhJUErZhUgjiNvrJgsk1
2021-09-23T13:39:14.034790686Z 644 YVGDMYeZqckQ8hqartszMa78yFz96QgvfpcSsYF3lmDfQSMAF3OaJdkfRBs6
2021-09-23T13:39:14.037615641Z 645 iRp1EtcKHGt3andsutcNhswr9FntvwPNE0F9IafY1T6xRuI01KfxD7BVAOHa
2021-09-23T13:39:14.040457553Z 646 5x0uQOQPY4z6GPtXCrbqYgeTUvJzWFEHQMAeOv8iaAMdJYIzaP1fjHSuz15x
2021-09-23T13:39:14.042638074Z 647 hzmal6JZNckrGxS4iPGfFkVRqGbSEJrfflTP5FoJlIOSRLF9kVk5Kq61YiAp
2021-09-23T13:39:14.043760142Z 648 tJ09o6ofPuIu1ACIXrvGiLcZo6Lwav8XZMM1pTOY3BgoUjcWUqNbFucV2Ccf
2021-09-23T13:39:14.046484840Z 649 eRAnFJghsOFt7TaW3o5AYZ8s85aTU3bcPwbuCSzSy0NufOj3LDNW7EsDXgUt
2021-09-23T13:39:14.049493931Z 650 OXf6a8TXw466ZiXWurtuxDTM1uGU4k6iRRaEWQvw1004L4D6NUvq7jIrjnCW
2021-09-23T13:39:14.050725719Z 651 pMDu4o3xOjhI46cChvVm9QVDPxKjSMYLiII8q6CgiIJHAbLn81P1t6S2TwpC
2021-09-23T13:39:14.053458593Z 652 unsc2PtL07TTBdJz8DsQsLrg3H9midONNJnac7OJlJoamawndriTwqXAVgWs
2021-09-23T13:39:14.055313244Z 653 NseFgmFakm074YUBg3Qs6hT2SZlrb1GKMgfluMxYHLPn01V05teQ1FQazPgR
2021-09-23T13:39:14.057399903Z 654 K6IdFjp6Kcz4z2WVKaaKxvTPElQWnJZrev6cxanf1Z3xSF4WXyY2HWvgwAI7
2021-09-23T13:39:14.059693826Z 655 EB6OA4txudrb4wEmJMgGYa9uuZHq8bIIaRM1YAPTCi62Km0zBcOV5NGbyZM2
2021-09-23T13:39:14.062467503Z 656 uaVoZBSLrYKLgvThfcs96waKznfAyH9c4HfjRMKduFJHfQgDFIatbLGI5DAB
2021-09-23T13:39:14.065351105Z 657 8saUmvsrVtGfU2HbTlEhvBrXTetK4CUF2Ybuhi6v4mVI40dnf7tpSY6VY5EF
2021-09-23T13:39:14.067017163Z 658 xIFdkISyfVw7bLiJBZk17HD5cRg2N4l9qbSyqjbqXZZPwZKdmarA4WBcrr3G
2021-09-23T13:39:14.069576476Z 659 9jjGdN5sAktodEVPz9ZGXQsFmv96PA7NHaZLSBPgTB7F0kd0kpXaQNdLJYd4
2021-09-23T13:39:14.072246004Z 660 StIWI42li9RI5KYt1Dj4Tc1igngPdMvXUrkuJFGEO46FTuaUvEut7t0GYyeZ
2021-09-23T13:39:14.074041600Z 661 QZajWHMkBh4SHRnDd3i3KhhFg2XpqpfVTChHeJvhgsUyzYHADHAnKpnxd24y
2021-09-23T13:39:14.076824599Z 662 ukiKV2NUmhW3hfuj0XfXL0rRfqPk6W6uMEEc5NSwWmQuJiLu1AWI7fkYdFnt
2021-09-23T13:39:14.078927647Z 663 pGQEbrRHYMousfRviTUjK3VXZFOQr2ZgDl6xa4wSvmOOxbhEYzHPsLqV6YwT
2021-09-23T13:39:14.080684581Z 664 unikvVIV8HQ8nLIqn21Q6cQacsDV29upLIm8aM62mA537g2j5PHuTJqGBzvT
2021-09-23T13:39:14.082880869Z 665 LXNmU2jTVoljGMV3E1aewbLmT1HLLFUCSbmKHsr3qFtFiL3oLdBhGuWWtMXb
2021-09-23T13:39:14.084693929Z 666 ZLEeurIqppYGRK09wwEhsle9qe1uNxeumJSS0FFi46sZVAn54xSeL4ywvTrV
2021-09-23T13:39:14.086734798Z 667 xRR6lfDj00BaVrYEw5M2enZ4qt3EgyCrJJ6V9bbWN2lXDIg7bTrrpof7t5l7
2021-09-23T13:39:14.089653128Z 668 AO9aHRdpXqgaENQ4OUtzpcZkOlFKIgKwLTyakSc811y9pzIjMMBYoU9kqHG8
2021-09-23T13:39:14.090975590Z 669 hF2nU75CUkbJsWjciNXm4m2J2Bs7Op7E9gUXswcIHfLChvu5RKw2K3M0XD6R
2021-09-23T13:39:14.093096974Z 670 kuBEnZdx5wTI1IOLca12f4y2dU0Q9fVzvbeeKNzrfF5oVfTsCDYuFCOcKLX9
2021-09-23T13:39:14.094880938Z 671 DH8h8OLDUZyAPOmaPK4f8HmQlyAYPYJjFjni0Ma75x2alWMb1s9JsD1y62mm
2021-09-23T13:39:14.097704515Z 672 Iz031kOAGcYwi27slTRVPkr3ywa2XIgUSkV6PAwz3zAhOi9O63BRUJ5GCUgE
2021-09-23T13:39:14.100133084Z 673 6NwyeLVDvio74JiE20RIN0fevAVJMM6xIlvygisYhjHrt8JHvEkgLjDFH7UW
2021-09-23T13:39:14.102697668Z 674 SzU7Y4vOiwUpiLmTRMMV84b2ISocaqFru05VQZijbHx7Q6rBvuEsDiZZcMpl
2021-09-23T13:39:14.105354001Z 675 ehfp5pFW2veIkC7ywY5s4PyFLKZUJ0larhnM3HjD8IXx4obs3Pkv7fh9N1tp
2021-09-23T13:39:14.106665627Z 676 bM6MksiXOn64yiZax35YLN2183STNYOkYRICPEL3yApCxTWnB6l5Z2F66SKf
2021-09-23T13:39:14.108629624Z 677 eDt88f5ICbbhs7zl7Fs9GlBCYQwsjrgciUOdnlJG9ifEQtbhIS9obAXwpWkd
2021-09-23T13:39:14.111528248Z 678 Vi9Lmq8XzANxaNImyrnfywJvkJGLLuipaxnGWmHYFsVG4ZjkDwDqtRv8Z58M
2021-09-23T13:39:14.113616926Z 679 oDzuhJNtvN22c4a1OU3DRur0JqIoTU2aoq2yvbpNy1T07XWNKNnIeU82tcWE
2021-09-23T13:39:14.116248264Z 680 FRyMEKdl3i8wOUXEakRdTZHXC5mVJW611Wx1M5BidcoXfcrXFpuDLMMVVTBQ
2021-09-23T13:39:14.118649102Z 681 199keADv6ie3vo7tz3WXLOUZb0iziqJkII83sD8ifvQQECj3CXsxim2MZBmb
2021-09-23T13:39:14.121392050Z 682 tQdBfWLubmxzhzD5OKPXT4w9itx1DNRMIuPAINnqDOEyso7DOoDglgSAYyXO
2021-09-23T13:39:14.122852513Z 683 2TXrCVxYgSrWsEpQBGCcShdOOgQ9lZ68v2bwBSLWNIxi04IgdqemGjLcHogz
2021-09-23T13:39:14.125226965Z 684 A5FfmiGbz9yDqCRCNM4c7DQMPjPOy8fuSZatakrVieAKiUHuSDWRlIDlb3QQ
2021-09-23T13:39:14.126792632Z 685 itIlpxE5qLVhETAt9DKPnrYsrt28uAd29VPXDiY31rt5a6djsWhiyT1PmqM9
2021-09-23T13:39:14.129639142Z 686 e3Ao7nrRwmJDqNzF063aHeCSCGpIYc0udo1y1WF9pc7ejAO6jhkkifg9xgMT
2021-09-23T13:39:14.132483562Z 687 C9RVFBJ4knG3MvJRr86fVnschcTiJs9uvdsbCSxfkR7QcSFwkvgambUzl5mI
2021-09-23T13:39:14.133926110Z 688 R8tBM4f9NKc9pZtzK2xdJ6GCsmu75Ma3RDQIPAmKbwfxNDOLKBFO2inLUoPX
2021-09-23T13:39:14.136296095Z 689 cWAb1OqZ8xbHej5yknUlZQyycorF7ZTzfzGEC7p6CnyFcF4ei17VzDpr0Eq3
2021-09-23T13:39:14.137856818Z 690 ubnvziuCCeAj9clCNUwh3OlW9UyOMkzRlp7DTyuoB6mKSKPS5y4hpEWtAiyu
2021-09-23T13:39:14.139972039Z 691 TUgDHGFegZkITSkCxef4nTj07Xac07gWeYrEfTaiiqZ6IQz25T7PWHQ80clA
2021-09-23T13:39:14.142149903Z 692 K5SV0pIZAuluwnviycX1Pa5TPqYMmQM2yyhNypYMZxNthuKHAMFrJceWU9Br
2021-09-23T13:39:14.143764962Z 693 ZR6ULKOdyMI7sJIT8gWToMN9Qs9Duhb86iXipuj0M2S7ZwRMY2FT0zdz6IAt
2021-09-23T13:39:14.146179398Z 694 aBkuJCSSszmf2kz6k3ShyuXhMKi5f5zTBIJ9xIYnqh4fITmBHfSC3dzjsUWs
2021-09-23T13:39:14.148568900Z 695 Mbn4LSoaSWDoHdh4medB59TTlRW0pDFZjp5UJl2qEEOEEjmCKag18JmzOoSI
2021-09-23T13:39:14.150102907Z 696 nLrr07aQbOZfa1IGkKwlANk3BP9QJPVMjQGU8doKO0HTu1obh2MCYAZJJwPz
2021-09-23T13:39:14.151959162Z 697 73WIVDrL1PxJQ8W0jl6EX4vlNSlRKhyKcvw20jSKu5SFpldUfH4eA1kRnVzW
2021-09-23T13:39:14.154753438Z 698 PmpPZW99IioncyOgqlThq4oK2MC0fGsw6hROCv6P3ics1kLgBLsQMAWGQ1Gh
2021-09-23T13:39:14.156713248Z 699 oz9GdaDuUI7Z8bJ36VvxEahRmktX0hRJjmtDlEtCUAcmzhV0LzEhNaB9nCv4
2021-09-23T13:39:14.158687239Z 700 N0DBYabDumdbiyhPz94l6N8wSlC3t53AELCOFPN1xcr3lepLNsZue8fjmsiL
2021-09-23T13:39:14.161486130Z 701 K9G1DXl0pkg0uJhH4SUPrU9pHDf1YrSeceHc9f5GpNPh5oisMJf1cVWsJoZT
2021-09-23T13:39:14.163637256Z 702 MtLlpjxe2VpjxQ5ta7LH3vlsQYmJ1t97j1SHaSe1CZkOQcow8sxVVBwFwfzH
2021-09-23T13:39:14.165799036Z 703 x8oj66xNgxukuOdGcVisPquTfagXvLJRwZu06NH80iYRBVALdOdiWOPuATsv
2021-09-23T13:39:14.167863973Z 704 cLDIOgbl5mrcyeOsZCUGKOO0OyVXb3PsFaDF5rMqosJ8LnWapaKomvCEFSLa
2021-09-23T13:39:14.170091254Z 705 MoFWzVsFuHZ9D55m27VU5nKbrLSQ7BT9ox3D06Ve7P089TcOF4usgW2stS6w
2021-09-23T13:39:14.172268992Z 706 jM9Eu8iZP7fPMLRlNNtyfd8XCKCxpwNcd4SqvhvSFxIkhNuRVLrtxXhaNbnI
2021-09-23T13:39:14.174432945Z 707 0KaO1l4VHJuvZsUhTeMTRrLq9JhidsPsEbVLHzbhNdsbDAZ3p4l2jan2ph6h
2021-09-23T13:39:14.176573689Z 708 jt3efBKKZQ91AfLNUGDF17wptbIPUWQkAHNCHTVYMHc27zPHxEFCL2iLfJl2
2021-09-23T13:39:14.179110709Z 709 YhHrHgO5Aq1R0Sa3Rrl1tcY062m2d0uaAsc1dUoCGvmZqNaXnkNbx9FJsEDb
2021-09-23T13:39:14.180974929Z 710 tWjYrRBKumxy4ol5eDbZsN0xKcfHuACRR9QBKAs2QHKaSNBZx3aKtF7yDohD
2021-09-23T13:39:14.182690455Z 711 QeUPfyhT2GSuoP38KOyLo9AWBOVQ1qLPxRlNskfXS8BlYH0HTLPsYbIHaF1S
2021-09-23T13:39:14.185415675Z 712 0ewxMjhQtWwFw5ItTWCwOj92y2sjluyM1MUiAYbBocSoXlIm1MApC7B1B6K0
2021-09-23T13:39:14.188656451Z 713 Qk0vmuSFiN19R29pCMbwuvjimmXRdLxUHXzY8L1TDDMoxrFUE5OkbtoutIB3
2021-09-23T13:39:14.190629357Z 714 GbsaAttenbxGYPyLy4lXBJ8tYm2rNnJ99jpSQBZ0odpG1c6QGm4xzRuLneN9
2021-09-23T13:39:14.193554290Z 715 Y5rno25ONdFlPjYz52cXvRmoOdFOufM2cPTOSXbZn1CRKgTatrBh2tNZoGbt
2021-09-23T13:39:14.195902616Z 716 Llb8IYlcL6V7sUlBy52qsCrmIXtiGfa53AEN6rTSoB0fRIHjNzbV9Tv9Nmyo
2021-09-23T13:39:14.198095233Z 717 AhBzPMRgeazfQyWkR8h7oraUzOho0FdCJDdZtqbHhHVZi8qOHoezMV0yLUrw
2021-09-23T13:39:14.200657143Z 718 ZOkMPsZPiTgk3s8dF1iaZrq5kZUw3fjEqlwggba1sUa4enHXvZtUR3QpmrJT
2021-09-23T13:39:14.203322718Z 719 l3LrRpkX9MmjL66BGDiAnIWYGYllaFpsNUUWko64moOg8b4lshbrQqjLn87G
2021-09-23T13:39:14.204735297Z 720 eiBIK4MsKt25mIxroQdtR2kAhV654GmKdkw44trfANymYWIuqJqVjFIKBzgY
2021-09-23T13:39:14.207257418Z 721 ilQXyJnkYrp78bccGmJnRO8kISHIdeeMecxIYHB0JTu2yhOKAcIxOnSKOoMw
2021-09-23T13:39:14.209670239Z 722 o4QCWyNdJQXfpd24ELPBXB0szVxUNUlKe9J9PEQvm8jZukHqyT54XErAdJCf
2021-09-23T13:39:14.212560326Z 723 TJz4qjhNsxgHMFejZMmTKiHsY5lHLXGBhiYa6jIUoeEov5IHrfoVYjU29rW9
2021-09-23T13:39:14.215281341Z 724 Rhko9R417KKQDcIsvPFmxComO90JWF2c7mGVjuRyAsoCQcmm3A2Y7OglAZqt
2021-09-23T13:39:14.217572219Z 725 fgoHSpAHRcQ54Av1g3UqBdX8VHvtQXTgVfJP8U7kyjsePIHBl10Qbfrqkukd
2021-09-23T13:39:14.219623538Z 726 yJ8Ekkidvlq9sTOnBeqtxyf4rVBKTQDZfM223zseO78HMO8K82c1sG7n5M27
2021-09-23T13:39:14.222839337Z 727 FkwqYPc19fV9VFCmCtrHxQ4zzBczz4eNI842oSbw4SdkNj9Z9zlMEB1REeJa
2021-09-23T13:39:14.224600029Z 728 LB3VJsw1xB0Tk50z4KH61xAVs2hyaZ0QyhSiwxMjaMhE47qsjTfTzUELF5MR
2021-09-23T13:39:14.227766867Z 729 vO63JoFXoYkHQG7lj28xbxRtbPWTVvPNjgRLLJHHSM2htlCD3RD1MBSIURex
2021-09-23T13:39:14.230618242Z 730 zLbyXUzAEkZxoWSYNYYWVK74FXgilOUPy43WVFN8yZdAC9Ma1TcQwHGx6U4T
2021-09-23T13:39:14.233670179Z 731 tto9NdSL5UYDUgcFljgpL9GSq0E4uhy3SKvs7DECGa5yU8NGJIZ7sPBRz9oM
2021-09-23T13:39:14.235930142Z 732 yTS9WHnGnmGhqRFpzulgTPpzXtf5fzRmzYpQVt2liOamguZrMY8xSN2nDRnQ
2021-09-23T13:39:14.237751452Z 733 Io3l7pFvrzJS0Gj9l9k83p9qjVA0nugyGfvY9gp2N6a7WTKfAzwqnMnSz8rx
2021-09-23T13:39:14.239752173Z 734 syrHHSGX40A0tJwaTumowrkxyVT4j27qqjGilOfuRZgeIMsGwoOeYK0xjGCh
2021-09-23T13:39:14.242038045Z 735 74WzxDRyUcN7GBaJzM7BZwrvnZ6KqfvKrJb9gJI3pGTkNI6Dwsi7Y7Is3qPZ
2021-09-23T13:39:14.243685991Z 736 TlqedKpWQRDAXXzGXERfqver1HeDCdSKpIPWL2vtPZVeXYC1QrrOvyyA1aog
2021-09-23T13:39:14.246624457Z 737 Xhpw4m7D9km4o2EcAYqVYYAoqfDxaIc74RP8dHU3fg9IJbwA8ONymdvuXdxh
2021-09-23T13:39:14.249193460Z 738 xYuCm4dNZTbYkdrlzvyLtACtXkKT5PVfer38l8aXN7nvmvvi93SDE8j77LBL
2021-09-23T13:39:14.250888538Z 739 pMgzN4JL8F9tIsEDMCVl3dsbEq4r4nr0LPbBx6iCJwiWPmMqs352Sb1NSiYb
2021-09-23T13:39:14.253532171Z 740 VaM54A0pzG60oQA54ndKjzHUHPnDKC1WS4Idnp1MLcY5X8ufmnaBjHYjZd99
2021-09-23T13:39:14.255763206Z 741 tFMicopl3nfyaBcgmZ0VCjDg8gVaeIG2hVcinLjJ1Tce7F7nxhutkn5CBBPG
2021-09-23T13:39:14.257624418Z 742 c5JoHtJqpAQfh5t2of85U9Cjf4FbK4tyc9CApfz4A26chLNdTLM8kiqYcJCk
2021-09-23T13:39:14.260927087Z 743 SPEght5yFXeaYy5oDyRXxJIb2iZWEGpbNW3NfjRhUvYqA2smbju1EvgC8xNo
2021-09-23T13:39:14.264469088Z 744 5s8jOZIUxNYegfQkAPvJrVOW59vi1BAiEs9jIXyolAm8DEgmoZSywMDGKxxZ
2021-09-23T13:39:14.267696367Z 745 NdBC0NFpblZhfQNTBmJvdzMiclHSS1iKJBhkYLdqNfoJSMSRhgdlbsaWxdsL
2021-09-23T13:39:14.270638510Z 746 BmfwsAHKk8QTc54bEEnIKrgJ6JYHIhv5CbUj9bfRc0uxuU5qCd1mSGG1bRG0
2021-09-23T13:39:14.272827963Z 747 u4MQZnILAtL0jz57HKSkzLkFoT0w9h8XjKQ0dSUNbMKrffx5SgtdHy9FReJb
2021-09-23T13:39:14.274768916Z 748 LkSiSW42BdIWDNXgY6zmOwdWX9s9Y6GewgPGMZ6NF274lw7ElFWYGcSFMXbm
2021-09-23T13:39:14.277136250Z 749 x1Qzgg4etDUO6dVZmd5E3mFfqD546zLZ1rqx500rHikCctjNNww2mcamL7CH
2021-09-23T13:39:14.279674202Z 750 GJmkIPI1cu2heFP6Wu7CjZql5IBBjKCFvFiWzXl1lv1SmMy8nDZlySvAWzEu
2021-09-23T13:39:14.281635450Z 751 ZOzmSGloXEMUDQxXLG3ZPTNL4rw56c2P5ecMriu3TbjZ6teFM8h8U9HUjL4P
2021-09-23T13:39:14.283776904Z 752 RUpnxf5JNvia0iAj8499h7UmN9YYzfwQmqPS6yzzxgi59oeV0GffrpL5BrJE
2021-09-23T13:39:14.286601351Z 753 QCvBOrwLhTXpYrPpspcUg4he3Gpcw07XbJWs1Eq8LwFZAGJW9cgZAXWvcyam
2021-09-23T13:39:14.288579922Z 754 FaJ6zjBuE1CnZFFjXejF9uQgZ20umQmfRA475kmlvBmKyamhEbwice9mT8JH
2021-09-23T13:39:14.291646133Z 755 Wpx8EcTyNNYftwAoTtHA8vDU2DS6tVioyqIqqQV5RfCkpvLBeiPwmdrlpHw9
2021-09-23T13:39:14.294437907Z 756 13ieIacbmq5N9SxgkkcbwON3zZKUUxg1yyoFfFjWEaMjLoHtbDPvqJXYD388
2021-09-23T13:39:14.296909416Z 757 cOX0Nn9fuPkvsvoTYhvnFvazqSiVwxh4268c3Y1aoApAqrq9NJqrYuoCEXBR
2021-09-23T13:39:14.299361776Z 758 abI0yOeLsf6mo1VBqEhMQv4nke5l39uEFenHkOvOzdbgroAl1R3E3OUp9ee4
2021-09-23T13:39:14.302025089Z 759 38BtJJkDqJvWeNvFnzfoNIUjr3Gwbnp9jUsU4o4l3i7OC3CcWDc3m4wDWrNW
2021-09-23T13:39:14.304739261Z 760 vC93bie2bT4IIsJaOxSBN7OlJoys2uHMCgCmM28R4tM855zpqDtRzUyrKB7l
2021-09-23T13:39:14.306687011Z 761 XIU97wpOV9FBkERXhMeoq6JCWNVtuCMLDVZnLfJWWPv5UU7W2JW69Ns8DrIQ
2021-09-23T13:39:14.308713218Z 762 hOtypJ16bcQNnHEOLvIa8nJzi4IVMmAE7tQqEAvv004EdioGSi7wcUw4UOC5
2021-09-23T13:39:14.310883643Z 763 Ez7P4tLX8M7cGcuryoshCSF0x0hCgz5T2pPX4xIYLHTS4bw9iZnznhrfQB0U
2021-09-23T13:39:14.313678298Z 764 6oZZegObg4iTvBm84zocXgd80KQWcc8UPeBwIgWB7SNMfGt7qIQyO0dSgvOv
2021-09-23T13:39:14.316851405Z 765 aLCLhcuMlkLrNas4ikmdcxH60yJamhFvGIu1YbKo2T8MKWcd2PymQFMaqnNB
2021-09-23T13:39:14.319254960Z 766 wgQv4mhjjI7jyoPp3TN1qCf6M75vchCmAYve1fZu6eFwDX1UqolwEhPhpmJD
2021-09-23T13:39:14.321718022Z 767 cJXx3OkDCiw2F7jpsbZwyBLO4Zn9VX22mv2cxgieUA9JOEwYafyd80NMAo28
2021-09-23T13:39:14.324447090Z 768 BJTvIlfPNHZYwk9nKN08V4NiV5GRpy4V2asHWBBGdmVUo3oyD2RF3iVHUPSq
2021-09-23T13:39:14.327516047Z 769 WMcXuIHr9Q4zzJgIc8cbjy2WqrhU33ymXHRzfB0O1meNgHZDuA1RJKWM8X5P
2021-09-23T13:39:14.330534122Z 770 ZSSG7mcuvsozjrwiYDI2aMfnZbSuccWh3B4zSq5H66qqplFYRXmOsuScaN5o
2021-09-23T13:39:14.333430709Z 771 PHlRR1trXxuxFwQjePWZnJpyd4m5Ihwh7mnzhSHpbOzxBkOT5EEpqk950pPh
2021-09-23T13:39:14.336345713Z 772 2fMYVrLlb4IoF1YbapGXz0DSC8di5AFlwzrqwnGylHD0gYuoy1iqO8bheD4r
2021-09-23T13:39:14.338305930Z 773 X6ybUch0Ktiv9l1goeu7goVMQZ03xFo8McZWXiD6jKlT04Ia4FJGk9FA9HxL
2021-09-23T13:39:14.340943554Z 774 hFXb3y8kIkl2uev4fsxQFRdQ9e589SfJH3exfHDWIZUzLK5L0GGZ05AZDvnE
2021-09-23T13:39:14.343368895Z 775 ijbBd4AIQjrhVUJqdX4DUwf46OHEmvJYYwZmZdUwumcIa5kZ6xVHC1jxiMoB
2021-09-23T13:39:14.345753636Z 776 eptojxgpJNfQLfQXnEUcshhsMisROtz1Utj1FfKmg8tsoSoeqouO8hvvVlhT
2021-09-23T13:39:14.348547947Z 777 pocM5jboPqUA6UsKGBCvImOy1bycROFTaBhvLWt3xJYf4SsHzI5Cg1DKdy8S
2021-09-23T13:39:14.350624180Z 778 M4x0yobzSkgVpRqjQdLZXkIcJxDLpuVJ1UpZ1O5xnwdlAF8k6gL0tNEZgPqE
2021-09-23T13:39:14.353386580Z 779 bywsw3iBMAByUORJP3uAhlu8NKTdCf2diYEMnKH4JBS1aWcr3waC4EiE5OZC
2021-09-23T13:39:14.355937611Z 780 VWgdXR1av9wOlR64R1z3NMNChebkfZYU04QXyI2nG6X1EIc1IE47cf0Ij1hd
2021-09-23T13:39:14.357655717Z 781 6F2GZhwVPaPFpBImRN2DKdtVmBzQfvd4r2fkP6ZpT3iqjVEWSfA9Z6DjHrWe
2021-09-23T13:39:14.360166000Z 782 uihiCdsIbfLrbk7PPEUQnN9dgcAjdnrnqBnCbtCozLKZ2PLFsf8SaO3dITsB
2021-09-23T13:39:14.362641296Z 783 XBSRBTVagrOqk7wvgS7A5y7zkKzdbBguvG2yAarPfxErykvrt9D2EJGIsWF0
2021-09-23T13:39:14.364838597Z 784 XJeR3IO6ojFPxqgAc6O9akbDS8nFRRWQswZuOgNgLlNFBhZf5y4IgWQtmprU
2021-09-23T13:39:14.367237743Z 785 JCtrBMvpHhTTcYXk2NenoaoMmW4RzWQOGNxWFjeReMkyT0ceKBRaCBraimoJ
2021-09-23T13:39:14.369617356Z 786 risPblycbvSx8Awd09gj9EA2mE5kdqyLkmGmc7r5qDVHX2zQGv5knmdt9Nd8
2021-09-23T13:39:14.372304249Z 787 i6x0MuRege6hbF1hkzTJqVQaZN1ZDv6lId1fSv84D739T3pSeMrT9o90fxyR
2021-09-23T13:39:14.374200820Z 788 KN1gQ5P05vR2DEsDffTPqPkThSKyMMAWpYH7iwCWZhiw7S1e8REQHkRlVk8G
2021-09-23T13:39:14.376708787Z 789 zTSOYOM5xDcp9QKJHpgNzF4cQDMXmRjfm50bJfnTdCfUxq8YyRA1RUvp4dcq
2021-09-23T13:39:14.379064160Z 790 qm8CklHhBMcvy1anL8xzDpqfDeGj7f9IC4uUcWnF7p7l5i0qbjMb0yHLQUe4
2021-09-23T13:39:14.380796735Z 791 xqu5kZRvN7DzuLkDAqsOh9Lc7KGkKFRacD8mhVguhQhh28c7eWs4g4ZYtIRZ
2021-09-23T13:39:14.382852166Z 792 rWTWUDJVdvLWq8mwuGXXfCidIw4RFKIQuHkPfvqLqPfOqMgbGlhonZWIU3Re
2021-09-23T13:39:14.384626684Z 793 DN1WQ4VlVTG6A9O6C9JUEWeLUPYDT4PtfTMpFoCzqK1kMV4yz2iLCtrxUOsW
2021-09-23T13:39:14.387075259Z 794 tYoLEj2NGAJhvGpw9LmLAATHK4euzxeDmKpElFqHYip9RN46WkJB8iuMfkUZ
2021-09-23T13:39:14.388861960Z 795 qRk4jS1pObEQL1x18PakXlLQa4ZphLH6JLLhNSizLAjD530ut9zYoWsHu6pM
2021-09-23T13:39:14.390721041Z 796 5IcLNzk5vLJJdOc9YL0veb7eYLDAL9s9rG0KCtTODKq5uaiGkcTM0p1Ee4q6
2021-09-23T13:39:14.392724535Z 797 AAiqLrLqmEszQVAJkZ54ISY2TRHZMMdUDkHOte0b6pcjxj1BPnv7NnGbG9Ki
2021-09-23T13:39:14.395654927Z 798 HMR1Mp9vv2Zrz45q86SJKLAXN4SsLVPRc4S8rJvuJ4S04tDjvnXkaLRv1lhM
2021-09-23T13:39:14.398915953Z 799 Re2RJkbOIDWYxpPlq0WtkCB0FgLReWeJMs1vE5qJ0jw0VAJVXWhruQ4msFmm
2021-09-23T13:39:14.400737630Z 800 rcA7Uvc6Oi7rMQFniBUAPq36kAVonTny2OooDKqcbOluKuHXRvP5Tybo57hQ
2021-09-23T13:39:14.402713629Z 801 IZxKw4WoYcQvpykBFpryaMU5Z1gxGGi5vmkU3LHUpipQ4M2iHFr4h5YRhUZ7
2021-09-23T13:39:14.405417524Z 802 hQKU9EGcruI2Kl1OivXf7Ud4NC5qlnL0As8ld7DLVG2SrzGKSsRi24plFCXO
2021-09-23T13:39:14.408228075Z 803 lvjNlO3dzZFT4dMP5kYJAbqhGhdaJJ0U5h3bW8vhAYmLcBCq3snaiwwpWQGj
2021-09-23T13:39:14.410747460Z 804 BsxFQiJKka8p2UacuMpK8C0NcAfZUX9ElUjOtMNTFDAlAaeEVCwik1RuzGCA
2021-09-23T13:39:14.412970725Z 805 oOXNo658fTmZml128AdSyJQus8OtVktxwf6f5FvX15axtvsgYTqEbkgZHxrH
2021-09-23T13:39:14.414883670Z 806 O0IORw60KMvFQtD8IGZbkQJxKLpRIx6DToe4WYQ37CJClFzS5vSQUt7xLZ4P
2021-09-23T13:39:14.417236752Z 807 JSjf6Y1GtbsoCeFfZDZ2ybGZpWdmDG6tzuZsUaAimRSemSKNm3W7U2CToEjX
2021-09-23T13:39:14.420320529Z 808 vYjpVhF9X6RMzPl4NAs1Id14exzpiygPBhIFp8ijviML88X9R23Bzq2aI2Y6
2021-09-23T13:39:14.421977722Z 809 Ezdlf0GNiIDu6gcZQDiubyRNVUGDmq7VgXcsyLgkH2o1ZuHKcakbeMShRtb7
2021-09-23T13:39:14.423908971Z 810 SIbKWnmHgGRpMDrkuR2PwbIMQ3N4NmoRnw2Fom41gkyedajqXfCU5sU4WUTL
2021-09-23T13:39:14.425984560Z 811 fPUlM7FqtI95Yj0eK36YfmCQGj1LgJTmTpZke2GrYvKJqv6X74clcExQIhca
2021-09-23T13:39:14.427894277Z 812 HQOQQkvMSbHYenutVHekTBhmGB9Dijrjc1LGwWSwndmUajouiUow5jjRaSX6
2021-09-23T13:39:14.430463068Z 813 UKq6bDyAp5XAmA1o6ErHJgvztws5MFvf5qxRUXffLE7vwgKhrdvZjkYWdRIN
2021-09-23T13:39:14.432702342Z 814 KVRobUuBLdOHVRqf4o82cPfMqHY09WIRqlpzG8c9C4xaMAbUdIwEzmJyx136
2021-09-23T13:39:14.435134463Z 815 ONMeR3dF4hdDpJvgMqF3vTtUDCskCuVDMyBs9VIDFWCA8E7z4A1HYZ8XHMQZ
2021-09-23T13:39:14.437711726Z 816 SdyHYj9pdq0tTvbf1ltgQ45WTInU8c8BGb1gSOIhon8kkFPkmuzgk6RpOBA0
2021-09-23T13:39:14.440115156Z 817 mPJH8LeUqQkilCURURZdM7RbQjZhAQtjAFNwH1rXB5nNs7F5Bt6ZyeK0ArE1
2021-09-23T13:39:14.443074470Z 818 dzULTK26rs5o0jLthjzSPQqPrUFFJ7qc3vwpqVg5Xb3SwJ1sMqfhp5pg7Hfd
2021-09-23T13:39:14.445519729Z 819 qBqQhl1x5WivwvbhtOO0tV1bEDnj31XOiynMdCskQ3UD5Mb2EhdhtQmPcZJr
2021-09-23T13:39:14.449443566Z 820 LrpuxTpCh7ngEehEThcLRT53DxnnhClM6Yblp4ZLybnYXT5COj1A306sIY2Z
2021-09-23T13:39:14.452370687Z 821 21DC9U5UbPaqfSeBCQFp2whyIqr6HQC2gNwkiDSzs49OL2N21Z4GtAI0tPXl
2021-09-23T13:39:14.454873455Z 822 nP0RpJLlGaD3np9ATUVozBtzw2uMU0j7pKVTTAWvJUDBL1hH2CqRY5Oyz28R
2021-09-23T13:39:14.457370625Z 823 yMNqgpTB7n7XfUJ31EtX2WaIrpiJKwjCIWzQ8z1C2ek1L3giXOakf6ydSH9E
2021-09-23T13:39:14.460626447Z 824 gYQn7PaRXL7zxpCbXdGIodHzTGqdvu5Iub2wLBKFHMCKUgMyhj7bFlugmOGK
2021-09-23T13:39:14.463670758Z 825 vvQAuH4jrWBkjww5jKz4g1LoVtZ8Puitoo0qg6ZsulOuPVag54aNiTpdwyuR
2021-09-23T13:39:14.465657158Z 826 VACsU4bJg9kflMGFnpTjAxSKNbVwQNFb5HUHHg7qNO0AYvDdpaDGfEEGu4pK
2021-09-23T13:39:14.468148020Z 827 n2z55fPXCEzuFWvHSETVY0EQWHK1UN2RnH3KvqerUzgASHmLLP24CyEhsfQ6
2021-09-23T13:39:14.470774375Z 828 GwL4Z1iTDUI0VUdiK0iR3kvGHFDcZY3z6gHlnvIbQ0aiYbxTqjXQhYRNHjSm
2021-09-23T13:39:14.472972717Z 829 fVFS06FNIpCvB5KRRRdaqtKhz7pN1sCxeJtV3ZIwq3D2Qb4rDLsCfAJ5KOpY
2021-09-23T13:39:14.475417382Z 830 jOqLs6Sc0F3OPhgl9AcDhcivFWICSW8rleLrvxPCM51h0TkVtez0S1ZFj91x
2021-09-23T13:39:14.478419586Z 831 N8AU8yEjxXcYDn6QWOnqH72e9Y21ueQbTYHzgLj7hhm9B1DlBfMkTfIBK6V9
2021-09-23T13:39:14.479750308Z 832 0A5HtoEOzu2VOSy5B9nYpL2LT1EUYsuRyn3dkbbBWaxXa14L1eQp519eqd3G
2021-09-23T13:39:14.481697593Z 833 8DV0OOn2mOBitzU4Djxl8gPU5JMbPqoZGhNvMj1zlc3Pmt9nbmcrRdMh0wz1
2021-09-23T13:39:14.484103795Z 834 Uj9EyZ8FXVp9j5pYOaaK5FfTx5JlNX0sAgvfjcmT4GQO7qXxbShfpAfDqQwc
2021-09-23T13:39:14.486322138Z 835 6yxyZtMsCU8oYno8EI6jzCD1L5rpYKU2GzcME3DB2ETDCs4LUILnuBUZKfkr
2021-09-23T13:39:14.488688264Z 836 IAm7vSUsnRWXG1BYoJY3t5KR437Hn3c7TQz76iGYCgXaS5A3hQ2SroG0bCHA
2021-09-23T13:39:14.490859533Z 837 I1TXfFUV8ITVFH0yb6lMJjXVUCNdjEkTJwbcJQL2AqNySVHc1aAndIReDm1s
2021-09-23T13:39:14.493669487Z 838 IwwNOgt8a8T1rW83k9aP4SRnWDYy9mUgR9ZF21hT8KaLey1QHwPXajFGU1FK
2021-09-23T13:39:14.496605555Z 839 WZZoyRZiFZyWAgxxenwTphbnYofrJJnENasN1AxKaBz360b1RdhUFgYjmKMO
2021-09-23T13:39:14.498639030Z 840 p4IBGLeoTJzMfbW5B2iKvXqwIXFNmieLVJzQc5UzoQHtWFW2MyT9kIPRje4y
2021-09-23T13:39:14.500628159Z 841 Ac2ZZaMtc2aYOcYN5WG3cT69hUSBu9VIIXabQu5FlDzDPMNo7LleYGiDphqS
2021-09-23T13:39:14.503618888Z 842 GQB60cX1ThQlMjJ4us1Y4EUkcKb5OHQZB8nJyPMW8HnEGzBJnvu5Yc6eicgp
2021-09-23T13:39:14.505685150Z 843 KjTQzEbay3c6QHUmhioTxHkjZZ3AQgYSAaa0EQCxGdlQrVHNWMJ8mr2AJEge
2021-09-23T13:39:14.507744625Z 844 v2tngUYGPAdynfjJo8iqVpmvLho8PQXkduyPGfsttwFInU7NuR8oqnxQ6SNQ
2021-09-23T13:39:14.509613930Z 845 T4BOkfv8X1YWoWGV5nb4P6F0hrK5wHgSpmghzJoZqWR4zqPTqlYSEEX6rogv
2021-09-23T13:39:14.512700901Z 846 8TyUuyLpciFQZfK82BufhGsNrE7iwqx8GNloKCDIbjpuJxsvAfcPTcYBxu70
2021-09-23T13:39:14.515215438Z 847 OOkI1gMT21AsSBsRJAD22kBVbZCakPHTg7cpachTBggS33kkuneKNhzZg6P4
2021-09-23T13:39:14.516606902Z 848 sB5grmcyCYg9e4Jj4UHDivOupuvoYs3uOMgWWy4El9KlYTqTT0sBlg1GgAZ0
2021-09-23T13:39:14.518701386Z 849 06Q6dlMyWdEskAhOTz3rjA68GM70aEHbQACKuBsyLEuVSIE0Rl2vthsmlhHY
2021-09-23T13:39:14.521328862Z 850 7b4cGraebA9Jg4zhIc7M3fPhy0wK16v4dgtVAeC9XhbZLx5ND4MdWAqlYWmC
2021-09-23T13:39:14.522711830Z 851 qLkI1A6TlC2C39MVhgspg0pxoNuf8U97XiUJFIdTUkHubD60wACSYfI2YMhu
2021-09-23T13:39:14.524735539Z 852 1v68gBHm5LSuhcNbXpsf0n0Ev2wpPuRu4oh92PmSrCHlN1LFo0gv9P2DTA4e
2021-09-23T13:39:14.527109520Z 853 kE1LsOkb69rCIm5r16n2F3gYmSRB4igyddbSHuBi2fjlcEnY0jnOM8u1yhBL
2021-09-23T13:39:14.530473946Z 854 6yxiBlMlR4chFjKEUmLrigFgwuMuKac9NrXo50vSb3SxUPbBdANTAFOtmPwR
2021-09-23T13:39:14.533370317Z 855 bpzxJtFAlduuoPCfJDKK9ZCoQO9dSrU5z43wkjzpBw0pMuG8Iq4twjqFniYK
2021-09-23T13:39:14.536642087Z 856 Aamu47ftU2yroKf3Ic8pTlfD97k7RZTW8F8zSHH61wHe9DcnaPuoL3WDCfos
2021-09-23T13:39:14.538651276Z 857 Mm3DhZTeJfJyBnqfug3Q7efbXSEW1CYz5j85vvOesr1XY1sb23mzt1h8JhPL
2021-09-23T13:39:14.540632432Z 858 LXA9WA2WFA9tTtkdw1oggSMLgP2xEPvvuIjlc5FYvaPwqrecSwfxzjfcOdGZ
2021-09-23T13:39:14.542794025Z 859 1asFBcEHfmVS1ynbTMxuAcwN0bxRZJD0c1utjO8vtK18yXmLEXxbCeCDntin
2021-09-23T13:39:14.544732458Z 860 YnCJ2am790gZ1FCMv178KRTvuYX0T6ivQ5D2mKn1NwBmYOJSZwKhtkCsoZvU
2021-09-23T13:39:14.546731696Z 861 NtlM9AaHFttPNIOsFlCqcj2kN7Hx0A3LZ5Ukn406wiQkXK9MtnFEMpdrlfbY
2021-09-23T13:39:14.549503696Z 862 FHG9bvJAsqspxbjt0CzwFxQptLnIcwLwqItgjn286kwauRh7gHzM2I5wjc27
2021-09-23T13:39:14.552618163Z 863 YYjGHLB71wpj8nFBOdLRmS4stfV6Voe91QMFFiZJWXFyoDyQmO0gnGOiccJV
2021-09-23T13:39:14.555174584Z 864 thGBjPtAkN0n7V6U55BNY12zn1GAslyqCFJ6XqORjkuZe4RFNv3g8GcpmNy0
2021-09-23T13:39:14.557533265Z 865 YIWaSoRrPbh6fPlsjKuC2PVooOc2KYuSsuTv1Oi0epu63SlbyTstoQpel2LS
2021-09-23T13:39:14.560599978Z 866 dQEKLNjRGIm1WWHnP90qO44blKnspMgFdd5dCXeiE7d1Trj6dl1KLwPTW5p7
2021-09-23T13:39:14.562657890Z 867 OKYDL1ntAAT9pxUgSJC1hSEgYjC3X6y6aeULWoPMY271enaykUhRfPhGOpfq
2021-09-23T13:39:14.564702577Z 868 mVGvCscVavaZBmdqGasNZin8L1nT4txNWP1qMdDQN6rKCNDHSB9V2JmjB1hO
2021-09-23T13:39:14.566984504Z 869 cILsHAJLapgDMResKrkVJfbKUPSRetvaCtVQ6SVhHlau32DlJEGehLQeyDON
2021-09-23T13:39:14.569549497Z 870 4Y250Zkehv4sxMn4wF7u4ErZKtmtRCHB2FVyEfoEeiz50TmJbW5t9Z6rENpo
2021-09-23T13:39:14.572605590Z 871 w5uijxitMesnLo9vFCfJohc4VaEhVj7PTCzN1RPuncFCjEMyFbZFS7wfKoGT
2021-09-23T13:39:14.575838679Z 872 AEoowvEvf5sjNyGfuHYZhAu4mpRh41R795KMwEXpFMfl11hklwr2IDQ5XNv9
2021-09-23T13:39:14.578360861Z 873 TnXBCg7YwgIM7PX258j625Fpy9nEEpT4GjBbyen7RBpC33QE6XNpCDysW3Dr
2021-09-23T13:39:14.581004869Z 874 UMxQgPAAQGmhNLeQcsb2MvfkTEywnlEELr9rwJPhjDjX7reNJ9RjWSds9zLq
2021-09-23T13:39:14.583274693Z 875 dHacJNXpbgzNzU6DA7wNOU6TL6s68HMLDs7R21cUI0VaKPgliN5E0GeiZhsm
2021-09-23T13:39:14.585618284Z 876 DBoOObK8ThWnNrUFYtc1kUAEs1LbLFg7d3SVPkTUMhzezwUv8sHNTm7Z2aKN
2021-09-23T13:39:14.588477209Z 877 45Nk1O5HfM84zbVktX4UPYn5HjB1s1K3jFf3z0mxsWpzDATfEqaKBsDMLPra
2021-09-23T13:39:14.591453811Z 878 3BUh1nlLIqTENsIc7LKlT0xcGLxhjheXpxmYD9nNHrBC0Cf8Nof285vlex7u
2021-09-23T13:39:14.593485924Z 879 u9RrwoICtI5H2lm8LnBkodISFnEIKwWyAwLfkLkw4pQRtEK7TI8FMOk0ctBi
2021-09-23T13:39:14.596500867Z 880 7yVEI0y1rpNr2yNRJZGTW6xqEjAMe01MA5AdKTFUVrFgVs8T1h1SjsermPIT
2021-09-23T13:39:14.599405560Z 881 8ShKeM2BCTk5o2RAnPfFPtY39H8wZKpb4gLag1MjWGCJApbGOZMiOEcdiYKV
2021-09-23T13:39:14.600756653Z 882 5Cv093URuPe946P7W1PEiUwFPpiGDvIqGzLzgi4wQf6h2poeO7xR8wtwHnQW
2021-09-23T13:39:14.603508158Z 883 8zAFiSgg9Q2creY0fDu5RRCWeQXunaXCrr1VL8eDJg9W8al4Q4oZhsZyRSm4
2021-09-23T13:39:14.605674715Z 884 EcmLJjVpWAktu7ZAlkVrhxxOd0aFgpBiNBwLsAEkJQhsRomo2K64aUngG3Jq
2021-09-23T13:39:14.608810847Z 885 z1ZFbsZ7KRWqvJLvdtTtmZX0E2vJmdtDcWOLd8LKbo9ZnmZZ8DXQEkV6Nprh
2021-09-23T13:39:14.612849882Z 886 7iZo4cDTDo9HadPB2sfVjQ2aHBCuTQjxPO7SKgLoz13yAD2xfko9NGOHK35t
2021-09-23T13:39:14.615056387Z 887 2FCy0uEjqrDu05SvJm09jiavYzLsNOAk41gZ9Dogjbs4JkQbqpj6Lyf7cccp
2021-09-23T13:39:14.616648373Z 888 OA0nSLNVcUBNYljCzp4AIiRVZxt7DSsxH1W1IBF1YppSFnHON7lzHqvCH88p
2021-09-23T13:39:14.618701199Z 889 FoM0C5paXVYi9VyfHUwXMl233aNyTR8pQW4zShq6riv3ivuXWCibpZsQNL6B
2021-09-23T13:39:14.620583299Z 890 XWmSYWyF9pNAB9OcsYs4hHMYOsi3rXcuogxN5IDRzA7Y2WbH9RZsYqYY6XlL
2021-09-23T13:39:14.623589203Z 891 2lwoNKDlrm25a5NPuDG26pZ3hUljOLtskM2pnLRuVxcWfxFtDghpZqmBwsaf
2021-09-23T13:39:14.625940447Z 892 BsUoN4qEQuYXfLSDPPRLMWr785lsxTwJ2gg6KF8vbubFwkRm1p2ZcFYCn4xG
2021-09-23T13:39:14.629126660Z 893 d5WvjUzVoINwmURUO8Cih8pk8ZJcVDbELNDvX8shnuA6YtU3xN0ebeBuy5Cr
2021-09-23T13:39:14.631906321Z 894 FNFIplmAlZPn7dVAwPNwf3mvvAQyaQv7Lv0q5CdrzZXgxQNfm0NMpCFtMDRV
2021-09-23T13:39:14.633669328Z 895 2ALykjaa002rTvf8oLGPDQmkvbcitjSFt82ehlpZgFQEIIgsXyuFhTR3h5hx
2021-09-23T13:39:14.635700996Z 896 CWba8OE8rnCnYq6s3rZ2HGqSbneGoXVF7Blec77rqPNoHixCXK7BFc15Ptl9
2021-09-23T13:39:14.637753997Z 897 OCtGMhGVs2rN9XTdVB6bmJNmYsJj78LxQr45IarEUvCTrMet3nyqiol49sfo
2021-09-23T13:39:14.641069735Z 898 ecwd3XpBIZmR0RYJbxDOpRTm0EPgXDB9IKhFpuukOebVm0AVvgeqMHiKDYJR
2021-09-23T13:39:14.643241349Z 899 Sm5Fn0SI0AUk6hbU9vt8kZztdPhsDjdHhoTTVMvRifXhe81QvKJFEonMeD6C
2021-09-23T13:39:14.645617731Z 900 ey4d0proxM9FhZ30fzW0UQTv6arz7aD80iAIfIcF5pA42Yx6LLdGg9QEY5O6
2021-09-23T13:39:14.648577524Z 901 QvWiwgvGSryEqNB4OWVi7HDi9je9XEtMzhS49xZGK8Rl7QM0iSvRf3Ft3ULT
2021-09-23T13:39:14.652040154Z 902 CxQyJajTsRSoJVdelaAqdhzRvqKuFzI3BZQr2s6HWK0gGX6gS1sIpWGEcnFV
2021-09-23T13:39:14.654621084Z 903 YwyKX84arso3zH2tIxu8iGdpvNpsqXZs2VVc68MEp9FnbIYfYyO07qYOpEhR
2021-09-23T13:39:14.657716351Z 904 RGovxPvnezJcHMHntGfBhGnWQ8qlMMGq76yVnKVAlOUjxTcAiUwGwwFEq5fa
2021-09-23T13:39:14.659905574Z 905 6lvCIut2Sio15lTYAQANarEc4MNxM6pkG9IYoidFwAzzUupawZGxEnDi5AFQ
2021-09-23T13:39:14.662696408Z 906 IiKMbAqNvRmOUDCw0B1wJbsrlAWo396XFAu6Lhr5raYZNpe0gVSYwbF5MGuH
2021-09-23T13:39:14.664639282Z 907 R55EBvjsTHSH1wjLNRJN6hlUK3IZHPEBbjYatBGfWJXD0AJDxLDFlRMfKZ6C
2021-09-23T13:39:14.666908241Z 908 seNKcxIrJlkRoxN6qrCGTXFMTfM06AZ4Jr4ETdRemzF9pM7KpJzef4rReGIf
2021-09-23T13:39:14.669369540Z 909 4vzbziHJI6sWCRRuVgL2tbRSoiET8dKryELpH6XfA5hh2I1vV4RfFngZsDmQ
2021-09-23T13:39:14.670874957Z 910 pjJrYRK2WnlOUYH2TCUnp9jJ2cBF8DolC1QHxde5bjWMoqf5bxBN1owj9Id5
2021-09-23T13:39:14.673328858Z 911 R5md5xwOy7YobzwZHyyCQYpIZl5CoR83Co73NMn0LCUcbGzy8XWpKafQZL27
2021-09-23T13:39:14.675713663Z 912 zQhYQFb35Kl43MZmZno6aX0b3NZntTTsU8TlSRQ692nJd1i17a7XtJENDph1
2021-09-23T13:39:14.678437843Z 913 HI4eOmrQpo9CJGwkNfRgPQ0qzXWcTN4I90tk4tya5WFjBp1o2JxuSUXL7PBV
2021-09-23T13:39:14.679858881Z 914 wtXEXcnR45LK1a57d3J9UYyDGYkN1jTVOyY24LuSA9Mnkq9BPWCWXljQs5DW
2021-09-23T13:39:14.682436332Z 915 GybwA57MElDJydk4AqrJ8EaWimUyWg2xXAwrrx0vV3cpTl8ZmzvOGskqCB64
2021-09-23T13:39:14.683769747Z 916 miOlnvy1jKJqri2dtr2NS82mIhSjWVHqR8UhSPhko3H8PIY1mSQzKW9g14LR
2021-09-23T13:39:14.686648537Z 917 E5COBZA0AT75h6qZs0w5gTFdVL3TBmRuHwNoUY0hw3tVEUA9GPuXCfwo0IEW
2021-09-23T13:39:14.687679132Z 918 g1hEhAviwF48IfAFTY9Jn8cBBg9aBIxpynNrXOBrVpR1BHZAGZRNjDR0g1OV
2021-09-23T13:39:14.690473497Z 919 JuzwsKP0T4ni2gVFucD74meizATKrrGXqb3ClFHdaYmqYqRJWBb76blcVWYX
2021-09-23T13:39:14.692440964Z 920 T59sphFxxHk2pdxPVzX4bn1LAqlNjLRa5otVWqMm3fccgTWSjcvhdHneV0RI
2021-09-23T13:39:14.693681532Z 921 Nn9nfnJsPYXgBGPcurfQrag9GuY29qGfBnNlf5znxDYZR4tYeBdUju45h1TU
2021-09-23T13:39:14.696205966Z 922 XRg5j67NlAepkJYkPjw5k02dVhwbEhww7dYasNPlqnBCUPe1XiIu2t0WKe6s
2021-09-23T13:39:14.698748048Z 923 HdLzt4dDAnZEsjvFWz3CPdgLnI2I2sHs4FwCMFLRs35BBfKl9Ls9JOZL4HFY
2021-09-23T13:39:14.701029831Z 924 jfnlryE74DomYl5fjK5fIkvCyZVjpkpYgYK8hggOdBR4IPaaoCJ9gY1R7LWZ
2021-09-23T13:39:14.703550846Z 925 ECO5CVBTMJ8l9Ek4JpulYPakypUUTP4iIJHLPYzQAdw2oS1RnjvHiMXVPDe9
2021-09-23T13:39:14.705789225Z 926 Z3aLKTPVSiVdq0C3wi9vvDPPC3uZcII71iNZkbJmnzEcfSBFh0C7A88Xukw6
2021-09-23T13:39:14.708181338Z 927 cFrokdDWrOUGL5JgQuFM79esnKouGfmaWg7SfRetMpoutJDeiSo1w3G2BG8J
2021-09-23T13:39:14.710585999Z 928 NjnH0psrhoA0ZJgIugT9rGhOf73WBHoaSFC7LUBEREnFytEiVeKOMNbgtPDD
2021-09-23T13:39:14.712932587Z 929 ayex2aL61gsN8sI2w9QOh0c0lUykzOkJJeH1vWlxAWsIiUhydg145wSVsOYJ
2021-09-23T13:39:14.715180171Z 930 Q5DMrIsmoHb7dmxCnWkV8CcthPrHMGoGBOhrT9rELWbcMh7vsHG8idOXBNhW
2021-09-23T13:39:14.717635188Z 931 RZDi7nGEvDYxpj7MAX8yRqTn0nTs0cXFdMp3pEOSi5vFCZNgg6og1hw4ue0E
2021-09-23T13:39:14.720341036Z 932 agRueto3PtY1dptY32cV87jHtfJ66lYs6JrJtAXbom4spZZj9E82BYig9vsy
2021-09-23T13:39:14.721781128Z 933 ciH3FQJ4mmnvwpqTSeONMqEPSqijTHsJeByp3WyLLPUD0s75d6hTzuxEMSpB
2021-09-23T13:39:14.724522962Z 934 Lx5hyIcnXTGuUxklCJ6WPrw2PH3yVR2jzUcZLryUkNlnfUuA8H8HaeuPJat5
2021-09-23T13:39:14.725678527Z 935 kQEZ3KpTU4MPlVDh1i59W8vTJ8Whm9ht79EttDbr1VVMtzJXNKyxGqsZpR2E
2021-09-23T13:39:14.728581020Z 936 zgUynXjiC6JqxmXVV3QutMHeQUes8h7cpbjUS0N1tv76LUoiT4i0RRbFE3z4
2021-09-23T13:39:14.729655476Z 937 v2nT1EwWozM5yQnWD1fnhlywGp1HU67kBotiaqJrfA1NXryveelUdikVnJtd
2021-09-23T13:39:14.732609729Z 938 x5fIUyPMglLu5gC3b1bVxDpX4rsPlFaeXspc973T0bXcxo0re0vvREZ9CpoZ
2021-09-23T13:39:14.733709101Z 939 nFLcAokkot9Xkr8P5Qukd02pbrrypDxbU8HgZZnX88rak1xkHiWxTKX4DDar
2021-09-23T13:39:14.736469735Z 940 KuA9RMWk6sp7OaNNm06cIXWqwPhBZ0sWdNfbY9icmulZMbYAcgwbK9IAfPC1
2021-09-23T13:39:14.738724197Z 941 Y9eHB8XG20XtMQSJ9yR32EUYvVp8WXqgOHFO5WXPmkIFTue5XN8yZKnztX9f
2021-09-23T13:39:14.741560377Z 942 ehhWMdX4Fxf7OtQHP83mtbhNCyIsLGGfoTPp2x5gYDbgujOOnUzKFuf0brJl
2021-09-23T13:39:14.743709296Z 943 WnI9HNR89dc00w8iuwwhqgAFXdtYDFNTPxLCHLjagLbxzXFxsDHEegIG4xVU
2021-09-23T13:39:14.746256461Z 944 Wo0AYMtKUDkSMLkIT5JRmUNrIwGZ77iTfdyhX4RWmcGu8EUaUTQt7oCSWO7u
2021-09-23T13:39:14.748607568Z 945 NUceHcJvp2fcMklSs6i1g4VImJGzsYaXlDpHQBiHmAQtKOY0Jhm6n1OKmqxc
2021-09-23T13:39:14.751322881Z 946 jFGg9sv619yUuro4HYT8gcAXptJ8w42tHby0ZIG33ZtyCN1bb4wz6Ebp6dRB
2021-09-23T13:39:14.752933321Z 947 7YLroh7sNPqDpoorlMExGP0d5gHN1GzZL86POcqE1LQlA3UuBaQrS8w78iNd
2021-09-23T13:39:14.755644497Z 948 Pr2WRB7uzcN401pSgJ46urYKBPq6mfcq2AOC2grr3Z1brYL7w5QRE3lvmYC2
2021-09-23T13:39:14.758708266Z 949 ASDzN4L5ZR8J8Tk8MSf7qor6m21N78STfUFFoZLPJW0JZxhnJiUoUTCtLrOE
2021-09-23T13:39:14.761333763Z 950 BIY5NaCJcXpON3htmL0JuuNUCl0YsubfvAkJmECEBnVcnWhwVOWP0Ga4JZY6
2021-09-23T13:39:14.762849257Z 951 ME056PQKFXDGCyZtfiXY7na4xKBcrQcFO8ZYztCBtANCiUwZCeUpFbIsA5rZ
2021-09-23T13:39:14.765473493Z 952 0aUfybHLcNKeP3ZeiznUPQzd9RvPYvu54KcPls4kSNXLM3S4VddLi9MflSVk
2021-09-23T13:39:14.767633111Z 953 fp0gFBLcJe21VkIEm0TNdjBEIHJiUrxCj4JISJTKl0izP1bwkqz7THg88C1r
2021-09-23T13:39:14.770363750Z 954 x314zZF6jAEBoVmrpKnkOL26Ok462i09narl6l0yILZNogjTRm672UZZvF0m
2021-09-23T13:39:14.773245074Z 955 1UL1Ut0kMbyiYsmJp4ixiJhYqM2O47Bi8dbtAPHbgbiSj1lAjn31Tdnu5QGK
2021-09-23T13:39:14.774797375Z 956 BFD50HbhJq9h1o7D3lPssTfxMbsB8nbL7Ndp7fY7bzDaUTE7sf7DEl2e29Fo
2021-09-23T13:39:14.777325265Z 957 XaYjSHlBTJcCya6829Vzxs5LiohQ7mVYcCC7oPBmZd6eLo2IpUK2OL0BW3eA
2021-09-23T13:39:14.779495038Z 958 U6USBZfeylXHrH3MlbRDFKZEoFT55bWjbmAJrESVfufVyTbzpI0gSvH240uN
2021-09-23T13:39:14.781678117Z 959 2sQ7v3FUzeS6LpOmuyuIGcLy7o2v2wfxvgWx3y8FE2a6cD2QbpMByYd9pin1
2021-09-23T13:39:14.783811986Z 960 eh0POxBzncHdMXKJMAOnMg3NMFE2GGPNrfdMiqtHHPfLOgREa2YsIZHIYM9i
2021-09-23T13:39:14.786264739Z 961 l3a1d522suJYdLldcc9N4bQRZOm03JUIXQy7wPJdZX96cC3FCIiOiWMyzd2V
2021-09-23T13:39:14.787701512Z 962 gLFhQp2eAOqqzi8apsAM3t3Ljs4HLZSeyOcE731JMgagwmlZwXUnKmKZFQIH
2021-09-23T13:39:14.790724023Z 963 aH83aTzLbJLVDYxOOnQHmgqekna32FywQw5r4OOGceiqRmE4RAZk9X37w2tS
2021-09-23T13:39:14.792701684Z 964 OivIxxfWR2glxYVsc0dyDQaxAKEuD9tqCRm7QYkqKhafk1qheJPdTL3vW9dA
2021-09-23T13:39:14.795248758Z 965 0exXTk95TvqqATN1S5zhtWiVIrZ9ztZpzSetgn7F1KAXi5mUVwvQ2i6FrJlS
2021-09-23T13:39:14.797471089Z 966 DBtfQyEvWGrIhb1hQOHRS8XTdR6DAKR6fgoMR7GWvsrEHURBATyp5bq7I8p9
2021-09-23T13:39:14.798806077Z 967 rMycvKwBpZxaWaOwAO4Tom9qM71YPkxsgpmCqM1kxLu1RktoX4wTogI1siAL
2021-09-23T13:39:14.801803794Z 968 HbP7hZ4qFYdC8AOuaz0f7zDCxVOvmzwNZx9xGGEvhiS0NFkmaFvT8ZLQ5Nn4
2021-09-23T13:39:14.804898303Z 969 meb4DmkWpw6KTbASiQQh5niCaW0QPmVMnvCeDYdpdCajO9dhMDHU9H26eYZS
2021-09-23T13:39:14.807520515Z 970 DjRerKFFDAzY1PNNQCna2vhdWwcpBHC2YiprJN5Cpvjm34bpEzKklwtzzk8x
2021-09-23T13:39:14.809625480Z 971 9OjM1m801RPcwUptaxRVnoOv4hqwsJEGKhoRn59bg2lOhOTzfDdmzyWNrJbm
2021-09-23T13:39:14.811709526Z 972 wAk4OVNlqyObzvCYnSELotk1ort5R6e8pBHTcaxukQJ2CUwq5zI5fPDfxzpj
2021-09-23T13:39:14.814437813Z 973 hYUJAaqV94btt8SZmx5kNfC6i6NgEjZCvCog0B6MKy7oq1Apl8lQO8UhOcGf
2021-09-23T13:39:14.816077294Z 974 K2Iin31Rxea6O9Gm55RkvwcLOnl4N7253uoUlczg1znhH60bYlX0tTxl6auc
2021-09-23T13:39:14.817679583Z 975 QDXlfdF36I29dc5xtjVEAqXtKBiQy9AvpUOgBCIDFy4eDWeoMhgCB18CIt0k
2021-09-23T13:39:14.819977324Z 976 R58f3OZZUYrshR0LiK7Y3YK6SrD9bN8zVT224YqreumetIOhqWcaeSntNvCQ
2021-09-23T13:39:14.822633416Z 977 NX6BLhwTAbNPunKlzrdvoJhkUxmBUyU7Iimr68nGd15HNdIxaqUxdSRv0Fe9
2021-09-23T13:39:14.825272118Z 978 yCHdC3VUh82MCUIr0aEVR5wYSOgPLQDDykhPquF2g589PGTXH2WXKz6s72xp
2021-09-23T13:39:14.827408243Z 979 aBEx4C1o32CS5E3q89zggHVaQkcuO42raUczCfBSLCDDnF3pAJFVaHy1MbJS
2021-09-23T13:39:14.829584095Z 980 sjLvdeITWxCipDqSv6pPhclIy1Iqr5hW8tF0fbSKMcCxqGrhzHmMezXRmSVh
2021-09-23T13:39:14.832211055Z 981 Luvf2COtnAhbQ8BAUUCtff10Zz96qmzwgrrF9sgudUWCkzrCRI2pKqH4obXb
2021-09-23T13:39:14.833672042Z 982 W7V0PKyPHnRYjNtw4XqVXpVtNERApvhM9ojdn2EkvBFMSbGMsl6z17YKxTrH
2021-09-23T13:39:14.836333570Z 983 0sNiScRtc91GOGbjpAbn9yeYAd3s1Ldc2iS06KrhDr3IUzz4xIz7r6IGLbWx
2021-09-23T13:39:14.837699605Z 984 7l2HLrHpCD5U9gEfkbClfm5WPBspqznOXglG0ERZT5luIfX15HckX0iROb5a
2021-09-23T13:39:14.840457263Z 985 EaAa4YnXoNGIF4Bf5URgGRbxBSXyscYXMnR26RD4LQbgEc4ZTJM2kYLJQ65r
2021-09-23T13:39:14.841893238Z 986 SS9EbXP9HZrLIOw9mCGA7im2TBONzmgOcoEKwJ6qpjKknTb1dcSqxZtdsdFk
2021-09-23T13:39:14.843849305Z 987 5qawCHAaV0P1nNEhMBXwDTgOs0pK02NExVcbxUYpczcHyKbGkEXaAz0XBLl2
2021-09-23T13:39:14.846495100Z 988 258zbY6Hs8rSHaww3Sjodc5FGiQTgY1cMBTE6u5YbJfgLvb2yvDssuWyR6Ui
2021-09-23T13:39:14.848645830Z 989 CyueNjQgpyX8P0WKbkins9RNmfW5vDm7BY0tTWMANA9nTMFngy1AlwV9DxJB
2021-09-23T13:39:14.851312460Z 990 S8KLCimbhAirZSsjMH2CNgmtl5xgNb7qINcMWOK6qlIWmBlH8uX0obWi5MdQ
2021-09-23T13:39:14.852765460Z 991 cJh1bAtjQZn3tGxL6C8kEVPYPydY5AminwRxnY5oFsSVbihVwt5FFYtNnNmu
2021-09-23T13:39:14.855445197Z 992 l8JJboiWx4GVnSIrvhPHBYvHVNYOUoMGrfr0cIUoPAjXORxvRn8VyS6lZzpF
2021-09-23T13:39:14.857712593Z 993 D4bwx7TKjf7YEZ0X1HW8iTdF054J0Fx0zFNWRgsqUtCXrNakKDIoLXOYKYPI
2021-09-23T13:39:14.860303313Z 994 M3qaVb221NyCkzUHJ1Fith50uO9pJsL263LMvbnnf6ZlGlmlEOkAyTbKkzkL
2021-09-23T13:39:14.861680454Z 995 mlXdfZrgS5MNVzghUb1VC3vlhvaIe1RfmlLPBebOk2fqq7LT4ENlGZtVfa8Y
2021-09-23T13:39:14.864551319Z 996 vLM2RI8bNZmsSecboYfI0RN9apTCts60pn1insPkaSOKCbo0SAT3a4YuoYjQ
2021-09-23T13:39:14.867196500Z 997 j2OIqnxfrN0hysbNyFkw015rIS7ki2jH382GzdUIG5E3GLi5DSZPn8kg4ftq
2021-09-23T13:39:14.868775402Z 998 61PRSrBG8v7Rq3b7yFTLZQB7y4GYIAbtYVm8w2v7MQuJAtMN8CnAoaC4G9EG
2021-09-23T13:39:14.871615663Z 999 SdrdBiuE632ZBG6PO369cJqfmnKtrVZjlDTzkACyKfb2VQHz9WpYVLaHeU9C
