2021-10-01T19:29:23.341257856Z  [2021-10-01T19:29:23Z INFO  dt_instance] Current Twin: 38162cb0-e585-43d7-b55d-5c240b2bfb7c
2021-10-01T19:29:23.341308653Z  [2021-10-01T19:29:23Z INFO  dt_instance] Connecting to broker at mqtt-broker:1883
2021-10-01T19:29:23.341321581Z  [2021-10-01T19:29:23Z INFO  dt_instance] Using default packet size of 10240 KB.
2021-10-01T19:29:23.345583160Z  [2021-10-01T19:29:23Z INFO  dt_instance] Refreshing topics for twin 38162cb0-e585-43d7-b55d-5c240b2bfb7c - Listen to A/A/A
2021-10-01T19:29:23.345788582Z  [2021-10-01T19:29:23Z INFO  dt_instance] SubAck { pkid: 1, return_codes: [Success(AtLeastOnce)] }
2021-10-01T19:29:53.346715934Z  [2021-10-01T19:29:53Z ERROR dt_instance] Unhandled incoming.
2021-10-01T19:30:21.938928746Z  [2021-10-01T19:30:21Z INFO  dt_instance] A "0"
2021-10-01T19:30:21.980599065Z  [2021-10-01T19:30:21Z INFO  dt_instance] A "1"
2021-10-01T19:30:21.980654956Z  [2021-10-01T19:30:21Z INFO  dt_instance] A "2"
2021-10-01T19:30:21.980678579Z  [2021-10-01T19:30:21Z INFO  dt_instance] A "3"
2021-10-01T19:30:21.980698539Z  [2021-10-01T19:30:21Z INFO  dt_instance] A "4"
2021-10-01T19:30:21.980718106Z  [2021-10-01T19:30:21Z INFO  dt_instance] A "5"
2021-10-01T19:30:21.980737519Z  [2021-10-01T19:30:21Z INFO  dt_instance] A "6"
2021-10-01T19:30:21.980756903Z  [2021-10-01T19:30:21Z INFO  dt_instance] A "7"
2021-10-01T19:30:21.980776129Z  [2021-10-01T19:30:21Z INFO  dt_instance] A "8"
2021-10-01T19:30:21.980795199Z  [2021-10-01T19:30:21Z INFO  dt_instance] A "9"
2021-10-01T19:30:21.980814196Z  [2021-10-01T19:30:21Z INFO  dt_instance] A "10"
2021-10-01T19:30:21.980833394Z  [2021-10-01T19:30:21Z INFO  dt_instance] A "11"
2021-10-01T19:30:21.981069971Z  [2021-10-01T19:30:21Z INFO  dt_instance] A "12"
2021-10-01T19:30:21.981137585Z  [2021-10-01T19:30:21Z INFO  dt_instance] A "13"
2021-10-01T19:30:21.981205335Z  [2021-10-01T19:30:21Z INFO  dt_instance] A "14"
2021-10-01T19:30:21.981227208Z  [2021-10-01T19:30:21Z INFO  dt_instance] A "15"
2021-10-01T19:30:21.981246988Z  [2021-10-01T19:30:21Z INFO  dt_instance] A "16"
2021-10-01T19:30:21.981266131Z  [2021-10-01T19:30:21Z INFO  dt_instance] A "17"
2021-10-01T19:30:21.981285189Z  [2021-10-01T19:30:21Z INFO  dt_instance] A "18"
2021-10-01T19:30:21.981304842Z  [2021-10-01T19:30:21Z INFO  dt_instance] A "19"
2021-10-01T19:30:21.981323979Z  [2021-10-01T19:30:21Z INFO  dt_instance] A "20"
2021-10-01T19:30:22.025113972Z  [2021-10-01T19:30:22Z INFO  dt_instance] A "21"
2021-10-01T19:30:22.025394190Z  [2021-10-01T19:30:22Z INFO  dt_instance] A "22"
2021-10-01T19:30:22.025428097Z  [2021-10-01T19:30:22Z INFO  dt_instance] A "23"
2021-10-01T19:30:22.025550050Z  [2021-10-01T19:30:22Z INFO  dt_instance] A "24"
2021-10-01T19:30:22.025574624Z  [2021-10-01T19:30:22Z INFO  dt_instance] A "25"
2021-10-01T19:30:22.025619548Z  [2021-10-01T19:30:22Z INFO  dt_instance] A "26"
2021-10-01T19:30:22.025670891Z  [2021-10-01T19:30:22Z INFO  dt_instance] A "27"
2021-10-01T19:30:22.025691731Z  [2021-10-01T19:30:22Z INFO  dt_instance] A "28"
2021-10-01T19:30:22.025710101Z  [2021-10-01T19:30:22Z INFO  dt_instance] A "29"
2021-10-01T19:30:22.025728145Z  [2021-10-01T19:30:22Z INFO  dt_instance] A "30"
2021-10-01T19:30:22.025746271Z  [2021-10-01T19:30:22Z INFO  dt_instance] A "31"
2021-10-01T19:30:22.025975899Z  [2021-10-01T19:30:22Z INFO  dt_instance] A "32"
2021-10-01T19:30:22.026023600Z  [2021-10-01T19:30:22Z INFO  dt_instance] A "33"
2021-10-01T19:30:22.026044927Z  [2021-10-01T19:30:22Z INFO  dt_instance] A "34"
2021-10-01T19:30:22.026064534Z  [2021-10-01T19:30:22Z INFO  dt_instance] A "35"
2021-10-01T19:30:22.026109780Z  [2021-10-01T19:30:22Z INFO  dt_instance] A "36"
2021-10-01T19:30:22.026129064Z  [2021-10-01T19:30:22Z INFO  dt_instance] A "37"
2021-10-01T19:30:22.026172530Z  [2021-10-01T19:30:22Z INFO  dt_instance] A "38"
2021-10-01T19:30:22.026198600Z  [2021-10-01T19:30:22Z INFO  dt_instance] A "39"
2021-10-01T19:30:22.026220705Z  [2021-10-01T19:30:22Z INFO  dt_instance] A "40"
2021-10-01T19:30:22.027823759Z  [2021-10-01T19:30:22Z INFO  dt_instance] A "41"
2021-10-01T19:30:22.029766726Z  [2021-10-01T19:30:22Z INFO  dt_instance] A "42"
2021-10-01T19:30:22.033102733Z  [2021-10-01T19:30:22Z INFO  dt_instance] A "43"
2021-10-01T19:30:22.033509248Z  [2021-10-01T19:30:22Z INFO  dt_instance] A "44"
2021-10-01T19:30:22.035774786Z  [2021-10-01T19:30:22Z INFO  dt_instance] A "45"
2021-10-01T19:30:22.038392227Z  [2021-10-01T19:30:22Z INFO  dt_instance] A "46"
2021-10-01T19:30:22.041284427Z  [2021-10-01T19:30:22Z INFO  dt_instance] A "47"
2021-10-01T19:30:22.042147299Z  [2021-10-01T19:30:22Z INFO  dt_instance] A "48"
2021-10-01T19:30:22.044724513Z  [2021-10-01T19:30:22Z INFO  dt_instance] A "49"
2021-10-01T19:30:22.047353396Z  [2021-10-01T19:30:22Z INFO  dt_instance] A "50"
2021-10-01T19:30:22.050252798Z  [2021-10-01T19:30:22Z INFO  dt_instance] A "51"
2021-10-01T19:30:22.051449067Z  [2021-10-01T19:30:22Z INFO  dt_instance] A "52"
2021-10-01T19:30:22.054258189Z  [2021-10-01T19:30:22Z INFO  dt_instance] A "53"
2021-10-01T19:30:22.056325555Z  [2021-10-01T19:30:22Z INFO  dt_instance] A "54"
2021-10-01T19:30:22.058720841Z  [2021-10-01T19:30:22Z INFO  dt_instance] A "55"
2021-10-01T19:30:22.061124452Z  [2021-10-01T19:30:22Z INFO  dt_instance] A "56"
2021-10-01T19:30:22.063714100Z  [2021-10-01T19:30:22Z INFO  dt_instance] A "57"
2021-10-01T19:30:22.066345731Z  [2021-10-01T19:30:22Z INFO  dt_instance] A "58"
2021-10-01T19:30:22.068492412Z  [2021-10-01T19:30:22Z INFO  dt_instance] A "59"
2021-10-01T19:30:22.071294260Z  [2021-10-01T19:30:22Z INFO  dt_instance] A "60"
2021-10-01T19:30:22.073539548Z  [2021-10-01T19:30:22Z INFO  dt_instance] A "61"
2021-10-01T19:30:22.076126693Z  [2021-10-01T19:30:22Z INFO  dt_instance] A "62"
2021-10-01T19:30:22.078207564Z  [2021-10-01T19:30:22Z INFO  dt_instance] A "63"
2021-10-01T19:30:22.080670261Z  [2021-10-01T19:30:22Z INFO  dt_instance] A "64"
2021-10-01T19:30:22.083205946Z  [2021-10-01T19:30:22Z INFO  dt_instance] A "65"
2021-10-01T19:30:22.085288808Z  [2021-10-01T19:30:22Z INFO  dt_instance] A "66"
2021-10-01T19:30:22.087685058Z  [2021-10-01T19:30:22Z INFO  dt_instance] A "67"
2021-10-01T19:30:22.090369536Z  [2021-10-01T19:30:22Z INFO  dt_instance] A "68"
2021-10-01T19:30:22.091539978Z  [2021-10-01T19:30:22Z INFO  dt_instance] A "69"
2021-10-01T19:30:22.094014887Z  [2021-10-01T19:30:22Z INFO  dt_instance] A "70"
2021-10-01T19:30:22.095452870Z  [2021-10-01T19:30:22Z INFO  dt_instance] A "71"
2021-10-01T19:30:22.097658429Z  [2021-10-01T19:30:22Z INFO  dt_instance] A "72"
2021-10-01T19:30:22.100044414Z  [2021-10-01T19:30:22Z INFO  dt_instance] A "73"
2021-10-01T19:30:22.102358062Z  [2021-10-01T19:30:22Z INFO  dt_instance] A "74"
2021-10-01T19:30:22.104552918Z  [2021-10-01T19:30:22Z INFO  dt_instance] A "75"
2021-10-01T19:30:22.107086141Z  [2021-10-01T19:30:22Z INFO  dt_instance] A "76"
2021-10-01T19:30:22.109407497Z  [2021-10-01T19:30:22Z INFO  dt_instance] A "77"
2021-10-01T19:30:22.112015585Z  [2021-10-01T19:30:22Z INFO  dt_instance] A "78"
2021-10-01T19:30:22.113453390Z  [2021-10-01T19:30:22Z INFO  dt_instance] A "79"
2021-10-01T19:30:22.116125268Z  [2021-10-01T19:30:22Z INFO  dt_instance] A "80"
2021-10-01T19:30:22.118322647Z  [2021-10-01T19:30:22Z INFO  dt_instance] A "81"
2021-10-01T19:30:22.121231091Z  [2021-10-01T19:30:22Z INFO  dt_instance] A "82"
2021-10-01T19:30:22.123524042Z  [2021-10-01T19:30:22Z INFO  dt_instance] A "83"
2021-10-01T19:30:22.126215383Z  [2021-10-01T19:30:22Z INFO  dt_instance] A "84"
2021-10-01T19:30:22.127364898Z  [2021-10-01T19:30:22Z INFO  dt_instance] A "85"
2021-10-01T19:30:22.130086086Z  [2021-10-01T19:30:22Z INFO  dt_instance] A "86"
2021-10-01T19:30:22.132127313Z  [2021-10-01T19:30:22Z INFO  dt_instance] A "87"
2021-10-01T19:30:22.134298852Z  [2021-10-01T19:30:22Z INFO  dt_instance] A "88"
2021-10-01T19:30:22.136988874Z  [2021-10-01T19:30:22Z INFO  dt_instance] A "89"
2021-10-01T19:30:22.139227113Z  [2021-10-01T19:30:22Z INFO  dt_instance] A "90"
2021-10-01T19:30:22.142087009Z  [2021-10-01T19:30:22Z INFO  dt_instance] A "91"
2021-10-01T19:30:22.143773269Z  [2021-10-01T19:30:22Z INFO  dt_instance] A "92"
2021-10-01T19:30:22.146680724Z  [2021-10-01T19:30:22Z INFO  dt_instance] A "93"
2021-10-01T19:30:22.149403081Z  [2021-10-01T19:30:22Z INFO  dt_instance] A "94"
2021-10-01T19:30:22.151747040Z  [2021-10-01T19:30:22Z INFO  dt_instance] A "95"
2021-10-01T19:30:22.154090907Z  [2021-10-01T19:30:22Z INFO  dt_instance] A "96"
2021-10-01T19:30:22.156572382Z  [2021-10-01T19:30:22Z INFO  dt_instance] A "97"
2021-10-01T19:30:22.158976340Z  [2021-10-01T19:30:22Z INFO  dt_instance] A "98"
2021-10-01T19:30:22.161242229Z  [2021-10-01T19:30:22Z INFO  dt_instance] A "99"
2021-10-01T19:30:22.163921521Z  [2021-10-01T19:30:22Z INFO  dt_instance] A "100"
2021-10-01T19:30:22.166324414Z  [2021-10-01T19:30:22Z INFO  dt_instance] A "101"
2021-10-01T19:30:22.168521828Z  [2021-10-01T19:30:22Z INFO  dt_instance] A "102"
2021-10-01T19:30:22.171034736Z  [2021-10-01T19:30:22Z INFO  dt_instance] A "103"
2021-10-01T19:30:22.173316210Z  [2021-10-01T19:30:22Z INFO  dt_instance] A "104"
2021-10-01T19:30:22.176025984Z  [2021-10-01T19:30:22Z INFO  dt_instance] A "105"
2021-10-01T19:30:22.177409839Z  [2021-10-01T19:30:22Z INFO  dt_instance] A "106"
2021-10-01T19:30:22.179860565Z  [2021-10-01T19:30:22Z INFO  dt_instance] A "107"
2021-10-01T19:30:22.182183662Z  [2021-10-01T19:30:22Z INFO  dt_instance] A "108"
2021-10-01T19:30:22.184948398Z  [2021-10-01T19:30:22Z INFO  dt_instance] A "109"
2021-10-01T19:30:22.187454850Z  [2021-10-01T19:30:22Z INFO  dt_instance] A "110"
2021-10-01T19:30:22.189882801Z  [2021-10-01T19:30:22Z INFO  dt_instance] A "111"
2021-10-01T19:30:22.192318685Z  [2021-10-01T19:30:22Z INFO  dt_instance] A "112"
2021-10-01T19:30:22.195023980Z  [2021-10-01T19:30:22Z INFO  dt_instance] A "113"
2021-10-01T19:30:22.196268353Z  [2021-10-01T19:30:22Z INFO  dt_instance] A "114"
2021-10-01T19:30:22.198907142Z  [2021-10-01T19:30:22Z INFO  dt_instance] A "115"
2021-10-01T19:30:22.201359885Z  [2021-10-01T19:30:22Z INFO  dt_instance] A "116"
2021-10-01T19:30:22.203911022Z  [2021-10-01T19:30:22Z INFO  dt_instance] A "117"
2021-10-01T19:30:22.206376637Z  [2021-10-01T19:30:22Z INFO  dt_instance] A "118"
2021-10-01T19:30:22.208797754Z  [2021-10-01T19:30:22Z INFO  dt_instance] A "119"
2021-10-01T19:30:22.211279402Z  [2021-10-01T19:30:22Z INFO  dt_instance] A "120"
2021-10-01T19:30:22.213768227Z  [2021-10-01T19:30:22Z INFO  dt_instance] A "121"
2021-10-01T19:30:22.216206607Z  [2021-10-01T19:30:22Z INFO  dt_instance] A "122"
2021-10-01T19:30:22.218381238Z  [2021-10-01T19:30:22Z INFO  dt_instance] A "123"
2021-10-01T19:30:22.221035096Z  [2021-10-01T19:30:22Z INFO  dt_instance] A "124"
2021-10-01T19:30:22.222720580Z  [2021-10-01T19:30:22Z INFO  dt_instance] A "125"
2021-10-01T19:30:22.225258692Z  [2021-10-01T19:30:22Z INFO  dt_instance] A "126"
2021-10-01T19:30:22.227147983Z  [2021-10-01T19:30:22Z INFO  dt_instance] A "127"
2021-10-01T19:30:22.229454675Z  [2021-10-01T19:30:22Z INFO  dt_instance] A "128"
2021-10-01T19:30:22.232556689Z  [2021-10-01T19:30:22Z INFO  dt_instance] A "129"
2021-10-01T19:30:22.233247694Z  [2021-10-01T19:30:22Z INFO  dt_instance] A "130"
2021-10-01T19:30:22.235804032Z  [2021-10-01T19:30:22Z INFO  dt_instance] A "131"
2021-10-01T19:30:22.237386579Z  [2021-10-01T19:30:22Z INFO  dt_instance] A "132"
2021-10-01T19:30:22.239869177Z  [2021-10-01T19:30:22Z INFO  dt_instance] A "133"
2021-10-01T19:30:22.242331585Z  [2021-10-01T19:30:22Z INFO  dt_instance] A "134"
2021-10-01T19:30:22.244846323Z  [2021-10-01T19:30:22Z INFO  dt_instance] A "135"
2021-10-01T19:30:22.247415411Z  [2021-10-01T19:30:22Z INFO  dt_instance] A "136"
2021-10-01T19:30:22.250170217Z  [2021-10-01T19:30:22Z INFO  dt_instance] A "137"
2021-10-01T19:30:22.252553171Z  [2021-10-01T19:30:22Z INFO  dt_instance] A "138"
2021-10-01T19:30:22.253978421Z  [2021-10-01T19:30:22Z INFO  dt_instance] A "139"
2021-10-01T19:30:22.256653200Z  [2021-10-01T19:30:22Z INFO  dt_instance] A "140"
2021-10-01T19:30:22.259480854Z  [2021-10-01T19:30:22Z INFO  dt_instance] A "141"
2021-10-01T19:30:22.261509636Z  [2021-10-01T19:30:22Z INFO  dt_instance] A "142"
2021-10-01T19:30:22.263841413Z  [2021-10-01T19:30:22Z INFO  dt_instance] A "143"
2021-10-01T19:30:22.266709709Z  [2021-10-01T19:30:22Z INFO  dt_instance] A "144"
2021-10-01T19:30:22.267523856Z  [2021-10-01T19:30:22Z INFO  dt_instance] A "145"
2021-10-01T19:30:22.270362930Z  [2021-10-01T19:30:22Z INFO  dt_instance] A "146"
2021-10-01T19:30:22.272520950Z  [2021-10-01T19:30:22Z INFO  dt_instance] A "147"
2021-10-01T19:30:22.275665526Z  [2021-10-01T19:30:22Z INFO  dt_instance] A "148"
2021-10-01T19:30:22.276835769Z  [2021-10-01T19:30:22Z INFO  dt_instance] A "149"
2021-10-01T19:30:22.278904719Z  [2021-10-01T19:30:22Z INFO  dt_instance] A "150"
2021-10-01T19:30:22.280140448Z  [2021-10-01T19:30:22Z INFO  dt_instance] A "151"
2021-10-01T19:30:22.282526201Z  [2021-10-01T19:30:22Z INFO  dt_instance] A "152"
2021-10-01T19:30:22.284829974Z  [2021-10-01T19:30:22Z INFO  dt_instance] A "153"
2021-10-01T19:30:22.286257502Z  [2021-10-01T19:30:22Z INFO  dt_instance] A "154"
2021-10-01T19:30:22.288760063Z  [2021-10-01T19:30:22Z INFO  dt_instance] A "155"
2021-10-01T19:30:22.291256989Z  [2021-10-01T19:30:22Z INFO  dt_instance] A "156"
2021-10-01T19:30:22.294023436Z  [2021-10-01T19:30:22Z INFO  dt_instance] A "157"
2021-10-01T19:30:22.295498038Z  [2021-10-01T19:30:22Z INFO  dt_instance] A "158"
2021-10-01T19:30:22.297899040Z  [2021-10-01T19:30:22Z INFO  dt_instance] A "159"
2021-10-01T19:30:22.299376915Z  [2021-10-01T19:30:22Z INFO  dt_instance] A "160"
2021-10-01T19:30:22.301855900Z  [2021-10-01T19:30:22Z INFO  dt_instance] A "161"
2021-10-01T19:30:22.304383751Z  [2021-10-01T19:30:22Z INFO  dt_instance] A "162"
2021-10-01T19:30:22.306835374Z  [2021-10-01T19:30:22Z INFO  dt_instance] A "163"
2021-10-01T19:30:22.308245963Z  [2021-10-01T19:30:22Z INFO  dt_instance] A "164"
2021-10-01T19:30:22.310886534Z  [2021-10-01T19:30:22Z INFO  dt_instance] A "165"
2021-10-01T19:30:22.313400069Z  [2021-10-01T19:30:22Z INFO  dt_instance] A "166"
2021-10-01T19:30:22.315894544Z  [2021-10-01T19:30:22Z INFO  dt_instance] A "167"
2021-10-01T19:30:22.317441208Z  [2021-10-01T19:30:22Z INFO  dt_instance] A "168"
2021-10-01T19:30:22.319836320Z  [2021-10-01T19:30:22Z INFO  dt_instance] A "169"
2021-10-01T19:30:22.322357068Z  [2021-10-01T19:30:22Z INFO  dt_instance] A "170"
2021-10-01T19:30:22.324851756Z  [2021-10-01T19:30:22Z INFO  dt_instance] A "171"
2021-10-01T19:30:22.326496726Z  [2021-10-01T19:30:22Z INFO  dt_instance] A "172"
2021-10-01T19:30:22.328841624Z  [2021-10-01T19:30:22Z INFO  dt_instance] A "173"
2021-10-01T19:30:22.330382179Z  [2021-10-01T19:30:22Z INFO  dt_instance] A "174"
2021-10-01T19:30:22.333041740Z  [2021-10-01T19:30:22Z INFO  dt_instance] A "175"
2021-10-01T19:30:22.334546910Z  [2021-10-01T19:30:22Z INFO  dt_instance] A "176"
2021-10-01T19:30:22.337079636Z  [2021-10-01T19:30:22Z INFO  dt_instance] A "177"
2021-10-01T19:30:22.338517378Z  [2021-10-01T19:30:22Z INFO  dt_instance] A "178"
2021-10-01T19:30:22.341298955Z  [2021-10-01T19:30:22Z INFO  dt_instance] A "179"
2021-10-01T19:30:22.343497156Z  [2021-10-01T19:30:22Z INFO  dt_instance] A "180"
2021-10-01T19:30:22.346147785Z  [2021-10-01T19:30:22Z INFO  dt_instance] A "181"
2021-10-01T19:30:22.348380129Z  [2021-10-01T19:30:22Z INFO  dt_instance] A "182"
2021-10-01T19:30:22.351044329Z  [2021-10-01T19:30:22Z INFO  dt_instance] A "183"
2021-10-01T19:30:22.352324651Z  [2021-10-01T19:30:22Z INFO  dt_instance] A "184"
2021-10-01T19:30:22.354995625Z  [2021-10-01T19:30:22Z INFO  dt_instance] A "185"
2021-10-01T19:30:22.357303486Z  [2021-10-01T19:30:22Z INFO  dt_instance] A "186"
2021-10-01T19:30:22.359450334Z  [2021-10-01T19:30:22Z INFO  dt_instance] A "187"
2021-10-01T19:30:22.362012295Z  [2021-10-01T19:30:22Z INFO  dt_instance] A "188"
2021-10-01T19:30:22.364630717Z  [2021-10-01T19:30:22Z INFO  dt_instance] A "189"
2021-10-01T19:30:22.367042330Z  [2021-10-01T19:30:22Z INFO  dt_instance] A "190"
2021-10-01T19:30:22.369075218Z  [2021-10-01T19:30:22Z INFO  dt_instance] A "191"
2021-10-01T19:30:22.371313511Z  [2021-10-01T19:30:22Z INFO  dt_instance] A "192"
2021-10-01T19:30:22.373886863Z  [2021-10-01T19:30:22Z INFO  dt_instance] A "193"
2021-10-01T19:30:22.376213034Z  [2021-10-01T19:30:22Z INFO  dt_instance] A "194"
2021-10-01T19:30:22.378849748Z  [2021-10-01T19:30:22Z INFO  dt_instance] A "195"
2021-10-01T19:30:22.381642778Z  [2021-10-01T19:30:22Z INFO  dt_instance] A "196"
2021-10-01T19:30:22.384189748Z  [2021-10-01T19:30:22Z INFO  dt_instance] A "197"
2021-10-01T19:30:22.385668220Z  [2021-10-01T19:30:22Z INFO  dt_instance] A "198"
2021-10-01T19:30:22.388230696Z  [2021-10-01T19:30:22Z INFO  dt_instance] A "199"
2021-10-01T19:30:22.389775792Z  [2021-10-01T19:30:22Z INFO  dt_instance] A "200"
2021-10-01T19:30:22.392434385Z  [2021-10-01T19:30:22Z INFO  dt_instance] A "201"
2021-10-01T19:30:22.394185766Z  [2021-10-01T19:30:22Z INFO  dt_instance] A "202"
2021-10-01T19:30:22.396567552Z  [2021-10-01T19:30:22Z INFO  dt_instance] A "203"
2021-10-01T19:30:22.399215348Z  [2021-10-01T19:30:22Z INFO  dt_instance] A "204"
2021-10-01T19:30:22.401332999Z  [2021-10-01T19:30:22Z INFO  dt_instance] A "205"
2021-10-01T19:30:22.404094564Z  [2021-10-01T19:30:22Z INFO  dt_instance] A "206"
2021-10-01T19:30:22.406573166Z  [2021-10-01T19:30:22Z INFO  dt_instance] A "207"
2021-10-01T19:30:22.408591166Z  [2021-10-01T19:30:22Z INFO  dt_instance] A "208"
2021-10-01T19:30:22.411148209Z  [2021-10-01T19:30:22Z INFO  dt_instance] A "209"
2021-10-01T19:30:22.412330513Z  [2021-10-01T19:30:22Z INFO  dt_instance] A "210"
2021-10-01T19:30:22.415147044Z  [2021-10-01T19:30:22Z INFO  dt_instance] A "211"
2021-10-01T19:30:22.416404786Z  [2021-10-01T19:30:22Z INFO  dt_instance] A "212"
2021-10-01T19:30:22.418979278Z  [2021-10-01T19:30:22Z INFO  dt_instance] A "213"
2021-10-01T19:30:22.420202762Z  [2021-10-01T19:30:22Z INFO  dt_instance] A "214"
2021-10-01T19:30:22.423279393Z  [2021-10-01T19:30:22Z INFO  dt_instance] A "215"
2021-10-01T19:30:22.424600875Z  [2021-10-01T19:30:22Z INFO  dt_instance] A "216"
2021-10-01T19:30:22.426885817Z  [2021-10-01T19:30:22Z INFO  dt_instance] A "217"
2021-10-01T19:30:22.428173365Z  [2021-10-01T19:30:22Z INFO  dt_instance] A "218"
2021-10-01T19:30:22.430786239Z  [2021-10-01T19:30:22Z INFO  dt_instance] A "219"
2021-10-01T19:30:22.433243426Z  [2021-10-01T19:30:22Z INFO  dt_instance] A "220"
2021-10-01T19:30:22.435854459Z  [2021-10-01T19:30:22Z INFO  dt_instance] A "221"
2021-10-01T19:30:22.438527918Z  [2021-10-01T19:30:22Z INFO  dt_instance] A "222"
2021-10-01T19:30:22.441105466Z  [2021-10-01T19:30:22Z INFO  dt_instance] A "223"
2021-10-01T19:30:22.443438575Z  [2021-10-01T19:30:22Z INFO  dt_instance] A "224"
2021-10-01T19:30:22.445674495Z  [2021-10-01T19:30:22Z INFO  dt_instance] A "225"
2021-10-01T19:30:22.448075931Z  [2021-10-01T19:30:22Z INFO  dt_instance] A "226"
2021-10-01T19:30:22.450517243Z  [2021-10-01T19:30:22Z INFO  dt_instance] A "227"
2021-10-01T19:30:22.452878632Z  [2021-10-01T19:30:22Z INFO  dt_instance] A "228"
2021-10-01T19:30:22.454435789Z  [2021-10-01T19:30:22Z INFO  dt_instance] A "229"
2021-10-01T19:30:22.456808697Z  [2021-10-01T19:30:22Z INFO  dt_instance] A "230"
2021-10-01T19:30:22.458368403Z  [2021-10-01T19:30:22Z INFO  dt_instance] A "231"
2021-10-01T19:30:22.461020473Z  [2021-10-01T19:30:22Z INFO  dt_instance] A "232"
2021-10-01T19:30:22.462499734Z  [2021-10-01T19:30:22Z INFO  dt_instance] A "233"
2021-10-01T19:30:22.464982631Z  [2021-10-01T19:30:22Z INFO  dt_instance] A "234"
2021-10-01T19:30:22.466326199Z  [2021-10-01T19:30:22Z INFO  dt_instance] A "235"
2021-10-01T19:30:22.468770670Z  [2021-10-01T19:30:22Z INFO  dt_instance] A "236"
2021-10-01T19:30:22.471383539Z  [2021-10-01T19:30:22Z INFO  dt_instance] A "237"
2021-10-01T19:30:22.472513539Z  [2021-10-01T19:30:22Z INFO  dt_instance] A "238"
2021-10-01T19:30:22.475244331Z  [2021-10-01T19:30:22Z INFO  dt_instance] A "239"
2021-10-01T19:30:22.476651499Z  [2021-10-01T19:30:22Z INFO  dt_instance] A "240"
2021-10-01T19:30:22.479478682Z  [2021-10-01T19:30:22Z INFO  dt_instance] A "241"
2021-10-01T19:30:22.481448794Z  [2021-10-01T19:30:22Z INFO  dt_instance] A "242"
2021-10-01T19:30:22.484286008Z  [2021-10-01T19:30:22Z INFO  dt_instance] A "243"
2021-10-01T19:30:22.486666917Z  [2021-10-01T19:30:22Z INFO  dt_instance] A "244"
2021-10-01T19:30:22.489259011Z  [2021-10-01T19:30:22Z INFO  dt_instance] A "245"
2021-10-01T19:30:22.491339872Z  [2021-10-01T19:30:22Z INFO  dt_instance] A "246"
2021-10-01T19:30:22.494226228Z  [2021-10-01T19:30:22Z INFO  dt_instance] A "247"
2021-10-01T19:30:22.495370332Z  [2021-10-01T19:30:22Z INFO  dt_instance] A "248"
2021-10-01T19:30:22.497945526Z  [2021-10-01T19:30:22Z INFO  dt_instance] A "249"
2021-10-01T19:30:22.500369244Z  [2021-10-01T19:30:22Z INFO  dt_instance] A "250"
2021-10-01T19:30:22.502878582Z  [2021-10-01T19:30:22Z INFO  dt_instance] A "251"
2021-10-01T19:30:22.504423477Z  [2021-10-01T19:30:22Z INFO  dt_instance] A "252"
2021-10-01T19:30:22.507176463Z  [2021-10-01T19:30:22Z INFO  dt_instance] A "253"
2021-10-01T19:30:22.508564181Z  [2021-10-01T19:30:22Z INFO  dt_instance] A "254"
2021-10-01T19:30:22.511530116Z  [2021-10-01T19:30:22Z INFO  dt_instance] A "255"
2021-10-01T19:30:22.512902626Z  [2021-10-01T19:30:22Z INFO  dt_instance] A "256"
2021-10-01T19:30:22.515621095Z  [2021-10-01T19:30:22Z INFO  dt_instance] A "257"
2021-10-01T19:30:22.518322621Z  [2021-10-01T19:30:22Z INFO  dt_instance] A "258"
2021-10-01T19:30:22.520107007Z  [2021-10-01T19:30:22Z INFO  dt_instance] A "259"
2021-10-01T19:30:22.522166509Z  [2021-10-01T19:30:22Z INFO  dt_instance] A "260"
2021-10-01T19:30:22.524767433Z  [2021-10-01T19:30:22Z INFO  dt_instance] A "261"
2021-10-01T19:30:22.527229905Z  [2021-10-01T19:30:22Z INFO  dt_instance] A "262"
2021-10-01T19:30:22.529740782Z  [2021-10-01T19:30:22Z INFO  dt_instance] A "263"
2021-10-01T19:30:22.532230019Z  [2021-10-01T19:30:22Z INFO  dt_instance] A "264"
2021-10-01T19:30:22.534577529Z  [2021-10-01T19:30:22Z INFO  dt_instance] A "265"
2021-10-01T19:30:22.537453147Z  [2021-10-01T19:30:22Z INFO  dt_instance] A "266"
2021-10-01T19:30:22.539164010Z  [2021-10-01T19:30:22Z INFO  dt_instance] A "267"
2021-10-01T19:30:22.541511942Z  [2021-10-01T19:30:22Z INFO  dt_instance] A "268"
2021-10-01T19:30:22.544277576Z  [2021-10-01T19:30:22Z INFO  dt_instance] A "269"
2021-10-01T19:30:22.545749155Z  [2021-10-01T19:30:22Z INFO  dt_instance] A "270"
2021-10-01T19:30:22.548438573Z  [2021-10-01T19:30:22Z INFO  dt_instance] A "271"
2021-10-01T19:30:22.550517638Z  [2021-10-01T19:30:22Z INFO  dt_instance] A "272"
2021-10-01T19:30:22.553225167Z  [2021-10-01T19:30:22Z INFO  dt_instance] A "273"
2021-10-01T19:30:22.555311533Z  [2021-10-01T19:30:22Z INFO  dt_instance] A "274"
2021-10-01T19:30:22.557482072Z  [2021-10-01T19:30:22Z INFO  dt_instance] A "275"
2021-10-01T19:30:22.559779333Z  [2021-10-01T19:30:22Z INFO  dt_instance] A "276"
2021-10-01T19:30:22.562202941Z  [2021-10-01T19:30:22Z INFO  dt_instance] A "277"
2021-10-01T19:30:22.564613588Z  [2021-10-01T19:30:22Z INFO  dt_instance] A "278"
2021-10-01T19:30:22.566962052Z  [2021-10-01T19:30:22Z INFO  dt_instance] A "279"
2021-10-01T19:30:22.569098003Z  [2021-10-01T19:30:22Z INFO  dt_instance] A "280"
2021-10-01T19:30:22.571509912Z  [2021-10-01T19:30:22Z INFO  dt_instance] A "281"
2021-10-01T19:30:22.575193117Z  [2021-10-01T19:30:22Z INFO  dt_instance] A "282"
2021-10-01T19:30:22.575589766Z  [2021-10-01T19:30:22Z INFO  dt_instance] A "283"
2021-10-01T19:30:22.578083936Z  [2021-10-01T19:30:22Z INFO  dt_instance] A "284"
2021-10-01T19:30:22.579469082Z  [2021-10-01T19:30:22Z INFO  dt_instance] A "285"
2021-10-01T19:30:22.581990802Z  [2021-10-01T19:30:22Z INFO  dt_instance] A "286"
2021-10-01T19:30:22.583353910Z  [2021-10-01T19:30:22Z INFO  dt_instance] A "287"
2021-10-01T19:30:22.585950115Z  [2021-10-01T19:30:22Z INFO  dt_instance] A "288"
2021-10-01T19:30:22.588460522Z  [2021-10-01T19:30:22Z INFO  dt_instance] A "289"
2021-10-01T19:30:22.591010388Z  [2021-10-01T19:30:22Z INFO  dt_instance] A "290"
2021-10-01T19:30:22.592371625Z  [2021-10-01T19:30:22Z INFO  dt_instance] A "291"
2021-10-01T19:30:22.595148895Z  [2021-10-01T19:30:22Z INFO  dt_instance] A "292"
2021-10-01T19:30:22.596547689Z  [2021-10-01T19:30:22Z INFO  dt_instance] A "293"
2021-10-01T19:30:22.599323363Z  [2021-10-01T19:30:22Z INFO  dt_instance] A "294"
2021-10-01T19:30:22.601461634Z  [2021-10-01T19:30:22Z INFO  dt_instance] A "295"
2021-10-01T19:30:22.603575910Z  [2021-10-01T19:30:22Z INFO  dt_instance] A "296"
2021-10-01T19:30:22.606319384Z  [2021-10-01T19:30:22Z INFO  dt_instance] A "297"
2021-10-01T19:30:22.608532791Z  [2021-10-01T19:30:22Z INFO  dt_instance] A "298"
2021-10-01T19:30:22.611570570Z  [2021-10-01T19:30:22Z INFO  dt_instance] A "299"
2021-10-01T19:30:22.613687593Z  [2021-10-01T19:30:22Z INFO  dt_instance] A "300"
2021-10-01T19:30:22.616506994Z  [2021-10-01T19:30:22Z INFO  dt_instance] A "301"
2021-10-01T19:30:22.617779747Z  [2021-10-01T19:30:22Z INFO  dt_instance] A "302"
2021-10-01T19:30:22.620550984Z  [2021-10-01T19:30:22Z INFO  dt_instance] A "303"
2021-10-01T19:30:22.623369126Z  [2021-10-01T19:30:22Z INFO  dt_instance] A "304"
2021-10-01T19:30:22.625527380Z  [2021-10-01T19:30:22Z INFO  dt_instance] A "305"
2021-10-01T19:30:22.627991782Z  [2021-10-01T19:30:22Z INFO  dt_instance] A "306"
2021-10-01T19:30:22.630231854Z  [2021-10-01T19:30:22Z INFO  dt_instance] A "307"
2021-10-01T19:30:22.631226804Z  [2021-10-01T19:30:22Z INFO  dt_instance] A "308"
2021-10-01T19:30:22.633946938Z  [2021-10-01T19:30:22Z INFO  dt_instance] A "309"
2021-10-01T19:30:22.636282995Z  [2021-10-01T19:30:22Z INFO  dt_instance] A "310"
2021-10-01T19:30:22.638504292Z  [2021-10-01T19:30:22Z INFO  dt_instance] A "311"
2021-10-01T19:30:22.640978976Z  [2021-10-01T19:30:22Z INFO  dt_instance] A "312"
2021-10-01T19:30:22.642532380Z  [2021-10-01T19:30:22Z INFO  dt_instance] A "313"
2021-10-01T19:30:22.644937904Z  [2021-10-01T19:30:22Z INFO  dt_instance] A "314"
2021-10-01T19:30:22.647447196Z  [2021-10-01T19:30:22Z INFO  dt_instance] A "315"
2021-10-01T19:30:22.650016280Z  [2021-10-01T19:30:22Z INFO  dt_instance] A "316"
2021-10-01T19:30:22.652236656Z  [2021-10-01T19:30:22Z INFO  dt_instance] A "317"
2021-10-01T19:30:22.654710370Z  [2021-10-01T19:30:22Z INFO  dt_instance] A "318"
2021-10-01T19:30:22.657571870Z  [2021-10-01T19:30:22Z INFO  dt_instance] A "319"
2021-10-01T19:30:22.660131025Z  [2021-10-01T19:30:22Z INFO  dt_instance] A "320"
2021-10-01T19:30:22.662914720Z  [2021-10-01T19:30:22Z INFO  dt_instance] A "321"
2021-10-01T19:30:22.663321461Z  [2021-10-01T19:30:22Z INFO  dt_instance] A "322"
2021-10-01T19:30:22.666087484Z  [2021-10-01T19:30:22Z INFO  dt_instance] A "323"
2021-10-01T19:30:22.667413007Z  [2021-10-01T19:30:22Z INFO  dt_instance] A "324"
2021-10-01T19:30:22.670085248Z  [2021-10-01T19:30:22Z INFO  dt_instance] A "325"
2021-10-01T19:30:22.671517880Z  [2021-10-01T19:30:22Z INFO  dt_instance] A "326"
2021-10-01T19:30:22.674263155Z  [2021-10-01T19:30:22Z INFO  dt_instance] A "327"
2021-10-01T19:30:22.675753087Z  [2021-10-01T19:30:22Z INFO  dt_instance] A "328"
2021-10-01T19:30:22.678548390Z  [2021-10-01T19:30:22Z INFO  dt_instance] A "329"
2021-10-01T19:30:22.680684040Z  [2021-10-01T19:30:22Z INFO  dt_instance] A "330"
2021-10-01T19:30:22.683405035Z  [2021-10-01T19:30:22Z INFO  dt_instance] A "331"
2021-10-01T19:30:22.685678424Z  [2021-10-01T19:30:22Z INFO  dt_instance] A "332"
2021-10-01T19:30:22.688028097Z  [2021-10-01T19:30:22Z INFO  dt_instance] A "333"
2021-10-01T19:30:22.689582668Z  [2021-10-01T19:30:22Z INFO  dt_instance] A "334"
2021-10-01T19:30:22.692334446Z  [2021-10-01T19:30:22Z INFO  dt_instance] A "335"
2021-10-01T19:30:22.693908923Z  [2021-10-01T19:30:22Z INFO  dt_instance] A "336"
2021-10-01T19:30:22.696234321Z  [2021-10-01T19:30:22Z INFO  dt_instance] A "337"
2021-10-01T19:30:22.698556062Z  [2021-10-01T19:30:22Z INFO  dt_instance] A "338"
2021-10-01T19:30:22.701089685Z  [2021-10-01T19:30:22Z INFO  dt_instance] A "339"
2021-10-01T19:30:22.702570078Z  [2021-10-01T19:30:22Z INFO  dt_instance] A "340"
2021-10-01T19:30:22.705336990Z  [2021-10-01T19:30:22Z INFO  dt_instance] A "341"
2021-10-01T19:30:22.706707991Z  [2021-10-01T19:30:22Z INFO  dt_instance] A "342"
2021-10-01T19:30:22.709234845Z  [2021-10-01T19:30:22Z INFO  dt_instance] A "343"
2021-10-01T19:30:22.711350436Z  [2021-10-01T19:30:22Z INFO  dt_instance] A "344"
2021-10-01T19:30:22.713539235Z  [2021-10-01T19:30:22Z INFO  dt_instance] A "345"
2021-10-01T19:30:22.715865150Z  [2021-10-01T19:30:22Z INFO  dt_instance] A "346"
2021-10-01T19:30:22.718220075Z  [2021-10-01T19:30:22Z INFO  dt_instance] A "347"
2021-10-01T19:30:22.720702139Z  [2021-10-01T19:30:22Z INFO  dt_instance] A "348"
2021-10-01T19:30:22.723013103Z  [2021-10-01T19:30:22Z INFO  dt_instance] A "349"
2021-10-01T19:30:22.725316584Z  [2021-10-01T19:30:22Z INFO  dt_instance] A "350"
2021-10-01T19:30:22.727863348Z  [2021-10-01T19:30:22Z INFO  dt_instance] A "351"
2021-10-01T19:30:22.730226690Z  [2021-10-01T19:30:22Z INFO  dt_instance] A "352"
2021-10-01T19:30:22.731279271Z  [2021-10-01T19:30:22Z INFO  dt_instance] A "353"
2021-10-01T19:30:22.733901477Z  [2021-10-01T19:30:22Z INFO  dt_instance] A "354"
2021-10-01T19:30:22.735235484Z  [2021-10-01T19:30:22Z INFO  dt_instance] A "355"
2021-10-01T19:30:22.737991929Z  [2021-10-01T19:30:22Z INFO  dt_instance] A "356"
2021-10-01T19:30:22.739120167Z  [2021-10-01T19:30:22Z INFO  dt_instance] A "357"
2021-10-01T19:30:22.741796601Z  [2021-10-01T19:30:22Z INFO  dt_instance] A "358"
2021-10-01T19:30:22.744373955Z  [2021-10-01T19:30:22Z INFO  dt_instance] A "359"
2021-10-01T19:30:22.747212779Z  [2021-10-01T19:30:22Z INFO  dt_instance] A "360"
2021-10-01T19:30:22.748928705Z  [2021-10-01T19:30:22Z INFO  dt_instance] A "361"
2021-10-01T19:30:22.751183935Z  [2021-10-01T19:30:22Z INFO  dt_instance] A "362"
2021-10-01T19:30:22.753689517Z  [2021-10-01T19:30:22Z INFO  dt_instance] A "363"
2021-10-01T19:30:22.763627036Z  [2021-10-01T19:30:22Z INFO  dt_instance] A "364"
2021-10-01T19:30:22.763659715Z  [2021-10-01T19:30:22Z INFO  dt_instance] A "365"
2021-10-01T19:30:22.763695430Z  [2021-10-01T19:30:22Z INFO  dt_instance] A "366"
2021-10-01T19:30:22.764585561Z  [2021-10-01T19:30:22Z INFO  dt_instance] A "367"
2021-10-01T19:30:22.767854133Z  [2021-10-01T19:30:22Z INFO  dt_instance] A "368"
2021-10-01T19:30:22.767922039Z  [2021-10-01T19:30:22Z INFO  dt_instance] A "369"
2021-10-01T19:30:22.772769073Z  [2021-10-01T19:30:22Z INFO  dt_instance] A "370"
2021-10-01T19:30:22.773301511Z  [2021-10-01T19:30:22Z INFO  dt_instance] A "371"
2021-10-01T19:30:22.774628252Z  [2021-10-01T19:30:22Z INFO  dt_instance] A "372"
2021-10-01T19:30:22.776951157Z  [2021-10-01T19:30:22Z INFO  dt_instance] A "373"
2021-10-01T19:30:22.779058393Z  [2021-10-01T19:30:22Z INFO  dt_instance] A "374"
2021-10-01T19:30:22.781480698Z  [2021-10-01T19:30:22Z INFO  dt_instance] A "375"
2021-10-01T19:30:22.784012078Z  [2021-10-01T19:30:22Z INFO  dt_instance] A "376"
2021-10-01T19:30:22.786127506Z  [2021-10-01T19:30:22Z INFO  dt_instance] A "377"
2021-10-01T19:30:22.788477546Z  [2021-10-01T19:30:22Z INFO  dt_instance] A "378"
2021-10-01T19:30:22.791063176Z  [2021-10-01T19:30:22Z INFO  dt_instance] A "379"
2021-10-01T19:30:22.793692933Z  [2021-10-01T19:30:22Z INFO  dt_instance] A "380"
2021-10-01T19:30:22.795993347Z  [2021-10-01T19:30:22Z INFO  dt_instance] A "381"
2021-10-01T19:30:22.797525835Z  [2021-10-01T19:30:22Z INFO  dt_instance] A "382"
2021-10-01T19:30:22.799922017Z  [2021-10-01T19:30:22Z INFO  dt_instance] A "383"
2021-10-01T19:30:22.802461733Z  [2021-10-01T19:30:22Z INFO  dt_instance] A "384"
2021-10-01T19:30:22.804977342Z  [2021-10-01T19:30:22Z INFO  dt_instance] A "385"
2021-10-01T19:30:22.807456903Z  [2021-10-01T19:30:22Z INFO  dt_instance] A "386"
2021-10-01T19:30:22.809953188Z  [2021-10-01T19:30:22Z INFO  dt_instance] A "387"
2021-10-01T19:30:22.812483399Z  [2021-10-01T19:30:22Z INFO  dt_instance] A "388"
2021-10-01T19:30:22.815259509Z  [2021-10-01T19:30:22Z INFO  dt_instance] A "389"
2021-10-01T19:30:22.816475241Z  [2021-10-01T19:30:22Z INFO  dt_instance] A "390"
2021-10-01T19:30:22.819054487Z  [2021-10-01T19:30:22Z INFO  dt_instance] A "391"
2021-10-01T19:30:22.821452143Z  [2021-10-01T19:30:22Z INFO  dt_instance] A "392"
2021-10-01T19:30:22.823827954Z  [2021-10-01T19:30:22Z INFO  dt_instance] A "393"
2021-10-01T19:30:22.826278350Z  [2021-10-01T19:30:22Z INFO  dt_instance] A "394"
2021-10-01T19:30:22.828732275Z  [2021-10-01T19:30:22Z INFO  dt_instance] A "395"
2021-10-01T19:30:22.831161062Z  [2021-10-01T19:30:22Z INFO  dt_instance] A "396"
2021-10-01T19:30:22.834071665Z  [2021-10-01T19:30:22Z INFO  dt_instance] A "397"
2021-10-01T19:30:22.835712558Z  [2021-10-01T19:30:22Z INFO  dt_instance] A "398"
2021-10-01T19:30:22.838291429Z  [2021-10-01T19:30:22Z INFO  dt_instance] A "399"
2021-10-01T19:30:22.839598898Z  [2021-10-01T19:30:22Z INFO  dt_instance] A "400"
2021-10-01T19:30:22.842149884Z  [2021-10-01T19:30:22Z INFO  dt_instance] A "401"
2021-10-01T19:30:22.843392992Z  [2021-10-01T19:30:22Z INFO  dt_instance] A "402"
2021-10-01T19:30:22.845744660Z  [2021-10-01T19:30:22Z INFO  dt_instance] A "403"
2021-10-01T19:30:22.848018031Z  [2021-10-01T19:30:22Z INFO  dt_instance] A "404"
2021-10-01T19:30:22.850419301Z  [2021-10-01T19:30:22Z INFO  dt_instance] A "405"
2021-10-01T19:30:22.852915096Z  [2021-10-01T19:30:22Z INFO  dt_instance] A "406"
2021-10-01T19:30:22.854649407Z  [2021-10-01T19:30:22Z INFO  dt_instance] A "407"
2021-10-01T19:30:22.856975409Z  [2021-10-01T19:30:22Z INFO  dt_instance] A "408"
2021-10-01T19:30:22.859437089Z  [2021-10-01T19:30:22Z INFO  dt_instance] A "409"
2021-10-01T19:30:22.862050745Z  [2021-10-01T19:30:22Z INFO  dt_instance] A "410"
2021-10-01T19:30:22.863328897Z  [2021-10-01T19:30:22Z INFO  dt_instance] A "411"
2021-10-01T19:30:22.866070706Z  [2021-10-01T19:30:22Z INFO  dt_instance] A "412"
2021-10-01T19:30:22.868369943Z  [2021-10-01T19:30:22Z INFO  dt_instance] A "413"
2021-10-01T19:30:22.871035750Z  [2021-10-01T19:30:22Z INFO  dt_instance] A "414"
2021-10-01T19:30:22.873660522Z  [2021-10-01T19:30:22Z INFO  dt_instance] A "415"
2021-10-01T19:30:22.876112220Z  [2021-10-01T19:30:22Z INFO  dt_instance] A "416"
2021-10-01T19:30:22.877501192Z  [2021-10-01T19:30:22Z INFO  dt_instance] A "417"
2021-10-01T19:30:22.879944315Z  [2021-10-01T19:30:22Z INFO  dt_instance] A "418"
2021-10-01T19:30:22.882505055Z  [2021-10-01T19:30:22Z INFO  dt_instance] A "419"
2021-10-01T19:30:22.884966240Z  [2021-10-01T19:30:22Z INFO  dt_instance] A "420"
2021-10-01T19:30:22.887300095Z  [2021-10-01T19:30:22Z INFO  dt_instance] A "421"
2021-10-01T19:30:22.889818038Z  [2021-10-01T19:30:22Z INFO  dt_instance] A "422"
2021-10-01T19:30:22.892433503Z  [2021-10-01T19:30:22Z INFO  dt_instance] A "423"
2021-10-01T19:30:22.894804766Z  [2021-10-01T19:30:22Z INFO  dt_instance] A "424"
2021-10-01T19:30:22.897366239Z  [2021-10-01T19:30:22Z INFO  dt_instance] A "425"
2021-10-01T19:30:22.900583742Z  [2021-10-01T19:30:22Z INFO  dt_instance] A "426"
2021-10-01T19:30:22.901649406Z  [2021-10-01T19:30:22Z INFO  dt_instance] A "427"
2021-10-01T19:30:22.904357885Z  [2021-10-01T19:30:22Z INFO  dt_instance] A "428"
2021-10-01T19:30:22.906649204Z  [2021-10-01T19:30:22Z INFO  dt_instance] A "429"
2021-10-01T19:30:22.909136388Z  [2021-10-01T19:30:22Z INFO  dt_instance] A "430"
2021-10-01T19:30:22.911538622Z  [2021-10-01T19:30:22Z INFO  dt_instance] A "431"
2021-10-01T19:30:22.913982003Z  [2021-10-01T19:30:22Z INFO  dt_instance] A "432"
2021-10-01T19:30:22.915396490Z  [2021-10-01T19:30:22Z INFO  dt_instance] A "433"
2021-10-01T19:30:22.918054432Z  [2021-10-01T19:30:22Z INFO  dt_instance] A "434"
2021-10-01T19:30:22.920050888Z  [2021-10-01T19:30:22Z INFO  dt_instance] A "435"
2021-10-01T19:30:22.921391510Z  [2021-10-01T19:30:22Z INFO  dt_instance] A "436"
2021-10-01T19:30:22.923940751Z  [2021-10-01T19:30:22Z INFO  dt_instance] A "437"
2021-10-01T19:30:22.926428796Z  [2021-10-01T19:30:22Z INFO  dt_instance] A "438"
2021-10-01T19:30:22.928798228Z  [2021-10-01T19:30:22Z INFO  dt_instance] A "439"
2021-10-01T19:30:22.931430856Z  [2021-10-01T19:30:22Z INFO  dt_instance] A "440"
2021-10-01T19:30:22.934008093Z  [2021-10-01T19:30:22Z INFO  dt_instance] A "441"
2021-10-01T19:30:22.936452422Z  [2021-10-01T19:30:22Z INFO  dt_instance] A "442"
2021-10-01T19:30:22.938820790Z  [2021-10-01T19:30:22Z INFO  dt_instance] A "443"
2021-10-01T19:30:22.941406314Z  [2021-10-01T19:30:22Z INFO  dt_instance] A "444"
2021-10-01T19:30:22.943762607Z  [2021-10-01T19:30:22Z INFO  dt_instance] A "445"
2021-10-01T19:30:22.946234716Z  [2021-10-01T19:30:22Z INFO  dt_instance] A "446"
2021-10-01T19:30:22.948299138Z  [2021-10-01T19:30:22Z INFO  dt_instance] A "447"
2021-10-01T19:30:22.951032627Z  [2021-10-01T19:30:22Z INFO  dt_instance] A "448"
2021-10-01T19:30:22.953520138Z  [2021-10-01T19:30:22Z INFO  dt_instance] A "449"
2021-10-01T19:30:22.956093538Z  [2021-10-01T19:30:22Z INFO  dt_instance] A "450"
2021-10-01T19:30:22.957422595Z  [2021-10-01T19:30:22Z INFO  dt_instance] A "451"
2021-10-01T19:30:22.960129346Z  [2021-10-01T19:30:22Z INFO  dt_instance] A "452"
2021-10-01T19:30:22.962300097Z  [2021-10-01T19:30:22Z INFO  dt_instance] A "453"
2021-10-01T19:30:22.964779719Z  [2021-10-01T19:30:22Z INFO  dt_instance] A "454"
2021-10-01T19:30:22.967164007Z  [2021-10-01T19:30:22Z INFO  dt_instance] A "455"
2021-10-01T19:30:22.969658512Z  [2021-10-01T19:30:22Z INFO  dt_instance] A "456"
2021-10-01T19:30:22.972251583Z  [2021-10-01T19:30:22Z INFO  dt_instance] A "457"
2021-10-01T19:30:22.973454976Z  [2021-10-01T19:30:22Z INFO  dt_instance] A "458"
2021-10-01T19:30:22.975874359Z  [2021-10-01T19:30:22Z INFO  dt_instance] A "459"
2021-10-01T19:30:22.978366921Z  [2021-10-01T19:30:22Z INFO  dt_instance] A "460"
2021-10-01T19:30:22.980818059Z  [2021-10-01T19:30:22Z INFO  dt_instance] A "461"
2021-10-01T19:30:22.982367413Z  [2021-10-01T19:30:22Z INFO  dt_instance] A "462"
2021-10-01T19:30:22.984950724Z  [2021-10-01T19:30:22Z INFO  dt_instance] A "463"
2021-10-01T19:30:22.987565581Z  [2021-10-01T19:30:22Z INFO  dt_instance] A "464"
2021-10-01T19:30:22.990412870Z  [2021-10-01T19:30:22Z INFO  dt_instance] A "465"
2021-10-01T19:30:22.991692272Z  [2021-10-01T19:30:22Z INFO  dt_instance] A "466"
2021-10-01T19:30:22.994331990Z  [2021-10-01T19:30:22Z INFO  dt_instance] A "467"
2021-10-01T19:30:22.997192000Z  [2021-10-01T19:30:22Z INFO  dt_instance] A "468"
2021-10-01T19:30:22.999256576Z  [2021-10-01T19:30:22Z INFO  dt_instance] A "469"
2021-10-01T19:30:23.001761180Z  [2021-10-01T19:30:23Z INFO  dt_instance] A "470"
2021-10-01T19:30:23.004376121Z  [2021-10-01T19:30:23Z INFO  dt_instance] A "471"
2021-10-01T19:30:23.006627629Z  [2021-10-01T19:30:23Z INFO  dt_instance] A "472"
2021-10-01T19:30:23.009768065Z  [2021-10-01T19:30:23Z INFO  dt_instance] A "473"
2021-10-01T19:30:23.010966608Z  [2021-10-01T19:30:23Z INFO  dt_instance] A "474"
2021-10-01T19:30:23.013573892Z  [2021-10-01T19:30:23Z INFO  dt_instance] A "475"
2021-10-01T19:30:23.015563232Z  [2021-10-01T19:30:23Z INFO  dt_instance] A "476"
2021-10-01T19:30:23.018006136Z  [2021-10-01T19:30:23Z INFO  dt_instance] A "477"
2021-10-01T19:30:23.019287505Z  [2021-10-01T19:30:23Z INFO  dt_instance] A "478"
2021-10-01T19:30:23.021984498Z  [2021-10-01T19:30:23Z INFO  dt_instance] A "479"
2021-10-01T19:30:23.023182193Z  [2021-10-01T19:30:23Z INFO  dt_instance] A "480"
2021-10-01T19:30:23.025665931Z  [2021-10-01T19:30:23Z INFO  dt_instance] A "481"
2021-10-01T19:30:23.028115849Z  [2021-10-01T19:30:23Z INFO  dt_instance] A "482"
2021-10-01T19:30:23.030316931Z  [2021-10-01T19:30:23Z INFO  dt_instance] A "483"
2021-10-01T19:30:23.032747849Z  [2021-10-01T19:30:23Z INFO  dt_instance] A "484"
2021-10-01T19:30:23.035028660Z  [2021-10-01T19:30:23Z INFO  dt_instance] A "485"
2021-10-01T19:30:23.037915912Z  [2021-10-01T19:30:23Z INFO  dt_instance] A "486"
2021-10-01T19:30:23.040255374Z  [2021-10-01T19:30:23Z INFO  dt_instance] A "487"
2021-10-01T19:30:23.042487485Z  [2021-10-01T19:30:23Z INFO  dt_instance] A "488"
2021-10-01T19:30:23.044997151Z  [2021-10-01T19:30:23Z INFO  dt_instance] A "489"
2021-10-01T19:30:23.046784658Z  [2021-10-01T19:30:23Z INFO  dt_instance] A "490"
2021-10-01T19:30:23.048900722Z  [2021-10-01T19:30:23Z INFO  dt_instance] A "491"
2021-10-01T19:30:23.050327487Z  [2021-10-01T19:30:23Z INFO  dt_instance] A "492"
2021-10-01T19:30:23.052724196Z  [2021-10-01T19:30:23Z INFO  dt_instance] A "493"
2021-10-01T19:30:23.054257041Z  [2021-10-01T19:30:23Z INFO  dt_instance] A "494"
2021-10-01T19:30:23.056591396Z  [2021-10-01T19:30:23Z INFO  dt_instance] A "495"
2021-10-01T19:30:23.059190046Z  [2021-10-01T19:30:23Z INFO  dt_instance] A "496"
2021-10-01T19:30:23.061289815Z  [2021-10-01T19:30:23Z INFO  dt_instance] A "497"
2021-10-01T19:30:23.064030232Z  [2021-10-01T19:30:23Z INFO  dt_instance] A "498"
2021-10-01T19:30:23.066283831Z  [2021-10-01T19:30:23Z INFO  dt_instance] A "499"
2021-10-01T19:30:23.067260447Z  [2021-10-01T19:30:23Z INFO  dt_instance] A "500"
2021-10-01T19:30:23.069878793Z  [2021-10-01T19:30:23Z INFO  dt_instance] A "501"
2021-10-01T19:30:23.072611632Z  [2021-10-01T19:30:23Z INFO  dt_instance] A "502"
2021-10-01T19:30:23.075393603Z  [2021-10-01T19:30:23Z INFO  dt_instance] A "503"
2021-10-01T19:30:23.077566925Z  [2021-10-01T19:30:23Z INFO  dt_instance] A "504"
2021-10-01T19:30:23.079988976Z  [2021-10-01T19:30:23Z INFO  dt_instance] A "505"
2021-10-01T19:30:23.082365640Z  [2021-10-01T19:30:23Z INFO  dt_instance] A "506"
2021-10-01T19:30:23.084431788Z  [2021-10-01T19:30:23Z INFO  dt_instance] A "507"
2021-10-01T19:30:23.086998574Z  [2021-10-01T19:30:23Z INFO  dt_instance] A "508"
2021-10-01T19:30:23.089520667Z  [2021-10-01T19:30:23Z INFO  dt_instance] A "509"
2021-10-01T19:30:23.092099573Z  [2021-10-01T19:30:23Z INFO  dt_instance] A "510"
2021-10-01T19:30:23.094543154Z  [2021-10-01T19:30:23Z INFO  dt_instance] A "511"
2021-10-01T19:30:23.096848416Z  [2021-10-01T19:30:23Z INFO  dt_instance] A "512"
2021-10-01T19:30:23.099376688Z  [2021-10-01T19:30:23Z INFO  dt_instance] A "513"
2021-10-01T19:30:23.101955872Z  [2021-10-01T19:30:23Z INFO  dt_instance] A "514"
2021-10-01T19:30:23.103408289Z  [2021-10-01T19:30:23Z INFO  dt_instance] A "515"
2021-10-01T19:30:23.106324935Z  [2021-10-01T19:30:23Z INFO  dt_instance] A "516"
2021-10-01T19:30:23.107763010Z  [2021-10-01T19:30:23Z INFO  dt_instance] A "517"
2021-10-01T19:30:23.110266887Z  [2021-10-01T19:30:23Z INFO  dt_instance] A "518"
2021-10-01T19:30:23.111403346Z  [2021-10-01T19:30:23Z INFO  dt_instance] A "519"
2021-10-01T19:30:23.113940831Z  [2021-10-01T19:30:23Z INFO  dt_instance] A "520"
2021-10-01T19:30:23.116743598Z  [2021-10-01T19:30:23Z INFO  dt_instance] A "521"
2021-10-01T19:30:23.118873846Z  [2021-10-01T19:30:23Z INFO  dt_instance] A "522"
2021-10-01T19:30:23.121387702Z  [2021-10-01T19:30:23Z INFO  dt_instance] A "523"
2021-10-01T19:30:23.123822404Z  [2021-10-01T19:30:23Z INFO  dt_instance] A "524"
2021-10-01T19:30:23.127439330Z  [2021-10-01T19:30:23Z INFO  dt_instance] A "525"
2021-10-01T19:30:23.127701179Z  [2021-10-01T19:30:23Z INFO  dt_instance] A "526"
2021-10-01T19:30:23.130340359Z  [2021-10-01T19:30:23Z INFO  dt_instance] A "527"
2021-10-01T19:30:23.132620203Z  [2021-10-01T19:30:23Z INFO  dt_instance] A "528"
2021-10-01T19:30:23.135363227Z  [2021-10-01T19:30:23Z INFO  dt_instance] A "529"
2021-10-01T19:30:23.136637910Z  [2021-10-01T19:30:23Z INFO  dt_instance] A "530"
2021-10-01T19:30:23.139110763Z  [2021-10-01T19:30:23Z INFO  dt_instance] A "531"
2021-10-01T19:30:23.140479790Z  [2021-10-01T19:30:23Z INFO  dt_instance] A "532"
2021-10-01T19:30:23.143552539Z  [2021-10-01T19:30:23Z INFO  dt_instance] A "533"
2021-10-01T19:30:23.145566986Z  [2021-10-01T19:30:23Z INFO  dt_instance] A "534"
2021-10-01T19:30:23.148183786Z  [2021-10-01T19:30:23Z INFO  dt_instance] A "535"
2021-10-01T19:30:23.150461609Z  [2021-10-01T19:30:23Z INFO  dt_instance] A "536"
2021-10-01T19:30:23.152661049Z  [2021-10-01T19:30:23Z INFO  dt_instance] A "537"
2021-10-01T19:30:23.155310983Z  [2021-10-01T19:30:23Z INFO  dt_instance] A "538"
2021-10-01T19:30:23.157520094Z  [2021-10-01T19:30:23Z INFO  dt_instance] A "539"
2021-10-01T19:30:23.160231112Z  [2021-10-01T19:30:23Z INFO  dt_instance] A "540"
2021-10-01T19:30:23.161888851Z  [2021-10-01T19:30:23Z INFO  dt_instance] A "541"
2021-10-01T19:30:23.164121790Z  [2021-10-01T19:30:23Z INFO  dt_instance] A "542"
2021-10-01T19:30:23.166384547Z  [2021-10-01T19:30:23Z INFO  dt_instance] A "543"
2021-10-01T19:30:23.168379330Z  [2021-10-01T19:30:23Z INFO  dt_instance] A "544"
2021-10-01T19:30:23.170927568Z  [2021-10-01T19:30:23Z INFO  dt_instance] A "545"
2021-10-01T19:30:23.173503993Z  [2021-10-01T19:30:23Z INFO  dt_instance] A "546"
2021-10-01T19:30:23.175572077Z  [2021-10-01T19:30:23Z INFO  dt_instance] A "547"
2021-10-01T19:30:23.178425814Z  [2021-10-01T19:30:23Z INFO  dt_instance] A "548"
2021-10-01T19:30:23.181011833Z  [2021-10-01T19:30:23Z INFO  dt_instance] A "549"
2021-10-01T19:30:23.182574494Z  [2021-10-01T19:30:23Z INFO  dt_instance] A "550"
2021-10-01T19:30:23.185128062Z  [2021-10-01T19:30:23Z INFO  dt_instance] A "551"
2021-10-01T19:30:23.186658094Z  [2021-10-01T19:30:23Z INFO  dt_instance] A "552"
2021-10-01T19:30:23.189256847Z  [2021-10-01T19:30:23Z INFO  dt_instance] A "553"
2021-10-01T19:30:23.191857159Z  [2021-10-01T19:30:23Z INFO  dt_instance] A "554"
2021-10-01T19:30:23.194294071Z  [2021-10-01T19:30:23Z INFO  dt_instance] A "555"
2021-10-01T19:30:23.196942752Z  [2021-10-01T19:30:23Z INFO  dt_instance] A "556"
2021-10-01T19:30:23.198467983Z  [2021-10-01T19:30:23Z INFO  dt_instance] A "557"
2021-10-01T19:30:23.201039359Z  [2021-10-01T19:30:23Z INFO  dt_instance] A "558"
2021-10-01T19:30:23.202612129Z  [2021-10-01T19:30:23Z INFO  dt_instance] A "559"
2021-10-01T19:30:23.204467368Z  [2021-10-01T19:30:23Z INFO  dt_instance] A "560"
2021-10-01T19:30:23.206906027Z  [2021-10-01T19:30:23Z INFO  dt_instance] A "561"
2021-10-01T19:30:23.209026811Z  [2021-10-01T19:30:23Z INFO  dt_instance] A "562"
2021-10-01T19:30:23.211547043Z  [2021-10-01T19:30:23Z INFO  dt_instance] A "563"
2021-10-01T19:30:23.214390438Z  [2021-10-01T19:30:23Z INFO  dt_instance] A "564"
2021-10-01T19:30:23.216957160Z  [2021-10-01T19:30:23Z INFO  dt_instance] A "565"
2021-10-01T19:30:23.218779698Z  [2021-10-01T19:30:23Z INFO  dt_instance] A "566"
2021-10-01T19:30:23.221209374Z  [2021-10-01T19:30:23Z INFO  dt_instance] A "567"
2021-10-01T19:30:23.223422211Z  [2021-10-01T19:30:23Z INFO  dt_instance] A "568"
2021-10-01T19:30:23.226118955Z  [2021-10-01T19:30:23Z INFO  dt_instance] A "569"
2021-10-01T19:30:23.228140188Z  [2021-10-01T19:30:23Z INFO  dt_instance] A "570"
2021-10-01T19:30:23.230519194Z  [2021-10-01T19:30:23Z INFO  dt_instance] A "571"
2021-10-01T19:30:23.233224924Z  [2021-10-01T19:30:23Z INFO  dt_instance] A "572"
2021-10-01T19:30:23.235790278Z  [2021-10-01T19:30:23Z INFO  dt_instance] A "573"
2021-10-01T19:30:23.237944452Z  [2021-10-01T19:30:23Z INFO  dt_instance] A "574"
2021-10-01T19:30:23.240027472Z  [2021-10-01T19:30:23Z INFO  dt_instance] A "575"
2021-10-01T19:30:23.241305933Z  [2021-10-01T19:30:23Z INFO  dt_instance] A "576"
2021-10-01T19:30:23.243743552Z  [2021-10-01T19:30:23Z INFO  dt_instance] A "577"
2021-10-01T19:30:23.246088620Z  [2021-10-01T19:30:23Z INFO  dt_instance] A "578"
2021-10-01T19:30:23.248416457Z  [2021-10-01T19:30:23Z INFO  dt_instance] A "579"
2021-10-01T19:30:23.251119699Z  [2021-10-01T19:30:23Z INFO  dt_instance] A "580"
2021-10-01T19:30:23.252299456Z  [2021-10-01T19:30:23Z INFO  dt_instance] A "581"
2021-10-01T19:30:23.254726700Z  [2021-10-01T19:30:23Z INFO  dt_instance] A "582"
2021-10-01T19:30:23.257372455Z  [2021-10-01T19:30:23Z INFO  dt_instance] A "583"
2021-10-01T19:30:23.259823862Z  [2021-10-01T19:30:23Z INFO  dt_instance] A "584"
2021-10-01T19:30:23.262261316Z  [2021-10-01T19:30:23Z INFO  dt_instance] A "585"
2021-10-01T19:30:23.264804526Z  [2021-10-01T19:30:23Z INFO  dt_instance] A "586"
2021-10-01T19:30:23.267335809Z  [2021-10-01T19:30:23Z INFO  dt_instance] A "587"
2021-10-01T19:30:23.270049619Z  [2021-10-01T19:30:23Z INFO  dt_instance] A "588"
2021-10-01T19:30:23.272077145Z  [2021-10-01T19:30:23Z INFO  dt_instance] A "589"
2021-10-01T19:30:23.274262126Z  [2021-10-01T19:30:23Z INFO  dt_instance] A "590"
2021-10-01T19:30:23.277059248Z  [2021-10-01T19:30:23Z INFO  dt_instance] A "591"
2021-10-01T19:30:23.283493024Z  [2021-10-01T19:30:23Z INFO  dt_instance] A "592"
2021-10-01T19:30:23.283943460Z  [2021-10-01T19:30:23Z INFO  dt_instance] A "593"
2021-10-01T19:30:23.287224924Z  [2021-10-01T19:30:23Z INFO  dt_instance] A "594"
2021-10-01T19:30:23.289827222Z  [2021-10-01T19:30:23Z INFO  dt_instance] A "595"
2021-10-01T19:30:23.291493116Z  [2021-10-01T19:30:23Z INFO  dt_instance] A "596"
2021-10-01T19:30:23.294480248Z  [2021-10-01T19:30:23Z INFO  dt_instance] A "597"
2021-10-01T19:30:23.295616185Z  [2021-10-01T19:30:23Z INFO  dt_instance] A "598"
2021-10-01T19:30:23.298278847Z  [2021-10-01T19:30:23Z INFO  dt_instance] A "599"
2021-10-01T19:30:23.300926902Z  [2021-10-01T19:30:23Z INFO  dt_instance] A "600"
2021-10-01T19:30:23.303398638Z  [2021-10-01T19:30:23Z INFO  dt_instance] A "601"
2021-10-01T19:30:23.306456314Z  [2021-10-01T19:30:23Z INFO  dt_instance] A "602"
2021-10-01T19:30:23.309449906Z  [2021-10-01T19:30:23Z INFO  dt_instance] A "603"
2021-10-01T19:30:23.311538199Z  [2021-10-01T19:30:23Z INFO  dt_instance] A "604"
2021-10-01T19:30:23.313023387Z  [2021-10-01T19:30:23Z INFO  dt_instance] A "605"
2021-10-01T19:30:23.314845738Z  [2021-10-01T19:30:23Z INFO  dt_instance] A "606"
2021-10-01T19:30:23.316921498Z  [2021-10-01T19:30:23Z INFO  dt_instance] A "607"
2021-10-01T19:30:23.318631757Z  [2021-10-01T19:30:23Z INFO  dt_instance] A "608"
2021-10-01T19:30:23.321494541Z  [2021-10-01T19:30:23Z INFO  dt_instance] A "609"
2021-10-01T19:30:23.324643330Z  [2021-10-01T19:30:23Z INFO  dt_instance] A "610"
2021-10-01T19:30:23.326455340Z  [2021-10-01T19:30:23Z INFO  dt_instance] A "611"
2021-10-01T19:30:23.329428192Z  [2021-10-01T19:30:23Z INFO  dt_instance] A "612"
2021-10-01T19:30:23.332436005Z  [2021-10-01T19:30:23Z INFO  dt_instance] A "613"
2021-10-01T19:30:23.333956599Z  [2021-10-01T19:30:23Z INFO  dt_instance] A "614"
2021-10-01T19:30:23.335628415Z  [2021-10-01T19:30:23Z INFO  dt_instance] A "615"
2021-10-01T19:30:23.338688908Z  [2021-10-01T19:30:23Z INFO  dt_instance] A "616"
2021-10-01T19:30:23.340361033Z  [2021-10-01T19:30:23Z INFO  dt_instance] A "617"
2021-10-01T19:30:23.343137752Z  [2021-10-01T19:30:23Z INFO  dt_instance] A "618"
2021-10-01T19:30:23.344601293Z  [2021-10-01T19:30:23Z INFO  dt_instance] A "619"
2021-10-01T19:30:23.346549454Z  [2021-10-01T19:30:23Z ERROR dt_instance] Unhandled incoming.
2021-10-01T19:30:23.347524003Z  [2021-10-01T19:30:23Z INFO  dt_instance] A "620"
2021-10-01T19:30:23.350432928Z  [2021-10-01T19:30:23Z INFO  dt_instance] A "621"
2021-10-01T19:30:23.353683513Z  [2021-10-01T19:30:23Z INFO  dt_instance] A "622"
2021-10-01T19:30:23.356473540Z  [2021-10-01T19:30:23Z INFO  dt_instance] A "623"
2021-10-01T19:30:23.359592823Z  [2021-10-01T19:30:23Z INFO  dt_instance] A "624"
2021-10-01T19:30:23.362546718Z  [2021-10-01T19:30:23Z INFO  dt_instance] A "625"
2021-10-01T19:30:23.365299586Z  [2021-10-01T19:30:23Z INFO  dt_instance] A "626"
2021-10-01T19:30:23.367408749Z  [2021-10-01T19:30:23Z INFO  dt_instance] A "627"
2021-10-01T19:30:23.370052969Z  [2021-10-01T19:30:23Z INFO  dt_instance] A "628"
2021-10-01T19:30:23.371950512Z  [2021-10-01T19:30:23Z INFO  dt_instance] A "629"
2021-10-01T19:30:23.374660669Z  [2021-10-01T19:30:23Z INFO  dt_instance] A "630"
2021-10-01T19:30:23.376680531Z  [2021-10-01T19:30:23Z INFO  dt_instance] A "631"
2021-10-01T19:30:23.379309322Z  [2021-10-01T19:30:23Z INFO  dt_instance] A "632"
2021-10-01T19:30:23.381234022Z  [2021-10-01T19:30:23Z INFO  dt_instance] A "633"
2021-10-01T19:30:23.382722092Z  [2021-10-01T19:30:23Z INFO  dt_instance] A "634"
2021-10-01T19:30:23.385418015Z  [2021-10-01T19:30:23Z INFO  dt_instance] A "635"
2021-10-01T19:30:23.387859531Z  [2021-10-01T19:30:23Z INFO  dt_instance] A "636"
2021-10-01T19:30:23.389298483Z  [2021-10-01T19:30:23Z INFO  dt_instance] A "637"
2021-10-01T19:30:23.391924507Z  [2021-10-01T19:30:23Z INFO  dt_instance] A "638"
2021-10-01T19:30:23.393440799Z  [2021-10-01T19:30:23Z INFO  dt_instance] A "639"
2021-10-01T19:30:23.396310683Z  [2021-10-01T19:30:23Z INFO  dt_instance] A "640"
2021-10-01T19:30:23.398726117Z  [2021-10-01T19:30:23Z INFO  dt_instance] A "641"
2021-10-01T19:30:23.401435567Z  [2021-10-01T19:30:23Z INFO  dt_instance] A "642"
2021-10-01T19:30:23.403455416Z  [2021-10-01T19:30:23Z INFO  dt_instance] A "643"
2021-10-01T19:30:23.406151316Z  [2021-10-01T19:30:23Z INFO  dt_instance] A "644"
2021-10-01T19:30:23.407742225Z  [2021-10-01T19:30:23Z INFO  dt_instance] A "645"
2021-10-01T19:30:23.410427362Z  [2021-10-01T19:30:23Z INFO  dt_instance] A "646"
2021-10-01T19:30:23.411487313Z  [2021-10-01T19:30:23Z INFO  dt_instance] A "647"
2021-10-01T19:30:23.414649659Z  [2021-10-01T19:30:23Z INFO  dt_instance] A "648"
2021-10-01T19:30:23.415856081Z  [2021-10-01T19:30:23Z INFO  dt_instance] A "649"
2021-10-01T19:30:23.418514051Z  [2021-10-01T19:30:23Z INFO  dt_instance] A "650"
2021-10-01T19:30:23.421116579Z  [2021-10-01T19:30:23Z INFO  dt_instance] A "651"
2021-10-01T19:30:23.422622224Z  [2021-10-01T19:30:23Z INFO  dt_instance] A "652"
2021-10-01T19:30:23.425483718Z  [2021-10-01T19:30:23Z INFO  dt_instance] A "653"
2021-10-01T19:30:23.428454109Z  [2021-10-01T19:30:23Z INFO  dt_instance] A "654"
2021-10-01T19:30:23.430206383Z  [2021-10-01T19:30:23Z INFO  dt_instance] A "655"
2021-10-01T19:30:23.432638154Z  [2021-10-01T19:30:23Z INFO  dt_instance] A "656"
2021-10-01T19:30:23.434845935Z  [2021-10-01T19:30:23Z INFO  dt_instance] A "657"
2021-10-01T19:30:23.437647724Z  [2021-10-01T19:30:23Z INFO  dt_instance] A "658"
2021-10-01T19:30:23.438766355Z  [2021-10-01T19:30:23Z INFO  dt_instance] A "659"
2021-10-01T19:30:23.441406999Z  [2021-10-01T19:30:23Z INFO  dt_instance] A "660"
2021-10-01T19:30:23.443626556Z  [2021-10-01T19:30:23Z INFO  dt_instance] A "661"
2021-10-01T19:30:23.446766833Z  [2021-10-01T19:30:23Z INFO  dt_instance] A "662"
2021-10-01T19:30:23.449739330Z  [2021-10-01T19:30:23Z INFO  dt_instance] A "663"
2021-10-01T19:30:23.452588438Z  [2021-10-01T19:30:23Z INFO  dt_instance] A "664"
2021-10-01T19:30:23.455104039Z  [2021-10-01T19:30:23Z INFO  dt_instance] A "665"
2021-10-01T19:30:23.457186839Z  [2021-10-01T19:30:23Z INFO  dt_instance] A "666"
2021-10-01T19:30:23.459235231Z  [2021-10-01T19:30:23Z INFO  dt_instance] A "667"
2021-10-01T19:30:23.461627092Z  [2021-10-01T19:30:23Z INFO  dt_instance] A "668"
2021-10-01T19:30:23.463938786Z  [2021-10-01T19:30:23Z INFO  dt_instance] A "669"
2021-10-01T19:30:23.465951653Z  [2021-10-01T19:30:23Z INFO  dt_instance] A "670"
2021-10-01T19:30:23.468251668Z  [2021-10-01T19:30:23Z INFO  dt_instance] A "671"
2021-10-01T19:30:23.470597580Z  [2021-10-01T19:30:23Z INFO  dt_instance] A "672"
2021-10-01T19:30:23.472911762Z  [2021-10-01T19:30:23Z INFO  dt_instance] A "673"
2021-10-01T19:30:23.474764329Z  [2021-10-01T19:30:23Z INFO  dt_instance] A "674"
2021-10-01T19:30:23.477123701Z  [2021-10-01T19:30:23Z INFO  dt_instance] A "675"
2021-10-01T19:30:23.480364475Z  [2021-10-01T19:30:23Z INFO  dt_instance] A "676"
2021-10-01T19:30:23.484644836Z  [2021-10-01T19:30:23Z INFO  dt_instance] A "677"
2021-10-01T19:30:23.486409026Z  [2021-10-01T19:30:23Z INFO  dt_instance] A "678"
2021-10-01T19:30:23.489319903Z  [2021-10-01T19:30:23Z INFO  dt_instance] A "679"
2021-10-01T19:30:23.491621059Z  [2021-10-01T19:30:23Z INFO  dt_instance] A "680"
2021-10-01T19:30:23.492697432Z  [2021-10-01T19:30:23Z INFO  dt_instance] A "681"
2021-10-01T19:30:23.494441028Z  [2021-10-01T19:30:23Z INFO  dt_instance] A "682"
2021-10-01T19:30:23.497080483Z  [2021-10-01T19:30:23Z INFO  dt_instance] A "683"
2021-10-01T19:30:23.498282362Z  [2021-10-01T19:30:23Z INFO  dt_instance] A "684"
2021-10-01T19:30:23.500991369Z  [2021-10-01T19:30:23Z INFO  dt_instance] A "685"
2021-10-01T19:30:23.502258338Z  [2021-10-01T19:30:23Z INFO  dt_instance] A "686"
2021-10-01T19:30:23.504742553Z  [2021-10-01T19:30:23Z INFO  dt_instance] A "687"
2021-10-01T19:30:23.506088604Z  [2021-10-01T19:30:23Z INFO  dt_instance] A "688"
2021-10-01T19:30:23.509227437Z  [2021-10-01T19:30:23Z INFO  dt_instance] A "689"
2021-10-01T19:30:23.511557782Z  [2021-10-01T19:30:23Z INFO  dt_instance] A "690"
2021-10-01T19:30:23.513007165Z  [2021-10-01T19:30:23Z INFO  dt_instance] A "691"
2021-10-01T19:30:23.515492767Z  [2021-10-01T19:30:23Z INFO  dt_instance] A "692"
2021-10-01T19:30:23.517415697Z  [2021-10-01T19:30:23Z INFO  dt_instance] A "693"
2021-10-01T19:30:23.519863635Z  [2021-10-01T19:30:23Z INFO  dt_instance] A "694"
2021-10-01T19:30:23.521232784Z  [2021-10-01T19:30:23Z INFO  dt_instance] A "695"
2021-10-01T19:30:23.524036719Z  [2021-10-01T19:30:23Z INFO  dt_instance] A "696"
2021-10-01T19:30:23.526198867Z  [2021-10-01T19:30:23Z INFO  dt_instance] A "697"
2021-10-01T19:30:23.528559429Z  [2021-10-01T19:30:23Z INFO  dt_instance] A "698"
2021-10-01T19:30:23.531082604Z  [2021-10-01T19:30:23Z INFO  dt_instance] A "699"
2021-10-01T19:30:23.533553765Z  [2021-10-01T19:30:23Z INFO  dt_instance] A "700"
2021-10-01T19:30:23.535033824Z  [2021-10-01T19:30:23Z INFO  dt_instance] A "701"
2021-10-01T19:30:23.537456034Z  [2021-10-01T19:30:23Z INFO  dt_instance] A "702"
2021-10-01T19:30:23.539950453Z  [2021-10-01T19:30:23Z INFO  dt_instance] A "703"
2021-10-01T19:30:23.542421461Z  [2021-10-01T19:30:23Z INFO  dt_instance] A "704"
2021-10-01T19:30:23.544918879Z  [2021-10-01T19:30:23Z INFO  dt_instance] A "705"
2021-10-01T19:30:23.547375463Z  [2021-10-01T19:30:23Z INFO  dt_instance] A "706"
2021-10-01T19:30:23.549664533Z  [2021-10-01T19:30:23Z INFO  dt_instance] A "707"
2021-10-01T19:30:23.551496769Z  [2021-10-01T19:30:23Z INFO  dt_instance] A "708"
2021-10-01T19:30:23.553344070Z  [2021-10-01T19:30:23Z INFO  dt_instance] A "709"
2021-10-01T19:30:23.555790273Z  [2021-10-01T19:30:23Z INFO  dt_instance] A "710"
2021-10-01T19:30:23.557553094Z  [2021-10-01T19:30:23Z INFO  dt_instance] A "711"
2021-10-01T19:30:23.562141308Z  [2021-10-01T19:30:23Z INFO  dt_instance] A "712"
2021-10-01T19:30:23.563378958Z  [2021-10-01T19:30:23Z INFO  dt_instance] A "713"
2021-10-01T19:30:23.564714667Z  [2021-10-01T19:30:23Z INFO  dt_instance] A "714"
2021-10-01T19:30:23.565736860Z  [2021-10-01T19:30:23Z INFO  dt_instance] A "715"
2021-10-01T19:30:23.567201200Z  [2021-10-01T19:30:23Z INFO  dt_instance] A "716"
2021-10-01T19:30:23.569633346Z  [2021-10-01T19:30:23Z INFO  dt_instance] A "717"
2021-10-01T19:30:23.571934112Z  [2021-10-01T19:30:23Z INFO  dt_instance] A "718"
2021-10-01T19:30:23.574060112Z  [2021-10-01T19:30:23Z INFO  dt_instance] A "719"
2021-10-01T19:30:23.576479404Z  [2021-10-01T19:30:23Z INFO  dt_instance] A "720"
2021-10-01T19:30:23.578779459Z  [2021-10-01T19:30:23Z INFO  dt_instance] A "721"
2021-10-01T19:30:23.580053202Z  [2021-10-01T19:30:23Z INFO  dt_instance] A "722"
2021-10-01T19:30:23.582417716Z  [2021-10-01T19:30:23Z INFO  dt_instance] A "723"
2021-10-01T19:30:23.584300437Z  [2021-10-01T19:30:23Z INFO  dt_instance] A "724"
2021-10-01T19:30:23.586764531Z  [2021-10-01T19:30:23Z INFO  dt_instance] A "725"
2021-10-01T19:30:23.588178805Z  [2021-10-01T19:30:23Z INFO  dt_instance] A "726"
2021-10-01T19:30:23.590806880Z  [2021-10-01T19:30:23Z INFO  dt_instance] A "727"
2021-10-01T19:30:23.592283160Z  [2021-10-01T19:30:23Z INFO  dt_instance] A "728"
2021-10-01T19:30:23.594683929Z  [2021-10-01T19:30:23Z INFO  dt_instance] A "729"
2021-10-01T19:30:23.597248525Z  [2021-10-01T19:30:23Z INFO  dt_instance] A "730"
2021-10-01T19:30:23.598148059Z  [2021-10-01T19:30:23Z INFO  dt_instance] A "731"
2021-10-01T19:30:23.600890738Z  [2021-10-01T19:30:23Z INFO  dt_instance] A "732"
2021-10-01T19:30:23.603422896Z  [2021-10-01T19:30:23Z INFO  dt_instance] A "733"
2021-10-01T19:30:23.605919339Z  [2021-10-01T19:30:23Z INFO  dt_instance] A "734"
2021-10-01T19:30:23.608160516Z  [2021-10-01T19:30:23Z INFO  dt_instance] A "735"
2021-10-01T19:30:23.610846537Z  [2021-10-01T19:30:23Z INFO  dt_instance] A "736"
2021-10-01T19:30:23.613383785Z  [2021-10-01T19:30:23Z INFO  dt_instance] A "737"
2021-10-01T19:30:23.615888745Z  [2021-10-01T19:30:23Z INFO  dt_instance] A "738"
2021-10-01T19:30:23.618223352Z  [2021-10-01T19:30:23Z INFO  dt_instance] A "739"
2021-10-01T19:30:23.620478438Z  [2021-10-01T19:30:23Z INFO  dt_instance] A "740"
2021-10-01T19:30:23.622998473Z  [2021-10-01T19:30:23Z INFO  dt_instance] A "741"
2021-10-01T19:30:23.624634754Z  [2021-10-01T19:30:23Z INFO  dt_instance] A "742"
2021-10-01T19:30:23.627304914Z  [2021-10-01T19:30:23Z INFO  dt_instance] A "743"
2021-10-01T19:30:23.628510378Z  [2021-10-01T19:30:23Z INFO  dt_instance] A "744"
2021-10-01T19:30:23.631098481Z  [2021-10-01T19:30:23Z INFO  dt_instance] A "745"
2021-10-01T19:30:23.632520284Z  [2021-10-01T19:30:23Z INFO  dt_instance] A "746"
2021-10-01T19:30:23.635067831Z  [2021-10-01T19:30:23Z INFO  dt_instance] A "747"
2021-10-01T19:30:23.637612646Z  [2021-10-01T19:30:23Z INFO  dt_instance] A "748"
2021-10-01T19:30:23.640223177Z  [2021-10-01T19:30:23Z INFO  dt_instance] A "749"
2021-10-01T19:30:23.642650563Z  [2021-10-01T19:30:23Z INFO  dt_instance] A "750"
2021-10-01T19:30:23.645112676Z  [2021-10-01T19:30:23Z INFO  dt_instance] A "751"
2021-10-01T19:30:23.646512380Z  [2021-10-01T19:30:23Z INFO  dt_instance] A "752"
2021-10-01T19:30:23.649267346Z  [2021-10-01T19:30:23Z INFO  dt_instance] A "753"
2021-10-01T19:30:23.651720921Z  [2021-10-01T19:30:23Z INFO  dt_instance] A "754"
2021-10-01T19:30:23.654130936Z  [2021-10-01T19:30:23Z INFO  dt_instance] A "755"
2021-10-01T19:30:23.655674080Z  [2021-10-01T19:30:23Z INFO  dt_instance] A "756"
2021-10-01T19:30:23.658095910Z  [2021-10-01T19:30:23Z INFO  dt_instance] A "757"
2021-10-01T19:30:23.660309863Z  [2021-10-01T19:30:23Z INFO  dt_instance] A "758"
2021-10-01T19:30:23.662628019Z  [2021-10-01T19:30:23Z INFO  dt_instance] A "759"
2021-10-01T19:30:23.665290035Z  [2021-10-01T19:30:23Z INFO  dt_instance] A "760"
2021-10-01T19:30:23.667787641Z  [2021-10-01T19:30:23Z INFO  dt_instance] A "761"
2021-10-01T19:30:23.669577996Z  [2021-10-01T19:30:23Z INFO  dt_instance] A "762"
2021-10-01T19:30:23.671595047Z  [2021-10-01T19:30:23Z INFO  dt_instance] A "763"
2021-10-01T19:30:23.674504455Z  [2021-10-01T19:30:23Z INFO  dt_instance] A "764"
2021-10-01T19:30:23.677240871Z  [2021-10-01T19:30:23Z INFO  dt_instance] A "765"
2021-10-01T19:30:23.678644399Z  [2021-10-01T19:30:23Z INFO  dt_instance] A "766"
2021-10-01T19:30:23.681365952Z  [2021-10-01T19:30:23Z INFO  dt_instance] A "767"
2021-10-01T19:30:23.683526893Z  [2021-10-01T19:30:23Z INFO  dt_instance] A "768"
2021-10-01T19:30:23.686331343Z  [2021-10-01T19:30:23Z INFO  dt_instance] A "769"
2021-10-01T19:30:23.687655395Z  [2021-10-01T19:30:23Z INFO  dt_instance] A "770"
2021-10-01T19:30:23.690103257Z  [2021-10-01T19:30:23Z INFO  dt_instance] A "771"
2021-10-01T19:30:23.692528950Z  [2021-10-01T19:30:23Z INFO  dt_instance] A "772"
2021-10-01T19:30:23.695181080Z  [2021-10-01T19:30:23Z INFO  dt_instance] A "773"
2021-10-01T19:30:23.697618665Z  [2021-10-01T19:30:23Z INFO  dt_instance] A "774"
2021-10-01T19:30:23.700050450Z  [2021-10-01T19:30:23Z INFO  dt_instance] A "775"
2021-10-01T19:30:23.701796356Z  [2021-10-01T19:30:23Z INFO  dt_instance] A "776"
2021-10-01T19:30:23.704426069Z  [2021-10-01T19:30:23Z INFO  dt_instance] A "777"
2021-10-01T19:30:23.707032800Z  [2021-10-01T19:30:23Z INFO  dt_instance] A "778"
2021-10-01T19:30:23.708721719Z  [2021-10-01T19:30:23Z INFO  dt_instance] A "779"
2021-10-01T19:30:23.711441045Z  [2021-10-01T19:30:23Z INFO  dt_instance] A "780"
2021-10-01T19:30:23.713543646Z  [2021-10-01T19:30:23Z INFO  dt_instance] A "781"
2021-10-01T19:30:23.716325743Z  [2021-10-01T19:30:23Z INFO  dt_instance] A "782"
2021-10-01T19:30:23.717920300Z  [2021-10-01T19:30:23Z INFO  dt_instance] A "783"
2021-10-01T19:30:23.720542684Z  [2021-10-01T19:30:23Z INFO  dt_instance] A "784"
2021-10-01T19:30:23.721647292Z  [2021-10-01T19:30:23Z INFO  dt_instance] A "785"
2021-10-01T19:30:23.724279188Z  [2021-10-01T19:30:23Z INFO  dt_instance] A "786"
2021-10-01T19:30:23.726582671Z  [2021-10-01T19:30:23Z INFO  dt_instance] A "787"
2021-10-01T19:30:23.729741705Z  [2021-10-01T19:30:23Z INFO  dt_instance] A "788"
2021-10-01T19:30:23.730862748Z  [2021-10-01T19:30:23Z INFO  dt_instance] A "789"
2021-10-01T19:30:23.733468188Z  [2021-10-01T19:30:23Z INFO  dt_instance] A "790"
2021-10-01T19:30:23.734588297Z  [2021-10-01T19:30:23Z INFO  dt_instance] A "791"
2021-10-01T19:30:23.736541789Z  [2021-10-01T19:30:23Z INFO  dt_instance] A "792"
2021-10-01T19:30:23.739353434Z  [2021-10-01T19:30:23Z INFO  dt_instance] A "793"
2021-10-01T19:30:23.742480044Z  [2021-10-01T19:30:23Z INFO  dt_instance] A "794"
2021-10-01T19:30:23.743709607Z  [2021-10-01T19:30:23Z INFO  dt_instance] A "795"
2021-10-01T19:30:23.745777774Z  [2021-10-01T19:30:23Z INFO  dt_instance] A "796"
2021-10-01T19:30:23.748458993Z  [2021-10-01T19:30:23Z INFO  dt_instance] A "797"
2021-10-01T19:30:23.751418834Z  [2021-10-01T19:30:23Z INFO  dt_instance] A "798"
2021-10-01T19:30:23.752698436Z  [2021-10-01T19:30:23Z INFO  dt_instance] A "799"
2021-10-01T19:30:23.755702206Z  [2021-10-01T19:30:23Z INFO  dt_instance] A "800"
2021-10-01T19:30:23.758679373Z  [2021-10-01T19:30:23Z INFO  dt_instance] A "801"
2021-10-01T19:30:23.760709283Z  [2021-10-01T19:30:23Z INFO  dt_instance] A "802"
2021-10-01T19:30:23.762821664Z  [2021-10-01T19:30:23Z INFO  dt_instance] A "803"
2021-10-01T19:30:23.764923760Z  [2021-10-01T19:30:23Z INFO  dt_instance] A "804"
2021-10-01T19:30:23.766516680Z  [2021-10-01T19:30:23Z INFO  dt_instance] A "805"
2021-10-01T19:30:23.769531555Z  [2021-10-01T19:30:23Z INFO  dt_instance] A "806"
2021-10-01T19:30:23.772376483Z  [2021-10-01T19:30:23Z INFO  dt_instance] A "807"
2021-10-01T19:30:23.775295031Z  [2021-10-01T19:30:23Z INFO  dt_instance] A "808"
2021-10-01T19:30:23.779672456Z  [2021-10-01T19:30:23Z INFO  dt_instance] A "809"
2021-10-01T19:30:23.781382215Z  [2021-10-01T19:30:23Z INFO  dt_instance] A "810"
2021-10-01T19:30:23.785373562Z  [2021-10-01T19:30:23Z INFO  dt_instance] A "811"
2021-10-01T19:30:23.786361375Z  [2021-10-01T19:30:23Z INFO  dt_instance] A "812"
2021-10-01T19:30:23.790432718Z  [2021-10-01T19:30:23Z INFO  dt_instance] A "813"
2021-10-01T19:30:23.790448555Z  [2021-10-01T19:30:23Z INFO  dt_instance] A "814"
2021-10-01T19:30:23.792788371Z  [2021-10-01T19:30:23Z INFO  dt_instance] A "815"
2021-10-01T19:30:23.795172951Z  [2021-10-01T19:30:23Z INFO  dt_instance] A "816"
2021-10-01T19:30:23.796513017Z  [2021-10-01T19:30:23Z INFO  dt_instance] A "817"
2021-10-01T19:30:23.798989757Z  [2021-10-01T19:30:23Z INFO  dt_instance] A "818"
2021-10-01T19:30:23.801069343Z  [2021-10-01T19:30:23Z INFO  dt_instance] A "819"
2021-10-01T19:30:23.803623790Z  [2021-10-01T19:30:23Z INFO  dt_instance] A "820"
2021-10-01T19:30:23.806096367Z  [2021-10-01T19:30:23Z INFO  dt_instance] A "821"
2021-10-01T19:30:23.808361783Z  [2021-10-01T19:30:23Z INFO  dt_instance] A "822"
2021-10-01T19:30:23.811038359Z  [2021-10-01T19:30:23Z INFO  dt_instance] A "823"
2021-10-01T19:30:23.813455206Z  [2021-10-01T19:30:23Z INFO  dt_instance] A "824"
2021-10-01T19:30:23.815613608Z  [2021-10-01T19:30:23Z INFO  dt_instance] A "825"
2021-10-01T19:30:23.818311695Z  [2021-10-01T19:30:23Z INFO  dt_instance] A "826"
2021-10-01T19:30:23.820467154Z  [2021-10-01T19:30:23Z INFO  dt_instance] A "827"
2021-10-01T19:30:23.823149159Z  [2021-10-01T19:30:23Z INFO  dt_instance] A "828"
2021-10-01T19:30:23.824419628Z  [2021-10-01T19:30:23Z INFO  dt_instance] A "829"
2021-10-01T19:30:23.827257452Z  [2021-10-01T19:30:23Z INFO  dt_instance] A "830"
2021-10-01T19:30:23.828560809Z  [2021-10-01T19:30:23Z INFO  dt_instance] A "831"
2021-10-01T19:30:23.831238082Z  [2021-10-01T19:30:23Z INFO  dt_instance] A "832"
2021-10-01T19:30:23.833474978Z  [2021-10-01T19:30:23Z INFO  dt_instance] A "833"
2021-10-01T19:30:23.836225381Z  [2021-10-01T19:30:23Z INFO  dt_instance] A "834"
2021-10-01T19:30:23.837522705Z  [2021-10-01T19:30:23Z INFO  dt_instance] A "835"
2021-10-01T19:30:23.840257108Z  [2021-10-01T19:30:23Z INFO  dt_instance] A "836"
2021-10-01T19:30:23.841489933Z  [2021-10-01T19:30:23Z INFO  dt_instance] A "837"
2021-10-01T19:30:23.844150701Z  [2021-10-01T19:30:23Z INFO  dt_instance] A "838"
2021-10-01T19:30:23.845192556Z  [2021-10-01T19:30:23Z INFO  dt_instance] A "839"
2021-10-01T19:30:23.847969413Z  [2021-10-01T19:30:23Z INFO  dt_instance] A "840"
2021-10-01T19:30:23.850224486Z  [2021-10-01T19:30:23Z INFO  dt_instance] A "841"
2021-10-01T19:30:23.853138880Z  [2021-10-01T19:30:23Z INFO  dt_instance] A "842"
2021-10-01T19:30:23.855469351Z  [2021-10-01T19:30:23Z INFO  dt_instance] A "843"
2021-10-01T19:30:23.858275104Z  [2021-10-01T19:30:23Z INFO  dt_instance] A "844"
2021-10-01T19:30:23.859479091Z  [2021-10-01T19:30:23Z INFO  dt_instance] A "845"
2021-10-01T19:30:23.862097806Z  [2021-10-01T19:30:23Z INFO  dt_instance] A "846"
2021-10-01T19:30:23.863537434Z  [2021-10-01T19:30:23Z INFO  dt_instance] A "847"
2021-10-01T19:30:23.866023997Z  [2021-10-01T19:30:23Z INFO  dt_instance] A "848"
2021-10-01T19:30:23.867262574Z  [2021-10-01T19:30:23Z INFO  dt_instance] A "849"
2021-10-01T19:30:23.870143917Z  [2021-10-01T19:30:23Z INFO  dt_instance] A "850"
2021-10-01T19:30:23.871347534Z  [2021-10-01T19:30:23Z INFO  dt_instance] A "851"
2021-10-01T19:30:23.874102207Z  [2021-10-01T19:30:23Z INFO  dt_instance] A "852"
2021-10-01T19:30:23.875401304Z  [2021-10-01T19:30:23Z INFO  dt_instance] A "853"
2021-10-01T19:30:23.878000927Z  [2021-10-01T19:30:23Z INFO  dt_instance] A "854"
2021-10-01T19:30:23.880179795Z  [2021-10-01T19:30:23Z INFO  dt_instance] A "855"
2021-10-01T19:30:23.882871686Z  [2021-10-01T19:30:23Z INFO  dt_instance] A "856"
2021-10-01T19:30:23.885573945Z  [2021-10-01T19:30:23Z INFO  dt_instance] A "857"
2021-10-01T19:30:23.888148102Z  [2021-10-01T19:30:23Z INFO  dt_instance] A "858"
2021-10-01T19:30:23.889581412Z  [2021-10-01T19:30:23Z INFO  dt_instance] A "859"
2021-10-01T19:30:23.892732088Z  [2021-10-01T19:30:23Z INFO  dt_instance] A "860"
2021-10-01T19:30:23.893513066Z  [2021-10-01T19:30:23Z INFO  dt_instance] A "861"
2021-10-01T19:30:23.896155868Z  [2021-10-01T19:30:23Z INFO  dt_instance] A "862"
2021-10-01T19:30:23.897406064Z  [2021-10-01T19:30:23Z INFO  dt_instance] A "863"
2021-10-01T19:30:23.899789101Z  [2021-10-01T19:30:23Z INFO  dt_instance] A "864"
2021-10-01T19:30:23.901042715Z  [2021-10-01T19:30:23Z INFO  dt_instance] A "865"
2021-10-01T19:30:23.903608590Z  [2021-10-01T19:30:23Z INFO  dt_instance] A "866"
2021-10-01T19:30:23.906022256Z  [2021-10-01T19:30:23Z INFO  dt_instance] A "867"
2021-10-01T19:30:23.908600267Z  [2021-10-01T19:30:23Z INFO  dt_instance] A "868"
2021-10-01T19:30:23.911261985Z  [2021-10-01T19:30:23Z INFO  dt_instance] A "869"
2021-10-01T19:30:23.912521952Z  [2021-10-01T19:30:23Z INFO  dt_instance] A "870"
2021-10-01T19:30:23.915003031Z  [2021-10-01T19:30:23Z INFO  dt_instance] A "871"
2021-10-01T19:30:23.916560750Z  [2021-10-01T19:30:23Z INFO  dt_instance] A "872"
2021-10-01T19:30:23.918913841Z  [2021-10-01T19:30:23Z INFO  dt_instance] A "873"
2021-10-01T19:30:23.920523726Z  [2021-10-01T19:30:23Z INFO  dt_instance] A "874"
2021-10-01T19:30:23.922958610Z  [2021-10-01T19:30:23Z INFO  dt_instance] A "875"
2021-10-01T19:30:23.924635849Z  [2021-10-01T19:30:23Z INFO  dt_instance] A "876"
2021-10-01T19:30:23.927112500Z  [2021-10-01T19:30:23Z INFO  dt_instance] A "877"
2021-10-01T19:30:23.928544575Z  [2021-10-01T19:30:23Z INFO  dt_instance] A "878"
2021-10-01T19:30:23.931153468Z  [2021-10-01T19:30:23Z INFO  dt_instance] A "879"
2021-10-01T19:30:23.932590686Z  [2021-10-01T19:30:23Z INFO  dt_instance] A "880"
2021-10-01T19:30:23.935014943Z  [2021-10-01T19:30:23Z INFO  dt_instance] A "881"
2021-10-01T19:30:23.936624786Z  [2021-10-01T19:30:23Z INFO  dt_instance] A "882"
2021-10-01T19:30:23.939172454Z  [2021-10-01T19:30:23Z INFO  dt_instance] A "883"
2021-10-01T19:30:23.941493340Z  [2021-10-01T19:30:23Z INFO  dt_instance] A "884"
2021-10-01T19:30:23.943635873Z  [2021-10-01T19:30:23Z INFO  dt_instance] A "885"
2021-10-01T19:30:23.946288584Z  [2021-10-01T19:30:23Z INFO  dt_instance] A "886"
2021-10-01T19:30:23.948693781Z  [2021-10-01T19:30:23Z INFO  dt_instance] A "887"
2021-10-01T19:30:23.951566087Z  [2021-10-01T19:30:23Z INFO  dt_instance] A "888"
2021-10-01T19:30:23.954323776Z  [2021-10-01T19:30:23Z INFO  dt_instance] A "889"
2021-10-01T19:30:23.955815908Z  [2021-10-01T19:30:23Z INFO  dt_instance] A "890"
2021-10-01T19:30:23.958274671Z  [2021-10-01T19:30:23Z INFO  dt_instance] A "891"
2021-10-01T19:30:23.960638483Z  [2021-10-01T19:30:23Z INFO  dt_instance] A "892"
2021-10-01T19:30:23.963192813Z  [2021-10-01T19:30:23Z INFO  dt_instance] A "893"
2021-10-01T19:30:23.964761664Z  [2021-10-01T19:30:23Z INFO  dt_instance] A "894"
2021-10-01T19:30:23.967157729Z  [2021-10-01T19:30:23Z INFO  dt_instance] A "895"
2021-10-01T19:30:23.969626623Z  [2021-10-01T19:30:23Z INFO  dt_instance] A "896"
2021-10-01T19:30:23.971961463Z  [2021-10-01T19:30:23Z INFO  dt_instance] A "897"
2021-10-01T19:30:23.973538961Z  [2021-10-01T19:30:23Z INFO  dt_instance] A "898"
2021-10-01T19:30:23.976005523Z  [2021-10-01T19:30:23Z INFO  dt_instance] A "899"
2021-10-01T19:30:23.977466029Z  [2021-10-01T19:30:23Z INFO  dt_instance] A "900"
2021-10-01T19:30:23.979891268Z  [2021-10-01T19:30:23Z INFO  dt_instance] A "901"
2021-10-01T19:30:23.982384649Z  [2021-10-01T19:30:23Z INFO  dt_instance] A "902"
2021-10-01T19:30:23.985069725Z  [2021-10-01T19:30:23Z INFO  dt_instance] A "903"
2021-10-01T19:30:23.986578885Z  [2021-10-01T19:30:23Z INFO  dt_instance] A "904"
2021-10-01T19:30:23.989123431Z  [2021-10-01T19:30:23Z INFO  dt_instance] A "905"
2021-10-01T19:30:23.990558963Z  [2021-10-01T19:30:23Z INFO  dt_instance] A "906"
2021-10-01T19:30:23.993056207Z  [2021-10-01T19:30:23Z INFO  dt_instance] A "907"
2021-10-01T19:30:23.994420502Z  [2021-10-01T19:30:23Z INFO  dt_instance] A "908"
2021-10-01T19:30:23.997067917Z  [2021-10-01T19:30:23Z INFO  dt_instance] A "909"
2021-10-01T19:30:23.999388685Z  [2021-10-01T19:30:23Z INFO  dt_instance] A "910"
2021-10-01T19:30:24.001838828Z  [2021-10-01T19:30:24Z INFO  dt_instance] A "911"
2021-10-01T19:30:24.004324598Z  [2021-10-01T19:30:24Z INFO  dt_instance] A "912"
2021-10-01T19:30:24.006784502Z  [2021-10-01T19:30:24Z INFO  dt_instance] A "913"
2021-10-01T19:30:24.009649033Z  [2021-10-01T19:30:24Z INFO  dt_instance] A "914"
2021-10-01T19:30:24.011880208Z  [2021-10-01T19:30:24Z INFO  dt_instance] A "915"
2021-10-01T19:30:24.013666086Z  [2021-10-01T19:30:24Z INFO  dt_instance] A "916"
2021-10-01T19:30:24.015896492Z  [2021-10-01T19:30:24Z INFO  dt_instance] A "917"
2021-10-01T19:30:24.018575537Z  [2021-10-01T19:30:24Z INFO  dt_instance] A "918"
2021-10-01T19:30:24.020798827Z  [2021-10-01T19:30:24Z INFO  dt_instance] A "919"
2021-10-01T19:30:24.023398944Z  [2021-10-01T19:30:24Z INFO  dt_instance] A "920"
2021-10-01T19:30:24.025852187Z  [2021-10-01T19:30:24Z INFO  dt_instance] A "921"
2021-10-01T19:30:24.027394717Z  [2021-10-01T19:30:24Z INFO  dt_instance] A "922"
2021-10-01T19:30:24.029871414Z  [2021-10-01T19:30:24Z INFO  dt_instance] A "923"
2021-10-01T19:30:24.031470672Z  [2021-10-01T19:30:24Z INFO  dt_instance] A "924"
2021-10-01T19:30:24.033865153Z  [2021-10-01T19:30:24Z INFO  dt_instance] A "925"
2021-10-01T19:30:24.036410300Z  [2021-10-01T19:30:24Z INFO  dt_instance] A "926"
2021-10-01T19:30:24.038769950Z  [2021-10-01T19:30:24Z INFO  dt_instance] A "927"
2021-10-01T19:30:24.040202718Z  [2021-10-01T19:30:24Z INFO  dt_instance] A "928"
2021-10-01T19:30:24.042605652Z  [2021-10-01T19:30:24Z INFO  dt_instance] A "929"
2021-10-01T19:30:24.045381495Z  [2021-10-01T19:30:24Z INFO  dt_instance] A "930"
2021-10-01T19:30:24.047606631Z  [2021-10-01T19:30:24Z INFO  dt_instance] A "931"
2021-10-01T19:30:24.050265255Z  [2021-10-01T19:30:24Z INFO  dt_instance] A "932"
2021-10-01T19:30:24.052682088Z  [2021-10-01T19:30:24Z INFO  dt_instance] A "933"
2021-10-01T19:30:24.055368102Z  [2021-10-01T19:30:24Z INFO  dt_instance] A "934"
2021-10-01T19:30:24.057870600Z  [2021-10-01T19:30:24Z INFO  dt_instance] A "935"
2021-10-01T19:30:24.060381425Z  [2021-10-01T19:30:24Z INFO  dt_instance] A "936"
2021-10-01T19:30:24.062831928Z  [2021-10-01T19:30:24Z INFO  dt_instance] A "937"
2021-10-01T19:30:24.065696543Z  [2021-10-01T19:30:24Z INFO  dt_instance] A "938"
2021-10-01T19:30:24.068060059Z  [2021-10-01T19:30:24Z INFO  dt_instance] A "939"
2021-10-01T19:30:24.069576791Z  [2021-10-01T19:30:24Z INFO  dt_instance] A "940"
2021-10-01T19:30:24.071972731Z  [2021-10-01T19:30:24Z INFO  dt_instance] A "941"
2021-10-01T19:30:24.074691839Z  [2021-10-01T19:30:24Z INFO  dt_instance] A "942"
2021-10-01T19:30:24.077403053Z  [2021-10-01T19:30:24Z INFO  dt_instance] A "943"
2021-10-01T19:30:24.079653151Z  [2021-10-01T19:30:24Z INFO  dt_instance] A "944"
2021-10-01T19:30:24.082195213Z  [2021-10-01T19:30:24Z INFO  dt_instance] A "945"
2021-10-01T19:30:24.083884301Z  [2021-10-01T19:30:24Z INFO  dt_instance] A "946"
2021-10-01T19:30:24.086403078Z  [2021-10-01T19:30:24Z INFO  dt_instance] A "947"
2021-10-01T19:30:24.088787194Z  [2021-10-01T19:30:24Z INFO  dt_instance] A "948"
2021-10-01T19:30:24.091282806Z  [2021-10-01T19:30:24Z INFO  dt_instance] A "949"
2021-10-01T19:30:24.092874638Z  [2021-10-01T19:30:24Z INFO  dt_instance] A "950"
2021-10-01T19:30:24.095011783Z  [2021-10-01T19:30:24Z INFO  dt_instance] A "951"
2021-10-01T19:30:24.096511079Z  [2021-10-01T19:30:24Z INFO  dt_instance] A "952"
2021-10-01T19:30:24.098923508Z  [2021-10-01T19:30:24Z INFO  dt_instance] A "953"
2021-10-01T19:30:24.100260883Z  [2021-10-01T19:30:24Z INFO  dt_instance] A "954"
2021-10-01T19:30:24.102671585Z  [2021-10-01T19:30:24Z INFO  dt_instance] A "955"
2021-10-01T19:30:24.105418665Z  [2021-10-01T19:30:24Z INFO  dt_instance] A "956"
2021-10-01T19:30:24.107914286Z  [2021-10-01T19:30:24Z INFO  dt_instance] A "957"
2021-10-01T19:30:24.110553374Z  [2021-10-01T19:30:24Z INFO  dt_instance] A "958"
2021-10-01T19:30:24.112707250Z  [2021-10-01T19:30:24Z INFO  dt_instance] A "959"
2021-10-01T19:30:24.115304608Z  [2021-10-01T19:30:24Z INFO  dt_instance] A "960"
2021-10-01T19:30:24.117744539Z  [2021-10-01T19:30:24Z INFO  dt_instance] A "961"
2021-10-01T19:30:24.120317379Z  [2021-10-01T19:30:24Z INFO  dt_instance] A "962"
2021-10-01T19:30:24.122819255Z  [2021-10-01T19:30:24Z INFO  dt_instance] A "963"
2021-10-01T19:30:24.125466869Z  [2021-10-01T19:30:24Z INFO  dt_instance] A "964"
2021-10-01T19:30:24.128004408Z  [2021-10-01T19:30:24Z INFO  dt_instance] A "965"
2021-10-01T19:30:24.129505796Z  [2021-10-01T19:30:24Z INFO  dt_instance] A "966"
2021-10-01T19:30:24.131975833Z  [2021-10-01T19:30:24Z INFO  dt_instance] A "967"
2021-10-01T19:30:24.133383844Z  [2021-10-01T19:30:24Z INFO  dt_instance] A "968"
2021-10-01T19:30:24.135384017Z  [2021-10-01T19:30:24Z INFO  dt_instance] A "969"
2021-10-01T19:30:24.137938342Z  [2021-10-01T19:30:24Z INFO  dt_instance] A "970"
2021-10-01T19:30:24.139148278Z  [2021-10-01T19:30:24Z INFO  dt_instance] A "971"
2021-10-01T19:30:24.141692205Z  [2021-10-01T19:30:24Z INFO  dt_instance] A "972"
2021-10-01T19:30:24.144136715Z  [2021-10-01T19:30:24Z INFO  dt_instance] A "973"
2021-10-01T19:30:24.146565773Z  [2021-10-01T19:30:24Z INFO  dt_instance] A "974"
2021-10-01T19:30:24.149066429Z  [2021-10-01T19:30:24Z INFO  dt_instance] A "975"
2021-10-01T19:30:24.151794013Z  [2021-10-01T19:30:24Z INFO  dt_instance] A "976"
2021-10-01T19:30:24.154392924Z  [2021-10-01T19:30:24Z INFO  dt_instance] A "977"
2021-10-01T19:30:24.156924553Z  [2021-10-01T19:30:24Z INFO  dt_instance] A "978"
2021-10-01T19:30:24.159450322Z  [2021-10-01T19:30:24Z INFO  dt_instance] A "979"
2021-10-01T19:30:24.162020296Z  [2021-10-01T19:30:24Z INFO  dt_instance] A "980"
2021-10-01T19:30:24.163367638Z  [2021-10-01T19:30:24Z INFO  dt_instance] A "981"
2021-10-01T19:30:24.165990106Z  [2021-10-01T19:30:24Z INFO  dt_instance] A "982"
2021-10-01T19:30:24.167348585Z  [2021-10-01T19:30:24Z INFO  dt_instance] A "983"
2021-10-01T19:30:24.170198181Z  [2021-10-01T19:30:24Z INFO  dt_instance] A "984"
2021-10-01T19:30:24.171499970Z  [2021-10-01T19:30:24Z INFO  dt_instance] A "985"
2021-10-01T19:30:24.174291822Z  [2021-10-01T19:30:24Z INFO  dt_instance] A "986"
2021-10-01T19:30:24.176457638Z  [2021-10-01T19:30:24Z INFO  dt_instance] A "987"
2021-10-01T19:30:24.179081764Z  [2021-10-01T19:30:24Z INFO  dt_instance] A "988"
2021-10-01T19:30:24.180418874Z  [2021-10-01T19:30:24Z INFO  dt_instance] A "989"
2021-10-01T19:30:24.182792657Z  [2021-10-01T19:30:24Z INFO  dt_instance] A "990"
2021-10-01T19:30:24.185260407Z  [2021-10-01T19:30:24Z INFO  dt_instance] A "991"
2021-10-01T19:30:24.187853204Z  [2021-10-01T19:30:24Z INFO  dt_instance] A "992"
2021-10-01T19:30:24.190282547Z  [2021-10-01T19:30:24Z INFO  dt_instance] A "993"
2021-10-01T19:30:24.192998163Z  [2021-10-01T19:30:24Z INFO  dt_instance] A "994"
2021-10-01T19:30:24.195490030Z  [2021-10-01T19:30:24Z INFO  dt_instance] A "995"
2021-10-01T19:30:24.198334936Z  [2021-10-01T19:30:24Z INFO  dt_instance] A "996"
2021-10-01T19:30:24.200311649Z  [2021-10-01T19:30:24Z INFO  dt_instance] A "997"
2021-10-01T19:30:24.202910013Z  [2021-10-01T19:30:24Z INFO  dt_instance] A "998"
2021-10-01T19:30:24.204194331Z  [2021-10-01T19:30:24Z INFO  dt_instance] A "999"
2021-10-01T19:30:53.347797297Z  [2021-10-01T19:30:53Z ERROR dt_instance] Unhandled incoming.
