19:30:07.396051248
19:30:09.405761312
CONTAINER ID   NAME                                         CPU %     MEM USAGE / LIMIT     MEM %     NET I/O         BLOCK I/O        PIDS
d5218dc6f2ed   newc_client.1.lliozx6h6gef20foyo3w6oqkw      0.00%     1.098MiB / 3.852GiB   0.03%     586B / 0B       0B / 0B          4
b1690f9431fa   newc_twin.1.qdo83ad1656c80uhkf7lpo1ld        0.00%     1.406MiB / 3.852GiB   0.04%     1.24kB / 773B   0B / 0B          3
10cdc3a1f25e   newc_scylla-db.1.m9u7qwanv3u34e2zv2luwybx7   2.20%     159.2MiB / 3.852GiB   4.04%     1.09kB / 0B     7.93MB / 205MB   34
CONTAINER ID   NAME                                         CPU %     MEM USAGE / LIMIT     MEM %     NET I/O         BLOCK I/O        PIDS
d5218dc6f2ed   newc_client.1.lliozx6h6gef20foyo3w6oqkw      0.00%     1.098MiB / 3.852GiB   0.03%     586B / 0B       0B / 0B          4
b1690f9431fa   newc_twin.1.qdo83ad1656c80uhkf7lpo1ld        0.00%     1.406MiB / 3.852GiB   0.04%     1.24kB / 773B   0B / 0B          3
10cdc3a1f25e   newc_scylla-db.1.m9u7qwanv3u34e2zv2luwybx7   2.57%     159.2MiB / 3.852GiB   4.04%     1.09kB / 0B     7.93MB / 205MB   34
19:30:11.418332002
CONTAINER ID   NAME                                         CPU %     MEM USAGE / LIMIT     MEM %     NET I/O         BLOCK I/O        PIDS
d5218dc6f2ed   newc_client.1.lliozx6h6gef20foyo3w6oqkw      0.00%     1.098MiB / 3.852GiB   0.03%     586B / 0B       0B / 0B          4
b1690f9431fa   newc_twin.1.qdo83ad1656c80uhkf7lpo1ld        0.00%     1.406MiB / 3.852GiB   0.04%     1.24kB / 773B   0B / 0B          3
10cdc3a1f25e   newc_scylla-db.1.m9u7qwanv3u34e2zv2luwybx7   2.83%     159.2MiB / 3.852GiB   4.04%     1.09kB / 0B     7.93MB / 205MB   34
19:30:13.430344230
CONTAINER ID   NAME                                         CPU %     MEM USAGE / LIMIT     MEM %     NET I/O         BLOCK I/O        PIDS
d5218dc6f2ed   newc_client.1.lliozx6h6gef20foyo3w6oqkw      0.00%     1.098MiB / 3.852GiB   0.03%     586B / 0B       0B / 0B          4
b1690f9431fa   newc_twin.1.qdo83ad1656c80uhkf7lpo1ld        0.00%     1.406MiB / 3.852GiB   0.04%     1.24kB / 773B   0B / 0B          3
10cdc3a1f25e   newc_scylla-db.1.m9u7qwanv3u34e2zv2luwybx7   2.55%     159.2MiB / 3.852GiB   4.04%     1.09kB / 0B     7.93MB / 205MB   34
19:30:15.440890230
CONTAINER ID   NAME                                         CPU %     MEM USAGE / LIMIT     MEM %     NET I/O         BLOCK I/O        PIDS
d5218dc6f2ed   newc_client.1.lliozx6h6gef20foyo3w6oqkw      0.00%     1.098MiB / 3.852GiB   0.03%     656B / 0B       0B / 0B          4
b1690f9431fa   newc_twin.1.qdo83ad1656c80uhkf7lpo1ld        0.00%     1.406MiB / 3.852GiB   0.04%     1.24kB / 773B   0B / 0B          3
10cdc3a1f25e   newc_scylla-db.1.m9u7qwanv3u34e2zv2luwybx7   3.17%     159.2MiB / 3.852GiB   4.04%     1.09kB / 0B     7.93MB / 205MB   34
19:30:17.452344586
CONTAINER ID   NAME                                         CPU %     MEM USAGE / LIMIT     MEM %     NET I/O         BLOCK I/O        PIDS
d5218dc6f2ed   newc_client.1.lliozx6h6gef20foyo3w6oqkw      0.01%     1.098MiB / 3.852GiB   0.03%     656B / 0B       0B / 0B          4
b1690f9431fa   newc_twin.1.qdo83ad1656c80uhkf7lpo1ld        0.00%     1.406MiB / 3.852GiB   0.04%     1.24kB / 773B   0B / 0B          3
10cdc3a1f25e   newc_scylla-db.1.m9u7qwanv3u34e2zv2luwybx7   2.74%     159.2MiB / 3.852GiB   4.04%     1.09kB / 0B     7.93MB / 205MB   34
19:30:19.463049138
CONTAINER ID   NAME                                         CPU %     MEM USAGE / LIMIT     MEM %     NET I/O         BLOCK I/O        PIDS
d5218dc6f2ed   newc_client.1.lliozx6h6gef20foyo3w6oqkw      0.00%     1.098MiB / 3.852GiB   0.03%     656B / 0B       0B / 0B          4
b1690f9431fa   newc_twin.1.qdo83ad1656c80uhkf7lpo1ld        0.01%     1.406MiB / 3.852GiB   0.04%     1.24kB / 773B   0B / 0B          3
10cdc3a1f25e   newc_scylla-db.1.m9u7qwanv3u34e2zv2luwybx7   2.50%     159.2MiB / 3.852GiB   4.04%     1.09kB / 0B     7.93MB / 205MB   34
19:30:21.472809920
CONTAINER ID   NAME                                         CPU %     MEM USAGE / LIMIT     MEM %     NET I/O         BLOCK I/O        PIDS
d5218dc6f2ed   newc_client.1.lliozx6h6gef20foyo3w6oqkw      15.59%    1.543MiB / 3.852GiB   0.04%     23kB / 49.6kB   0B / 0B          5
b1690f9431fa   newc_twin.1.qdo83ad1656c80uhkf7lpo1ld        8.16%     1.43MiB / 3.852GiB    0.04%     51kB / 23.1kB   0B / 0B          3
10cdc3a1f25e   newc_scylla-db.1.m9u7qwanv3u34e2zv2luwybx7   2.58%     159.2MiB / 3.852GiB   4.04%     1.13kB / 0B     7.93MB / 205MB   34
19:30:23.482649791
CONTAINER ID   NAME                                         CPU %     MEM USAGE / LIMIT     MEM %     NET I/O          BLOCK I/O        PIDS
d5218dc6f2ed   newc_client.1.lliozx6h6gef20foyo3w6oqkw      8.71%     1.543MiB / 3.852GiB   0.04%     64.5kB / 137kB   0B / 0B          5
b1690f9431fa   newc_twin.1.qdo83ad1656c80uhkf7lpo1ld        3.40%     1.43MiB / 3.852GiB    0.04%     138kB / 52.1kB   0B / 0B          3
10cdc3a1f25e   newc_scylla-db.1.m9u7qwanv3u34e2zv2luwybx7   2.25%     159.2MiB / 3.852GiB   4.04%     1.13kB / 0B      7.93MB / 205MB   34
19:30:25.496681209
CONTAINER ID   NAME                                         CPU %     MEM USAGE / LIMIT     MEM %     NET I/O          BLOCK I/O        PIDS
d5218dc6f2ed   newc_client.1.lliozx6h6gef20foyo3w6oqkw      0.00%     1.543MiB / 3.852GiB   0.04%     64.5kB / 137kB   0B / 0B          5
b1690f9431fa   newc_twin.1.qdo83ad1656c80uhkf7lpo1ld        0.00%     1.43MiB / 3.852GiB    0.04%     138kB / 52.1kB   0B / 0B          3
10cdc3a1f25e   newc_scylla-db.1.m9u7qwanv3u34e2zv2luwybx7   3.15%     159.2MiB / 3.852GiB   4.04%     1.13kB / 0B      7.93MB / 205MB   34
19:30:27.507222727
CONTAINER ID   NAME                                         CPU %     MEM USAGE / LIMIT     MEM %     NET I/O          BLOCK I/O        PIDS
d5218dc6f2ed   newc_client.1.lliozx6h6gef20foyo3w6oqkw      0.00%     1.543MiB / 3.852GiB   0.04%     64.6kB / 137kB   0B / 0B          5
b1690f9431fa   newc_twin.1.qdo83ad1656c80uhkf7lpo1ld        0.00%     1.43MiB / 3.852GiB    0.04%     138kB / 52.1kB   0B / 0B          3
10cdc3a1f25e   newc_scylla-db.1.m9u7qwanv3u34e2zv2luwybx7   2.87%     159.2MiB / 3.852GiB   4.04%     1.13kB / 0B      7.93MB / 205MB   34
19:30:29.517808300
CONTAINER ID   NAME                                         CPU %     MEM USAGE / LIMIT     MEM %     NET I/O          BLOCK I/O        PIDS
d5218dc6f2ed   newc_client.1.lliozx6h6gef20foyo3w6oqkw      0.00%     1.543MiB / 3.852GiB   0.04%     64.6kB / 137kB   0B / 0B          5
b1690f9431fa   newc_twin.1.qdo83ad1656c80uhkf7lpo1ld        0.00%     1.43MiB / 3.852GiB    0.04%     138kB / 52.1kB   0B / 0B          3
10cdc3a1f25e   newc_scylla-db.1.m9u7qwanv3u34e2zv2luwybx7   2.63%     159.2MiB / 3.852GiB   4.04%     1.13kB / 0B      7.93MB / 205MB   34
19:30:31.528189707
CONTAINER ID   NAME                                         CPU %     MEM USAGE / LIMIT     MEM %     NET I/O          BLOCK I/O        PIDS
d5218dc6f2ed   newc_client.1.lliozx6h6gef20foyo3w6oqkw      0.00%     1.543MiB / 3.852GiB   0.04%     64.6kB / 137kB   0B / 0B          4
b1690f9431fa   newc_twin.1.qdo83ad1656c80uhkf7lpo1ld        0.00%     1.43MiB / 3.852GiB    0.04%     138kB / 52.1kB   0B / 0B          3
10cdc3a1f25e   newc_scylla-db.1.m9u7qwanv3u34e2zv2luwybx7   2.72%     159.2MiB / 3.852GiB   4.04%     1.13kB / 0B      7.93MB / 205MB   34
19:30:33.537058452
CONTAINER ID   NAME                                         CPU %     MEM USAGE / LIMIT     MEM %     NET I/O          BLOCK I/O        PIDS
d5218dc6f2ed   newc_client.1.lliozx6h6gef20foyo3w6oqkw      0.00%     1.543MiB / 3.852GiB   0.04%     64.6kB / 137kB   0B / 0B          4
b1690f9431fa   newc_twin.1.qdo83ad1656c80uhkf7lpo1ld        0.00%     1.43MiB / 3.852GiB    0.04%     138kB / 52.1kB   0B / 0B          3
10cdc3a1f25e   newc_scylla-db.1.m9u7qwanv3u34e2zv2luwybx7   2.35%     159.2MiB / 3.852GiB   4.04%     1.13kB / 0B      7.93MB / 205MB   34
19:30:35.548021813
CONTAINER ID   NAME                                         CPU %     MEM USAGE / LIMIT     MEM %     NET I/O          BLOCK I/O        PIDS
d5218dc6f2ed   newc_client.1.lliozx6h6gef20foyo3w6oqkw      0.00%     1.543MiB / 3.852GiB   0.04%     64.6kB / 137kB   0B / 0B          4
b1690f9431fa   newc_twin.1.qdo83ad1656c80uhkf7lpo1ld        0.00%     1.43MiB / 3.852GiB    0.04%     138kB / 52.1kB   0B / 0B          3
10cdc3a1f25e   newc_scylla-db.1.m9u7qwanv3u34e2zv2luwybx7   3.12%     159.2MiB / 3.852GiB   4.04%     1.13kB / 0B      7.93MB / 205MB   34
19:30:37.560477853
CONTAINER ID   NAME                                         CPU %     MEM USAGE / LIMIT     MEM %     NET I/O          BLOCK I/O        PIDS
d5218dc6f2ed   newc_client.1.lliozx6h6gef20foyo3w6oqkw      0.00%     1.543MiB / 3.852GiB   0.04%     64.6kB / 137kB   0B / 0B          4
b1690f9431fa   newc_twin.1.qdo83ad1656c80uhkf7lpo1ld        0.00%     1.43MiB / 3.852GiB    0.04%     138kB / 52.1kB   0B / 0B          3
10cdc3a1f25e   newc_scylla-db.1.m9u7qwanv3u34e2zv2luwybx7   3.04%     159.2MiB / 3.852GiB   4.04%     1.13kB / 0B      7.93MB / 205MB   34
19:30:39.573682629
19:30:41.584312576
CONTAINER ID   NAME                                         CPU %     MEM USAGE / LIMIT     MEM %     NET I/O          BLOCK I/O        PIDS
d5218dc6f2ed   newc_client.1.lliozx6h6gef20foyo3w6oqkw      0.00%     1.543MiB / 3.852GiB   0.04%     64.6kB / 137kB   0B / 0B          4
b1690f9431fa   newc_twin.1.qdo83ad1656c80uhkf7lpo1ld        0.00%     1.43MiB / 3.852GiB    0.04%     138kB / 52.1kB   0B / 0B          3
10cdc3a1f25e   newc_scylla-db.1.m9u7qwanv3u34e2zv2luwybx7   2.53%     159.2MiB / 3.852GiB   4.04%     1.13kB / 0B      7.93MB / 205MB   34
19:30:43.595967047
CONTAINER ID   NAME                                         CPU %     MEM USAGE / LIMIT     MEM %     NET I/O          BLOCK I/O        PIDS
d5218dc6f2ed   newc_client.1.lliozx6h6gef20foyo3w6oqkw      0.00%     1.543MiB / 3.852GiB   0.04%     64.6kB / 137kB   0B / 0B          4
b1690f9431fa   newc_twin.1.qdo83ad1656c80uhkf7lpo1ld        0.00%     1.43MiB / 3.852GiB    0.04%     138kB / 52.1kB   0B / 0B          3
10cdc3a1f25e   newc_scylla-db.1.m9u7qwanv3u34e2zv2luwybx7   2.46%     159.2MiB / 3.852GiB   4.04%     1.2kB / 0B       7.93MB / 205MB   34
19:30:45.607975889
CONTAINER ID   NAME                                         CPU %     MEM USAGE / LIMIT     MEM %     NET I/O          BLOCK I/O        PIDS
d5218dc6f2ed   newc_client.1.lliozx6h6gef20foyo3w6oqkw      0.00%     1.543MiB / 3.852GiB   0.04%     64.6kB / 137kB   0B / 0B          4
b1690f9431fa   newc_twin.1.qdo83ad1656c80uhkf7lpo1ld        0.00%     1.43MiB / 3.852GiB    0.04%     138kB / 52.1kB   0B / 0B          3
10cdc3a1f25e   newc_scylla-db.1.m9u7qwanv3u34e2zv2luwybx7   2.32%     159.2MiB / 3.852GiB   4.04%     1.2kB / 0B       7.93MB / 205MB   34
19:30:47.617331974
CONTAINER ID   NAME                                         CPU %     MEM USAGE / LIMIT     MEM %     NET I/O          BLOCK I/O        PIDS
d5218dc6f2ed   newc_client.1.lliozx6h6gef20foyo3w6oqkw      0.00%     1.543MiB / 3.852GiB   0.04%     64.6kB / 137kB   0B / 0B          4
b1690f9431fa   newc_twin.1.qdo83ad1656c80uhkf7lpo1ld        0.00%     1.43MiB / 3.852GiB    0.04%     138kB / 52.1kB   0B / 0B          3
10cdc3a1f25e   newc_scylla-db.1.m9u7qwanv3u34e2zv2luwybx7   3.53%     159.2MiB / 3.852GiB   4.04%     1.2kB / 0B       7.93MB / 205MB   34
CONTAINER ID   NAME                                         CPU %     MEM USAGE / LIMIT     MEM %     NET I/O          BLOCK I/O        PIDS
d5218dc6f2ed   newc_client.1.lliozx6h6gef20foyo3w6oqkw      0.00%     1.543MiB / 3.852GiB   0.04%     64.6kB / 137kB   0B / 0B          4
b1690f9431fa   newc_twin.1.qdo83ad1656c80uhkf7lpo1ld        0.00%     1.43MiB / 3.852GiB    0.04%     138kB / 52.1kB   0B / 0B          3
10cdc3a1f25e   newc_scylla-db.1.m9u7qwanv3u34e2zv2luwybx7   2.24%     159.2MiB / 3.852GiB   4.04%     1.2kB / 0B       7.93MB / 205MB   34
