2021-09-29T20:05:46.153309656Z  [2021-09-29T20:05:46Z INFO  dt_instance] Current Twin: 38162cb0-e585-43d7-b55d-5c240b2bfb7c
2021-09-29T20:05:46.153370276Z  [2021-09-29T20:05:46Z INFO  dt_instance] Connecting to broker at mqtt-broker:1883
2021-09-29T20:05:46.153384461Z  [2021-09-29T20:05:46Z INFO  dt_instance] Using default packet size of 10240 KB.
2021-09-29T20:05:46.157260791Z  [2021-09-29T20:05:46Z INFO  dt_instance] Refreshing topics for twin 38162cb0-e585-43d7-b55d-5c240b2bfb7c - Listen to A/A/A
2021-09-29T20:05:46.158020723Z  [2021-09-29T20:05:46Z INFO  dt_instance] SubAck { pkid: 1, return_codes: [Success(AtLeastOnce)] }
2021-09-29T20:06:16.159754792Z  [2021-09-29T20:06:16Z ERROR dt_instance] Unhandled incoming.
2021-09-29T20:06:46.160622560Z  [2021-09-29T20:06:46Z ERROR dt_instance] Unhandled incoming.
2021-09-29T20:06:55.958286234Z  [2021-09-29T20:06:55Z INFO  dt_instance] A "0 ixbZaR7uXRgsMvjqBe7nijac60YCSY0Qlth9uf62uFan8UZ3QFhHKY6PeJBUX4"
2021-09-29T20:06:55.981280559Z  [2021-09-29T20:06:55Z ERROR dt_instance] Error inserting data for source A.
2021-09-29T20:06:55.981956340Z  [2021-09-29T20:06:55Z INFO  dt_instance] A "1 Khv9p2SlXiKG52DCvR16VPC8tqBJnunzjnqT72i4qz3bkaALP3gjuU8k6E9sh2"
2021-09-29T20:06:55.998488415Z  [2021-09-29T20:06:55Z ERROR dt_instance] Error inserting data for source A.
2021-09-29T20:06:55.999899846Z  [2021-09-29T20:06:55Z INFO  dt_instance] A "2 QvVjTn79vVu1THmHXm83RcWw5t4Pg0VTejugiBglNbTMFANJZysKG3ASL7PqQU"
2021-09-29T20:06:56.015182031Z  [2021-09-29T20:06:56Z ERROR dt_instance] Error inserting data for source A.
2021-09-29T20:06:56.015936014Z  [2021-09-29T20:06:56Z INFO  dt_instance] A "3 2oN5IxCiKDZeErsmuRHMvkpjctJGkK9tqZkseS7E6JnE0wMrTP9uUIrmcS8aG0"
2021-09-29T20:06:56.030327548Z  [2021-09-29T20:06:56Z ERROR dt_instance] Error inserting data for source A.
2021-09-29T20:06:56.031254051Z  [2021-09-29T20:06:56Z INFO  dt_instance] A "4 rah8DBHk56JMpculMtpTsTLXTyNIqYE6qUwvHP3foFsHPS3TNuLFLtYi6N7pf1"
2021-09-29T20:06:56.048277943Z  [2021-09-29T20:06:56Z ERROR dt_instance] Error inserting data for source A.
2021-09-29T20:06:56.049139158Z  [2021-09-29T20:06:56Z INFO  dt_instance] A "5 9cDzrYj2tSpoddy60s7VhZ2S4lrxnfF9mAqIM9peZ3HUUOlzQ1N0OBgGKX3LUt"
2021-09-29T20:06:56.067203580Z  [2021-09-29T20:06:56Z ERROR dt_instance] Error inserting data for source A.
2021-09-29T20:06:56.068177154Z  [2021-09-29T20:06:56Z INFO  dt_instance] A "6 tNX7wDFPd9pzaAhBWYkQuo4qSmKWTeab9GEisMaY59jV8dqeBlR0WUHxLp3Y8X"
2021-09-29T20:06:56.083611809Z  [2021-09-29T20:06:56Z ERROR dt_instance] Error inserting data for source A.
2021-09-29T20:06:56.085562044Z  [2021-09-29T20:06:56Z INFO  dt_instance] A "7 Vi2hMHdhqKdHnwngZtJAKdwjju9rassn68If5cZkaWMj9mdNfoF92kSe2Mw83H"
2021-09-29T20:06:56.103059757Z  [2021-09-29T20:06:56Z ERROR dt_instance] Error inserting data for source A.
2021-09-29T20:06:56.104448444Z  [2021-09-29T20:06:56Z INFO  dt_instance] A "8 cWraWJ4mP6NhwvcLVB5EksJavPbNYzoOymLwvHyVpnm6IUc8rqQw7dTLhxRHkK"
2021-09-29T20:06:56.122682964Z  [2021-09-29T20:06:56Z ERROR dt_instance] Error inserting data for source A.
2021-09-29T20:06:56.124376345Z  [2021-09-29T20:06:56Z INFO  dt_instance] A "9 SWZqW9XYxNTibd0NvTL3DITynF6OaMBOYfjdHvyEqRFNyhRx5ouW7iMVRzQ7Nr"
2021-09-29T20:06:56.145316849Z  [2021-09-29T20:06:56Z ERROR dt_instance] Error inserting data for source A.
2021-09-29T20:06:56.147326843Z  [2021-09-29T20:06:56Z INFO  dt_instance] A "10 DJEsRrEpGrpT1elLbBaKI4vwWAdRgO1lbMThiuuYa2TWVr7fVV8imCmxPT4VU"
2021-09-29T20:06:56.168541697Z  [2021-09-29T20:06:56Z ERROR dt_instance] Error inserting data for source A.
2021-09-29T20:06:56.169791303Z  [2021-09-29T20:06:56Z INFO  dt_instance] A "11 cZdgE6s1BsfwracjKuTVji1N3ZIHykEDYoJWMvLOPMbfVn5plTqaasULvUgY1"
2021-09-29T20:06:56.192312943Z  [2021-09-29T20:06:56Z ERROR dt_instance] Error inserting data for source A.
2021-09-29T20:06:56.193747770Z  [2021-09-29T20:06:56Z INFO  dt_instance] A "12 oo8y1jJwe3JVZnidU4IS48ctm1hdh6sN7lGCzdszmRzMc8WSkY5YJY1Gtplig"
2021-09-29T20:06:56.216543477Z  [2021-09-29T20:06:56Z ERROR dt_instance] Error inserting data for source A.
2021-09-29T20:06:56.218291480Z  [2021-09-29T20:06:56Z INFO  dt_instance] A "13 a31lO12QwMvN5LOxbjj7MyyNqv99TH0m05AKjo8B5lLFJ3JqWfdOsTyfDTeiU"
2021-09-29T20:06:56.238607527Z  [2021-09-29T20:06:56Z ERROR dt_instance] Error inserting data for source A.
2021-09-29T20:06:56.239475249Z  [2021-09-29T20:06:56Z INFO  dt_instance] A "14 iY2TxiY05F74Jf66kONB1iSufW5OttUDVMvI4sexGAcMLaMcUMWPzop1WDmKS"
2021-09-29T20:06:56.262042333Z  [2021-09-29T20:06:56Z ERROR dt_instance] Error inserting data for source A.
2021-09-29T20:06:56.262569987Z  [2021-09-29T20:06:56Z INFO  dt_instance] A "15 JBipELYsE5bZvCMWmQRiND3HtnyiSTP8lJHM1d0SpzvIelyIWHkxu5f33kiKI"
2021-09-29T20:06:56.278924769Z  [2021-09-29T20:06:56Z ERROR dt_instance] Error inserting data for source A.
2021-09-29T20:06:56.279998282Z  [2021-09-29T20:06:56Z INFO  dt_instance] A "16 o0SIOMYjeW8bMyvvTkT2ymWaSfF1amcuNDS2vtDJCvzuZY7pFZrjxh00iZAt2"
2021-09-29T20:06:56.297636872Z  [2021-09-29T20:06:56Z ERROR dt_instance] Error inserting data for source A.
2021-09-29T20:06:56.298298883Z  [2021-09-29T20:06:56Z INFO  dt_instance] A "17 MvJcXM0FxNItqnOeydZa1ylS4VcM3HXMXo4zUCvUpuvwiVLaXHLCYGoWYunzN"
2021-09-29T20:06:56.314079681Z  [2021-09-29T20:06:56Z ERROR dt_instance] Error inserting data for source A.
2021-09-29T20:06:56.314921008Z  [2021-09-29T20:06:56Z INFO  dt_instance] A "18 B3PgMoyNkjiWvFTQoOMptDaYYnwueqesofCA9V6merR42UdrQJtGxjIJZZjDx"
2021-09-29T20:06:56.331568007Z  [2021-09-29T20:06:56Z ERROR dt_instance] Error inserting data for source A.
2021-09-29T20:06:56.332011851Z  [2021-09-29T20:06:56Z INFO  dt_instance] A "19 DAU0Qr7YP2FCYDXu3BmSxwHqsTi3fhqGnU0EPMZd4jHVOgNS5rfSgIkiQxtQ7"
2021-09-29T20:06:56.350021072Z  [2021-09-29T20:06:56Z ERROR dt_instance] Error inserting data for source A.
2021-09-29T20:06:56.350663006Z  [2021-09-29T20:06:56Z INFO  dt_instance] A "20 W8ssDjtvEOPMD2cI1y3K1dksvaQl7TwlcryUn70WwQAFaB2ybmlthN9ju6CyS"
2021-09-29T20:06:56.370590756Z  [2021-09-29T20:06:56Z ERROR dt_instance] Error inserting data for source A.
2021-09-29T20:06:56.371429175Z  [2021-09-29T20:06:56Z INFO  dt_instance] A "21 SWsi4DCcg0U9vPDVTvhF9nKwZCMLXnCIWpWHxovLdoAj51i95Cz6or75DKWi4"
2021-09-29T20:06:56.389629916Z  [2021-09-29T20:06:56Z ERROR dt_instance] Error inserting data for source A.
2021-09-29T20:06:56.390451325Z  [2021-09-29T20:06:56Z INFO  dt_instance] A "22 k1q72IydDjnajHyJQ2iIIA87uw4iEXl7nsx133KSSBH7QgzOD2OEAhFISEoaX"
2021-09-29T20:06:56.408800696Z  [2021-09-29T20:06:56Z ERROR dt_instance] Error inserting data for source A.
2021-09-29T20:06:56.409424608Z  [2021-09-29T20:06:56Z INFO  dt_instance] A "23 iBsypKueHymdfveMOItKqsr9GHnBAtbiPlZCM149RPc0oELk3wXJnVh5paxwQ"
2021-09-29T20:06:56.427698638Z  [2021-09-29T20:06:56Z ERROR dt_instance] Error inserting data for source A.
2021-09-29T20:06:56.428561199Z  [2021-09-29T20:06:56Z INFO  dt_instance] A "24 MdGBEFlAvVYhfHrfyAYFrR5NxuWJZTPJr9gjsHbwjFsgN89dpbtObEPjmKnfv"
2021-09-29T20:06:56.445602906Z  [2021-09-29T20:06:56Z ERROR dt_instance] Error inserting data for source A.
2021-09-29T20:06:56.446229550Z  [2021-09-29T20:06:56Z INFO  dt_instance] A "25 BvoO7kgMebxP2HXYVcgjRJ5uYNAQKUYIGNGTGFGPz1DAzG5gVmpTMh0DhwhUw"
2021-09-29T20:06:56.463081646Z  [2021-09-29T20:06:56Z ERROR dt_instance] Error inserting data for source A.
2021-09-29T20:06:56.463854363Z  [2021-09-29T20:06:56Z INFO  dt_instance] A "26 xCoVETddKxXrLMlGwfzIxETZkcCtQOyj27MLemvm1SsxtsbZt9U1121CRPO95"
2021-09-29T20:06:56.481760057Z  [2021-09-29T20:06:56Z ERROR dt_instance] Error inserting data for source A.
2021-09-29T20:06:56.482263369Z  [2021-09-29T20:06:56Z INFO  dt_instance] A "27 H368pYKldHdLwUhmbCvDMyb0SmiFmcDA6vDWCUkfPpP1Iu6noLKfpS5UUn16a"
2021-09-29T20:06:56.499953933Z  [2021-09-29T20:06:56Z ERROR dt_instance] Error inserting data for source A.
2021-09-29T20:06:56.500593605Z  [2021-09-29T20:06:56Z INFO  dt_instance] A "28 ON5SKiswMEvUATU85Gu8AF5yIfmYrhD70uIplTCCWOXNnpOhLPuJUZ1NP4p3O"
2021-09-29T20:06:56.518736718Z  [2021-09-29T20:06:56Z ERROR dt_instance] Error inserting data for source A.
2021-09-29T20:06:56.519163408Z  [2021-09-29T20:06:56Z INFO  dt_instance] A "29 rc3XOO4bo5yyDNglMUQR45tOIpfJVYmrOMUHTUEMeYinMDI3Pmu0naR0ScxCR"
2021-09-29T20:06:56.536859162Z  [2021-09-29T20:06:56Z ERROR dt_instance] Error inserting data for source A.
2021-09-29T20:06:56.537508536Z  [2021-09-29T20:06:56Z INFO  dt_instance] A "30 RrKSVEeoV4DEFxH67aYcqyqyofprKO0GC3Pr2H5f5YofbAMZJQJe5JfmUZB62"
2021-09-29T20:06:56.554894632Z  [2021-09-29T20:06:56Z ERROR dt_instance] Error inserting data for source A.
2021-09-29T20:06:56.555395879Z  [2021-09-29T20:06:56Z INFO  dt_instance] A "31 hiLa19r6p6UEcKJDaAy8RwbSiPblIPpiZpS8QzmGHtlhQ9SmjReJWRpKHkFUO"
2021-09-29T20:06:56.572198450Z  [2021-09-29T20:06:56Z ERROR dt_instance] Error inserting data for source A.
2021-09-29T20:06:56.572717069Z  [2021-09-29T20:06:56Z INFO  dt_instance] A "32 owyFB2erZZxN1f1G8EmeM9gybZiED9XjCnWxNA108d33tQRP5MKXITquZ1AAl"
2021-09-29T20:06:56.585734427Z  [2021-09-29T20:06:56Z ERROR dt_instance] Error inserting data for source A.
2021-09-29T20:06:56.586238149Z  [2021-09-29T20:06:56Z INFO  dt_instance] A "33 psca0XeTpxTne6fQl0Odbcay2kCL1JjBVBqZenMpBISeRuzLndk1p1A8BB0Aj"
2021-09-29T20:06:56.602824188Z  [2021-09-29T20:06:56Z ERROR dt_instance] Error inserting data for source A.
2021-09-29T20:06:56.603326210Z  [2021-09-29T20:06:56Z INFO  dt_instance] A "34 xpScrwoILBPM0JYKJGYm1n2LEZqbT9Ifoq1OhsXg8GCcDlT7KiqWoGfNzuY7Q"
2021-09-29T20:06:56.619882656Z  [2021-09-29T20:06:56Z ERROR dt_instance] Error inserting data for source A.
2021-09-29T20:06:56.620459080Z  [2021-09-29T20:06:56Z INFO  dt_instance] A "35 7aLSDnDBo9mkUP6dzs02AXpWdpzvCUuOurVs3NMj25w3OUxK0ZEuAoWUwA5cW"
2021-09-29T20:06:56.633272567Z  [2021-09-29T20:06:56Z ERROR dt_instance] Error inserting data for source A.
2021-09-29T20:06:56.633731547Z  [2021-09-29T20:06:56Z INFO  dt_instance] A "36 lfHCgAjRosTYUw8lqlJGDMg2pIUwZcXcRgobkTJVNGmcKC5hXHEpjl4lJ4oAc"
2021-09-29T20:06:56.649078410Z  [2021-09-29T20:06:56Z ERROR dt_instance] Error inserting data for source A.
2021-09-29T20:06:56.649700629Z  [2021-09-29T20:06:56Z INFO  dt_instance] A "37 4aG3aL5h3bNcQm9lpGvxRQnlK2Ms35hZSdbu29K1KYCB1mArIEHcxL5XsB7ay"
2021-09-29T20:06:56.666546180Z  [2021-09-29T20:06:56Z ERROR dt_instance] Error inserting data for source A.
2021-09-29T20:06:56.667580364Z  [2021-09-29T20:06:56Z INFO  dt_instance] A "38 Q9ldPh5Bw0p4EmJrFM3Ozb49aTJ08bvGDAQNsxAdzeR1a30VjnlXcCAemtvg9"
2021-09-29T20:06:56.685991889Z  [2021-09-29T20:06:56Z ERROR dt_instance] Error inserting data for source A.
2021-09-29T20:06:56.686598500Z  [2021-09-29T20:06:56Z INFO  dt_instance] A "39 E48fBGdAcr8iCFDFbL4NvltMCg1XXinyFxz8Y2aE0XTrH6TmyNbaSiqTY9hkz"
2021-09-29T20:06:56.704303598Z  [2021-09-29T20:06:56Z ERROR dt_instance] Error inserting data for source A.
2021-09-29T20:06:56.705112413Z  [2021-09-29T20:06:56Z INFO  dt_instance] A "40 HMMKPhP33PF7LtUFtBVrb6ZwslsIgBmkhRG4HaArcIYF1E635P12zY2fpvfKT"
2021-09-29T20:06:56.722338529Z  [2021-09-29T20:06:56Z ERROR dt_instance] Error inserting data for source A.
2021-09-29T20:06:56.722838919Z  [2021-09-29T20:06:56Z INFO  dt_instance] A "41 Usk3t67LJxt1hcBv15OSQ9yAmFmYRqrdoytZJrbhh6dRXyQrlJHkkSgs0b7gP"
2021-09-29T20:06:56.738575854Z  [2021-09-29T20:06:56Z ERROR dt_instance] Error inserting data for source A.
2021-09-29T20:06:56.739490028Z  [2021-09-29T20:06:56Z INFO  dt_instance] A "42 hLBi7Bgb3TP8SQCiifREDoZP65dPhMJWIxPPWWUxzM8xIBQSbZtSBsfmOznoP"
2021-09-29T20:06:56.766582293Z  [2021-09-29T20:06:56Z ERROR dt_instance] Error inserting data for source A.
2021-09-29T20:06:56.770094675Z  [2021-09-29T20:06:56Z INFO  dt_instance] A "43 w2TbGCXQwFFgiQwvLycqn0tAakJqHqbd9uvQeOCujLFia3GKQd1L5Uj73VhEG"
2021-09-29T20:06:56.786947775Z  [2021-09-29T20:06:56Z ERROR dt_instance] Error inserting data for source A.
2021-09-29T20:06:56.787488689Z  [2021-09-29T20:06:56Z INFO  dt_instance] A "44 S2CiuNC4JvrWlv4Z5gOv1kZh5HpWyvtZ0xDqWWV2Q31ntVfRKNCSUkrZjtu9y"
2021-09-29T20:06:56.803042299Z  [2021-09-29T20:06:56Z ERROR dt_instance] Error inserting data for source A.
2021-09-29T20:06:56.803593918Z  [2021-09-29T20:06:56Z INFO  dt_instance] A "45 Gu9tKydIqYWTvrusiGpCj20nzBxwjKHOw5pg9OdmE1Bpztjz0VDVLP5bSdOD9"
2021-09-29T20:06:56.820735763Z  [2021-09-29T20:06:56Z ERROR dt_instance] Error inserting data for source A.
2021-09-29T20:06:56.821322627Z  [2021-09-29T20:06:56Z INFO  dt_instance] A "46 eLkZXTVpQORakXc6LkNoEldkXpESU9VKJy0dymtdUJ1IrHD0yk32IrBPwTmvb"
2021-09-29T20:06:56.839406134Z  [2021-09-29T20:06:56Z ERROR dt_instance] Error inserting data for source A.
2021-09-29T20:06:56.839979732Z  [2021-09-29T20:06:56Z INFO  dt_instance] A "47 LE6QDpIzyHfbrKAyzTyKKvgz83Ryrp7AVtCdWdz0xMVP7nbu0h1SYbU9Mf2fl"
2021-09-29T20:06:56.854795274Z  [2021-09-29T20:06:56Z ERROR dt_instance] Error inserting data for source A.
2021-09-29T20:06:56.856590727Z  [2021-09-29T20:06:56Z INFO  dt_instance] A "48 3x4IMim6tD8SpJ2TdiQnA6teMohRmdmr0NCgaaE9ZYWeXwHGuepDITXkoGJAt"
2021-09-29T20:06:56.876331812Z  [2021-09-29T20:06:56Z ERROR dt_instance] Error inserting data for source A.
2021-09-29T20:06:56.878098393Z  [2021-09-29T20:06:56Z INFO  dt_instance] A "49 AgUoBfPoSb9LMcWnL9nBhE3gL9Kj7p4uIXtOYUA3mL68VHWwsr6VRSnwpd9ZU"
2021-09-29T20:06:56.896245763Z  [2021-09-29T20:06:56Z ERROR dt_instance] Error inserting data for source A.
2021-09-29T20:06:56.896797752Z  [2021-09-29T20:06:56Z INFO  dt_instance] A "50 ohcwo7z6oMBNLg5kkY8KOCKM6cFEgbPLKRbuXtYY61hLoakZzgJ83QwBVhmIq"
2021-09-29T20:06:56.914215289Z  [2021-09-29T20:06:56Z ERROR dt_instance] Error inserting data for source A.
2021-09-29T20:06:56.918402350Z  [2021-09-29T20:06:56Z INFO  dt_instance] A "51 A2fyVshAULRad6tnlaEHgHKwRPjJKgVSyP9vefqcNP6aO5aPNQ7rdWL7dp4Q9"
2021-09-29T20:06:56.937570071Z  [2021-09-29T20:06:56Z ERROR dt_instance] Error inserting data for source A.
2021-09-29T20:06:56.939054910Z  [2021-09-29T20:06:56Z INFO  dt_instance] A "55 3EWNFdJA1dVrLY7AisHYnYNRQHVlFqeDCkyUNNTF8CxEKYdTXw5VwYos6Bvub"
2021-09-29T20:06:56.958719892Z  [2021-09-29T20:06:56Z ERROR dt_instance] Error inserting data for source A.
2021-09-29T20:06:56.959326226Z  [2021-09-29T20:06:56Z INFO  dt_instance] A "59 RfNZaKSENI5wYBQic6dzKjhwTaAmbxJeBsdBK8US5lHKjSHLWQdZ5YmCivdip"
2021-09-29T20:06:56.976112791Z  [2021-09-29T20:06:56Z ERROR dt_instance] Error inserting data for source A.
2021-09-29T20:06:56.976745505Z  [2021-09-29T20:06:56Z INFO  dt_instance] A "64 HqZthvSGZ16XK4KKdQRkMQHZ8rhXaAsI44S2WqrX5g2ZA7Mpx8UjPZV9d7G24"
2021-09-29T20:06:56.994984122Z  [2021-09-29T20:06:56Z ERROR dt_instance] Error inserting data for source A.
2021-09-29T20:06:56.995931346Z  [2021-09-29T20:06:56Z INFO  dt_instance] A "69 BKO0rpF1wKUjP6pAQNcnkrh5xL1bcFXVkxhLDGA8HzdGG0kSOEgcbuM0rBkiJ"
2021-09-29T20:06:57.018044662Z  [2021-09-29T20:06:57Z ERROR dt_instance] Error inserting data for source A.
2021-09-29T20:06:57.019243431Z  [2021-09-29T20:06:57Z INFO  dt_instance] A "74 JwVe9exT67DQqSpYAf3P0N44VvFnVODGAYus9Itw7udHGgXBj3ngrHnksiadx"
2021-09-29T20:06:57.042515192Z  [2021-09-29T20:06:57Z ERROR dt_instance] Error inserting data for source A.
2021-09-29T20:06:57.043387896Z  [2021-09-29T20:06:57Z INFO  dt_instance] A "78 0RLVRS9UjIbdrVpofLaAse25Hcipi551AuP5iutG7pqlj1d2o7OMcRknYh3YF"
2021-09-29T20:06:57.064773535Z  [2021-09-29T20:06:57Z ERROR dt_instance] Error inserting data for source A.
2021-09-29T20:06:57.068151168Z  [2021-09-29T20:06:57Z INFO  dt_instance] A "83 KoKChu0Z9DxjsPnaCEKLEjkrDlca9Y1sUfD4DE3sSm9EEM36LFnVeoTeGzLmA"
2021-09-29T20:06:57.083323221Z  [2021-09-29T20:06:57Z ERROR dt_instance] Error inserting data for source A.
2021-09-29T20:06:57.084906827Z  [2021-09-29T20:06:57Z INFO  dt_instance] A "89 cfsav5KtrAgwUwsEjytfdxDaziLMd5bfsZKyw7wt9JHW88NlZM9fJzupOsoI7"
2021-09-29T20:06:57.101626997Z  [2021-09-29T20:06:57Z ERROR dt_instance] Error inserting data for source A.
2021-09-29T20:06:57.102375096Z  [2021-09-29T20:06:57Z INFO  dt_instance] A "94 ZvmvNMBQH11UT6V8fgFS8waonTF6wDHqtPsit5W35sUyvB10EeiKuFY1vJ3aI"
2021-09-29T20:06:57.118249817Z  [2021-09-29T20:06:57Z ERROR dt_instance] Error inserting data for source A.
2021-09-29T20:06:57.120121400Z  [2021-09-29T20:06:57Z INFO  dt_instance] A "98 6ME0U8bDqVZMsPDXRWZDYXIQ5raVVP2hA7v3bcMrdAKv4BnNWW5cK2fszQ7wp"
2021-09-29T20:06:57.138848845Z  [2021-09-29T20:06:57Z ERROR dt_instance] Error inserting data for source A.
2021-09-29T20:06:57.140201964Z  [2021-09-29T20:06:57Z INFO  dt_instance] A "103 h6cZd7HtdnQlLCwdIzKIqyP5drxoguNYlwdLhTN9h0ZTkz70m3i5cYbLmB53"
2021-09-29T20:06:57.160742946Z  [2021-09-29T20:06:57Z ERROR dt_instance] Error inserting data for source A.
2021-09-29T20:06:57.161578627Z  [2021-09-29T20:06:57Z INFO  dt_instance] A "108 vs62nL6xPPxL5VT6b2NAI7FCRgugYFLpmTgL9I6GS5qAGdBY0j7FTsrQBKTJ"
2021-09-29T20:06:57.180423874Z  [2021-09-29T20:06:57Z ERROR dt_instance] Error inserting data for source A.
2021-09-29T20:06:57.181090364Z  [2021-09-29T20:06:57Z INFO  dt_instance] A "113 UAEapUXVJBICwRodnI8zjczpbCN2BHn4axSptrv838Lusbqk3JqXAd6Tb9f7"
2021-09-29T20:06:57.199019743Z  [2021-09-29T20:06:57Z ERROR dt_instance] Error inserting data for source A.
2021-09-29T20:06:57.199635855Z  [2021-09-29T20:06:57Z INFO  dt_instance] A "117 Fqh2h4bhntHaRWliEk8J4T9vgoA0yDjZXcvLy71zXxxlQoYz9adK0s2lEWt7"
2021-09-29T20:06:57.217255643Z  [2021-09-29T20:06:57Z ERROR dt_instance] Error inserting data for source A.
2021-09-29T20:06:57.218714270Z  [2021-09-29T20:06:57Z INFO  dt_instance] A "122 7yRQmkeP2inPWMDs4y13Q5s2g7na7TJ4jK1itZQGyNLSNHzwqaAA15quSL8U"
2021-09-29T20:06:57.237788725Z  [2021-09-29T20:06:57Z ERROR dt_instance] Error inserting data for source A.
2021-09-29T20:06:57.238650146Z  [2021-09-29T20:06:57Z INFO  dt_instance] A "125 Ye9jPT2wZlCnalo31tREmqLZGza1xFBkNekqkSzEZFADkZjSXDJaXm8QVGju"
2021-09-29T20:06:57.261719040Z  [2021-09-29T20:06:57Z ERROR dt_instance] Error inserting data for source A.
2021-09-29T20:06:57.263322041Z  [2021-09-29T20:06:57Z INFO  dt_instance] A "130 HzVCXU2H6SDfx0cGqpBRIVXKe33hbdYJtah8waXemaNzUMcJSB6tV23zcKFx"
2021-09-29T20:06:57.285983295Z  [2021-09-29T20:06:57Z ERROR dt_instance] Error inserting data for source A.
2021-09-29T20:06:57.286652028Z  [2021-09-29T20:06:57Z INFO  dt_instance] A "134 DczTZNJivky3DUpX72PgoSMQRUmA8spaKk55kw4lvbXKrrr1USeDOwPQogSq"
2021-09-29T20:06:57.306269651Z  [2021-09-29T20:06:57Z ERROR dt_instance] Error inserting data for source A.
2021-09-29T20:06:57.306976918Z  [2021-09-29T20:06:57Z INFO  dt_instance] A "138 KxdzaSafEQ9r2BESj6rgTwV9pZvIjztWFLmkOQwuGM8fRWemPpBC8Y2dNiH3"
2021-09-29T20:06:57.323510123Z  [2021-09-29T20:06:57Z ERROR dt_instance] Error inserting data for source A.
2021-09-29T20:06:57.327224480Z  [2021-09-29T20:06:57Z INFO  dt_instance] A "143 vBJ157W4i63qZT3RdZGToiQbKqQzqvZ5idC8Y9jwVPYWzmPYnd97eUfpefnU"
2021-09-29T20:06:57.342581360Z  [2021-09-29T20:06:57Z ERROR dt_instance] Error inserting data for source A.
2021-09-29T20:06:57.346046774Z  [2021-09-29T20:06:57Z INFO  dt_instance] A "147 QM4nLgIv4GjjSs5DAZEf0husbTEVmQrZPZsYBYOvYK1daIkZRWJJmhnXIBOR"
2021-09-29T20:06:57.362674186Z  [2021-09-29T20:06:57Z ERROR dt_instance] Error inserting data for source A.
2021-09-29T20:06:57.363604216Z  [2021-09-29T20:06:57Z INFO  dt_instance] A "152 pg11mp5MacZlTt86gnt4A6nu5krKcuqGos5QP1SIKfhCHIEoCiae8oIQE5pY"
2021-09-29T20:06:57.385799738Z  [2021-09-29T20:06:57Z ERROR dt_instance] Error inserting data for source A.
2021-09-29T20:06:57.386823552Z  [2021-09-29T20:06:57Z INFO  dt_instance] A "156 vUyOThKGmu67tDiy9HIhddKSmFouqyjYgLbBaoV1Y3PAUukx9y00foGAcJDa"
2021-09-29T20:06:57.404399994Z  [2021-09-29T20:06:57Z ERROR dt_instance] Error inserting data for source A.
2021-09-29T20:06:57.405819472Z  [2021-09-29T20:06:57Z INFO  dt_instance] A "161 ZmnKOqP9B8gLNgMV3sh1iHEC1TsoZbnToyOp8e2JtHFMcP9OsWOpms4iAdGj"
2021-09-29T20:06:57.422865739Z  [2021-09-29T20:06:57Z ERROR dt_instance] Error inserting data for source A.
2021-09-29T20:06:57.423501653Z  [2021-09-29T20:06:57Z INFO  dt_instance] A "165 Dlfxw6cBVE11JMuXj20zZAsRxbvwRhfiaqFfJR6aKZGwx7Ntc9qMFmE5A4hB"
2021-09-29T20:06:57.446956787Z  [2021-09-29T20:06:57Z ERROR dt_instance] Error inserting data for source A.
2021-09-29T20:06:57.449713205Z  [2021-09-29T20:06:57Z INFO  dt_instance] A "170 j0Hwst50WvaFqjkLKifIe2XbfTWn4wcXIeK6XqRz4Yg8nkTzW5xybwZAPdL6"
2021-09-29T20:06:57.482695809Z  [2021-09-29T20:06:57Z ERROR dt_instance] Error inserting data for source A.
2021-09-29T20:06:57.483602151Z  [2021-09-29T20:06:57Z INFO  dt_instance] A "175 M5I4GoaVe3Hithot8JTNnHUr78KEt2RsTvrzfKF8xIUPBn8oczjoAe77vczT"
2021-09-29T20:06:57.510389902Z  [2021-09-29T20:06:57Z ERROR dt_instance] Error inserting data for source A.
2021-09-29T20:06:57.511035552Z  [2021-09-29T20:06:57Z INFO  dt_instance] A "179 eGF1lk9MKribOP4r40ZTJnKDMOQeRYyGJg2MyvuhsFIkHOAl4jEbIpPw90kC"
2021-09-29T20:06:57.533675422Z  [2021-09-29T20:06:57Z ERROR dt_instance] Error inserting data for source A.
2021-09-29T20:06:57.534304146Z  [2021-09-29T20:06:57Z INFO  dt_instance] A "183 TcAivoPhU9ebAHaddloPwSgS0w6hunseMVsorT7c0CVUAYFN0WZgSJ5RTG4q"
2021-09-29T20:06:57.564114650Z  [2021-09-29T20:06:57Z ERROR dt_instance] Error inserting data for source A.
2021-09-29T20:06:57.568781041Z  [2021-09-29T20:06:57Z INFO  dt_instance] A "189 ahCc6uQr2dKxJRm7D70QMu7GMNAxERchGsHVWDP25gWAincFLVaFlNqrZOOf"
2021-09-29T20:06:57.599553779Z  [2021-09-29T20:06:57Z ERROR dt_instance] Error inserting data for source A.
2021-09-29T20:06:57.600184492Z  [2021-09-29T20:06:57Z INFO  dt_instance] A "193 P7fnsy2bEi6JwFgmTBAb35spGjpP7RwqHPTr4lJIC5LQnudlqdK3DZ2Fn9mv"
2021-09-29T20:06:57.620112971Z  [2021-09-29T20:06:57Z ERROR dt_instance] Error inserting data for source A.
2021-09-29T20:06:57.621196031Z  [2021-09-29T20:06:57Z INFO  dt_instance] A "197 s0tHZh8CEPUMsFszlX9tG3WQOvAdjoHrNHe33H7AamSK5rQeVHuOtnOEjRlz"
2021-09-29T20:06:57.641218194Z  [2021-09-29T20:06:57Z ERROR dt_instance] Error inserting data for source A.
2021-09-29T20:06:57.642677832Z  [2021-09-29T20:06:57Z INFO  dt_instance] A "202 uC3xnCq1FYaiuYFqLE6FF3quedenQsr83pu1vnnd1p8Ge8lHMHKGWYLCzbAa"
2021-09-29T20:06:57.660250027Z  [2021-09-29T20:06:57Z ERROR dt_instance] Error inserting data for source A.
2021-09-29T20:06:57.660846762Z  [2021-09-29T20:06:57Z INFO  dt_instance] A "207 kup5sHrZgGtvEmTftrKHtKjgY7L5iZLvGDAUWjZJSN2M4eQJbyqf67ByIVlg"
2021-09-29T20:06:57.679976053Z  [2021-09-29T20:06:57Z ERROR dt_instance] Error inserting data for source A.
2021-09-29T20:06:57.680757637Z  [2021-09-29T20:06:57Z INFO  dt_instance] A "211 HUXJWDOnUH2X5S1nMBYsAlVedmfzAU4CgoHK56a9PGne7Vm7gY6lI3HzFPfH"
2021-09-29T20:06:57.701701013Z  [2021-09-29T20:06:57Z ERROR dt_instance] Error inserting data for source A.
2021-09-29T20:06:57.702331554Z  [2021-09-29T20:06:57Z INFO  dt_instance] A "216 gTaxB4onbwPAMGTpQj0dQigd931bBTauIxpG1rPZ4FEGvNwGz3UmqKKVQJMS"
2021-09-29T20:06:57.720001718Z  [2021-09-29T20:06:57Z ERROR dt_instance] Error inserting data for source A.
2021-09-29T20:06:57.720809114Z  [2021-09-29T20:06:57Z INFO  dt_instance] A "219 yXKRSrn5glfABxlGPulq7Pc0gSdtmRePIfnwUaXu50vsZO8yMcCHH5IyGORW"
2021-09-29T20:06:57.738848809Z  [2021-09-29T20:06:57Z ERROR dt_instance] Error inserting data for source A.
2021-09-29T20:06:57.739440285Z  [2021-09-29T20:06:57Z INFO  dt_instance] A "224 QLBlz0TjzeKT2SVcWVOQ9Z7DUu2ANAKQSAdJ55eBD4CZH1PIqePIUuPYMYFQ"
2021-09-29T20:06:57.755353605Z  [2021-09-29T20:06:57Z ERROR dt_instance] Error inserting data for source A.
2021-09-29T20:06:57.755962448Z  [2021-09-29T20:06:57Z INFO  dt_instance] A "229 UcqmlIeYPlpgOxkmGzKxgbqUFcv865qztFUqYAOJNSRROoOquPtP40wzLiYg"
2021-09-29T20:06:57.771338417Z  [2021-09-29T20:06:57Z ERROR dt_instance] Error inserting data for source A.
2021-09-29T20:06:57.771914763Z  [2021-09-29T20:06:57Z INFO  dt_instance] A "233 hYMg2BdEhHRuX8U8YZYcQxPviHd8UNVPCvKwVHKAkK6kvCd8z5Exozhynlp7"
2021-09-29T20:06:57.803036691Z  [2021-09-29T20:06:57Z ERROR dt_instance] Error inserting data for source A.
2021-09-29T20:06:57.803650539Z  [2021-09-29T20:06:57Z INFO  dt_instance] A "238 JnmLbdGnt8gfOB6FYzGkzKpv5IC6F8ripBk7YazmfvZCEWF2TjSq2i3Yiymq"
2021-09-29T20:06:57.819017963Z  [2021-09-29T20:06:57Z ERROR dt_instance] Error inserting data for source A.
2021-09-29T20:06:57.819696078Z  [2021-09-29T20:06:57Z INFO  dt_instance] A "242 Z4PpwXafRxFeiQ2VcBMyUhWmVW269zOAkQPxOtyn9KTTEVjCfquRfLXuPQMt"
2021-09-29T20:06:57.836026888Z  [2021-09-29T20:06:57Z ERROR dt_instance] Error inserting data for source A.
2021-09-29T20:06:57.836636757Z  [2021-09-29T20:06:57Z INFO  dt_instance] A "247 BlijwM2nbuTT4vtltwmMfilJK0QBmPWYgahObHTmT4lg5NKqK6up6ZalQwNi"
2021-09-29T20:06:57.854226864Z  [2021-09-29T20:06:57Z ERROR dt_instance] Error inserting data for source A.
2021-09-29T20:06:57.854976636Z  [2021-09-29T20:06:57Z INFO  dt_instance] A "251 SRP1uab65HZUJP7d2zx8Kx6NrnXY1JdJ3gXXaYUg27UG9KGPI0LxdSwVJVgv"
2021-09-29T20:06:57.868834346Z  [2021-09-29T20:06:57Z ERROR dt_instance] Error inserting data for source A.
2021-09-29T20:06:57.869388886Z  [2021-09-29T20:06:57Z INFO  dt_instance] A "259 uuBV51QSdwTNUqNQGC5A2SWRmH01YCJxEpb2G5xhFCyo3L8gJYryrcwr7P93"
2021-09-29T20:06:57.886001249Z  [2021-09-29T20:06:57Z ERROR dt_instance] Error inserting data for source A.
2021-09-29T20:06:57.886732218Z  [2021-09-29T20:06:57Z INFO  dt_instance] A "264 3GYebDrGthF37FpNazupLY3EPVonoVm58h2xWafsnnxFannciD1dkTP4DNeN"
2021-09-29T20:06:57.903466942Z  [2021-09-29T20:06:57Z ERROR dt_instance] Error inserting data for source A.
2021-09-29T20:06:57.904034478Z  [2021-09-29T20:06:57Z INFO  dt_instance] A "268 FhjSmLmMVJlj2yUofOfVZcbfNN1MQip9IQT2AwM8MVZtQIxqV2SrN2NF92m6"
2021-09-29T20:06:57.918844391Z  [2021-09-29T20:06:57Z ERROR dt_instance] Error inserting data for source A.
2021-09-29T20:06:57.919725200Z  [2021-09-29T20:06:57Z INFO  dt_instance] A "273 RsvLzbvH6z2AT5lbeZS7KWYNMVFeAv0KcH5Qz0Bfmv4prLTVcKcI9Wwsi3PN"
2021-09-29T20:06:57.938911532Z  [2021-09-29T20:06:57Z ERROR dt_instance] Error inserting data for source A.
2021-09-29T20:06:57.939526662Z  [2021-09-29T20:06:57Z INFO  dt_instance] A "277 EjoafwBGij36lpOmaQGBEMfiULqLQdL6efc2uCcuksXPmX5ThXAgqiDwOijX"
2021-09-29T20:06:57.958431673Z  [2021-09-29T20:06:57Z ERROR dt_instance] Error inserting data for source A.
2021-09-29T20:06:57.959170079Z  [2021-09-29T20:06:57Z INFO  dt_instance] A "282 PIK5tLiPy5VrjIjszkfFpzQbXu6pzSB9kpZlRTIk3C0CGC4Wo6e3yzJ1dWHu"
2021-09-29T20:06:57.974195096Z  [2021-09-29T20:06:57Z ERROR dt_instance] Error inserting data for source A.
2021-09-29T20:06:57.974788100Z  [2021-09-29T20:06:57Z INFO  dt_instance] A "287 8xSBECGzhQRAIJsPxB4Ioy3ENExrJ8bxrDhzwB43rsYZ78ONScI2rDVF5UdB"
2021-09-29T20:06:57.991128704Z  [2021-09-29T20:06:57Z ERROR dt_instance] Error inserting data for source A.
2021-09-29T20:06:57.992104499Z  [2021-09-29T20:06:57Z INFO  dt_instance] A "290 EjSQb3Gp9jICgKBR70bzE5rC2vNYDlerAFw7dbHEsMsXE6YIbswBEi5KbOqp"
2021-09-29T20:06:58.007882771Z  [2021-09-29T20:06:58Z ERROR dt_instance] Error inserting data for source A.
2021-09-29T20:06:58.008723379Z  [2021-09-29T20:06:58Z INFO  dt_instance] A "299 aR3oKlZ7tlHEj3YlsdMNEwwu84cWM6OJSLZwtxXifdyY4WofaZkC9sp9Vr5S"
2021-09-29T20:06:58.023630348Z  [2021-09-29T20:06:58Z ERROR dt_instance] Error inserting data for source A.
2021-09-29T20:06:58.024465185Z  [2021-09-29T20:06:58Z INFO  dt_instance] A "300 IlpDxTgg2HG5zatFClhcpf64VSSQ5ksv42SqstVo2dbSL9TpoL3qaSmok2Dm"
2021-09-29T20:06:58.044128011Z  [2021-09-29T20:06:58Z ERROR dt_instance] Error inserting data for source A.
2021-09-29T20:06:58.044764610Z  [2021-09-29T20:06:58Z INFO  dt_instance] A "311 MfJGkS1sPNBPps84ESCtU4AVkgBCNfZuljHMNxLfh8PS3KzNZ1s7qyUTNdrg"
2021-09-29T20:06:58.064432689Z  [2021-09-29T20:06:58Z ERROR dt_instance] Error inserting data for source A.
2021-09-29T20:06:58.065026106Z  [2021-09-29T20:06:58Z INFO  dt_instance] A "312 p0jz2npLREI581vsppwxUp5aDjTmw2eiJ0YgoMMqlOcAsMOlo9SqZnWHGDwP"
2021-09-29T20:06:58.084553408Z  [2021-09-29T20:06:58Z ERROR dt_instance] Error inserting data for source A.
2021-09-29T20:06:58.085692025Z  [2021-09-29T20:06:58Z INFO  dt_instance] A "315 tNdSkrogjo5NENrfUXCi1MrMBkUsA2o6YADX91hdvOUrttljN5aVJL6CnusT"
2021-09-29T20:06:58.105264449Z  [2021-09-29T20:06:58Z ERROR dt_instance] Error inserting data for source A.
2021-09-29T20:06:58.106442279Z  [2021-09-29T20:06:58Z INFO  dt_instance] A "319 hCYfo6IpwN1422z6PNwi1qw9PtUwli8XS5vKRcm5UlzBcqJVvzdYJw0CMQPC"
2021-09-29T20:06:58.127505225Z  [2021-09-29T20:06:58Z ERROR dt_instance] Error inserting data for source A.
2021-09-29T20:06:58.128117120Z  [2021-09-29T20:06:58Z INFO  dt_instance] A "321 IBLEwflxDJW5X4jTp3YFwCMPPuPdA1039HzFsr0vSJMg4tVkmJFf213Q6cPB"
2021-09-29T20:06:58.147207930Z  [2021-09-29T20:06:58Z ERROR dt_instance] Error inserting data for source A.
2021-09-29T20:06:58.147991008Z  [2021-09-29T20:06:58Z INFO  dt_instance] A "330 orTxbkTvOA0BnFpZKzO0IFUPH5tT1nsjp0B05fZWy5MX5jkQ2wlc8J4tvaWk"
2021-09-29T20:06:58.164473159Z  [2021-09-29T20:06:58Z ERROR dt_instance] Error inserting data for source A.
2021-09-29T20:06:58.165557084Z  [2021-09-29T20:06:58Z INFO  dt_instance] A "333 PNefIm1kPVxNFJcjCtbLUb5OGyjQOMG0i84R6ZBqMLZVxgZ7KulPYtVswzMK"
2021-09-29T20:06:58.186178903Z  [2021-09-29T20:06:58Z ERROR dt_instance] Error inserting data for source A.
2021-09-29T20:06:58.186776638Z  [2021-09-29T20:06:58Z INFO  dt_instance] A "338 lpcx3NvM2A5SrdTMNPcNDV7hOaKRAh8gRHmo0QwbV88MNZIyHdYtT4I6U3i5"
2021-09-29T20:06:58.203279973Z  [2021-09-29T20:06:58Z ERROR dt_instance] Error inserting data for source A.
2021-09-29T20:06:58.203997736Z  [2021-09-29T20:06:58Z INFO  dt_instance] A "341 1CRSS1QBdlmWPCuPAtE3n9pZ8QCe1ivdYGV4k9DBS8Yf9OomxnrZbJfb4Xhe"
2021-09-29T20:06:58.223157348Z  [2021-09-29T20:06:58Z ERROR dt_instance] Error inserting data for source A.
2021-09-29T20:06:58.223972806Z  [2021-09-29T20:06:58Z INFO  dt_instance] A "345 MSfEj3zUTcW4MDkdfXbvQcMhFpO4STBBk6lJhdsuc7afB7N4PIIEswrTZAVI"
2021-09-29T20:06:58.242947839Z  [2021-09-29T20:06:58Z ERROR dt_instance] Error inserting data for source A.
2021-09-29T20:06:58.243641173Z  [2021-09-29T20:06:58Z INFO  dt_instance] A "348 dqQqOUhC5aeC6pCzEFQXR6MWRTWt0sk2cPDCjB5xl7sChmRPnFrqQ13Blnh6"
2021-09-29T20:06:58.264258316Z  [2021-09-29T20:06:58Z ERROR dt_instance] Error inserting data for source A.
2021-09-29T20:06:58.264911318Z  [2021-09-29T20:06:58Z INFO  dt_instance] A "352 hyz56q1Fw9fx6TLj4XkdlQVn45i45RlrUlg34yl0EhyEwTa0PhWkrJjeOG9N"
2021-09-29T20:06:58.281785859Z  [2021-09-29T20:06:58Z ERROR dt_instance] Error inserting data for source A.
2021-09-29T20:06:58.282386273Z  [2021-09-29T20:06:58Z INFO  dt_instance] A "357 y7vL8jASXs2EYe1PRHqwUrW4EULXUpblFlyTayA7N5KfUhz4eZXgk1uujrlh"
2021-09-29T20:06:58.305502718Z  [2021-09-29T20:06:58Z ERROR dt_instance] Error inserting data for source A.
2021-09-29T20:06:58.306353445Z  [2021-09-29T20:06:58Z INFO  dt_instance] A "361 OpJHtKxbO6RjfwWRj1wXu4gPIlWiaRwOLTL8k9vADh3iJbm3JMIAGYIqZkcd"
2021-09-29T20:06:58.330097343Z  [2021-09-29T20:06:58Z ERROR dt_instance] Error inserting data for source A.
2021-09-29T20:06:58.330804561Z  [2021-09-29T20:06:58Z INFO  dt_instance] A "365 ZM6PUgMabbehWZKQfIPSJ1FAp1AvQwm1PG1yteGD2XmWsly1x2BOhjokStc5"
2021-09-29T20:06:58.353903412Z  [2021-09-29T20:06:58Z ERROR dt_instance] Error inserting data for source A.
2021-09-29T20:06:58.354499888Z  [2021-09-29T20:06:58Z INFO  dt_instance] A "369 tVF8pBM8co9jTDNyrhBkHT7mnjmnMqTd6BxMwJTxrQACat374RRuV9Y4nJGF"
2021-09-29T20:06:58.373482354Z  [2021-09-29T20:06:58Z ERROR dt_instance] Error inserting data for source A.
2021-09-29T20:06:58.374110960Z  [2021-09-29T20:06:58Z INFO  dt_instance] A "374 fKSdto8NglgLrYSq76yxHysbShwYje5qCFhF8pordq9Nh0uR62QZA9uEWePI"
2021-09-29T20:06:58.390288295Z  [2021-09-29T20:06:58Z ERROR dt_instance] Error inserting data for source A.
2021-09-29T20:06:58.390914909Z  [2021-09-29T20:06:58Z INFO  dt_instance] A "379 ajCv8MdfMmR4HVNt0KjlLQ84ttVqCPyHm7f1qbz0kktGGLmCPtqnDVKmOekD"
2021-09-29T20:06:58.408606380Z  [2021-09-29T20:06:58Z ERROR dt_instance] Error inserting data for source A.
2021-09-29T20:06:58.410013338Z  [2021-09-29T20:06:58Z INFO  dt_instance] A "383 cW7iMviHjyAoh5iDNACtSgFF6eS33VuBiHQ1sx5p7nakOsAhIQJCRJ8Wu0Lq"
2021-09-29T20:06:58.425979171Z  [2021-09-29T20:06:58Z ERROR dt_instance] Error inserting data for source A.
2021-09-29T20:06:58.427233180Z  [2021-09-29T20:06:58Z INFO  dt_instance] A "388 MYo9eR9ibtxu2oeSj9zWlsSpsWoUaRtAp7V9qKQJpdohYcfnDPbxbJcHB9cM"
2021-09-29T20:06:58.445001721Z  [2021-09-29T20:06:58Z ERROR dt_instance] Error inserting data for source A.
2021-09-29T20:06:58.449035769Z  [2021-09-29T20:06:58Z INFO  dt_instance] A "392 NV4mWDkNTqW3kAeKGlaDNKmTEx8rVlj0PHEDHY96YOkMvHWLDuGYnvvsscBe"
2021-09-29T20:06:58.469395023Z  [2021-09-29T20:06:58Z ERROR dt_instance] Error inserting data for source A.
2021-09-29T20:06:58.470575220Z  [2021-09-29T20:06:58Z INFO  dt_instance] A "397 XTtw5WHtbSavfY5uWhSR8zm6zh2Seb78B7coEFxxF80rZgNfQGF2TGrISU8V"
2021-09-29T20:06:58.487218078Z  [2021-09-29T20:06:58Z ERROR dt_instance] Error inserting data for source A.
2021-09-29T20:06:58.488714559Z  [2021-09-29T20:06:58Z INFO  dt_instance] A "402 VrRUMDgVZMcR8nxOd1rNXAcvcv104ATHZHZUWtkCDRZJ9RqDWJb6txyxjaLX"
2021-09-29T20:06:58.510308109Z  [2021-09-29T20:06:58Z ERROR dt_instance] Error inserting data for source A.
2021-09-29T20:06:58.510961129Z  [2021-09-29T20:06:58Z INFO  dt_instance] A "407 o3e7UrDBkK9Fi36Oy8vdPwIEXmP0uLvZTs0LoSOnheD5KoKYENtUEnyknZnA"
2021-09-29T20:06:58.528113665Z  [2021-09-29T20:06:58Z ERROR dt_instance] Error inserting data for source A.
2021-09-29T20:06:58.531882590Z  [2021-09-29T20:06:58Z INFO  dt_instance] A "411 reXLVjjrgT6thiL1WtR9BIE8KyDzFXFTsPq5GWBv9kj7dcCGRoGCYyOpWeB2"
2021-09-29T20:06:58.551384254Z  [2021-09-29T20:06:58Z ERROR dt_instance] Error inserting data for source A.
2021-09-29T20:06:58.552049341Z  [2021-09-29T20:06:58Z INFO  dt_instance] A "415 POrgofMUnw14wZi65nQqYBGFUQqiUxRLUAnfmKHk8BPIzvCix3xe5jT687FH"
2021-09-29T20:06:58.572119960Z  [2021-09-29T20:06:58Z ERROR dt_instance] Error inserting data for source A.
2021-09-29T20:06:58.572720405Z  [2021-09-29T20:06:58Z INFO  dt_instance] A "419 WuYqFKPsidB5dz68mLL5WuFlfC1q6FBiD11CzlT6No9XrcdPhJtrD4rgDQUX"
2021-09-29T20:06:58.591441037Z  [2021-09-29T20:06:58Z ERROR dt_instance] Error inserting data for source A.
2021-09-29T20:06:58.592072713Z  [2021-09-29T20:06:58Z INFO  dt_instance] A "423 WTjOuKjKv250j1jQ0e43vZMqBrLPl1a2Z5ScdJBnZo1m4u2PUG0G8HwZNu79"
2021-09-29T20:06:58.609917906Z  [2021-09-29T20:06:58Z ERROR dt_instance] Error inserting data for source A.
2021-09-29T20:06:58.610763561Z  [2021-09-29T20:06:58Z INFO  dt_instance] A "427 WiqgcmpSRIWPFf6Bw767KsRF13BCG9hSHXcJJpAjORbLRctz6P6WJhJfesrE"
2021-09-29T20:06:58.636706292Z  [2021-09-29T20:06:58Z ERROR dt_instance] Error inserting data for source A.
2021-09-29T20:06:58.637359179Z  [2021-09-29T20:06:58Z INFO  dt_instance] A "431 g27gFCgogZyIcshVbo5CbcFdKPHy2dEbwf9jp8jelJWl4p84OiiGgDGsGpFM"
2021-09-29T20:06:58.659412423Z  [2021-09-29T20:06:58Z ERROR dt_instance] Error inserting data for source A.
2021-09-29T20:06:58.660360605Z  [2021-09-29T20:06:58Z INFO  dt_instance] A "435 f732jq1EE8RK4gaRaXVZkoZTeSKWkKrMVW3zh7Cfp6iCeUGxuKVj4hPk2osN"
2021-09-29T20:06:58.679447989Z  [2021-09-29T20:06:58Z ERROR dt_instance] Error inserting data for source A.
2021-09-29T20:06:58.680112647Z  [2021-09-29T20:06:58Z INFO  dt_instance] A "439 7w3gYSTM3OE41U5pVg3fhJOlzMTcwNMShRoua5OQXg926gQ4Z9v5iIVdZYdG"
2021-09-29T20:06:58.699509882Z  [2021-09-29T20:06:58Z ERROR dt_instance] Error inserting data for source A.
2021-09-29T20:06:58.700482652Z  [2021-09-29T20:06:58Z INFO  dt_instance] A "444 ubJh9c8dApOzoqUY7dx49av4Nwfbm0KFL9MwE7TIAyhNtHeK7wgRAy87XaHP"
2021-09-29T20:06:58.725241256Z  [2021-09-29T20:06:58Z ERROR dt_instance] Error inserting data for source A.
2021-09-29T20:06:58.725812815Z  [2021-09-29T20:06:58Z INFO  dt_instance] A "448 1xIape4AGoDhCyWDYKz6qZ453pYnTGElHUJZIreb9aDFdJUUCV4SUXQ8x6VC"
2021-09-29T20:06:58.741904331Z  [2021-09-29T20:06:58Z ERROR dt_instance] Error inserting data for source A.
2021-09-29T20:06:58.743325977Z  [2021-09-29T20:06:58Z INFO  dt_instance] A "452 Z4p916qu5bee6U3tfa4YDWnqAiYLnbY2LzKoxTrMDatFhhDkg5CToYpqQZE4"
2021-09-29T20:06:58.762188984Z  [2021-09-29T20:06:58Z ERROR dt_instance] Error inserting data for source A.
2021-09-29T20:06:58.762890723Z  [2021-09-29T20:06:58Z INFO  dt_instance] A "456 yD4ocFaf5fkSGrOZqBxtvVIqbR6j76Y6my0CgEa9bEh1YUIhs7wsdKZoBi1C"
2021-09-29T20:06:58.780814910Z  [2021-09-29T20:06:58Z ERROR dt_instance] Error inserting data for source A.
2021-09-29T20:06:58.783580472Z  [2021-09-29T20:06:58Z INFO  dt_instance] A "460 zteNX6vXE6CI2SWKUFabHktk7svNuIi6KPRB1GAL1P2umatANM5CmRQQfhaW"
2021-09-29T20:06:58.814111447Z  [2021-09-29T20:06:58Z ERROR dt_instance] Error inserting data for source A.
2021-09-29T20:06:58.818452333Z  [2021-09-29T20:06:58Z INFO  dt_instance] A "464 nFAuUv9jOwTO6YCVZQ3rchGl6btUT4z3KaT4BxzZOArL7mtZl1NGnLmFVL15"
2021-09-29T20:06:58.835026230Z  [2021-09-29T20:06:58Z ERROR dt_instance] Error inserting data for source A.
2021-09-29T20:06:58.836416961Z  [2021-09-29T20:06:58Z INFO  dt_instance] A "468 eR0rPdfm2xzQJa1yCCD0kN5rWQ0TehDazctIhq93y44fzdkROIJTquldYwmQ"
2021-09-29T20:06:58.857601254Z  [2021-09-29T20:06:58Z ERROR dt_instance] Error inserting data for source A.
2021-09-29T20:06:58.858084693Z  [2021-09-29T20:06:58Z INFO  dt_instance] A "473 NPMUPW1vBBmb43Aw1GPEVTHiclgVL4YsbN676P5f22nTJjBouX66245dvoV5"
2021-09-29T20:06:58.876976328Z  [2021-09-29T20:06:58Z ERROR dt_instance] Error inserting data for source A.
2021-09-29T20:06:58.879301091Z  [2021-09-29T20:06:58Z INFO  dt_instance] A "477 RtpTyBQLeEtaihEeYYTg04cJBelAzwGQTfChR9ApHgDWBYy73qR2TcntaMfl"
2021-09-29T20:06:58.899803636Z  [2021-09-29T20:06:58Z ERROR dt_instance] Error inserting data for source A.
2021-09-29T20:06:58.900402013Z  [2021-09-29T20:06:58Z INFO  dt_instance] A "481 SWYcYnh15QrnybXfPWi7HSzRk9IzQQAuzmNGFvrxhnGTbAWT9i000bDf4OcK"
2021-09-29T20:06:58.917277244Z  [2021-09-29T20:06:58Z ERROR dt_instance] Error inserting data for source A.
2021-09-29T20:06:58.917866773Z  [2021-09-29T20:06:58Z INFO  dt_instance] A "485 PNDhCx17HJdXJU1oiZvcogSmdYX8GTeJsTwm1USK1nLpBUCFVj7MFhXSL6mj"
2021-09-29T20:06:58.935181306Z  [2021-09-29T20:06:58Z ERROR dt_instance] Error inserting data for source A.
2021-09-29T20:06:58.935719774Z  [2021-09-29T20:06:58Z INFO  dt_instance] A "489 8W9yBDjj79hQuohMOtdBBQNmgRvwOWfXfMJr8nSHqH11jqIVkZPOWZsK1Sum"
2021-09-29T20:06:58.948362003Z  [2021-09-29T20:06:58Z ERROR dt_instance] Error inserting data for source A.
2021-09-29T20:06:58.949223428Z  [2021-09-29T20:06:58Z INFO  dt_instance] A "493 7EtbPoVHJAxzpP5fCV1Ybd7dA572s8BiNjCeXMb0wNQve2qNEtUA1x4YwtHK"
2021-09-29T20:06:58.961872781Z  [2021-09-29T20:06:58Z ERROR dt_instance] Error inserting data for source A.
2021-09-29T20:06:58.962438064Z  [2021-09-29T20:06:58Z INFO  dt_instance] A "497 KONzevBlIfacf2ZqkMetlrQeXI7HvjWQFGAeKGmM5JdVm0Mo9fw40rOBLm18"
2021-09-29T20:06:58.975230566Z  [2021-09-29T20:06:58Z ERROR dt_instance] Error inserting data for source A.
2021-09-29T20:06:58.975810914Z  [2021-09-29T20:06:58Z INFO  dt_instance] A "501 p99AuW8QtAqDg7sxkLvemFHrR0rR9xH7Ww7emYT75wiHAaJPDcBH5kvsM3cx"
2021-09-29T20:06:58.987037800Z  [2021-09-29T20:06:58Z ERROR dt_instance] Error inserting data for source A.
2021-09-29T20:06:58.987501341Z  [2021-09-29T20:06:58Z INFO  dt_instance] A "505 HvjAaMQBxBb7nWGHb5dKcNYrY1gJNjT2WWACeg75KRoQxKEmZXueFW72m0OP"
2021-09-29T20:06:58.999076589Z  [2021-09-29T20:06:58Z ERROR dt_instance] Error inserting data for source A.
2021-09-29T20:06:58.999552955Z  [2021-09-29T20:06:58Z INFO  dt_instance] A "509 AQSSC5Jlskc2Vp60sgI3nfdEbAUuZgIw6qc3AXW2MAF1CROqpwNNcNPOf50Q"
2021-09-29T20:06:59.013652518Z  [2021-09-29T20:06:59Z ERROR dt_instance] Error inserting data for source A.
2021-09-29T20:06:59.014339595Z  [2021-09-29T20:06:59Z INFO  dt_instance] A "513 pyOqoNF4PmkKroAvVlQAoaw1ofRHQ3OLzSM83tFGNHpZuzxYGwFkX6jPKROM"
2021-09-29T20:06:59.027901074Z  [2021-09-29T20:06:59Z ERROR dt_instance] Error inserting data for source A.
2021-09-29T20:06:59.030952299Z  [2021-09-29T20:06:59Z INFO  dt_instance] A "518 ZyYYb39xPYYG77uQOTDx6L8WR6jxOmooedoHB8hNP7JWXygoSImoRCfbl2pj"
2021-09-29T20:06:59.041915161Z  [2021-09-29T20:06:59Z ERROR dt_instance] Error inserting data for source A.
2021-09-29T20:06:59.042471868Z  [2021-09-29T20:06:59Z INFO  dt_instance] A "522 mTYQxW3TYvVFYbnAl68oxjFN0npSlajIjp0c7EbWzEq1KJXd3K9Peed9GOQ2"
2021-09-29T20:06:59.054858222Z  [2021-09-29T20:06:59Z ERROR dt_instance] Error inserting data for source A.
2021-09-29T20:06:59.055397075Z  [2021-09-29T20:06:59Z INFO  dt_instance] A "525 hKchUVw97tYDQubQlqdKkdwUTrJsG0P9SjPT1taT5TGDUexM78wjqYadnIjD"
2021-09-29T20:06:59.067298542Z  [2021-09-29T20:06:59Z ERROR dt_instance] Error inserting data for source A.
2021-09-29T20:06:59.067859244Z  [2021-09-29T20:06:59Z INFO  dt_instance] A "529 MrfJ6EHiBpP66IvhagUh8qZe2hc7O12jDsVn1hGJRfgDoLM2VhTsRvOpPSIa"
2021-09-29T20:06:59.079638144Z  [2021-09-29T20:06:59Z ERROR dt_instance] Error inserting data for source A.
2021-09-29T20:06:59.080293272Z  [2021-09-29T20:06:59Z INFO  dt_instance] A "531 FLYZ1hNOpzo0ryljy57Zk7SkdRD55peINyI7zAUpbEfxctzCMWmVK10GBKAy"
2021-09-29T20:06:59.092545520Z  [2021-09-29T20:06:59Z ERROR dt_instance] Error inserting data for source A.
2021-09-29T20:06:59.093006322Z  [2021-09-29T20:06:59Z INFO  dt_instance] A "534 2I8BiDARYyhYreb9oCYvbOJvl7320qgJFykJxHz3frfhdvlPVDgdClCtqmLe"
2021-09-29T20:06:59.105432274Z  [2021-09-29T20:06:59Z ERROR dt_instance] Error inserting data for source A.
2021-09-29T20:06:59.105831707Z  [2021-09-29T20:06:59Z INFO  dt_instance] A "538 VJx5YFNUShD9Yr11yZz2a57vjXIVQ20C3EsigNIIGUG2yggmxt8veBTF6FvE"
2021-09-29T20:06:59.118401907Z  [2021-09-29T20:06:59Z ERROR dt_instance] Error inserting data for source A.
2021-09-29T20:06:59.119091642Z  [2021-09-29T20:06:59Z INFO  dt_instance] A "542 K3RRY9ohpsfNAnzXlXrcHfBZevJDUdhaw0fftc1kuSz0jBSIwjoMoWon6TQO"
2021-09-29T20:06:59.130651649Z  [2021-09-29T20:06:59Z ERROR dt_instance] Error inserting data for source A.
2021-09-29T20:06:59.131253383Z  [2021-09-29T20:06:59Z INFO  dt_instance] A "545 m7T3mIJlVDX4xHQJ30XxPEN9ayXOYYfKdXLDfH8k6s355mazMRcZkuTorGOy"
2021-09-29T20:06:59.142160628Z  [2021-09-29T20:06:59Z ERROR dt_instance] Error inserting data for source A.
2021-09-29T20:06:59.142610939Z  [2021-09-29T20:06:59Z INFO  dt_instance] A "549 yNDLJGDPC8hTh5UDuFG6JUkXuRUEhWgqTbb2VByW4dqd1bQC6pjxKzigHta0"
2021-09-29T20:06:59.154921037Z  [2021-09-29T20:06:59Z ERROR dt_instance] Error inserting data for source A.
2021-09-29T20:06:59.155463960Z  [2021-09-29T20:06:59Z INFO  dt_instance] A "553 4J8eUzhUdjVeLjVXhE0fHrUzRbnSV6elA1qpk4AySRcLdLxVOCjYv70ZkjYr"
2021-09-29T20:06:59.167648498Z  [2021-09-29T20:06:59Z ERROR dt_instance] Error inserting data for source A.
2021-09-29T20:06:59.168149881Z  [2021-09-29T20:06:59Z INFO  dt_instance] A "557 QNHDx81QAquq45JuhSTPUDCTfVPlCeug6UFPZIYOHvT3tuMN7C0llAV3kXUM"
2021-09-29T20:06:59.179208168Z  [2021-09-29T20:06:59Z ERROR dt_instance] Error inserting data for source A.
2021-09-29T20:06:59.180002016Z  [2021-09-29T20:06:59Z INFO  dt_instance] A "560 2QbkkXYwhIILhn8WtZ18vDvEkpXyMPFjg4cH9QZXvlc2R2vg5DHMbSb9jYt8"
2021-09-29T20:06:59.192234817Z  [2021-09-29T20:06:59Z ERROR dt_instance] Error inserting data for source A.
2021-09-29T20:06:59.192994559Z  [2021-09-29T20:06:59Z INFO  dt_instance] A "565 TVE3ncZn1qipiS6ybUd54dZ7e4kw3JGDk3jZsqtf2eMlCNAmU32IdL2FQ7FM"
2021-09-29T20:06:59.204513822Z  [2021-09-29T20:06:59Z ERROR dt_instance] Error inserting data for source A.
2021-09-29T20:06:59.206774802Z  [2021-09-29T20:06:59Z INFO  dt_instance] A "569 kChY2plaaeFHZLjCpiY4aIxvrZUzE2mniihsxct1UBgOqC7zmb3IO480XlXA"
2021-09-29T20:06:59.219988986Z  [2021-09-29T20:06:59Z ERROR dt_instance] Error inserting data for source A.
2021-09-29T20:06:59.220759883Z  [2021-09-29T20:06:59Z INFO  dt_instance] A "573 b1W2cgdD3qRm0UwvlClWiEGB55QQezIFNriZbvLINlYgi0oKI98aQSdjzLIr"
2021-09-29T20:06:59.233874252Z  [2021-09-29T20:06:59Z ERROR dt_instance] Error inserting data for source A.
2021-09-29T20:06:59.234576978Z  [2021-09-29T20:06:59Z INFO  dt_instance] A "577 9eK0tszj1Wio6Fhpirc18gS10qs4uj1OvKJniKCHrc7HnLPj30u9wFfclrc4"
2021-09-29T20:06:59.245758487Z  [2021-09-29T20:06:59Z ERROR dt_instance] Error inserting data for source A.
2021-09-29T20:06:59.246693012Z  [2021-09-29T20:06:59Z INFO  dt_instance] A "580 69ojTnluSNp35Q84efckbfsfn2DYkXB2j9UuX4MsynRYsqIqsZT17Hrudssu"
2021-09-29T20:06:59.269410633Z  [2021-09-29T20:06:59Z ERROR dt_instance] Error inserting data for source A.
2021-09-29T20:06:59.271953196Z  [2021-09-29T20:06:59Z INFO  dt_instance] A "584 BZSvIF8nhiGrqtVWCR9fDDKlSR1OECnklE2HqXvnZSAMG85zWUUBEOuByQ1D"
2021-09-29T20:06:59.283877042Z  [2021-09-29T20:06:59Z ERROR dt_instance] Error inserting data for source A.
2021-09-29T20:06:59.284682353Z  [2021-09-29T20:06:59Z INFO  dt_instance] A "589 KFpG99dh383JCgZlG6nKOzYYqbIgURVEAXglZgM7hLoNVrrpUDPmAbAuAcOs"
2021-09-29T20:06:59.296812040Z  [2021-09-29T20:06:59Z ERROR dt_instance] Error inserting data for source A.
2021-09-29T20:06:59.297541851Z  [2021-09-29T20:06:59Z INFO  dt_instance] A "592 uP4eMBe4E7CVSOSMlACii8R6LdcwZDoAbXBVNbNM159Bw4htIaIXd6cXUAl0"
2021-09-29T20:06:59.308775345Z  [2021-09-29T20:06:59Z ERROR dt_instance] Error inserting data for source A.
2021-09-29T20:06:59.309494873Z  [2021-09-29T20:06:59Z INFO  dt_instance] A "596 xrkGv1FJOcVtJJGQvNLWzmrzBfdHhdAoRqkzKGegR6xBIC5tFxzxVUNOOnMp"
2021-09-29T20:06:59.325356628Z  [2021-09-29T20:06:59Z ERROR dt_instance] Error inserting data for source A.
2021-09-29T20:06:59.325910816Z  [2021-09-29T20:06:59Z INFO  dt_instance] A "600 qvaoIulkN9hOBxkfiVdXM9Lm0RYfQtnGYGj2U7ZJkjHPg5V4og3cca1pjh0g"
2021-09-29T20:06:59.341268219Z  [2021-09-29T20:06:59Z ERROR dt_instance] Error inserting data for source A.
2021-09-29T20:06:59.341913836Z  [2021-09-29T20:06:59Z INFO  dt_instance] A "604 0OIwpvw96JQHY5PwQvlrJb9bT04NhpHoOPDKksZYXtkY3vxklrzP6BtLRlev"
2021-09-29T20:06:59.355115658Z  [2021-09-29T20:06:59Z ERROR dt_instance] Error inserting data for source A.
2021-09-29T20:06:59.355790433Z  [2021-09-29T20:06:59Z INFO  dt_instance] A "607 NEVvTl6YQg40PKfRSaVHA3bXpyJDlETZZ3fEXxxL6E3bFmyUgq5HgS34hCJl"
2021-09-29T20:06:59.368133853Z  [2021-09-29T20:06:59Z ERROR dt_instance] Error inserting data for source A.
2021-09-29T20:06:59.368792378Z  [2021-09-29T20:06:59Z INFO  dt_instance] A "611 5l6luxFdwSopBHaCuntko3ItQKBZTkhnwCBP2tF56brn9ZdCBm9SXd6tPrfL"
2021-09-29T20:06:59.380976126Z  [2021-09-29T20:06:59Z ERROR dt_instance] Error inserting data for source A.
2021-09-29T20:06:59.381601202Z  [2021-09-29T20:06:59Z INFO  dt_instance] A "615 xE0xnDKeao08JucbhadIqWjn61W6UGaHLuLWflo2xRo8zIwlTS9KNZdjyccc"
2021-09-29T20:06:59.394907138Z  [2021-09-29T20:06:59Z ERROR dt_instance] Error inserting data for source A.
2021-09-29T20:06:59.395537944Z  [2021-09-29T20:06:59Z INFO  dt_instance] A "619 axQl7FdT8aPspO0f05GCYeB3bLNBpueeAxK8Kld2uEUut6cuVFLdCwQwwKWH"
2021-09-29T20:06:59.407109912Z  [2021-09-29T20:06:59Z ERROR dt_instance] Error inserting data for source A.
2021-09-29T20:06:59.407678651Z  [2021-09-29T20:06:59Z INFO  dt_instance] A "623 ZBbaNRd70phixyLyamAgikPmTVuV7YQRNcURyWE9YKc9YE7fFncTWjHDwgHZ"
2021-09-29T20:06:59.419950297Z  [2021-09-29T20:06:59Z ERROR dt_instance] Error inserting data for source A.
2021-09-29T20:06:59.420498759Z  [2021-09-29T20:06:59Z INFO  dt_instance] A "627 lyR1k9FStUqjRlMUiMajWfxTp6PIJ61aqsqdzSgnBzrttC2Kmomds9HM2PFW"
2021-09-29T20:06:59.432298749Z  [2021-09-29T20:06:59Z ERROR dt_instance] Error inserting data for source A.
2021-09-29T20:06:59.432933471Z  [2021-09-29T20:06:59Z INFO  dt_instance] A "632 5sHH5xjjsOFF6TgUboBUM1KiogrNS9JMhsuHQHQxIv6YedFtf9NZaWjv7Csn"
2021-09-29T20:06:59.444225701Z  [2021-09-29T20:06:59Z ERROR dt_instance] Error inserting data for source A.
2021-09-29T20:06:59.444833582Z  [2021-09-29T20:06:59Z INFO  dt_instance] A "636 JHILptD5EBTrwtN65Iup4UFOFoHdu3HAiyJQwfHoISf4MgxdVgHwoPQnUNi8"
2021-09-29T20:06:59.466472135Z  [2021-09-29T20:06:59Z ERROR dt_instance] Error inserting data for source A.
2021-09-29T20:06:59.467224142Z  [2021-09-29T20:06:59Z INFO  dt_instance] A "640 OLTyBUmhB9p2yzfgeC3Jr9o9rAD3LStqjdXKUaEVsPFtZsFHpuFXluPi3yR7"
2021-09-29T20:06:59.481688287Z  [2021-09-29T20:06:59Z ERROR dt_instance] Error inserting data for source A.
2021-09-29T20:06:59.482281077Z  [2021-09-29T20:06:59Z INFO  dt_instance] A "644 Kbv2GR16SBF7HyqZGMz6DPPFCLowXXsNwAIuqcZ515PHbx6IpAuRwDhpt8Pq"
2021-09-29T20:06:59.498600711Z  [2021-09-29T20:06:59Z ERROR dt_instance] Error inserting data for source A.
2021-09-29T20:06:59.499806322Z  [2021-09-29T20:06:59Z INFO  dt_instance] A "648 R1zeHT39Yw9dNYQlXRnyaL9JU1TE5UomiWGazK4dE13BBKaNmYxpnCO98kMW"
2021-09-29T20:06:59.515172488Z  [2021-09-29T20:06:59Z ERROR dt_instance] Error inserting data for source A.
2021-09-29T20:06:59.515819589Z  [2021-09-29T20:06:59Z INFO  dt_instance] A "652 gsphiSsjwYTzLi6uN6Lmj0qzZQ9rPxTAjNSaEZsEOMAXjvByf1AysKTBK4nY"
2021-09-29T20:06:59.527648791Z  [2021-09-29T20:06:59Z ERROR dt_instance] Error inserting data for source A.
2021-09-29T20:06:59.528268681Z  [2021-09-29T20:06:59Z INFO  dt_instance] A "656 n8E08IMblPQX8EBSysct5AyO4SdV82redY9V8J3PTBvRZf4VgUs49i0Bp4Sm"
2021-09-29T20:06:59.541607013Z  [2021-09-29T20:06:59Z ERROR dt_instance] Error inserting data for source A.
2021-09-29T20:06:59.542235441Z  [2021-09-29T20:06:59Z INFO  dt_instance] A "660 hKjgN9fo9LO22GlptyBSlYvwmzPm2Iyjfr0Ef7kx24K75ThfC3fA7iOlgmqT"
2021-09-29T20:06:59.554275725Z  [2021-09-29T20:06:59Z ERROR dt_instance] Error inserting data for source A.
2021-09-29T20:06:59.555092919Z  [2021-09-29T20:06:59Z INFO  dt_instance] A "663 SBZuCif9uVLPPLuGKnwjl2HXY4TG8oDIv702wHCznQqzzWVK108AMJXHaW8a"
2021-09-29T20:06:59.567625883Z  [2021-09-29T20:06:59Z ERROR dt_instance] Error inserting data for source A.
2021-09-29T20:06:59.568268697Z  [2021-09-29T20:06:59Z INFO  dt_instance] A "667 d21SbWcwZspTBvYMHDwbXFVviSQbYRbRRDwegOS2YWdl4LwjqEiAoY7HpTsn"
2021-09-29T20:06:59.580445359Z  [2021-09-29T20:06:59Z ERROR dt_instance] Error inserting data for source A.
2021-09-29T20:06:59.581481156Z  [2021-09-29T20:06:59Z INFO  dt_instance] A "671 sMAe3JyhE1NnImroqNbQUj23fx3xgWti1sSZbpYD25tRI6jU2pjQAbDeptRr"
2021-09-29T20:06:59.605069370Z  [2021-09-29T20:06:59Z ERROR dt_instance] Error inserting data for source A.
2021-09-29T20:06:59.605422536Z  [2021-09-29T20:06:59Z INFO  dt_instance] A "674 8utUjP8cCqOy94em3bYRCQWIxTUZY51bbh4PdzQB5CVDnhLYbAmQBymTGllx"
2021-09-29T20:06:59.620319725Z  [2021-09-29T20:06:59Z ERROR dt_instance] Error inserting data for source A.
2021-09-29T20:06:59.620356067Z  [2021-09-29T20:06:59Z INFO  dt_instance] A "678 9bwwh1ZvP4keovW8iN9LxNS5zUGzDekKKaZwc3AsCzQ1yH6fO8IQoBvuOeFC"
2021-09-29T20:06:59.633602342Z  [2021-09-29T20:06:59Z ERROR dt_instance] Error inserting data for source A.
2021-09-29T20:06:59.634343434Z  [2021-09-29T20:06:59Z INFO  dt_instance] A "681 w9yc7OiWMMiZqytfL8CzhBcPQSDmYrrHPtkUaGr1ZhKnuamWqUjWuZiYthQd"
2021-09-29T20:06:59.646089525Z  [2021-09-29T20:06:59Z ERROR dt_instance] Error inserting data for source A.
2021-09-29T20:06:59.646645420Z  [2021-09-29T20:06:59Z INFO  dt_instance] A "685 OpXU0fx1LZCpjHoAmo9d8HbveFKtrQBCYsWkuTcfB0tDQ98oGQOfjWhnjcTs"
2021-09-29T20:06:59.659442943Z  [2021-09-29T20:06:59Z ERROR dt_instance] Error inserting data for source A.
2021-09-29T20:06:59.660034166Z  [2021-09-29T20:06:59Z INFO  dt_instance] A "688 N5oiZABeyo6xGwGgwkgKPY8wWpr64Dmhf1DuKkGjuL8ioswYsRqLtsxGz2Bx"
2021-09-29T20:06:59.670732279Z  [2021-09-29T20:06:59Z ERROR dt_instance] Error inserting data for source A.
2021-09-29T20:06:59.671276625Z  [2021-09-29T20:06:59Z INFO  dt_instance] A "692 S2f9PC5IkE0E0axmUt5LcO6f3ysLMU0TvwDV3f6s68KHofUCnYdchldLjdbe"
2021-09-29T20:06:59.682653583Z  [2021-09-29T20:06:59Z ERROR dt_instance] Error inserting data for source A.
2021-09-29T20:06:59.682677102Z  [2021-09-29T20:06:59Z INFO  dt_instance] A "696 aNr9jpjdiXp57yjUsJTFLdFVeS1kYeORBhuNQnMVcMG12X7DXx0d8t5HZa8O"
2021-09-29T20:06:59.694841034Z  [2021-09-29T20:06:59Z ERROR dt_instance] Error inserting data for source A.
2021-09-29T20:06:59.695554955Z  [2021-09-29T20:06:59Z INFO  dt_instance] A "699 w81uhAt28aq0inv54EeXAIlj0mVjCZSjD4ucoKQgpqGC5lpaoSn4oOsWF82v"
2021-09-29T20:06:59.707866454Z  [2021-09-29T20:06:59Z ERROR dt_instance] Error inserting data for source A.
2021-09-29T20:06:59.708549994Z  [2021-09-29T20:06:59Z INFO  dt_instance] A "702 jNa3k17xEa7lHJZDLOTa6Uyr271kSNt25lURTH4Mohn4YZb3NTK4PmHbTk4A"
2021-09-29T20:06:59.720245176Z  [2021-09-29T20:06:59Z ERROR dt_instance] Error inserting data for source A.
2021-09-29T20:06:59.720916892Z  [2021-09-29T20:06:59Z INFO  dt_instance] A "707 uRQeD7fyDWtbgAczIaearHIGxgJOVhKPkIMZuWn5mizF1VPvo6FQW3qOFQBP"
2021-09-29T20:06:59.733823405Z  [2021-09-29T20:06:59Z ERROR dt_instance] Error inserting data for source A.
2021-09-29T20:06:59.734532017Z  [2021-09-29T20:06:59Z INFO  dt_instance] A "711 R6gCiz5Ded9OUEO3IYsGQFnpA9fs9tNjcZ1aQHo6C2JOPkO3yl5HFia0K4Et"
2021-09-29T20:06:59.745930263Z  [2021-09-29T20:06:59Z ERROR dt_instance] Error inserting data for source A.
2021-09-29T20:06:59.746562836Z  [2021-09-29T20:06:59Z INFO  dt_instance] A "715 ikv07wnfndcUst1qouRpBvVcqUf74ms5gVre1OHpUb8t5flWNunwSAlYfE4j"
2021-09-29T20:06:59.757795432Z  [2021-09-29T20:06:59Z ERROR dt_instance] Error inserting data for source A.
2021-09-29T20:06:59.758563316Z  [2021-09-29T20:06:59Z INFO  dt_instance] A "720 D7OJ7BAZtE9eEmFPWv9Ab2BDL4Khu6A00QO0BR6dRehBRSTQe0CO9EQIhu3v"
2021-09-29T20:06:59.768832272Z  [2021-09-29T20:06:59Z ERROR dt_instance] Error inserting data for source A.
2021-09-29T20:06:59.769516056Z  [2021-09-29T20:06:59Z INFO  dt_instance] A "724 rl7iDUvgeH0LkCEAPPu1BzUydRO5G7CPFM2njIBBLJtsfDKt6LQgLwSPSouL"
2021-09-29T20:06:59.779465472Z  [2021-09-29T20:06:59Z ERROR dt_instance] Error inserting data for source A.
2021-09-29T20:06:59.780115719Z  [2021-09-29T20:06:59Z INFO  dt_instance] A "729 HmdstaGrk4M8x0S5DzIBPOUc2h67580fu0Sj88RIQ8DLeQ8Em4CQ6Tz1gjnR"
2021-09-29T20:06:59.791205835Z  [2021-09-29T20:06:59Z ERROR dt_instance] Error inserting data for source A.
2021-09-29T20:06:59.791873620Z  [2021-09-29T20:06:59Z INFO  dt_instance] A "733 oamrSHz5nBAFkOjUmLHLyB8iZ36e4TSrAIFdfjjbtkSpcn6oyd9XoBrompP1"
2021-09-29T20:06:59.802393315Z  [2021-09-29T20:06:59Z ERROR dt_instance] Error inserting data for source A.
2021-09-29T20:06:59.803010209Z  [2021-09-29T20:06:59Z INFO  dt_instance] A "738 mSPWKjCkvNGnCzLapGs4YVQdCUxzXNEORNGxC0StruQWZ1PBhz7FNCHrSftt"
2021-09-29T20:06:59.821940202Z  [2021-09-29T20:06:59Z ERROR dt_instance] Error inserting data for source A.
2021-09-29T20:06:59.823479226Z  [2021-09-29T20:06:59Z INFO  dt_instance] A "743 ORvGxPekIYtHUp2DDjWPMTqEpCHM9VWmYeOLOQSBzYUjnQHyatqrRK3Vw53o"
2021-09-29T20:06:59.839292269Z  [2021-09-29T20:06:59Z ERROR dt_instance] Error inserting data for source A.
2021-09-29T20:06:59.839943681Z  [2021-09-29T20:06:59Z INFO  dt_instance] A "747 EMzlUqL0TM9FtCW1clpnMEOQ6EERaKjc8Kf4ImLgBznALzJMitmtJBTg6ddL"
2021-09-29T20:06:59.851381470Z  [2021-09-29T20:06:59Z ERROR dt_instance] Error inserting data for source A.
2021-09-29T20:06:59.851946480Z  [2021-09-29T20:06:59Z INFO  dt_instance] A "752 ZoAHV3VfQpdiP1cECs61x2sy8ApuJqsKMb59Wp4PKsRyt46JpuIeIu0ueqVP"
2021-09-29T20:06:59.863272816Z  [2021-09-29T20:06:59Z ERROR dt_instance] Error inserting data for source A.
2021-09-29T20:06:59.863864581Z  [2021-09-29T20:06:59Z INFO  dt_instance] A "758 JXiHyG0l0o9KiurbqFzTBIAqErokWciVGQm8bXW3JJZEh69qlcLshZcyujcj"
2021-09-29T20:06:59.876499730Z  [2021-09-29T20:06:59Z ERROR dt_instance] Error inserting data for source A.
2021-09-29T20:06:59.877117010Z  [2021-09-29T20:06:59Z INFO  dt_instance] A "763 l5U79iLZ4vWyfpWLHU8ooAU0kCCoGzkHqqlLPMOacRT7CxzAUWPRFvhR9ipx"
2021-09-29T20:06:59.887206489Z  [2021-09-29T20:06:59Z ERROR dt_instance] Error inserting data for source A.
2021-09-29T20:06:59.887849938Z  [2021-09-29T20:06:59Z INFO  dt_instance] A "767 KaO4R1yuQ0i2qOmAGV2Zp6burXAVZaF4qj456DH5Nq210LXctWyfR9UWoD2N"
2021-09-29T20:06:59.899093441Z  [2021-09-29T20:06:59Z ERROR dt_instance] Error inserting data for source A.
2021-09-29T20:06:59.899774194Z  [2021-09-29T20:06:59Z INFO  dt_instance] A "771 ZyOPag8aUPlzw4M9F5O3zMepR5y6K553Tdcydosym9htzS939PUBFAp4T982"
2021-09-29T20:06:59.911515517Z  [2021-09-29T20:06:59Z ERROR dt_instance] Error inserting data for source A.
2021-09-29T20:06:59.912147107Z  [2021-09-29T20:06:59Z INFO  dt_instance] A "775 qJpnjfJ5OT2VcQbJ2uktsxQI84cnM1hE15XqPH1ymii3038qNIeNtQe7ZZLm"
2021-09-29T20:06:59.924048212Z  [2021-09-29T20:06:59Z ERROR dt_instance] Error inserting data for source A.
2021-09-29T20:06:59.924745472Z  [2021-09-29T20:06:59Z INFO  dt_instance] A "779 KHv9HjRe9q4labGFrB6g3YbfECWDkYIa4he62vtBfr7e5LyaRsWBrGV9v6FG"
2021-09-29T20:06:59.935942518Z  [2021-09-29T20:06:59Z ERROR dt_instance] Error inserting data for source A.
2021-09-29T20:06:59.936581445Z  [2021-09-29T20:06:59Z INFO  dt_instance] A "783 ODFQu6zmHbr3PA9JwhADoUuCQ6iGMccb0RIWNExtItoDkA9dH7LrZ1BwQLY2"
2021-09-29T20:06:59.948317043Z  [2021-09-29T20:06:59Z ERROR dt_instance] Error inserting data for source A.
2021-09-29T20:06:59.949051239Z  [2021-09-29T20:06:59Z INFO  dt_instance] A "787 U67uLvFeOI27SrHxf3LWWi2S8o613E2XUILE0l5dMRbNPBloErFMCnUj75Vt"
2021-09-29T20:06:59.959507016Z  [2021-09-29T20:06:59Z ERROR dt_instance] Error inserting data for source A.
2021-09-29T20:06:59.960116657Z  [2021-09-29T20:06:59Z INFO  dt_instance] A "791 GXFQeT5XfccHuf7sJhbgFBHVnxLd30TR4UCNKBMTBbxgXJzGavy77hcoFFDz"
2021-09-29T20:06:59.972369247Z  [2021-09-29T20:06:59Z ERROR dt_instance] Error inserting data for source A.
2021-09-29T20:06:59.973075748Z  [2021-09-29T20:06:59Z INFO  dt_instance] A "795 qjWwTejqEyOOQTPsRYs1nE06QkokXBSr8gWNcMenrjV6OAjL8Yi4KWQpqKof"
2021-09-29T20:06:59.983407956Z  [2021-09-29T20:06:59Z ERROR dt_instance] Error inserting data for source A.
2021-09-29T20:06:59.984059141Z  [2021-09-29T20:06:59Z INFO  dt_instance] A "800 pwBd83RiiTau6J1VvtO7Phg8z4cvPW6mtiaDB3De8s391DgJS7wQ4rFsInxc"
2021-09-29T20:06:59.995458108Z  [2021-09-29T20:06:59Z ERROR dt_instance] Error inserting data for source A.
2021-09-29T20:06:59.996141425Z  [2021-09-29T20:06:59Z INFO  dt_instance] A "804 e6lApownJH3OXCPEySrPDB4i2h2cxAPiw6tp4Wxc7sKxDt2FPO0oTb4TU2zP"
2021-09-29T20:07:00.006772967Z  [2021-09-29T20:07:00Z ERROR dt_instance] Error inserting data for source A.
2021-09-29T20:07:00.007478330Z  [2021-09-29T20:07:00Z INFO  dt_instance] A "808 MqP6CSbZ34lXobU9ZfJylJhD4OnjwsghDcIbNiIVsw1CgESxF16bTW1gm2r0"
2021-09-29T20:07:00.020250061Z  [2021-09-29T20:07:00Z ERROR dt_instance] Error inserting data for source A.
2021-09-29T20:07:00.020865469Z  [2021-09-29T20:07:00Z INFO  dt_instance] A "812 4NtSAZy8ohKciqEEySzTNtb4yWLxZqafXVKlLhHYYvGuvVpCgPYO5nWn7dvF"
2021-09-29T20:07:00.033197288Z  [2021-09-29T20:07:00Z ERROR dt_instance] Error inserting data for source A.
2021-09-29T20:07:00.033931708Z  [2021-09-29T20:07:00Z INFO  dt_instance] A "816 xQFJXbiI8DO2RyrrqMCx0hmvbFi02S5R51gpHAuAkE5aJMUniPS4pRDBEAeh"
2021-09-29T20:07:00.044031356Z  [2021-09-29T20:07:00Z ERROR dt_instance] Error inserting data for source A.
2021-09-29T20:07:00.044578289Z  [2021-09-29T20:07:00Z INFO  dt_instance] A "819 IMBoiqMrRfFHZGW186W4e4IPJUyQbaFBBqfWr1ev496rD7ylhNQCMDiETNj0"
2021-09-29T20:07:00.057821558Z  [2021-09-29T20:07:00Z ERROR dt_instance] Error inserting data for source A.
2021-09-29T20:07:00.058403819Z  [2021-09-29T20:07:00Z INFO  dt_instance] A "822 B1WsZbjyUtSo2aCkwi52upt6J5RipnWRvGZxDI1Cb2FGoUw1aYLZU9qFFe9Y"
2021-09-29T20:07:00.071684890Z  [2021-09-29T20:07:00Z ERROR dt_instance] Error inserting data for source A.
2021-09-29T20:07:00.072432462Z  [2021-09-29T20:07:00Z INFO  dt_instance] A "826 5s9cqrGWezbUt4wwNHBrOfJGrzuMtam8xC5bg6SBhphrjWPFAYZlpHDKdHIj"
2021-09-29T20:07:00.084563029Z  [2021-09-29T20:07:00Z ERROR dt_instance] Error inserting data for source A.
2021-09-29T20:07:00.085337561Z  [2021-09-29T20:07:00Z INFO  dt_instance] A "830 cPUn8IrTdIZjdysYwJGfZJOR9d0oE3k6tbFHpMhzpqZQRe4nlFq2HKRA1V17"
2021-09-29T20:07:00.097895061Z  [2021-09-29T20:07:00Z ERROR dt_instance] Error inserting data for source A.
2021-09-29T20:07:00.098769902Z  [2021-09-29T20:07:00Z INFO  dt_instance] A "834 cjWkEGaRpUs05EIGmg07TCwEdSpItlLD9MvmGRPb4jDj2hSkin62hCXyXAbc"
2021-09-29T20:07:00.111430521Z  [2021-09-29T20:07:00Z ERROR dt_instance] Error inserting data for source A.
2021-09-29T20:07:00.112093773Z  [2021-09-29T20:07:00Z INFO  dt_instance] A "838 yVKfo5PpMPOm8oj2M0BrcEsdRUawHGTJUQwNE1rGZQYsXedgI4g3ujfjv4J4"
2021-09-29T20:07:00.123886222Z  [2021-09-29T20:07:00Z ERROR dt_instance] Error inserting data for source A.
2021-09-29T20:07:00.124528710Z  [2021-09-29T20:07:00Z INFO  dt_instance] A "842 H5wOUInwwF3B3niptUNgAbU6Bfy9amyNNWcZuET8BSlPWNT2Bd8SR3k02CqL"
2021-09-29T20:07:00.135801912Z  [2021-09-29T20:07:00Z ERROR dt_instance] Error inserting data for source A.
2021-09-29T20:07:00.136429859Z  [2021-09-29T20:07:00Z INFO  dt_instance] A "846 EUhVfhvWQSsCKPOeI5hLRk1v6K6H66aVSDbLyT2ZVJXgBBNvDhVdxxG7AnWv"
2021-09-29T20:07:00.148310701Z  [2021-09-29T20:07:00Z ERROR dt_instance] Error inserting data for source A.
2021-09-29T20:07:00.149107267Z  [2021-09-29T20:07:00Z INFO  dt_instance] A "851 19lStMR29MIwqv7lOblW2olyUGM06RUlTkIUGXOWihbNPymqtABS0XXDC3yU"
2021-09-29T20:07:00.161916237Z  [2021-09-29T20:07:00Z ERROR dt_instance] Error inserting data for source A.
2021-09-29T20:07:00.163075651Z  [2021-09-29T20:07:00Z INFO  dt_instance] A "855 6AHaVw60FhvXBFqjUIZk3GaunTBfL4RjQpXdjrXJkTC6EA0FwZXHRhUjLnbd"
2021-09-29T20:07:00.173845447Z  [2021-09-29T20:07:00Z ERROR dt_instance] Error inserting data for source A.
2021-09-29T20:07:00.174469007Z  [2021-09-29T20:07:00Z INFO  dt_instance] A "860 ziCWy62JcSSX8v41QqkyYRAkNxU5AEQNXecPrh6eAGgOdJWyDcwCBK56khSd"
2021-09-29T20:07:00.187710494Z  [2021-09-29T20:07:00Z ERROR dt_instance] Error inserting data for source A.
2021-09-29T20:07:00.188343678Z  [2021-09-29T20:07:00Z INFO  dt_instance] A "864 2loO7yFmhQSYJRNi7ryMRSzM4M8eYMU6vmAsRA5JbTy25BJUwKhaECYvKdJw"
2021-09-29T20:07:00.199764851Z  [2021-09-29T20:07:00Z ERROR dt_instance] Error inserting data for source A.
2021-09-29T20:07:00.199799003Z  [2021-09-29T20:07:00Z INFO  dt_instance] A "868 HkK73DFdbee70ChQbLPPHefoEI6YRjYnfLl6c0N1siIJ50aIGeeLYfDAd72A"
2021-09-29T20:07:00.211648760Z  [2021-09-29T20:07:00Z ERROR dt_instance] Error inserting data for source A.
2021-09-29T20:07:00.212523264Z  [2021-09-29T20:07:00Z INFO  dt_instance] A "872 fxG5FFqhKDBAOPxOxfEBTvJNVMNLpFAOdvBVXRElCj6fK9hAEr2uu8UHHdhM"
2021-09-29T20:07:00.223106514Z  [2021-09-29T20:07:00Z ERROR dt_instance] Error inserting data for source A.
2021-09-29T20:07:00.224084504Z  [2021-09-29T20:07:00Z INFO  dt_instance] A "877 E277ungA2vEugbigKtZYoWp0LM2RUDQ9Z2nKNH3T2qntVUqiseQHd5YYnFxb"
2021-09-29T20:07:00.236019754Z  [2021-09-29T20:07:00Z ERROR dt_instance] Error inserting data for source A.
2021-09-29T20:07:00.236731622Z  [2021-09-29T20:07:00Z INFO  dt_instance] A "881 TAYaBqo3tVOoliOkQjK4qq3mnVDJYOCLxMZ9OOEmoUnyYdEioEeYywP7edew"
2021-09-29T20:07:00.247537936Z  [2021-09-29T20:07:00Z ERROR dt_instance] Error inserting data for source A.
2021-09-29T20:07:00.248272023Z  [2021-09-29T20:07:00Z INFO  dt_instance] A "885 7NthC6vBCTHwN16wadA5SRl6WyzTTZazRWucwII7heASklPBfXmSim4fMVWe"
2021-09-29T20:07:00.260111822Z  [2021-09-29T20:07:00Z ERROR dt_instance] Error inserting data for source A.
2021-09-29T20:07:00.260779882Z  [2021-09-29T20:07:00Z INFO  dt_instance] A "889 ACayHRvxQPmJxGPVHD627iPeEXHxdbT9PkJCAbDpxZSzLUIoDb1gsfgTkKnK"
2021-09-29T20:07:00.273317961Z  [2021-09-29T20:07:00Z ERROR dt_instance] Error inserting data for source A.
2021-09-29T20:07:00.273975069Z  [2021-09-29T20:07:00Z INFO  dt_instance] A "893 GC7V8l8sMjYtKg4lY3FJky6UMxZWrCNGx2JMRonEqkGGEySYExnjmem7YNhe"
2021-09-29T20:07:00.284851322Z  [2021-09-29T20:07:00Z ERROR dt_instance] Error inserting data for source A.
2021-09-29T20:07:00.285789475Z  [2021-09-29T20:07:00Z INFO  dt_instance] A "897 Lk7AvA58cQ690zaDbPkDm9HFQgQZAY7DNugn6XeHnwfXzjOYHn4t9AcxbS71"
2021-09-29T20:07:00.297482409Z  [2021-09-29T20:07:00Z ERROR dt_instance] Error inserting data for source A.
2021-09-29T20:07:00.298149450Z  [2021-09-29T20:07:00Z INFO  dt_instance] A "902 R6DmzOlMgWGX7C9huIHLSxa3VR6O6Fobq82Dtyhv1KcoxBTin19fYbcMgmhf"
2021-09-29T20:07:00.309836672Z  [2021-09-29T20:07:00Z ERROR dt_instance] Error inserting data for source A.
2021-09-29T20:07:00.310463032Z  [2021-09-29T20:07:00Z INFO  dt_instance] A "906 7YrACeglaFph6XLpTBMfubRZl9dtYUpal6jNbDNUHNCFzMEf1SorbpAdFRFb"
2021-09-29T20:07:00.321225986Z  [2021-09-29T20:07:00Z ERROR dt_instance] Error inserting data for source A.
2021-09-29T20:07:00.321768820Z  [2021-09-29T20:07:00Z INFO  dt_instance] A "910 gxxE6TpQ4bAiEaRYRz217RKAVkNLKNIoomx4VDP3hVVMzRHuzAlQWpLGn1Vt"
2021-09-29T20:07:00.332831062Z  [2021-09-29T20:07:00Z ERROR dt_instance] Error inserting data for source A.
2021-09-29T20:07:00.333553348Z  [2021-09-29T20:07:00Z INFO  dt_instance] A "914 fvdLeNN3acJ4k7y6luZzpzHDcwCpBeBjIGHwoGtJNbGlXOnWBdtdWICJTqKl"
2021-09-29T20:07:00.344894961Z  [2021-09-29T20:07:00Z ERROR dt_instance] Error inserting data for source A.
2021-09-29T20:07:00.347179788Z  [2021-09-29T20:07:00Z INFO  dt_instance] A "919 eL1TuO4O3DNSp3R4SiAfGjIJBnCSplf2Q2Ep6fuqHTu7kWq0yWRlfqsMroOz"
2021-09-29T20:07:00.357567314Z  [2021-09-29T20:07:00Z ERROR dt_instance] Error inserting data for source A.
2021-09-29T20:07:00.358449157Z  [2021-09-29T20:07:00Z INFO  dt_instance] A "923 Rzup5fbDDhMCCw2aC7P96yM4VBLUjVooA7DqcmgyEcAO7Kp9ZfUS4qKmTRL2"
2021-09-29T20:07:00.368698104Z  [2021-09-29T20:07:00Z ERROR dt_instance] Error inserting data for source A.
2021-09-29T20:07:00.369321541Z  [2021-09-29T20:07:00Z INFO  dt_instance] A "927 2vC5oqG2XnbjB0DiuejrPgIj3WNkhkSePZtpyV4cvxyeM9cCrlcrgHPLYDQI"
2021-09-29T20:07:00.380292005Z  [2021-09-29T20:07:00Z ERROR dt_instance] Error inserting data for source A.
2021-09-29T20:07:00.380948796Z  [2021-09-29T20:07:00Z INFO  dt_instance] A "931 4QGHonM8owchEkz7GTbRTtEtc1voH5vk0oL2jIx3bAr9mAhSozStk7v9pOL0"
2021-09-29T20:07:00.393332194Z  [2021-09-29T20:07:00Z ERROR dt_instance] Error inserting data for source A.
2021-09-29T20:07:00.394050626Z  [2021-09-29T20:07:00Z INFO  dt_instance] A "935 D4aLOxgEbmw6kIXK8D1kNNLQEWYbhSaYGAr92kS8JSLUP7BL1pgfKYb8Gi5e"
2021-09-29T20:07:00.405210277Z  [2021-09-29T20:07:00Z ERROR dt_instance] Error inserting data for source A.
2021-09-29T20:07:00.406124523Z  [2021-09-29T20:07:00Z INFO  dt_instance] A "938 XdAbxZRfvDItSe5kEqv18q4U8uJjmW223VUcREYv4z0FpWHuRu9pmO5UjWgR"
2021-09-29T20:07:00.416729100Z  [2021-09-29T20:07:00Z ERROR dt_instance] Error inserting data for source A.
2021-09-29T20:07:00.417612265Z  [2021-09-29T20:07:00Z INFO  dt_instance] A "942 w6pEMQw71zlZNiB3BowvDHkOBM4lmASuF1HNcP0WnsMtdfkKwN97Y3zDHSfj"
2021-09-29T20:07:00.430803212Z  [2021-09-29T20:07:00Z ERROR dt_instance] Error inserting data for source A.
2021-09-29T20:07:00.431369612Z  [2021-09-29T20:07:00Z INFO  dt_instance] A "946 8m7grGpeMVCz70F4Wfgv8BlT8gdcfSS1KIQJ09ZJ0oSaAuPbbJmuFBvGHvAE"
2021-09-29T20:07:00.442448312Z  [2021-09-29T20:07:00Z ERROR dt_instance] Error inserting data for source A.
2021-09-29T20:07:00.442966387Z  [2021-09-29T20:07:00Z INFO  dt_instance] A "950 5NWo17Q2kwbs7lFhpskQ5WflVk4dT5ZjS41OIIa2GrFNhGEmRCH8NxGldO3A"
2021-09-29T20:07:00.453968093Z  [2021-09-29T20:07:00Z ERROR dt_instance] Error inserting data for source A.
2021-09-29T20:07:00.454554917Z  [2021-09-29T20:07:00Z INFO  dt_instance] A "955 zPpAOI89mF3HOqi5sPrLafQORGxVcivDAKYZYBzVPDC0TguoUGbrcgnanE5P"
2021-09-29T20:07:00.466918375Z  [2021-09-29T20:07:00Z ERROR dt_instance] Error inserting data for source A.
2021-09-29T20:07:00.467499118Z  [2021-09-29T20:07:00Z INFO  dt_instance] A "959 SBnuvB7JzWmCNlDzU7DklN53JEdQzcJCUykzkcJz7eAi1v8TNVcQlPQSFG1F"
2021-09-29T20:07:00.478336657Z  [2021-09-29T20:07:00Z ERROR dt_instance] Error inserting data for source A.
2021-09-29T20:07:00.479001166Z  [2021-09-29T20:07:00Z INFO  dt_instance] A "961 fd2sk79kWJVCO2UhMj090vF5StqNAojOiQKRMYOQM9cjZ3PSLPFHHRBiMK5m"
2021-09-29T20:07:00.489655674Z  [2021-09-29T20:07:00Z ERROR dt_instance] Error inserting data for source A.
2021-09-29T20:07:00.490276487Z  [2021-09-29T20:07:00Z INFO  dt_instance] A "964 353Or9vFOOTzniUde8Hjlv30JAITTPKL2fab9Nq6QuXfhoWDkvCdTszLFbaQ"
2021-09-29T20:07:00.501391934Z  [2021-09-29T20:07:00Z ERROR dt_instance] Error inserting data for source A.
2021-09-29T20:07:00.502028765Z  [2021-09-29T20:07:00Z INFO  dt_instance] A "968 XzrwAHwfAk2xuZhu4RVttIH5TgIkFMQEvMkTbQcdj0GCjNuBsmWrp2xTO545"
2021-09-29T20:07:00.512998056Z  [2021-09-29T20:07:00Z ERROR dt_instance] Error inserting data for source A.
2021-09-29T20:07:00.513667537Z  [2021-09-29T20:07:00Z INFO  dt_instance] A "973 ayl4piIBEEApwFcwUE4mrWcCgBgSnTFEsAwiec2RQJT4wl4go6S5lIroNCq1"
2021-09-29T20:07:00.523780221Z  [2021-09-29T20:07:00Z ERROR dt_instance] Error inserting data for source A.
2021-09-29T20:07:00.524453791Z  [2021-09-29T20:07:00Z INFO  dt_instance] A "977 A0MGWNoFvjBRygVI1Y3RMNflzF5GU2ew2L8sNAuudbcr4yxEMFm1U3PWz3uH"
2021-09-29T20:07:00.535374893Z  [2021-09-29T20:07:00Z ERROR dt_instance] Error inserting data for source A.
2021-09-29T20:07:00.536407369Z  [2021-09-29T20:07:00Z INFO  dt_instance] A "981 nzU4cuNWPnx4IRWPN1RZijqkRyMkdReNdyBUDa6EOr0oV50WSFiKuzi7sLOe"
2021-09-29T20:07:00.547502988Z  [2021-09-29T20:07:00Z ERROR dt_instance] Error inserting data for source A.
2021-09-29T20:07:00.548186918Z  [2021-09-29T20:07:00Z INFO  dt_instance] A "986 e2QtQTtX3iAmDy22Pa6vGDbUEw6oV04YUDqSxDZJLUtjx1m6oz4KftMMa1r3"
2021-09-29T20:07:00.559222291Z  [2021-09-29T20:07:00Z ERROR dt_instance] Error inserting data for source A.
2021-09-29T20:07:00.559897441Z  [2021-09-29T20:07:00Z INFO  dt_instance] A "990 giXwOHWWRcGyhDPd7guJJFWhDAKcayDpv2A40N5ecHZFyshNdlMC8eE9QUta"
2021-09-29T20:07:00.573337174Z  [2021-09-29T20:07:00Z ERROR dt_instance] Error inserting data for source A.
2021-09-29T20:07:00.574203282Z  [2021-09-29T20:07:00Z INFO  dt_instance] A "995 EwT0hgyI5B69F47ShwU6CKdnyrlUBDfXIayNG7VFcKs07DhbTPX4ibWOzjXh"
2021-09-29T20:07:00.586216918Z  [2021-09-29T20:07:00Z ERROR dt_instance] Error inserting data for source A.
2021-09-29T20:07:00.586961914Z  [2021-09-29T20:07:00Z INFO  dt_instance] A "999 YeZMoblcz4UFiFii91ixjUypw9dPvYhOi4HPWHRKch8G41PJSlRkUAMRcALn"
2021-09-29T20:07:00.599126414Z  [2021-09-29T20:07:00Z ERROR dt_instance] Error inserting data for source A.
2021-09-29T20:07:16.161826422Z  [2021-09-29T20:07:16Z ERROR dt_instance] Unhandled incoming.
