2021-09-28T17:52:51.637448525Z  running: (['/opt/scylladb/scripts/scylla_dev_mode_setup', '--developer-mode', '1'],)
2021-09-28T17:52:52.166531744Z  running: (['/opt/scylladb/scripts/scylla_io_setup'],)
2021-09-28T17:52:52.582018841Z  2021-09-28 17:52:52,581 CRIT Supervisor is running as root.  Privileges were not dropped because no user is specified in the config file.  If you intend to run as root, you can set user=root in the config file to avoid this message.
2021-09-28T17:52:52.582213994Z  2021-09-28 17:52:52,582 INFO Included extra file "/etc/supervisord.conf.d/node-exporter.conf" during parsing
2021-09-28T17:52:52.582438138Z  2021-09-28 17:52:52,582 INFO Included extra file "/etc/supervisord.conf.d/rsyslog.conf" during parsing
2021-09-28T17:52:52.582652600Z  2021-09-28 17:52:52,582 INFO Included extra file "/etc/supervisord.conf.d/scylla-housekeeping.conf" during parsing
2021-09-28T17:52:52.582861867Z  2021-09-28 17:52:52,582 INFO Included extra file "/etc/supervisord.conf.d/scylla-jmx.conf" during parsing
2021-09-28T17:52:52.583070977Z  2021-09-28 17:52:52,582 INFO Included extra file "/etc/supervisord.conf.d/scylla-server.conf" during parsing
2021-09-28T17:52:52.583278389Z  2021-09-28 17:52:52,583 INFO Included extra file "/etc/supervisord.conf.d/sshd-server.conf" during parsing
2021-09-28T17:52:52.621336931Z  2021-09-28 17:52:52,621 INFO RPC interface 'supervisor' initialized
2021-09-28T17:52:52.621689817Z  2021-09-28 17:52:52,621 CRIT Server 'inet_http_server' running without any HTTP authentication checking
2021-09-28T17:52:52.622204538Z  2021-09-28 17:52:52,621 INFO supervisord started with pid 26
2021-09-28T17:52:53.633257831Z  2021-09-28 17:52:53,625 INFO spawned: 'scylla' with pid 29
2021-09-28T17:52:53.633296485Z  2021-09-28 17:52:53,628 INFO spawned: 'scylla-housekeeping' with pid 30
2021-09-28T17:52:53.633307489Z  2021-09-28 17:52:53,630 INFO spawned: 'sshd' with pid 31
2021-09-28T17:52:53.635981087Z  2021-09-28 17:52:53,635 INFO spawned: 'scylla-jmx' with pid 32
2021-09-28T17:52:53.644139830Z  2021-09-28 17:52:53,643 INFO spawned: 'rsyslog' with pid 33
2021-09-28T17:52:53.646907807Z  2021-09-28 17:52:53,646 INFO spawned: 'node-exporter' with pid 34
2021-09-28T17:52:53.682014984Z  Generating public/private ed25519 key pair.
2021-09-28T17:52:53.682051019Z  Your identification has been saved in /etc/ssh/ssh_host_ed25519_key.
2021-09-28T17:52:53.682062224Z  Your public key has been saved in /etc/ssh/ssh_host_ed25519_key.pub.
2021-09-28T17:52:53.682072254Z  The key fingerprint is:
2021-09-28T17:52:53.682093421Z  SHA256:6/4WnGT/Yi34GrCUM6VzNg46trDKQC9aU+MIJXQWocw root@3e62572fe815
2021-09-28T17:52:53.682102812Z  The key's randomart image is:
2021-09-28T17:52:53.682112020Z  +--[ED25519 256]--+
2021-09-28T17:52:53.682121105Z  | . =o            |
2021-09-28T17:52:53.682130103Z  |+ +              |
2021-09-28T17:52:53.682139012Z  |.E.       .      |
2021-09-28T17:52:53.682147874Z  | o       +o      |
2021-09-28T17:52:53.682156681Z  |..  o   S++o     |
2021-09-28T17:52:53.682178102Z  |...+ . o %+..    |
2021-09-28T17:52:53.682188735Z  |..+.o + o oo o   |
2021-09-28T17:52:53.682198297Z  |.+.. + +  o.+ o  |
2021-09-28T17:52:53.682207505Z  |. o.. ..ooo+.o   |
2021-09-28T17:52:53.682216806Z  +----[SHA256]-----+
2021-09-28T17:52:53.704790606Z  time="2021-09-28T17:52:53Z" level=info msg="Starting node_exporter (version=0.17.0, branch=HEAD, revision=f6f6194a436b9a63d0439abc585c76b19a206b21)" source="node_exporter.go:82"
2021-09-28T17:52:53.704832497Z  time="2021-09-28T17:52:53Z" level=info msg="Build context (go=go1.11.2, user=root@322511e06ced, date=20181130-15:51:33)" source="node_exporter.go:83"
2021-09-28T17:52:53.705631853Z  time="2021-09-28T17:52:53Z" level=info msg="Enabled collectors:" source="node_exporter.go:90"
2021-09-28T17:52:53.705995397Z  time="2021-09-28T17:52:53Z" level=info msg=" - arp" source="node_exporter.go:97"
2021-09-28T17:52:53.706016724Z  time="2021-09-28T17:52:53Z" level=info msg=" - bcache" source="node_exporter.go:97"
2021-09-28T17:52:53.706027901Z  time="2021-09-28T17:52:53Z" level=info msg=" - bonding" source="node_exporter.go:97"
2021-09-28T17:52:53.706038050Z  time="2021-09-28T17:52:53Z" level=info msg=" - conntrack" source="node_exporter.go:97"
2021-09-28T17:52:53.706048418Z  time="2021-09-28T17:52:53Z" level=info msg=" - cpu" source="node_exporter.go:97"
2021-09-28T17:52:53.706058284Z  time="2021-09-28T17:52:53Z" level=info msg=" - diskstats" source="node_exporter.go:97"
2021-09-28T17:52:53.706068143Z  time="2021-09-28T17:52:53Z" level=info msg=" - edac" source="node_exporter.go:97"
2021-09-28T17:52:53.706078004Z  time="2021-09-28T17:52:53Z" level=info msg=" - entropy" source="node_exporter.go:97"
2021-09-28T17:52:53.706087842Z  time="2021-09-28T17:52:53Z" level=info msg=" - filefd" source="node_exporter.go:97"
2021-09-28T17:52:53.706097469Z  time="2021-09-28T17:52:53Z" level=info msg=" - filesystem" source="node_exporter.go:97"
2021-09-28T17:52:53.706107142Z  time="2021-09-28T17:52:53Z" level=info msg=" - hwmon" source="node_exporter.go:97"
2021-09-28T17:52:53.706548800Z  time="2021-09-28T17:52:53Z" level=info msg=" - infiniband" source="node_exporter.go:97"
2021-09-28T17:52:53.706569266Z  time="2021-09-28T17:52:53Z" level=info msg=" - interrupts" source="node_exporter.go:97"
2021-09-28T17:52:53.706580077Z  time="2021-09-28T17:52:53Z" level=info msg=" - ipvs" source="node_exporter.go:97"
2021-09-28T17:52:53.706590238Z  time="2021-09-28T17:52:53Z" level=info msg=" - loadavg" source="node_exporter.go:97"
2021-09-28T17:52:53.706600155Z  time="2021-09-28T17:52:53Z" level=info msg=" - mdadm" source="node_exporter.go:97"
2021-09-28T17:52:53.706610104Z  time="2021-09-28T17:52:53Z" level=info msg=" - meminfo" source="node_exporter.go:97"
2021-09-28T17:52:53.706619806Z  time="2021-09-28T17:52:53Z" level=info msg=" - netclass" source="node_exporter.go:97"
2021-09-28T17:52:53.706629576Z  time="2021-09-28T17:52:53Z" level=info msg=" - netdev" source="node_exporter.go:97"
2021-09-28T17:52:53.706655019Z  time="2021-09-28T17:52:53Z" level=info msg=" - netstat" source="node_exporter.go:97"
2021-09-28T17:52:53.706665909Z  time="2021-09-28T17:52:53Z" level=info msg=" - nfs" source="node_exporter.go:97"
2021-09-28T17:52:53.706675945Z  time="2021-09-28T17:52:53Z" level=info msg=" - nfsd" source="node_exporter.go:97"
2021-09-28T17:52:53.706697015Z  time="2021-09-28T17:52:53Z" level=info msg=" - sockstat" source="node_exporter.go:97"
2021-09-28T17:52:53.706707312Z  time="2021-09-28T17:52:53Z" level=info msg=" - stat" source="node_exporter.go:97"
2021-09-28T17:52:53.706717483Z  time="2021-09-28T17:52:53Z" level=info msg=" - textfile" source="node_exporter.go:97"
2021-09-28T17:52:53.706727791Z  time="2021-09-28T17:52:53Z" level=info msg=" - time" source="node_exporter.go:97"
2021-09-28T17:52:53.706738155Z  time="2021-09-28T17:52:53Z" level=info msg=" - timex" source="node_exporter.go:97"
2021-09-28T17:52:53.706759485Z  time="2021-09-28T17:52:53Z" level=info msg=" - uname" source="node_exporter.go:97"
2021-09-28T17:52:53.706769812Z  time="2021-09-28T17:52:53Z" level=info msg=" - vmstat" source="node_exporter.go:97"
2021-09-28T17:52:53.706931569Z  time="2021-09-28T17:52:53Z" level=info msg=" - xfs" source="node_exporter.go:97"
2021-09-28T17:52:53.706951397Z  time="2021-09-28T17:52:53Z" level=info msg=" - zfs" source="node_exporter.go:97"
2021-09-28T17:52:53.706962115Z  time="2021-09-28T17:52:53Z" level=info msg="Listening on :9100" source="node_exporter.go:111"
2021-09-28T17:52:54.156430272Z  Scylla version 4.4.4-0.20210801.69daa9fd0 with build-id eb11cddd30e88ef39c32c847e70181b5cf786355 starting ...
2021-09-28T17:52:54.160143201Z  command used: "/usr/bin/scylla --log-to-syslog 0 --log-to-stdout 1 --default-log-level info --network-stack posix --developer-mode=1 --overprovisioned --listen-address 10.0.8.11 --rpc-address 10.0.8.11 --seed-provider-parameters seeds=10.0.8.11 --blocked-reactor-notify-ms 999999999"
2021-09-28T17:52:54.160617685Z  parsed command line options: [log-to-syslog: 0, log-to-stdout: 1, default-log-level: info, network-stack: posix, developer-mode: 1, overprovisioned, listen-address: 10.0.8.11, rpc-address: 10.0.8.11, seed-provider-parameters: seeds=10.0.8.11, blocked-reactor-notify-ms: 999999999]
2021-09-28T17:52:54.186452999Z  WARN  2021-09-28 17:52:54,185 [shard 0] seastar - Unable to set SCHED_FIFO scheduling policy for timer thread; latency impact possible. Try adding CAP_SYS_NICE
2021-09-28T17:52:54.209675348Z  INFO  2021-09-28 17:52:54,209 [shard 0] init - installing SIGHUP handler
2021-09-28T17:52:54.213694966Z  INFO  2021-09-28 17:52:54,213 [shard 0] init - Scylla version 4.4.4-0.20210801.69daa9fd0 with build-id eb11cddd30e88ef39c32c847e70181b5cf786355 starting ...
2021-09-28T17:52:54.213723510Z  
2021-09-28T17:52:54.218718515Z  INFO  2021-09-28 17:52:54,218 [shard 0] init - starting prometheus API server
2021-09-28T17:52:54.221396248Z  INFO  2021-09-28 17:52:54,221 [shard 0] init - starting tokens manager
2021-09-28T17:52:54.221884572Z  INFO  2021-09-28 17:52:54,221 [shard 0] init - starting migration manager notifier
2021-09-28T17:52:54.222358595Z  INFO  2021-09-28 17:52:54,222 [shard 0] init - creating tracing
2021-09-28T17:52:54.223333457Z  INFO  2021-09-28 17:52:54,223 [shard 0] init - creating snitch
2021-09-28T17:52:54.225366469Z  INFO  2021-09-28 17:52:54,225 [shard 0] init - determining DNS name
2021-09-28T17:52:54.225387782Z  INFO  2021-09-28 17:52:54,225 [shard 0] init - starting API server
2021-09-28T17:52:54.226309640Z  INFO  2021-09-28 17:52:54,226 [shard 0] init - Scylla API server listening on 127.0.0.1:10000 ...
2021-09-28T17:52:54.229649962Z  INFO  2021-09-28 17:52:54,229 [shard 0] init - initializing storage service
2021-09-28T17:52:54.230614960Z  INFO  2021-09-28 17:52:54,230 [shard 0] init - starting per-shard database core
2021-09-28T17:52:54.235380465Z  WARN  2021-09-28 17:52:54,235 [shard 0] init - I/O Scheduler is not properly configured! This is a non-supported setup, and performance is expected to be unpredictably bad.
2021-09-28T17:52:54.235405075Z   Reason found: none of --max-io-requests, --io-properties and --io-properties-file are set.
2021-09-28T17:52:54.235415994Z  To properly configure the I/O Scheduler, run the scylla_io_setup utility shipped with Scylla.
2021-09-28T17:52:54.235425560Z  
2021-09-28T17:52:54.235941523Z  INFO  2021-09-28 17:52:54,235 [shard 0] init - creating and verifying directories
2021-09-28T17:52:54.722890700Z  INFO  2021-09-28 17:52:54,721 [shard 0] database - Populating Keyspace system_schema
2021-09-28T17:52:54.722940849Z  INFO  2021-09-28 17:52:54,722 [shard 0] database - Keyspace system_schema: Reading CF view_virtual_columns id=08843b63-45dc-3be2-9798-a0418295cfaa version=c777531c-15f7-326f-8ebe-39fd0265c8c9
2021-09-28T17:52:54.722952844Z  INFO  2021-09-28 17:52:54,722 [shard 0] database - Keyspace system_schema: Reading CF computed_columns id=cc7c7069-3740-33c1-92a4-c3de78dbd2c4 version=2b8c4439-de76-31e0-807f-3b7290a975d7
2021-09-28T17:52:54.722962859Z  INFO  2021-09-28 17:52:54,722 [shard 0] database - Keyspace system_schema: Reading CF aggregates id=924c5587-2e3a-345b-b10c-12f37c1ba895 version=4b53e92c-0368-3d5c-b959-2ec1bfd1a59f
2021-09-28T17:52:54.722972862Z  INFO  2021-09-28 17:52:54,722 [shard 0] database - Keyspace system_schema: Reading CF functions id=96489b79-80be-3e14-a701-66a0b9159450 version=329ed804-55b3-3eee-ad61-d85317b96097
2021-09-28T17:52:54.722982865Z  INFO  2021-09-28 17:52:54,722 [shard 0] database - Keyspace system_schema: Reading CF views id=9786ac1c-dd58-3201-a7cd-ad556410c985 version=5b58bb47-96e7-3f57-accf-0bfca4dbbc6e
2021-09-28T17:52:54.722992710Z  INFO  2021-09-28 17:52:54,722 [shard 0] database - Keyspace system_schema: Reading CF indexes id=0feb57ac-311f-382f-ba6d-9024d305702f version=99c40462-8687-304e-abe3-2bdbef1f25aa
2021-09-28T17:52:54.723002545Z  INFO  2021-09-28 17:52:54,722 [shard 0] database - Keyspace system_schema: Reading CF types id=5a8b1ca8-6602-3f77-a045-9273d308917a version=de51b2ce-5e4d-3b7d-a75f-2204332ce8d1
2021-09-28T17:52:54.723012595Z  INFO  2021-09-28 17:52:54,722 [shard 0] database - Keyspace system_schema: Reading CF triggers id=4df70b66-6b05-3251-95a1-32b54005fd48 version=582d7071-1ef0-37c8-adc6-471a13636139
2021-09-28T17:52:54.723022334Z  INFO  2021-09-28 17:52:54,722 [shard 0] database - Keyspace system_schema: Reading CF dropped_columns id=5e7583b5-f3f4-3af1-9a39-b7e1d6f5f11f version=7426bc6c-4c2f-3200-8ad8-4329610ed59a
2021-09-28T17:52:54.723049765Z  INFO  2021-09-28 17:52:54,722 [shard 0] database - Keyspace system_schema: Reading CF columns id=24101c25-a2ae-3af7-87c1-b40ee1aca33f version=d33236d4-9bdd-3c09-abf0-a0bc5edc2526
2021-09-28T17:52:54.723062755Z  INFO  2021-09-28 17:52:54,722 [shard 0] database - Keyspace system_schema: Reading CF scylla_tables id=5d912ff1-f759-3665-b2c8-8042ab5103dd version=38e5e56b-155d-39b5-a0d2-8e5dcad42a26
2021-09-28T17:52:54.723073638Z  INFO  2021-09-28 17:52:54,722 [shard 0] database - Keyspace system_schema: Reading CF tables id=afddfb9d-bc1e-3068-8056-eed6c302ba09 version=b6240810-eeb7-36d5-9411-43b2d68dddab
2021-09-28T17:52:54.723083877Z  INFO  2021-09-28 17:52:54,722 [shard 0] database - Keyspace system_schema: Reading CF keyspaces id=abac5682-dea6-31c5-b535-b3d6cffd0fb6 version=e79ca8ba-6556-3f7d-925a-7f20cf57938c
2021-09-28T17:52:54.723485010Z  2021-09-28 17:52:54,723 INFO success: scylla entered RUNNING state, process has stayed up for > than 1 seconds (startsecs)
2021-09-28T17:52:54.723765391Z  2021-09-28 17:52:54,723 INFO success: scylla-housekeeping entered RUNNING state, process has stayed up for > than 1 seconds (startsecs)
2021-09-28T17:52:54.724236811Z  2021-09-28 17:52:54,724 INFO success: sshd entered RUNNING state, process has stayed up for > than 1 seconds (startsecs)
2021-09-28T17:52:54.724714444Z  2021-09-28 17:52:54,724 INFO success: scylla-jmx entered RUNNING state, process has stayed up for > than 1 seconds (startsecs)
2021-09-28T17:52:54.725014092Z  2021-09-28 17:52:54,724 INFO success: rsyslog entered RUNNING state, process has stayed up for > than 1 seconds (startsecs)
2021-09-28T17:52:54.725478194Z  2021-09-28 17:52:54,725 INFO success: node-exporter entered RUNNING state, process has stayed up for > than 1 seconds (startsecs)
2021-09-28T17:52:54.900015532Z  Connecting to http://localhost:10000
2021-09-28T17:52:54.900463764Z  Starting the JMX server
2021-09-28T17:52:55.764158323Z  JMX is enabled to receive remote connections on port: 7199
2021-09-28T17:52:56.498047449Z  Generating public/private rsa key pair.
2021-09-28T17:52:56.498088019Z  Your identification has been saved in /etc/ssh/ssh_host_rsa_key.
2021-09-28T17:52:56.498101686Z  Your public key has been saved in /etc/ssh/ssh_host_rsa_key.pub.
2021-09-28T17:52:56.498111448Z  The key fingerprint is:
2021-09-28T17:52:56.498120545Z  SHA256:ZVEhM/xu90KkWWbwUnSXYYhFFWKOxrKQhokzvbgNTsc root@3e62572fe815
2021-09-28T17:52:56.498130074Z  The key's randomart image is:
2021-09-28T17:52:56.498139156Z  +---[RSA 4096]----+
2021-09-28T17:52:56.498148405Z  |         .=.*B+=*|
2021-09-28T17:52:56.498157373Z  |    o o . o*=.+o.|
2021-09-28T17:52:56.498166168Z  |   + + + .o= =   |
2021-09-28T17:52:56.498174964Z  |    = o .o+ o *  |
2021-09-28T17:52:56.498183967Z  |   + E  S. . O   |
2021-09-28T17:52:56.498192899Z  |  o =       = o  |
2021-09-28T17:52:56.498216848Z  |   o .     . o . |
2021-09-28T17:52:56.498227113Z  |              . .|
2021-09-28T17:52:56.498236317Z  |               . |
2021-09-28T17:52:56.498245444Z  +----[SHA256]-----+
2021-09-28T17:52:56.512091986Z  Could not load host key: /etc/ssh/ssh_host_ecdsa_key
2021-09-28T17:52:57.979376987Z  INFO  2021-09-28 17:52:57,978 [shard 0] database - Populating Keyspace system
2021-09-28T17:52:57.979412238Z  INFO  2021-09-28 17:52:57,978 [shard 0] database - Keyspace system: Reading CF compaction_history id=b4dbb7b4-dc49-3fb5-b3bf-ce6e434832ca version=25cae56a-8d75-39f3-a146-3756ab4981c7
2021-09-28T17:52:57.979424547Z  INFO  2021-09-28 17:52:57,979 [shard 0] database - Keyspace system: Reading CF batchlog id=0290003c-977e-397c-ac3e-fdfdc01d626b version=e2a2e804-49e4-3597-9f16-39fd9475835c
2021-09-28T17:52:57.979931714Z  INFO  2021-09-28 17:52:57,979 [shard 0] database - Keyspace system: Reading CF size_estimates id=618f817b-005f-3678-b8a4-53f3930b8e86 version=6d4dbcff-f05b-3dc3-95ad-f79f7b10504d
2021-09-28T17:52:57.979979903Z  INFO  2021-09-28 17:52:57,979 [shard 0] database - Keyspace system: Reading CF range_xfers id=55d76438-4e55-3f8b-9f6e-676d4af3976d version=dd15a078-409b-350d-9bef-c5f3520832d8
2021-09-28T17:52:57.979993639Z  INFO  2021-09-28 17:52:57,979 [shard 0] database - Keyspace system: Reading CF peer_events id=59dfeaea-8db2-3341-91ef-109974d81484 version=7f874a05-72b8-3c21-9acb-baa164fc351a
2021-09-28T17:52:57.980004378Z  INFO  2021-09-28 17:52:57,979 [shard 0] database - Keyspace system: Reading CF peers id=37f71aca-7dc2-383b-a706-72528af04d4f version=f6f6871f-8c86-3eca-ac0b-2a2e848e395d
2021-09-28T17:52:57.980014839Z  INFO  2021-09-28 17:52:57,979 [shard 0] database - Keyspace system: Reading CF scylla_local id=2972ec7f-fb20-38dd-aac1-d876f2e3fcbd version=5f0b407d-eedf-3845-a48e-dbb9673d10e1
2021-09-28T17:52:57.980024991Z  INFO  2021-09-28 17:52:57,979 [shard 0] database - Keyspace system: Reading CF schema_aggregates id=a5fc57fc-9d6c-3bfd-a3fc-01ad54686fea version=d06c934f-9a69-374c-86f1-523ab26fb05c
2021-09-28T17:52:57.980035200Z  INFO  2021-09-28 17:52:57,979 [shard 0] database - Keyspace system: Reading CF paxos id=b7b7f0c2-fd0a-3410-8c05-3ef614bb7c2d version=6dd372de-72fb-3e1b-9b8c-f97738a67fe9
2021-09-28T17:52:57.980069993Z  INFO  2021-09-28 17:52:57,979 [shard 0] database - Keyspace system: Reading CF compactions_in_progress id=55080ab0-5d9c-3886-90a4-acb25fe1f77b version=540263f1-40db-3869-8a38-3baadedc222d
2021-09-28T17:52:57.980080550Z  INFO  2021-09-28 17:52:57,979 [shard 0] database - Keyspace system: Reading CF local id=7ad54392-bcdd-35a6-8417-4e047860b377 version=7fa82c2e-5b67-37dd-8e5e-2079e18f1536
2021-09-28T17:52:57.980090739Z  INFO  2021-09-28 17:52:57,979 [shard 0] database - Keyspace system: Reading CF schema_columnfamilies id=45f5b360-24bc-3f83-a363-1034ea4fa697 version=7f7a5fea-07b7-304d-a6f8-f7aec72cabdb
2021-09-28T17:52:57.980100840Z  INFO  2021-09-28 17:52:57,979 [shard 0] database - Keyspace system: Reading CF hints id=2666e205-73ef-38b3-90fe-fecf96e8f0c7 version=0b74fdd1-e96d-309e-a14e-a5bcd7ac885d
2021-09-28T17:52:57.980112684Z  INFO  2021-09-28 17:52:57,979 [shard 0] database - Keyspace system: Reading CF sstable_activity id=5a1ff267-ace0-3f12-8563-cfae6103c65e version=bdec57a3-b234-334b-be9c-7b1f33113995
2021-09-28T17:52:57.980318131Z  INFO  2021-09-28 17:52:57,979 [shard 0] database - Keyspace system: Reading CF IndexInfo id=9f5c6374-d485-3229-9a0a-5094af9ad1e3 version=bbb3743b-351f-3023-b4fc-09a9be37d529
2021-09-28T17:52:57.980339622Z  INFO  2021-09-28 17:52:57,979 [shard 0] database - Keyspace system: Reading CF large_partitions id=8a7fe624-96b0-34b1-b90e-f71bddcdd2d3 version=04fa9920-9369-3a96-be39-6dd9fdc816b6
2021-09-28T17:52:57.980350685Z  INFO  2021-09-28 17:52:57,979 [shard 0] database - Keyspace system: Reading CF scylla_table_schema_history id=0191a53e-40f0-31d4-9171-b0d19ffb17b4 version=2cc890b8-9ade-3afc-ab63-043c8017608e
2021-09-28T17:52:57.980361291Z  INFO  2021-09-28 17:52:57,979 [shard 0] database - Keyspace system: Reading CF large_cells id=ead8bbc5-f146-3ae1-9f71-0b11f9a1d296 version=0d4a6937-a781-3f87-a192-b4e4a4a40acf
2021-09-28T17:52:57.980837268Z  INFO  2021-09-28 17:52:57,980 [shard 0] database - Keyspace system: Reading CF views_builds_in_progress id=b7f2c108-78cd-3c80-9cd5-d609b2bd149c version=b905cce5-1474-3085-819a-7592453e2fb9
2021-09-28T17:52:57.980857298Z  INFO  2021-09-28 17:52:57,980 [shard 0] database - Keyspace system: Reading CF built_views id=4b3c50a9-ea87-3d76-9101-6dbc9c38494a version=a28aa0b3-6def-30a7-9fbe-ce78b3f3c9b9
2021-09-28T17:52:57.980868082Z  INFO  2021-09-28 17:52:57,980 [shard 0] database - Keyspace system: Reading CF scylla_views_builds_in_progress id=a04c7bfd-1e13-36c9-a44d-f22da352281d version=e3fb736c-6956-3990-a31d-9a482279e3fc
2021-09-28T17:52:57.980879036Z  INFO  2021-09-28 17:52:57,980 [shard 0] database - Keyspace system: Reading CF truncated id=38c19fd0-fb86-3310-a4b7-0d0cc66628aa version=6da9a85c-7ae0-3917-aead-54a2f65a57a8
2021-09-28T17:52:57.981303830Z  INFO  2021-09-28 17:52:57,980 [shard 0] database - Keyspace system: Reading CF cdc_local id=0bcaffd4-0c83-3ead-ad13-dc1d5015b77c version=0aa4d3a2-ed95-3ecd-aba0-cd75622ad290
2021-09-28T17:52:57.981324274Z  INFO  2021-09-28 17:52:57,980 [shard 0] database - Keyspace system: Reading CF clients id=ca0f635d-8630-3609-8d93-a1fc06f2a5e5 version=51273ebf-e6f9-3cd5-b455-ea09ad29796f
2021-09-28T17:52:57.981358545Z  INFO  2021-09-28 17:52:57,980 [shard 0] database - Keyspace system: Reading CF schema_keyspaces id=b0f22357-4458-3cdb-9631-c43e59ce3676 version=84d28cef-59f9-34a9-9be5-31c684997f03
2021-09-28T17:52:57.981372561Z  INFO  2021-09-28 17:52:57,980 [shard 0] database - Keyspace system: Reading CF schema_columns id=296e9c04-9bec-3085-827d-c17d3df2122a version=53cfbb66-ee0d-37be-97bb-b2afb3746f85
2021-09-28T17:52:57.981382889Z  INFO  2021-09-28 17:52:57,980 [shard 0] database - Keyspace system: Reading CF schema_triggers id=0359bc71-7123-3ee1-9a4a-b9dfb11fc125 version=75e4ec4c-76da-3f59-984e-66810ba0c62b
2021-09-28T17:52:57.981393167Z  INFO  2021-09-28 17:52:57,980 [shard 0] database - Keyspace system: Reading CF large_rows id=40550f66-0858-39a0-9430-f27fc08034e9 version=aee3acb0-7926-317b-848e-db7bc3721695
2021-09-28T17:52:57.981403267Z  INFO  2021-09-28 17:52:57,981 [shard 0] database - Keyspace system: Reading CF schema_usertypes id=3aa75225-4f82-350b-8d5c-430fa221fa0a version=3c53e6bb-56d5-3618-a0b2-4ff5f18127d7
2021-09-28T17:52:57.981706538Z  INFO  2021-09-28 17:52:57,981 [shard 0] database - Keyspace system: Reading CF schema_functions id=d1b675fe-2b50-3ca4-8e49-c0f81989dcad version=a50959dd-2be0-3e4e-8bb5-cf40796e256a
2021-09-28T17:52:59.229958856Z  Traceback (most recent call last):
2021-09-28T17:52:59.230484167Z    File "/opt/scylladb/scripts/libexec/scylla-housekeeping", line 208, in <module>
2021-09-28T17:52:59.231021485Z      args.func(args)
2021-09-28T17:52:59.231041793Z    File "/opt/scylladb/scripts/libexec/scylla-housekeeping", line 134, in check_version
2021-09-28T17:52:59.231427663Z      current_version = sanitize_version(get_api('/storage_service/scylla_release_version'))
2021-09-28T17:52:59.231447337Z    File "/opt/scylladb/scripts/libexec/scylla-housekeeping", line 93, in get_api
2021-09-28T17:52:59.231871023Z      return get_json_from_url("http://" + api_address + path)
2021-09-28T17:52:59.231889999Z    File "/opt/scylladb/scripts/libexec/scylla-housekeeping", line 88, in get_json_from_url
2021-09-28T17:52:59.232234497Z      raise RuntimeError(f'Failed to get "{path}" due to the following error: {retval}')
2021-09-28T17:52:59.232253940Z  RuntimeError: Failed to get "http://localhost:10000/storage_service/scylla_release_version" due to the following error: HTTP Error 404: Not Found
2021-09-28T17:53:07.140309871Z  INFO  2021-09-28 17:53:07,139 [shard 0] init - starting gossip
2021-09-28T17:53:07.140939447Z  WARN  2021-09-28 17:53:07,140 [shard 0] init - Using default cluster name is not recommended. Using a unique cluster name will reduce the chance of adding nodes to the wrong cluster by mistake
2021-09-28T17:53:07.141547221Z  INFO  2021-09-28 17:53:07,141 [shard 0] init - seeds={10.0.8.11}, listen_address=10.0.8.11, broadcast_address=10.0.8.11
2021-09-28T17:53:07.142071030Z  INFO  2021-09-28 17:53:07,141 [shard 0] init - starting storage proxy
2021-09-28T17:53:07.150891314Z  INFO  2021-09-28 17:53:07,150 [shard 0] init - starting migration manager
2021-09-28T17:53:07.151587952Z  INFO  2021-09-28 17:53:07,151 [shard 0] init - starting query processor
2021-09-28T17:53:07.153206153Z  INFO  2021-09-28 17:53:07,152 [shard 0] init - initializing batchlog manager
2021-09-28T17:53:07.156519883Z  INFO  2021-09-28 17:53:07,156 [shard 0] format_selector - Selected md sstables format
2021-09-28T17:53:07.157929909Z  INFO  2021-09-28 17:53:07,157 [shard 0] legacy_schema_migrator - Moving 0 keyspaces from legacy schema tables to the new schema keyspace (system_schema)
2021-09-28T17:53:07.158632735Z  INFO  2021-09-28 17:53:07,158 [shard 0] legacy_schema_migrator - Dropping legacy schema tables
2021-09-28T17:53:15.211963836Z  INFO  2021-09-28 17:53:15,210 [shard 0] legacy_schema_migrator - Completed migration of legacy schema tables
2021-09-28T17:53:15.212017420Z  INFO  2021-09-28 17:53:15,210 [shard 0] init - loading system sstables
2021-09-28T17:53:26.055339454Z  INFO  2021-09-28 17:53:26,054 [shard 0] init - loading non-system sstables
2021-09-28T17:53:33.451405199Z  INFO  2021-09-28 17:53:33,450 [shard 0] database - Populating Keyspace system_auth
2021-09-28T17:53:33.451450673Z  INFO  2021-09-28 17:53:33,450 [shard 0] database - Keyspace system_auth: Reading CF roles id=5bc52802-de25-35ed-aeab-188eecebb090 version=e27680b1-de66-382d-be28-d8b1af5c426a
2021-09-28T17:53:33.451463316Z  INFO  2021-09-28 17:53:33,451 [shard 0] database - Keyspace system_auth: Reading CF role_members id=0ecdaa87-f8fb-3e60-88d1-74fb36fe5c0d version=8596efbf-fef9-3624-b16e-66e5a2478839
2021-09-28T17:53:33.451487530Z  INFO  2021-09-28 17:53:33,451 [shard 0] database - Populating Keyspace system_traces
2021-09-28T17:53:33.451498525Z  INFO  2021-09-28 17:53:33,451 [shard 0] database - Keyspace system_traces: Reading CF sessions_time_idx id=0ebf001c-c1d1-3693-9a63-c3d96ac53318 version=53b2b453-8256-3cc0-b8fc-9a32427898a9
2021-09-28T17:53:33.452019668Z  INFO  2021-09-28 17:53:33,451 [shard 0] database - Keyspace system_traces: Reading CF sessions id=c5e99f16-8677-3914-b17e-960613512345 version=7970f395-812c-3650-a170-5741d6f12bd3
2021-09-28T17:53:33.452069719Z  INFO  2021-09-28 17:53:33,451 [shard 0] database - Keyspace system_traces: Reading CF node_slow_log_time_idx id=f9706768-aa1e-3d87-9e5c-51a3927c2870 version=424995db-92cf-3997-81f6-d297ecca59cb
2021-09-28T17:53:33.452081943Z  INFO  2021-09-28 17:53:33,451 [shard 0] database - Keyspace system_traces: Reading CF node_slow_log id=bfcc4e62-5b63-3aa1-a1c3-6f5e47f3325c version=2201e9ba-63d3-38d2-a0d9-6d431f9d0941
2021-09-28T17:53:33.452092041Z  INFO  2021-09-28 17:53:33,451 [shard 0] database - Keyspace system_traces: Reading CF events id=8826e8e9-e16a-3728-8753-3bc1fc713c25 version=82be260f-7d52-372d-8261-918fdad0c51f
2021-09-28T17:53:33.452117377Z  INFO  2021-09-28 17:53:33,451 [shard 0] database - Populating Keyspace dt
2021-09-28T17:53:33.452128167Z  INFO  2021-09-28 17:53:33,451 [shard 0] database - Keyspace dt: Reading CF user id=b60ae340-91bf-11eb-bd25-000000000000 version=cabb4525-43c5-3a15-875d-0fbb3a1cca73
2021-09-28T17:53:33.452137878Z  INFO  2021-09-28 17:53:33,451 [shard 0] database - Keyspace dt: Reading CF twin id=b79af920-91bf-11eb-bd25-000000000000 version=30cd9585-6d13-3469-8542-c8035fe90bbf
2021-09-28T17:53:33.452147757Z  INFO  2021-09-28 17:53:33,451 [shard 0] database - Keyspace dt: Reading CF source_element_idx_index id=c0e86990-91bf-11eb-bd25-000000000000 version=32f76a72-1cb6-3da2-800f-d90dc77b0ec1
2021-09-28T17:53:33.452157400Z  INFO  2021-09-28 17:53:33,451 [shard 0] database - Keyspace dt: Reading CF element_twin_idx_index id=bc170b60-91bf-11eb-bd25-000000000000 version=40dc72bc-79d8-3fc4-9053-c7adde980939
2021-09-28T17:53:33.452167427Z  INFO  2021-09-28 17:53:33,451 [shard 0] database - Keyspace dt: Reading CF source_data id=c370c220-91bf-11eb-bd25-000000000000 version=d447c8b6-e9f4-38c5-a90c-21dc5733d0ff
2021-09-28T17:53:33.452177077Z  INFO  2021-09-28 17:53:33,451 [shard 0] database - Keyspace dt: Reading CF source id=be95c700-91bf-11eb-bd25-000000000000 version=c9d14ff4-95de-3d01-af7a-5eb2a7010809
2021-09-28T17:53:33.452186785Z  INFO  2021-09-28 17:53:33,451 [shard 0] database - Keyspace dt: Reading CF element id=b9b77080-91bf-11eb-bd25-000000000000 version=bcbb5d6d-bdf7-37fe-93b6-dbbed4b6ba76
2021-09-28T17:53:33.452198307Z  INFO  2021-09-28 17:53:33,451 [shard 0] database - Populating Keyspace system_distributed
2021-09-28T17:53:33.452208174Z  INFO  2021-09-28 17:53:33,451 [shard 0] database - Keyspace system_distributed: Reading CF view_build_status id=5582b59f-8e4e-35e1-b913-3acada51eb04 version=e61ea49b-8dbc-3ff6-a69f-896f4d38b7bb
2021-09-28T17:53:33.452217837Z  INFO  2021-09-28 17:53:33,451 [shard 0] database - Keyspace system_distributed: Reading CF cdc_streams_descriptions_v2 id=0bf73fd7-65b2-36b0-85e5-658131d5df36 version=58a18c32-0c5a-34ba-992f-7723dd0265c0
2021-09-28T17:53:33.452239502Z  INFO  2021-09-28 17:53:33,451 [shard 0] database - Keyspace system_distributed: Reading CF cdc_streams_descriptions id=249f0ac2-8856-36d4-9802-f55223eb01c2 version=f727f60d-bfaa-32de-a0d6-898e1cbaf2c9
2021-09-28T17:53:33.452250721Z  INFO  2021-09-28 17:53:33,451 [shard 0] database - Keyspace system_distributed: Reading CF cdc_generation_timestamps id=fdf455c4-cfec-3e00-9719-d7a45436c89d version=5777e043-a81a-3324-8803-b497c056849f
2021-09-28T17:53:33.452260942Z  INFO  2021-09-28 17:53:33,451 [shard 0] database - Keyspace system_distributed: Reading CF cdc_generation_descriptions id=ae653406-7b3e-34aa-af70-d5b90f837c67 version=95e9e159-839f-39b3-990f-8e8a04817ff8
2021-09-28T17:53:38.397103950Z  INFO  2021-09-28 17:53:38,396 [shard 0] init - starting view update generator
2021-09-28T17:53:38.397862044Z  INFO  2021-09-28 17:53:38,397 [shard 0] init - discovering staging sstables
2021-09-28T17:53:38.398474758Z  INFO  2021-09-28 17:53:38,398 [shard 0] init - setting up system keyspace
2021-09-28T17:53:38.417957689Z  INFO  2021-09-28 17:53:38,417 [shard 0] init - starting commit log
2021-09-28T17:53:38.418832729Z  INFO  2021-09-28 17:53:38,418 [shard 0] compaction - [Compact system.truncated 025f4520-2085-11ec-9b30-000000000000] Compacting [/var/lib/scylla/data/system/truncated-38c19fd0fb863310a4b70d0cc66628aa/md-966-big-Data.db:level=0, /var/lib/scylla/data/system/truncated-38c19fd0fb863310a4b70d0cc66628aa/md-964-big-Data.db:level=0, ]
2021-09-28T17:53:38.419483519Z  INFO  2021-09-28 17:53:38,419 [shard 1] compaction - [Compact system_distributed.cdc_generation_timestamps 025f6c30-2085-11ec-8160-000000000001] Compacting [/var/lib/scylla/data/system_distributed/cdc_generation_timestamps-fdf455c4cfec3e009719d7a45436c89d/md-435-big-Data.db:level=0, /var/lib/scylla/data/system_distributed/cdc_generation_timestamps-fdf455c4cfec3e009719d7a45436c89d/md-433-big-Data.db:level=0, ]
2021-09-28T17:53:38.421755665Z  INFO  2021-09-28 17:53:38,421 [shard 0] init - initializing migration manager RPC verbs
2021-09-28T17:53:38.422290694Z  INFO  2021-09-28 17:53:38,421 [shard 0] init - initializing storage proxy RPC verbs
2021-09-28T17:53:38.422928488Z  INFO  2021-09-28 17:53:38,422 [shard 0] init - starting streaming service
2021-09-28T17:53:38.423712506Z  INFO  2021-09-28 17:53:38,423 [shard 0] init - starting hinted handoff manager
2021-09-28T17:53:38.790569810Z  INFO  2021-09-28 17:53:38,789 [shard 0] init - starting messaging service
2021-09-28T17:53:38.790622128Z  INFO  2021-09-28 17:53:38,789 [shard 0] repair - Setting max_repair_memory=126248550, max_repair_memory_per_range=33554432, max_repair_ranges_in_parallel=1
2021-09-28T17:53:38.791163190Z  INFO  2021-09-28 17:53:38,790 [shard 0] init - starting storage service
2021-09-28T17:53:38.793073592Z  INFO  2021-09-28 17:53:38,792 [shard 0] storage_service - Loading persisted ring state
2021-09-28T17:53:38.795910694Z  INFO  2021-09-28 17:53:38,795 [shard 0] storage_service - initial_contact_nodes={10.0.8.11}, loaded_endpoints={}, loaded_peer_features=0
2021-09-28T17:53:38.795949331Z  INFO  2021-09-28 17:53:38,795 [shard 0] storage_service - Checking remote features with gossip, initial_contact_nodes={10.0.8.11}
2021-09-28T17:53:38.796594348Z  INFO  2021-09-28 17:53:38,795 [shard 0] messaging_service - Starting Messaging Service on port 7000
2021-09-28T17:53:38.796648119Z  INFO  2021-09-28 17:53:38,796 [shard 0] gossip - Gossip shadow round started with nodes={}
2021-09-28T17:53:38.796665905Z  WARN  2021-09-28 17:53:38,796 [shard 0] gossip - All nodes={} are down for get_endpoint_states verb. Skip ShadowRound.
2021-09-28T17:53:38.796681388Z  INFO  2021-09-28 17:53:38,796 [shard 0] gossip - Gossip shadow round finisehd with nodes_talked={}
2021-09-28T17:53:38.796696745Z  INFO  2021-09-28 17:53:38,796 [shard 0] gossip - Feature check passed. Local node 10.0.8.11 features = {CDC, COMPUTED_COLUMNS, CORRECT_COUNTER_ORDER, CORRECT_IDX_TOKEN_IN_SECONDARY_INDEX, CORRECT_NON_COMPOUND_RANGE_TOMBSTONES, CORRECT_STATIC_COMPACT_IN_MC, COUNTERS, DIGEST_FOR_NULL_VALUES, DIGEST_INSENSITIVE_TO_EXPIRY, DIGEST_MULTIPARTITION_READ, HINTED_HANDOFF_SEPARATE_CONNECTION, INDEXES, LARGE_PARTITIONS, LA_SSTABLE_FORMAT, LWT, MATERIALIZED_VIEWS, MC_SSTABLE_FORMAT, MD_SSTABLE_FORMAT, NONFROZEN_UDTS, PER_TABLE_CACHING, PER_TABLE_PARTITIONERS, RANGE_TOMBSTONES, ROLES, ROW_LEVEL_REPAIR, SCHEMA_TABLES_V3, STREAM_WITH_RPC_STREAM, TRUNCATION_TABLE, UNBOUNDED_RANGE_TOMBSTONES, VIEW_VIRTUAL_COLUMNS, WRITE_FAILURE_REPLY, XXHASH}, Remote common_features = {}
2021-09-28T17:53:38.798846766Z  INFO  2021-09-28 17:53:38,798 [shard 0] storage_service - Restarting a node in NORMAL status
2021-09-28T17:53:38.829082241Z  INFO  2021-09-28 17:53:38,828 [shard 0] schema_tables - Schema version changed to 3ed0da5a-9378-3867-8692-45463e52d017
2021-09-28T17:53:38.829511957Z  INFO  2021-09-28 17:53:38,828 [shard 0] storage_service - Starting up server gossip
2021-09-28T17:53:39.419478954Z  INFO  2021-09-28 17:53:39,418 [shard 1] compaction - [Compact system.truncated 02f7b490-2085-11ec-8160-000000000001] Compacting [/var/lib/scylla/data/system/truncated-38c19fd0fb863310a4b70d0cc66628aa/md-967-big-Data.db:level=0, /var/lib/scylla/data/system/truncated-38c19fd0fb863310a4b70d0cc66628aa/md-961-big-Data.db:level=0, ]
2021-09-28T17:53:40.254789019Z  INFO  2021-09-28 17:53:40,253 [shard 0] compaction - [Compact system.peers 037744d0-2085-11ec-9b30-000000000000] Compacting [/var/lib/scylla/data/system/peers-37f71aca7dc2383ba70672528af04d4f/md-480-big-Data.db:level=0, /var/lib/scylla/data/system/peers-37f71aca7dc2383ba70672528af04d4f/md-478-big-Data.db:level=0, ]
2021-09-28T17:53:40.254822843Z  INFO  2021-09-28 17:53:40,254 [shard 0] compaction - [Compact system.compaction_history 03776be0-2085-11ec-9b30-000000000000] Compacting [/var/lib/scylla/data/system/compaction_history-b4dbb7b4dc493fb5b3bfce6e434832ca/md-474-big-Data.db:level=0, /var/lib/scylla/data/system/compaction_history-b4dbb7b4dc493fb5b3bfce6e434832ca/md-472-big-Data.db:level=0, ]
2021-09-28T17:53:40.763359023Z  INFO  2021-09-28 17:53:40,762 [shard 1] compaction - [Compact system_distributed.cdc_generation_timestamps 025f6c30-2085-11ec-8160-000000000001] Compacted 2 sstables to [/var/lib/scylla/data/system_distributed/cdc_generation_timestamps-fdf455c4cfec3e009719d7a45436c89d/md-437-big-Data.db:level=0, ]. 10kB to 5kB (~51% of original) in 998ms = 5kB/s. ~256 total partitions merged to 1.
2021-09-28T17:53:41.931643586Z  INFO  2021-09-28 17:53:41,930 [shard 1] compaction - [Compact system_schema.indexes 047728a0-2085-11ec-8160-000000000001] Compacting [/var/lib/scylla/data/system_schema/indexes-0feb57ac311f382fba6d9024d305702f/md-473-big-Data.db:level=0, /var/lib/scylla/data/system_schema/indexes-0feb57ac311f382fba6d9024d305702f/md-471-big-Data.db:level=0, ]
2021-09-28T17:53:42.129846898Z  INFO  2021-09-28 17:53:42,128 [shard 0] compaction - [Compact system.truncated 025f4520-2085-11ec-9b30-000000000000] Compacted 2 sstables to [/var/lib/scylla/data/system/truncated-38c19fd0fb863310a4b70d0cc66628aa/md-968-big-Data.db:level=0, ]. 82kB to 76kB (~93% of original) in 1835ms = 41kB/s. ~256 total partitions merged to 2.
2021-09-28T17:53:42.130438282Z  INFO  2021-09-28 17:53:42,128 [shard 0] compaction - [Compact system.peers 037744d0-2085-11ec-9b30-000000000000] Compacted 2 sstables to []. 11kB to 0 bytes (~0% of original) in 0ms = 0 bytes/s. ~256 total partitions merged to 0.
2021-09-28T17:53:42.635865133Z  INFO  2021-09-28 17:53:42,635 [shard 1] compaction - [Compact system.truncated 02f7b490-2085-11ec-8160-000000000001] Compacted 2 sstables to [/var/lib/scylla/data/system/truncated-38c19fd0fb863310a4b70d0cc66628aa/md-969-big-Data.db:level=0, ]. 148kB to 74kB (~50% of original) in 2511ms = 29kB/s. ~256 total partitions merged to 6.
2021-09-28T17:53:42.844304187Z  INFO  2021-09-28 17:53:42,843 [shard 0] compaction - [Compact system.local 050278b0-2085-11ec-9b30-000000000000] Compacting [/var/lib/scylla/data/system/local-7ad54392bcdd35a684174e047860b377/md-992-big-Data.db:level=0, /var/lib/scylla/data/system/local-7ad54392bcdd35a684174e047860b377/md-990-big-Data.db:level=0, ]
2021-09-28T17:53:43.463685429Z  INFO  2021-09-28 17:53:43,462 [shard 1] compaction - [Compact system_schema.functions 0560ec60-2085-11ec-8160-000000000001] Compacting [/var/lib/scylla/data/system_schema/functions-96489b7980be3e14a70166a0b9159450/md-421-big-Data.db:level=0, /var/lib/scylla/data/system_schema/functions-96489b7980be3e14a70166a0b9159450/md-419-big-Data.db:level=0, ]
2021-09-28T17:53:43.678111650Z  INFO  2021-09-28 17:53:43,677 [shard 0] compaction - [Compact system.compaction_history 03776be0-2085-11ec-9b30-000000000000] Compacted 2 sstables to [/var/lib/scylla/data/system/compaction_history-b4dbb7b4dc493fb5b3bfce6e434832ca/md-480-big-Data.db:level=0, ]. 181kB to 99kB (~54% of original) in 2589ms = 38kB/s. ~256 total partitions merged to 52.
2021-09-28T17:53:44.191428277Z  INFO  2021-09-28 17:53:44,190 [shard 1] compaction - [Compact system_schema.indexes 047728a0-2085-11ec-8160-000000000001] Compacted 2 sstables to [/var/lib/scylla/data/system_schema/indexes-0feb57ac311f382fba6d9024d305702f/md-475-big-Data.db:level=0, ]. 85kB to 46kB (~54% of original) in 1532ms = 30kB/s. ~256 total partitions merged to 3.
2021-09-28T17:53:44.833088719Z  INFO  2021-09-28 17:53:44,832 [shard 0] compaction - [Compact system.local 050278b0-2085-11ec-9b30-000000000000] Compacted 2 sstables to [/var/lib/scylla/data/system/local-7ad54392bcdd35a684174e047860b377/md-994-big-Data.db:level=0, ]. 19kB to 12kB (~64% of original) in 1572ms = 7kB/s. ~256 total partitions merged to 1.
2021-09-28T17:53:44.944994841Z  INFO  2021-09-28 17:53:44,944 [shard 1] compaction - [Compact system_schema.types 06430f00-2085-11ec-8160-000000000001] Compacting [/var/lib/scylla/data/system_schema/types-5a8b1ca866023f77a0459273d308917a/md-421-big-Data.db:level=0, /var/lib/scylla/data/system_schema/types-5a8b1ca866023f77a0459273d308917a/md-419-big-Data.db:level=0, ]
2021-09-28T17:53:45.673962529Z  INFO  2021-09-28 17:53:45,673 [shard 1] compaction - [Compact system_schema.functions 0560ec60-2085-11ec-8160-000000000001] Compacted 2 sstables to [/var/lib/scylla/data/system_schema/functions-96489b7980be3e14a70166a0b9159450/md-423-big-Data.db:level=0, ]. 79kB to 39kB (~50% of original) in 1482ms = 26kB/s. ~256 total partitions merged to 2.
2021-09-28T17:53:46.304934387Z  INFO  2021-09-28 17:53:46,304 [shard 1] compaction - [Compact system_schema.triggers 07129400-2085-11ec-8160-000000000001] Compacting [/var/lib/scylla/data/system_schema/triggers-4df70b666b05325195a132b54005fd48/md-423-big-Data.db:level=0, /var/lib/scylla/data/system_schema/triggers-4df70b666b05325195a132b54005fd48/md-421-big-Data.db:level=0, ]
2021-09-28T17:53:46.940835160Z  INFO  2021-09-28 17:53:46,939 [shard 1] compaction - [Compact system_schema.types 06430f00-2085-11ec-8160-000000000001] Compacted 2 sstables to [/var/lib/scylla/data/system_schema/types-5a8b1ca866023f77a0459273d308917a/md-423-big-Data.db:level=0, ]. 78kB to 39kB (~50% of original) in 1358ms = 29kB/s. ~256 total partitions merged to 2.
2021-09-28T17:53:47.570656377Z  INFO  2021-09-28 17:53:47,569 [shard 1] compaction - [Compact system_schema.dropped_columns 07d39a10-2085-11ec-8160-000000000001] Compacting [/var/lib/scylla/data/system_schema/dropped_columns-5e7583b5f3f43af19a39b7e1d6f5f11f/md-471-big-Data.db:level=0, /var/lib/scylla/data/system_schema/dropped_columns-5e7583b5f3f43af19a39b7e1d6f5f11f/md-469-big-Data.db:level=0, ]
2021-09-28T17:53:48.197801477Z  INFO  2021-09-28 17:53:48,196 [shard 1] compaction - [Compact system_schema.triggers 07129400-2085-11ec-8160-000000000001] Compacted 2 sstables to [/var/lib/scylla/data/system_schema/triggers-4df70b666b05325195a132b54005fd48/md-425-big-Data.db:level=0, ]. 78kB to 39kB (~50% of original) in 1265ms = 31kB/s. ~256 total partitions merged to 2.
2021-09-28T17:53:48.854732942Z  INFO  2021-09-28 17:53:48,851 [shard 1] compaction - [Compact system_schema.view_virtual_columns 08973830-2085-11ec-8160-000000000001] Compacting [/var/lib/scylla/data/system_schema/view_virtual_columns-08843b6345dc3be29798a0418295cfaa/md-441-big-Data.db:level=0, /var/lib/scylla/data/system_schema/view_virtual_columns-08843b6345dc3be29798a0418295cfaa/md-439-big-Data.db:level=0, ]
2021-09-28T17:53:49.449073810Z  INFO  2021-09-28 17:53:49,447 [shard 1] compaction - [Compact system_schema.dropped_columns 07d39a10-2085-11ec-8160-000000000001] Compacted 2 sstables to [/var/lib/scylla/data/system_schema/dropped_columns-5e7583b5f3f43af19a39b7e1d6f5f11f/md-473-big-Data.db:level=0, ]. 78kB to 39kB (~50% of original) in 1281ms = 30kB/s. ~256 total partitions merged to 2.
2021-09-28T17:53:50.126496367Z  INFO  2021-09-28 17:53:50,125 [shard 1] compaction - [Compact system_schema.aggregates 09599dd0-2085-11ec-8160-000000000001] Compacting [/var/lib/scylla/data/system_schema/aggregates-924c55872e3a345bb10c12f37c1ba895/md-421-big-Data.db:level=0, /var/lib/scylla/data/system_schema/aggregates-924c55872e3a345bb10c12f37c1ba895/md-419-big-Data.db:level=0, ]
2021-09-28T17:53:50.628919889Z  INFO  2021-09-28 17:53:50,627 [shard 1] compaction - [Compact system_schema.view_virtual_columns 08973830-2085-11ec-8160-000000000001] Compacted 2 sstables to [/var/lib/scylla/data/system_schema/view_virtual_columns-08843b6345dc3be29798a0418295cfaa/md-443-big-Data.db:level=0, ]. 85kB to 46kB (~54% of original) in 1273ms = 36kB/s. ~256 total partitions merged to 3.
2021-09-28T17:53:51.317023243Z  INFO  2021-09-28 17:53:51,316 [shard 1] compaction - [Compact system_schema.columns 0a0f5940-2085-11ec-8160-000000000001] Compacting [/var/lib/scylla/data/system_schema/columns-24101c25a2ae3af787c1b40ee1aca33f/md-467-big-Data.db:level=0, /var/lib/scylla/data/system_schema/columns-24101c25a2ae3af787c1b40ee1aca33f/md-465-big-Data.db:level=0, ]
2021-09-28T17:53:51.843855160Z  INFO  2021-09-28 17:53:51,843 [shard 1] compaction - [Compact system_schema.aggregates 09599dd0-2085-11ec-8160-000000000001] Compacted 2 sstables to [/var/lib/scylla/data/system_schema/aggregates-924c55872e3a345bb10c12f37c1ba895/md-423-big-Data.db:level=0, ]. 78kB to 39kB (~50% of original) in 1190ms = 33kB/s. ~256 total partitions merged to 2.
2021-09-28T17:53:52.523971680Z  INFO  2021-09-28 17:53:52,523 [shard 1] compaction - [Compact system_schema.tables 0ac785b0-2085-11ec-8160-000000000001] Compacting [/var/lib/scylla/data/system_schema/tables-afddfb9dbc1e30688056eed6c302ba09/md-467-big-Data.db:level=0, /var/lib/scylla/data/system_schema/tables-afddfb9dbc1e30688056eed6c302ba09/md-465-big-Data.db:level=0, ]
2021-09-28T17:53:53.044113782Z  INFO  2021-09-28 17:53:53,043 [shard 1] compaction - [Compact system_schema.columns 0a0f5940-2085-11ec-8160-000000000001] Compacted 2 sstables to [/var/lib/scylla/data/system_schema/columns-24101c25a2ae3af787c1b40ee1aca33f/md-469-big-Data.db:level=0, ]. 119kB to 73kB (~61% of original) in 1207ms = 60kB/s. ~256 total partitions merged to 6.
2021-09-28T17:53:53.798353966Z  INFO  2021-09-28 17:53:53,797 [shard 1] compaction - [Compact system_schema.scylla_tables 0b89eb50-2085-11ec-8160-000000000001] Compacting [/var/lib/scylla/data/system_schema/scylla_tables-5d912ff1f7593665b2c88042ab5103dd/md-463-big-Data.db:level=0, /var/lib/scylla/data/system_schema/scylla_tables-5d912ff1f7593665b2c88042ab5103dd/md-461-big-Data.db:level=0, ]
2021-09-28T17:53:54.133565340Z  INFO  2021-09-28 17:53:54,131 [shard 0] gossip - No gossip backlog; proceeding
2021-09-28T17:53:54.133622454Z  INFO  2021-09-28 17:53:54,132 [shard 0] features - Feature CDC is enabled
2021-09-28T17:53:54.133641654Z  INFO  2021-09-28 17:53:54,132 [shard 0] features - Feature COMPUTED_COLUMNS is enabled
2021-09-28T17:53:54.133657147Z  INFO  2021-09-28 17:53:54,132 [shard 0] features - Feature CORRECT_IDX_TOKEN_IN_SECONDARY_INDEX is enabled
2021-09-28T17:53:54.133672329Z  INFO  2021-09-28 17:53:54,132 [shard 0] features - Feature CORRECT_STATIC_COMPACT_IN_MC is enabled
2021-09-28T17:53:54.133687252Z  INFO  2021-09-28 17:53:54,132 [shard 0] features - Feature DIGEST_FOR_NULL_VALUES is enabled
2021-09-28T17:53:54.133702309Z  INFO  2021-09-28 17:53:54,132 [shard 0] features - Feature DIGEST_INSENSITIVE_TO_EXPIRY is enabled
2021-09-28T17:53:54.133717043Z  INFO  2021-09-28 17:53:54,132 [shard 0] features - Feature HINTED_HANDOFF_SEPARATE_CONNECTION is enabled
2021-09-28T17:53:54.133732283Z  INFO  2021-09-28 17:53:54,132 [shard 0] features - Feature LWT is enabled
2021-09-28T17:53:54.133747152Z  INFO  2021-09-28 17:53:54,132 [shard 0] features - Feature MC_SSTABLE_FORMAT is enabled
2021-09-28T17:53:54.134290760Z  INFO  2021-09-28 17:53:54,132 [shard 0] features - Feature MD_SSTABLE_FORMAT is enabled
2021-09-28T17:53:54.134311315Z  INFO  2021-09-28 17:53:54,132 [shard 0] features - Feature NONFROZEN_UDTS is enabled
2021-09-28T17:53:54.134326270Z  INFO  2021-09-28 17:53:54,132 [shard 0] features - Feature PER_TABLE_CACHING is enabled
2021-09-28T17:53:54.134341421Z  INFO  2021-09-28 17:53:54,132 [shard 0] features - Feature PER_TABLE_PARTITIONERS is enabled
2021-09-28T17:53:54.134356171Z  INFO  2021-09-28 17:53:54,132 [shard 0] features - Feature ROW_LEVEL_REPAIR is enabled
2021-09-28T17:53:54.134370853Z  INFO  2021-09-28 17:53:54,132 [shard 0] features - Feature TRUNCATION_TABLE is enabled
2021-09-28T17:53:54.134385594Z  INFO  2021-09-28 17:53:54,132 [shard 0] features - Feature UNBOUNDED_RANGE_TOMBSTONES is enabled
2021-09-28T17:53:54.134400554Z  INFO  2021-09-28 17:53:54,132 [shard 0] features - Feature VIEW_VIRTUAL_COLUMNS is enabled
2021-09-28T17:53:54.134418204Z  INFO  2021-09-28 17:53:54,133 [shard 0] init - starting system distributed keyspace
2021-09-28T17:53:54.137379067Z  INFO  2021-09-28 17:53:54,136 [shard 0] storage_service - Using saved tokens {9124010895326915551, 8742018973670033125, 8598555156506068168, 859331192677595355, 8489633851918218972, 8404544377773987620, 8334052099869822074, 8027070951690535512, 7653411651769364763, 7643300886773448726, 745698443895614697, 733608372829560431, 6892720454935362021, 6800940363671872258, 6752736840498222835, 7558570794682543277, 6626855036896651415, 6558953552931646742, 654811730000643782, 6453507488197093240, 6418881467918362121, 6257350538314658651, 8694185385366952453, 6236544808742060204, 6205996696401286952, 6181536116480005250, 6173890748576798510, 6168788704115239078, 914767106532303288, 6990363615428460803, 6234359937486042650, 6135487156888480192, 8298670917499244446, 7962637687399845676, 5859809433466828295, 572381649550060741, 5717521671303527835, 6767513432483647708, 5669133658513444829, 5648065983278090801, 5139558912890970065, 490292763971450340, 5088559784364939447, 4887879388920547181, 4864473040594215386, 4821401626888467395, 4584677418481153049, 4568560376040385623, 4425517595667769005, 4212229064000506688, 417323891907213555, 4105567803922032311, 846328848386553100, 4097056052731017739, 4037011506266365719, 397816311326034467, 8807705278705127055, 3960263499412211951, 3895103703505731808, 5319761317396931638, 360597321690183586, 6977453291531829598, 3469791365465559235, 3450799468463193555, 3341791787112106987, 321719263399246289, 495119623429944640, 3188441281592026984, 3132582716025630056, 2897978825010732891, 2798599672396321233, 6722262565665525082, 3655246620504891712, 2727978900950034079, 2523679024489419468, 2246314149549274080, 2111447425244342721, 4342425971260087537, 2072681479362054742, 1722652131956917119, 1596795172788069650, 3258336554370208112, 1484250105068094827, 322919980295096232, 147185272239349262, 1582292604007964836, -1043366625644573502, 6202054439624443736, -7036530416959591692, 7059986144911608666, 1308325171422204311, -5106332339199757418, -4983430690696996654, -129692242505474142, -4408832913021959392, -4201351102319936633, 8226105573655162691, 1143169181596101602, -373464609677467774, 6499637180920648380, -3688252115466414768, -4685245633506220935, -3393731484328842231, 146326482513143238, -3354377357399948017, -7520504150110066280, 4013620692958310926, 120285327225849529, -5319770427093584367, -3344645134456416355, 7542140524268185824, -1567986029003951429, -6225982984898210797, 3616787878857439901, -1134847260854861521, -1385815719507756604, -7216500369574002380, -2540342459765209305, -3153428036916311114, -1315427923943130867, 6735115869130128231, -8804109413751117454, 5380300166925886998, -3994233554939769446, -2049052420205957973, -6823521889286394233, 7773354257250251508, -813663158863688605, -2813588493261245387, -4306289609617407685, -8554421498880928036, 6625124512311491877, -1193453720756075343, -7344961469397326117, 40988359741359328, 3538701036468284236, -4959270447304085620, -6649264423169845010, -164488752845185737, -4809655207434651910, 852064759819355889, 655765621784410911, -2265394845695119219, -1633283144679415010, -2905038631817617159, -1338175487850463146, -5604344254894844223, 1342637340952214033, -3063809950324015361, 3620475942448129254, -6701628281791339799, -1015966201355467601, -1010385350192890483, -5464692903875327262, -5350408053695756824, -3909145060055744662, 8110921354580809535, -1828720553060017001, -9039692023802518881, 8906477330793941548, -1950771572338293141, -578007903166946288, -2835283049648902775, -5969076120552281390, -4980038973578836295, -2956647759994856492, -3121440497971800186, -2451287035471636788, -8397239023617269085, -3907411391529938738, -6060412664924674468, 1201018447870040377, 744455255883305773, 6091158824052509989, -4647456536187559461, -2492321414000069004, -8249536583876427841, 7286508860723851824, -414762654016518424, -5783334032467426709, 6421278078424044569, 441269054539754827, -6608800837376867894, 5791636627852090243, -4351372151055006459, -5864482138900019193, 5601743073496261086, 4770910060094536939, 1232477482658016681, -5948334266233173781, -6086128074458237613, -8638832556157001740, -6113382913249116479, 3618586283784401510, -6122783330192656017, 5382626567051759064, 3269933335992189660, 3265637793915806608, -1668747907767623398, -6127999924475878922, -7206262277128710714, -6146258828033574412, 890221936568177916, 1221044349160589157, -6379743443959801206, -3354462196552861041, -6677370219752794615, -629668751745095673, 4544273533200769333, 2099953764446630586, -64824586118135566, 581574656604815021, -1515669477669935777, -3109764140720549529, -8111279514706125590, -6765501084971270724, -7123469322789065192, 8256443830104168330, -7192042733875824935, -3386880163308184471, -7555616751041454945, 8338973462233251092, -3831510983777130411, -809362909466312577, -812118401657732185, -813144382884222877, -6165495426270074889, -8608419165109646990, -8763577584688728098, 9100267743767020695, 1449039208745937834, -8790517587028177640, -753170663132011250, -8817723952438831390, -74586706562973894, -291383833060567901, -2351081202557792362, -8891768586937559860, 1851372445822437027, -915977517244945982, 2745557699704249475, -9170788929174515177, 2201664116850426765, 1065409362723446036, 7226815385485772597, -933992305836130344, 7986798416127859088, -6861762339660299047, -8421468042859687897, 1060714984715414565, 1108113371314175716, 1120943934896482048, -8578170098649472153, 118542843210684040, 3064484626246652780, 1415645789302299155}
2021-09-28T17:53:54.150899034Z  INFO  2021-09-28 17:53:54,150 [shard 0] schema_tables - Schema version changed to 3ed0da5a-9378-3867-8692-45463e52d017
2021-09-28T17:53:54.166888173Z  INFO  2021-09-28 17:53:54,166 [shard 0] schema_tables - Schema version changed to 710b5af1-be2e-3479-9577-6140351ae31e
2021-09-28T17:53:54.179666999Z  INFO  2021-09-28 17:53:54,179 [shard 0] schema_tables - Schema version changed to 710b5af1-be2e-3479-9577-6140351ae31e
2021-09-28T17:53:54.192042732Z  INFO  2021-09-28 17:53:54,191 [shard 0] schema_tables - Schema version changed to 710b5af1-be2e-3479-9577-6140351ae31e
2021-09-28T17:53:54.261608396Z  INFO  2021-09-28 17:53:54,261 [shard 1] compaction - [Compact system_schema.tables 0ac785b0-2085-11ec-8160-000000000001] Compacted 2 sstables to [/var/lib/scylla/data/system_schema/tables-afddfb9dbc1e30688056eed6c302ba09/md-469-big-Data.db:level=0, ]. 113kB to 69kB (~61% of original) in 1272ms = 54kB/s. ~256 total partitions merged to 6.
2021-09-28T17:53:55.097328772Z  INFO  2021-09-28 17:53:55,096 [shard 1] compaction - [Compact system_schema.views 0c502180-2085-11ec-8160-000000000001] Compacting [/var/lib/scylla/data/system_schema/views-9786ac1cdd583201a7cdad556410c985/md-429-big-Data.db:level=0, /var/lib/scylla/data/system_schema/views-9786ac1cdd583201a7cdad556410c985/md-427-big-Data.db:level=0, ]
2021-09-28T17:53:55.356312658Z  INFO  2021-09-28 17:53:55,354 [shard 0] compaction - [Compact system.cdc_local 0c777fa0-2085-11ec-9b30-000000000000] Compacting [/var/lib/scylla/data/system/cdc_local-0bcaffd40c833eadad13dc1d5015b77c/md-502-big-Data.db:level=0, /var/lib/scylla/data/system/cdc_local-0bcaffd40c833eadad13dc1d5015b77c/md-500-big-Data.db:level=0, ]
2021-09-28T17:53:56.094473763Z  INFO  2021-09-28 17:53:56,093 [shard 1] compaction - [Compact system_schema.scylla_tables 0b89eb50-2085-11ec-8160-000000000001] Compacted 2 sstables to [/var/lib/scylla/data/system_schema/scylla_tables-5d912ff1f7593665b2c88042ab5103dd/md-465-big-Data.db:level=0, ]. 81kB to 40kB (~50% of original) in 1299ms = 31kB/s. ~256 total partitions merged to 2.
2021-09-28T17:53:56.808752065Z  INFO  2021-09-28 17:53:56,808 [shard 1] compaction - [Compact system_schema.keyspaces 0d553570-2085-11ec-8160-000000000001] Compacting [/var/lib/scylla/data/system_schema/keyspaces-abac5682dea631c5b535b3d6cffd0fb6/md-457-big-Data.db:level=0, /var/lib/scylla/data/system_schema/keyspaces-abac5682dea631c5b535b3d6cffd0fb6/md-455-big-Data.db:level=0, ]
2021-09-28T17:53:57.160787740Z  INFO  2021-09-28 17:53:57,160 [shard 0] storage_service - Node 10.0.8.11 state jump to normal
2021-09-28T17:53:57.164161382Z  INFO  2021-09-28 17:53:57,163 [shard 0] compaction - [Compact system.local 0d8b87b0-2085-11ec-9b30-000000000000] Compacting [/var/lib/scylla/data/system/local-7ad54392bcdd35a684174e047860b377/md-996-big-Data.db:level=0, /var/lib/scylla/data/system/local-7ad54392bcdd35a684174e047860b377/md-994-big-Data.db:level=0, ]
2021-09-28T17:53:57.167327670Z  INFO  2021-09-28 17:53:57,166 [shard 0] cdc - Generation 2021/03/29 14:13:43: streams description table already updated.
2021-09-28T17:53:57.434685635Z  INFO  2021-09-28 17:53:57,434 [shard 1] compaction - [Compact system_schema.views 0c502180-2085-11ec-8160-000000000001] Compacted 2 sstables to [/var/lib/scylla/data/system_schema/views-9786ac1cdd583201a7cdad556410c985/md-431-big-Data.db:level=0, ]. 88kB to 48kB (~54% of original) in 1711ms = 28kB/s. ~256 total partitions merged to 3.
2021-09-28T17:53:57.587002448Z  INFO  2021-09-28 17:53:57,586 [shard 0] compaction - [Compact system.cdc_local 0c777fa0-2085-11ec-9b30-000000000000] Compacted 2 sstables to [/var/lib/scylla/data/system/cdc_local-0bcaffd40c833eadad13dc1d5015b77c/md-504-big-Data.db:level=0, ]. 68kB to 63kB (~92% of original) in 1806ms = 34kB/s. ~256 total partitions merged to 2.
2021-09-28T17:53:58.421197205Z  INFO  2021-09-28 17:53:58,420 [shard 1] compaction - [Compact system.compaction_history 0e4b5540-2085-11ec-8160-000000000001] Compacting [/var/lib/scylla/data/system/compaction_history-b4dbb7b4dc493fb5b3bfce6e434832ca/md-479-big-Data.db:level=0, /var/lib/scylla/data/system/compaction_history-b4dbb7b4dc493fb5b3bfce6e434832ca/md-477-big-Data.db:level=0, ]
2021-09-28T17:53:58.423065789Z  INFO  2021-09-28 17:53:58,422 [shard 0] storage_service - NORMAL: node is now in normal status
2021-09-28T17:53:58.424013799Z  INFO  2021-09-28 17:53:58,423 [shard 0] cdc - Latest generation seen during startup: 2021/03/29 14:13:43
2021-09-28T17:53:58.426764619Z  INFO  2021-09-28 17:53:58,426 [shard 0] init - starting tracing
2021-09-28T17:53:58.427987573Z  INFO  2021-09-28 17:53:58,427 [shard 0] init - SSTable data integrity checker is disabled.
2021-09-28T17:53:58.428570316Z  INFO  2021-09-28 17:53:58,428 [shard 0] init - starting auth service
2021-09-28T17:53:58.430213864Z  INFO  2021-09-28 17:53:58,429 [shard 0] init - starting batchlog manager
2021-09-28T17:53:58.430832911Z  INFO  2021-09-28 17:53:58,430 [shard 0] init - starting load meter
2021-09-28T17:53:58.431381539Z  INFO  2021-09-28 17:53:58,431 [shard 0] init - starting cf cache hit rate calculator
2021-09-28T17:53:58.432012978Z  INFO  2021-09-28 17:53:58,431 [shard 0] init - starting view update backlog broker
2021-09-28T17:53:58.432827402Z  INFO  2021-09-28 17:53:58,432 [shard 0] init - Waiting for gossip to settle before accepting client requests...
2021-09-28T17:53:58.548536526Z  INFO  2021-09-28 17:53:58,547 [shard 0] compaction - [Compact system.local 0d8b87b0-2085-11ec-9b30-000000000000] Compacted 2 sstables to [/var/lib/scylla/data/system/local-7ad54392bcdd35a684174e047860b377/md-998-big-Data.db:level=0, ]. 18kB to 12kB (~66% of original) in 1150ms = 10kB/s. ~256 total partitions merged to 1.
2021-09-28T17:53:58.680348824Z  INFO  2021-09-28 17:53:58,679 [shard 1] compaction - [Compact system_schema.keyspaces 0d553570-2085-11ec-8160-000000000001] Compacted 2 sstables to [/var/lib/scylla/data/system_schema/keyspaces-abac5682dea631c5b535b3d6cffd0fb6/md-459-big-Data.db:level=0, ]. 100kB to 61kB (~61% of original) in 1611ms = 38kB/s. ~256 total partitions merged to 6.
2021-09-28T17:53:59.080650513Z  INFO  2021-09-28 17:53:59,079 [shard 1] compaction - [Compact system.compaction_history 0e4b5540-2085-11ec-8160-000000000001] Compacted 2 sstables to [/var/lib/scylla/data/system/compaction_history-b4dbb7b4dc493fb5b3bfce6e434832ca/md-481-big-Data.db:level=0, ]. 159kB to 100kB (~63% of original) in 569ms = 177kB/s. ~256 total partitions merged to 67.
2021-09-28T17:54:10.434499900Z  INFO  2021-09-28 17:54:10,433 [shard 0] gossip - No gossip backlog; proceeding
2021-09-28T17:54:10.435466108Z  INFO  2021-09-28 17:54:10,434 [shard 0] init - allow replaying hints
2021-09-28T17:54:10.435521604Z  INFO  2021-09-28 17:54:10,434 [shard 0] init - Launching generate_mv_updates for non system tables
2021-09-28T17:54:10.436305981Z  INFO  2021-09-28 17:54:10,435 [shard 0] init - starting the view builder
2021-09-28T17:54:10.791188034Z  INFO  2021-09-28 17:54:10,790 [shard 0] compaction - [Compact system.truncated 15aad860-2085-11ec-9b30-000000000000] Compacting [/var/lib/scylla/data/system/truncated-38c19fd0fb863310a4b70d0cc66628aa/md-970-big-Data.db:level=0, /var/lib/scylla/data/system/truncated-38c19fd0fb863310a4b70d0cc66628aa/md-968-big-Data.db:level=0, ]
2021-09-28T17:54:10.792030483Z  INFO  2021-09-28 17:54:10,790 [shard 0] init - starting native transport
2021-09-28T17:54:10.793411178Z  INFO  2021-09-28 17:54:10,792 [shard 0] cql_server_controller - Starting listening for CQL clients on 10.0.8.11:9042 (unencrypted, non-shard-aware)
2021-09-28T17:54:10.793445180Z  INFO  2021-09-28 17:54:10,792 [shard 0] cql_server_controller - Starting listening for CQL clients on 10.0.8.11:19042 (unencrypted, shard-aware)
2021-09-28T17:54:10.794396058Z  INFO  2021-09-28 17:54:10,793 [shard 0] thrift_controller - Thrift server listening on 10.0.8.11:9160 ...
2021-09-28T17:54:10.795004705Z  INFO  2021-09-28 17:54:10,794 [shard 0] init - serving
2021-09-28T17:54:10.795024988Z  INFO  2021-09-28 17:54:10,794 [shard 0] init - Scylla version 4.4.4-0.20210801.69daa9fd0 initialization completed.
2021-09-28T17:54:11.254348630Z  INFO  2021-09-28 17:54:11,253 [shard 0] compaction - [Compact system.truncated 15aad860-2085-11ec-9b30-000000000000] Compacted 2 sstables to [/var/lib/scylla/data/system/truncated-38c19fd0fb863310a4b70d0cc66628aa/md-972-big-Data.db:level=0, ]. 82kB to 76kB (~93% of original) in 341ms = 225kB/s. ~256 total partitions merged to 2.
2021-09-28T17:54:41.748160992Z  INFO  2021-09-28 17:54:41,747 [shard 0] compaction - [Compact system.clients 281e8230-2085-11ec-9b30-000000000000] Compacting [/var/lib/scylla/data/system/clients-ca0f635d863036098d93a1fc06f2a5e5/md-4-big-Data.db:level=0, /var/lib/scylla/data/system/clients-ca0f635d863036098d93a1fc06f2a5e5/md-2-big-Data.db:level=0, ]
2021-09-28T17:54:42.356178114Z  INFO  2021-09-28 17:54:42,355 [shard 0] compaction - [Compact system.clients 281e8230-2085-11ec-9b30-000000000000] Compacted 2 sstables to [/var/lib/scylla/data/system/clients-ca0f635d863036098d93a1fc06f2a5e5/md-6-big-Data.db:level=0, ]. 90kB to 8kB (~9% of original) in 473ms = 17kB/s. ~256 total partitions merged to 1.
2021-09-28T17:54:43.812642066Z  INFO  2021-09-28 17:54:43,812 [shard 0] compaction - [Compact system.clients 29599a40-2085-11ec-9b30-000000000000] Compacting [/var/lib/scylla/data/system/clients-ca0f635d863036098d93a1fc06f2a5e5/md-6-big-Data.db:level=0, /var/lib/scylla/data/system/clients-ca0f635d863036098d93a1fc06f2a5e5/md-8-big-Data.db:level=0, ]
2021-09-28T17:54:44.385679812Z  INFO  2021-09-28 17:54:44,384 [shard 0] compaction - [Compact system.clients 29599a40-2085-11ec-9b30-000000000000] Compacted 2 sstables to [/var/lib/scylla/data/system/clients-ca0f635d863036098d93a1fc06f2a5e5/md-10-big-Data.db:level=0, ]. 53kB to 9kB (~17% of original) in 403ms = 22kB/s. ~256 total partitions merged to 1.
2021-09-28T17:54:45.876932910Z  INFO  2021-09-28 17:54:45,876 [shard 0] compaction - [Compact system.clients 2a948b40-2085-11ec-9b30-000000000000] Compacting [/var/lib/scylla/data/system/clients-ca0f635d863036098d93a1fc06f2a5e5/md-10-big-Data.db:level=0, /var/lib/scylla/data/system/clients-ca0f635d863036098d93a1fc06f2a5e5/md-12-big-Data.db:level=0, ]
2021-09-28T17:54:46.396881773Z  INFO  2021-09-28 17:54:46,396 [shard 0] compaction - [Compact system.clients 2a948b40-2085-11ec-9b30-000000000000] Compacted 2 sstables to [/var/lib/scylla/data/system/clients-ca0f635d863036098d93a1fc06f2a5e5/md-14-big-Data.db:level=0, ]. 53kB to 9kB (~18% of original) in 393ms = 24kB/s. ~256 total partitions merged to 1.
2021-09-28T17:54:47.892029269Z  INFO  2021-09-28 17:54:47,891 [shard 0] compaction - [Compact system.clients 2bc80230-2085-11ec-9b30-000000000000] Compacting [/var/lib/scylla/data/system/clients-ca0f635d863036098d93a1fc06f2a5e5/md-14-big-Data.db:level=0, /var/lib/scylla/data/system/clients-ca0f635d863036098d93a1fc06f2a5e5/md-16-big-Data.db:level=0, ]
2021-09-28T17:54:48.530754936Z  INFO  2021-09-28 17:54:48,529 [shard 0] compaction - [Compact system.clients 2bc80230-2085-11ec-9b30-000000000000] Compacted 2 sstables to [/var/lib/scylla/data/system/clients-ca0f635d863036098d93a1fc06f2a5e5/md-18-big-Data.db:level=0, ]. 54kB to 10kB (~18% of original) in 519ms = 19kB/s. ~256 total partitions merged to 1.
2021-09-28T17:54:50.043634728Z  INFO  2021-09-28 17:54:50,043 [shard 0] compaction - [Compact system.clients 2d1060b0-2085-11ec-9b30-000000000000] Compacting [/var/lib/scylla/data/system/clients-ca0f635d863036098d93a1fc06f2a5e5/md-18-big-Data.db:level=0, /var/lib/scylla/data/system/clients-ca0f635d863036098d93a1fc06f2a5e5/md-20-big-Data.db:level=0, ]
2021-09-28T17:54:50.562698247Z  INFO  2021-09-28 17:54:50,562 [shard 0] compaction - [Compact system.clients 2d1060b0-2085-11ec-9b30-000000000000] Compacted 2 sstables to [/var/lib/scylla/data/system/clients-ca0f635d863036098d93a1fc06f2a5e5/md-22-big-Data.db:level=0, ]. 55kB to 6kB (~11% of original) in 411ms = 15kB/s. ~256 total partitions merged to 1.
