2021-09-28T17:54:36.508141194Z 0 ihG2U7TZfZuFkX5q33WCZBRyL148GNuLLve5WMViHMsyEGB7UfD03YNSI2AAab
2021-09-28T17:54:36.510604313Z 1 4DtereELDA0iCuCJUc8xV0QbHoJ1X2Lqph6yUGqR9Cfh8lzSd75soaPGONZil3
2021-09-28T17:54:36.512951848Z 2 qckfOplK4qdisPlCIV8eSGvaPxTBCJHQMuLwU6uanNI4c2E0fNMeixZNUB1eBO
2021-09-28T17:54:36.515897460Z 3 hJSsdzQ0Km7pMjySepB2AvkWbzjbP071w7Sxx11TOGEzXgmB2vw5EL6ugdZkvg
2021-09-28T17:54:36.519879444Z 4 XsVnAfzvWhwId5uX5vt9QwepweALqWm7rmKalgtEkuRm4EYGmpmsxdSSaXcxkh
2021-09-28T17:54:36.521504013Z 5 YnnQUhMPdwwUXZzxcrfO9ot3a6D0Y5JzDTy6DXq7OKB478Xz9qdVDSah8tSGLq
2021-09-28T17:54:36.523469596Z 6 Ut2xBhRsTc8wh5heg0Hx53Iki8GEV3Q4FjrKYbhH9tmrde0e9ulWP1HpCP3b9J
2021-09-28T17:54:36.526858497Z 7 geSunMC0YjxK7Qz2ibg7QTgvQJ3pmIxkDziqvZ94L5EzBJfSWuJ7Iifz9ewS1O
2021-09-28T17:54:36.528484457Z 8 i9qXtNJ8779a7BAd1v3kih0vm9Eaph7xcBVudcXmoiNnjLiqq2Oi0b57Sic3iF
2021-09-28T17:54:36.530458627Z 9 8kX6hTR9DrLMiWOnoM4rOoAdSFgkA9YUwS8ZlQm2pkh6Op3j1RQZ9j1x1gHgb7
2021-09-28T17:54:36.532564584Z 10 Xq13Sxy45Tk1sdEOOLBXdCCU9SSb5Y9dLT16oaY8NkiamXUwMYeuF6qyJ4oUZ
2021-09-28T17:54:36.534903548Z 11 cQlyxt5ygH5Jz8UEOZjYTAYsHG9J0u2xXB5tSCji4mTAbhnyjC4pgPhMvflpL
2021-09-28T17:54:36.537110822Z 12 MgF52JhhI39QIIvFJHAKCcP5AaQY67rgP6YrK0auC1WGpcbrFzTVed8TUTLQ7
2021-09-28T17:54:36.539558802Z 13 a9sZU3gT8cDbNnLDFkjINxWXgD9Wh8Md8FEWdHAvmbF6MmNB4bECvmJ8MUJuf
2021-09-28T17:54:36.542362404Z 14 0CAH8ByJD7kx3FN5TipBMvVXck1nzMVojtBqxYD7hjVerzaILxMhel2r8osOu
2021-09-28T17:54:36.544693217Z 15 NbEzLJfYXcEBywu5pOjpRdBhAOdmeJETT4w1CnrKUCZizN6Sm4WyPxqOUs57O
2021-09-28T17:54:36.546560808Z 16 p3BCaGtXFB24fS6IQPwtxoZnTDLIPvsYGWRJS6H8xJGsgql84imNSKOouiHzc
2021-09-28T17:54:36.550020305Z 17 qz7FIesa344RB99hw109PNP8UxMk3wwvAiWjmSHsLC9vj6fEeUyojzSpmd4B9
2021-09-28T17:54:36.552043044Z 18 0gOLfO0y7ttLUCfHTsyMaP2DZ2dsGaFAzMZBKOoOKUtToWRDhBQVpCdA0zj2o
2021-09-28T17:54:36.554178046Z 19 iCCClx9kYRl5UXqZqveqMM5ENbn2XyULiyy2YfQGnrKfjqm63G6lOOXDYp5AM
2021-09-28T17:54:36.555864396Z 20 vBnOK90u0GpWYM73Jg4r4POwSSoRzyvi3a0MpkK3j7rspgl4dtI1SY9KbfzVj
2021-09-28T17:54:36.557796646Z 21 i2tdM5bAUr6tof3UU6qXAa0BKOzwFmAQdRk1bAOxF14mep0b3j4MFgw9nPLJs
2021-09-28T17:54:36.560042841Z 22 qKqHwxOly9gAPRLhlvN1nye7FtnsQDAtNdWFOZsd3Beq9b7UBO6TZD9CWn7p5
2021-09-28T17:54:36.561574630Z 23 Geu1Do41NVQzHuy6ybTu9njDUzZz3dcyl9dl5ql9KXP6fFcL0jXM7hIiVBJV6
2021-09-28T17:54:36.563682823Z 24 dYbHeGNFvw9LLvVuixHo0j49ljPjbfxKYoplrrY4hv4A46FyxcvE59fTx7QQN
2021-09-28T17:54:36.566358940Z 25 IcOYARkGzJ1SZG4ltvJ9piTJKPMyJ7YIJNcJ1PtqEmHNyoQgvteVEmIBOLHIA
2021-09-28T17:54:36.569390196Z 26 PXnOmKjQwkWcwNs3qgC0qqek8RRuwDDy9u0cm6oNkP0S2VBBtzieJ7zxjX5Ht
2021-09-28T17:54:36.571126649Z 27 fN7eB7noNTO2Vp2DxLXTMKbjEfuMF9QuAlPa4ArmBHwJpV0Ne18q3BSofXX6y
2021-09-28T17:54:36.572697669Z 28 skAVdztv2MtPAWuxauh8aUT99t63yg7T0mCceTPpiflQj4BYRkbdR6g8mjJeT
2021-09-28T17:54:36.574826240Z 29 tLooAILLPddPuSeBjubFdsWwZw3ceXoNsDN9yjGdheeVAY7aJsw9pHRpM6VXl
2021-09-28T17:54:36.576500185Z 30 5IP7Y7l6TXxZJaE9v3w8lp0A06C5w0uZmbEF64ON3khrpPfi1rOtN5J0kBWud
2021-09-28T17:54:36.578506054Z 31 XC1S3EniRsPR31N9hx4bhHRNxt77sp90J5UbL7W3N2M2pA20TzAQTbNOwfc6R
2021-09-28T17:54:36.581308326Z 32 uhF2yR2i4PASNiTwB6nfDk2XBrytkqjPJl3HmWJsfzesduAyFNqH1C1iCVHup
2021-09-28T17:54:36.582526298Z 33 HPrDBn2bfNtBdeTGG14QbgYGojQUJkFpmYoUYPDhmC9x3HWvBgMr0sKPnRGXM
2021-09-28T17:54:36.584774239Z 34 EzfCDYrNVJ545uyLzEzeoW77dPDc6imTcUdKKDcRjzdYIjaWWLD5UmaYQVrMm
2021-09-28T17:54:36.587275092Z 35 J1WK5etiD4fSYDAgStuTN5ub6xAsEVpL0qF3U7isNe2sWFZ8WGNXUTojMpQxG
2021-09-28T17:54:36.589420973Z 36 OqNHFh0cIEANw6Als5wmHgsN5VS2v29hBnmgNqUHVHFXa9Zhw9tlugUXHN53j
2021-09-28T17:54:36.591883346Z 37 0DocM7JC3rN11HwmZ3lTcyPmXkQo8rpRNmZhUoeOdyx3OU4wRyz90KAg0Whra
2021-09-28T17:54:36.593997899Z 38 9Mc9JmQKh2kUjryB31gllRmeENVrdq5mGCWhpWB5xkBJIWyuUgH6fkDyuIrqm
2021-09-28T17:54:36.595621338Z 39 3ciK96BGbrnoVe2Zf8Yasc581ym3PwswUfyuN9w0lWpdJ6kFdeVythw4xBOkx
2021-09-28T17:54:36.598173647Z 40 RyO2bg80zqMNaemyAiac02JVcqiE0OoikZIT29WTxKA1L4Uvb3p2Saq9t1LBn
2021-09-28T17:54:36.599500955Z 41 T2CedcAqlhtQP6nmBfi3yCriixbuFJzv4ds6t5tVYphAePrM3q32ch3ySPjTo
2021-09-28T17:54:36.601683099Z 42 eOad7b0iy49FalaG2SLf6O0aGd1B5cNxj1byBVFSlX10TDYlFf63YTGedEv6n
2021-09-28T17:54:36.603546022Z 43 0fc674p31j5pdeI3skm9KDDOJioWfrupIzi1YSw9sgXJPgzS6pxiWxQbRTA7u
2021-09-28T17:54:36.606480214Z 44 1Eu43fBR0hND0TEBbFhZHDnuXfMBIluhzhX7JB282sXfXpp05FnyfnwThZeWD
2021-09-28T17:54:36.607691759Z 45 lNWFCdUP5euxa5ywwEI176Y59tiNJnz1y37yhrBkFu7vM18CTciVX6ExyV7ry
2021-09-28T17:54:36.610331863Z 46 yvUb57kxFZQvOjEGrtNYJb0nCH5200taSsK85ZI5vtdogSZcmiOGFvBODMZBB
2021-09-28T17:54:36.612266320Z 47 MOPTWgD9YWLtz5giZL5Vv6uWbAwPvOohuq9Q75OyfLG3AuYqlCAcrkGWhRNuK
2021-09-28T17:54:36.614569930Z 48 SMdk4Di8qQIwPnM2XWynOW1ljLAzd8sQjndTtkngAgDq8jlm2Q21XpZE8xsVf
2021-09-28T17:54:36.616537133Z 49 xNV2Qb0yLEjiNexNGgO4DyG0luu8jrdgon41aX2RW0XFUmtgfj8sWcv86uWoj
2021-09-28T17:54:36.618950119Z 50 RQpzF3N38ZInANr4TvdaZOc8BsaXGELcWL6tdY2sVGMjfUKI9wCECYwbia3Ri
2021-09-28T17:54:36.620483615Z 51 0loNQGHgjiOYlMwA6L2MULZ8hIzayz1y8I7F7eGlmRlbYWJSogibmpc1cq64G
2021-09-28T17:54:36.622570455Z 52 ekpLJS0XQ25kESzjxZfTofMPCN5gLGCTa9pcpbGkWPsdQvuiCjzkTNCeCze7q
2021-09-28T17:54:36.624857213Z 53 rY38Z269Ar2EGxDqchNqb3gdw0M6QghbTWg8wfpZmJoixVVJtWO1Ox7l0tt0l
2021-09-28T17:54:36.626673916Z 54 rD8twMaVOGylxkFdpp2cfpe4J5UaUPjvHUXcKjrQ4nOOhPC3oUpw3TS4OYMDb
2021-09-28T17:54:36.628729372Z 55 j6o5ggKLkqW1uqmIVIcRh3wMgQBEKF5tCdB7BeDHL9gmL6AX5SN8aiHi6RyDz
2021-09-28T17:54:36.631343436Z 56 qQEaZjVDOlG3sChHYrEhBVZxyksHd0dQOjpOZOA0osxbKVkx1O5niGLZ2esDt
2021-09-28T17:54:36.633587892Z 57 T6c84XYVq0YJ4H8ONi4VFMlwNCZGp2USgUlZhNTJJr3qgg3WWpxV6d6zGjzrW
2021-09-28T17:54:36.636367403Z 58 kKoglfjKPi212iI7zUAOUtPl0pJdvg20TLLGPGO6kPLEG4JYfAMdgKPY93yxl
2021-09-28T17:54:36.639244264Z 59 5iazfGoVVLqRC58ftitGm6vr2PDKAKfjZOnxnLujgDVMMerAmiaWpIyxRFQQu
2021-09-28T17:54:36.641630578Z 60 gg8yGZZHxONgIK4uQZ90usH6tQz78ij0lmRBsqbdRSd2aAaOMBiufO2FrH49g
2021-09-28T17:54:36.643664143Z 61 SeoQyGdwuPWU7ZlPjDKeUZdoHp04rj7ZW87fpIe7K4kLqTryGwQG7DZJ4ZpvE
2021-09-28T17:54:36.646378194Z 62 eC3dQSHuVSMCcIR1DKOcwZIOuxx6tfaTw3UVcJZwdIXnDConP7V4Rq3EoEk7A
2021-09-28T17:54:36.648086232Z 63 IYTeAEE8hFV2Swy3EJ5LVEzvyFZgSCuGenp9jpZ362Ku1d4xC0e9mJLqts5UW
2021-09-28T17:54:36.649481254Z 64 nz5ieeRCjZdfEs0dsqah2OAbpnKCa24QLrdeXSi3KiPMa9uljWPSSdkWGKYfK
2021-09-28T17:54:36.652303225Z 65 47lqxtp1fAdRmJl98HqWJZclCkAZkdCGXXoxO8zG45DvXOM3Jx3EmYSYoDaog
2021-09-28T17:54:36.655678756Z 66 6kRtS9ViFa9GujYknOmxCTYJfK0e509NFEPP5bHK3dTIuYIceb2vupeMercMT
2021-09-28T17:54:36.657505817Z 67 vWsd7q6h6bHA80QuMlE4lVhYhL1PXtoIW0gT4IKRa6f7QKdGWcQzFaBByf5hB
2021-09-28T17:54:36.659519528Z 68 eQSmARA10TTUatjWWP7VMwuAUAv21M6lgWzUDRlEZdmXSByxsXVNCl2od3JJf
2021-09-28T17:54:36.662393076Z 69 FpLIarY5GXivbOg5jQEJE5CSnUHS2nNA36L2te2q00LekvIlnnIZfUh3fK2sw
2021-09-28T17:54:36.665287060Z 70 T9HjfZ0OEsbtKrqlW7c5pxw1ya1TAwLClMmN2kTmiXY7h1iNOnmc2jZNqumDf
2021-09-28T17:54:36.668366918Z 71 7oa2bIlnvElHUdd6buz2r07vMqrQDqNZsVtKM2Gflp7UE72ZY6OuvKIL6wRyd
2021-09-28T17:54:36.669719816Z 72 XDeOaVnt3Yxas0rFCjGNKDJ3erczYJRvkRGkielixhwze2Kdfm3vEfRBk7LK0
2021-09-28T17:54:36.671444641Z 73 Qrfmw6QNmjP1Of5TZq6wJRxzFQdZ7PCjeiZwaQRQM7NRk5eqAb7Wj1yEOn0ki
2021-09-28T17:54:36.673457045Z 74 vxOxKNWiUAm11wo2f7ZVTqWjrxXbKUm46hevOr3YreIOUUNLmuKyVyp8Ejp8h
2021-09-28T17:54:36.676414580Z 75 Q5KAahj3ca4ApcOB0tVbFR8p6gfdYX885H9iOMKi7cQAkZXzeLSeZdozgmn2m
2021-09-28T17:54:36.679418639Z 76 S8jlERvDOWVx6r0CFBJOhd1oKOaIU1xA5FnhRPreEaD8VViVajyfx6DCgTX1K
2021-09-28T17:54:36.682330255Z 77 pQvYc4q9wnSPKqs49ltAgioOCK1RjNcaDq4cxRc0fL9zld49LSr0FGyvNAcnz
2021-09-28T17:54:36.683688724Z 78 eQI2W2kLP8VBUiaUC6Rf1ulEAx5t6JSlbzyA9bboOoL2H92ueM8sAscNWAj60
2021-09-28T17:54:36.685810633Z 79 38bL4ZnmDAOxYm159isAeEBZZpuQhfhShNV3BUjercEXX1fIxbBDTdy5kQ5dt
2021-09-28T17:54:36.687667429Z 80 gde9fArcSmLWnJXPZL4BTdjxNmCYRVsSYTODxlCgM051BozDUBIknDbaZ33c6
2021-09-28T17:54:36.689760730Z 81 QImWpP6qoAWrurjlQ7TwdXEiaclWgQa9nysSPXSYBvpTxHRSQvTruFv36ZlER
2021-09-28T17:54:36.691670856Z 82 r0bZy2VM8nX9s0Sf6TT0DUzcOcrPIYNwldg2HuKcvXjMMyogOlNVeLDO1bqmQ
2021-09-28T17:54:36.693409808Z 83 2IHAz0Kzq3bEtJJbmaMy0fd6h6uEUmKxNEhSGiotWyNp6TGinJ4lc8VutImd9
2021-09-28T17:54:36.696184421Z 84 kHH85eMZBn9zLYW24hAwHp7hBrZtxdjqKLQzMZ3ykH3q0jzcMMX0LpFFJn2e4
2021-09-28T17:54:36.698539021Z 85 KAjDU4iSyul0NNBkRPdlp91nCthIVaTCpl3T1lBOFK2gbhVMOfjb1DdPjhq5X
2021-09-28T17:54:36.700409142Z 86 MT9ez9YAsOQakiQ7qcOTLT2KSzbNRSG48eZtkMugOsehHAfEDZRJvBugi0rwq
2021-09-28T17:54:36.703436580Z 87 DdeQSSbezV6k0rQYbjLA0ZDedkuxdkdFXoPOAUFrs793xXWdS94wg2znNWc7q
2021-09-28T17:54:36.705677939Z 88 J1F2Jub7RpLGeCxYVgRMZ8S1RjBg0ibnkHEW37dIHdNqxJpOpCXJESHbueCGI
2021-09-28T17:54:36.708220231Z 89 vWFop0tcKLgdZyY7UQbBYj33EU1JvYn7lX65PpMS9qhifotRsZdnwKe7KuVVy
2021-09-28T17:54:36.709541907Z 90 a81FaT8XKktR7cikzGV9QF1W0TIsaomrhJHHyjcAOCQkP3vUDldYy9GtEWlGr
2021-09-28T17:54:36.711413817Z 91 VEj0d8R6rNvN3SW9KV1t4EPbhYK74gRejDD2BCWt7JcCn2Z2K0cB2uxNY8HpT
2021-09-28T17:54:36.713416498Z 92 sNirveouWJWjYkuMrdIfO1Dtb9Dg38xtHwrCVNrhCtg8FlzUVeVhKbFOVvkCd
2021-09-28T17:54:36.716462025Z 93 iGkcm1gcTh6XuE3WLeNxcWkTsciLykdbrk615B2gAuLlnICMsI4I4PaNOwqeW
2021-09-28T17:54:36.719017408Z 94 sZvgbK06iuPbRmcvmPyAT3FjSWNGHwrrHT7frSd5d0xcd9gDCwdwgIYrkNwEO
2021-09-28T17:54:36.721258168Z 95 NwrxhX8Wa1sEIjiPuMtYeSW9N3TjbJ2c806B6sB94eRQTbFTWhY8Y5OIQbL37
2021-09-28T17:54:36.723107220Z 96 FYPFblTEi2JVdrVLnA02J0UuF8SnZK02WY0xFkq2rv1ANGLanVF2TgqeCmVnH
2021-09-28T17:54:36.725277072Z 97 dHc0LBvSJ2pCBhlQ76xCs4xoqjee8TmsAysNYPnsGbB9ThnjlGuiI8g10Ry99
2021-09-28T17:54:36.727193115Z 98 AAyIf63blntTK8k33W2j3LayfK9M0miJs3tGRWdRmOqDStuuc66b9cPXoVJmP
2021-09-28T17:54:36.728568127Z 99 M1YzIlUYVqvwStkwQiOuWVHJCs1oM7XONekUmdMSyKOkw2EkBiiOzxXdOiWIt
2021-09-28T17:54:36.731330197Z 100 Y9YGEg7KBQKFPsEevMDd5zU8qEjAizTLcGdN2mUDZU9yMK5xFK2imucVYC8f
2021-09-28T17:54:36.734180999Z 101 4u0Qa8lWZCHSMhTvCKlkUQ1A53s3iRBoBp1fbqtDYNRHE0USSQiV8Ehh3WRy
2021-09-28T17:54:36.736300781Z 102 ePofryVjaU879waWHcxeuHnJjJ1VwVE831lZuUZ9Hy8KZUBeEhUkb77MGlwG
2021-09-28T17:54:36.738133544Z 103 sDG8zbF0h3w4RktPQ2crdYIFZbBSwzV5HlpwNhS8JuGmSOKGHiqL8GTUaiEs
2021-09-28T17:54:36.740190756Z 104 BTwPkpXvKKblDOn1siURefqd432jmOcrD8pAjBE40pepCLN4LN96U54Wu1v2
2021-09-28T17:54:36.742597222Z 105 hI6Jyj3evEypA0D6urd9ni7xRzYj1k4MzW0pARHtVBUWfMFSoNCfUCsd8BSI
2021-09-28T17:54:36.745910498Z 106 OFieAoAZL1aONuwQRNGfqJcC4MpNR9r8Xjo2uHk36hio6KP74zDrLQIhKHjK
2021-09-28T17:54:36.748383249Z 107 018zIoW51sZRTHRG3NGFarpnl7s4YbRsdf2jEs5IVRe67aSPYnpDN5wXABu7
2021-09-28T17:54:36.751255965Z 108 FHqi4uZZI6QVOW4loEsI6VEcsBFmLK6JhJFJ4MFOpHDLl06Okst9Qd2saW5L
2021-09-28T17:54:36.752918829Z 109 c26K9TclTZpBVBypKsQmnlLjTZUbAXruhLmeRLVN2wCjkhLXrrdcGvu8q61i
2021-09-28T17:54:36.756988153Z 110 4F3oowPrlL4N7xid7cJ2yI9FqhXKvsImyuNECkxDDGYVFd2E5dzp5xL9u53v
2021-09-28T17:54:36.758740792Z 111 fR8cCIYmMILZGAlsogRXuXTg5UfAFUDACmUQGQTgzE6B8dEsTAcUk5Qb5bpE
2021-09-28T17:54:36.761469009Z 112 qAg0mzlz3dwIy94jnKycHMNizMmHZAR242YNyttDMh9eSrtkNL5FulCoCDkD
2021-09-28T17:54:36.763685684Z 113 ORV9ITPKy7LxMp6tHS8zYTrlrT6TC1OJDeS9h5fJtuQtXq4Atfdzu0g1NYzd
2021-09-28T17:54:36.766382747Z 114 VJZtgwhWnoHifYCN0AptOhElyaGvGGlgserYHtQOgnNtdkzdFwdxMrrLX04u
2021-09-28T17:54:36.769483482Z 115 ufdeSK4kyjgjpyZXKM2HJbMKCxAmRZ5X3ImjnrSycsqvBgyUe9kkpfMk6Ioq
2021-09-28T17:54:36.772298790Z 116 sJls2VcKSczRCRk4kYboIlj8ln5KIeQUJ3OisHwJ7XQGqL7VVucDGB0yxQSd
2021-09-28T17:54:36.774553356Z 117 Yxqi5iypURhgk3zHHaVwi9LbLNBKpXoFY32XyClPIYj3uYwWlA7c8lktgd7D
2021-09-28T17:54:36.777410930Z 118 bwRbzXmirF3hDi8b0QWgFI0X42RSKffFHlId3TBQJ3ayG0k6B4eHHuNbyxcn
2021-09-28T17:54:36.779937835Z 119 9uYF0FlDHxbD1V1zoeJe1TgxSnGb2aZIpnRXyA82PLosWdhER2CIIGrLoNsL
2021-09-28T17:54:36.782335007Z 120 RYwe8ZaynpOyui43sIDui2ts43zlpDFJmLOthzOrgmMWqpiEJwlchO8w68xp
2021-09-28T17:54:36.784317415Z 121 SCeFNxAz5OuX9357BLatNCMQImumtrO1D44M203sh9CXKfHYhyms6LI3zhqY
2021-09-28T17:54:36.786050348Z 122 Ae9a1HWdnQIaES7KckUISRNzInr8HNMmnxN5DENWRz4qrQzpCJyA5UhZm71m
2021-09-28T17:54:36.789823882Z 123 vXA06i80iz80NvoDN1YVhDGgsCVH5zAny7VE5fgWuDwvQ6iA8KGcQJJrdyLC
2021-09-28T17:54:36.792710614Z 124 zbin9OOanlqb6W4gustRI5MDBTex6f4ZyTlOklnueA2c4XjotsEAGrS4lFy3
2021-09-28T17:54:36.794609305Z 125 zEP4lSGieBpVxlUQ9IgoZisUTQaxW0GeyksPFVxEpxnQcI62Rs5CSIaEBjnt
2021-09-28T17:54:36.798547412Z 126 jR9132lZj7iQMKc5i7SGP0hRfYio9yAHPkspFYdK8fT9iMQRjXpGk43EwH0C
2021-09-28T17:54:36.801575847Z 127 h4WR4Zk6apfzqReR9tUUcwEVKvH9D8w6tSWvPj0FRcqRTfhVOlsu9MsUAwMH
2021-09-28T17:54:36.803824929Z 128 wjEjYk5fIqs84xPRK8qTAHTHczqML8kZgJhmdhNX3azdOYcGcJkCLg11aGfg
2021-09-28T17:54:36.806651433Z 129 yRelc1RQPuWM3u5ODZ5MeoNceLTgcebXYiMEQDYWO074ZPLxWqPxnyysJPAg
2021-09-28T17:54:36.809461961Z 130 X7ZPRVlpOQYGtG9f27TXLXoKsYbur3xUnbYMNR9QkKtJRIgxngc2ISYLMxHM
2021-09-28T17:54:36.812645356Z 131 EuMe7xYhmtAJkgUQoPxdrq2r8jaWawOnsjiKlVHsB43TVtDN5BGzlhuLdIDg
2021-09-28T17:54:36.815079013Z 132 5E9UDTzT4PpcgsAd0xgiQA8VUPt3mXignaoahVXhtA3xLmx0q8ROatXrTS3s
2021-09-28T17:54:36.816993445Z 133 jQBRrcQQWXKjTHItQFwc3Tq6T2Z4IgjF3iCH650AWyku1zEImla73RXo1D47
2021-09-28T17:54:36.819068561Z 134 g5aCB5TPxfra3kNU7Xq7HCu2ykEX3GnOVIlRW7BozvIFEOId3RsTvvPSdMHy
2021-09-28T17:54:36.821853769Z 135 RFmUTFPuRU1AaeQuaBukPcorvR1Vo7Flgq0cxBJWkeqkS9HyHE0dk03q0A6p
2021-09-28T17:54:36.824861309Z 136 qglMkGQRb9fowHu5fU65LLTnPP4rzw8auNcOu98K8OSGg9GmxkydiwMtOeQQ
2021-09-28T17:54:36.826813238Z 137 1Xt1k1UKkuoKLBDvleyhCJXyjByk4z9X4PZb7nHFNQg4ZPJi4CSSBctcaS2n
2021-09-28T17:54:36.828827417Z 138 I46UvxpwW3EGFpzISWdsgKf8zm7wUb5LqcKgXs7gCLplXZxl3I3Ro39FCuI2
2021-09-28T17:54:36.830737930Z 139 Y3J0RU5SS6i2RshrvrqfWf8pG7YKW4CBGdFw6a3tr6MqDOBvuCmeG6cSIq8T
2021-09-28T17:54:36.833756178Z 140 AFGz34RK39wBcyRN8KU46aCmBpu7HjXOivGSduGAUCNLiwiIsQxQxDc8rDwc
2021-09-28T17:54:36.835965168Z 141 kA9GSfU4fiQgjbwEuzXibiApWAmvD4R5FpKFzWCbX8fbAsDHUVABNikt6sgg
2021-09-28T17:54:36.837601001Z 142 vbjYA9IKl1nQHrEml2TJDx5VFo9MLX2YI4B58n8wXNiNUeactLwdrVJoY84Y
2021-09-28T17:54:36.842229950Z 143 PrLuxfzwBC4z1dbwbNlmtVPzsgfxdxVQJTVVcmwYX1MgmnYXpHwBgSxDdAiw
2021-09-28T17:54:36.844990423Z 144 5e7RJrpWinNWUeSFxvHMM17nl6STqOseiiQiYd0VQLh6bor7flqHRuPpTC9W
2021-09-28T17:54:36.846699412Z 145 h691PGxkrQSuvlQN3SIdtBkirAKVL8OHtKjUihjpNtJ9sP7tLeqQgNGgyvW1
2021-09-28T17:54:36.849541810Z 146 GgKrkyBIWUqvrLhcv7rjUwqgvJOgMgz4IQrfJPBjL8Qir2tvHxveoiOz93Pt
2021-09-28T17:54:36.852274644Z 147 y2I6h22ALnRo7KbDH1pqPwbWd8sz5bCPlfII01szuUe7i2zSOyyBT0SzADZO
2021-09-28T17:54:36.853775341Z 148 qI6NIZLJQcGjbBYRzIqX8vczAjN8HDD8HHoZNpEcpI7f32mj4V6Knmcplebu
2021-09-28T17:54:36.856388546Z 149 HJ6PRqT9ibmtVdO6v8tKWlM6K9uRAb8bInCVH0ylIhWIRGCW0J6CMOXbb1eR
2021-09-28T17:54:36.859266489Z 150 ZDbwxuI8vzjof8HOg5FmcIWQcxyVkFnc5ZtpvXwWIKcqC0zlTJlVXsEMXWPd
2021-09-28T17:54:36.861657917Z 151 kX3GqUcUzFVEqRQh5rRwdPc9VFUftlc7xG0lacuqZl7vAqcviXKBpNXffDsY
2021-09-28T17:54:36.865632973Z 152 pJs557yDO1DyKEr9uNV47eEchmk6ewsVZuNft4c3VkddVnsP7mtChxhwvY1h
2021-09-28T17:54:36.868340737Z 153 daX8sioa9RmTyW9AqS1HYTZY70JIGkk4wUzgJDafb3cCjzhRLN9vxOsMwT0K
2021-09-28T17:54:36.871194730Z 154 jZfHloyzk0lGkQyQlyi6glliRAWCHEJlfSR4DqBSjol6q6Qp0durHyO5ysGU
2021-09-28T17:54:36.874644390Z 155 TpP1Vq9wjhVzXx6oxoabkLDUcr61N6E3lWj0yFN5X4HyMRBotCilJELCsFty
2021-09-28T17:54:36.877349566Z 156 3vhyhtC4W6xA0AYZ4rJbeIvX2bHlDVBMYMA5x8zQvnRefP2DSFFI4unRQkEu
2021-09-28T17:54:36.880370336Z 157 v2GzRVRIfCokiUAcmwdvpiFn4YXEGPDzuTo4PmvbiTycj0VaHdmCA9ykMhw2
2021-09-28T17:54:36.883160813Z 158 CK6ZNUqML2uEpugAezrEhoCruCttEOJK4PRvfQewjNXIUX31EntwCMej3qgP
2021-09-28T17:54:36.885108191Z 159 qXtb5HY2aWnMZ98Ljc6JDEIrjrd70UOSbfd9j4CWG7GMSf5yL3MwBzNL6XXy
2021-09-28T17:54:36.889073826Z 160 jjvFtvBz4M1lvqe8Zy0uaeKxg2XVFVPzbFCA2NmpQBtYOYEFTJTYjtR6s1SN
2021-09-28T17:54:36.891054232Z 161 DWAHTLnX9nAMLoaRHGuZcyxKHmiRu0yqYHWbOYcy0BDCB3OJ3eO2Ffanyujd
2021-09-28T17:54:36.893875024Z 162 8Tpp5mGPzvUYq4eSyukaDZYqiq7dnsvyXlH9gnFDvxHllp2thfxfaud80zgD
2021-09-28T17:54:36.896340172Z 163 8YaTUWsn2O04Efil4HZSnPpaNJe9dGWzlbS3Ro7TVy7SEjZUFU6lLyb9x39O
2021-09-28T17:54:36.899590174Z 164 ENgwEiWANZEbHvNJRHsyhQEwtZFfkiUfL1SGIskADYN9Hjalq1ExAI95D9S7
2021-09-28T17:54:36.902028129Z 165 BDnsNR3CSIYpoif3ww6DC8pKbMjJdMJUjhnEtvqT6uA2t8NK2dYPgs2D62Lb
2021-09-28T17:54:36.903821100Z 166 RwWEFaqIwsJkHE6UxssXEAjNorOvuIU54FrvF2Uv2NINqVSD6CUqbXaZFGTD
2021-09-28T17:54:36.906351962Z 167 rcq6qi1BKUQSMEXsvkldrCTVEHODKBE43n9pK0GON0mCM8wKh7maI8awc1dA
2021-09-28T17:54:36.909126994Z 168 6XakTHBFT8cSC3p6oXCClJ3vP8aDqunG9Kh7LH3K459nhuKcqatgtYGENgRb
2021-09-28T17:54:36.913110058Z 169 z7DiNcfLX9SRL0yu0o74vrytrCHhcI1f1LPHeWNqSvgbm2KU1PQjgbDG3hFk
2021-09-28T17:54:36.916182643Z 170 v3ACytTIUjwZxpDVBVxqosjSElbLQGRoQYOvlkqehJGVgSiX4S09j8Msjb8e
2021-09-28T17:54:36.919469522Z 171 8eCTzG9O7s5R7PqD57mQWfbZBYfclOR4WS0PTW4Z8IeSm4QSH1nqT6Fh6e74
2021-09-28T17:54:36.922507016Z 172 L1otAa3dSYG4t2Khahu50OBGnVfqt0KUPWY6PGNrInvXz1sPQMIWEC0feKvL
2021-09-28T17:54:36.926483833Z 173 UYzKQiEBMNWm9j6bLdmLvLa2m4aZ7LXpzlUuBvzMLFsxUHNLK3eu75CjGwiQ
2021-09-28T17:54:36.929446531Z 174 akkthrZKTqbegv5BZQuGC3U2Kmi6Z4Idvwa7DVkIsyDo2B64BrURbcNPgtva
2021-09-28T17:54:36.931038667Z 175 bSWfcOfMmdrRgiTWv96zq1pYBLzYPLg7yI5j4K9Aga2euQIDDmfq8YuhAeT2
2021-09-28T17:54:36.932654460Z 176 ri4M2Utm6otSk3c2lb5TCoRoiRm1XD72eJnbkibpsJ6AnoBTw2FnsBrfrJFv
2021-09-28T17:54:36.935523588Z 177 i5eHBqsHJf5jITd7CHtDyTdouiG2ikbcchd4SptU5DkZvlI203xr6CmCkxxq
2021-09-28T17:54:36.939116302Z 178 JXUUyV5rYPCuLpceX9ppv2hU8MhTCKpGzi2IOFM2tlTueR6y8y76UejQiO17
2021-09-28T17:54:36.941176044Z 179 Cle7Tg4sb1tqLfn6WFTrmoqGbjxO6YD0q7DKpdi1gnjiraolQyuioHfWhB2M
2021-09-28T17:54:36.945842259Z 180 lWD0ALn89rsPTPwAaq1Gm4026Mv59Arhit9i2uRyaj79im4XE2lqeLzsdRkx
2021-09-28T17:54:36.947736317Z 181 z8MEWDM11KjkALNdjKdDyBr6O7BomWPKAFeLfmWFX9YVY10nDELzHHnGyNam
2021-09-28T17:54:36.951072955Z 182 k6x6lnM7LpHeyCO2dGLK5G9b7pmiUOMeTbig8g4a5aBg5yJaGwgZRhwzYaIl
2021-09-28T17:54:36.955545619Z 183 tFVbUxEaXGSISICxqcNeBQgXJ1iCsxDoYWpDTBFGAhJFppLrRZQGraMr5UAQ
2021-09-28T17:54:36.959567399Z 184 tZxxG3fF6tq9m1ijxkgkPS7QVgpk81o8uYzmDfqnIsIZDVMKfOwnxAdsdBHM
2021-09-28T17:54:36.962915179Z 185 cB5jeiiaaFJ5uDfy56DZPy6mFUOi9rnAdmsUdq5Vp9DELsMFWJk3LbbXBRX6
2021-09-28T17:54:36.964689766Z 186 1SN5BhVATYPe6Qnycr7nlF7bRkfc9AsmATETdCQMtrXRoauU9RyF4sjOVTpj
2021-09-28T17:54:36.967840983Z 187 PpDjOYfg40kY20gX348pi5s36ZSZaHprPFvaCzSYbjAlQO9bIzKbhYz9I795
2021-09-28T17:54:36.971273406Z 188 NUpiE8vHHF9LT7Qcf9dih7OinPXxppvvnyROll5NfdTkn2c93dA7DJ7YVlcd
2021-09-28T17:54:36.974499670Z 189 8FOYb1olwFwKATeMhfCwUgTrz3FP3xbfTrh56Gzcvzd3HHhWHWRlscoE0bIZ
2021-09-28T17:54:36.977562819Z 190 x4kfVQLOsvkwjqYpHY0gkEBF8jmShLw36Vs9dtx5MHgLAjkyEBj1brSbTq5S
2021-09-28T17:54:36.979667217Z 191 UoP7pyfqmyxiLTZbK7wEYwY4sMmwFVz45uT9UtcDh5oMTQfJcZO5cVLfHDZ0
2021-09-28T17:54:36.982250292Z 192 Sgc59na63YaMPBIYw4LFANAJWHNFxrK4att1beKLCeh45Iqg4CmGAkycj37g
2021-09-28T17:54:36.984347781Z 193 c1ZqXFVncBvW2YagICG8STRWSrcirFwF0PgRnORKuocJutlTFXMzAZ5zyMhv
2021-09-28T17:54:36.987815693Z 194 5YX5cokoU1pznZufRUIol2XgVHNSMrIq3AFjaDwi7iznrkPnB3HQ1GVd07iK
2021-09-28T17:54:36.990645341Z 195 m5njwSWvaiIrCpE2A6kez0KRzjxze9cc0rGnAEkfyptCCWmRyor8831UVlEC
2021-09-28T17:54:36.993568041Z 196 CoXHDoQsHzcMbreYCelcNiwb609MRMZe9ZmMhqWXF1onHMqyfIheAMi9UzZV
2021-09-28T17:54:36.996030752Z 197 Eht7SHdsFmmJOMWN1fKBz5LmXxl6QrjHfAZvYdikWiMJJruLDrnP7uHOz3Un
2021-09-28T17:54:36.999744153Z 198 5WjTEvccMA3eC5FwuTvEfcBfJoiIwxFrPYDJoswl19qBJFK6rDm5OKA6dDXS
2021-09-28T17:54:37.001532401Z 199 HYxymysCgZ1Fds6zoqgJ95R6lVMDBfE9htnCUkBZDFM54A9mfF1WialK90e1
2021-09-28T17:54:37.005624460Z 200 44KJlvMfiZIZZBYn1bf9DEiosQIyGrIm0KSRAIUvOsLDqJcMF0I7RKQbDliF
2021-09-28T17:54:37.008578146Z 201 kDNwQSSblwMEdFBEXVCcIlexnNTZldEX8EdtPibzgeejGMbHMS8eoXeFdzA5
2021-09-28T17:54:37.011464449Z 202 LhNOYE02BoQBtNBBwCE1T5WwM6JKvQNbcuOOOz6XmptkjmZpOE6NHCdbWOzi
2021-09-28T17:54:37.013502369Z 203 glRKwBx9OiibcoutNdjGV1cEzKMKyzLxDI3HrjEZj9C2Ht9lcn9ivnzBFw0Q
2021-09-28T17:54:37.016382471Z 204 VSZYDnkp4INDsFiKlPZm8UeEnrgRRFGcY2CULW1X64nPVnr3cSLsbxD7zuvH
2021-09-28T17:54:37.019924748Z 205 Y2yEKP6iLCCKnC8uZ13RUF1zGWKaygrIF1SYdYbpW4LVys181sd7FOsY6KCl
2021-09-28T17:54:37.021680687Z 206 TFng3ivjlHUldRL0GPGwWPfsUPSwb8YkH2JiEP62sj4S0O4MfsyNcJP4fHlA
2021-09-28T17:54:37.023378773Z 207 4I8T3m3CS64a3FqQurzFHC2Osszeq19YEq9xcHkb9TmPR7FCbRFVy2CMOhoM
2021-09-28T17:54:37.025532909Z 208 FNHVAYwn6Ut8vgko2kEuFVLAyhM3Zx8YWN0UEXQmPeGzIsA34jMAB1cqmLjV
2021-09-28T17:54:37.028381732Z 209 GKqKNkMLmnS1IZ4mG7eurrQ2q65ziFxk4lgwGUwAU1fQEK91SuiPiP2Rvj9E
2021-09-28T17:54:37.030662568Z 210 mcXWLQrrNXKBVQTsSsZTJGIr81W9WDn1ulrgXSCc9t8o0XkujMjEaAfbnihu
2021-09-28T17:54:37.033457463Z 211 rDMMBpwvA33BIL22rHApQi5IpzQm2711hp1EgrtbF8rXcggxBR1N6aIdqz08
2021-09-28T17:54:37.036422305Z 212 TaK4YcZikRLKPQfaOInUgHElYKE4KI7WvDuzHSVfNiCtFhpx6p3K57zDknF6
2021-09-28T17:54:37.039545160Z 213 GmOM7OtelAoEQXZNeUjXAsHgE8RTCuiV0o92FjZzQqlcyoBOyxF7bxej6iam
2021-09-28T17:54:37.042554743Z 214 AOrK4KjBzZSHOfn8203KyMIJQSzBNvxX68xhzpW0hw8ZBRaD8Y6cFmrSqf1m
2021-09-28T17:54:37.045442174Z 215 m08hOAQZCurr3E0n4NsT8YGb2vJwjjXa38DDAAdc2pGWVQf7tRiU6NsnFHqU
2021-09-28T17:54:37.048363114Z 216 nZkcGjoU8tFO3jSBOFyvv0EFOZZga0ghEqSFOTzqTiWC2fKhwK3uesGAAqQs
2021-09-28T17:54:37.049907870Z 217 qWWgU25HSFCjPbOvOwDoW8vKD6tqI7wLPOW5OtRTnA8n9u1AB06KZweqip50
2021-09-28T17:54:37.053262833Z 218 t1TgusE5bspIS8POfkBO90CXf2nmA8c2uHOncMbeD6W7BSGPnFw5cmPHD6OV
2021-09-28T17:54:37.056526094Z 219 cOZkQd9xjcr25rmP3dxgjgy32sBeMRDBhIo8K5gWXqP90Vr2AC47GKKrMD2K
2021-09-28T17:54:37.059898130Z 220 NVbNG0lRNSsq41Un03079rnjmGjLIvTJ81Rip2PJTK0GtRqxOVMdGvjRl0EE
2021-09-28T17:54:37.062377140Z 221 omizGqw7t1eM40LEmB63ckaV1FRhfKsXK4IsdNCZL0fyKEtg1IcnFmQN4g84
2021-09-28T17:54:37.064150052Z 222 WL385ahfzQfW33k1yWnSIja9XvytOjfEOqpyLRpCUmHsa1AwYF3Yo6hJg2zi
2021-09-28T17:54:37.068546186Z 223 ECLzQQxDGnUEoa4c7ptycW2N1uJiV9AUsGjZgYMHNBU9nZpIpRgfkZkF3Rx9
2021-09-28T17:54:37.071709703Z 224 eVkFndq5ai6zrCVx2Kfd7llb0OMOrMNnPa4anX0wcLm1Uka5wcTlBnZZUbmY
2021-09-28T17:54:37.073908757Z 225 a5ovZjktdL9jjLyKifrGEDvKc362vVQDKwQIF7orkJGtZ9zDb2MhORAdZtBF
2021-09-28T17:54:37.075595471Z 226 0EyJGr4CFKDzHdQzmkp6pumdOreK5kDzPE6IfE04OmtmhwMQqc9bFUbogHa6
2021-09-28T17:54:37.079708327Z 227 e2xOTXOhuRPV2D0PgsGK8FjGv6s7d4vY2Y4eDlqBOpyngINFoqAVqzJU41k7
2021-09-28T17:54:37.081883361Z 228 iJVXgjn3N3k1C9BjHsVxivQNLl4DGsG2WEagYhWZKaPvXBiF5h4gKfIDrAX1
2021-09-28T17:54:37.084513251Z 229 gbvnPnKG8tbOMJjcvWDaAJvlrJzmJRJsiUfJrXWCEEu6DJTXyixH5La5WeSo
2021-09-28T17:54:37.086583628Z 230 FgYIQXdOjmt2Pzz3XMTYnbyOAkY7os1LOqDB91Jdey81QJjuO8WjeFhakSkr
2021-09-28T17:54:37.090466117Z 231 glgPjn7Z1rPsM5RYbttthvhIkeHh6ZHL2NRn9Pa0w5Upz1PfaFREnyaG8VoA
2021-09-28T17:54:37.092841651Z 232 LP4gsu5fNYAVn1kUhK61cuxnr8yJV70m9uXRvWgwi2t6cujImRdBS4Q304M4
2021-09-28T17:54:37.094518874Z 233 WByrFeev0gw87elqlZ6vFBijqvHzVdTLlTqCv0HFqy1euUPlYQgOXXF31uGL
2021-09-28T17:54:37.096733359Z 234 attlNo63zjkAa3h69W6PAjnmSY4iXjBA5ijzv8KD44Ti9z9axd3iiwiJHhcK
2021-09-28T17:54:37.099034150Z 235 xb6oL4x686mM4jI6NODFUpUlTKBuUpc0C8HbYaxsFicUP6TAqNhkEnQFScyf
2021-09-28T17:54:37.102206607Z 236 v2T6PJK8N4R6rBpUvMPlPIAp7mC6r0erCSMxqkc3scVjnLbtemCHXeVcokK7
2021-09-28T17:54:37.105271358Z 237 2ad1zLL5r1EZt6GPTG0J8F8kMzp79PHu9v1xh0EJjbfPi6ZewEC5hIdHncWh
2021-09-28T17:54:37.108387882Z 238 Vu91franCusT6X2prrCd9ctVULnIN0D2WVL11c2WYjjlpxlvmbAVyhOWkMPu
2021-09-28T17:54:37.111535989Z 239 mvEX7ba60AhJAlHmajAbGBWQE4eaP7bKGXYbmUSfrYq1UoKkj3aSkDCmuRRu
2021-09-28T17:54:37.113690658Z 240 KKVY0TysA5Ei8joAzz8UWh5exN5NUNKmV4cTLVy40TubgyBDvr0isXqy9CQy
2021-09-28T17:54:37.117601542Z 241 lj2dcBs6Ors8hNIEzriuePzfQG5OdtIksdJsmgrh3zBp6fa88thYlrOBw9Vl
2021-09-28T17:54:37.119960304Z 242 iWbErwFzOtEdMEpBJV28CmSiBLHfRRI6tp3lBsaSuvSwJXgfyBUW2Ehs1tZw
2021-09-28T17:54:37.122183278Z 243 B1O9X5kZc2LFOUEomv60LA7BVhiyEL3dQFKKwyJjmp3ZjRuFXyR3gdSxL8a1
2021-09-28T17:54:37.123791534Z 244 UDC73MzzBEpAMxmVt5aMIWWCSH8FqNn1eANUYbRzyQxt1ObLpjgpMyu37JO1
2021-09-28T17:54:37.128635701Z 245 XwBq0aJOERYshnRB3XLthKwy8Uz5q8V2wDvRiYsPwmPXGY5kniofYKxEDaMK
2021-09-28T17:54:37.131546404Z 246 LdELvYvmqebfiATrb9XxTiZdG1UeE99PThkGpzSBqI2LNgRfbgrLVDIoH07h
2021-09-28T17:54:37.133850608Z 247 y3SzU0jaIL3GnfEJbb5Cq8Ap9yi9HCiebejPoeUEu3lbkusQJcF9Ncu5f1J8
2021-09-28T17:54:37.140001487Z 248 ZYTGcC1dSdg9HzUpcjpyUnnKUooVT1FLmD9DHuvJyEQIBIh2ViGXfa4xvfQ1
2021-09-28T17:54:37.142562772Z 249 AC5RsAj9wtTsg99YzoGgKqKzmjv6HwYCXF5PqX9brfC8IOlZA5UZqBpeUyTT
2021-09-28T17:54:37.146188599Z 250 M5jEzllvPPART3TIl9XE2alUncC944TVByVUBTaAqbFu6AvWmMyOJbdeHXt2
2021-09-28T17:54:37.149882724Z 251 W3ys44F0U7dc10a6wBOckv5dIgKFKXgxmW0hmu8pmnCA1sjqHXKqcTfpBbkW
2021-09-28T17:54:37.152088564Z 252 mMbQgyOjbCv8fEVJer6YWiWAOopUMVyfUqrjRifeky8FBLLtUtHVvV63qJsW
2021-09-28T17:54:37.153972355Z 253 aR5sBZouCaNKKCtqfDC9DqzqZCWIqWh7Dlwwa61oqBCVAGGFDoORQ4FJaI4D
2021-09-28T17:54:37.158436351Z 254 uwJz8G8JYaVRuTXaWd4StlFuDNk3NSrDyfAcUfyjSidOnRou6CxqhrDbjYzf
2021-09-28T17:54:37.161691773Z 255 LbHwRh7jHmDX27oS3cxdCk1apF3ZyJVmyC5xKPdx22jBePCNhXbIh1pCHmuP
2021-09-28T17:54:37.164204090Z 256 J3PQDu4rIBc8tcygCkUUeZ3RVwJ9iebPRxBlXdgcSHH0TzRgVrjp786NBCES
2021-09-28T17:54:37.166280174Z 257 gbmsxDo16BWkOTsBm3wuAKBq7JflWiWjko8nwiKkFzilS0eKb459LjYMoxwG
2021-09-28T17:54:37.171543762Z 258 dsEMTyUpqHUFdyNmcgcZx5tLLXtHJlFFxicvtd3p4UtyMa71q3pJwtuytVzp
2021-09-28T17:54:37.175568088Z 259 HPlr6ZeozXm1H1QNbJc84OyRWJIeqQP2rZUmOcRBO61rNuh387ujH2z30OGr
2021-09-28T17:54:37.178985454Z 260 1JzQQ0XluFb9YeuwC0I4dKl1Ma1r06dTZBTzd9Ilg8IPHmDYxsu3v0WohiXB
2021-09-28T17:54:37.182346192Z 261 hwJajfW0e0u5Ormmi4I1gTnfcCtLzGyncdZPDPVyqCJXecT6enOQIDHS2kLq
2021-09-28T17:54:37.185374542Z 262 5SFMTgw2ER6aYSdSU6LmbN8FyQwL1NQ1v6ryJjsFfvO66ADfupIyJVth3e4P
2021-09-28T17:54:37.188259716Z 263 FqMuDKFCf1zYKTvt1OcokgDwvIa7odxYt7x29AFJLrHNc82um3QZ1JaAqATa
2021-09-28T17:54:37.191315395Z 264 HsZm2rKLiag6YrZeRygLAyKJ5VcXf2Eb7OCKhqdkyVojrMNOLN3n1cNzMOm6
2021-09-28T17:54:37.194397838Z 265 rwhXigd9pjL9usC5EmiMvPlRTWbWNmwbYCJPQQhg1KzC4Pmn8ZLAIpnciDxF
2021-09-28T17:54:37.197421185Z 266 buhlAAtNx0fNRT9OdUP8ZHsrMxUuCff3vIwz8HPZ14w14FKT0xEPUvLY4xnT
2021-09-28T17:54:37.199483562Z 267 Yt8ThQX6TcKrla8bgKG2Mxx4pvqVrUDkMKqayiXfNiVks6m2JU0FqV3wSybl
2021-09-28T17:54:37.203022370Z 268 7EsRm5PQqICozeS40xGrLFJ7EOMcyj1uRt6e5rs1gd3rSbKtWVyGs52CXmSj
2021-09-28T17:54:37.205667289Z 269 2msNb0mebIqqwP7naSKu9tH97hfH4i2HwWamIBtPx41HXRBc2A8fm1lH5R2o
2021-09-28T17:54:37.209260110Z 270 hvjgOISDhwJJAmmdHsIYu8d1tV7hOIe5n6EBXvTdwKGXxUbkbOIxBzhlQCaw
2021-09-28T17:54:37.212444669Z 271 27qun2lfFgQkCOuj2FgvgPQlXae8ctw41a1CuEqo5YJXtCPawdiZBXhsOri4
2021-09-28T17:54:37.218461010Z 272 tZwwGIzfoVA19bj7xk67HOXheRMgXBSnYZFoBV2vmMOPUYREVH1A4EsZguDB
2021-09-28T17:54:37.220424778Z 273 krfTxEPtEWDyCaqpwucIXYWRMyWbFBNhZNcxhkd28jTxSyuaGZLMHVVsnC2O
2021-09-28T17:54:37.222415433Z 274 hkWEIDwsY9HhQqq0OTkf1Gi3IQBOjwciA4NsXnypXSF7ugVBUPNOcVrU0hVv
2021-09-28T17:54:37.224516155Z 275 5iQDGmQTsZ0lsPgBRJt51R40MorWKKyq8JenvrRbpu7cd7mfUhJYnOh6qQtn
2021-09-28T17:54:37.227145097Z 276 f47dj1Rcl58Ygz9Y9rAOu53RkWQXGxGtqhl7pq6mkRHV0er0yjZT5cT5e2DV
2021-09-28T17:54:37.230859842Z 277 CaDKUstLFhCZNGHyEDyoULsxNWZiTdZbysiHGWE25VI6cO2fwg1Kj54Degxc
2021-09-28T17:54:37.234678993Z 278 V7gPt0ShURTH3IxcAk4mtjEZPu17II91AIV1SlfCtsn2c4DSGCwE2rMo7SEJ
2021-09-28T17:54:37.237235545Z 279 0wTYfvnkDgiRnVMAQ0nh72KTwHGLeLZPSGsnx6pmGTP9bynwZ1V7WFjHgDQn
2021-09-28T17:54:37.242218883Z 280 W5EpwMBCnOtNheFMLyFwm5k9dpojKlXdEogKPXYy8IJuZwgzpluvHyA2MjWv
2021-09-28T17:54:37.248735878Z 281 SPSdH09BTdSOORB9Yc7yLVAhnjrSn6gpd83rHE2DJikkuXV3lqx6LBQcxE2k
2021-09-28T17:54:37.250444207Z 282 eXLy2rMSqDsIB8V62EdUM1KamjQ9S3H8MORbPO8GPYcxZ34fwMBJdt9xw3pP
2021-09-28T17:54:37.253058031Z 283 dhdxp7YoVB48rIxrgOHTjzxdBfOubpgSP8Wn4acTo1naIpb1Bbmje5ZA1X20
2021-09-28T17:54:37.255632352Z 284 xrTZvDrNcGc06j7xGQjce15dLJ91lI5taG11o4DSYSSEjPrRubNsvZita7Eo
2021-09-28T17:54:37.257954533Z 285 yOSnEymu6qcVASIwxuEdK9LjMCJzMFUgvtMWCnRYN6B03E1TdNPu8VYBz39a
2021-09-28T17:54:37.260305958Z 286 6gDNHgQMVK9SUPn6isv7zUAIdJ9xHXCMS1zJAAQRYwWw45paAlgqzMdVz1Qv
2021-09-28T17:54:37.261880596Z 287 2bmKPOgzfT90etM6RY3Jfsq3AEKG8BE2DPJt97xrRxBwOc3uxl0WuaraSu0a
2021-09-28T17:54:37.265701621Z 288 UwMiYVJgnEmyzW7S82uSEkVPIKOGEEaGgex52xioZKBKekRFjGaUTQq1Vk4A
2021-09-28T17:54:37.267830736Z 289 hQDlhkkRjxFUODvrHTGZLLRHcN3Qyk7WpSpXctIWxkoZSO7QmMhMt0kVQLPX
2021-09-28T17:54:37.272084120Z 290 Zc1ZeYN3HznVhnQbcjio3sWKz526FsEV7gUvbi3wY5EEMYFmgWBeHZkXiZ4a
2021-09-28T17:54:37.273772608Z 291 q7jFWqxloeEAUlWHodqfpMRuZQUzmkO8yCt1EV8kf9PVf5J34niccBhFUdDR
2021-09-28T17:54:37.277546533Z 292 rbzZybn7CnRxkWSrssyp0i7PFZHJJ8Y8TWs4KdZN4u9mfG49qZ2AeliCUVaT
2021-09-28T17:54:37.281175667Z 293 GRJBDXt69Zw1M43g9RHO7FjHQhGmwPmwq5S0IMkgv2wUWt5fzkx3CIASiDx8
2021-09-28T17:54:37.284012136Z 294 WrgjtAlpNdkCKO8OlyCy5WRhSC1bYOpn7onzkSx7bAiY3MLxhgRG8AVDosYl
2021-09-28T17:54:37.287522565Z 295 Om6oFc3LYoG9haLeg4RWt2f6ZfF84U3YdD7gACJIUnOCeOrBt4jKNeJOB31c
2021-09-28T17:54:37.289718139Z 296 5uSoVqhJWb12gMp8TH50VZfklhd4pjQLc8WpEYYocytFkwXTabcCa0jdY3RK
2021-09-28T17:54:37.293114748Z 297 TrsqdZ4jhEkmNbk7N6BbGGSDRViA0XTCmbf7HrwzYJdfg5NYR8q5Z08RXLTS
2021-09-28T17:54:37.296196700Z 298 Dhx8tdxYrqOCgXH9hNUshr06HinzTn1XATuAMBbsOfpVXD3qssGs4phkeTmb
2021-09-28T17:54:37.297881147Z 299 u0zTH8FOvRmi21dfr0iOCH2NTbboLsXVFsSAJU4uLPKQNyCGqQnEnHgxv6T5
2021-09-28T17:54:37.300307945Z 300 8hZGaqjIlfDg09v1KuJELDvUkv4e1NJTYhfMSvxRv7m9JFlQVdHeg5UmA6Ld
2021-09-28T17:54:37.302617604Z 301 S4mR8RSwItSO3VOcGA5dKMhl0r1DhChlUwkTrX8s8OvIdG3ZE9a50UE7Pubv
2021-09-28T17:54:37.305543362Z 302 aL2oMyc2c4WeB0GQWz7iIDtyRSgRQT7xxZOl6xwqon5tkt3MIyImvyl5F3ml
2021-09-28T17:54:37.308338270Z 303 Gz2f4zkxgK0Wrn2YyTxVGmkYTtYpvx07D07TiepxmX1qWlI2Z3V9wMBIpyA2
2021-09-28T17:54:37.311570773Z 304 pPfwKZX8SeNVwxtzAPsal44BFR4nlTNhqW4edevIhkuL66AOdDANhUVBxnnz
2021-09-28T17:54:37.316205019Z 305 ifVR5M9Uelg3eUe6yLV3bL4z4Tgy6w86h0CAbGyL9vmKrHeMkNKMuIdlr6De
2021-09-28T17:54:37.318579658Z 306 bHGHtNBq6jgsxGTZJYznXoULug5zBYUEE1whr91Kq70xq5PZVgebHnMVsx3u
2021-09-28T17:54:37.320752534Z 307 zN7enXzt69TapJveWVA8fyrn8gY30WwOXj4tPtmSRMflsdkgFMsLRW3v1PIJ
2021-09-28T17:54:37.323553929Z 308 IV5Nf4UHaqtTmbjfbqh9ThHDoEHn1cEzKSVEr8GSP2BbrSM8CRTyS9aPWxFI
2021-09-28T17:54:37.325958731Z 309 mxQNV8bILXT3ahiSVwMDCOPrthwsKQyfmueCLQYbFs0EZAu0cUg0BHIGBpYa
2021-09-28T17:54:37.327812231Z 310 R9pRKcj7z2op6rjfqxpiHzugFOCJc8XyPGn85qL8dHXwWZroaRt235VmwOBt
2021-09-28T17:54:37.333081827Z 311 vvSoqbLC9HB12I2u6GYt5O701aAldaQmhXUH67CYpW0mnev1drI9vPFnQ1Wd
2021-09-28T17:54:37.336918427Z 312 UQtEMA9AYGYBVfsdPkoDHTThJopqgrmz7c6WZj66Q83epLh16lDX6ZluOhyF
2021-09-28T17:54:37.339886057Z 313 0S1ZuNB0cXiSgrHZ6vbTJQLyhjVfZfaIBKKrtyj1LpOsvCU3KwEzVgdkjQhM
2021-09-28T17:54:37.342369452Z 314 73DKCmrXTOlmw74VH811iXYvk5JkxF8M09WFQzl0nuyz4bm3owly5Y51OmtP
2021-09-28T17:54:37.344319531Z 315 vSF0vhgToKeU3Wif0RQNg2g24pIOdXB9ocgZsudVtW1bOHj5hJMJLliblMdR
2021-09-28T17:54:37.349452591Z 316 IRloYAF6rD9qr9kPzHxV2EID318CpHqwnarpG3vdjvqI4NrG40kMjAEETdHE
2021-09-28T17:54:37.352504446Z 317 0pGp9osWqTEJ0Rr7MR4eS32IpraLILFEjNkFTx62loLG9NM299huLqhgCB4e
2021-09-28T17:54:37.354650032Z 318 EFhjkcrFtO1DQ7E7NeL7FmiFkqa1tMJfOwBUBl4DWqpYmYqJlHA3ln0n0gXE
2021-09-28T17:54:37.357309768Z 319 9FcyH3Tgg0o43Ra96VdPE2A6jxZ8JZo5CMH61tawvJzAoZrvynPwUULL1KVR
2021-09-28T17:54:37.358516299Z 320 LZquScyYbtH5FeWDImIyYG3c30iT7Ay8sXvz8pqpWyucylAqCcr45ANyaEnI
2021-09-28T17:54:37.363819756Z 321 AxfhQ5Y7LpW5Utya03ZqJzLLmF4p7Wbx0FYh1APlmEvfbfvAl00M969U8S0R
2021-09-28T17:54:37.365960411Z 322 cR5tmyPdYxLTj7lBwnd99Dua1xx706cylFxsrcVVJMp1KETXPhOZWtBX4918
2021-09-28T17:54:37.370786118Z 323 0szuKg3R16FRYSSu0GFEh9wxEyzePNjrJZlSiY1y6SJbEzmuAf6YacHimFk3
2021-09-28T17:54:37.374368304Z 324 WTrnq5wqNmdCQfRjc429dspw36cknL5nNdBySWqKt0ueQEbkBZsHQZMr0ewD
2021-09-28T17:54:37.376852636Z 325 KYNc89sgf3v1GbhNmgAGWKTmvTt5YKGXYZvGvqQuwKBCcLgkNZwSffxqy4RE
2021-09-28T17:54:37.379678248Z 326 5qCZeUCHWCv0EOXIpyBVsij3UO5Fq0jmmfhCxHDhJYR4AWwYbcitk8uzbyoE
2021-09-28T17:54:37.382317788Z 327 QqRLbBXPTaItzHE4fTFNbWi5yYVknK6p93X5FXO5lGgdnYIULwybUT2z1Ab8
2021-09-28T17:54:37.384510922Z 328 3yodOvSfKzbwpVUhxM9yI4rrEPM8liPbkrcXrzgY2TxEstyFUGzUanZ117Ed
2021-09-28T17:54:37.386612080Z 329 VkU1Q7ineLIbrobQUS6kD41u35vE8ytSERN7yJupYGqSEsQW1Yx037eqkJZA
2021-09-28T17:54:37.389551299Z 330 NrZN7PsdPVisPgBrZFb5bPorwX78anZHUcxt9WD5rRPpN9MQU5bzA4hLWRVs
2021-09-28T17:54:37.392276907Z 331 42aEPS6AkvgmNpP1cmXo75hfUtUzXTlbbHQcsEAkDqraVFU2oJiRL7NxdOpt
2021-09-28T17:54:37.394719598Z 332 QAPih4WcIYdSMzDoY63OXYXdh3ASZ4PNr1kd5WvZJt9gsukQdGp77H4HdFE2
2021-09-28T17:54:37.396548648Z 333 uPZPc1j5TLWR104WIICkk5FXgjPc9o9iW2Vy6tXvpp3Ju5TlnJynrcsxZlmz
2021-09-28T17:54:37.401206585Z 334 6vTG3WI6t4vkkcy96zf7L9uJcFjNvB8yHC2HBcugVcghmrfVhLWYxAldJka6
2021-09-28T17:54:37.403693060Z 335 kak4hvh27Wsmzk3jvqh3dEoNPNxLRUfcP4WkqvFMZW523M5J2XL2K7k1HQl1
2021-09-28T17:54:37.405702043Z 336 QowyUBSbprCt2Ye98Fo8ndTEYQYzzAMpRbwIvrDr0FVzIZVAU4c7OowgipsA
2021-09-28T17:54:37.408095143Z 337 DauAg6gVdM9iywGRpEma1PEcJBoSbvTqYmKvd34tuvYMVgPqeM3MZGGiNLCk
2021-09-28T17:54:37.411822856Z 338 fwMkp7MEciNRGLhpqqYhQQsaOW2eLdQIqq5gbRSWe0oi1pC1jN6IsCURpwR3
2021-09-28T17:54:37.415908734Z 339 zBp05CunTCPvLOJxUTydXfxP2yvxPp1Fj7CxuyM1HS903SVeaE9AqoKSDOnx
2021-09-28T17:54:37.417726705Z 340 BPiq5R2uSF8SpOWbONZ4dbK7CrQQIYkky9ir4tifq6TWyZm5RdD0pEXApjz6
2021-09-28T17:54:37.421250261Z 341 6lxAVoR9WGjiE4XrBvr5u2Td9nB8a5Eq2nxgg621Snmh05ioEQ5xrWWoDP8Z
2021-09-28T17:54:37.424258683Z 342 TbDzvnAdOPTjavtPVZVUIzpiX3jr1bn80ICHrcpB9EZWvmDbkINtcP8oZUA4
2021-09-28T17:54:37.427261694Z 343 rXggWOf0w1mc0LiIHsc48oDVHH8xqyco9o90HPdfp7lHHHvMehsAIcsvsscP
2021-09-28T17:54:37.429566722Z 344 kOjIj9zAypMjqBGcqRH6BeNxc2NXm1Eg4cTjUdgztsovXaq0ZjmlKH3ssJMK
2021-09-28T17:54:37.433750450Z 345 MnnvByg83mwXmCB9E3FQ3toDovKP09nM10Ej0uOlWd773K4GcVVOLQKx8j3A
2021-09-28T17:54:37.436476794Z 346 HKod7PWHnlRvNTkOb3B2guPWPdL4Zgt4bjyX2wRi8P1ZZO9Aam0Ro6mV0qBz
2021-09-28T17:54:37.440042513Z 347 5IEiB4AYN9tM5jkAcaM6dsqea5TzuGhkYtj6hIIuCoQr0m6Pe3fnaCSuuDwO
2021-09-28T17:54:37.443225430Z 348 DR3u3ACIQiT8ta0JKMlykZzp4svpShQIZgq9aNhYttNHc4l1OfVqqIFp70Xe
2021-09-28T17:54:37.445405449Z 349 G8uJDDnZczbvS9DQtSDItt83djPTnNiS4wHxrCveIByLdH6QjuNdKKViw7Q2
2021-09-28T17:54:37.448356501Z 350 m1uZrGyP1JNUBmVhTPTvsV7492BMLvADIeI6jovcSihu6OPnQFVvIWx01fpD
2021-09-28T17:54:37.450490888Z 351 McChbGoozmZgMb7mnrr0QgUvWC39y7ZSMzMGTT0w65c2WpBcAV0zgwu0g4He
2021-09-28T17:54:37.452660343Z 352 OA32OEjmbTa5hhvob8uUMqlSYPO1Ya4lGI6YXucnjB7NyLt9SNsSn1Ed10BM
2021-09-28T17:54:37.455538249Z 353 5GFh3WkOWfChcbhdMJBfYhZU3ncQ9h8pMcY50Y5B1GwUAr5TRDmdaHDZ3rzm
2021-09-28T17:54:37.458370753Z 354 woH8CS4t14TRF9bGpnK0MKWXHw5JzUDPNB9wEeRkMyFbMx809QdxJeRJ9Mll
2021-09-28T17:54:37.461880690Z 355 IvcyoEntFVJH6TBznT4CsnE6Gi1Rd5XTy2mg9ExGcABqDBhSKeFZduIlnW75
2021-09-28T17:54:37.464989578Z 356 E25et8scF7oc8BWwqM8cWgGAYee3JjApGIezjMLiY9Z4CPW8P9gAZxdWuI0x
2021-09-28T17:54:37.466963036Z 357 mFTRMYO2pll24k6ppnlWWof3l5AW78NnObUe6PrTk7bQQlKGZmjXmgLGsgtP
2021-09-28T17:54:37.469368724Z 358 xnh63kCARZgUUZaf5wmcFlJlEnsjw3u32itFbje5FJSoHBVc7kMX2KaDsq5J
2021-09-28T17:54:37.474216621Z 359 kbHITpOTI8NcnVNDJMViOOHAnEZC5bwidcod1tlE8rQsHrdTbNdtOzOqdFco
2021-09-28T17:54:37.476547791Z 360 EYdWvo6cAeWO55zRIqHxUx16sQQB9UyrPeXTexF25vSqXl1mt9emkuzItkiZ
2021-09-28T17:54:37.478571167Z 361 E9mHp3W8B3C0Siq1hhlmpYMK5uWH8dXoMm2gCiuoPMJvIcdkBdA7TwqpsleL
2021-09-28T17:54:37.482035884Z 362 rljo7iCaPN39zei9poF1tyIQ4W0OAO3dAbqtExWcSFNoZwpui1bNlaUCcdOI
2021-09-28T17:54:37.485387674Z 363 KArP3rdLwCPqEpbzD9qB0DiFD5qMlXzrVmfsgECysearSk1JcJDoD6qrEHcR
2021-09-28T17:54:37.489674737Z 364 2SZMFJR2X4Kj6j0Z9xIiig14W6ljg25CdwFAxiHcDrQ2d9eg1Yp6tiSjr8el
2021-09-28T17:54:37.493417065Z 365 XXvGrKXCWEnEMlpv0viNK3NCXcooofRN8VGTXcRxgZhmDPj2UxyNBPwknlSf
2021-09-28T17:54:37.495904397Z 366 WN4BUEXnFgeVUvWeIP3zglRucNdcpa0nhcPR2Gz2FjuUWDQMV6wO6Isglm7P
2021-09-28T17:54:37.497907706Z 367 jLnyOjdSP1jRbMzg1d5P2ypKgJGEpRVaoV45pgePEwkadEQ3B5ijgntx8RVj
2021-09-28T17:54:37.501560499Z 368 SCVeHm6RFF64YSoYmpTPsg47S6JubjCHvc5a81IpuNxZw83iscuKcrTijNiD
2021-09-28T17:54:37.504015625Z 369 73odhEbAwwOqrokIWiIaWwPtGNlPXlinPXKBD7ay68NoF0KuN2dm2VeP4VKV
2021-09-28T17:54:37.512903632Z 370 RI3hLKPNVtxe1j9XFoymztMHA2jebbLD6jWVdxCuzVARwAPYIE0ZkaA6WO85
2021-09-28T17:54:37.521651275Z 371 GZvH3XNFO34S2ggkG02OQuWpjONbGSx5y4K98kdpapjOjYV8d2UyL3FoqnZB
2021-09-28T17:54:37.523494306Z 372 A7GWybnhaV06srShJ42GUDB9zqSvGYuPdwTx4SRXpFl3p4FQemeiZOJoUgR1
2021-09-28T17:54:37.525953074Z 373 x27IL5KkSu7ZY7FN2MByK5Tu8lJIk9ekQ9g53YeHaPOPlJV7tDBOssidSprA
2021-09-28T17:54:37.528736167Z 374 tCXR37d3hKnxcPiTsGqPALQbXpI5y3d15JVe0xqS0fgPGFb3XI8IloVSKLNW
2021-09-28T17:54:37.530668572Z 375 ivaXwcsQNdyTHObWI30mr9N3SJffj7tLIMXBmqxOEF1uc2uE3zBnEGypAbvF
2021-09-28T17:54:37.532681740Z 376 6J24PbrI3Herh148VMVJWHXJfQntWtcuZtE1sc2zzQ7f3g4aWvBCnoK1OPwi
2021-09-28T17:54:37.535440186Z 377 ievGYuotZGikCWvqLvimOREta2h2aC460sXEGr2mi0U9uxDyNVS6bSwmoLlD
2021-09-28T17:54:37.537856690Z 378 yKaYwcurYCPiwl2wCPfZLZZXSjxG0S5rQiMQxqD4StJWYEvcnDSVPbeH5MuQ
2021-09-28T17:54:37.541502486Z 379 aBvzg04QWZ5EOTHXPpbcZ1EfMhfh482HDFVLqhABL7cQW0jypzeRNz1XcQC9
2021-09-28T17:54:37.546472241Z 380 cZs8tlJ44djIzOmNwMvNliWinYUq3hwK853PTsvxk0ue5Jx0lvtoTDnZiHUq
2021-09-28T17:54:37.549486919Z 381 DDRV5dqU8iC1jevdrwEmCQBHW0AxtsOeClELXlm39SxDS1JPMWdjGaK6unSw
2021-09-28T17:54:37.552528024Z 382 E8ZrsZTb6jdTdjv3l39U9PwAMdsn1GFbqNuowwQIlvbZ2Ts9kWqnbGijQcIe
2021-09-28T17:54:37.555151254Z 383 Qp4MYJlrp6WiwEqb08PgVSMXZiWjx2bb8MuP84GmPzQz1fEr3FIDFhjSIb23
2021-09-28T17:54:37.556505453Z 384 hwSYYge2WgcpC4qG7HWHvNPw3GCrLmN8nLO26DSvglEqWElNdbVVIkvxuyKr
2021-09-28T17:54:37.562921753Z 385 C8rvd8ywv6P2G3xS2M8R02sA6Y99Tkat5vDm8FZzBn2XxAxO9TOfpa10ihJp
2021-09-28T17:54:37.566431333Z 386 tCVthgxxphUmDTTxqKYj76t6ivB0CFLRaKgIfpJWLcdKrMHukhmKIhKxMFp5
2021-09-28T17:54:37.569549500Z 387 lJzUprzxm7mZnE3n7IDf7MVTi1X6gVQKQja8CKPKHo2fxiu6zWpLxx1i9EHu
2021-09-28T17:54:37.573566701Z 388 0bRuIzGLU3RjMunjHJp1GRDyqla5HH6ixZk430grT7mVGGTBubreD1UiCwhC
2021-09-28T17:54:37.577864760Z 389 FVgtQOqfIW43hi8AV7NKTu4fjfQaCmK7KoaacZzueUPKv7UoiRN32226qdRI
2021-09-28T17:54:37.581226624Z 390 zuupdY3GASwUtn512ECvEfhcS0yYLVSMvDVRkMMgqlXMQFar2QZvLhePfoYN
2021-09-28T17:54:37.584875246Z 391 zwsXlO1KYdqJJSCuqxPJismBz68X3WzZ5t0VSVm8J4HSdTnMka9wOXAg3fNp
2021-09-28T17:54:37.588404942Z 392 pKyfOdRBJ4CpXFc8DE51t4O346H1EHizQkkEw0sMWlthfomEIR4cYjGPXNVM
2021-09-28T17:54:37.589896927Z 393 P3sNEoA7SKS8PmPeH1ZYoHrmYnaE3Ccz51FEqJZ7OrBkNK5NkmjbBqjnOS4a
2021-09-28T17:54:37.593461217Z 394 euCSHa1SbxhSjFseCV2SkPvNTItipB0NThfkrs3ZiAgquWVCSjn1KnDE5eob
2021-09-28T17:54:37.596575945Z 395 iOVm76UjBqrflNRgWFW4GKM62wW2pMKxq3xhmftwJslp708fR7yvykeW3oS7
2021-09-28T17:54:37.599986761Z 396 koZpkTsFqQTO3qttZXd6RB1BouHXRKOgzsDgtVX1BcbwZU3ZwEs1KKRFOxTB
2021-09-28T17:54:37.603749636Z 397 MDe0zCDkj35yH0hU7oCYAb4rKUwnzUvsajyqveOvYA3tSR64Xh5z08ZXx4vO
2021-09-28T17:54:37.606165329Z 398 6Ac99ixLhCNobb68cVh9oUdgizEqQmQAi93kuEvIs1VURbWyeLiCexqkXEN1
2021-09-28T17:54:37.608128595Z 399 8C35BbShUfxQD1m0w6QghKEpIcomDLGI4SdvtUEjYP2a32ses8TbMYaOjMNI
2021-09-28T17:54:37.613436695Z 400 x7RwglusuocxNMqvVQ7KrvX7N6SAw3UyNwAn5PmixWUCzjwbvq6THfW02fPm
2021-09-28T17:54:37.616472387Z 401 iRGCNpBPDKAVWg4HKH8Y9Bqm2yQGVCYg2Xhqa1VayYCuxzZjMaBEaYHeyfqz
2021-09-28T17:54:37.619854168Z 402 YoVH6etFF7IFENY0Ri7nV1VUfDx453uRxbvS1okKa4akER9P6DICBoCclIAv
2021-09-28T17:54:37.622199454Z 403 ldF5wEIrUOoLvntLGePACRkwwSa3sABOQ7DYMy4lwrX504DmbCEJkw52u55t
2021-09-28T17:54:37.625549940Z 404 PcfCRdzI0Rhy81qbWegN37iUN9poprO4AY5ggwztnBRHKS0MbTB2vlzCD0g2
2021-09-28T17:54:37.628499969Z 405 PenJfeax5bVnWeDSNba4TMVFJHxovtA17lFzXOYzFbv3Aax6HHO824Pn1YIg
2021-09-28T17:54:37.632017867Z 406 W33SH7W87J8xzcZdIPazRdHD5l41z4rjQcdTU4G19cCoYNJIvlITwVE6Fx3j
2021-09-28T17:54:37.634958985Z 407 3rDL87c4AmX8iJFeQU5PabhP052bvT4rzU3PyZ0j9U5k3jpYzSEnuBG3oS9l
2021-09-28T17:54:37.637459355Z 408 zCfrkmRplMBec49ShLxD2A2P4jpjK0yI0YutYzdR1gidO62KpXVMGBwYhHAn
2021-09-28T17:54:37.640507480Z 409 vqHhyuX8RtNOZRt7SfxcHPehJfaPFbsmz5uizBmCyUymdfUCpWNG3fhqKubi
2021-09-28T17:54:37.642932519Z 410 fs8COUXW7DB4oz7eHFZiYG48Mu8lQ8AXTrAa6J5LDd8en90JoiVZ4o1MLBiU
2021-09-28T17:54:37.644783923Z 411 xucVtodolDNMJGCSGe0Q1d5QSRqIZDBAb06cCb1YzcmmPSJ1UrvB4VKFquLG
2021-09-28T17:54:37.648101286Z 412 CrJ8X6ePgEqLGv7POulRyDNB6lxypQG5uINoUeM38Fn3XXTGvqzTODmE3XCF
2021-09-28T17:54:37.651570889Z 413 k7wUnfGAgJ2qlYokgU0lSDPSirnyKHyhMrLtF7nR8G6zachWmwbmiqljohPu
2021-09-28T17:54:37.654370366Z 414 LuaipOFtvky37JO5im52jEbXATXB4pf5vha1NbQAEsgdg3PTOQfmzMbsJvp5
2021-09-28T17:54:37.656495067Z 415 KmHTlVlwNVxhx2B1hnRtA9KA5ZTxwZPNFqzsg2gVPnqC8OUBMbpxZQXbvVQx
2021-09-28T17:54:37.658449376Z 416 nhI2UeUuy3BKWfjadgBJHTk2Isu9prBrXRs8QHGNsHeloXl4cTuK302IijdP
2021-09-28T17:54:37.661376788Z 417 LgkiSoCiHGKtojJQAR3tLwOdLHMXqt4UhaCubnW6MgdcIwsJ6DhjtRJHD2Ot
2021-09-28T17:54:37.663647371Z 418 4wXmbeOPmYldmN1AAvwE0m2r9rIWeVfxklO9oaDlAj0iuKKZtml9PaV5alIx
2021-09-28T17:54:37.665489058Z 419 shWfD58G8fvKKnVqMFHYgWo2PonG6V9QlRbI3nBz7csQz06lCyW0oBt0Fbzo
2021-09-28T17:54:37.668250950Z 420 Z2AeIR94KaCYSSIxI3zSer3dIXyZSVj007tFgWHYWvnEwPKoeAwedQlrHF2J
2021-09-28T17:54:37.671795596Z 421 OB8Y1nJsk77Tk1THscMh7fEb469FB7wEKEXQtZPlS8W5VPMLZDQCFnkmr36b
2021-09-28T17:54:37.674481758Z 422 NbyUgArDhIUq8tqp7byxh2NWkrcHiGZ7FVh5H36u7iBe9ICBA2nHthPo4BpK
2021-09-28T17:54:37.677601970Z 423 DUTNCIJXAVVGAGQG0cAbkEZhtsp6j6G7GNYyAU7m8jsr6mIJPI9is4Wc59Eg
2021-09-28T17:54:37.680285973Z 424 LxziBz4U37a5jpSPTYOnhUSoEiBQkOUa57nVHkTjN01xWQVA7O8I4Hn49iQU
2021-09-28T17:54:37.683585253Z 425 FzYy1gNTNtaGXRWqZXX8iRhKvdEtSysqHvSPs8tgFagvRb9pnxMQtctPxstB
2021-09-28T17:54:37.686195834Z 426 zZckXNNjzoghevtlBSSHUDRQd34C2iz73heXgMhOPyiLO3x8TkrdkplNKTFv
2021-09-28T17:54:37.688255685Z 427 oI4uIXcILsQ068quaQnmIUBAOliEYMl9oX9kzgPxIG9eAksDLUucyTLXbBue
2021-09-28T17:54:37.691010746Z 428 SrLZq2HYTJ7OnAesMpRtr3VAspgiJVliq83eYxyUfEXuqX4Lk7jJVHsxVZHy
2021-09-28T17:54:37.693081371Z 429 xu49AwEEama1XzOvqZpDB13iRUiOQxL5mpO1WTAyEnmSekFt4XYSZxrLxrPl
2021-09-28T17:54:37.696373599Z 430 izCoMFBfaWsFY0g8cQ2US9T5vGZmjMouWKdkZai5qyd9iDXXLQTiCTV8WvMz
2021-09-28T17:54:37.699676981Z 431 kXYAgcIOnRlDwQmrGjZ1KyVsgDMJZ6xHEmEAzGm49kPdiiUKxH0R7IrZoYd9
2021-09-28T17:54:37.701671431Z 432 Is19fv6MCqX8xw5p7paKzRHvk1oM27FvfYpSEnud8nbN3YDt6zMG2Jw7dp4M
2021-09-28T17:54:37.703762188Z 433 qrp7RYluDxkGsDP83GUgHThUuAhRcHx4z3UMfhWQmEI7ptr2H0JDPUQ7KSgA
2021-09-28T17:54:37.706583757Z 434 C7AWWBobR6sjF5RKWVfAx4ULO3qAmoAoTwsR5cNiddehcEoQ7087eFUOycJl
2021-09-28T17:54:37.710136550Z 435 4la9JhKouZ5Z3fvGE7MNSMNPNgaLCETAeaB7nxipKDBerBUOHw2dcdX7pays
2021-09-28T17:54:37.711712743Z 436 2GG6x67RtemUbf0fj1YFSvh0qTUu0YOKtpEM7WaPMyHyh15xIDCviTgNxBc1
2021-09-28T17:54:37.715163430Z 437 82AXSbAhpeJ4k96R22ULC6hvY2wAAFAnY1dztef9XcBMJA2VQyLPOdYgZxh9
2021-09-28T17:54:37.716619935Z 438 5EiAubJUc365ep75aTqeTtRXHib2C2ulpBMTvvJkSQm2hjd1yzcgUXZidMsP
2021-09-28T17:54:37.721438822Z 439 gyauef9MZDKRi4skF2Hd77Tache3Ya2z6iOsZDKAUUDq2GJnCZckQKk2fX4B
2021-09-28T17:54:37.724458387Z 440 8rLFzvviKRfgdRFq04ppNm1yBQF6MgmX0E8PGoveBohvrJez7ilOivNDDXf6
2021-09-28T17:54:37.727290387Z 441 8rJA3b3t20IXaq1wK3SINuZsqN6dXXTJwWzQ0QyrR9mSufSr1EG9GJplUfwq
2021-09-28T17:54:37.729398120Z 442 H4Q6UxAlmyZrmJ2I8kinHfIZPR4OeEdmoRncxoG6j0YW5eEPupFqsjk8fXWG
2021-09-28T17:54:37.731498000Z 443 9dcmNgj7P1uyS2ErKW5HZ4GvcJpSZ7wwZFEQ8JkwbJJbqsZYMKbV4eC8qmYk
2021-09-28T17:54:37.735804042Z 444 kXF60VxkeSwUMj9NtqhsPmPGPWFAi98DwllQCtsOmn82SPYIdEDHdHBJuqyo
2021-09-28T17:54:37.739073504Z 445 839TlHsyFqjsqQBlyTUEkD8mdpbrgydlWb6abZguUFOzCPiQKlclBhwjXEcR
2021-09-28T17:54:37.742678874Z 446 8pNNueRmJwCsJ4vCP2rXupQwfjT6IKrDX949Ua11gCc7KqX9CUCYAsQNyDqq
2021-09-28T17:54:37.744908637Z 447 YnoaMBlvrpPVZ56FiRpWImC42vRyT2SJWxQLenf2gjCAj1Y9FtJuHOWmq7bu
2021-09-28T17:54:37.747325790Z 448 rrQiUaDezL2neIpXcA9dgRtYufe8tqYWlHAzrxzmk1kcrP7rl9EXkKbS7XJL
2021-09-28T17:54:37.750504197Z 449 KP8QqG5ZuCwyuu0E3SCPJ5pEQQq3ScSYZEt4WETGIAA0zhQw4nrk7sDkWbtJ
2021-09-28T17:54:37.752493292Z 450 Gh8uOZYBan70j4JruBm4R2PxknmtBqneV9KgxBOYc5DKPpgaOq36TgJNOXIH
2021-09-28T17:54:37.755032097Z 451 s122Ju8LX3ujVws3WUJHz2FiNSOBRd0HaOQu8tpMTnMXyxmd7IpgsVsA04OJ
2021-09-28T17:54:37.757734142Z 452 CtLmEDaRmJyo8v5jwbpm9W47KawhSqx3SoW3syHXCsmhzj008PRn5LMvRqlv
2021-09-28T17:54:37.759820675Z 453 uk5UxE198rFtAU0cCopbSObWz89hOEfFsnUNVOO9ZOKHnavjS6BkY9OB4paL
2021-09-28T17:54:37.762059858Z 454 UxSjT8RCq4mfkTxd8rTt7lfDc37WUWit0j0Yi31addpAfEUsYVo1KugAtfqq
2021-09-28T17:54:37.764970765Z 455 2C19VeiO8o3Scdj63RslHO0GAEtjqoZ7yptQPB3wjY7yDYjPKC20wHxdZxt9
2021-09-28T17:54:37.766608297Z 456 a4Y9GHqucN2KDlqnO9QNVvWZo0iPegsrgkOz5b1XK77Jqa6LwsPe6faaHi3k
2021-09-28T17:54:37.770519832Z 457 VuGMircrcguExFXR6A31GE7n7QV7EYRLa9gvwwMcYPvOasMXYvfmTchtytTf
2021-09-28T17:54:37.773900887Z 458 FEhdD7uugPQGAdFeO7rcnNFGXRpTKwnyBmQDfIhZpXs2yfmesRsi3VXA1q2V
2021-09-28T17:54:37.777186119Z 459 ZJMWxdHQ7JVBT5cDMIO2GkPrZaUB5imFcffIGBJCo0tsxwN3tQ8LtJdQlHNd
2021-09-28T17:54:37.780428980Z 460 UKfFA9Zx2WcEMBcpU01wQfqcps7SEfJ42ujW4Yn9NLY7Q7WpxzdNawG0TFKh
2021-09-28T17:54:37.783739316Z 461 WghXBJRra7YeGoTiXY01hYTEcmpFNtBw7Aly1gJ5P3S8ZankPFVDzKtDF116
2021-09-28T17:54:37.785993464Z 462 xEtwvnSKJLi6V0AZdyne4qyj5ecxUotAoTHkzERZ9dJcLK215saohy00UO4o
2021-09-28T17:54:37.789050687Z 463 GAgJoyazlaHbfJkBykMgAR3WIoYEuIPt6JKXD5oRBxZ2KajNfJ1n7RLeWHZ1
2021-09-28T17:54:37.790598668Z 464 WxJcJvmfl4nwQsC2xN6TcWPIPRLc8ksSm2SDEFosS1GPQXOVBMX9bb57SNio
2021-09-28T17:54:37.795066883Z 465 ZAP6Big8f2TppPL5Nxn951Vdk7FOReFvCCmoWn7Lk8zKBl2XFMh2tbQG4Zwr
2021-09-28T17:54:37.797124253Z 466 4Z1OzjfjzTtix7tPtv7D6jFtByIsNIoywp1Uz7k4TE9zX5frmtWqSZ7WmFJ9
2021-09-28T17:54:37.801748801Z 467 yqaw5aigRHV9Mk07wxMQP0IdZda0mqHgTyIHgGqMfMMDYKPNEPDstMTd9ATo
2021-09-28T17:54:37.804291692Z 468 a6uAke8iAtyxP7Qjz90hpCUnVoR9f6BL5mCW9CrUF35xBtULoyHgnclMZrIC
2021-09-28T17:54:37.806985606Z 469 a4Y1rYSEyJBAVp7F9WDEiCDJKqU9rmRC2O8bH9CPScnbJSfhJejRbyIrba6G
2021-09-28T17:54:37.811159697Z 470 H4m2XUbRMmu86KTenX0pDI1Q7UFy55nFlI8MzNp9AZSO9JucxDZtaNo0nCHR
2021-09-28T17:54:37.813574840Z 471 x1t8Q4yI8Y3BKeYsrvJN13MgnLqP51hdq4sIuWzonic5mYy6wcgDl9TzEDTq
2021-09-28T17:54:37.816067978Z 472 NwcbjTm1JD9ZFcDG8FRWptUgGJvqPz3vt0QffXnTdqIp9fBu74F2zGWYMPe6
2021-09-28T17:54:37.819347274Z 473 sRGNt4mANs5oA1Ag1Zy9xAEtIscSzLd1CyzdCA4sunMyA88o6XYrWwo6Bwu3
2021-09-28T17:54:37.822387374Z 474 XJCXfuSJu66Mxa8PzYmrWos9JAfSCgK4qBwZOXziRfc8JuyreoniwCA0CzrX
2021-09-28T17:54:37.825348569Z 475 C55nqjowVFaN571U5zrPShII0PjDmRjgDdw3CFsSaUAFZUA2bUKVlpOTSX24
2021-09-28T17:54:37.828445309Z 476 U9RTLY2mKCrX57tBqfYuODvmM8bmpvKIgzAZ9WQXTeoSRtiRTGfAikU2KzmN
2021-09-28T17:54:37.830733649Z 477 PNUMmmrSCEbAbOoV6ek1YsKbbZmSPFxzN7tHakbBR1LqN65DieDIMMI7niZz
2021-09-28T17:54:37.832436438Z 478 ZQ7RN0SctWu6JrBlsQ9JJMkXLNyS4aFfBLas0b6XqkHbRHkLE5y2cxUGL0yk
2021-09-28T17:54:37.836819199Z 479 ODwLDEI1tIkOIGcYjJPlnYVepKJtodRoLwJlTGUeBfyz9sq0kMfPADHIo96w
2021-09-28T17:54:37.840455394Z 480 V4fHxjW7Se8Cb5na8kqJEVF7sP0xvI9ianb35oMM6XxGCEIUUPDz9lzFRn3R
2021-09-28T17:54:37.843494309Z 481 9S4T04tJ7mvq6BRHNEGqzAIOVlRW0HgMYnNUBLrrTtwVw3PdJCG4wzrBo6zi
2021-09-28T17:54:37.847008875Z 482 tRo84HyiSINvX5b8QEnGdbMi10r4xOroQyu6TQvGSPgiHIrDulB2xyJbeVYq
2021-09-28T17:54:37.849199213Z 483 CbOnkWg9ZexYBgaR69oqey4GHGrispJUIvNRfJj3H4xiD5voFNpUP1iNqnMe
2021-09-28T17:54:37.852983717Z 484 RHcRiBLVaXP9HQBoknbNmV6zsENpQPVQYxYbnDOzTkJRu8jRfn4XbbK3DSBM
2021-09-28T17:54:37.854639277Z 485 ik4cCJYktO3nCpHzQX6J6mIL7MR7tFS2I01bsSHl5HK16fPkh0lxBSVT8tQv
2021-09-28T17:54:37.857508443Z 486 Sw0jtyhIr2cfH8i4UEeDZvvOeb1fVb14U9M6xaVV1v8meg79wzXWhoUVMWce
2021-09-28T17:54:37.860382666Z 487 amhLA389Fm0j9gPVfsVKolJjrnxrx2AS8vLT34kDzxWKdcTxryW7N8fH8sg6
2021-09-28T17:54:37.863525219Z 488 vSzO94gvx9ZQ00wkpzHPSZAmj0WceefN6D0xaoMkSagLHk2JWICa6ixPgcts
2021-09-28T17:54:37.866525624Z 489 Xghrmm5tVQnL5pn3BWDr0gX99yYqx67fYe50uV9vwei6GwBFYOWLCmlUtgGy
2021-09-28T17:54:37.868726218Z 490 t2hQb6MYEXnMWFXl9zwI71SYXwhlHmMdEdwmeJYZOWJ9av8btAerx7IEjlOE
2021-09-28T17:54:37.870883901Z 491 2GW8x77sb1Mj7kFjIUvzfzXKqjKOZXgH1FoGf0PAX5SCzxyztqFrPurTApl0
2021-09-28T17:54:37.872966880Z 492 Gn3ZGO4uXmBdjEQCbeHzVCjykgpa2a8OmteAQilvgjyJMo39WWjT8hmZC8cU
2021-09-28T17:54:37.877700838Z 493 QxVr5Ha45VZWUZPsERue11D02NMXOMEEcHbxE24v6T3BNEH9Njbm4Y7T6bGA
2021-09-28T17:54:37.879626734Z 494 wDPnAXD4HZnWPCcBKrpZ99eXEYifEMtvv0uWtppkUJZGtAnIAdSuCNxauBXc
2021-09-28T17:54:37.884150764Z 495 RkdPVahRTkze6XlpOuOYtmvpxsIUFJendfAegdUNkVV6O5eEjbh82jn9D5SW
2021-09-28T17:54:37.887202109Z 496 kuR65NgkxLcPWuD3CU7T1SK4gm4FbRW1otGJWpOJwSW0olhS6J9oIXmkcRXy
2021-09-28T17:54:37.890370850Z 497 LO0GMNttX1WWvGEOaAzEbfORjvwPeuqvCEjV0i2jZFCs3LAU7BCOvCdYJygr
2021-09-28T17:54:37.894476521Z 498 sSiogXRKHpv77xryF7RjdNLVYZqNY8nanjHRkoecXcI13gGasZA5x3Rh2Ost
2021-09-28T17:54:37.897836923Z 499 ngDlLuxjoJaYU2REWWal6ymIw7MIAZtQAuEJvJcXJy4N7XZSUEwo4KQFiVNY
2021-09-28T17:54:37.899763977Z 500 zAIYelXEjZDwEPNIne6qmbu5eDa6K68zmdH4w7oTa8KGWEB5xPOjWL1Enmry
2021-09-28T17:54:37.902546502Z 501 cc4a0Wgce0KDGfsHSmUlppJoBIBQ4kxb6eHoDU7qFfyTt90XeIxsEajQnk3e
2021-09-28T17:54:37.904866404Z 502 NRP2mnJ95gy9jmFsmWrYjmJEQNqoctee0ykniA9LsPLKaLKVzDwIYkX0q6Hs
2021-09-28T17:54:37.906622424Z 503 IOQOBpXije9Y5Vx8D9zfrhJ1s5Za4jjRARVACC8a06t7KHpqXvu02ZYrwPpD
2021-09-28T17:54:37.909537494Z 504 K6cy4NWupv3NJMRt4hIv1QoiuFAPBodiUFnYG9CsDhRmPKgmaWezCWUq26YI
2021-09-28T17:54:37.912590443Z 505 RSbtU9Gyy8iRuh1ee5vvgcIOJa1VBOOLsQzgbJ8rOo47s5i9tRuxwyFI6t63
2021-09-28T17:54:37.915532902Z 506 R3KU0W3l3T1AOGAZ6UPHmkLm6CcMDgC8Symj6pHUhubgEd9Io5UH5yDL57Ye
2021-09-28T17:54:37.917772024Z 507 Hv0I83LjTaNRarJAKUsVL0H0McXXOFrjviBHDX8VNPx1XnzMIfgIi0DYR87T
2021-09-28T17:54:37.919622700Z 508 WfMb2u8ryIvssU45WwcMa7fEbbqMtQjoToQwIZKMOxn0Y20SSWLbH5GbpXe6
2021-09-28T17:54:37.922868571Z 509 fwSqja7xui6025Ni9rmR5gUxLBJ26vbo9B1eTTVNwhXJFkeNN8m0deuDqyjW
2021-09-28T17:54:37.925218793Z 510 nkRIOpbrmdgdq8ZaMIC662RuNsgNjmPUFuMHAWuLOEJuS06QiVNNELmnRBFG
2021-09-28T17:54:37.928764589Z 511 FRAyFfJkHOtoyGEoxa0mdLdRUh3wvSW7oFb3VXBdBPN1gdRnMUOJjiPVxjgi
2021-09-28T17:54:37.931167809Z 512 H1EN3vabuqdQo5wvIGYXnxFUpQOYTWod4Is9rZ9dgBKrEsr8zrnGxoty8eKS
2021-09-28T17:54:37.934985106Z 513 nIBdB8O6EYC3Iv7uFIH8dGrjhLtDwjO8SFQsoxRF4gVEHCXukUZDI9c608Ah
2021-09-28T17:54:37.938972331Z 514 8aomMeUTno2iX91M97C60JFMtYGDCLjvhL1d4BjG3gSBRTnJha3v2GaQvvgl
2021-09-28T17:54:37.941238643Z 515 briq1fKee8lDhT2P4vT13TZ8MLt3F4kB0gtR082O9EVrs7hPrqDyNNfDWHUs
2021-09-28T17:54:37.944965403Z 516 JmKcGi0HylUJS8DQwP8IYrOtSVWD9NYzyDTNsSG7DzE9h05wb6lJyEt514kX
2021-09-28T17:54:37.948378530Z 517 6L2jVfbC6P8gcrJlNL0JKF8wu4lCQ4OJqYwaVVIyPWOxThczMYUOqsP5Mdfh
2021-09-28T17:54:37.950728763Z 518 wfsZGyhwWGPLODn96W2A7SZt76WfOPgksMny8Anm66OfO8esCA1LHMHmQSQl
2021-09-28T17:54:37.952709567Z 519 XhkyR6FVxFLIb7ttr7B4urDNieFH0nLw8xCfPE7mhp99ND9K3UdnTjqKE9Zh
2021-09-28T17:54:37.955867657Z 520 BopCNMvGyKOIlwchuStHg6YGcZFOsC9mDGDHmkQLSpLzRUnjD9AvlIuPlwFy
2021-09-28T17:54:37.957786957Z 521 N3IcZvgzOw28DfEqiG3D1vxGQCjVEwvvd63hUzbNpiy3C7u65uLXvmWaeWbT
2021-09-28T17:54:37.959629486Z 522 psW3APpfWgqwcbfPv0BwDoJKCliKP97O018mX8e9RwrhTN8aGR1MEmFN3ZA5
2021-09-28T17:54:37.962835898Z 523 oi5EPeq1sa20MCBOn5Mrc3pnSa1Qgg5N1QNY1O77zoJA32QgQDKBovCqSAoj
2021-09-28T17:54:37.965895189Z 524 hTd4cG7TSuHwAWZ7pxRAyDv9c7u1XzQOzIIGlPuQy5IgOkek5RJN33Q0mmhe
2021-09-28T17:54:37.970094688Z 525 191KoWnKIH5hd0d8dUhcxsQeFkRJ02jMZbVboeI9tw8kpOjibsfXHrNmOSsC
2021-09-28T17:54:37.971982183Z 526 yR8C3UFWvCCefdOU6bnbeqBU7SZ4QMMbPH7nFyVQOLa4Vgu7ba0tIQy6nVyx
2021-09-28T17:54:37.974531513Z 527 NQJnyivcTUDdQjb5M7orlLHriKLLucjSd0nJBPuOUJzWRq0k2A78WhRB2GcJ
2021-09-28T17:54:37.976838378Z 528 EsEUDO1lUW5Eq51kJJWr1JHiSgFrl86ndZUl30mAW4kMPbbMIwWARH3Zgob4
2021-09-28T17:54:37.979298728Z 529 z6J6xjOeOkuHVciwLSnt907uOwd9CxGpVBDpjwv8rIEWnmlcm0eVkAOoqEuG
2021-09-28T17:54:37.980772042Z 530 IOpOHSGDxMg40RXL9vZOZtPVtfC681bKxXD6nZv57J7FSqLMBntbSbjNP96g
2021-09-28T17:54:37.983599032Z 531 vfStcW9iEjoK2MqzB6gtQ4NATfIqQnvKmm00MB3NBGG6whaz08a9lHHIix4z
2021-09-28T17:54:37.986514088Z 532 pz5Kni8hB4LliX7VUqAVK1pzRpcSZtrQTUhQwFydLqw94MpoUyMEj6qUsaaW
2021-09-28T17:54:37.988617994Z 533 uei4dPduVb4ajfLxNXgKEBXRf4gPlKJTTx6ItZJjbdYC5eLpR2LJYHO0H63q
2021-09-28T17:54:37.991327341Z 534 ZVHbSwdqrE3XTCtyzrfDWng74fCPf7O4Uq0mLl9YRhxqE850kPDXyb3055uj
2021-09-28T17:54:37.994470298Z 535 e2hKD7PvEcMrri4DJcruShEgZtXOpTiDFwvgVjIkrjoYmcZF3rNuCKOWUvH6
2021-09-28T17:54:37.998179380Z 536 g1m0JU1U1Fqs1XYkiuwbRvAmxXVpHWdjdTtFiZlMIX6j22PJRZYh4BtmD92Y
2021-09-28T17:54:38.001755204Z 537 J0rPsRNQ2xWv78yG3OJZFuVWBYIo3G2Ix0lp9fpbYj8cU5fHveU2Zkk3QD3p
2021-09-28T17:54:38.003923019Z 538 Ivxdfw06BlHNvhBIl4JOMHie9fDwvOfW8BAMbNkgvUbJ8DLVFBdgeLjYWxA7
2021-09-28T17:54:38.006266924Z 539 ClBxpXljpoFZXwLHvbgmOLoiCYXmwl2mbuUExTzF9bICZFLB943LMe7QcmFG
2021-09-28T17:54:38.008390035Z 540 vTOLNj5489wBXM5TeB58gunt0sEw0KSGY3MThfepsA0NxYSOAo0YDtNBkgua
2021-09-28T17:54:38.011626754Z 541 XEWbpTUkobMVOt2Pjv0cpxeAUOjmUpxcObTpHsbkOipRn8B5japMhisKlsOk
2021-09-28T17:54:38.015180861Z 542 oQhKz6YfCnAdoWwovZXmZqPRRursf1yNDTxXqssMBnloAZ3KazPv1vr7ALLp
2021-09-28T17:54:38.017549191Z 543 g1PZtkCpwcNpQ5FWc8aAcjBJiQaA8SH7813xAvUjP7J9thgqUZUhOdfuPJhB
2021-09-28T17:54:38.020288715Z 544 uOn0OiSexxDakO4FLeNC3bvi8wC4g0xPkPNUD4HBdDC86U3V1btrcmnv7w9T
2021-09-28T17:54:38.027457539Z 545 Quc234M2aNg61wyPnC1YvgJUTauj5ub4tiiYng7dZLycwzxeC7OWPsufoRtG
2021-09-28T17:54:38.030853100Z 546 k73HiIVPomIr4YAaJQZuNS4e7GRELmUpAYa8w7pASzcK5JaHz88C5V5aPnXI
2021-09-28T17:54:38.034695743Z 547 9jarzYGbjpegmUIAdJaMhTcGPN0b5kqzxeJNukvLGfokwfb7Q0oBJvRmYxSg
2021-09-28T17:54:38.037020226Z 548 7PE54cjwuFP3pC5qE6JXcJUJiKYeL2RLCpLKMvEFsUG8yMaJEBeJwe1rM51m
2021-09-28T17:54:38.040926076Z 549 M1EROnvZftlGlHuikHd8LMGxA0j0ltXacieqzq7SszufyymQiGInfNMI1yFB
2021-09-28T17:54:38.043007174Z 550 ms7DFn5p6c6RCsPGMe84O2yn8Bw6pqiyuESDFhb5y12h9d7HKp0CF8HJOp5e
2021-09-28T17:54:38.048114391Z 551 UZr1dnNOXl9Jvu2Yw86G5CfM7MIB7yj0J4wpVBpPa7Rg7Zm4F2VRGHagZ4sD
2021-09-28T17:54:38.051568586Z 552 v0lCrzlH1JT18Gj5S3QhcLvNLgVrLH4zCEwgvWnOCSPtATolJmFXZFMIiIM3
2021-09-28T17:54:38.053606142Z 553 vB66zIwkZc1Pvf32yhbOn9pEVKSLmSNQ4YjYyztyKDap6ydv1eHzMnDGA09V
2021-09-28T17:54:38.058136926Z 554 rqDPBoyq8FMn6jctq82hSzwo63Vy2q5Ti88IwhPJGPsXoQnxkQ2qC1jOhZ8r
2021-09-28T17:54:38.059751924Z 555 0L8QBv68CQnWgv8lAfrkjGfJDSqKqlk9U4IXY15ZhQkAiaLeNUq9zj4FxB3K
2021-09-28T17:54:38.062826851Z 556 5WsJVEHD2LRTUNvT1SOrLQZu6raERO25hzsDcG59lPnkNL9S5WEvifNP8uSK
2021-09-28T17:54:38.064916376Z 557 UFJPxk4nj0jW0N9MKzEgF5wgKJ9RRaAEtUcZFG6AKwDMGP46v1GP072maCpf
2021-09-28T17:54:38.067122103Z 558 48udL5K3rjE9FhOtE4vnNa5g3I1fQTnRv4NITSpZogpLK9xMN5Z5kc1GO4dX
2021-09-28T17:54:38.069114920Z 559 8PZoTtXnLDMolokHvbvDjPMzdsEs1RnCAwIRpNCHTklF2r0pU3bY7mRTNdAN
2021-09-28T17:54:38.074402195Z 560 FElqxjnloZW7zj6QMfLmDyN3WbOXpAwgfbJt3I0JwsiMjMbV48vnLYHeFId5
2021-09-28T17:54:38.077635942Z 561 Hu3jTpUqshmUFjMTyaSD77HHH3SN0nbp3Xfb0pI0ke954XlQHdAGCTCzBVqC
2021-09-28T17:54:38.080393986Z 562 Xp83ji1NlsAVtJ6k578gaKGDfIIgA4sjZVa4mOBbCQEdyyrBWy4PhBcbXcFh
2021-09-28T17:54:38.083534225Z 563 2G4kI5Yz1q2gwUNYTtTZfZys5uEG4xggtBpPhJrAPueVBTcpUTcD5YjvRNxp
2021-09-28T17:54:38.088555484Z 564 tpQzgOISAA6sYBgLgzn7XmHW0wzLcOmTTr0mnlg3pIdizOCuJElehNSQyW8D
2021-09-28T17:54:38.092161241Z 565 aw5JVaHvXJdJ6xLJkHsOnqfq3qYbC7JPvG3bV5fJnDJCsxAq2lQT0SMpgkJ0
2021-09-28T17:54:38.093795567Z 566 GIlmRPtaK2qqazR8ZGtMWsI9ibTU3yG39ha3Wgt3cAjYI3jilT71M2aTIwIo
2021-09-28T17:54:38.097496160Z 567 9ImC8pODuwbGENtAcE2w1PfTMHmLoqAs8Yij7JYeOOj7RIG9OKzvwu8onw9d
2021-09-28T17:54:38.100261033Z 568 c6pC8Y8jAhtjAZHB3x543RAYoiEDfWPW1I1DNGJe3bgUeDcsB9n2kUdItDqN
2021-09-28T17:54:38.102515367Z 569 l2naPEFOugCUwDsyIGcXFYxvs10i27Kp12Fo5xiYpSzo20EvSHwK2Hk5jyCp
2021-09-28T17:54:38.104865612Z 570 6K8pRrRWaKHCewX1jUdnmtsLSALlRrSCnKx4sOoz6rXLUlmLtiAgITk6CGTZ
2021-09-28T17:54:38.106742843Z 571 G6Frq4QDE43iWCpCM2EURHgrtjySnaC1vTm0O9Hjrl4I533kFiVL9p8aKZD7
2021-09-28T17:54:38.109250209Z 572 NiBxLq2Q49IxC0zFrq1TW8W7CtXrNJJeb8xuYMVevYHhTu3qYZbeIKjOjDeZ
2021-09-28T17:54:38.112100951Z 573 0cxYFa1bOgNZBDWp153c2Api00TDPKWHw1nrHzOyAuw49NrHVNCtIrD6A6fV
2021-09-28T17:54:38.115899815Z 574 9mplcqo9mT71DieofBQgCG5d0GnvzxSUuykz8ejhCecyHNGmEdLyJrEhXpuQ
2021-09-28T17:54:38.117899222Z 575 62Dz1uKfHrvNR77LUaA89sFz8Z8IGcT48YJLdP8D7HSAwUKLryR6xXyXuzQJ
2021-09-28T17:54:38.119799890Z 576 OPgEKdyjmLOIbu5J7dstPPJk72NQCZLDxDw3g9WUtkhedfR7UkZAOZwD28As
2021-09-28T17:54:38.123044003Z 577 OsMZiO8LeAcncZ8PPj2SLGqPU3OGoK3vlli6Ny5mJ0NCTKjs0EKWKTZFjJSu
2021-09-28T17:54:38.127085867Z 578 ehCOai2ufbdXJkH0P6IzuKkzzcsl8jovIsTkYNhuZJDYuWmdpYr1grNHUIEM
2021-09-28T17:54:38.129527651Z 579 c2cDRrTwZmr05cEVOrORfAtHCo0DzMF5usJ3ttsrArqvf7G4vp4CfRWyW9rF
2021-09-28T17:54:38.133653881Z 580 r2MLD268cKqSDmZpmMKsMA9HHvJnCijb0h2S09YnuczMSbwtSb1QeebBPA5q
2021-09-28T17:54:38.135580662Z 581 8iYhCO1EHWywrMgF4IRsbc9zp4JnuoJzY0E1qDqh9hKoysU2xklv6keEyytM
2021-09-28T17:54:38.137838782Z 582 KujIRV7NobkY3OgIdjltwIEsPpOYofebYPPVogHxJYIIwanBmnzlljvZZyQb
2021-09-28T17:54:38.141909249Z 583 7p9p68PSBlcPArvyXYn1tExNXaHqWDfIEqKsohIpidDLj3hVj2C3CqFPaWq4
2021-09-28T17:54:38.145396527Z 584 xT14EYDlXEZYrR1wUR6sHM0CCiQY1gMkIprjqBEGfHPHnJ08yaCGVwOlfVbm
2021-09-28T17:54:38.149222012Z 585 Vthdkpohc6ZhCDs7ILh01JIe8PSB2sjzDjlmsEA4uAx91rfhDFrTWjeeZ4OW
2021-09-28T17:54:38.151610565Z 586 rLP4zB91ADkh251HoUaYaDgfU5rwWcuZJKFiX9GROd7kobczkbZ5JGvw79sL
2021-09-28T17:54:38.154261389Z 587 I0o13zbq4uP9RJ3mxe2ri6SkKlx9L16AQVd19nhtalIMx0YSOEPGxgSz2K7m
2021-09-28T17:54:38.157193423Z 588 f6FDGc84oFLzbPvADJwVxUrktuhHeyqoQtCIQnA10vMEaeiVBT4rIvHUF2yz
2021-09-28T17:54:38.161452304Z 589 L7YTIMkSyauJliLpjZulxq3lvXgLVUecqd0hpRNcwhXESuM5e8eMtoQnIgcC
2021-09-28T17:54:38.163752630Z 590 HvZAF99K9HToIAMVgDrEvuegvtuvil6FAlH7vCiPYv576C69dy68PbjZv159
2021-09-28T17:54:38.165820402Z 591 o1m6sT5aJtWeXOoad6RopqF77oT3HhGgFHIvNtWyEnwm2ilyewjJAoLe5iD2
2021-09-28T17:54:38.167837139Z 592 1PFvykfzAYikRMiR0mfZjoCooWdBwtmsiAEBMeUmcMSGNI0Y9pAgAYU4gzJP
2021-09-28T17:54:38.169965931Z 593 vsG8mt3cfC3AyYisgZHI0RJ5Qv3qlmFtrXaefSPBR9a1nhHW06AFtvd0Lu5K
2021-09-28T17:54:38.175126463Z 594 Xyj0QujsoekbbiuuE9xfXHhcgPSxq53Sf30IhCySWEOOzi2wUECXBNZgdny7
2021-09-28T17:54:38.178666966Z 595 hJzoDFRqlxMhYXpsQ7kGYPyNKE4ZYHjtPVvsh1orFOppjBsbRqtYHJSqhtHD
2021-09-28T17:54:38.180918963Z 596 IzlzE8wtdXdgBmswzOMQ5CgNj0S061d16For5p8z76iK3rX6h1UabSpzLgl7
2021-09-28T17:54:38.184461065Z 597 Suv6b7TvmCqUCbPwMLUEQewAKGDMwi6kHGebsNgP3wp7GyXMUa7yaGCoqMAb
2021-09-28T17:54:38.188568537Z 598 6ZSL7dRhpLWWhy3w0d0Uz0muSIxAsdR0sdUwgeEnwJBv72OQ9Gh9evYRJhHl
2021-09-28T17:54:38.192758611Z 599 ORAnZKXHYQ5AND1CJ4TsyoGqnmziRnPvNfxaK3iD53VKcXfTB5pIeLMeAMmR
2021-09-28T17:54:38.195602260Z 600 3Fi0Ajaz222ObtJ4ZHDHmFYyuRp9bEA7yhdhMTd6avBVbWblEMKOQRMrLaEm
2021-09-28T17:54:38.198611211Z 601 HSoMH5dcpJQL2U0mRksBamUbyy4Lt8685YyZlK23SQqUXA2SagI8EHCW8YpA
2021-09-28T17:54:38.201546069Z 602 VRB1oFmEXCxJHtovfiiXHbpThKu1plNXs8TINRcUDIIl9Rku4t7UkhbbTlri
2021-09-28T17:54:38.203716761Z 603 L5gYmaVOKW1Hj4OaScmKuUErhZyuX7qXmO91z3VMcle8nYCxxz5AtjrQiPXO
2021-09-28T17:54:38.206473852Z 604 samTlOCx14c7CHcjbfW03N7cDwEPqqXzxqSCzycnAc28OlM740cPsgOy37Fc
2021-09-28T17:54:38.208593219Z 605 Cx5yCEWhhBETKKAP5rtqnspMkDB132iOOs1kKHyg078PSQtd4RHj4w7qh2yd
2021-09-28T17:54:38.214457145Z 606 5TbdDk8HoH4fvPCmGYnwLjLNtPz58lVM1bNpwL2sOXtYF1bHX6aMyOF4OP5L
2021-09-28T17:54:38.216838284Z 607 QIgB4yxw06dlJWALWr0Q6o7y16p4WtAjGwpADOqkv7wgWGjn3D9I2gpVwBhH
2021-09-28T17:54:38.219178557Z 608 LyHT1itjx2GPMyRvmLKGaLNJhBG1d3QGSz441ArzZY4XtVI928oBimMrrHsw
2021-09-28T17:54:38.222792874Z 609 k1ryeMjTULoW2qbwuzbrDGHW5aX9wwPVazv9OnBdpOTgzgQbmyCz1HKciNRZ
2021-09-28T17:54:38.225300394Z 610 5LPVkWeQBhrfQ7ViQ8SeJizs5SqoSK3tg2yMhMlCzaFnxYflWJxU5kGLnnmx
2021-09-28T17:54:38.228421226Z 611 XGgPr06zs5g1MM6SmfKvZ982WqmEzYUqrmZqiQMKjFUjBcpVHpwjJpZXtGqu
2021-09-28T17:54:38.232509374Z 612 H6Ktlui2Uz4daGapCDl8AQlF9bHHKrVjVSqOtwXaB1Wa0XTaGOlzIfZezQIZ
2021-09-28T17:54:38.235625489Z 613 kTnq00OfCEWxKvuRRdywesRAohtuH4IqriFRi9qi5zYl2u4jGXGi3Z5qxYRs
2021-09-28T17:54:38.237661272Z 614 yUJiwFlS7AY9kv7nw0AGFZ2E8QmIdh1YOWjZlXRgOx8ltnhJjM0qos9XR4Wq
2021-09-28T17:54:38.239644231Z 615 63UHw2MjxL1WJ5suJ117FJvBeIbEWlnv6y2IjbviPieU3qXGmABRU5hHw7ye
2021-09-28T17:54:38.246456730Z 616 rriLBUyxfHngdjc1gtEW2fPUhCJcQqHlL6nlPIqO6XUeX3hXBpUPNYnTTk6p
2021-09-28T17:54:38.252790736Z 617 0zeziUeeVmGtTxH3NZnOalSHL5d7oz0gNUvIDIWiRyJbnzGInie0sdkhHs1i
2021-09-28T17:54:38.255603902Z 618 yvosAXt3xp3uawKuIuncYEwez8S9YGnUHUXTK1ga9zuJpGoJouuk9QtlfmdP
2021-09-28T17:54:38.259862370Z 619 6Fp3GllGjSsp5oDv4IU79ZcI2KF4dKYR4szy5kL1cLPM1qHCOt5I0NMymmmq
2021-09-28T17:54:38.262530506Z 620 8cseaLaLynyEeUMuSY7shqZRobCfK1gEF1W2OCqzNRF68F1FklDDVRkSihZs
2021-09-28T17:54:38.264792408Z 621 jqtvVRzrpmZCILiG7fSXTVHuibZ36ocgZLmJPqltZHzHdPmwoICltUc9TT2f
2021-09-28T17:54:38.267547724Z 622 gzARmH4dk6xz7qE8K23YobRE39YDzX1KLU13bJuBxi6tjnW4s1XD0oIa8Lzp
2021-09-28T17:54:38.269538272Z 623 x3VpTm6Fb0SduRnCSCdbIoTIk6FhTOcOUpbRycXxKKHZBGK7cboJH5hGnOZt
2021-09-28T17:54:38.272474296Z 624 NrgdmKPwdKHna3u5SbDNojrAd9JEhuoPf92LCaM5olUTHeInFISl4w0RaNkj
2021-09-28T17:54:38.276153238Z 625 ti3a8tuv2PnnJ2hQAZICXzZOlFXhmvh0PpWvuAlrgN012U9fKVOKG9aPVgpY
2021-09-28T17:54:38.279051244Z 626 bJLwgNlsWjF5ziu0EjL0Xzlc9SvYi92jNr3wSYf5oNmHiQQNdEORfGfMc25r
2021-09-28T17:54:38.282466378Z 627 Zyg4bfegtWKKGeyDgcIqYfFHHKMBfVt5eHb3yuLqjzoUlvcBBXdjxg30qvPw
2021-09-28T17:54:38.284497503Z 628 JGeS0J9wT8UTPWwFTgR5uPsYheu5zYoWawi7RWSrp1CgPBiUKKTQDNJHazyo
2021-09-28T17:54:38.289084152Z 629 DHg6ZCbv0DQo46W1507NPit274blOsBKPHaYR0VR4IW5SW9ZMZ3EYSZ5vOaG
2021-09-28T17:54:38.292165849Z 630 PwYh6jsZ6WRhnXHqwYYir85ZdNf5YEQTyzh9HoQ8XfpZC8oStcC1J3tOYZyP
2021-09-28T17:54:38.294911176Z 631 hUQp6BFgd6uTItuT4ZlX3A4H1alkcqN9rYJXIq9L1uqwdq1nWM7u4R7BGaQi
2021-09-28T17:54:38.298264961Z 632 Nq2fdn7OV0XAwmMXifbeE959qNdOhfW2zzGSOsPyynBiv9MFRPDsMwK6uQnu
2021-09-28T17:54:38.300351323Z 633 uqHqpLdGdDzkYPxWZdV7kb1waTRqU5FL6Akbhm1DqlmmYe2tfdU2ehzroLnc
2021-09-28T17:54:38.303247078Z 634 ICV5QPlStrOjB4Pq2rvD3c9RViHcJZQyLll95jgpNK5OlKlyPPfjlwmz47fD
2021-09-28T17:54:38.307394473Z 635 hg9PXXAVOl4Uj0zbvM9GnoFUmowO5sy4oBEpCT2MltnmqQAsDmhOkuO5RE9W
2021-09-28T17:54:38.309840289Z 636 VbPYPujgauzO9jbGDIvQzHQdQjXUVqGvw2gRFBDOuizsgpycDH1dbKLE1ezd
2021-09-28T17:54:38.312135079Z 637 38KvJoZ7MuSXmWbBzz3ikCwii7YIacUtbuqvBKqP0DS6cGXgCsGpg1Wqozrf
2021-09-28T17:54:38.314516035Z 638 EQYIdXDDkyQQBZyHkXgMdxEqm3vvoJunLLOHLVrIKGXOFNES6qjOe7TISLQ3
2021-09-28T17:54:38.317800339Z 639 zxkS5WmxiDUkwBVWSiSg2OTfWly51QF7PMkAilYW4PvAO6df06NyJiyoiADQ
2021-09-28T17:54:38.319997534Z 640 fMQYUQvdR0I3SFDYuPtal2i5VKtqGHmq7bKbIQvXC0fiN86z546OmX3H0XVi
2021-09-28T17:54:38.324209297Z 641 2d5rZiFXW47KPgjb70Gshb5I06bAor6B1phfDia3H1C1MZGMg0v5pVfBBTjK
2021-09-28T17:54:38.327771408Z 642 kEAseh30OmebbiMhzSRGgeCA72A2HBcWvDWUtCgr2EZEOdLKPPpgAQQQTGwF
2021-09-28T17:54:38.331474066Z 643 xj4LuLMtUbjEIwaTV97T6ACoTs89neZ98tuGs1NTCOfgwX20ok7e9MqwvwrJ
2021-09-28T17:54:38.335028025Z 644 RocL0oInbQruo7TvoKdUhfQwe0K4WQt1SbbsSirP2th9SpluSKevh51tnF8G
2021-09-28T17:54:38.336909480Z 645 gWJD5aInBjkQoYRdQBGWw580XZpBOzC1ZgvlclnJrclGwm16GKzAB5xj4RKq
2021-09-28T17:54:38.338584739Z 646 1vdbHo4usqlVEIF5ofFsquUys8TwqlsbzxayGHp5s1kZmMnXdpeegwoHHSzf
2021-09-28T17:54:38.343834490Z 647 IZK0gKMnVPU0IevwoAvg0ZiSNcMuXHmVpmarhw6JV3Kfofaq8eDz9iweAEJ0
2021-09-28T17:54:38.346374292Z 648 ZMhfdoLuwZ03NrUWSq68pkXHpZT1tSsv2BXmuXbnjAclFozaB6oh6xTBwQRk
2021-09-28T17:54:38.349125319Z 649 JqFVeBQJOg56aFvcpDoe4ecKco2LfNKjL62rqDddsxMsaCryfis4ZLTERAmz
2021-09-28T17:54:38.352366801Z 650 OlAmHcdyvfNcP64Z9KVVeAKU39NCCDZiM8l2rgwAVINCIJJAmxpOCC1azknr
2021-09-28T17:54:38.354310019Z 651 GBVRYqBL0qjp3cY4B4LVz3wSSrynJx5IcSaQFWykeO2uezQsOJTJGDEmxymO
2021-09-28T17:54:38.358776731Z 652 wx79kWoU6TiMGcAU7AWDRaqRASF7R9DaTJdJX3x5r2CeVzvOiJNrxPA1u0hh
2021-09-28T17:54:38.361250930Z 653 UOJml23wr93xTIFUuFPn7Q6xKEI0M8b8lOPXplA2rbHqLbhyLJAlRSNnenY7
2021-09-28T17:54:38.363471876Z 654 6yUmi0oSUhWa4IXzWMpFEDnTsEnAL4GtRX5joryPu6GnlTCuqfHqaQLmuopc
2021-09-28T17:54:38.367152872Z 655 wTNaVFJZMayUmRRQlDH06SLFe5SBf8sPR72hCzqqWJDThLyrHMBK1Cr35dBJ
2021-09-28T17:54:38.371102734Z 656 UWQeEQtra0mBpHEIuGbjn48ZhGNRSnvbxxgYOwfFVy2AoCEJUxQG2OtwEXhv
2021-09-28T17:54:38.374647254Z 657 wB0vNbSHwXvrfK1FrEoppcSJdKucTTrPLSNbZ8s00nTOUfp0I1kkQdSE6eZX
2021-09-28T17:54:38.377339754Z 658 H26LP7hKkqljpcPRLifBlRfGIccEzsWDyhJFN9tIJsKPs8GpBqFIjqBVfqew
2021-09-28T17:54:38.381394898Z 659 Y1KW9v3BXsgbH7ORaS4l6jXUZn3Gl7oGsIddKlh5o1bTmkk8UNYJqhYkdXhr
2021-09-28T17:54:38.384036446Z 660 ZyhZZaA2h0W3sbvMkoecjsFBcdCyRMbE10C75QYMsgJixm8cEN0gkja6BcT7
2021-09-28T17:54:38.386026587Z 661 u69NeoHjygcj1RMy36Mbx7LsX8QI4xr5X4dEFaS7IfyjfCzJW5ieq7VXjVOi
2021-09-28T17:54:38.390862447Z 662 xyOSqhZ18loH23RjKGhNaJuBxsepTUDqGEtaQYqql4CuswjlIZyvWxbXqrKE
2021-09-28T17:54:38.393451237Z 663 vaXsMfAh9WM2vhj7fnS8PblyfWZovlyosxe4meD3h9FuyKMVkQ06Zgf1iHfa
2021-09-28T17:54:38.396514308Z 664 hU3vsnD4eGvfd54dHgopuvCI8up3ptpPctoObpogjY6Z8ULDyn6aXBljh0zm
2021-09-28T17:54:38.401000314Z 665 kDBiPdhWvJD07jEcRW6vjcm5eRM3UhtYmHFumiuunFTwIFwrrSZvyYmMXDm8
2021-09-28T17:54:38.402895718Z 666 eOQnq6xyNM5fMrDPrW5ODOAVskwrQRqqoMUVuyD0Iz6B9hTyALftCe7ImDbv
2021-09-28T17:54:38.404767269Z 667 9nHOtFQ2v2DDkUQnUfGWhVDPpM102BAB9xCGTNBPTvRDVHsAtTo8xdXNrbhO
2021-09-28T17:54:38.408779080Z 668 C8SWKRtyZup8N1jFT4FNOhgNOWovDWwsot5b9mt5BGjaAOXuaPa2D3GvfaTA
2021-09-28T17:54:38.410629510Z 669 TO2pHwCsmWUKqikFKxGxmkq70IpnhKqkSTNksJgGPQGBEXzkU56epLpgpK7w
2021-09-28T17:54:38.412911829Z 670 mNVx9RW9PiJsMoJCPIIt96C5wmdHkOn4jlZv43B09SIBbyHKIqUcvNT33zk5
2021-09-28T17:54:38.414794100Z 671 gRuO6oF1zjH4wTW84eXoRp9uEx6WFZmaNpMSXeeXWxHg7A1knFJUE14QNlrS
2021-09-28T17:54:38.416639748Z 672 UnwddGXDkfpNtWLSHZGPHNf2KaghlIxXt9rcOTPfjPQrFlusxBAi3OinQD1v
2021-09-28T17:54:38.419439542Z 673 PNbRmuXCfCn7yV8YNVrojDWLMXuXgr0OWh13xleRGEoLPFPHKPuAwFTrKUZL
2021-09-28T17:54:38.422599023Z 674 Q3g2c0xJOpucMSP9tNGYFJpnmQ9T7BNVB18s9txgxMPsOcoIrNxksZGKRgzW
2021-09-28T17:54:38.424996184Z 675 fQREYV9WUIyoCDSg2IyKzAgHcJVQV1wp3FkSvCMPimjGb3t14mSyPEfubde4
2021-09-28T17:54:38.428244303Z 676 hkrVKf1JQT7MBO5Kl7L4wfeJicmot6Gnyq0HSu5wggKdn8piAMMDl3e9HxRk
2021-09-28T17:54:38.432575300Z 677 IHXkCm3SRmnw9MPPfS85kLNCQjiQLWAAlYNUIV1YADiO3DIev2iHDbuSrWeJ
2021-09-28T17:54:38.435591751Z 678 ISrCDXcX0LqfQcWKnkClJGUsBRD1nPUqMUKNoDQsUJRDpS1cIK4BDk7ZOuKX
2021-09-28T17:54:38.437584720Z 679 JkAkwaTeZV9IUbcOYWkovuvRwfY8p5WvyCE0g2HalIGHbO16SR8j8sQMAlyU
2021-09-28T17:54:38.441215124Z 680 7odLCf1lrue7AoOX1c7ujrU34EvzApSNKV1xOMZFSKN8MWQyWAwTqk4r0OuZ
2021-09-28T17:54:38.444332144Z 681 XLulAHmfKwBbj8vRaciQr2drqmUwj7CX7ha2NDuEmPMgytJS6Dqit9tub7Ri
2021-09-28T17:54:38.448536680Z 682 FhZQ59Ifg7AhA4otFeF83ZFVeUur3MYsbprhMPrgFIihJeMMXguIJ5FDSx0l
2021-09-28T17:54:38.450640125Z 683 2aJBai0cSIjBcbfNZKw75raE14XyzIzN7ePoRmf6hwZztOthK7IZcnE0VELP
2021-09-28T17:54:38.454407528Z 684 MBHFiUhxgaE9RZakDh3FFkPlF6K4oox0knQmL9gJ07Z06iNJOYayic7IeXoe
2021-09-28T17:54:38.457468316Z 685 6W9Su3m9GDS4NrOc7Tf1UG73UwGb6hXR53R9LQ7ZaH90XO7mpBBMefCWZIZY
2021-09-28T17:54:38.460509350Z 686 1Y6bVLIMdzRWNXoAGhA1A892j84pvJOxkIK2Q9ru6mVodXibCh5KUDgOVWJU
2021-09-28T17:54:38.463543454Z 687 UWNq69daXb8zOJLNQ0Ww86pFCODxzLTSh6se8725Xo3IwiO0NFufCeTM1TVy
2021-09-28T17:54:38.466527402Z 688 yr2LWQfluF8p76mvZGX2Upit2VmNncUJ1lUUZvZi8T0oFZqdgNm0YGROv1z9
2021-09-28T17:54:38.469382588Z 689 uSzLrRdcAcAwClRtgiPciR3CO9WWCBDedxYPUmvFQr73TR13v0MjrMXI6dUx
2021-09-28T17:54:38.472583069Z 690 rA0YwuGBOncqNlOAFdlIH6N2dW5zhytI15NKLOBbWHPa6m2P3wxumJRWQNyO
2021-09-28T17:54:38.475424937Z 691 Uiv9o3Qt3IJ9PEtIYB3KX13BXnKlNTi55wSUcmfvVCulKf8cwhHJNSHuBDBN
2021-09-28T17:54:38.477488874Z 692 feFm5qN2FfcTdukNZkuPxPulU591Vh01UYtA5qqrwf7jYloPl5FtwBDRA9MJ
2021-09-28T17:54:38.479540059Z 693 7oWQeaMgfmm5PEFpjgSSiZoaEmQTRD3zI0N82XJA2u6L0KC7EdpMoYLOgl47
2021-09-28T17:54:38.481699409Z 694 XzeESNAoofdSvmxHl1aIzjQxyfFCCf46YgyEGBPm4Zi0R7LTnzjhNq0aYCBl
2021-09-28T17:54:38.483976763Z 695 7bHVXP504Necy2JQS8goJkFPieFz30AS7DWvCPp2dmurLdzXGotSvUQsGvnr
2021-09-28T17:54:38.486330843Z 696 gMr9GuaywvmPtANph66VMgf3MRfw8jiZN7PvoPPobZ2sI8Idf2YzkY0YWTza
2021-09-28T17:54:38.489521707Z 697 RgEro19xu6J0ITqyuPOFr8awlPHxUm8SPt0SjisXqNkGEkgZKnscu3Ii7Bhj
2021-09-28T17:54:38.491571761Z 698 kKpgAWENdpJDf22Uh2dPm440gYdR4kjZTicHn8QD2xODf1Ytsy9wfhJQpOsy
2021-09-28T17:54:38.494288369Z 699 x1L7ubSpXus68nkrvkrEQcTUo71BC3xVTDQLv3rQPephFuBYOE0q5kHttHq0
2021-09-28T17:54:38.497371448Z 700 eO48nAaIvoBSrOI8EyPMyKVZmaZSITp4t9eg6cs0izVuG6cyV83DFZTmhXAT
2021-09-28T17:54:38.500798284Z 701 nFWOOGXO509b4tdiuPYvxP4SxvhsPkY4uCXSEIccqZ79cuXAKbnMaV5DXDPg
2021-09-28T17:54:38.502829167Z 702 clDzLShaBixXvucJ1dYdeluX0aj1Mn4jPtkRteIdkO1zAOErBpoDk0dvp5mX
2021-09-28T17:54:38.504936096Z 703 YPyUtwSsqqAxDrQvMAo9kNjCDFVm3N6udEZXj35k8gNktISnO3IaLbu3HyaX
2021-09-28T17:54:38.506989747Z 704 noDXoniEl2VgT1dIujdlbWa7IlYmBt09sWn3VSmWyIx4GzhUn7N4D29424gs
2021-09-28T17:54:38.510859723Z 705 UqO9Dkn0eW0Ss1DVsXDgY52JYxEvhAADNCs6nw1COzpty7DTy2tIDeP5hUKZ
2021-09-28T17:54:38.513539946Z 706 Q1rpqO1daOPDgdZNNxjEndBoKLOtLXblQQRVIDWTc1PGtV6r6RG1JjqY7U1H
2021-09-28T17:54:38.516318720Z 707 uirmv0KkDhikeD310NIrO8JIGebgbJ18vASHfgNfnS9SNlQNDhTMZL2VnANn
2021-09-28T17:54:38.519282535Z 708 RKEHZZvrhdmuM5BuRV1FQOk9CXtGgZr7EZ2xh29AuiN5BY4ekxFevLELDsJe
2021-09-28T17:54:38.522330510Z 709 KQXXoyRX52KXYUkBJUnAH4OW8T4PeTlpkMaVhmQE5aqy3Cs0gxnhK0k8Fes5
2021-09-28T17:54:38.528959092Z 710 TFbXhAsZ5QxetfG8w3KZRoCMB2QGoCTkNLyw6mRSbjLbaqKH9khnO0lhwTqD
2021-09-28T17:54:38.534786914Z 711 YF097fIV4Au5j75sGEVJBEotfojvfyOifdIcF2LovqgfLOcF7EnlMy1eejG1
2021-09-28T17:54:38.536689544Z 712 H5RXNiDoUOCrQv5M9hwmgezP00bReKsbpvCyc6atLpZa9JzqktvPrf7JMsJO
2021-09-28T17:54:38.539536391Z 713 B1qzeEypjPGjrXst43x1SThQKMDKuhfxnL8q38NHvZVHpFbPxeJWOpstWTJd
2021-09-28T17:54:38.542154120Z 714 B4Dw0vupZuQ5jcryRQCTWcXlklCFYqphWkKkhxg68wiQiA9u4iNbu50sLKcY
2021-09-28T17:54:38.543673704Z 715 gb7cTnzgRTKmUotWnlviFyidu6MtIhRa54Gn2WqXblz7QPl1Ih8U2B5Bxigl
2021-09-28T17:54:38.546859111Z 716 IIeW95yVQZlZZXRur0rt7WENTjN9T2U9wnmUZRJ2J5aRLsdzoRZa6VWzXHQs
2021-09-28T17:54:38.549559079Z 717 d1DjjwXh5KgkqyFuv5DuOx7wqJyXTEknvNPkqcsDnzsllGWYjrDK0jfVqj2N
2021-09-28T17:54:38.551566422Z 718 hwe8Seqsivdn30mgaWlyh3QBJ9O8HNAh77CnZng1Z0aABNidZuTL2mn1Z2y7
2021-09-28T17:54:38.554502052Z 719 lQZEgPf4vFleutDmqKK0ANkpzmNR4igQ9BVyOBaV9p6M8ODShNuSKPObGVke
2021-09-28T17:54:38.557695979Z 720 B7BNWA1yDs9gDlwZ4NznyJkwb1RkA6ya8ZMN0jf3Ga3S93w4kpqSr5prNrF2
2021-09-28T17:54:38.559854662Z 721 PyG6uE6iIY48MfEN622vXcgddeTlVGRutXt3K7ioYKPxf3paB7gCmnrIaEUy
2021-09-28T17:54:38.563868410Z 722 ozHLnASPdE5GNUHJZ11eQciT3MAmeziFnL8aFrydUZeLIbQzgMklxf041bZS
2021-09-28T17:54:38.565721753Z 723 aRD2DVF49o75V35pezag0AnA8FKDTvscWqFNxnG3OATpRQ2ryOBaIvjiwYiu
2021-09-28T17:54:38.569207058Z 724 2HX99tIUqupWD5xDnGf9sJ3F6uIin1Mg7lLjVt1RvzzSYBqPVmDMBCeXRLOt
2021-09-28T17:54:38.572797729Z 725 IHVWoMk5ZAHoRfWxE03nRA0K73QmCtJiLYFgbwrCiSIT9Pc8gCWG87vNGZ8K
2021-09-28T17:54:38.575288412Z 726 uaxsPTikYtzzWDNe1Gx1oaRkGTq7wArHDV9ri6vSoq5fHLTeYICkURcriqaR
2021-09-28T17:54:38.577897170Z 727 O08KgzkGgolpIxto7XIJCVqwwGMdovUyOtlcqr43j1AxDAiJhAbAOQmH1xPq
2021-09-28T17:54:38.579947462Z 728 7bNdJMzQG5i6yPBAFQ3t8PlJSBi48Paz01zswCLcF1E5ID5trINLsXiihzwX
2021-09-28T17:54:38.582451300Z 729 kx20fg7sW0kMMxE84GMM03syl6eG6aFz8hCOMudfen8sbNmqKQm13FZJ8ksY
2021-09-28T17:54:38.585740860Z 730 2qt6TsvCxjJJKsnxKmpOsK93XSBosqJZDBV1sQ7crKpbR4hyJNGB2g2kV7ac
2021-09-28T17:54:38.587584307Z 731 dnJSFkP2eD9j4e7xhhhMXgE3n425uUGrwlot1ofoDRT29Nfi6OMH5X85lK1V
2021-09-28T17:54:38.590100391Z 732 z02DLb8b9pm2PgBe8LW5YGFnZ5mmy38dpiWIKQmjGaJL0eA3s8bV6JgSoWcj
2021-09-28T17:54:38.593877568Z 733 tqknLYnubn4lgziB3BAOtFKab361NzkBRbtjXBsyMfhYpKXtbsKByImliEtI
2021-09-28T17:54:38.596490274Z 734 UzCax185M03yXvC2AmXFRVBi18dZ6Nb22iPSOJs7gUfxdoNHX6QFpsg4b4TT
2021-09-28T17:54:38.599430618Z 735 byXEoazoUgDIAW88lKdg0VQNcu1vfM9moqiBCxPbuD8emO1f3w5LdN4WOBua
2021-09-28T17:54:38.601475192Z 736 ZdEhZGmagFp8IkVhx4BoA3Egv7tX9EPJPDe3BFWp4JfYmr1wKB5rjw9eD8f4
2021-09-28T17:54:38.604273271Z 737 5I0Mq60uvWy3oyFX4baI7cfq9vYxmOcYyMB122qKCjzS025rfdqq7tuvNjAt
2021-09-28T17:54:38.605722175Z 738 gv8H9IvabKzBEYTvsLVsl5XcAbY0OhQnDD4JgzbKg46w4K41ISQIEHDqjEz7
2021-09-28T17:54:38.608485850Z 739 7KidPnDJNTihkuQICRyDcgw4Tc9jc5V8C0RTNoZcutoojzzye84OmEazdQ6k
2021-09-28T17:54:38.611195590Z 740 LPHv6zDe5Eha25Ecu6W4lDkHAaE8j4O0Ps1lKOk7icKiq9kkCnvecajhmRnB
2021-09-28T17:54:38.613331178Z 741 yiWVvfdMWlDyRRIg98uH2xvLSj4rL1lIdGHRPeIKYVpNdTOByajMi6z1RJ40
2021-09-28T17:54:38.614432685Z 742 V6FjeudQm7AC3eIBvb7gB7oO1pDnCWwXySWTYKhfD9StSz6QAz8zm8Ug5J9z
2021-09-28T17:54:38.618293129Z 743 pvAQ6kUVTP4Pekqp3MsQPaOnzRaJCHDGNSiPFM0PjHKjVBlJPJqs77lgGLkS
2021-09-28T17:54:38.621772283Z 744 6aWoJE3HO0vL9OI0CHaHuNYzp2tJbiqiOMgYOdyEzz2xSSH5yW9q95ZTPLCd
2021-09-28T17:54:38.623765610Z 745 RBPAKcLQVZHKkNgnNmfTxpCbeYiH28xaupr87MkN84vskdjXSBXO1GVyCFsM
2021-09-28T17:54:38.626231965Z 746 BqrNSvtyKiWugjKyRoOvaqSSlr4pwqOJvuc6pc9U8SJCUUC8vrBEXfjHC0Xq
2021-09-28T17:54:38.628058664Z 747 91RNMZ0SiEnMjhyQ8pFZeQCFmB1Qonll3bOiTCPTV4FtJ09cBuwHeAjnAvrw
2021-09-28T17:54:38.631264485Z 748 xrjFTNPpke8It4Dm2tfetB9ydbymLAwxNRXM6QwjCRHH4dy7MTfHhW4qRMVJ
2021-09-28T17:54:38.633451680Z 749 H7k9gUdyJfmqjIz2nna7BCdkrIva9BoaRl3LJWIE7AUPIktrGgy24tGtaV1t
2021-09-28T17:54:38.636788610Z 750 cxnEncEasqVe4XnFviPux9pKaHVBnmT1luL21zN1PpjOlIRBimt6UrJY6JRd
2021-09-28T17:54:38.640809704Z 751 gm0v7S5mWv8sLXBTFk4n2K2EB9nuPSQQbS6oiPSMlvbVdTHc3Cbu3XCP5qYk
2021-09-28T17:54:38.644345387Z 752 cXF44Mk0uH8YTTw5ykauepqZO3UENtQ9RNm70dsYQ7Wn3QHMomcjflXYNihg
2021-09-28T17:54:38.646646136Z 753 3hlfL13bBK14PGnvY5B9HChZy9i1hDqyJJWnRKrOSONeX4iFomvQs7KzQYCQ
2021-09-28T17:54:38.648818328Z 754 yOCqqGdXMrzWGUSJHtOwDTkUUADAayhxHtpaz74542OPSuZaBsN6ZZmhMYTp
2021-09-28T17:54:38.651616771Z 755 hF83ZbTEifEz222SmTxajcKpTTXTa34Ng7Saq8kgQl5fVn2QxenYhZN7X5K6
2021-09-28T17:54:38.654303305Z 756 3Rnq0rF3XwRZJTNnh2QIGC0OCie89AYGaOqciarswZ2qoNcY2Phk3q1h4TzJ
2021-09-28T17:54:38.655740675Z 757 7Hq947ECkrQlJoBqiymWiFbdvXm37IVNpUs1u5nuIof8csnpqh3iOf5YLSLC
2021-09-28T17:54:38.659050971Z 758 7ajJV57VSxyxGkAWY1SuZ7GwAYtIik1R2pswtC3LznkN47luVoOy7IA0HtIn
2021-09-28T17:54:38.661046157Z 759 0jzlY3IWOoZv7fxuIThV9kLyEW6vD7sYXWvHmRpiKPedklJzY1KTUQiwkxZB
2021-09-28T17:54:38.662803278Z 760 qYkZDzU1mwSqwt1TD4MoUga88M0uec5LNKlkM4q0q0nw0GYDNsp7dpioMWBT
2021-09-28T17:54:38.666128561Z 761 CZoyQWpsmiZopdztUi1fQQAYMaCdfpEMMAFyJQqmm2tXSFELjoAYOqR1BU9D
2021-09-28T17:54:38.667439093Z 762 IOsg3CySdPpJgCQqGDved45He0AQKcUo3pxnPMAOkZFjIzwwORhPjGFZPGZm
2021-09-28T17:54:38.670157824Z 763 O508qlyS3rt3jgK2NzoxlBV6rh1jn1QJtWw0O31EkjIRw2Jsg4g1uek999uU
2021-09-28T17:54:38.673348568Z 764 VZKH7RzEUMqYihfuTRRK3VNQRLVY6tTI8hfca6zUo6z7FuJfbNjfiFYpFEuO
2021-09-28T17:54:38.675843469Z 765 hCud0IZLazVPNLXWAROeNcHEJ5Y98et7wxCf2M07ToVdn8mM2YuNk4szca1q
2021-09-28T17:54:38.677720471Z 766 UOvmZzRv1WF3KNPDT4X0yrquVrornXZXNQUxSDYthVa6d4rN3TWilloEfLg2
2021-09-28T17:54:38.680454992Z 767 HLcFyZK21OzEHuY33DngRYWR2faCELWp3K3WvXF4O1rLEryPfwQQ8cOIPDdn
2021-09-28T17:54:38.683255341Z 768 NTLxhoSpZqPFZJxkDdwdr2jL5hWz0mFvsGtQ50dOdir4wKiyowxU4sxSsVty
2021-09-28T17:54:38.686385075Z 769 ZwwrYtM5cltUoTJRnqeV5Dr4gkOI8Rxv2J2WAZmvMR9nkxytRECOe3mOJb7G
2021-09-28T17:54:38.689220816Z 770 8up5EjRyoF3qk6N9oN4884AMgji23DSuWOaE0rWFerG6cg3TYyvPn20txKDr
2021-09-28T17:54:38.692134250Z 771 iTwXWbhQDwhp9Pdywqwr9JtwbajHiIYWHUy1rt5TQN1161FIfhmO6YOFYhEJ
2021-09-28T17:54:38.693649881Z 772 xiWV0LqburZSQlNHBler0snFl1a7Z2hsAsW7s8Mh0uJQuQ9gutYHddlYUDiY
2021-09-28T17:54:38.697893701Z 773 hCno79YNk4iqiXuOVMDNwkGq9MQKx83OB86EZUprW8sIq8VvrlXbcL8VXyd8
2021-09-28T17:54:38.699930397Z 774 24GBlOUN6SxNABcaz6dPsc2kKl5vbfVjo44yOo6PTFIcLS8kFDBo2NbBrp9B
2021-09-28T17:54:38.703429177Z 775 8Sik4SsjN3Sxt5AnloMsR0rdtjbUAU2uXK5uZFTTFQbkgQisvCpHW5SA82GN
2021-09-28T17:54:38.706252751Z 776 1tjvfDNq8tEPBpOyYI2d1jQfq5hiOiR6qsTcjuEjKjqclip8416aVL7RTY4G
2021-09-28T17:54:38.709443186Z 777 P0YnuMoQTW4C18BkOOBrhMQQ0SN40inJslwIQmRSxd01PxlswCeX4GQSbkCU
2021-09-28T17:54:38.712308626Z 778 800MU4UZwqUfgY34lHdG4FpAtDpOXRUdc2iabSvqAXT9ttCUX8UXw30ukBxm
2021-09-28T17:54:38.714451388Z 779 IPO9zN7jOpWwxkwizNyof740SajR90lhBm47Y3B9RT063c8mT0GfvN2vpy4U
2021-09-28T17:54:38.717394339Z 780 Url03nahcAnqyBOHtDbrh26UdDXhqj5ByiC81iGAjS7Edq90HFr8fq6hri2X
2021-09-28T17:54:38.720074736Z 781 w1GogwrnjuRRgBsAzycFxrHylPtsdCqCupywhQpsmrY0PJaRisLN1fPx4iCU
2021-09-28T17:54:38.722244601Z 782 obbp0D2DBdNWMWmMXUKLIdXKiZAXGNBSDhiJXDJxcBUGUuY6ETy3i7UKzdGJ
2021-09-28T17:54:38.725069478Z 783 PHtBpPXKJupLzwLyGUMMKzm9Rpwt7WRWcROYWQUboa3pmi2f9NiILN7MBps9
2021-09-28T17:54:38.728367175Z 784 F7emS6ET0G3egYRYhBZ1nDYMtKmNdCUPyivSMty5K9FbBbRdU9jy4EdFHJIq
2021-09-28T17:54:38.731695156Z 785 JPXkIvOs9vXvHTYS8XyO886s6Jhs29acbARtM4gido0y4hueaGPgpJepnCA1
2021-09-28T17:54:38.735180313Z 786 8d6vD88QQZCt388DrIvn3PJUurVKfwwnm5GR2T2HKAuFgiTg4n0qqcfctPaS
2021-09-28T17:54:38.737015343Z 787 zw2uoX1SrCirjp26L7IpbSlhzvEuXnzYO67SY74BFnSrDgs6qNkxB2f9Kovp
2021-09-28T17:54:38.738930772Z 788 dTibrvMlff8p77mgk0Z0cOuAZ2EVWhcUlIRlSNcPbq1oS4pIAnvu2o84bOKy
2021-09-28T17:54:38.741842879Z 789 P5OSWiyPK5NGvZtUgNptCq4CrWRZ4ihXdAD5Cqot4ibN2pTlRpX6QTjfZiS0
2021-09-28T17:54:38.743731472Z 790 P0hgHVXHPIWzCJEyzXS9zxIq2sbXgupOnfKmvscWW3xzu55XsTbg6AcYpIsC
2021-09-28T17:54:38.747151517Z 791 KaTv9RvsOkkIX3jQ9W0vfbMkBtdP60hgwtfHE3muMSn43Ok1yY8tJrQh59cl
2021-09-28T17:54:38.749069973Z 792 2vGxmG4vohaIZreQ26a9On5Lj4U7uzblZKt8Ul5siziJhCqba8xW0zd6inF4
2021-09-28T17:54:38.750989325Z 793 ffm8pdKTDk0U3TmqDd3IZLw7dbWg60iexGPE4WNCNQLDEuwBoeRZOAbi0hcu
2021-09-28T17:54:38.753191356Z 794 NcfYEUklJ3IO2gKhYXY9YroG3F3qP7bOjxzdqiodOIJYG2oXSyzwBPSjNeza
2021-09-28T17:54:38.755597159Z 795 fjgFHDlbITTFzkTiSZLIXMVFjrbB8BTdYfDmo3fxUPqQfF0sEgfVZreSwP5b
2021-09-28T17:54:38.758794526Z 796 sNVklqxaLUbj1BNNJmXoCBIFxOeS7gMsHOiycBvmNoZY2APoH0WGo3akpCXW
2021-09-28T17:54:38.760752029Z 797 M6VC6HLdgNSNCVQCvuN1pQ7R0rLYqS98A56wvBRWFuwy5ZnipwNeL2AVrjKm
2021-09-28T17:54:38.762557058Z 798 7mcWFjevlqtwXwKXmV3oy1H8bwYr6pl5w75CBzJlT0qo9Y53ISGBNNvoqphA
2021-09-28T17:54:38.765790116Z 799 PBU0vpCtx2YBgeMCPi6l30Qv3C3kqqg9Ues2mLipKr3pksQ0dPoWAUsop1Yb
2021-09-28T17:54:38.768509141Z 800 fjXXrLP2DD89tN3hl70brjFhNNlpucWuFSpfyNu2TBYx4D5Am6bP41JF55ey
2021-09-28T17:54:38.771432021Z 801 UcSGuq42uWsqiLeOJ0KNeIqvCJ5tAgbb6WWCeCrMia9LzPSZJkly3067RnsZ
2021-09-28T17:54:38.773595644Z 802 DBzbp3QVUFDRzfw2i6PQhzbTvtLozxfaVXvFmfLqIh6gjnQiDOuSt4h5edXS
2021-09-28T17:54:38.775598079Z 803 rKbDB7rA4cwfZlxzSPZL6H3f9NnIbjDYdcmSe5JBziVx0KDY9H1cyqTabUdq
2021-09-28T17:54:38.777650943Z 804 wWeYV5jyTMkrqapnYx6z3QiyTXYqj50URiOWagigpsv5QDNzeSkUg7js5pSQ
2021-09-28T17:54:38.779436002Z 805 2LyrMcPit1Xo9jV0PjP6RBPX9vkIGVBK3nz20N7iLEvuCd4aOk2EX4gx8lNI
2021-09-28T17:54:38.781668528Z 806 4mwFqqfXveMy7jvMHlcSBtlIqFJzLdYiCiHSsyPr5w41wYOMlF9o0mKLGePw
2021-09-28T17:54:38.784299932Z 807 tcCvplvvWp3J5vrelQYFCIkpyFuYWoO19jIYDx2eFBJMtDFWzfHsYD9JioxC
2021-09-28T17:54:38.787840686Z 808 6tyvPtkyoIq4lypFXxRpUboFMQDzNMdwUHY2L3Iaz4U5L5Rk8cqkqp7m9JnY
2021-09-28T17:54:38.790233231Z 809 XPego4IDuxg1yDMRahPm2oC8XbvXDRSWNsGobCIJpidl9SCWQYdvWzIZ9zLf
2021-09-28T17:54:38.793307733Z 810 HQWnlGEh69nmkR2E9WM0J8nO5dwzuMcUnXPpuJ4uYv6JvojSQoMzkPz1QMMv
2021-09-28T17:54:38.795546709Z 811 VNT0W8N2Veiz7hghELmQVMdFU5tQTCbIteEfOzwKuJljUZ2Qy0Wa5fnLQclO
2021-09-28T17:54:38.798932528Z 812 EsNlcsRZfs31oSkPHzvZmfoEGx7bEbkrPYjpRpKWFwcDC2Ns3OZcSVA3pclM
2021-09-28T17:54:38.801560103Z 813 Lx1I1Im6m8R3JPHnznprjCyOY844Tv32T0ADDVZvSsNQeTV96H85lff1Kwt1
2021-09-28T17:54:38.804465526Z 814 pYHExVOZ9cPJ8tvtT2aFEXSJIJILeYJ9m0LyWoWY5ehzU61rznoFFovYst07
2021-09-28T17:54:38.807630492Z 815 b0jewAEwtyFXzCzD1fwjtU7ilT00aDjamou219XX64LKJ3rwMNbj1LydIwOj
2021-09-28T17:54:38.810860519Z 816 pJgjDPJr2r0z9l3EUVtiA2RnkVnsjTS8wMikpCmKVA1wpTb54UkNBkN9r17B
2021-09-28T17:54:38.813749605Z 817 a2AcYCaEuO1anefocJKbqtS6yaxmAjVJwdaAGLGEdk0HLN4wzzPE7TJifU2f
2021-09-28T17:54:38.816367955Z 818 GsOUJ93eDeqibrsFgffyE5fLLPRwBWkxPlI44FnA5nzYad3dZ1Bcg6nzLrGK
2021-09-28T17:54:38.818378449Z 819 d1om7FTFOg0bD30CdLFVCIglQzeI5ABSn7NPTYyaV40YySJ0DK6KsZGUhA5u
2021-09-28T17:54:38.821790798Z 820 yvfSGpljRTMiJKo32JdbArCCJMK3jN4C8yagYYCbZjeNT6sn8E6eHVcxJySy
2021-09-28T17:54:38.823631150Z 821 Sj3oqCRABB3rmgcBfVl18i8D2WUU8kO4W2HzKjMZMcLKnDHrWcdZ51MxzQrN
2021-09-28T17:54:38.826454231Z 822 lymY9IQsjaVTa5RUARLMbvNVQS4nbKBLnmIotKFEm8X7CjSIianWKhs1ar8c
2021-09-28T17:54:38.829484108Z 823 7YzkB2j0dl905LlYCMjcJ3YE7YugXLtAJwIzSLw1OUHacpzsZA2SmzvFVh0j
2021-09-28T17:54:38.832607549Z 824 lv6ixwoP0cLFn9tnb8TxmMisbfQPGX5kX4vUdi3vJ0zVpvElDgjBWzqVDyUG
2021-09-28T17:54:38.835419108Z 825 fWU1CiKGhUzRTSYTvJCVv1wyNp0oQUfc6W5OZY6AhY3tRx2PYRNEP9OgE9zj
2021-09-28T17:54:38.838819795Z 826 ASxL0SWX9xRDyPa2DTPkad54phjBAQLmuW62a7NnAhvJIUdC1mYmo8LOT5bk
2021-09-28T17:54:38.841112593Z 827 cZOvbsHlYPbcoiNjyQULLdE0lR4XiFKSRpxt0cYgHi1sQRPfa9iWh63fHfCS
2021-09-28T17:54:38.842835670Z 828 T3Z3p6tW4fKVyw7gqQ7Qne8BOT70XWWUP4v1LyyoDkrDaYDcC715aWookEuB
2021-09-28T17:54:38.844696052Z 829 vSeIDk9pz7Pg4n97SE5md6gh9DitpwNMrCrDiAmtYMjcj7LMPxGooeok8oIl
2021-09-28T17:54:38.847033501Z 830 9L5M3ZCpWJ0oxCaPsgf5nLTh4D8OCwpQPnkKUNDghBxbHiwO3OYLScUKsbug
2021-09-28T17:54:38.848666695Z 831 UGMi2F9c19tBQmbsJ4LLMbM6pvlaOgvEdr6loky2YL2wjwQMB4ZtTIttfdXF
2021-09-28T17:54:38.851499358Z 832 g9gDcL0w6J9yQUHnMyDnWsIBa7l6FuxAlfdmC9N5C3YeGONLtB88ktI0SjOg
2021-09-28T17:54:38.854411060Z 833 RMaHhUDM1kRNcO3amCP5C9tgKJYFn8pStbqCuwOjziJfYg4zCSRp1JpYwlp2
2021-09-28T17:54:38.856626812Z 834 OUzospzTNxrArYoNajwbkirn4yd7eLEmtnjibGkWUoWF3lOLIm34hAowVeRA
2021-09-28T17:54:38.858991884Z 835 67gtiUROjooHtLT8QZYNN1iwNB0WACj5J7w2b8do3AAC5QDr5sXKjzWtASF6
2021-09-28T17:54:38.861429126Z 836 uj6JGE8J3tk3WHeHrIjYJs1lRQ3pwxcWaT0by680Kos1MZmeLKJuZECY4WIN
2021-09-28T17:54:38.864125656Z 837 oIcP2HqLklZGN9IWfLmoUnr8VGrRalu8AxRc6DNdmlptoBEeeBys00Y455SW
2021-09-28T17:54:38.867507173Z 838 SJlUEKDfz3zzxXbGVZZYMYVEIuyQyomEPLLL92mjZSz9Q3cbZuadZCGhjWX8
2021-09-28T17:54:38.869722377Z 839 eQfJ7SKcbO7ejwQMAoAEoGUFr43FMoMAjkLntOtYxoIYCqGeSI5vCJvueRV7
2021-09-28T17:54:38.871991693Z 840 VORteOgw1qT4CDC393i08sdjT1e8xkbPMtLHHjTNFFW5Dx6p4nCGT5wURP6w
2021-09-28T17:54:38.875182663Z 841 dTYSnOeXZkBSMCQ9H7XwvWL29vvTIgZRzbnYCfgVG7kX4S1ff3UeByblpgtG
2021-09-28T17:54:38.876853356Z 842 nN84dRuFpfeW02UQqefO9k8JoW2qNwbPIAByS2Qx9riUIe37jRbuuGJHxhtg
2021-09-28T17:54:38.879368818Z 843 f9UBPfpPRM3O5bjjXxqScvlVe7lz2GCEKnm4ZIoPLdktJxqu77kIYRcCnRFd
2021-09-28T17:54:38.882426025Z 844 oty6CSGEleR7zNIOFephGZEYgvouywIcspc6CtBfu4dBmYI39gb57L5befeD
2021-09-28T17:54:38.885182504Z 845 yOsB4YUrLV8E2vGwxSJRsIsBvgTlCPftbsvsYcsPpS1jPMQAjgjLp9fv6u7p
2021-09-28T17:54:38.887889610Z 846 HmP1nc8mwmnTEsPJTfvsQNJ8Mk4pziTKrKEiOCvq4jwWgWEpdjECnRmJDSqE
2021-09-28T17:54:38.889535201Z 847 DHcvBNrEMYYBN8gVdVs782kpHHtsKNIUer6c3OlKF06ZA1D5Go3YDMRvS1xN
2021-09-28T17:54:38.892778437Z 848 KMas66FCVQcgrTlPFZT5rQp7RBa6ZTERKzrMLFwHUevkcQW2UcvMT0B9UBcr
2021-09-28T17:54:38.896070372Z 849 DkSVyg6p8CMg73j0p285V7qtuINZMJZuUsQEihFT9VnhOaCdf9lJlX9hANxF
2021-09-28T17:54:38.899526171Z 850 KKvzWlJUOhwOd0BA2rhlUnUvaDzyMRHyLszsC61I7CmuvkDK9baM8f8UbHHU
2021-09-28T17:54:38.903281494Z 851 xaNAqfPXTk3oCkXfDq0tTtsS0Q1nnvt2n7bk5gaa4RbBIjUjZiCl5jbgN35O
2021-09-28T17:54:38.906328345Z 852 K7YCXb9eeGPpXkXZFYvBTFeoGaalLOjwGMqBOT5EWP82FRkMFNBznLmCIbIG
2021-09-28T17:54:38.910127350Z 853 oloHcrTtfblfYiSaYM0tKmqGN365uyWpcQWvmHXtxHTj3WiEXHPmWjBU0kq7
2021-09-28T17:54:38.911830462Z 854 s7WWPDZQT45Gwjf4hATTdJDPstBtwrJtuxaE1Q5U0oHhnLT8iFPqeR2rqvg6
2021-09-28T17:54:38.914440719Z 855 8n4Ut0EUWJ2hccfPgrrAHDlsRRoLa4UGR1LD65YqcEdDYVpsY9QklktaCQX9
2021-09-28T17:54:38.917257560Z 856 7oPGVFa0aKccgxayupkH7Ha2S57ZQSJ9PKwBn0rdFlSOyXH7TqY9KDQEPkl1
2021-09-28T17:54:38.920060826Z 857 MvGWTSmeg9G28zXMEHsJKVnokALAxKmZl52sRtqweWveaPdRHdcLGWoYo4VV
2021-09-28T17:54:38.923060317Z 858 z95SmAoiHAZE2vAhiFyl0H2c2dkMNzKzdBX0TpT8stbFRLQRKoj9srObZqdJ
2021-09-28T17:54:38.924696855Z 859 nrZR0BLHyqXTUmVWZ3PfhoWzs4khsrccllYtznqzUjhFcse9h7oTSaKr6UN6
2021-09-28T17:54:38.927947852Z 860 8lCX5ihrVqu85vthSuYdLVbdj0DXkGWjXprEn5iyYCsCTDpn3TKWdl4jLzQY
2021-09-28T17:54:38.929715473Z 861 L0v0FLS2MjkUFPAsjIBpSzKaR8RRFSTbreJImFRZW5NBN5u4VrtayBhqwuLe
2021-09-28T17:54:38.931841059Z 862 XgmeBfqsf2pGH59TsaApZOmAeor4ym4HTi11OG0HY1XuBCl4M80k4mbImX8C
2021-09-28T17:54:38.933779777Z 863 Js4ai1c2bQetW6NZGHPMFOVwUFo2ebEaGrZAGlQp1oNEzaYWfvXMYHmok7I9
2021-09-28T17:54:38.939541932Z 864 1XRsPqGs4eTQwUUv7wAGPBTDOqg5ScFSZNSQ1YhdiazxNI3YxvCEnTjqkffw
2021-09-28T17:54:38.942852571Z 865 IVcrNph92yKBal9hk0b8f6HxhRVc26zv3J9CioQH8BWELQWDhBCaxLf46Mqy
2021-09-28T17:54:38.946119351Z 866 nKKp1Bdsrl85ftJxxGzw79WFSnUfnB2XDkehPI68Ki6zIwbZx8pVHvQFBKUa
2021-09-28T17:54:38.948190266Z 867 2qVGGqqPR1NKuh1xQ6PhdPn17pV4MkQnSbBOoAJOAYvCGFcBURaJGaZg3tmm
2021-09-28T17:54:38.952134363Z 868 NSqKi8d7D4tsXrAyXKsB7WkQQeolxHRr9yg4yVSg9EAWZBRjukb2BTfkcw2n
2021-09-28T17:54:38.953907403Z 869 feIiXlLjvBZF62cBg3Lod8c3ABqc0vCctcrfr3eyYQb2wIw8buF5CdBR9gqL
2021-09-28T17:54:38.956864742Z 870 zEpnkaCM210COj1Ku1J07o8JXidrqxvLQpM6zFoqnoVROTW9QqT5BkNDJ54o
2021-09-28T17:54:38.958732013Z 871 fRulo0bxGPGn75VJ6eLrOleKLO87iXRpDYLz6yBEAYMwN1gsVgd07lgYVpvI
2021-09-28T17:54:38.960780757Z 872 EJ7omp6tXrryMMt0ldS8ZfulfIAaWsltUWaOaU8AD2UsA3c6qKrpNieUsRb1
2021-09-28T17:54:38.964775932Z 873 iGQ4QXDBzQ4TpV7uK4cj5EcQZvCN640UJAld6IHrFFkb9eLwc4o0p1VuUUN1
2021-09-28T17:54:38.969707365Z 874 tjGfsRRKZt4tuTxxLGIosKVwjV1YeIuzO1hpwBmMdIRCrh8B1L4l8hrLBjuR
2021-09-28T17:54:38.972722683Z 875 a90vkUCjI8xZWbTkFJYO9PmvF0P2LcR0RijsB42bAEu9A3W4rHH7aXky9Ucq
2021-09-28T17:54:38.976450073Z 876 oWbWwWlVAbVloHVSwGOK37LLQ7r65oFnaa89JJt1wBK4hgooR9xcXEBnIO0I
2021-09-28T17:54:38.979321944Z 877 6WC9XUH1OuetsbsRB192LDFBcpDncoK2Kwaaj9a11X4JmoC7QbjPnL18nv05
2021-09-28T17:54:38.983095886Z 878 CkWBQguImC1CpY4b7ta2avKWZCztWQpfODnsVU3ST2ag0uc8QR6ADNBCCzdW
2021-09-28T17:54:38.986217437Z 879 UULhoonvzHhBHKie0InkxzPNmXz74I31qCImzQKjHn6sNe94Pna7PBMevTFJ
2021-09-28T17:54:38.987906018Z 880 4GQ51zrhRTvIOIGL1sXcfwCyYBeYGtwodtxiufDawMnoiykxpakfdPINfAXx
2021-09-28T17:54:38.991730112Z 881 wuWzmzMOMMgkpJspftmTSXJKEvwmetRdUCEaMXflcrO8J6tAw6wYaQp8VDG1
2021-09-28T17:54:38.995420867Z 882 5IDygOzI5JdHJcuKdU4C2YceVthHjzPVIzmXWZTmu0NvoERKfL7ju1GGXL9W
2021-09-28T17:54:38.999867714Z 883 7eFtvWkURhuocjJbT8tHC6QKKn4s8IyC1HOpZyQPhmTjgEuriz85C7zAgUgr
2021-09-28T17:54:39.003287571Z 884 Of0dLwmmyC45eBEfN2YkaSRKdXAEqQX1TZEQwUyFh8VvnDPAo8mLkCEuXVE5
2021-09-28T17:54:39.005276357Z 885 ZapF98P0kNMqapPt120RM18YggSkQVr2cwvfAc2TN3RBrFW0dPYChL7t4KJZ
2021-09-28T17:54:39.007435978Z 886 74uanqHZHPTlb1idT70qulQFQpioknLH6epPQMSNapWFVrKxgfYs3HAskPcG
2021-09-28T17:54:39.012015181Z 887 V1tGP0OxeQ0jisnkOlKU6zXZgPV13MRqncGzHj0EzizywZaOWV59dG11blZ3
2021-09-28T17:54:39.016228371Z 888 m1ytjpEWzHKTmD88QoWVIf1uwsncQsrBRvDM8suhJipwF8djk8rHEriKr2Al
2021-09-28T17:54:39.020457290Z 889 kJfTaS7HA1YHK4KxXVP9hB4SPZMYwrqSXMXrFydUdIsLCF97uvLnHwKnu1BH
2021-09-28T17:54:39.023385160Z 890 tszM7jhqhx7YjTwn6B5UzwzuZXA6FybLPOQVvUUeiFSRFdmAR9H92DkAUx0n
2021-09-28T17:54:39.028084036Z 891 6RCinRHPVcSNm0a2TV8atf7ycVlw7Sz9YoGTp0sFZspQtGAt44U95mCIfjXF
2021-09-28T17:54:39.029723036Z 892 zpMl2xm2qkTaqYmPts768fe5uNuSyKOHiom8biqpyoieDUS5acyo9bjS3Xrq
2021-09-28T17:54:39.034791605Z 893 bhd8g7x7NrttvRvtOYWZr4kUD45jhxoVymHIc2juVS0bMUgpGrl5jZbY8q83
2021-09-28T17:54:39.036988902Z 894 DtJftCOUWnRnbsPyWr4qfBELjaW0QnzDUGDdVSObWqpPugKaxnCcv2UZfucP
2021-09-28T17:54:39.039850011Z 895 faElrSwkBHOO43vh0sLoOatBMb7x7WmxIziRTTkt7GNCWZ83cwZIB07xkKSu
2021-09-28T17:54:39.044204564Z 896 MEavqa1Pdh2IrTLYYwPp975GiTjdAB8Uj2vfVdwR8Za8xKB4rwlewo4ZM8K1
2021-09-28T17:54:39.046562778Z 897 XTZn7Z2IA4jIqNrKEB25jmqUDj5EdIcnTnG3B3oMXY9NovDiXy0UgriYOu8V
2021-09-28T17:54:39.049005872Z 898 M145WXa8ZgEOCfbAVrry7kRqJbdN3LVkERNRFefbAlvynXkige1xAYbeaLM3
2021-09-28T17:54:39.054214533Z 899 w863LeITyEzDwhxmdqHnxFNrB0e5c6V1LjrNhFKfxjkWTWBsEheXGR4Vtl80
2021-09-28T17:54:39.056454832Z 900 KrzfV3oupBkRHSqNpDxSFVEKoRB3Un7tnbpFpyezrXLRNET92KKPW34pVZBz
2021-09-28T17:54:39.059362547Z 901 vuYpmUKSIurUi20tfzy1y8tVfa7Y1vflvV8NigbBcVtkbWd5uutZnKBvuah3
2021-09-28T17:54:39.062583610Z 902 Zhq3BB3vqr0OdibfOy2258UbctT21Qfny85z69p9OUJBURZdgXdq7yYcg8rT
2021-09-28T17:54:39.065418117Z 903 KwR0wJuYtR60onD12k2nG92megTmVcbYJIxOZDCxtmjOnsKyDjTQFRBKtihA
2021-09-28T17:54:39.069307283Z 904 1ULmconQP5wBLmeS8VEpXudJdcOJVyJPR6N5xNnqyY456ZE7gVMa3fDLeW5M
2021-09-28T17:54:39.071394994Z 905 MmsfrgBmocAxU9ABQnJqSYf4XvQSnSjmx5tAKHtqQSsr3UpQIzS8FOpfDyJx
2021-09-28T17:54:39.073475100Z 906 gqss3YtAWdzN1wWb2YSG2zNZ5t0AiaSmraYkG72QNc1056XYANSz5aBRMb83
2021-09-28T17:54:39.075534613Z 907 B1PflcaEH6U6qJtO1ye8iqQ7pQO2ujPAug852LVuOiogGbQypL4SGBSUrK9o
2021-09-28T17:54:39.077594825Z 908 6tP6pK74xa7N3S3AaJQiUMYYduEfuG3gfoQqWDt68tB2zL0EkCZa2GewFbTv
2021-09-28T17:54:39.080942662Z 909 hiLf9iLlUwfbZx48yBCl7MQcd1dkszcTAwlZKKYiRh9JYbRdzd9N25eV7Tvx
2021-09-28T17:54:39.083831951Z 910 R7paND4ykVOjOFOF9mND2CcbbpkBmpSFDApvDgHEVYjZjUrqRSNqsdDiLJqB
2021-09-28T17:54:39.086831906Z 911 GyNpJYeRg4qhUdEb9lbxi8fX8KOhxDMlJLkiTlu3jb0j9wkRDpNt0w5sfCVp
2021-09-28T17:54:39.088409430Z 912 7nrKiCW19aUp7U6k6iHn4FzntacjTVBeXI8uEJ54uQHcUFlMNhGB9cRhRbzj
2021-09-28T17:54:39.092110252Z 913 5wzvnPI0FB2FSJqiKOy02Ayk3NXaizl46wWDlke2urE5OpJ3G0Mg9ucdnojp
2021-09-28T17:54:39.093688904Z 914 FErOWYzGCZmtx5qgw9RpoaaxhdVeYjIAFrJz2QCxlV9YDB0oqGP6cIqp85oz
2021-09-28T17:54:39.096949001Z 915 vD2AtfwZIBf6UNmuz5FZvOQJANHqydmgFEO8K4GMjAj720aGpdPqn9C5RLPE
2021-09-28T17:54:39.099543106Z 916 iUuMDGYDwihgbq75mrRNBcYd5hxW4y9Rk7Ay37NNOdmHbiXsYcCL2CUuViEX
2021-09-28T17:54:39.103981373Z 917 Cgmng24p1b11XzsjuV1TohszxMm6iUpJH6jcVQGxdrW7bxQUrlBGDwdhXVBP
2021-09-28T17:54:39.105704032Z 918 siYmOsCSpDWvhWJTw6Z08MLKHstFitRrPMbJstP9LunOqnhIOTQeNv89AI4o
2021-09-28T17:54:39.108951478Z 919 9e0hlN4aovof6iobzYMzetCAdGgjZTwOUzHs3uqV7hs6l5jQZ99l7zJH6gGC
2021-09-28T17:54:39.112231103Z 920 YFo0cKqY3BNY14WfzbpRKxUaF6GCEA3TYEXNQfuaD35RXlSeqXlV6QaxkiKx
2021-09-28T17:54:39.115716512Z 921 533DZx7cNvJXSPyWvZ66NVGl3l4A26iYNXtcwkj359vamyf1yCFDG3fRcGl7
2021-09-28T17:54:39.117778280Z 922 pxhaqS3ceXHOfOmxavvbjl5lyaWt7ICQQOu9zC87ZPZiBX7knZ15AoBdvsEM
2021-09-28T17:54:39.121038797Z 923 iQULx3Ocs2n787RoJxUf1Y8x7ZFkS9gsSg9rFRUdRA0TzlNjLi43TwglgcPD
2021-09-28T17:54:39.123101781Z 924 THfr2OLwGyhSac9JHKUZXppPItdmNRJXOH8eTVy3Tn6rtZEMPVvKtbeMREc5
2021-09-28T17:54:39.124606834Z 925 BoCuhKDdSXXiXyTOXPZLvoJzScH5DsnZJBvTa12wgGQBUmqjYUSxhDvheIPT
2021-09-28T17:54:39.128779679Z 926 iyu9eWRR0iiaRG1BGGPyQ9wxguF8MLtCm8s7DRVMx3Yo0BtdI3bMchCSaZTV
2021-09-28T17:54:39.131397065Z 927 oftiRB31aftsbu7MU6pqUKQE7CYsrDbw5AF2uZVkw418v5khAAWankxRn6Zy
2021-09-28T17:54:39.134467650Z 928 UO6U0pX7WDZ1ftNfVuuuP2H2aJH7NH1LSco7HpN9mcAOhgHs7nJ2INtSME6v
2021-09-28T17:54:39.139802792Z 929 01jOAvDo3EdV65URNsJ1U5gRa1lvGQd5xmStjcNU7rakmUzocqer49hRF27Z
2021-09-28T17:54:39.142220405Z 930 mKHJIZ9Ie5MbFTKGuf4zeMQLYfRyZUYS6JVGi4WkQdqPbcbrnY4w0FRPTBel
2021-09-28T17:54:39.145437940Z 931 0R1b3YTwWgAPa6psMom3VtoiOVHrSh34ttdaPbZNwOgNl7nDjftgbmukM7kL
2021-09-28T17:54:39.147417700Z 932 l46WOfpw6HQwZ3oXIbowfrnXodwTEiPJP6dAmGeOVxKSJlQUeU3wf2ldpU3J
2021-09-28T17:54:39.150644638Z 933 BVZnFlElcWnpKL9H7lPCMoFAfyZjUSSAbGv858cdL2kven1NGAcYKyL4YXnI
2021-09-28T17:54:39.152981688Z 934 5ifCTZ1u1FodmClOUjFgdhJwJXx2IXVf38VoX7ab3BeWxG0jDV9447GRr9p1
2021-09-28T17:54:39.156858425Z 935 ALrdfnabXVBR62l5QJKPlyGvNy1neheGbiqN9lcYUdAFQKiprbHUBUfEQdKw
2021-09-28T17:54:39.159578581Z 936 o0V7Elu6FztuNGzx42UHYsTY8SBazgKYvnErfTBrSaSp5CVQ4AGJ6Bk2NwGt
2021-09-28T17:54:39.162133233Z 937 7ZZofKarstS6D829bmctRR2C3ByBdTrags9V3tu25ECsYWCz4LmmlQCuGwYs
2021-09-28T17:54:39.166888907Z 938 I8PdzYs7PmyQ7BYATM31K2KKaDdgRPaYWpdIKFN5PiHUvMFpMvcU12fRZrKP
2021-09-28T17:54:39.171731616Z 939 2F72clEg8qRtl9YvlIOJI6OQHUiR2W8UkTbvLl1AgJTdshNaIcvZ70Y1Qq6Z
2021-09-28T17:54:39.174059033Z 940 NAHCr3KM4AIPBrfEqeW21jXcW1kei74BHRpN4IR2MmyZeILpOA0iNHeaf2jy
2021-09-28T17:54:39.175901300Z 941 ClYfFad2HrSPivS4krJaryzF9IUdxFXd724YpxL5VCw5jZz7K6ImTPDEK6U4
2021-09-28T17:54:39.182327856Z 942 1T1CcDvdT2X26CDVawv24Sb1M2WqYdCdkgVyX0flsxjuy8dSSqe5fuUrM6Rf
2021-09-28T17:54:39.186083585Z 943 EoD0EtRZecCxX2fz4Q2ydHpq1PL3Ik85nC9owjMqCbgLR4WRNMx0jkoHFurW
2021-09-28T17:54:39.189940217Z 944 Vm4KhWg8sEcijsBxs45QzmFDlYlSCUNEtOuzXiLH1oOwa3h93Wn06IPKFEJe
2021-09-28T17:54:39.193355003Z 945 F0F9oNm90hN1iGCkIuc8Xh13rjV29RXN42o1zVwh6NW4lqEQJK97jaNXxvBV
2021-09-28T17:54:39.195648828Z 946 x6TbDdsamlaYmJrSCCmrCGA36WFmj7iLufus5hwdIfpDx4PQ13ziXXqBd8uc
2021-09-28T17:54:39.197498190Z 947 YXCBdi1r4MynBIiyHauuv3zHldgp8ZO5XvW2KyDjtGviOidCdqU68X05GPd3
2021-09-28T17:54:39.200234167Z 948 OaODdISq4lTZ5aYXNqEnVYTgCizqpKKk98iuhsvsd9ugNKsNMqG2UJGRGBgp
2021-09-28T17:54:39.201486345Z 949 ahOc7nyJewV0o0hE6cWN6aoGMqNYJ6ZcD8CFZWjj4uERB7GFDt7NVLtM6CWt
2021-09-28T17:54:39.207180411Z 950 9iDBOD3fqkEqbFkA3WEFUTRsndNuWWNjkWwzhVG7Yk59EO9HLBgaIc5J8K2P
2021-09-28T17:54:39.210688816Z 951 bxC9vRUExXOuj4dPP34MD4kvXxnkAk3hdaGHr8gp953E9oB3tadepdC17Ks3
2021-09-28T17:54:39.212718734Z 952 10sTlVoqE2hiQ7MxDO62ZGx5evgF7v2o0uoraIXtvv7ma1i8X2SHwrmyYbMh
2021-09-28T17:54:39.214851827Z 953 kMCezlCF7lt40MkIYou0iWlDeeHTcnIZsinX8r3xFyNpl89T0c2El6KZuUp7
2021-09-28T17:54:39.218231033Z 954 Ui5WROySnje5hLFPqCqVQJjpTGluKxNaw7JSNAf1PwKSxM5nvLs9KYCAUWC5
2021-09-28T17:54:39.222842367Z 955 U4ZxAmseLNd0ik0MhpxGuV5d1EGQwAZPCYPMt6E1313NMTvl2THpqXyJpSu1
2021-09-28T17:54:39.227277279Z 956 wwZV51BW58ydD1Y8ywLlyLjdHNKYKRjMkVBb0ALY8uSj9PJlyB1k8HNZMQxh
2021-09-28T17:54:39.230267916Z 957 37Zh7lmoyXKP4BHmxU136hTYcohd7kw0JX6BUpcI8XCE0anRzCnv6sfMOUm7
2021-09-28T17:54:39.233141667Z 958 TpuwWzkryX9L9VghXoFd5qFI3o6UMgfXGDFLpxsWjSh3y0Qbszy6kRfVUF4U
2021-09-28T17:54:39.236882513Z 959 URGLTtzL44Hf9VOReL7XKEj8ZyTqeh6WS8sT8oO1mp1BsK8LGUZGXAmUBU0k
2021-09-28T17:54:39.240574296Z 960 lmMXCrQJ0dwzz9GL1DaS8h2IYHcnfNNyivTToSAsKCVcYsqdqbrZbI4ydDgK
2021-09-28T17:54:39.243891970Z 961 A7JjkPi28ts0jLa5wNIQZo9gXoPpiDPbZlXK5qnV3c1Y2rZFgQgubCbhhyeq
2021-09-28T17:54:39.246412334Z 962 MI61E7Nw8lYddNTeZpWeyHfx6Erm0LG40gsKBgkKroQBKULzA57Vkdf5pMF2
2021-09-28T17:54:39.249294396Z 963 r4pc2fDy5jr85neh0mq9JhR8w4cy41XtD31mghe6pzQWoO8qhWkOJBgV5kWK
2021-09-28T17:54:39.252542971Z 964 3JCDyHuCGoNHc8TfoLnnvR0KTS4DF8LxJFLpHTVakxgR2N5EhGYGnht3614Y
2021-09-28T17:54:39.254682857Z 965 AtZZ0qDNARoK1ePY7EC1G5Taagnps4m116V4cPrIWNPkBXR13GCBDEAQQGuB
2021-09-28T17:54:39.256858500Z 966 a2pm1ZJFb9sVZ6cnXgkAbhobaVJZq79iiN6KYIaDpdm7ziqYQF5R4ZDr7Bam
2021-09-28T17:54:39.260110917Z 967 O56B0BrcwIxh6OQMbpk4grmesALJDfDFWqHPT3P9cNoGFVjIv1p5aNBvws1l
2021-09-28T17:54:39.262464917Z 968 lS0KFJyRAhYBL1j11bBqrxY3U47fuEOHIqFTeu4nH1ioQ3agVBGaBnW8eC0Q
2021-09-28T17:54:39.264444799Z 969 de7Xw0D1AbuSbhjNLgkK8zOxsGblyLtXUwfs8cRkHOIcAuvsIiODozp4GV7z
2021-09-28T17:54:39.267227595Z 970 LMnvnrRrFKajCnK5rtdffsFKoeeruRw2Gpqpe5Fb1vC62Gn2iImDrzyKHoxJ
2021-09-28T17:54:39.270166940Z 971 kX4wNO7I9bcls4hBO7NrbnY3lY40FkfluBT3KVT3F5lw1a67CjCBO0CYXd7J
2021-09-28T17:54:39.273223033Z 972 hL1ob1ADBjs0BkGqN3JPmjxosefIjfqiFt6CGSHQLngylRo2hbioIgHP6vHX
2021-09-28T17:54:39.274552351Z 973 7wjZl7fnvtCGtspQGjcVnHNjxwdg5TzIKFotw9ALH7BiU48KdWluIqjmyZHg
2021-09-28T17:54:39.276588947Z 974 OoDIZsetZGwH32H9SiTnws7ZdXcRbgsddfT9UjrgoByMLe7PdOdNyEAzLc2U
2021-09-28T17:54:39.278622707Z 975 lTBK9DxW0yVD9WnFkVhpRnb5Dq7eY9iWfsfZLaDbqfz02MCTgoogxm3wWhPw
2021-09-28T17:54:39.281258735Z 976 VNOjbaotpK0bpxwBVyxbSeoOiwqAiHnbivOvcDSf69nc2sqkmtfNWbhrim1f
2021-09-28T17:54:39.291784816Z 977 I2G0R67YEctUbx3xjS16Op5fjvlR7DgbxYRoOR9nnrYzFu5FuvMBhgK2amkJ
2021-09-28T17:54:39.294607200Z 978 SHRfm9a41LTfgr1Gn5CgVOxwojB3rFvkvu3sKQkC4sMJe08h9EyuenrMDexA
2021-09-28T17:54:39.298564357Z 979 O1rRhxQ4WaJdS6ISmm61Yk28qaCRuuCxbRoHxtuoNrFpKCVLHD4NoyRvpTdx
2021-09-28T17:54:39.301027331Z 980 nnVHT22F57ZmtNgNQPaFdWNMvu8CTpxt2QsSk2SLOVEFxoHbdzUqRC5pvooT
2021-09-28T17:54:39.303666678Z 981 2l6qCT5T9pzgCFOBV3GU6dzRhURMSOav0W6OpVp4Kqma2pLukN9eW6ZiPT3j
2021-09-28T17:54:39.305651997Z 982 SoBpNZdqG78kOpNruSEw93bloA3q1CnH7hqRZZFww04e9ePo7bZ2HyXJzQNw
2021-09-28T17:54:39.308758731Z 983 WAYuCudkzgDOgwNdxeByhpoJLUndWaCqDqpGylFhmsTLDIT9J3duFohB5AuO
2021-09-28T17:54:39.311604340Z 984 I144XVVyOdce8SD5pgtArzgoH5tHsGJsn2X3DrhZRrSEhW5NVrBZW7Lrj0th
2021-09-28T17:54:39.313657614Z 985 CGC4bG7rDBOvxzwkxaWQ6NoVpTz5OaQPrtGLhp53RBwqr7YBkwrXKl8ua72p
2021-09-28T17:54:39.315857120Z 986 0HwsGj0NmxHtWuspmESfrVAvQqyblqmSRRMunbDsIsMUBCzFvXJy1R411A6f
2021-09-28T17:54:39.320268660Z 987 fmX5hRV6b9ZdzuAQiLhXqhne8mKcJhopRuj7r2fTodSu56MIQiJWYWosP35f
2021-09-28T17:54:39.324504420Z 988 qWZ8PmCXQviMz7T2G1G5KykcwaajeWFzWdphWumUA9lN6YxE0eiUBmPx3Qg1
2021-09-28T17:54:39.327628230Z 989 AhVCR4Ip5MvNiJNTzOGknjc0FQJuc5HJrxfiVS6wKLwCOeofH0JUPqp7cOYy
2021-09-28T17:54:39.331049685Z 990 JlBslU6xTbspdr2vpZL5YqhgP17jHxXmilECVhfuBLE1ciIwDHIDuAUvvhaS
2021-09-28T17:54:39.334959066Z 991 ClrRIiQ63UtRNu03KeJVFrmGLqWdxpgXP3OjzQehKcKedwdv0FmMOChXCYM1
2021-09-28T17:54:39.338421500Z 992 GRQhSsrw60Fd0yXn74uwh25buKuep2fUVv9ljHDi7A6IUhRhBtMtA4GcWepr
2021-09-28T17:54:39.340707010Z 993 VIcYw9xAgyAgKJ6sxfA3pXAijWw0kORINNPbht6vLy7UfbPhXl8IswcbVS6A
2021-09-28T17:54:39.342619198Z 994 G1LE4RL3dArXj0wznU54KMcKA5AtaKSsZI5CHnnm4JjUON4fCqp4NTnzyaHg
2021-09-28T17:54:39.345474818Z 995 p441W7TsF3bnEc3NJxv31vPKdkMvVeWGD1xhO7xDqOGXPoc07s82uT0Fcfze
2021-09-28T17:54:39.348865604Z 996 RDlhXYzgOV9XKNuCAKHzoXTR0WF2VZk4mQBVB1qumuDymnw6YuWvA0HnhNzm
2021-09-28T17:54:39.351405463Z 997 IeEPqSkict0fK8q9XAzY52A3Ge0M4VDoxReM4saiKl2BtKgF95eWB87RK2CV
2021-09-28T17:54:39.354788890Z 998 XScxQlsuws3xQ2q6t9BevBRzhMge6MxUm56lpRIy2DYIoIyvUVZiLEMO3aBi
2021-09-28T17:54:39.356874390Z 999 Nppxy6Cz0tQNu2C18Wm59S3Ivj33Q5Jj9LZfZtkJogy3GfQzzXv19ESiecSe
