17:54:22.146060375
17:54:24.157326885
CONTAINER ID   NAME                                          CPU %     MEM USAGE / LIMIT     MEM %     NET I/O           BLOCK I/O        PIDS
3ec509957ec9   qos_1_client.1.paegxs2ij9mqchzoqv9ix3lqx      0.00%     1.027MiB / 3.852GiB   0.03%     586B / 0B         0B / 0B          4
6269c94a69f5   qos_1_twin.1.jhl4oeti3aq5zw7sikhkbaice        0.00%     1.414MiB / 3.852GiB   0.04%     1.2kB / 731B      0B / 0B          3
3e62572fe815   qos_1_scylla-db.1.oyn453vs567d4daayy3zdj27f   2.63%     162.3MiB / 3.852GiB   4.11%     5.45kB / 3.32kB   7.72MB / 205MB   36
CONTAINER ID   NAME                                          CPU %     MEM USAGE / LIMIT     MEM %     NET I/O           BLOCK I/O        PIDS
3ec509957ec9   qos_1_client.1.paegxs2ij9mqchzoqv9ix3lqx      0.00%     1.027MiB / 3.852GiB   0.03%     586B / 0B         0B / 0B          4
6269c94a69f5   qos_1_twin.1.jhl4oeti3aq5zw7sikhkbaice        0.00%     1.414MiB / 3.852GiB   0.04%     1.2kB / 731B      0B / 0B          3
3e62572fe815   qos_1_scylla-db.1.oyn453vs567d4daayy3zdj27f   3.75%     162.3MiB / 3.852GiB   4.11%     5.45kB / 3.32kB   7.72MB / 205MB   36
17:54:26.170686459
CONTAINER ID   NAME                                          CPU %     MEM USAGE / LIMIT     MEM %     NET I/O           BLOCK I/O        PIDS
3ec509957ec9   qos_1_client.1.paegxs2ij9mqchzoqv9ix3lqx      0.00%     1.027MiB / 3.852GiB   0.03%     586B / 0B         0B / 0B          4
6269c94a69f5   qos_1_twin.1.jhl4oeti3aq5zw7sikhkbaice        0.00%     1.414MiB / 3.852GiB   0.04%     1.2kB / 731B      0B / 0B          3
3e62572fe815   qos_1_scylla-db.1.oyn453vs567d4daayy3zdj27f   2.51%     162.3MiB / 3.852GiB   4.11%     5.45kB / 3.32kB   7.72MB / 205MB   36
17:54:28.182613128
CONTAINER ID   NAME                                          CPU %     MEM USAGE / LIMIT     MEM %     NET I/O           BLOCK I/O        PIDS
3ec509957ec9   qos_1_client.1.paegxs2ij9mqchzoqv9ix3lqx      0.00%     1.027MiB / 3.852GiB   0.03%     586B / 0B         0B / 0B          4
6269c94a69f5   qos_1_twin.1.jhl4oeti3aq5zw7sikhkbaice        0.00%     1.414MiB / 3.852GiB   0.04%     1.2kB / 731B      0B / 0B          3
3e62572fe815   qos_1_scylla-db.1.oyn453vs567d4daayy3zdj27f   2.75%     162.3MiB / 3.852GiB   4.11%     5.45kB / 3.32kB   7.72MB / 205MB   36
17:54:30.195120031
CONTAINER ID   NAME                                          CPU %     MEM USAGE / LIMIT     MEM %     NET I/O           BLOCK I/O        PIDS
3ec509957ec9   qos_1_client.1.paegxs2ij9mqchzoqv9ix3lqx      0.00%     1.027MiB / 3.852GiB   0.03%     656B / 0B         0B / 0B          4
6269c94a69f5   qos_1_twin.1.jhl4oeti3aq5zw7sikhkbaice        0.00%     1.414MiB / 3.852GiB   0.04%     1.2kB / 731B      0B / 0B          3
3e62572fe815   qos_1_scylla-db.1.oyn453vs567d4daayy3zdj27f   2.39%     162.3MiB / 3.852GiB   4.11%     5.45kB / 3.32kB   7.72MB / 205MB   36
17:54:32.207951860
CONTAINER ID   NAME                                          CPU %     MEM USAGE / LIMIT     MEM %     NET I/O           BLOCK I/O        PIDS
3ec509957ec9   qos_1_client.1.paegxs2ij9mqchzoqv9ix3lqx      0.01%     1.027MiB / 3.852GiB   0.03%     656B / 0B         0B / 0B          4
6269c94a69f5   qos_1_twin.1.jhl4oeti3aq5zw7sikhkbaice        0.00%     1.414MiB / 3.852GiB   0.04%     1.2kB / 731B      0B / 0B          3
3e62572fe815   qos_1_scylla-db.1.oyn453vs567d4daayy3zdj27f   2.50%     162.3MiB / 3.852GiB   4.11%     5.45kB / 3.32kB   7.72MB / 205MB   36
17:54:34.220392172
CONTAINER ID   NAME                                          CPU %     MEM USAGE / LIMIT     MEM %     NET I/O           BLOCK I/O        PIDS
3ec509957ec9   qos_1_client.1.paegxs2ij9mqchzoqv9ix3lqx      0.00%     1.027MiB / 3.852GiB   0.03%     656B / 0B         0B / 0B          4
6269c94a69f5   qos_1_twin.1.jhl4oeti3aq5zw7sikhkbaice        0.00%     1.414MiB / 3.852GiB   0.04%     1.2kB / 731B      0B / 0B          3
3e62572fe815   qos_1_scylla-db.1.oyn453vs567d4daayy3zdj27f   3.44%     162.3MiB / 3.852GiB   4.11%     5.45kB / 3.32kB   7.72MB / 205MB   36
17:54:36.232677130
CONTAINER ID   NAME                                          CPU %     MEM USAGE / LIMIT     MEM %     NET I/O           BLOCK I/O        PIDS
3ec509957ec9   qos_1_client.1.paegxs2ij9mqchzoqv9ix3lqx      17.01%    1.504MiB / 3.852GiB   0.04%     25.4kB / 49.7kB   0B / 0B          5
6269c94a69f5   qos_1_twin.1.jhl4oeti3aq5zw7sikhkbaice        38.91%    2.098MiB / 3.852GiB   0.05%     241kB / 285kB     0B / 0B          6
3e62572fe815   qos_1_scylla-db.1.oyn453vs567d4daayy3zdj27f   57.19%    162.3MiB / 3.852GiB   4.11%     289kB / 230kB     7.72MB / 205MB   36
17:54:38.242317378
CONTAINER ID   NAME                                          CPU %     MEM USAGE / LIMIT     MEM %     NET I/O         BLOCK I/O        PIDS
3ec509957ec9   qos_1_client.1.paegxs2ij9mqchzoqv9ix3lqx      16.05%    1.508MiB / 3.852GiB   0.04%     71kB / 141kB    0B / 0B          5
6269c94a69f5   qos_1_twin.1.jhl4oeti3aq5zw7sikhkbaice        39.05%    2.27MiB / 3.852GiB    0.06%     711kB / 853kB   0B / 0B          8
3e62572fe815   qos_1_scylla-db.1.oyn453vs567d4daayy3zdj27f   60.05%    164.3MiB / 3.852GiB   4.16%     853kB / 683kB   7.75MB / 207MB   36
17:54:40.249523084
CONTAINER ID   NAME                                          CPU %     MEM USAGE / LIMIT     MEM %     NET I/O           BLOCK I/O        PIDS
3ec509957ec9   qos_1_client.1.paegxs2ij9mqchzoqv9ix3lqx      0.00%     1.508MiB / 3.852GiB   0.04%     71kB / 141kB      0B / 0B          5
6269c94a69f5   qos_1_twin.1.jhl4oeti3aq5zw7sikhkbaice        47.05%    2.223MiB / 3.852GiB   0.06%     1.34MB / 1.62MB   0B / 0B          6
3e62572fe815   qos_1_scylla-db.1.oyn453vs567d4daayy3zdj27f   73.08%    170.3MiB / 3.852GiB   4.32%     1.61MB / 1.29MB   7.79MB / 209MB   36
17:54:42.256357807
CONTAINER ID   NAME                                          CPU %     MEM USAGE / LIMIT     MEM %     NET I/O           BLOCK I/O        PIDS
3ec509957ec9   qos_1_client.1.paegxs2ij9mqchzoqv9ix3lqx      0.00%     1.508MiB / 3.852GiB   0.04%     71kB / 141kB      0B / 0B          5
6269c94a69f5   qos_1_twin.1.jhl4oeti3aq5zw7sikhkbaice        48.34%    2.281MiB / 3.852GiB   0.06%     1.94MB / 2.34MB   0B / 0B          6
3e62572fe815   qos_1_scylla-db.1.oyn453vs567d4daayy3zdj27f   72.26%    174.4MiB / 3.852GiB   4.42%     2.33MB / 1.87MB   7.94MB / 210MB   36
17:54:44.263393789
CONTAINER ID   NAME                                          CPU %     MEM USAGE / LIMIT     MEM %     NET I/O           BLOCK I/O        PIDS
3ec509957ec9   qos_1_client.1.paegxs2ij9mqchzoqv9ix3lqx      0.00%     1.508MiB / 3.852GiB   0.04%     71kB / 141kB      0B / 0B          5
6269c94a69f5   qos_1_twin.1.jhl4oeti3aq5zw7sikhkbaice        49.38%    2.234MiB / 3.852GiB   0.06%     2.57MB / 3.1MB    0B / 0B          6
3e62572fe815   qos_1_scylla-db.1.oyn453vs567d4daayy3zdj27f   72.20%    178.3MiB / 3.852GiB   4.52%     3.09MB / 2.48MB   8.07MB / 212MB   36
17:54:46.270424084
CONTAINER ID   NAME                                          CPU %     MEM USAGE / LIMIT     MEM %     NET I/O           BLOCK I/O       PIDS
3ec509957ec9   qos_1_client.1.paegxs2ij9mqchzoqv9ix3lqx      0.00%     1.508MiB / 3.852GiB   0.04%     71.1kB / 141kB    0B / 0B         4
6269c94a69f5   qos_1_twin.1.jhl4oeti3aq5zw7sikhkbaice        50.21%    2.203MiB / 3.852GiB   0.06%     3.2MB / 3.86MB    0B / 0B         6
3e62572fe815   qos_1_scylla-db.1.oyn453vs567d4daayy3zdj27f   71.67%    182.3MiB / 3.852GiB   4.62%     3.85MB / 3.08MB   8.2MB / 214MB   36
17:54:48.289544872
CONTAINER ID   NAME                                          CPU %     MEM USAGE / LIMIT     MEM %     NET I/O           BLOCK I/O        PIDS
3ec509957ec9   qos_1_client.1.paegxs2ij9mqchzoqv9ix3lqx      0.00%     1.508MiB / 3.852GiB   0.04%     71.1kB / 141kB    0B / 0B          4
6269c94a69f5   qos_1_twin.1.jhl4oeti3aq5zw7sikhkbaice        49.78%    2.289MiB / 3.852GiB   0.06%     3.81MB / 4.6MB    0B / 0B          6
3e62572fe815   qos_1_scylla-db.1.oyn453vs567d4daayy3zdj27f   72.33%    186.2MiB / 3.852GiB   4.72%     4.58MB / 3.67MB   8.32MB / 216MB   36
17:54:50.296516817
CONTAINER ID   NAME                                          CPU %     MEM USAGE / LIMIT     MEM %     NET I/O           BLOCK I/O        PIDS
3ec509957ec9   qos_1_client.1.paegxs2ij9mqchzoqv9ix3lqx      0.00%     1.508MiB / 3.852GiB   0.04%     71.1kB / 141kB    0B / 0B          4
6269c94a69f5   qos_1_twin.1.jhl4oeti3aq5zw7sikhkbaice        0.00%     2.195MiB / 3.852GiB   0.06%     4.03MB / 4.87MB   0B / 0B          3
3e62572fe815   qos_1_scylla-db.1.oyn453vs567d4daayy3zdj27f   2.74%     188.2MiB / 3.852GiB   4.77%     4.85MB / 3.89MB   8.45MB / 217MB   36
17:54:52.305597502
CONTAINER ID   NAME                                          CPU %     MEM USAGE / LIMIT     MEM %     NET I/O           BLOCK I/O        PIDS
3ec509957ec9   qos_1_client.1.paegxs2ij9mqchzoqv9ix3lqx      0.00%     1.508MiB / 3.852GiB   0.04%     71.1kB / 141kB    0B / 0B          4
6269c94a69f5   qos_1_twin.1.jhl4oeti3aq5zw7sikhkbaice        0.00%     2.18MiB / 3.852GiB    0.06%     4.03MB / 4.87MB   0B / 0B          3
3e62572fe815   qos_1_scylla-db.1.oyn453vs567d4daayy3zdj27f   2.56%     188.2MiB / 3.852GiB   4.77%     4.85MB / 3.89MB   8.45MB / 217MB   36
17:54:54.317731233
CONTAINER ID   NAME                                          CPU %     MEM USAGE / LIMIT     MEM %     NET I/O           BLOCK I/O        PIDS
3ec509957ec9   qos_1_client.1.paegxs2ij9mqchzoqv9ix3lqx      0.00%     1.508MiB / 3.852GiB   0.04%     71.1kB / 141kB    0B / 0B          4
6269c94a69f5   qos_1_twin.1.jhl4oeti3aq5zw7sikhkbaice        0.00%     2.133MiB / 3.852GiB   0.05%     4.03MB / 4.87MB   0B / 0B          3
3e62572fe815   qos_1_scylla-db.1.oyn453vs567d4daayy3zdj27f   2.70%     188.2MiB / 3.852GiB   4.77%     4.85MB / 3.89MB   8.45MB / 217MB   36
17:54:56.329989715
17:54:58.340104770
CONTAINER ID   NAME                                          CPU %     MEM USAGE / LIMIT     MEM %     NET I/O           BLOCK I/O        PIDS
3ec509957ec9   qos_1_client.1.paegxs2ij9mqchzoqv9ix3lqx      0.00%     1.508MiB / 3.852GiB   0.04%     71.1kB / 141kB    0B / 0B          4
6269c94a69f5   qos_1_twin.1.jhl4oeti3aq5zw7sikhkbaice        0.00%     2.133MiB / 3.852GiB   0.05%     4.03MB / 4.87MB   0B / 0B          3
3e62572fe815   qos_1_scylla-db.1.oyn453vs567d4daayy3zdj27f   2.86%     188.2MiB / 3.852GiB   4.77%     4.85MB / 3.89MB   8.45MB / 217MB   36
17:55:00.353392022
CONTAINER ID   NAME                                          CPU %     MEM USAGE / LIMIT     MEM %     NET I/O           BLOCK I/O        PIDS
3ec509957ec9   qos_1_client.1.paegxs2ij9mqchzoqv9ix3lqx      0.00%     1.508MiB / 3.852GiB   0.04%     71.1kB / 141kB    0B / 0B          4
6269c94a69f5   qos_1_twin.1.jhl4oeti3aq5zw7sikhkbaice        0.00%     2.133MiB / 3.852GiB   0.05%     4.03MB / 4.87MB   0B / 0B          3
3e62572fe815   qos_1_scylla-db.1.oyn453vs567d4daayy3zdj27f   2.86%     188.2MiB / 3.852GiB   4.77%     4.85MB / 3.89MB   8.45MB / 217MB   36
17:55:02.361893617
CONTAINER ID   NAME                                          CPU %     MEM USAGE / LIMIT     MEM %     NET I/O           BLOCK I/O        PIDS
3ec509957ec9   qos_1_client.1.paegxs2ij9mqchzoqv9ix3lqx      0.00%     1.508MiB / 3.852GiB   0.04%     71.1kB / 141kB    0B / 0B          4
6269c94a69f5   qos_1_twin.1.jhl4oeti3aq5zw7sikhkbaice        0.00%     2.133MiB / 3.852GiB   0.05%     4.03MB / 4.87MB   0B / 0B          3
3e62572fe815   qos_1_scylla-db.1.oyn453vs567d4daayy3zdj27f   2.92%     188.2MiB / 3.852GiB   4.77%     4.85MB / 3.89MB   8.45MB / 217MB   36
CONTAINER ID   NAME                                          CPU %     MEM USAGE / LIMIT     MEM %     NET I/O           BLOCK I/O        PIDS
3ec509957ec9   qos_1_client.1.paegxs2ij9mqchzoqv9ix3lqx      0.00%     1.508MiB / 3.852GiB   0.04%     71.1kB / 141kB    0B / 0B          4
6269c94a69f5   qos_1_twin.1.jhl4oeti3aq5zw7sikhkbaice        0.00%     2.133MiB / 3.852GiB   0.05%     4.03MB / 4.87MB   0B / 0B          3
3e62572fe815   qos_1_scylla-db.1.oyn453vs567d4daayy3zdj27f   2.38%     188.2MiB / 3.852GiB   4.77%     4.85MB / 3.89MB   8.45MB / 217MB   36
