2021-09-29T22:23:58.441374496Z  running: (['/opt/scylladb/scripts/scylla_dev_mode_setup', '--developer-mode', '1'],)
2021-09-29T22:23:59.002169289Z  running: (['/opt/scylladb/scripts/scylla_io_setup'],)
2021-09-29T22:23:59.396705931Z  2021-09-29 22:23:59,396 CRIT Supervisor is running as root.  Privileges were not dropped because no user is specified in the config file.  If you intend to run as root, you can set user=root in the config file to avoid this message.
2021-09-29T22:23:59.396981006Z  2021-09-29 22:23:59,396 INFO Included extra file "/etc/supervisord.conf.d/node-exporter.conf" during parsing
2021-09-29T22:23:59.397263808Z  2021-09-29 22:23:59,397 INFO Included extra file "/etc/supervisord.conf.d/rsyslog.conf" during parsing
2021-09-29T22:23:59.397580567Z  2021-09-29 22:23:59,397 INFO Included extra file "/etc/supervisord.conf.d/scylla-housekeeping.conf" during parsing
2021-09-29T22:23:59.397832249Z  2021-09-29 22:23:59,397 INFO Included extra file "/etc/supervisord.conf.d/scylla-jmx.conf" during parsing
2021-09-29T22:23:59.398104230Z  2021-09-29 22:23:59,397 INFO Included extra file "/etc/supervisord.conf.d/scylla-server.conf" during parsing
2021-09-29T22:23:59.398363670Z  2021-09-29 22:23:59,398 INFO Included extra file "/etc/supervisord.conf.d/sshd-server.conf" during parsing
2021-09-29T22:23:59.434703399Z  2021-09-29 22:23:59,434 INFO RPC interface 'supervisor' initialized
2021-09-29T22:23:59.435060620Z  2021-09-29 22:23:59,434 CRIT Server 'inet_http_server' running without any HTTP authentication checking
2021-09-29T22:23:59.435552062Z  2021-09-29 22:23:59,435 INFO supervisord started with pid 28
2021-09-29T22:24:00.439525712Z  2021-09-29 22:24:00,439 INFO spawned: 'scylla' with pid 31
2021-09-29T22:24:00.442466121Z  2021-09-29 22:24:00,442 INFO spawned: 'scylla-housekeeping' with pid 32
2021-09-29T22:24:00.445352931Z  2021-09-29 22:24:00,444 INFO spawned: 'sshd' with pid 33
2021-09-29T22:24:00.451960046Z  2021-09-29 22:24:00,451 INFO spawned: 'scylla-jmx' with pid 34
2021-09-29T22:24:00.464216728Z  2021-09-29 22:24:00,463 INFO spawned: 'rsyslog' with pid 35
2021-09-29T22:24:00.479918719Z  2021-09-29 22:24:00,479 INFO spawned: 'node-exporter' with pid 36
2021-09-29T22:24:00.578989030Z  Generating public/private ed25519 key pair.
2021-09-29T22:24:00.579036226Z  Your identification has been saved in /etc/ssh/ssh_host_ed25519_key.
2021-09-29T22:24:00.579049444Z  Your public key has been saved in /etc/ssh/ssh_host_ed25519_key.pub.
2021-09-29T22:24:00.579059263Z  The key fingerprint is:
2021-09-29T22:24:00.579068546Z  SHA256:0KEcninVvb/0iIGovk6L/pT/oujiQv/GSfkp90ZgvzE root@ebbfb54f4620
2021-09-29T22:24:00.579078021Z  The key's randomart image is:
2021-09-29T22:24:00.579087121Z  +--[ED25519 256]--+
2021-09-29T22:24:00.579096084Z  |      o...       |
2021-09-29T22:24:00.579105076Z  |     + *...      |
2021-09-29T22:24:00.579114124Z  |    . B .  .     |
2021-09-29T22:24:00.579122956Z  |     . +  .      |
2021-09-29T22:24:00.579131762Z  |      o.S. .     |
2021-09-29T22:24:00.579154656Z  | .   +. .E. o    |
2021-09-29T22:24:00.579165221Z  |. . *.o o ++ +   |
2021-09-29T22:24:00.579174413Z  |o  *.B.+ o. o .  |
2021-09-29T22:24:00.579183341Z  |o==+X++o+.       |
2021-09-29T22:24:00.579192549Z  +----[SHA256]-----+
2021-09-29T22:24:00.583526319Z  time="2021-09-29T22:24:00Z" level=info msg="Starting node_exporter (version=0.17.0, branch=HEAD, revision=f6f6194a436b9a63d0439abc585c76b19a206b21)" source="node_exporter.go:82"
2021-09-29T22:24:00.584238030Z  time="2021-09-29T22:24:00Z" level=info msg="Build context (go=go1.11.2, user=root@322511e06ced, date=20181130-15:51:33)" source="node_exporter.go:83"
2021-09-29T22:24:00.588575949Z  time="2021-09-29T22:24:00Z" level=info msg="Enabled collectors:" source="node_exporter.go:90"
2021-09-29T22:24:00.589256060Z  time="2021-09-29T22:24:00Z" level=info msg=" - arp" source="node_exporter.go:97"
2021-09-29T22:24:00.589811587Z  time="2021-09-29T22:24:00Z" level=info msg=" - bcache" source="node_exporter.go:97"
2021-09-29T22:24:00.590390620Z  time="2021-09-29T22:24:00Z" level=info msg=" - bonding" source="node_exporter.go:97"
2021-09-29T22:24:00.590921116Z  time="2021-09-29T22:24:00Z" level=info msg=" - conntrack" source="node_exporter.go:97"
2021-09-29T22:24:00.591449039Z  time="2021-09-29T22:24:00Z" level=info msg=" - cpu" source="node_exporter.go:97"
2021-09-29T22:24:00.591987116Z  time="2021-09-29T22:24:00Z" level=info msg=" - diskstats" source="node_exporter.go:97"
2021-09-29T22:24:00.592535083Z  time="2021-09-29T22:24:00Z" level=info msg=" - edac" source="node_exporter.go:97"
2021-09-29T22:24:00.597576454Z  time="2021-09-29T22:24:00Z" level=info msg=" - entropy" source="node_exporter.go:97"
2021-09-29T22:24:00.601509643Z  time="2021-09-29T22:24:00Z" level=info msg=" - filefd" source="node_exporter.go:97"
2021-09-29T22:24:00.602039707Z  time="2021-09-29T22:24:00Z" level=info msg=" - filesystem" source="node_exporter.go:97"
2021-09-29T22:24:00.602620904Z  time="2021-09-29T22:24:00Z" level=info msg=" - hwmon" source="node_exporter.go:97"
2021-09-29T22:24:00.603125248Z  time="2021-09-29T22:24:00Z" level=info msg=" - infiniband" source="node_exporter.go:97"
2021-09-29T22:24:00.603628252Z  time="2021-09-29T22:24:00Z" level=info msg=" - interrupts" source="node_exporter.go:97"
2021-09-29T22:24:00.604141284Z  time="2021-09-29T22:24:00Z" level=info msg=" - ipvs" source="node_exporter.go:97"
2021-09-29T22:24:00.604685125Z  time="2021-09-29T22:24:00Z" level=info msg=" - loadavg" source="node_exporter.go:97"
2021-09-29T22:24:00.605853802Z  time="2021-09-29T22:24:00Z" level=info msg=" - mdadm" source="node_exporter.go:97"
2021-09-29T22:24:00.605917452Z  time="2021-09-29T22:24:00Z" level=info msg=" - meminfo" source="node_exporter.go:97"
2021-09-29T22:24:00.605929273Z  time="2021-09-29T22:24:00Z" level=info msg=" - netclass" source="node_exporter.go:97"
2021-09-29T22:24:00.605939414Z  time="2021-09-29T22:24:00Z" level=info msg=" - netdev" source="node_exporter.go:97"
2021-09-29T22:24:00.605977138Z  time="2021-09-29T22:24:00Z" level=info msg=" - netstat" source="node_exporter.go:97"
2021-09-29T22:24:00.605989960Z  time="2021-09-29T22:24:00Z" level=info msg=" - nfs" source="node_exporter.go:97"
2021-09-29T22:24:00.605999884Z  time="2021-09-29T22:24:00Z" level=info msg=" - nfsd" source="node_exporter.go:97"
2021-09-29T22:24:00.606009688Z  time="2021-09-29T22:24:00Z" level=info msg=" - sockstat" source="node_exporter.go:97"
2021-09-29T22:24:00.606019636Z  time="2021-09-29T22:24:00Z" level=info msg=" - stat" source="node_exporter.go:97"
2021-09-29T22:24:00.606029485Z  time="2021-09-29T22:24:00Z" level=info msg=" - textfile" source="node_exporter.go:97"
2021-09-29T22:24:00.606039285Z  time="2021-09-29T22:24:00Z" level=info msg=" - time" source="node_exporter.go:97"
2021-09-29T22:24:00.606049079Z  time="2021-09-29T22:24:00Z" level=info msg=" - timex" source="node_exporter.go:97"
2021-09-29T22:24:00.606058764Z  time="2021-09-29T22:24:00Z" level=info msg=" - uname" source="node_exporter.go:97"
2021-09-29T22:24:00.606068513Z  time="2021-09-29T22:24:00Z" level=info msg=" - vmstat" source="node_exporter.go:97"
2021-09-29T22:24:00.606078252Z  time="2021-09-29T22:24:00Z" level=info msg=" - xfs" source="node_exporter.go:97"
2021-09-29T22:24:00.606113789Z  time="2021-09-29T22:24:00Z" level=info msg=" - zfs" source="node_exporter.go:97"
2021-09-29T22:24:00.606124389Z  time="2021-09-29T22:24:00Z" level=info msg="Listening on :9100" source="node_exporter.go:111"
2021-09-29T22:24:01.607832132Z  2021-09-29 22:24:01,607 INFO success: scylla entered RUNNING state, process has stayed up for > than 1 seconds (startsecs)
2021-09-29T22:24:01.615360808Z  2021-09-29 22:24:01,614 INFO success: scylla-housekeeping entered RUNNING state, process has stayed up for > than 1 seconds (startsecs)
2021-09-29T22:24:01.616275433Z  2021-09-29 22:24:01,616 INFO success: sshd entered RUNNING state, process has stayed up for > than 1 seconds (startsecs)
2021-09-29T22:24:01.616611145Z  2021-09-29 22:24:01,616 INFO success: scylla-jmx entered RUNNING state, process has stayed up for > than 1 seconds (startsecs)
2021-09-29T22:24:01.616929903Z  2021-09-29 22:24:01,616 INFO success: rsyslog entered RUNNING state, process has stayed up for > than 1 seconds (startsecs)
2021-09-29T22:24:01.617265253Z  2021-09-29 22:24:01,617 INFO success: node-exporter entered RUNNING state, process has stayed up for > than 1 seconds (startsecs)
2021-09-29T22:24:01.617797581Z  Scylla version 4.4.4-0.20210801.69daa9fd0 with build-id eb11cddd30e88ef39c32c847e70181b5cf786355 starting ...
2021-09-29T22:24:01.617856043Z  command used: "/usr/bin/scylla --log-to-syslog 0 --log-to-stdout 1 --default-log-level info --network-stack posix --developer-mode=1 --overprovisioned --listen-address 10.0.39.10 --rpc-address 10.0.39.10 --seed-provider-parameters seeds=10.0.39.10 --blocked-reactor-notify-ms 999999999"
2021-09-29T22:24:01.617871298Z  parsed command line options: [log-to-syslog: 0, log-to-stdout: 1, default-log-level: info, network-stack: posix, developer-mode: 1, overprovisioned, listen-address: 10.0.39.10, rpc-address: 10.0.39.10, seed-provider-parameters: seeds=10.0.39.10, blocked-reactor-notify-ms: 999999999]
2021-09-29T22:24:01.666693579Z  WARN  2021-09-29 22:24:01,666 [shard 0] seastar - Unable to set SCHED_FIFO scheduling policy for timer thread; latency impact possible. Try adding CAP_SYS_NICE
2021-09-29T22:24:01.719540391Z  INFO  2021-09-29 22:24:01,717 [shard 0] init - installing SIGHUP handler
2021-09-29T22:24:01.733505352Z  INFO  2021-09-29 22:24:01,721 [shard 0] init - Scylla version 4.4.4-0.20210801.69daa9fd0 with build-id eb11cddd30e88ef39c32c847e70181b5cf786355 starting ...
2021-09-29T22:24:01.733572554Z  
2021-09-29T22:24:01.738856917Z  INFO  2021-09-29 22:24:01,736 [shard 0] init - starting prometheus API server
2021-09-29T22:24:01.743621043Z  INFO  2021-09-29 22:24:01,743 [shard 0] init - starting tokens manager
2021-09-29T22:24:01.752490883Z  INFO  2021-09-29 22:24:01,752 [shard 0] init - starting migration manager notifier
2021-09-29T22:24:01.753787885Z  INFO  2021-09-29 22:24:01,753 [shard 0] init - creating tracing
2021-09-29T22:24:01.756416871Z  INFO  2021-09-29 22:24:01,756 [shard 0] init - creating snitch
2021-09-29T22:24:01.757383096Z  INFO  2021-09-29 22:24:01,756 [shard 0] init - determining DNS name
2021-09-29T22:24:01.757436651Z  INFO  2021-09-29 22:24:01,756 [shard 0] init - starting API server
2021-09-29T22:24:01.759800805Z  INFO  2021-09-29 22:24:01,758 [shard 0] init - Scylla API server listening on 127.0.0.1:10000 ...
2021-09-29T22:24:01.770013336Z  INFO  2021-09-29 22:24:01,769 [shard 0] init - initializing storage service
2021-09-29T22:24:01.770907486Z  INFO  2021-09-29 22:24:01,770 [shard 0] init - starting per-shard database core
2021-09-29T22:24:01.776864391Z  WARN  2021-09-29 22:24:01,776 [shard 0] init - I/O Scheduler is not properly configured! This is a non-supported setup, and performance is expected to be unpredictably bad.
2021-09-29T22:24:01.776921331Z   Reason found: none of --max-io-requests, --io-properties and --io-properties-file are set.
2021-09-29T22:24:01.776933554Z  To properly configure the I/O Scheduler, run the scylla_io_setup utility shipped with Scylla.
2021-09-29T22:24:01.776943399Z  
2021-09-29T22:24:01.777973576Z  INFO  2021-09-29 22:24:01,777 [shard 0] init - creating and verifying directories
2021-09-29T22:24:02.389103428Z  INFO  2021-09-29 22:24:02,387 [shard 0] database - Populating Keyspace system_schema
2021-09-29T22:24:02.389133375Z  INFO  2021-09-29 22:24:02,387 [shard 0] database - Keyspace system_schema: Reading CF view_virtual_columns id=08843b63-45dc-3be2-9798-a0418295cfaa version=c777531c-15f7-326f-8ebe-39fd0265c8c9
2021-09-29T22:24:02.389145365Z  INFO  2021-09-29 22:24:02,388 [shard 0] database - Keyspace system_schema: Reading CF computed_columns id=cc7c7069-3740-33c1-92a4-c3de78dbd2c4 version=2b8c4439-de76-31e0-807f-3b7290a975d7
2021-09-29T22:24:02.389181979Z  INFO  2021-09-29 22:24:02,388 [shard 0] database - Keyspace system_schema: Reading CF aggregates id=924c5587-2e3a-345b-b10c-12f37c1ba895 version=4b53e92c-0368-3d5c-b959-2ec1bfd1a59f
2021-09-29T22:24:02.389192528Z  INFO  2021-09-29 22:24:02,388 [shard 0] database - Keyspace system_schema: Reading CF functions id=96489b79-80be-3e14-a701-66a0b9159450 version=329ed804-55b3-3eee-ad61-d85317b96097
2021-09-29T22:24:02.389220089Z  INFO  2021-09-29 22:24:02,388 [shard 0] database - Keyspace system_schema: Reading CF views id=9786ac1c-dd58-3201-a7cd-ad556410c985 version=5b58bb47-96e7-3f57-accf-0bfca4dbbc6e
2021-09-29T22:24:02.389231195Z  INFO  2021-09-29 22:24:02,388 [shard 0] database - Keyspace system_schema: Reading CF indexes id=0feb57ac-311f-382f-ba6d-9024d305702f version=99c40462-8687-304e-abe3-2bdbef1f25aa
2021-09-29T22:24:02.389241381Z  INFO  2021-09-29 22:24:02,388 [shard 0] database - Keyspace system_schema: Reading CF types id=5a8b1ca8-6602-3f77-a045-9273d308917a version=de51b2ce-5e4d-3b7d-a75f-2204332ce8d1
2021-09-29T22:24:02.389251330Z  INFO  2021-09-29 22:24:02,388 [shard 0] database - Keyspace system_schema: Reading CF triggers id=4df70b66-6b05-3251-95a1-32b54005fd48 version=582d7071-1ef0-37c8-adc6-471a13636139
2021-09-29T22:24:02.389261433Z  INFO  2021-09-29 22:24:02,388 [shard 0] database - Keyspace system_schema: Reading CF dropped_columns id=5e7583b5-f3f4-3af1-9a39-b7e1d6f5f11f version=7426bc6c-4c2f-3200-8ad8-4329610ed59a
2021-09-29T22:24:02.389271302Z  INFO  2021-09-29 22:24:02,388 [shard 0] database - Keyspace system_schema: Reading CF columns id=24101c25-a2ae-3af7-87c1-b40ee1aca33f version=d33236d4-9bdd-3c09-abf0-a0bc5edc2526
2021-09-29T22:24:02.389283171Z  INFO  2021-09-29 22:24:02,388 [shard 0] database - Keyspace system_schema: Reading CF scylla_tables id=5d912ff1-f759-3665-b2c8-8042ab5103dd version=38e5e56b-155d-39b5-a0d2-8e5dcad42a26
2021-09-29T22:24:02.389293766Z  INFO  2021-09-29 22:24:02,388 [shard 0] database - Keyspace system_schema: Reading CF tables id=afddfb9d-bc1e-3068-8056-eed6c302ba09 version=b6240810-eeb7-36d5-9411-43b2d68dddab
2021-09-29T22:24:02.389303947Z  INFO  2021-09-29 22:24:02,388 [shard 0] database - Keyspace system_schema: Reading CF keyspaces id=abac5682-dea6-31c5-b535-b3d6cffd0fb6 version=e79ca8ba-6556-3f7d-925a-7f20cf57938c
2021-09-29T22:24:02.554123999Z  Connecting to http://localhost:10000
2021-09-29T22:24:02.555249197Z  Starting the JMX server
2021-09-29T22:24:03.917447502Z  JMX is enabled to receive remote connections on port: 7199
2021-09-29T22:24:04.951455310Z  Generating public/private rsa key pair.
2021-09-29T22:24:04.951515265Z  Your identification has been saved in /etc/ssh/ssh_host_rsa_key.
2021-09-29T22:24:04.951527747Z  Your public key has been saved in /etc/ssh/ssh_host_rsa_key.pub.
2021-09-29T22:24:04.951549485Z  The key fingerprint is:
2021-09-29T22:24:04.951570748Z  SHA256:/1W0cbgPGSoeXIRzftbrkV/gqdaZNVoubcyeXISJKbU root@ebbfb54f4620
2021-09-29T22:24:04.951580143Z  The key's randomart image is:
2021-09-29T22:24:04.951589141Z  +---[RSA 4096]----+
2021-09-29T22:24:04.951598104Z  |           ..    |
2021-09-29T22:24:04.951607067Z  |          o..  . |
2021-09-29T22:24:04.951615891Z  |           +o ooo|
2021-09-29T22:24:04.951624722Z  |         . o.=+B=|
2021-09-29T22:24:04.951633476Z  |        S = E+*+=|
2021-09-29T22:24:04.951642204Z  |         o +  o@o|
2021-09-29T22:24:04.951663016Z  |          o  oX+B|
2021-09-29T22:24:04.951673219Z  |           .o+=B+|
2021-09-29T22:24:04.951682279Z  |           .. ++ |
2021-09-29T22:24:04.951691472Z  +----[SHA256]-----+
2021-09-29T22:24:04.965992160Z  Could not load host key: /etc/ssh/ssh_host_ecdsa_key
2021-09-29T22:24:05.162392116Z  INFO  2021-09-29 22:24:05,161 [shard 0] database - Populating Keyspace system
2021-09-29T22:24:05.163090999Z  INFO  2021-09-29 22:24:05,162 [shard 0] database - Keyspace system: Reading CF compaction_history id=b4dbb7b4-dc49-3fb5-b3bf-ce6e434832ca version=25cae56a-8d75-39f3-a146-3756ab4981c7
2021-09-29T22:24:05.163738886Z  INFO  2021-09-29 22:24:05,163 [shard 0] database - Keyspace system: Reading CF batchlog id=0290003c-977e-397c-ac3e-fdfdc01d626b version=e2a2e804-49e4-3597-9f16-39fd9475835c
2021-09-29T22:24:05.164341068Z  INFO  2021-09-29 22:24:05,164 [shard 0] database - Keyspace system: Reading CF size_estimates id=618f817b-005f-3678-b8a4-53f3930b8e86 version=6d4dbcff-f05b-3dc3-95ad-f79f7b10504d
2021-09-29T22:24:05.164957264Z  INFO  2021-09-29 22:24:05,164 [shard 0] database - Keyspace system: Reading CF range_xfers id=55d76438-4e55-3f8b-9f6e-676d4af3976d version=dd15a078-409b-350d-9bef-c5f3520832d8
2021-09-29T22:24:05.165615447Z  INFO  2021-09-29 22:24:05,165 [shard 0] database - Keyspace system: Reading CF peer_events id=59dfeaea-8db2-3341-91ef-109974d81484 version=7f874a05-72b8-3c21-9acb-baa164fc351a
2021-09-29T22:24:05.166294048Z  INFO  2021-09-29 22:24:05,165 [shard 0] database - Keyspace system: Reading CF peers id=37f71aca-7dc2-383b-a706-72528af04d4f version=f6f6871f-8c86-3eca-ac0b-2a2e848e395d
2021-09-29T22:24:05.166927671Z  INFO  2021-09-29 22:24:05,166 [shard 0] database - Keyspace system: Reading CF scylla_local id=2972ec7f-fb20-38dd-aac1-d876f2e3fcbd version=5f0b407d-eedf-3845-a48e-dbb9673d10e1
2021-09-29T22:24:05.167559121Z  INFO  2021-09-29 22:24:05,167 [shard 0] database - Keyspace system: Reading CF schema_aggregates id=a5fc57fc-9d6c-3bfd-a3fc-01ad54686fea version=d06c934f-9a69-374c-86f1-523ab26fb05c
2021-09-29T22:24:05.168184341Z  INFO  2021-09-29 22:24:05,167 [shard 0] database - Keyspace system: Reading CF paxos id=b7b7f0c2-fd0a-3410-8c05-3ef614bb7c2d version=6dd372de-72fb-3e1b-9b8c-f97738a67fe9
2021-09-29T22:24:05.169333184Z  INFO  2021-09-29 22:24:05,168 [shard 0] database - Keyspace system: Reading CF compactions_in_progress id=55080ab0-5d9c-3886-90a4-acb25fe1f77b version=540263f1-40db-3869-8a38-3baadedc222d
2021-09-29T22:24:05.170593703Z  INFO  2021-09-29 22:24:05,170 [shard 0] database - Keyspace system: Reading CF local id=7ad54392-bcdd-35a6-8417-4e047860b377 version=7fa82c2e-5b67-37dd-8e5e-2079e18f1536
2021-09-29T22:24:05.171795737Z  INFO  2021-09-29 22:24:05,171 [shard 0] database - Keyspace system: Reading CF schema_columnfamilies id=45f5b360-24bc-3f83-a363-1034ea4fa697 version=7f7a5fea-07b7-304d-a6f8-f7aec72cabdb
2021-09-29T22:24:05.172702253Z  INFO  2021-09-29 22:24:05,172 [shard 0] database - Keyspace system: Reading CF hints id=2666e205-73ef-38b3-90fe-fecf96e8f0c7 version=0b74fdd1-e96d-309e-a14e-a5bcd7ac885d
2021-09-29T22:24:05.173721336Z  INFO  2021-09-29 22:24:05,173 [shard 0] database - Keyspace system: Reading CF sstable_activity id=5a1ff267-ace0-3f12-8563-cfae6103c65e version=bdec57a3-b234-334b-be9c-7b1f33113995
2021-09-29T22:24:05.175110444Z  INFO  2021-09-29 22:24:05,174 [shard 0] database - Keyspace system: Reading CF IndexInfo id=9f5c6374-d485-3229-9a0a-5094af9ad1e3 version=bbb3743b-351f-3023-b4fc-09a9be37d529
2021-09-29T22:24:05.176271349Z  INFO  2021-09-29 22:24:05,175 [shard 0] database - Keyspace system: Reading CF large_partitions id=8a7fe624-96b0-34b1-b90e-f71bddcdd2d3 version=04fa9920-9369-3a96-be39-6dd9fdc816b6
2021-09-29T22:24:05.177333280Z  INFO  2021-09-29 22:24:05,176 [shard 0] database - Keyspace system: Reading CF scylla_table_schema_history id=0191a53e-40f0-31d4-9171-b0d19ffb17b4 version=2cc890b8-9ade-3afc-ab63-043c8017608e
2021-09-29T22:24:05.178239213Z  INFO  2021-09-29 22:24:05,177 [shard 0] database - Keyspace system: Reading CF large_cells id=ead8bbc5-f146-3ae1-9f71-0b11f9a1d296 version=0d4a6937-a781-3f87-a192-b4e4a4a40acf
2021-09-29T22:24:05.179259887Z  INFO  2021-09-29 22:24:05,178 [shard 0] database - Keyspace system: Reading CF views_builds_in_progress id=b7f2c108-78cd-3c80-9cd5-d609b2bd149c version=b905cce5-1474-3085-819a-7592453e2fb9
2021-09-29T22:24:05.180587555Z  INFO  2021-09-29 22:24:05,180 [shard 0] database - Keyspace system: Reading CF built_views id=4b3c50a9-ea87-3d76-9101-6dbc9c38494a version=a28aa0b3-6def-30a7-9fbe-ce78b3f3c9b9
2021-09-29T22:24:05.181843401Z  INFO  2021-09-29 22:24:05,181 [shard 0] database - Keyspace system: Reading CF scylla_views_builds_in_progress id=a04c7bfd-1e13-36c9-a44d-f22da352281d version=e3fb736c-6956-3990-a31d-9a482279e3fc
2021-09-29T22:24:05.182860297Z  INFO  2021-09-29 22:24:05,182 [shard 0] database - Keyspace system: Reading CF truncated id=38c19fd0-fb86-3310-a4b7-0d0cc66628aa version=6da9a85c-7ae0-3917-aead-54a2f65a57a8
2021-09-29T22:24:05.184414618Z  INFO  2021-09-29 22:24:05,183 [shard 0] database - Keyspace system: Reading CF cdc_local id=0bcaffd4-0c83-3ead-ad13-dc1d5015b77c version=0aa4d3a2-ed95-3ecd-aba0-cd75622ad290
2021-09-29T22:24:05.184435432Z  INFO  2021-09-29 22:24:05,183 [shard 0] database - Keyspace system: Reading CF clients id=ca0f635d-8630-3609-8d93-a1fc06f2a5e5 version=51273ebf-e6f9-3cd5-b455-ea09ad29796f
2021-09-29T22:24:05.185694786Z  INFO  2021-09-29 22:24:05,183 [shard 0] database - Keyspace system: Reading CF schema_keyspaces id=b0f22357-4458-3cdb-9631-c43e59ce3676 version=84d28cef-59f9-34a9-9be5-31c684997f03
2021-09-29T22:24:05.185716546Z  INFO  2021-09-29 22:24:05,184 [shard 0] database - Keyspace system: Reading CF schema_columns id=296e9c04-9bec-3085-827d-c17d3df2122a version=53cfbb66-ee0d-37be-97bb-b2afb3746f85
2021-09-29T22:24:05.185727629Z  INFO  2021-09-29 22:24:05,184 [shard 0] database - Keyspace system: Reading CF schema_triggers id=0359bc71-7123-3ee1-9a4a-b9dfb11fc125 version=75e4ec4c-76da-3f59-984e-66810ba0c62b
2021-09-29T22:24:05.185738034Z  INFO  2021-09-29 22:24:05,184 [shard 0] database - Keyspace system: Reading CF large_rows id=40550f66-0858-39a0-9430-f27fc08034e9 version=aee3acb0-7926-317b-848e-db7bc3721695
2021-09-29T22:24:05.185748304Z  INFO  2021-09-29 22:24:05,184 [shard 0] database - Keyspace system: Reading CF schema_usertypes id=3aa75225-4f82-350b-8d5c-430fa221fa0a version=3c53e6bb-56d5-3618-a0b2-4ff5f18127d7
2021-09-29T22:24:05.185758870Z  INFO  2021-09-29 22:24:05,185 [shard 0] database - Keyspace system: Reading CF schema_functions id=d1b675fe-2b50-3ca4-8e49-c0f81989dcad version=a50959dd-2be0-3e4e-8bb5-cf40796e256a
2021-09-29T22:24:06.116117172Z  Traceback (most recent call last):
2021-09-29T22:24:06.116184412Z    File "/opt/scylladb/scripts/libexec/scylla-housekeeping", line 208, in <module>
2021-09-29T22:24:06.116769630Z      args.func(args)
2021-09-29T22:24:06.116789209Z    File "/opt/scylladb/scripts/libexec/scylla-housekeeping", line 134, in check_version
2021-09-29T22:24:06.116799683Z      current_version = sanitize_version(get_api('/storage_service/scylla_release_version'))
2021-09-29T22:24:06.116840258Z    File "/opt/scylladb/scripts/libexec/scylla-housekeeping", line 93, in get_api
2021-09-29T22:24:06.116850891Z      return get_json_from_url("http://" + api_address + path)
2021-09-29T22:24:06.116860413Z    File "/opt/scylladb/scripts/libexec/scylla-housekeeping", line 88, in get_json_from_url
2021-09-29T22:24:06.117425279Z      raise RuntimeError(f'Failed to get "{path}" due to the following error: {retval}')
2021-09-29T22:24:06.117451132Z  RuntimeError: Failed to get "http://localhost:10000/storage_service/scylla_release_version" due to the following error: HTTP Error 404: Not Found
2021-09-29T22:24:13.443787572Z  INFO  2021-09-29 22:24:13,443 [shard 0] init - starting gossip
2021-09-29T22:24:13.444492511Z  WARN  2021-09-29 22:24:13,444 [shard 0] init - Using default cluster name is not recommended. Using a unique cluster name will reduce the chance of adding nodes to the wrong cluster by mistake
2021-09-29T22:24:13.445045222Z  INFO  2021-09-29 22:24:13,444 [shard 0] init - seeds={10.0.39.10}, listen_address=10.0.39.10, broadcast_address=10.0.39.10
2021-09-29T22:24:13.445786824Z  INFO  2021-09-29 22:24:13,445 [shard 0] init - starting storage proxy
2021-09-29T22:24:13.458743528Z  INFO  2021-09-29 22:24:13,458 [shard 0] init - starting migration manager
2021-09-29T22:24:13.459616466Z  INFO  2021-09-29 22:24:13,459 [shard 0] init - starting query processor
2021-09-29T22:24:13.461786511Z  INFO  2021-09-29 22:24:13,461 [shard 0] init - initializing batchlog manager
2021-09-29T22:24:13.466231639Z  INFO  2021-09-29 22:24:13,465 [shard 0] format_selector - Selected md sstables format
2021-09-29T22:24:13.468354820Z  INFO  2021-09-29 22:24:13,467 [shard 0] legacy_schema_migrator - Moving 0 keyspaces from legacy schema tables to the new schema keyspace (system_schema)
2021-09-29T22:24:13.469368699Z  INFO  2021-09-29 22:24:13,469 [shard 0] legacy_schema_migrator - Dropping legacy schema tables
2021-09-29T22:24:20.561750903Z  INFO  2021-09-29 22:24:20,561 [shard 0] legacy_schema_migrator - Completed migration of legacy schema tables
2021-09-29T22:24:20.562816795Z  INFO  2021-09-29 22:24:20,561 [shard 0] init - loading system sstables
2021-09-29T22:24:39.127758273Z  INFO  2021-09-29 22:24:39,127 [shard 0] init - loading non-system sstables
2021-09-29T22:24:49.203044698Z  INFO  2021-09-29 22:24:49,202 [shard 0] database - Populating Keyspace system_auth
2021-09-29T22:24:49.204020443Z  INFO  2021-09-29 22:24:49,203 [shard 0] database - Keyspace system_auth: Reading CF roles id=5bc52802-de25-35ed-aeab-188eecebb090 version=e27680b1-de66-382d-be28-d8b1af5c426a
2021-09-29T22:24:49.204798149Z  INFO  2021-09-29 22:24:49,204 [shard 0] database - Keyspace system_auth: Reading CF role_members id=0ecdaa87-f8fb-3e60-88d1-74fb36fe5c0d version=8596efbf-fef9-3624-b16e-66e5a2478839
2021-09-29T22:24:49.205851708Z  INFO  2021-09-29 22:24:49,205 [shard 0] database - Populating Keyspace system_traces
2021-09-29T22:24:49.206610684Z  INFO  2021-09-29 22:24:49,206 [shard 0] database - Keyspace system_traces: Reading CF sessions_time_idx id=0ebf001c-c1d1-3693-9a63-c3d96ac53318 version=53b2b453-8256-3cc0-b8fc-9a32427898a9
2021-09-29T22:24:49.207575857Z  INFO  2021-09-29 22:24:49,207 [shard 0] database - Keyspace system_traces: Reading CF sessions id=c5e99f16-8677-3914-b17e-960613512345 version=7970f395-812c-3650-a170-5741d6f12bd3
2021-09-29T22:24:49.208475990Z  INFO  2021-09-29 22:24:49,207 [shard 0] database - Keyspace system_traces: Reading CF node_slow_log_time_idx id=f9706768-aa1e-3d87-9e5c-51a3927c2870 version=424995db-92cf-3997-81f6-d297ecca59cb
2021-09-29T22:24:49.209338042Z  INFO  2021-09-29 22:24:49,208 [shard 0] database - Keyspace system_traces: Reading CF node_slow_log id=bfcc4e62-5b63-3aa1-a1c3-6f5e47f3325c version=2201e9ba-63d3-38d2-a0d9-6d431f9d0941
2021-09-29T22:24:49.210311176Z  INFO  2021-09-29 22:24:49,209 [shard 0] database - Keyspace system_traces: Reading CF events id=8826e8e9-e16a-3728-8753-3bc1fc713c25 version=82be260f-7d52-372d-8261-918fdad0c51f
2021-09-29T22:24:49.212659615Z  INFO  2021-09-29 22:24:49,210 [shard 0] database - Populating Keyspace dt
2021-09-29T22:24:49.212685942Z  INFO  2021-09-29 22:24:49,210 [shard 0] database - Keyspace dt: Reading CF user id=b60ae340-91bf-11eb-bd25-000000000000 version=cabb4525-43c5-3a15-875d-0fbb3a1cca73
2021-09-29T22:24:49.212700216Z  INFO  2021-09-29 22:24:49,210 [shard 0] database - Keyspace dt: Reading CF twin id=b79af920-91bf-11eb-bd25-000000000000 version=30cd9585-6d13-3469-8542-c8035fe90bbf
2021-09-29T22:24:49.212713538Z  INFO  2021-09-29 22:24:49,210 [shard 0] database - Keyspace dt: Reading CF source_element_idx_index id=c0e86990-91bf-11eb-bd25-000000000000 version=32f76a72-1cb6-3da2-800f-d90dc77b0ec1
2021-09-29T22:24:49.212726670Z  INFO  2021-09-29 22:24:49,210 [shard 0] database - Keyspace dt: Reading CF element_twin_idx_index id=bc170b60-91bf-11eb-bd25-000000000000 version=40dc72bc-79d8-3fc4-9053-c7adde980939
2021-09-29T22:24:49.212739622Z  INFO  2021-09-29 22:24:49,210 [shard 0] database - Keyspace dt: Reading CF source_data id=c370c220-91bf-11eb-bd25-000000000000 version=d447c8b6-e9f4-38c5-a90c-21dc5733d0ff
2021-09-29T22:24:49.212752432Z  INFO  2021-09-29 22:24:49,210 [shard 0] database - Keyspace dt: Reading CF source id=be95c700-91bf-11eb-bd25-000000000000 version=c9d14ff4-95de-3d01-af7a-5eb2a7010809
2021-09-29T22:24:49.212765180Z  INFO  2021-09-29 22:24:49,211 [shard 0] database - Keyspace dt: Reading CF element id=b9b77080-91bf-11eb-bd25-000000000000 version=bcbb5d6d-bdf7-37fe-93b6-dbbed4b6ba76
2021-09-29T22:24:49.212777982Z  INFO  2021-09-29 22:24:49,211 [shard 0] database - Populating Keyspace system_distributed
2021-09-29T22:24:49.212790367Z  INFO  2021-09-29 22:24:49,211 [shard 0] database - Keyspace system_distributed: Reading CF view_build_status id=5582b59f-8e4e-35e1-b913-3acada51eb04 version=e61ea49b-8dbc-3ff6-a69f-896f4d38b7bb
2021-09-29T22:24:49.212803318Z  INFO  2021-09-29 22:24:49,211 [shard 0] database - Keyspace system_distributed: Reading CF cdc_streams_descriptions_v2 id=0bf73fd7-65b2-36b0-85e5-658131d5df36 version=58a18c32-0c5a-34ba-992f-7723dd0265c0
2021-09-29T22:24:49.212828963Z  INFO  2021-09-29 22:24:49,211 [shard 0] database - Keyspace system_distributed: Reading CF cdc_streams_descriptions id=249f0ac2-8856-36d4-9802-f55223eb01c2 version=f727f60d-bfaa-32de-a0d6-898e1cbaf2c9
2021-09-29T22:24:49.212845806Z  INFO  2021-09-29 22:24:49,211 [shard 0] database - Keyspace system_distributed: Reading CF cdc_generation_timestamps id=fdf455c4-cfec-3e00-9719-d7a45436c89d version=5777e043-a81a-3324-8803-b497c056849f
2021-09-29T22:24:49.212859588Z  INFO  2021-09-29 22:24:49,211 [shard 0] database - Keyspace system_distributed: Reading CF cdc_generation_descriptions id=ae653406-7b3e-34aa-af70-d5b90f837c67 version=95e9e159-839f-39b3-990f-8e8a04817ff8
2021-09-29T22:24:56.193929164Z  INFO  2021-09-29 22:24:56,193 [shard 0] init - starting view update generator
2021-09-29T22:24:56.195047031Z  INFO  2021-09-29 22:24:56,194 [shard 0] init - discovering staging sstables
2021-09-29T22:24:56.195825623Z  INFO  2021-09-29 22:24:56,195 [shard 0] init - setting up system keyspace
2021-09-29T22:24:56.212175627Z  INFO  2021-09-29 22:24:56,211 [shard 0] init - starting commit log
2021-09-29T22:24:56.213623239Z  INFO  2021-09-29 22:24:56,212 [shard 0] compaction - [Compact system.truncated 131b4540-2174-11ec-89b5-000000000000] Compacting [/var/lib/scylla/data/system/truncated-38c19fd0fb863310a4b70d0cc66628aa/md-1206-big-Data.db:level=0, /var/lib/scylla/data/system/truncated-38c19fd0fb863310a4b70d0cc66628aa/md-1204-big-Data.db:level=0, ]
2021-09-29T22:24:56.214376333Z  INFO  2021-09-29 22:24:56,214 [shard 1] compaction - [Compact system_distributed.cdc_generation_timestamps 131b6c50-2174-11ec-b0f0-000000000001] Compacting [/var/lib/scylla/data/system_distributed/cdc_generation_timestamps-fdf455c4cfec3e009719d7a45436c89d/md-555-big-Data.db:level=0, /var/lib/scylla/data/system_distributed/cdc_generation_timestamps-fdf455c4cfec3e009719d7a45436c89d/md-553-big-Data.db:level=0, ]
2021-09-29T22:24:56.217049158Z  INFO  2021-09-29 22:24:56,216 [shard 0] init - initializing migration manager RPC verbs
2021-09-29T22:24:56.217937836Z  INFO  2021-09-29 22:24:56,217 [shard 0] init - initializing storage proxy RPC verbs
2021-09-29T22:24:56.218763493Z  INFO  2021-09-29 22:24:56,218 [shard 0] init - starting streaming service
2021-09-29T22:24:56.219976150Z  INFO  2021-09-29 22:24:56,219 [shard 0] init - starting hinted handoff manager
2021-09-29T22:24:56.604955983Z  INFO  2021-09-29 22:24:56,604 [shard 0] init - starting messaging service
2021-09-29T22:24:56.605017467Z  INFO  2021-09-29 22:24:56,604 [shard 0] repair - Setting max_repair_memory=126248550, max_repair_memory_per_range=33554432, max_repair_ranges_in_parallel=1
2021-09-29T22:24:56.606593828Z  INFO  2021-09-29 22:24:56,605 [shard 0] init - starting storage service
2021-09-29T22:24:56.608875654Z  INFO  2021-09-29 22:24:56,608 [shard 0] storage_service - Loading persisted ring state
2021-09-29T22:24:56.612468878Z  INFO  2021-09-29 22:24:56,611 [shard 0] storage_service - initial_contact_nodes={10.0.39.10}, loaded_endpoints={}, loaded_peer_features=0
2021-09-29T22:24:56.612493758Z  INFO  2021-09-29 22:24:56,612 [shard 0] storage_service - Checking remote features with gossip, initial_contact_nodes={10.0.39.10}
2021-09-29T22:24:56.613110630Z  INFO  2021-09-29 22:24:56,612 [shard 0] messaging_service - Starting Messaging Service on port 7000
2021-09-29T22:24:56.613194457Z  INFO  2021-09-29 22:24:56,612 [shard 0] gossip - Gossip shadow round started with nodes={}
2021-09-29T22:24:56.613217679Z  WARN  2021-09-29 22:24:56,612 [shard 0] gossip - All nodes={} are down for get_endpoint_states verb. Skip ShadowRound.
2021-09-29T22:24:56.613234295Z  INFO  2021-09-29 22:24:56,612 [shard 0] gossip - Gossip shadow round finisehd with nodes_talked={}
2021-09-29T22:24:56.613840475Z  INFO  2021-09-29 22:24:56,612 [shard 0] gossip - Feature check passed. Local node 10.0.39.10 features = {CDC, COMPUTED_COLUMNS, CORRECT_COUNTER_ORDER, CORRECT_IDX_TOKEN_IN_SECONDARY_INDEX, CORRECT_NON_COMPOUND_RANGE_TOMBSTONES, CORRECT_STATIC_COMPACT_IN_MC, COUNTERS, DIGEST_FOR_NULL_VALUES, DIGEST_INSENSITIVE_TO_EXPIRY, DIGEST_MULTIPARTITION_READ, HINTED_HANDOFF_SEPARATE_CONNECTION, INDEXES, LARGE_PARTITIONS, LA_SSTABLE_FORMAT, LWT, MATERIALIZED_VIEWS, MC_SSTABLE_FORMAT, MD_SSTABLE_FORMAT, NONFROZEN_UDTS, PER_TABLE_CACHING, PER_TABLE_PARTITIONERS, RANGE_TOMBSTONES, ROLES, ROW_LEVEL_REPAIR, SCHEMA_TABLES_V3, STREAM_WITH_RPC_STREAM, TRUNCATION_TABLE, UNBOUNDED_RANGE_TOMBSTONES, VIEW_VIRTUAL_COLUMNS, WRITE_FAILURE_REPLY, XXHASH}, Remote common_features = {}
2021-09-29T22:24:56.615604711Z  INFO  2021-09-29 22:24:56,615 [shard 0] storage_service - Restarting a node in NORMAL status
2021-09-29T22:24:56.636967307Z  INFO  2021-09-29 22:24:56,636 [shard 0] schema_tables - Schema version changed to 3ed0da5a-9378-3867-8692-45463e52d017
2021-09-29T22:24:56.637532039Z  INFO  2021-09-29 22:24:56,636 [shard 0] storage_service - Starting up server gossip
2021-09-29T22:24:57.144193327Z  INFO  2021-09-29 22:24:57,143 [shard 1] compaction - [Compact system.truncated 13a95470-2174-11ec-b0f0-000000000001] Compacting [/var/lib/scylla/data/system/truncated-38c19fd0fb863310a4b70d0cc66628aa/md-1207-big-Data.db:level=0, /var/lib/scylla/data/system/truncated-38c19fd0fb863310a4b70d0cc66628aa/md-1201-big-Data.db:level=0, ]
2021-09-29T22:24:57.706938124Z  INFO  2021-09-29 22:24:57,706 [shard 0] compaction - [Compact system.compaction_history 13ff3ca0-2174-11ec-89b5-000000000000] Compacting [/var/lib/scylla/data/system/compaction_history-b4dbb7b4dc493fb5b3bfce6e434832ca/md-654-big-Data.db:level=0, /var/lib/scylla/data/system/compaction_history-b4dbb7b4dc493fb5b3bfce6e434832ca/md-652-big-Data.db:level=0, ]
2021-09-29T22:24:57.858740441Z  INFO  2021-09-29 22:24:57,858 [shard 1] compaction - [Compact system_distributed.cdc_generation_timestamps 131b6c50-2174-11ec-b0f0-000000000001] Compacted 2 sstables to [/var/lib/scylla/data/system_distributed/cdc_generation_timestamps-fdf455c4cfec3e009719d7a45436c89d/md-557-big-Data.db:level=0, ]. 10kB to 5kB (~51% of original) in 929ms = 5kB/s. ~256 total partitions merged to 1.
2021-09-29T22:24:58.440654753Z  INFO  2021-09-29 22:24:58,439 [shard 1] compaction - [Compact system_schema.computed_columns 146f1570-2174-11ec-b0f0-000000000001] Compacting [/var/lib/scylla/data/system_schema/computed_columns-cc7c7069374033c192a4c3de78dbd2c4/md-589-big-Data.db:level=0, /var/lib/scylla/data/system_schema/computed_columns-cc7c7069374033c192a4c3de78dbd2c4/md-587-big-Data.db:level=0, ]
2021-09-29T22:24:58.473266816Z  INFO  2021-09-29 22:24:58,472 [shard 0] compaction - [Compact system.truncated 131b4540-2174-11ec-89b5-000000000000] Compacted 2 sstables to [/var/lib/scylla/data/system/truncated-38c19fd0fb863310a4b70d0cc66628aa/md-1208-big-Data.db:level=0, ]. 82kB to 76kB (~93% of original) in 1492ms = 51kB/s. ~256 total partitions merged to 2.
2021-09-29T22:24:59.274054122Z  INFO  2021-09-29 22:24:59,268 [shard 1] compaction - [Compact system.truncated 13a95470-2174-11ec-b0f0-000000000001] Compacted 2 sstables to [/var/lib/scylla/data/system/truncated-38c19fd0fb863310a4b70d0cc66628aa/md-1209-big-Data.db:level=0, ]. 148kB to 74kB (~50% of original) in 1295ms = 57kB/s. ~256 total partitions merged to 6.
2021-09-29T22:24:59.274122681Z  INFO  2021-09-29 22:24:59,271 [shard 0] compaction - [Compact system.local 14ee0970-2174-11ec-89b5-000000000000] Compacting [/var/lib/scylla/data/system/local-7ad54392bcdd35a684174e047860b377/md-1232-big-Data.db:level=0, /var/lib/scylla/data/system/local-7ad54392bcdd35a684174e047860b377/md-1230-big-Data.db:level=0, ]
2021-09-29T22:24:59.850579764Z  INFO  2021-09-29 22:24:59,849 [shard 0] compaction - [Compact system.compaction_history 13ff3ca0-2174-11ec-89b5-000000000000] Compacted 2 sstables to [/var/lib/scylla/data/system/compaction_history-b4dbb7b4dc493fb5b3bfce6e434832ca/md-660-big-Data.db:level=0, ]. 224kB to 136kB (~60% of original) in 1565ms = 87kB/s. ~640 total partitions merged to 482.
2021-09-29T22:24:59.885474995Z  INFO  2021-09-29 22:24:59,884 [shard 1] compaction - [Compact system_schema.indexes 154b92c0-2174-11ec-b0f0-000000000001] Compacting [/var/lib/scylla/data/system_schema/indexes-0feb57ac311f382fba6d9024d305702f/md-593-big-Data.db:level=0, /var/lib/scylla/data/system_schema/indexes-0feb57ac311f382fba6d9024d305702f/md-591-big-Data.db:level=0, ]
2021-09-29T22:25:00.513627094Z  INFO  2021-09-29 22:25:00,513 [shard 1] compaction - [Compact system_schema.computed_columns 146f1570-2174-11ec-b0f0-000000000001] Compacted 2 sstables to [/var/lib/scylla/data/system_schema/computed_columns-cc7c7069374033c192a4c3de78dbd2c4/md-591-big-Data.db:level=0, ]. 85kB to 46kB (~54% of original) in 1444ms = 32kB/s. ~256 total partitions merged to 3.
2021-09-29T22:25:00.958044820Z  INFO  2021-09-29 22:25:00,957 [shard 0] compaction - [Compact system.local 14ee0970-2174-11ec-89b5-000000000000] Compacted 2 sstables to [/var/lib/scylla/data/system/local-7ad54392bcdd35a684174e047860b377/md-1234-big-Data.db:level=0, ]. 19kB to 12kB (~64% of original) in 1300ms = 9kB/s. ~256 total partitions merged to 1.
2021-09-29T22:25:01.235496544Z  INFO  2021-09-29 22:25:01,234 [shard 1] compaction - [Compact system_schema.functions 16199120-2174-11ec-b0f0-000000000001] Compacting [/var/lib/scylla/data/system_schema/functions-96489b7980be3e14a70166a0b9159450/md-541-big-Data.db:level=0, /var/lib/scylla/data/system_schema/functions-96489b7980be3e14a70166a0b9159450/md-539-big-Data.db:level=0, ]
2021-09-29T22:25:01.844541774Z  INFO  2021-09-29 22:25:01,843 [shard 1] compaction - [Compact system_schema.indexes 154b92c0-2174-11ec-b0f0-000000000001] Compacted 2 sstables to [/var/lib/scylla/data/system_schema/indexes-0feb57ac311f382fba6d9024d305702f/md-595-big-Data.db:level=0, ]. 85kB to 46kB (~54% of original) in 1349ms = 34kB/s. ~256 total partitions merged to 3.
2021-09-29T22:25:02.468741552Z  INFO  2021-09-29 22:25:02,468 [shard 1] compaction - [Compact system_schema.types 16d5b530-2174-11ec-b0f0-000000000001] Compacting [/var/lib/scylla/data/system_schema/types-5a8b1ca866023f77a0459273d308917a/md-541-big-Data.db:level=0, /var/lib/scylla/data/system_schema/types-5a8b1ca866023f77a0459273d308917a/md-539-big-Data.db:level=0, ]
2021-09-29T22:25:02.948793887Z  INFO  2021-09-29 22:25:02,948 [shard 1] compaction - [Compact system_schema.functions 16199120-2174-11ec-b0f0-000000000001] Compacted 2 sstables to [/var/lib/scylla/data/system_schema/functions-96489b7980be3e14a70166a0b9159450/md-543-big-Data.db:level=0, ]. 79kB to 39kB (~50% of original) in 1233ms = 32kB/s. ~256 total partitions merged to 2.
2021-09-29T22:25:03.572772651Z  INFO  2021-09-29 22:25:03,572 [shard 1] compaction - [Compact system.peers 177e5140-2174-11ec-b0f0-000000000001] Compacting [/var/lib/scylla/data/system/peers-37f71aca7dc2383ba70672528af04d4f/md-599-big-Data.db:level=0, /var/lib/scylla/data/system/peers-37f71aca7dc2383ba70672528af04d4f/md-601-big-Data.db:level=0, ]
2021-09-29T22:25:03.573233873Z  INFO  2021-09-29 22:25:03,572 [shard 1] compaction - [Compact system_schema.triggers 177e5141-2174-11ec-b0f0-000000000001] Compacting [/var/lib/scylla/data/system_schema/triggers-4df70b666b05325195a132b54005fd48/md-541-big-Data.db:level=0, /var/lib/scylla/data/system_schema/triggers-4df70b666b05325195a132b54005fd48/md-543-big-Data.db:level=0, ]
2021-09-29T22:25:04.267322557Z  INFO  2021-09-29 22:25:04,266 [shard 1] compaction - [Compact system_schema.types 16d5b530-2174-11ec-b0f0-000000000001] Compacted 2 sstables to [/var/lib/scylla/data/system_schema/types-5a8b1ca866023f77a0459273d308917a/md-543-big-Data.db:level=0, ]. 78kB to 39kB (~50% of original) in 1103ms = 35kB/s. ~256 total partitions merged to 2.
2021-09-29T22:25:04.268693179Z  INFO  2021-09-29 22:25:04,268 [shard 1] compaction - [Compact system.peers 177e5140-2174-11ec-b0f0-000000000001] Compacted 2 sstables to []. 11kB to 0 bytes (~0% of original) in 0ms = 0 bytes/s. ~256 total partitions merged to 0.
2021-09-29T22:25:04.870847634Z  INFO  2021-09-29 22:25:04,870 [shard 1] compaction - [Compact system_schema.dropped_columns 18443950-2174-11ec-b0f0-000000000001] Compacting [/var/lib/scylla/data/system_schema/dropped_columns-5e7583b5f3f43af19a39b7e1d6f5f11f/md-591-big-Data.db:level=0, /var/lib/scylla/data/system_schema/dropped_columns-5e7583b5f3f43af19a39b7e1d6f5f11f/md-589-big-Data.db:level=0, ]
2021-09-29T22:25:05.381633980Z  INFO  2021-09-29 22:25:05,380 [shard 1] compaction - [Compact system_schema.triggers 177e5141-2174-11ec-b0f0-000000000001] Compacted 2 sstables to [/var/lib/scylla/data/system_schema/triggers-4df70b666b05325195a132b54005fd48/md-545-big-Data.db:level=0, ]. 78kB to 39kB (~50% of original) in 1297ms = 30kB/s. ~256 total partitions merged to 2.
2021-09-29T22:25:06.045232432Z  INFO  2021-09-29 22:25:06,044 [shard 1] compaction - [Compact system_schema.view_virtual_columns 18f783c0-2174-11ec-b0f0-000000000001] Compacting [/var/lib/scylla/data/system_schema/view_virtual_columns-08843b6345dc3be29798a0418295cfaa/md-561-big-Data.db:level=0, /var/lib/scylla/data/system_schema/view_virtual_columns-08843b6345dc3be29798a0418295cfaa/md-559-big-Data.db:level=0, ]
2021-09-29T22:25:06.713272174Z  INFO  2021-09-29 22:25:06,712 [shard 1] compaction - [Compact system_schema.dropped_columns 18443950-2174-11ec-b0f0-000000000001] Compacted 2 sstables to [/var/lib/scylla/data/system_schema/dropped_columns-5e7583b5f3f43af19a39b7e1d6f5f11f/md-593-big-Data.db:level=0, ]. 78kB to 39kB (~50% of original) in 1174ms = 33kB/s. ~256 total partitions merged to 2.
2021-09-29T22:25:07.369544358Z  INFO  2021-09-29 22:25:07,368 [shard 1] compaction - [Compact system_schema.aggregates 19c18a80-2174-11ec-b0f0-000000000001] Compacting [/var/lib/scylla/data/system_schema/aggregates-924c55872e3a345bb10c12f37c1ba895/md-541-big-Data.db:level=0, /var/lib/scylla/data/system_schema/aggregates-924c55872e3a345bb10c12f37c1ba895/md-539-big-Data.db:level=0, ]
2021-09-29T22:25:07.853399765Z  INFO  2021-09-29 22:25:07,852 [shard 1] compaction - [Compact system_schema.view_virtual_columns 18f783c0-2174-11ec-b0f0-000000000001] Compacted 2 sstables to [/var/lib/scylla/data/system_schema/view_virtual_columns-08843b6345dc3be29798a0418295cfaa/md-563-big-Data.db:level=0, ]. 85kB to 46kB (~54% of original) in 1324ms = 35kB/s. ~256 total partitions merged to 3.
2021-09-29T22:25:08.544094341Z  INFO  2021-09-29 22:25:08,543 [shard 1] compaction - [Compact system_schema.columns 1a74d4f0-2174-11ec-b0f0-000000000001] Compacting [/var/lib/scylla/data/system_schema/columns-24101c25a2ae3af787c1b40ee1aca33f/md-587-big-Data.db:level=0, /var/lib/scylla/data/system_schema/columns-24101c25a2ae3af787c1b40ee1aca33f/md-585-big-Data.db:level=0, ]
2021-09-29T22:25:09.167497322Z  INFO  2021-09-29 22:25:09,166 [shard 1] compaction - [Compact system_schema.aggregates 19c18a80-2174-11ec-b0f0-000000000001] Compacted 2 sstables to [/var/lib/scylla/data/system_schema/aggregates-924c55872e3a345bb10c12f37c1ba895/md-543-big-Data.db:level=0, ]. 78kB to 39kB (~50% of original) in 1174ms = 33kB/s. ~256 total partitions merged to 2.
2021-09-29T22:25:09.764612782Z  INFO  2021-09-29 22:25:09,763 [shard 1] compaction - [Compact system_schema.tables 1b2efd30-2174-11ec-b0f0-000000000001] Compacting [/var/lib/scylla/data/system_schema/tables-afddfb9dbc1e30688056eed6c302ba09/md-587-big-Data.db:level=0, /var/lib/scylla/data/system_schema/tables-afddfb9dbc1e30688056eed6c302ba09/md-585-big-Data.db:level=0, ]
2021-09-29T22:25:10.415993707Z  INFO  2021-09-29 22:25:10,415 [shard 0] gossip - No gossip backlog; proceeding
2021-09-29T22:25:10.418189596Z  INFO  2021-09-29 22:25:10,416 [shard 0] features - Feature CDC is enabled
2021-09-29T22:25:10.418216492Z  INFO  2021-09-29 22:25:10,417 [shard 0] features - Feature COMPUTED_COLUMNS is enabled
2021-09-29T22:25:10.418228202Z  INFO  2021-09-29 22:25:10,417 [shard 0] features - Feature CORRECT_IDX_TOKEN_IN_SECONDARY_INDEX is enabled
2021-09-29T22:25:10.418238481Z  INFO  2021-09-29 22:25:10,417 [shard 0] features - Feature CORRECT_STATIC_COMPACT_IN_MC is enabled
2021-09-29T22:25:10.418248480Z  INFO  2021-09-29 22:25:10,417 [shard 0] features - Feature DIGEST_FOR_NULL_VALUES is enabled
2021-09-29T22:25:10.418258774Z  INFO  2021-09-29 22:25:10,417 [shard 0] features - Feature DIGEST_INSENSITIVE_TO_EXPIRY is enabled
2021-09-29T22:25:10.418268555Z  INFO  2021-09-29 22:25:10,417 [shard 0] features - Feature HINTED_HANDOFF_SEPARATE_CONNECTION is enabled
2021-09-29T22:25:10.418278416Z  INFO  2021-09-29 22:25:10,417 [shard 0] features - Feature LWT is enabled
2021-09-29T22:25:10.418288285Z  INFO  2021-09-29 22:25:10,417 [shard 0] features - Feature MC_SSTABLE_FORMAT is enabled
2021-09-29T22:25:10.418298016Z  INFO  2021-09-29 22:25:10,417 [shard 0] features - Feature MD_SSTABLE_FORMAT is enabled
2021-09-29T22:25:10.418307669Z  INFO  2021-09-29 22:25:10,417 [shard 0] features - Feature NONFROZEN_UDTS is enabled
2021-09-29T22:25:10.418317354Z  INFO  2021-09-29 22:25:10,417 [shard 0] features - Feature PER_TABLE_CACHING is enabled
2021-09-29T22:25:10.418349345Z  INFO  2021-09-29 22:25:10,417 [shard 0] features - Feature PER_TABLE_PARTITIONERS is enabled
2021-09-29T22:25:10.418359330Z  INFO  2021-09-29 22:25:10,417 [shard 0] features - Feature ROW_LEVEL_REPAIR is enabled
2021-09-29T22:25:10.418368843Z  INFO  2021-09-29 22:25:10,417 [shard 0] features - Feature TRUNCATION_TABLE is enabled
2021-09-29T22:25:10.418378281Z  INFO  2021-09-29 22:25:10,417 [shard 0] features - Feature UNBOUNDED_RANGE_TOMBSTONES is enabled
2021-09-29T22:25:10.418387615Z  INFO  2021-09-29 22:25:10,417 [shard 0] features - Feature VIEW_VIRTUAL_COLUMNS is enabled
2021-09-29T22:25:10.418397017Z  INFO  2021-09-29 22:25:10,417 [shard 0] init - starting system distributed keyspace
2021-09-29T22:25:10.421045890Z  INFO  2021-09-29 22:25:10,420 [shard 0] storage_service - Using saved tokens {9124010895326915551, 8742018973670033125, 8598555156506068168, 859331192677595355, 8489633851918218972, 8404544377773987620, 8334052099869822074, 8027070951690535512, 7653411651769364763, 7643300886773448726, 745698443895614697, 733608372829560431, 6892720454935362021, 6800940363671872258, 6752736840498222835, 7558570794682543277, 6626855036896651415, 6558953552931646742, 654811730000643782, 6453507488197093240, 6418881467918362121, 6257350538314658651, 8694185385366952453, 6236544808742060204, 6205996696401286952, 6181536116480005250, 6173890748576798510, 6168788704115239078, 914767106532303288, 6990363615428460803, 6234359937486042650, 6135487156888480192, 8298670917499244446, 7962637687399845676, 5859809433466828295, 572381649550060741, 5717521671303527835, 6767513432483647708, 5669133658513444829, 5648065983278090801, 5139558912890970065, 490292763971450340, 5088559784364939447, 4887879388920547181, 4864473040594215386, 4821401626888467395, 4584677418481153049, 4568560376040385623, 4425517595667769005, 4212229064000506688, 417323891907213555, 4105567803922032311, 846328848386553100, 4097056052731017739, 4037011506266365719, 397816311326034467, 8807705278705127055, 3960263499412211951, 3895103703505731808, 5319761317396931638, 360597321690183586, 6977453291531829598, 3469791365465559235, 3450799468463193555, 3341791787112106987, 321719263399246289, 495119623429944640, 3188441281592026984, 3132582716025630056, 2897978825010732891, 2798599672396321233, 6722262565665525082, 3655246620504891712, 2727978900950034079, 2523679024489419468, 2246314149549274080, 2111447425244342721, 4342425971260087537, 2072681479362054742, 1722652131956917119, 1596795172788069650, 3258336554370208112, 1484250105068094827, 322919980295096232, 147185272239349262, 1582292604007964836, -1043366625644573502, 6202054439624443736, -7036530416959591692, 7059986144911608666, 1308325171422204311, -5106332339199757418, -4983430690696996654, -129692242505474142, -4408832913021959392, -4201351102319936633, 8226105573655162691, 1143169181596101602, -373464609677467774, 6499637180920648380, -3688252115466414768, -4685245633506220935, -3393731484328842231, 146326482513143238, -3354377357399948017, -7520504150110066280, 4013620692958310926, 120285327225849529, -5319770427093584367, -3344645134456416355, 7542140524268185824, -1567986029003951429, -6225982984898210797, 3616787878857439901, -1134847260854861521, -1385815719507756604, -7216500369574002380, -2540342459765209305, -3153428036916311114, -1315427923943130867, 6735115869130128231, -8804109413751117454, 5380300166925886998, -3994233554939769446, -2049052420205957973, -6823521889286394233, 7773354257250251508, -813663158863688605, -2813588493261245387, -4306289609617407685, -8554421498880928036, 6625124512311491877, -1193453720756075343, -7344961469397326117, 40988359741359328, 3538701036468284236, -4959270447304085620, -6649264423169845010, -164488752845185737, -4809655207434651910, 852064759819355889, 655765621784410911, -2265394845695119219, -1633283144679415010, -2905038631817617159, -1338175487850463146, -5604344254894844223, 1342637340952214033, -3063809950324015361, 3620475942448129254, -6701628281791339799, -1015966201355467601, -1010385350192890483, -5464692903875327262, -5350408053695756824, -3909145060055744662, 8110921354580809535, -1828720553060017001, -9039692023802518881, 8906477330793941548, -1950771572338293141, -578007903166946288, -2835283049648902775, -5969076120552281390, -4980038973578836295, -2956647759994856492, -3121440497971800186, -2451287035471636788, -8397239023617269085, -3907411391529938738, -6060412664924674468, 1201018447870040377, 744455255883305773, 6091158824052509989, -4647456536187559461, -2492321414000069004, -8249536583876427841, 7286508860723851824, -414762654016518424, -5783334032467426709, 6421278078424044569, 441269054539754827, -6608800837376867894, 5791636627852090243, -4351372151055006459, -5864482138900019193, 5601743073496261086, 4770910060094536939, 1232477482658016681, -5948334266233173781, -6086128074458237613, -8638832556157001740, -6113382913249116479, 3618586283784401510, -6122783330192656017, 5382626567051759064, 3269933335992189660, 3265637793915806608, -1668747907767623398, -6127999924475878922, -7206262277128710714, -6146258828033574412, 890221936568177916, 1221044349160589157, -6379743443959801206, -3354462196552861041, -6677370219752794615, -629668751745095673, 4544273533200769333, 2099953764446630586, -64824586118135566, 581574656604815021, -1515669477669935777, -3109764140720549529, -8111279514706125590, -6765501084971270724, -7123469322789065192, 8256443830104168330, -7192042733875824935, -3386880163308184471, -7555616751041454945, 8338973462233251092, -3831510983777130411, -809362909466312577, -812118401657732185, -813144382884222877, -6165495426270074889, -8608419165109646990, -8763577584688728098, 9100267743767020695, 1449039208745937834, -8790517587028177640, -753170663132011250, -8817723952438831390, -74586706562973894, -291383833060567901, -2351081202557792362, -8891768586937559860, 1851372445822437027, -915977517244945982, 2745557699704249475, -9170788929174515177, 2201664116850426765, 1065409362723446036, 7226815385485772597, -933992305836130344, 7986798416127859088, -6861762339660299047, -8421468042859687897, 1060714984715414565, 1108113371314175716, 1120943934896482048, -8578170098649472153, 118542843210684040, 3064484626246652780, 1415645789302299155}
2021-09-29T22:25:10.435674278Z  INFO  2021-09-29 22:25:10,434 [shard 0] schema_tables - Schema version changed to 3ed0da5a-9378-3867-8692-45463e52d017
2021-09-29T22:25:10.449275922Z  INFO  2021-09-29 22:25:10,448 [shard 0] schema_tables - Schema version changed to 710b5af1-be2e-3479-9577-6140351ae31e
2021-09-29T22:25:10.461246696Z  INFO  2021-09-29 22:25:10,460 [shard 0] schema_tables - Schema version changed to 710b5af1-be2e-3479-9577-6140351ae31e
2021-09-29T22:25:10.472400819Z  INFO  2021-09-29 22:25:10,472 [shard 0] schema_tables - Schema version changed to 710b5af1-be2e-3479-9577-6140351ae31e
2021-09-29T22:25:10.484086030Z  INFO  2021-09-29 22:25:10,483 [shard 1] compaction - [Compact system_schema.columns 1a74d4f0-2174-11ec-b0f0-000000000001] Compacted 2 sstables to [/var/lib/scylla/data/system_schema/columns-24101c25a2ae3af787c1b40ee1aca33f/md-589-big-Data.db:level=0, ]. 119kB to 73kB (~61% of original) in 1220ms = 60kB/s. ~256 total partitions merged to 6.
2021-09-29T22:25:11.148025743Z  INFO  2021-09-29 22:25:11,146 [shard 1] compaction - [Compact system_schema.scylla_tables 1c0204a0-2174-11ec-b0f0-000000000001] Compacting [/var/lib/scylla/data/system_schema/scylla_tables-5d912ff1f7593665b2c88042ab5103dd/md-583-big-Data.db:level=0, /var/lib/scylla/data/system_schema/scylla_tables-5d912ff1f7593665b2c88042ab5103dd/md-581-big-Data.db:level=0, ]
2021-09-29T22:25:11.477335639Z  INFO  2021-09-29 22:25:11,476 [shard 0] compaction - [Compact system.cdc_local 1c345f40-2174-11ec-89b5-000000000000] Compacting [/var/lib/scylla/data/system/cdc_local-0bcaffd40c833eadad13dc1d5015b77c/md-622-big-Data.db:level=0, /var/lib/scylla/data/system/cdc_local-0bcaffd40c833eadad13dc1d5015b77c/md-620-big-Data.db:level=0, ]
2021-09-29T22:25:12.116803300Z  INFO  2021-09-29 22:25:12,115 [shard 1] compaction - [Compact system_schema.tables 1b2efd30-2174-11ec-b0f0-000000000001] Compacted 2 sstables to [/var/lib/scylla/data/system_schema/tables-afddfb9dbc1e30688056eed6c302ba09/md-589-big-Data.db:level=0, ]. 113kB to 69kB (~61% of original) in 1383ms = 50kB/s. ~256 total partitions merged to 6.
2021-09-29T22:25:13.112071697Z  INFO  2021-09-29 22:25:13,111 [shard 1] compaction - [Compact system_schema.views 1d2dda70-2174-11ec-b0f0-000000000001] Compacting [/var/lib/scylla/data/system_schema/views-9786ac1cdd583201a7cdad556410c985/md-549-big-Data.db:level=0, /var/lib/scylla/data/system_schema/views-9786ac1cdd583201a7cdad556410c985/md-547-big-Data.db:level=0, ]
2021-09-29T22:25:13.770009539Z  INFO  2021-09-29 22:25:13,768 [shard 1] compaction - [Compact system_schema.scylla_tables 1c0204a0-2174-11ec-b0f0-000000000001] Compacted 2 sstables to [/var/lib/scylla/data/system_schema/scylla_tables-5d912ff1f7593665b2c88042ab5103dd/md-585-big-Data.db:level=0, ]. 81kB to 40kB (~50% of original) in 1965ms = 20kB/s. ~256 total partitions merged to 2.
2021-09-29T22:25:13.990961651Z  INFO  2021-09-29 22:25:13,989 [shard 0] storage_service - Node 10.0.39.10 state jump to normal
2021-09-29T22:25:13.991021202Z  INFO  2021-09-29 22:25:13,989 [shard 0] compaction - [Compact system.local 1db3d350-2174-11ec-89b5-000000000000] Compacting [/var/lib/scylla/data/system/local-7ad54392bcdd35a684174e047860b377/md-1236-big-Data.db:level=0, /var/lib/scylla/data/system/local-7ad54392bcdd35a684174e047860b377/md-1234-big-Data.db:level=0, ]
2021-09-29T22:25:13.997030636Z  INFO  2021-09-29 22:25:13,996 [shard 0] cdc - Generation 2021/03/29 14:13:43: streams description table already updated.
2021-09-29T22:25:14.307302007Z  INFO  2021-09-29 22:25:14,306 [shard 0] compaction - [Compact system.cdc_local 1c345f40-2174-11ec-89b5-000000000000] Compacted 2 sstables to [/var/lib/scylla/data/system/cdc_local-0bcaffd40c833eadad13dc1d5015b77c/md-624-big-Data.db:level=0, ]. 68kB to 63kB (~92% of original) in 2513ms = 25kB/s. ~256 total partitions merged to 2.
2021-09-29T22:25:14.656061453Z  INFO  2021-09-29 22:25:14,655 [shard 1] compaction - [Compact system_schema.keyspaces 1e1972f0-2174-11ec-b0f0-000000000001] Compacting [/var/lib/scylla/data/system_schema/keyspaces-abac5682dea631c5b535b3d6cffd0fb6/md-577-big-Data.db:level=0, /var/lib/scylla/data/system_schema/keyspaces-abac5682dea631c5b535b3d6cffd0fb6/md-575-big-Data.db:level=0, ]
2021-09-29T22:25:14.988204301Z  INFO  2021-09-29 22:25:14,987 [shard 0] compaction - [Compact system.local 1db3d350-2174-11ec-89b5-000000000000] Compacted 2 sstables to [/var/lib/scylla/data/system/local-7ad54392bcdd35a684174e047860b377/md-1238-big-Data.db:level=0, ]. 18kB to 12kB (~66% of original) in 811ms = 15kB/s. ~256 total partitions merged to 1.
2021-09-29T22:25:15.034632880Z  INFO  2021-09-29 22:25:15,033 [shard 1] compaction - [Compact system_schema.views 1d2dda70-2174-11ec-b0f0-000000000001] Compacted 2 sstables to [/var/lib/scylla/data/system_schema/views-9786ac1cdd583201a7cdad556410c985/md-551-big-Data.db:level=0, ]. 88kB to 48kB (~54% of original) in 1543ms = 31kB/s. ~256 total partitions merged to 3.
2021-09-29T22:25:15.076245013Z  INFO  2021-09-29 22:25:15,075 [shard 0] storage_service - NORMAL: node is now in normal status
2021-09-29T22:25:15.076769245Z  INFO  2021-09-29 22:25:15,076 [shard 0] cdc - Latest generation seen during startup: 2021/03/29 14:13:43
2021-09-29T22:25:15.079026229Z  INFO  2021-09-29 22:25:15,078 [shard 0] init - starting tracing
2021-09-29T22:25:15.080081551Z  INFO  2021-09-29 22:25:15,079 [shard 0] init - SSTable data integrity checker is disabled.
2021-09-29T22:25:15.080659197Z  INFO  2021-09-29 22:25:15,080 [shard 0] init - starting auth service
2021-09-29T22:25:15.082885957Z  INFO  2021-09-29 22:25:15,082 [shard 0] init - starting batchlog manager
2021-09-29T22:25:15.083328847Z  INFO  2021-09-29 22:25:15,082 [shard 0] init - starting load meter
2021-09-29T22:25:15.083374671Z  INFO  2021-09-29 22:25:15,082 [shard 0] init - starting cf cache hit rate calculator
2021-09-29T22:25:15.083387383Z  INFO  2021-09-29 22:25:15,082 [shard 0] init - starting view update backlog broker
2021-09-29T22:25:15.083779520Z  INFO  2021-09-29 22:25:15,083 [shard 0] init - Waiting for gossip to settle before accepting client requests...
2021-09-29T22:25:15.323291974Z  INFO  2021-09-29 22:25:15,322 [shard 1] compaction - [Compact system.compaction_history 1e7f39a0-2174-11ec-b0f0-000000000001] Compacting [/var/lib/scylla/data/system/compaction_history-b4dbb7b4dc493fb5b3bfce6e434832ca/md-659-big-Data.db:level=0, /var/lib/scylla/data/system/compaction_history-b4dbb7b4dc493fb5b3bfce6e434832ca/md-657-big-Data.db:level=0, ]
2021-09-29T22:25:15.524531125Z  INFO  2021-09-29 22:25:15,523 [shard 1] compaction - [Compact system_schema.keyspaces 1e1972f0-2174-11ec-b0f0-000000000001] Compacted 2 sstables to [/var/lib/scylla/data/system_schema/keyspaces-abac5682dea631c5b535b3d6cffd0fb6/md-579-big-Data.db:level=0, ]. 100kB to 61kB (~61% of original) in 665ms = 92kB/s. ~256 total partitions merged to 6.
2021-09-29T22:25:15.972370748Z  INFO  2021-09-29 22:25:15,971 [shard 1] compaction - [Compact system.compaction_history 1e7f39a0-2174-11ec-b0f0-000000000001] Compacted 2 sstables to [/var/lib/scylla/data/system/compaction_history-b4dbb7b4dc493fb5b3bfce6e434832ca/md-661-big-Data.db:level=0, ]. 177kB to 135kB (~76% of original) in 541ms = 250kB/s. ~640 total partitions merged to 473.
2021-09-29T22:25:27.085086562Z  INFO  2021-09-29 22:25:27,084 [shard 0] gossip - No gossip backlog; proceeding
2021-09-29T22:25:27.086536155Z  INFO  2021-09-29 22:25:27,085 [shard 0] init - allow replaying hints
2021-09-29T22:25:27.087476158Z  INFO  2021-09-29 22:25:27,086 [shard 0] init - Launching generate_mv_updates for non system tables
2021-09-29T22:25:27.088568721Z  INFO  2021-09-29 22:25:27,087 [shard 0] init - starting the view builder
2021-09-29T22:25:27.430131676Z  INFO  2021-09-29 22:25:27,429 [shard 0] compaction - [Compact system.truncated 25b69b50-2174-11ec-89b5-000000000000] Compacting [/var/lib/scylla/data/system/truncated-38c19fd0fb863310a4b70d0cc66628aa/md-1210-big-Data.db:level=0, /var/lib/scylla/data/system/truncated-38c19fd0fb863310a4b70d0cc66628aa/md-1208-big-Data.db:level=0, ]
2021-09-29T22:25:27.431135227Z  INFO  2021-09-29 22:25:27,430 [shard 0] init - starting native transport
2021-09-29T22:25:27.434190191Z  INFO  2021-09-29 22:25:27,433 [shard 0] cql_server_controller - Starting listening for CQL clients on 10.0.39.10:9042 (unencrypted, non-shard-aware)
2021-09-29T22:25:27.434720377Z  INFO  2021-09-29 22:25:27,434 [shard 0] cql_server_controller - Starting listening for CQL clients on 10.0.39.10:19042 (unencrypted, shard-aware)
2021-09-29T22:25:27.436030214Z  INFO  2021-09-29 22:25:27,435 [shard 0] thrift_controller - Thrift server listening on 10.0.39.10:9160 ...
2021-09-29T22:25:27.436870503Z  INFO  2021-09-29 22:25:27,436 [shard 0] init - serving
2021-09-29T22:25:27.437352985Z  INFO  2021-09-29 22:25:27,437 [shard 0] init - Scylla version 4.4.4-0.20210801.69daa9fd0 initialization completed.
2021-09-29T22:25:27.924145745Z  INFO  2021-09-29 22:25:27,923 [shard 0] compaction - [Compact system.truncated 25b69b50-2174-11ec-89b5-000000000000] Compacted 2 sstables to [/var/lib/scylla/data/system/truncated-38c19fd0fb863310a4b70d0cc66628aa/md-1212-big-Data.db:level=0, ]. 82kB to 76kB (~93% of original) in 417ms = 184kB/s. ~256 total partitions merged to 2.
2021-09-29T22:25:42.432755597Z  INFO  2021-09-29 22:25:42,432 [shard 1] compaction - [Compact system.clients 2ea7e200-2174-11ec-b0f0-000000000001] Compacting [/var/lib/scylla/data/system/clients-ca0f635d863036098d93a1fc06f2a5e5/md-5-big-Data.db:level=0, /var/lib/scylla/data/system/clients-ca0f635d863036098d93a1fc06f2a5e5/md-3-big-Data.db:level=0, ]
2021-09-29T22:25:44.560575382Z  INFO  2021-09-29 22:25:44,560 [shard 1] compaction - [Compact system.clients 2fec9700-2174-11ec-b0f0-000000000001] Compacting [/var/lib/scylla/data/system/clients-ca0f635d863036098d93a1fc06f2a5e5/md-7-big-Data.db:level=0, /var/lib/scylla/data/system/clients-ca0f635d863036098d93a1fc06f2a5e5/md-9-big-Data.db:level=0, /var/lib/scylla/data/system/clients-ca0f635d863036098d93a1fc06f2a5e5/md-13-big-Data.db:level=0, /var/lib/scylla/data/system/clients-ca0f635d863036098d93a1fc06f2a5e5/md-11-big-Data.db:level=0, /var/lib/scylla/data/system/clients-ca0f635d863036098d93a1fc06f2a5e5/md-17-big-Data.db:level=0, /var/lib/scylla/data/system/clients-ca0f635d863036098d93a1fc06f2a5e5/md-15-big-Data.db:level=0, ]
2021-09-29T22:25:45.241378712Z  INFO  2021-09-29 22:25:45,240 [shard 1] compaction - [Compact system.clients 2ea7e200-2174-11ec-b0f0-000000000001] Compacted 2 sstables to [/var/lib/scylla/data/system/clients-ca0f635d863036098d93a1fc06f2a5e5/md-19-big-Data.db:level=0, ]. 30kB to 6kB (~19% of original) in 2126ms = 2kB/s. ~256 total partitions merged to 1.
2021-09-29T22:25:46.435072704Z  INFO  2021-09-29 22:25:46,434 [shard 1] compaction - [Compact system.clients 310a8a20-2174-11ec-b0f0-000000000001] Compacting [/var/lib/scylla/data/system/clients-ca0f635d863036098d93a1fc06f2a5e5/md-19-big-Data.db:level=0, /var/lib/scylla/data/system/clients-ca0f635d863036098d93a1fc06f2a5e5/md-33-big-Data.db:level=0, /var/lib/scylla/data/system/clients-ca0f635d863036098d93a1fc06f2a5e5/md-29-big-Data.db:level=0, /var/lib/scylla/data/system/clients-ca0f635d863036098d93a1fc06f2a5e5/md-27-big-Data.db:level=0, /var/lib/scylla/data/system/clients-ca0f635d863036098d93a1fc06f2a5e5/md-21-big-Data.db:level=0, /var/lib/scylla/data/system/clients-ca0f635d863036098d93a1fc06f2a5e5/md-25-big-Data.db:level=0, /var/lib/scylla/data/system/clients-ca0f635d863036098d93a1fc06f2a5e5/md-23-big-Data.db:level=0, ]
2021-09-29T22:25:47.430417413Z  INFO  2021-09-29 22:25:47,428 [shard 1] compaction - [Compact system.clients 2fec9700-2174-11ec-b0f0-000000000001] Compacted 6 sstables to [/var/lib/scylla/data/system/clients-ca0f635d863036098d93a1fc06f2a5e5/md-31-big-Data.db:level=0, ]. 58kB to 15kB (~26% of original) in 1874ms = 8kB/s. ~768 total partitions merged to 1.
2021-09-29T22:25:49.194326703Z  INFO  2021-09-29 22:25:49,193 [shard 1] compaction - [Compact system.clients 32af8790-2174-11ec-b0f0-000000000001] Compacting [/var/lib/scylla/data/system/clients-ca0f635d863036098d93a1fc06f2a5e5/md-45-big-Data.db:level=0, /var/lib/scylla/data/system/clients-ca0f635d863036098d93a1fc06f2a5e5/md-39-big-Data.db:level=0, /var/lib/scylla/data/system/clients-ca0f635d863036098d93a1fc06f2a5e5/md-43-big-Data.db:level=0, /var/lib/scylla/data/system/clients-ca0f635d863036098d93a1fc06f2a5e5/md-37-big-Data.db:level=0, /var/lib/scylla/data/system/clients-ca0f635d863036098d93a1fc06f2a5e5/md-41-big-Data.db:level=0, /var/lib/scylla/data/system/clients-ca0f635d863036098d93a1fc06f2a5e5/md-35-big-Data.db:level=0, /var/lib/scylla/data/system/clients-ca0f635d863036098d93a1fc06f2a5e5/md-31-big-Data.db:level=0, ]
2021-09-29T22:25:50.015914466Z  INFO  2021-09-29 22:25:50,015 [shard 1] compaction - [Compact system.clients 310a8a20-2174-11ec-b0f0-000000000001] Compacted 7 sstables to [/var/lib/scylla/data/system/clients-ca0f635d863036098d93a1fc06f2a5e5/md-47-big-Data.db:level=0, ]. 80kB to 21kB (~26% of original) in 2757ms = 7kB/s. ~896 total partitions merged to 1.
2021-09-29T22:25:51.378303519Z  INFO  2021-09-29 22:25:51,377 [shard 1] compaction - [Compact system.clients 33fcc810-2174-11ec-b0f0-000000000001] Compacting [/var/lib/scylla/data/system/clients-ca0f635d863036098d93a1fc06f2a5e5/md-53-big-Data.db:level=0, /var/lib/scylla/data/system/clients-ca0f635d863036098d93a1fc06f2a5e5/md-63-big-Data.db:level=0, /var/lib/scylla/data/system/clients-ca0f635d863036098d93a1fc06f2a5e5/md-59-big-Data.db:level=0, /var/lib/scylla/data/system/clients-ca0f635d863036098d93a1fc06f2a5e5/md-55-big-Data.db:level=0, /var/lib/scylla/data/system/clients-ca0f635d863036098d93a1fc06f2a5e5/md-49-big-Data.db:level=0, /var/lib/scylla/data/system/clients-ca0f635d863036098d93a1fc06f2a5e5/md-51-big-Data.db:level=0, /var/lib/scylla/data/system/clients-ca0f635d863036098d93a1fc06f2a5e5/md-47-big-Data.db:level=0, /var/lib/scylla/data/system/clients-ca0f635d863036098d93a1fc06f2a5e5/md-57-big-Data.db:level=0, ]
2021-09-29T22:25:52.118865410Z  INFO  2021-09-29 22:25:52,118 [shard 1] compaction - [Compact system.clients 32af8790-2174-11ec-b0f0-000000000001] Compacted 7 sstables to [/var/lib/scylla/data/system/clients-ca0f635d863036098d93a1fc06f2a5e5/md-61-big-Data.db:level=0, ]. 83kB to 27kB (~33% of original) in 2183ms = 12kB/s. ~896 total partitions merged to 1.
2021-09-29T22:25:53.388923468Z  INFO  2021-09-29 22:25:53,388 [shard 1] compaction - [Compact system.clients 352fa2c0-2174-11ec-b0f0-000000000001] Compacting [/var/lib/scylla/data/system/clients-ca0f635d863036098d93a1fc06f2a5e5/md-75-big-Data.db:level=0, /var/lib/scylla/data/system/clients-ca0f635d863036098d93a1fc06f2a5e5/md-65-big-Data.db:level=0, /var/lib/scylla/data/system/clients-ca0f635d863036098d93a1fc06f2a5e5/md-69-big-Data.db:level=0, /var/lib/scylla/data/system/clients-ca0f635d863036098d93a1fc06f2a5e5/md-71-big-Data.db:level=0, /var/lib/scylla/data/system/clients-ca0f635d863036098d93a1fc06f2a5e5/md-67-big-Data.db:level=0, /var/lib/scylla/data/system/clients-ca0f635d863036098d93a1fc06f2a5e5/md-73-big-Data.db:level=0, /var/lib/scylla/data/system/clients-ca0f635d863036098d93a1fc06f2a5e5/md-61-big-Data.db:level=0, ]
2021-09-29T22:25:54.324648770Z  INFO  2021-09-29 22:25:54,323 [shard 1] compaction - [Compact system.clients 33fcc810-2174-11ec-b0f0-000000000001] Compacted 8 sstables to [/var/lib/scylla/data/system/clients-ca0f635d863036098d93a1fc06f2a5e5/md-77-big-Data.db:level=0, ]. 112kB to 40kB (~35% of original) in 2009ms = 19kB/s. ~1024 total partitions merged to 1.
2021-09-29T22:25:55.324905592Z  INFO  2021-09-29 22:25:55,323 [shard 1] compaction - [Compact system.clients 3656e4b0-2174-11ec-b0f0-000000000001] Compacting [/var/lib/scylla/data/system/clients-ca0f635d863036098d93a1fc06f2a5e5/md-79-big-Data.db:level=0, /var/lib/scylla/data/system/clients-ca0f635d863036098d93a1fc06f2a5e5/md-89-big-Data.db:level=0, /var/lib/scylla/data/system/clients-ca0f635d863036098d93a1fc06f2a5e5/md-85-big-Data.db:level=0, /var/lib/scylla/data/system/clients-ca0f635d863036098d93a1fc06f2a5e5/md-93-big-Data.db:level=0, /var/lib/scylla/data/system/clients-ca0f635d863036098d93a1fc06f2a5e5/md-87-big-Data.db:level=0, /var/lib/scylla/data/system/clients-ca0f635d863036098d93a1fc06f2a5e5/md-81-big-Data.db:level=0, /var/lib/scylla/data/system/clients-ca0f635d863036098d93a1fc06f2a5e5/md-83-big-Data.db:level=0, /var/lib/scylla/data/system/clients-ca0f635d863036098d93a1fc06f2a5e5/md-95-big-Data.db:level=0, /var/lib/scylla/data/system/clients-ca0f635d863036098d93a1fc06f2a5e5/md-77-big-Data.db:level=0, ]
2021-09-29T22:25:55.626722966Z  INFO  2021-09-29 22:25:55,625 [shard 1] compaction - [Compact system.clients 352fa2c0-2174-11ec-b0f0-000000000001] Compacted 7 sstables to [/var/lib/scylla/data/system/clients-ca0f635d863036098d93a1fc06f2a5e5/md-91-big-Data.db:level=0, ]. 96kB to 40kB (~41% of original) in 1934ms = 20kB/s. ~896 total partitions merged to 1.
2021-09-29T22:25:56.037482549Z  INFO  2021-09-29 22:25:56,036 [shard 1] compaction - [Compact system.compaction_history 36c3b040-2174-11ec-b0f0-000000000001] Compacting [/var/lib/scylla/data/system/compaction_history-b4dbb7b4dc493fb5b3bfce6e434832ca/md-663-big-Data.db:level=0, /var/lib/scylla/data/system/compaction_history-b4dbb7b4dc493fb5b3bfce6e434832ca/md-661-big-Data.db:level=0, ]
2021-09-29T22:25:56.214809987Z  INFO  2021-09-29 22:25:56,214 [shard 1] compaction - [Compact system.clients 3656e4b0-2174-11ec-b0f0-000000000001] Compacted 9 sstables to [/var/lib/scylla/data/system/clients-ca0f635d863036098d93a1fc06f2a5e5/md-97-big-Data.db:level=0, ]. 134kB to 57kB (~42% of original) in 713ms = 81kB/s. ~1152 total partitions merged to 1.
2021-09-29T22:25:56.472733562Z  INFO  2021-09-29 22:25:56,472 [shard 1] compaction - [Compact system.clients 37063780-2174-11ec-b0f0-000000000001] Compacting [/var/lib/scylla/data/system/clients-ca0f635d863036098d93a1fc06f2a5e5/md-91-big-Data.db:level=0, /var/lib/scylla/data/system/clients-ca0f635d863036098d93a1fc06f2a5e5/md-97-big-Data.db:level=0, ]
2021-09-29T22:25:56.482692730Z  INFO  2021-09-29 22:25:56,482 [shard 1] compaction - [Compact system_schema.computed_columns 3707be20-2174-11ec-b0f0-000000000001] Compacting [/var/lib/scylla/data/system_schema/computed_columns-cc7c7069374033c192a4c3de78dbd2c4/md-593-big-Data.db:level=0, /var/lib/scylla/data/system_schema/computed_columns-cc7c7069374033c192a4c3de78dbd2c4/md-591-big-Data.db:level=0, ]
2021-09-29T22:25:56.707888755Z  INFO  2021-09-29 22:25:56,706 [shard 1] compaction - [Compact system.compaction_history 36c3b040-2174-11ec-b0f0-000000000001] Compacted 2 sstables to [/var/lib/scylla/data/system/compaction_history-b4dbb7b4dc493fb5b3bfce6e434832ca/md-665-big-Data.db:level=0, ]. 215kB to 136kB (~63% of original) in 435ms = 314kB/s. ~640 total partitions merged to 486.
2021-09-29T22:25:56.793394156Z  INFO  2021-09-29 22:25:56,792 [shard 1] compaction - [Compact system.clients 37063780-2174-11ec-b0f0-000000000001] Compacted 2 sstables to []. 98kB to 0 bytes (~0% of original) in 10ms = 0 bytes/s. ~256 total partitions merged to 0.
2021-09-29T22:25:57.124238911Z  INFO  2021-09-29 22:25:57,123 [shard 1] compaction - [Compact system_schema.computed_columns 3707be20-2174-11ec-b0f0-000000000001] Compacted 2 sstables to [/var/lib/scylla/data/system_schema/computed_columns-cc7c7069374033c192a4c3de78dbd2c4/md-595-big-Data.db:level=0, ]. 85kB to 46kB (~54% of original) in 566ms = 81kB/s. ~256 total partitions merged to 3.
