2021-09-28T20:02:48.192369059Z 0 6xDTJcDvBLCIYIAmha5YJ6pEqsh8QQlCnKVzuYIMV3irI5ORdI9OjdM46qxiqi
2021-09-28T20:02:48.194556052Z 1 a861YwAkvd9hitg4dKKnhQlE5z9TizEoL7PgOujlX1UMpXIFVEyZYB4ydmGiVB
2021-09-28T20:02:48.196749509Z 2 pY2KReRsuiKdpjKsNXmHX1RhW08pu0VJ0wi4LR7ep7CTnzq8gLtLsjCu1PNqsC
2021-09-28T20:02:48.199168123Z 3 uKcdMFb22cFjyu1x2eB2AcsdLq10KoenG4AD8YE7vZ6qVUbIeslvazmlLWpoQY
2021-09-28T20:02:48.202687874Z 4 wimUXzmCyXfxHuXMfJUU2RHUBu8ah6Dqvi5bLMBbFj9iLcD18zsYA6O8mZSSFC
2021-09-28T20:02:48.206504227Z 5 zm41RGRyX6JINVwkzfYMtTEUvN5PPTYKaUoZZSgBzlMNSAyFf6IIW5ZUL3qoE8
2021-09-28T20:02:48.208017949Z 6 8AAjoNfdcUMe8tbzvItJrwzoeFXaOzGCN3bU9eqNerRLpN5UhYfYdGaFGCLVNP
2021-09-28T20:02:48.210619324Z 7 xcTlYAuNBCrY3YqZYhw1KGZ7gOafxqGeNT0XJpXLpjw9i2vvMfBUUILvsO2CFC
2021-09-28T20:02:48.212588457Z 8 SKzi5OpBJzuUvxCax1JMiYxEwTKSeTm3BSIJfc1feelV25yOOOqngUKbplmGZp
2021-09-28T20:02:48.214653761Z 9 VvE2xbhKQamdLklpElTzwbYAh5D7UUFWFw4ldttc3OY2UcRe7MMHHg97kbTLTq
2021-09-28T20:02:48.216094587Z 10 Da55qpD9ikYgHsIGY1GxWMj9ZpU0M91WBO4HEY9k3IiJ8fU8iRrfYeasXE6sj
2021-09-28T20:02:48.218451267Z 11 8CZYgCyfb8w9vXJEc0mgTBLL4jFcEFjHc1hMsoNDMk7ACaSyltUNwHdHarZLJ
2021-09-28T20:02:48.221048313Z 12 QetMSn0irGIAtkwr3iAQ8ac375FjxpLhr4gkIvlTRmZc04sEr3Tt3LEJzxPYA
2021-09-28T20:02:48.222407035Z 13 ZJ4C1TwcC7DWBkQnQz9t5acR5p1IAV6CitmsIjogB3TNkwNrAecgWowMN9Xl0
2021-09-28T20:02:48.224944032Z 14 o207iQNoSc9HNq7pDJcaPaov82csAghpPp4aPXbgPn4SBRgplhVeJhoPaztc6
2021-09-28T20:02:48.227619446Z 15 G8QhAeMxPYPEEyrKvpVaaPIM03GW6tBugnrVEksfx5ia8cpmvCikqZ8uKYzEQ
2021-09-28T20:02:48.229319341Z 16 jarbYpAa69NtcG8gTiHU94ktjlAOSyYdHMzc8dNpuKCMXZDhDhBdGDbckdfAX
2021-09-28T20:02:48.231702602Z 17 CMMgfaWK99XQKWB0VmrKvESta7Ec4qUCMNpSbUMC7Vz4rPD7P3A8ckNXnKloO
2021-09-28T20:02:48.233119879Z 18 IchHE62ZzEs53ghsGvJ7lUTGpux0tKAHQtEvSOpgrtHIjZCG5N3BGKBgT2PP0
2021-09-28T20:02:48.235815601Z 19 w9uL5FBbh0WFrUzhm3xoyMBI7Bq0bn5zxBdBaMD4zCQii2Slko0JNzh8jLnex
2021-09-28T20:02:48.238397729Z 20 OZe4f24mcXW2X9EmQmqsDP9MoDM2uekQA6wkQ7wLyR2n69Ea5J49woo4OENmn
2021-09-28T20:02:48.241253913Z 21 qzhO6RTSwqGF3ZnMluU9H5W0gOazhA0vCOoWfomD2DDGQvbs3x87WCSdhchKO
2021-09-28T20:02:48.244097706Z 22 PrzfwjFNhxpuYfDTKlyQ2ZoXPNLodXAQecczl0XPotpeUyHFmM4b3yov2OqFx
2021-09-28T20:02:48.246731791Z 23 dqP5NOlOjmmkrtumaykdGg8YdbmK5KBAxKrJGPjpD0OzuWBa2xkQXRITtpcbx
2021-09-28T20:02:48.248342265Z 24 A7PzpggDnmRgRdn3DeadMHakft2Kb3m3R8IOc317wbpfD5VYVWHP1mGJOBqVJ
2021-09-28T20:02:48.250922691Z 25 6jDMEyuLql4HoRApAPYNVqq7GGReunoDTrjfspUWxVkYv62YbeydMinyvVZyA
2021-09-28T20:02:48.253493680Z 26 1126XRw5FpkPf3snWcoDKeZQwuYHw8POZEPky7Wvz9PxjrBNOSORt9vFHDSJm
2021-09-28T20:02:48.256073945Z 27 dQsTSOywBJEPvxIQbXlNHQJKXCNgGFv4PUAyCRXeWxEXpIA9L4HkqN6JYkPb0
2021-09-28T20:02:48.258771524Z 28 0qWdMSTOR0AYI1XjEHS801g9OmhVEgpnG9VtwXIhpC3bghW3Gq8BMk2aoeMEY
2021-09-28T20:02:48.260223527Z 29 Ne5DHCCZnntfcG6YFNN4upQ1flWezJhdt4yNEo0tZaZHKlYpSPfnwclYEdb4o
2021-09-28T20:02:48.262928167Z 30 hzp37pqILViIXbsZEKyyaZvtRCuh3yX5FV7odSIBl5NxrqSDzVSde6FOH9rcT
2021-09-28T20:02:48.265542063Z 31 ET9WJ2TGQaxlBbUkvszGJYvjA7dFefjgl03AjiNqmHsSJC3hJoKhxx2MmZwMl
2021-09-28T20:02:48.267219927Z 32 sQ2hHlG2pVacvCM37WjVGwEbyaJsPyP34vs4eBLDepZiOVzrmf8LNYSGzVExT
2021-09-28T20:02:48.269940815Z 33 MLZzmmd92hba6JqlTNiSDGE1F4Hxxfd9rbpgoy3xXciQnrr1650fR9pteUtAP
2021-09-28T20:02:48.272764010Z 34 TBWrLK8GYFLcH9OZANRChqneCQz0T7NJJiy6yO0OoAyyy9qyZfCJzh3qbvbhM
2021-09-28T20:02:48.274568306Z 35 FiAJqrEkJQ038Vf9WVdtOCNdZA4KRglNMp7rVxbcxeBu9eCt4JhlBZts9VZGG
2021-09-28T20:02:48.276096029Z 36 yIdFFPKz8vb7x3ppzCacc0uLMvzlwaweYSf6he4EywwL0DtKukCwEVwzaakcB
2021-09-28T20:02:48.279083036Z 37 JhESCf9rqiLrRPxUQNjqESoUtbwdKrZ2gcJrS5NRSkqDtlMbksQhS861iJfaW
2021-09-28T20:02:48.281811254Z 38 4qfMrk2NMUBpPRykOpR54r9zBJZfN6AXHNhiRjDOsbW97WzZ2MzfwsAySbn5P
2021-09-28T20:02:48.284408692Z 39 cLSxj2QQultEWzv3Ef7Kk3LA9G1TqYErRRCzaov8u6M0BitPGT3fNjkVkUb8n
2021-09-28T20:02:48.286246137Z 40 YK44paCuRBK3hjNgLKptwvb7fX4QShJ5xhjBPvpN8jpTQ9emwDlVM6XvFLb71
2021-09-28T20:02:48.288057834Z 41 4HIqLMVONCDvh7PtW6Q0lnZCp2MZsMQAJyB0eBlsMJUAP1jdp4cGyoL2TE4Gl
2021-09-28T20:02:48.290814568Z 42 klITXvSJRyFeCAoHH8aq8Jo0maGDkk0NT2vYjBwQXTqF8cKOJHzFzL1Y9JRld
2021-09-28T20:02:48.294268606Z 43 BwEM3SohnsidAhvORYeaPWqKTAzjQpPbuPEYnc7eMzc6ztddtElhaDLsrGyfj
2021-09-28T20:02:48.297512915Z 44 tCyGPmpdvQO2CkQsQZk0Gy8s7JzHAX20sc3zTBG9KFABn6O6tOb4B3YYsmtPi
2021-09-28T20:02:48.299236101Z 45 DR3npTNj14zsgGQxs56GnvuyDkjNEtKjxd4a7Rirza4aVHcqGa151mGauXuhx
2021-09-28T20:02:48.302126870Z 46 pEg9Yq65TFIPWDp5FpWftjruFWw0bS8gox086HmJ3nR1q2oPA51WgCZpWgsYm
2021-09-28T20:02:48.304909321Z 47 GnfvCqNU1HWmLfXaHrmVlIqOtTWIq1csCUkn0Uhu5g2eDbvhjO79L3143bG96
2021-09-28T20:02:48.307179476Z 48 J9UHUYCRtnyw0qkCvVKT4Bzl7YDo2QCmFgtz9ANxqAxUF1ikVVXSaMGr8gmHI
2021-09-28T20:02:48.309791460Z 49 0REcSpCz2gorMEPrr1VjOFUO4ngJI8Zv2qbPsL5L9nie5gAzL6JOj5vZxIweK
2021-09-28T20:02:48.311643873Z 50 RoGd6UOFevXvpdEAYlAJfMvrQN8UcwIWmvmVNOAOGl9PkSCdFBj8b4xlYJiJE
2021-09-28T20:02:48.313815553Z 51 I0wYDcstrMjQ2Jp7IofB4IuPvggxOdFdb8d8i2tjsFGqbXknVXVgRteFxqCHO
2021-09-28T20:02:48.316836574Z 52 vhQL7LNFHtTS5uX7d1lzO98oOqoJ0pQ3lh1p5rUimPA3Zgz52hh9wRWs1P35R
2021-09-28T20:02:48.319601157Z 53 EmBey0YLE0nqaDlHuniurLVVa4Tm7AHYmPF0eh9i2ezd1kM33pMZGoj4VcHO5
2021-09-28T20:02:48.321199670Z 54 XP8hKYQt3IVypaTH0u9fZm3U7eMYqv1EZrr5Rjin4dxG4TDjrfYmr3xrWfBW3
2021-09-28T20:02:48.324779061Z 55 JP2PTgseOpA6H8u9ZuucZBwudw31fQaJT61FN6baQVdIJ39q3D2NHmNjhZYwT
2021-09-28T20:02:48.326673308Z 56 olSn82pyjYuYQKi4NLsc6BQ0exgXKACP1fOISX6BjjasALI1ksuVUhCDdQ0l5
2021-09-28T20:02:48.328253550Z 57 ajmEFqyd5FBMpyHseewmB22LxLNiba7WoHVvpw7BYQmodnZp8s9ZrCqvbJovu
2021-09-28T20:02:48.330802111Z 58 4ibtxRI6MpUJrugxaFAlPZuUmYtAmdSq5qGBQSKjACxqc7GRn2tn8RPdmlKlp
2021-09-28T20:02:48.333864595Z 59 YG13yM3txdD1fE1MzrG9sGiUhrVltlDrPZ7lueGBFSUv8wDq6wUsTgRFl0u47
2021-09-28T20:02:48.336689986Z 60 aRn2PhUgsP6JKcHzIlvZG12fcO6c5LricrFxcIO3yu7fCmlPDys8wYVuWd1j4
2021-09-28T20:02:48.338406639Z 61 uHAxE7FfRLbpCwuB7Re1KLH7yuuIkBbTTGHtEJXCy8UqKr9aG85vfK0xfSuy8
2021-09-28T20:02:48.340277785Z 62 LIi9w2LAPiWVpbe23iVvjpGTiTixS3ExhDTqDq28Uj1Q2gYuDbCImtGGgK39P
2021-09-28T20:02:48.342955622Z 63 hg9T67aHfLhBKZVD7qv9PVbuDScKWuBxgbdjHrnmf09MlDPtvdcGzbdWo7xII
2021-09-28T20:02:48.345742471Z 64 iv1HqxUOTsholEl1csLVwDeh4LnLhDDudVkSvlGoy62l0PjKivlvHDcEo9mm7
2021-09-28T20:02:48.348050490Z 65 d0WD31BISBae5t7Cb7LadrIlMCl8eLWMS9c387i2aKcPLXWqAv9MaEhzLpvUF
2021-09-28T20:02:48.350656500Z 66 DDlDJoeHIFJ9LcLZMLB3uWwuPGtBKt1pNXT2wqqzdJkc9FxaK9n8uzvF4LZDQ
2021-09-28T20:02:48.352234365Z 67 U9ZUaiuBr2IRxTnehmmDV3cwSE5qSo2JQhA02Wk6dLt0Z7jV1YCtKHZQ2Kl0v
2021-09-28T20:02:48.355027435Z 68 trZCIp2eyQ1MzxmoHmXXKK1YOPsvvqVAPTmI2gWLBgsjN22BEyMFeRw6ygsS5
2021-09-28T20:02:48.357762029Z 69 xp8e9tC6RWI3rooW714TrKyRD9CCSycsReP7iJTPJBum1zbNUJf8j4qcwpsHk
2021-09-28T20:02:48.359617401Z 70 xngNeZrr4ih640q7PgeqxOqRDVX5qqMbXosjgoNygxyOkLTs7cBPSa6qZ3DRJ
2021-09-28T20:02:48.361246710Z 71 j734S7IBRu2EfqVzdhiUJYVDSCvipurOtd8uzAzvMT7lYLvmej0DLpJu6iHpj
2021-09-28T20:02:48.364081109Z 72 8zEpEyBJiYCTDQBYfri2Xu8bbjXgZj78ZN6v6GceSHZN9TWKTXxhaUJrkZBau
2021-09-28T20:02:48.366133329Z 73 rzkvBB9cXlnz2BKJWsiUhBVPB06wLB5D6RT9MFPqu05M39J749caa1ypb4PKr
2021-09-28T20:02:48.369107436Z 74 1OzgJYC4L7bhxj6Un1X4B0U5Aq15GZ9WYEfgB0p1e7CzpLoSeR4Oinufx9YIb
2021-09-28T20:02:48.372108578Z 75 iF5uSHvc5B2V0NPidIt2Eb0t3133E9yMufuh5tWdxucHk56p5VktYESPRP3OB
2021-09-28T20:02:48.374898560Z 76 6kHl5B11GCYCfwIeZQ1RkmT4HlgSywhK2Pb6vEI8n8DHdiJxunutGtXpNEBUp
2021-09-28T20:02:48.377100838Z 77 27UD4upxPsAXSmtMUs0nwB7uqzTrjNAce2LTgcNsoOz6Maeps1OojwVHxFwZ7
2021-09-28T20:02:48.379518052Z 78 3H1mvvnMtNN3K6CocZvHzdDInzCHYjwmdGuVo7cBHU6zRNKziuokaNWOHYu0Z
2021-09-28T20:02:48.381092215Z 79 jQJx9nRak23h3n6LwCKByWkpsWOqTgF0wZ6twlHu6oppHN80knvJVXjnp3g47
2021-09-28T20:02:48.383187637Z 80 G4MoSaedfAH9kPiaUGYhMRyQFaglEH50RZziF7oDovkDNQS0BX1Fg4Dri5FWX
2021-09-28T20:02:48.385854492Z 81 JF9GLTx8BjCcBkyXNCJDTU8oCby0GgvdyXtz5APvJIS2JqjpkCzIM9752IARs
2021-09-28T20:02:48.389089939Z 82 523fn4BHhfEtI5QBVukPcOp9DbReymaj9eT0JNyBr4tOsYLSp4wRydj7PC4p6
2021-09-28T20:02:48.391870483Z 83 cdVV4oe5PAwlmq4AOJQnzGTJcEAWAbwHxPQGgXDM4VSzhSU7tNEDfLr6h8xM5
2021-09-28T20:02:48.394586324Z 84 hL2q1rke9oWalyTJNAhJGzf3hTE2FTEjElNV9Tzy3COCalhd5qLKqrQhd5lEX
2021-09-28T20:02:48.397233989Z 85 Zg3wrfe0gKZzT46YbbnPQJtTSIEEktza9qD5FL1oG1yV2va93d527scTENBj9
2021-09-28T20:02:48.399669674Z 86 5LsiNt7iN5CKs69RMycal7KINLILyGSRfCBk1woqidctHKrI75fJzwDmqgpAT
2021-09-28T20:02:48.402121907Z 87 yFdU6z0hNTceG5HLYwTqyweN9YV35eDHRYeFBiQKgBE6xNOuobIJTTyhuJh4t
2021-09-28T20:02:48.404664172Z 88 vrcKXkQC1dPjwk8c8r9bNPSGjfW6IbBM8SyhBsVWGIBMWKgUpQLRMYlb2qZb5
2021-09-28T20:02:48.406096335Z 89 1JneXx6QY6E0O5kMY3So9VkWwb5LzIkLNIu2eNoyJXuNBvyp267FF6CZEM6JF
2021-09-28T20:02:48.408818311Z 90 cxUXAp1P99W4mWEH1WZwk79UTsZDsmOo2S2Z0h8KU6WLmR4VKw5cXOVVSnC8I
2021-09-28T20:02:48.411104110Z 91 1Dsz2QeCLCpba0BnMPnajFcGtwY1BQMkjmTp6SWzW2Wf9O6Tah3SlhoGWWerP
2021-09-28T20:02:48.413531498Z 92 ku0LqZtZTNKpKPFc8nGT5j5wLi7TYDI2y965UH3IgJdk7jgj2NFMU5NgR2V58
2021-09-28T20:02:48.416119937Z 93 06tj8K4E7eIyJTKGAIbXlTYybtjS2uvBnTNK3N7doQFbih1LZhgRMq1P1OxOT
2021-09-28T20:02:48.418837382Z 94 c9kff8TpecJDW7C201isWUBxcyhwp7HAxIPPqKtsnqXC6kZYTEhxKbXu0zO8l
2021-09-28T20:02:48.421419826Z 95 ZtBIwTNGIRARAzl662ktakdxn5qFypSeYlnJ570SrFVsktHdYTPbqqCZ5AfEV
2021-09-28T20:02:48.424151254Z 96 5FGcxELpixCFRsd4Ytfe3Kpt9IS3bMuaERY80ALkw2wCKD1EFKKvg1guPM1L9
2021-09-28T20:02:48.426993923Z 97 AFakzh1DGPck5zaIfmVAQHJUkvEteNC9nW5fegP2QqXp4WqgWzRRgdPe7lvJD
2021-09-28T20:02:48.429953575Z 98 1QIr0gI18BY0mOXj0CASkcEMN2rCeLuM60VU2JXwvGeFq3w9UY9T5WUFc7LUm
2021-09-28T20:02:48.431280324Z 99 32ePn6YIhQgmEZf98SmzYCQVUOCmCmR9M862xnr4I5VqcK71MQN9uuP4yiWal
2021-09-28T20:02:48.434122527Z 100 aXwfNRphitmgQK7ysqmu9JXneJqhEXsZhIPYd4IvabGPHYmTRlwyzJBx6Ef7
2021-09-28T20:02:48.437105323Z 101 i9PZNUXQplMkpbRJPZ6oYAln1TAzbBDsGv6NzAoAr6EYiZSZ2Dka90gYRZdy
2021-09-28T20:02:48.440066734Z 102 1qpBVaMqPzeSldADttZV5YEjTO672ZTErQmOBZFbeL5iYu0l1QtDVOHihDWV
2021-09-28T20:02:48.443535325Z 103 qNQJdx2jzHQaBifFbxQvTemGxi6yY9zL89HyTUAjDNSzZwHFvCDmCjitz1lP
2021-09-28T20:02:48.445020100Z 104 OWVYHFjptN7Mcio2kBOG2dluta1Fo5BTZvH3Uqyhc2NGattY13zBO0LqYtFz
2021-09-28T20:02:48.448188936Z 105 EKRuki0HodOucT3QeMVkjMLpQLNrEKxBhyx7BK1W4wWuY3PBdYMiRCIiepFd
2021-09-28T20:02:48.450046068Z 106 iP7lIxWt2cXlUeDaftnX1d9IP86eYkzu098DjG8FHXh3CtJ1iub77TsajbsB
2021-09-28T20:02:48.452930385Z 107 jS0EP86n4IIq5kiOFK5YpHYAE0agw6V3WDz63sFccLOZ8WxFlGhhIwt0GaFJ
2021-09-28T20:02:48.455213848Z 108 CS9NpbRhanlUsW10GHYClPO05bZW5e0aOGElgaCFVbVrkPhiy9Jr8MHWo6fb
2021-09-28T20:02:48.458000842Z 109 oiJaBQaD440sQA1fbFyGDgcqleiMuoOZB937EmVPWu4BKwH6HlifgmUERc2O
2021-09-28T20:02:48.459189472Z 110 WOjRs8uWrhuWDVYS0C2Xe4sZfSUasXaprlvZxnS3Vldij0WNRXIp5dG9PUAX
2021-09-28T20:02:48.461052274Z 111 NShFMYoJX3G9TuNVWeg2DgDG5F3x21rWAwMXwjomTlUc4FYN04IeWRxlxNQP
2021-09-28T20:02:48.463776821Z 112 BPkpLSoxAJCwtCAajYJqZpV1yausXm2le34CVhg8DJZmlGgGG014qMwHE6xb
2021-09-28T20:02:48.465967977Z 113 IV4Z6rKnSHebE3g1H12m1A4eeTbvSm7jOvM41CJhQXofbBmW2bR4uX1RmnY4
2021-09-28T20:02:48.468066436Z 114 NohwYbvMVuHJ5wuSOoIN5scMGu3tQcsrhfezsStRGRcBdHe0PzPTlkL2FK7I
2021-09-28T20:02:48.470748085Z 115 GCzqT60K5S2wJeaQIqTBjazrE9QceO7EYgjVWXiaVdA5fgAJl0JoKxG1Aj5y
2021-09-28T20:02:48.472512606Z 116 y3OuRaaicsR6ZyjcE8XjpTYLlYJWnMg5zeufzC7BN2YUxBGMdLy8m9SOibIe
2021-09-28T20:02:48.474523486Z 117 mTAJjiK8aItZQi0PeevGZNjqgoej2KzNDpjCchI22tYOu9XtFA5yS9lmIbAv
2021-09-28T20:02:48.476239662Z 118 7nCfqwf8NyRth8uo0VVfSj7F0uNw7jYN65FZfR0KKg2xBMLWw2T5jIh2yqVJ
2021-09-28T20:02:48.479392358Z 119 SSdyXG3mP3ACBFq7nL0TivscrKU9AU8AW72FaxHDspM4VM1Dy1QvdB3b9uM2
2021-09-28T20:02:48.481186957Z 120 uxzctpzuPYetjCFmBoO0msjkNeCvwAEIrCj5gcnK79YcpMiKk1qUxXgkQ0wO
2021-09-28T20:02:48.483082307Z 121 K2CyxVmQiAPyY1e4DndDZ2EvzIY8rQrwHSpfOACfcxTg2WJEsBoycoAq3vYp
2021-09-28T20:02:48.485518525Z 122 6KHlMMaOJp1rQHJAuxagdbsuKZYhLMw2REuseuy0u6t06eSeiGWyDnrEy1mL
2021-09-28T20:02:48.487093167Z 123 y7PdoKQ9Fe95ZKfAEvTZTxTOVoZYTcBCqQLEVgiWoxqM3NmZTd7zWcWq8oHt
2021-09-28T20:02:48.489113428Z 124 awnd5DCBpHBS7HR9emJowwBv9wIyd3PJ8A0ggf2hPWzTMmVF8bt19xGrjGyy
2021-09-28T20:02:48.491748731Z 125 aqLO9auE4V9W9lqiTBxOuVE2TWRIakn7PveDLtQH91DUZn4DnBV74Lv0HCEi
2021-09-28T20:02:48.493940576Z 126 BcSdquzZQxOcO3bKhieSeL94seQAoamDJi56Z2Sf5jUwAdrxyqorQMbGKP8b
2021-09-28T20:02:48.495152112Z 127 132qYEhAVWpY8p0xDo7q6MDIQI4fHKIB4LS5utTlAAvNRoPRpzw29uwUKRZp
2021-09-28T20:02:48.497809862Z 128 7rjhnAHgUmlyaOIarxHNsHYsVUXdZs7sN6NxnDFNAhRt2RBfSx4cWfeUsbf9
2021-09-28T20:02:48.499062925Z 129 vAil5W05eBYebOGzW2Rzc5rJD11nlWV52bJRZ83cl6BvPHY5wNBQXfRrGtSw
2021-09-28T20:02:48.501748188Z 130 3B2yIMmEanmbHtqSxi2RTZfdysNSzA6gpNul55LNdEgHhZ4ygWxnjE86z0TI
2021-09-28T20:02:48.503112239Z 131 ApuirsPqOt8fFk7OUlwpipdNs3PSGwN8Lc9efIH0nVbyDWJ6U9R41OfjZ2L1
2021-09-28T20:02:48.505713657Z 132 y7cUr77c0ftuljHGCSvvomb6a7TzfIhJ430fHjzLtr8JXr54iIjgJXbyn8FJ
2021-09-28T20:02:48.507112701Z 133 LbBGoQDuxL3IZp3MtYrpbPOEEYu5IaBzMHBC77ojv3rnGVIuvDDwEbv3Ll2H
2021-09-28T20:02:48.509062263Z 134 sE68BhCiwVQov1tjZ3axW1EkMcjHXx4aYWdqlkisi3AYJudJMv4We6oon1wA
2021-09-28T20:02:48.511665341Z 135 u8fFy6iW0JD3GEuROKvmnN1YzdwcAFv4dm3Trd4HpeqQfeZxunFi0j9xx7VE
2021-09-28T20:02:48.513082405Z 136 RwrMb1JrGFu1Y6H9JHzGHjfqAvlqO8HdCaMF6RAaD6lMFG5yPvBASQz9IZsE
2021-09-28T20:02:48.515395834Z 137 dEV8m4NPAwC8Qkwoi0Cs6FoBUAyLe1PbnmW7pNJBnBvOiLWywpvNpq0Xto8P
2021-09-28T20:02:48.517926024Z 138 SweUwFWVZyngb4zPbpbaV1Q5UrWZv1vLxqRCaE3JZ2mQh38OwxWk3TIW9MqJ
2021-09-28T20:02:48.519181568Z 139 9wxfeGwQvotfGDCCbKRipFXIlPsBoZ1GAF3QzPJTED4BJyRyxjTQ5vdC8S8i
2021-09-28T20:02:48.521970061Z 140 7uoVcz0GNNslDdjVYx40tIPhYXmFGng6krqbNf7Jwgrjt6gi8vE3SiexHIzm
2021-09-28T20:02:48.523753955Z 141 X9hzfTU6ut6OcMCrqWaQwIcKIphVqzGtjmWBsstTOzFGRuE5ufL1xEjFwC6j
2021-09-28T20:02:48.525559936Z 142 5036HqiKdGrQf1raEH6EP0pg4BddmcrHGkGZLyIWVSJ7sb3WysfWauqxIZu8
2021-09-28T20:02:48.527218549Z 143 ZD2w4Dn7vQYDRHZNB0wxLJ7WBsfYLRiUpOxTxSbAHLUDwJJWZD8O9HLEiPvy
2021-09-28T20:02:48.530217998Z 144 GISijkaTqhXf9GAhmArUl4yaero5cYJsDDlTEDEGDvv7oxPxBbKMMJNOkd4S
2021-09-28T20:02:48.533094681Z 145 DXa5y05TmKrlYkErprht2BqVSOuIYSRwafUScyKSHF4vBHassKqbkdH6mXyB
2021-09-28T20:02:48.535639772Z 146 oMgRTTfXqJuDG5tI5z0zuLqhpAVLuPxBfTMP1UzGR6Een8ADGUthdBTuAvyd
2021-09-28T20:02:48.538504553Z 147 nd59Vsz971iUH2EvodiGDnzlNfumRHhiwIZnPH4VbMPHO2ZUfMchMseVG7XM
2021-09-28T20:02:48.540966014Z 148 f7sTxKhxeuG8CtZDkD8PbzxLYJ82xDc9vSxvpnrbzF69f6dWjCygM0m1fFYb
2021-09-28T20:02:48.542322895Z 149 JUXH9nZw8LJxerXl72Nq8jfFcLXOlGPet3IQzdWX13nHDbNd0FaZT379tut8
2021-09-28T20:02:48.544912715Z 150 kjF3I75SQbp9LaxTr131zippRhqAZb4dz1DPEM7mabtv9CmP9VN2hIgGP0xu
2021-09-28T20:02:48.546388672Z 151 tDDldsJ1hvPduEXbAQru1DdeeuhSq6lGXf1XrSaEdTQtx6LkJ1Rth2KaThaG
2021-09-28T20:02:48.548987942Z 152 kbBKUGmFEUMXPzfDxTSSEoY57UHLtDZXLv5u3gwEqIaZOuTynuRMsVly7hkH
2021-09-28T20:02:48.550578679Z 153 ErW7oVxHJaGiWPJ64K27KnrOuO6eehzYu5KGcYScL309AkZHHzAlD5Z3Mg3Q
2021-09-28T20:02:48.553010894Z 154 5FdYOydHMBfRr2S4s6LCAxqeosR5zxw7gZbitDE7d0JmezcGQojIOd45sfig
2021-09-28T20:02:48.555863831Z 155 Fy6li8CrdQP7c8tFkXJHYcGSvDRVgaGdGgJYIV0b42szNaNtsPn6fqSrQqQ5
2021-09-28T20:02:48.557363135Z 156 kKzPBTzBFmWwhfc8YeLCBvOral5RXb0Bx6qoqgxOCapP0PYR1vhOcz49lkyb
2021-09-28T20:02:48.559162174Z 157 DeIAW015v9ttcQEnRVO4FrYwnzcnuoysDQpOIaFh0I4eDnlGDVbFrAP2LlUx
2021-09-28T20:02:48.561654912Z 158 gAErewz2pRAm0sPmS0M8fUUR9PVwqeQoGkYnJPHx1FZEFCivxPmK2ZoA47RR
2021-09-28T20:02:48.563093771Z 159 CUAk4Uc9bREsXoeSgGl3XtCbw3caFeQ7ccgbcGWYAeSAOTpod24N48ofuVIY
2021-09-28T20:02:48.565790352Z 160 3g1bnDzJc0kgAa54y1NoRHPBo7qDAmIhl4aizKGdj5qVLAm42Otg8TpEJWDI
2021-09-28T20:02:48.567378131Z 161 k9TEHwtOg8FwHgv2b6Uklmhg8NvyruyOSwJJ73eNt0ysEeYgfbIYI7EVWKmd
2021-09-28T20:02:48.569132096Z 162 aXSyYDdLOQJdFkGEUUdUOdxReEPPsiWVohi5eh5JYtU2h6VOKw3LTDQbTy1r
2021-09-28T20:02:48.572066836Z 163 qV7Sp1HSFI6Rmu3mdXMoaFI2Unz9pNWBcwez8gpbA1ruMWQJ0nc9xhHwuP91
2021-09-28T20:02:48.574921829Z 164 VEwraVshQzcHT7CMsFir6X07KNqWBQPFtQQYuyouKA9rDSOKFn5MyooItnom
2021-09-28T20:02:48.578076248Z 165 oprNc3A4OImvjvxfcBaN6L3sBuHI6xVEjCwYOx2xcuEe2xmH2uJgywc1vlhl
2021-09-28T20:02:48.580095539Z 166 t2kSvWMcIBxTXfUwgncLT6KkNXePar11s5Dmh68z51W3xTwWsZqL2qRDmV5I
2021-09-28T20:02:48.583098189Z 167 2Ia5jk13n6ZQIh2Dorp8dCZR3uPc5OM28BPhAOQlXdjZF9u27OxWCLLEDkrv
2021-09-28T20:02:48.585720348Z 168 NnOjkJevkixtpfJ52HwJiezUuVkUKB4G5SWswcwNQjVWhE76Klb94j8lKesh
2021-09-28T20:02:48.588094393Z 169 JA53d7WRVLhtBSdiR7DSpyVIMplaejkrJJ1QseIt4lH8ELzGid9iL76WdOdl
2021-09-28T20:02:48.590715164Z 170 aC0Do9y7dFfBWIrs4ANoCHfjHlknr9GRzgMVL9BnoW1aQgDbS6oPr0QnzFeW
2021-09-28T20:02:48.593274726Z 171 m8KIyS0KWYhCZrWWS1u810EUO4vkwxl8WKyNnScirzHJdGPTVCZeakkjKryu
2021-09-28T20:02:48.595147862Z 172 8BDZjQTUkXFbReQMprmbUZNmHIMr0LklaKeFptAJmDISrBwJ9boN5eoDahCZ
2021-09-28T20:02:48.597849268Z 173 0nScB3Oe4BziJJvM1Oes4ogPRh4LFWPYpfQnyYaytt9Ln3rEtgKFnx6AolJI
2021-09-28T20:02:48.599089935Z 174 yhpXTepjbgcPxRwkiTHsLJfFkviA49BKzklLV1pPbjfS5Bb9y8bP7qoTuEbk
2021-09-28T20:02:48.601550181Z 175 LOswhMeEGrk2w36mwIZn5vArFSAWGiIi09Rjdkbv69nY0JbewdRc1AOxUM1r
2021-09-28T20:02:48.603497209Z 176 JafrFRUkdsiv6E2RrhkxTrspFkQx6bktUoBjSV0o1DChhv4C9BqF2u7ZuC2w
2021-09-28T20:02:48.606129681Z 177 XWS0hUWmmt3fQ6ZijXUoYjag6QYnCU5XccVaqToTNXplwQPEc313gdSXbyzv
2021-09-28T20:02:48.608229688Z 178 vo7A7RXtV4ZnhTRG8KxteNh8fLwiduk6SNbg4omzdoPv6NR0K6JyrObH2izA
2021-09-28T20:02:48.610885141Z 179 fAy82tvFI4YWuOaoe2UEgr87ae3b5ycbkQSatFe2951hzPX4iVhddyN26ZUp
2021-09-28T20:02:48.612825516Z 180 6gRBQfKSuVpCiIODfQ9Vt6cWFOKg0KsktN1IGUEOatbTzUbSs7tJ73ReTqM6
2021-09-28T20:02:48.615685328Z 181 1NcDXM6GSvIJnQP5SWzmanqHCnsE3lT02qYwIao2IvDpUXijPaYY1qJtcimq
2021-09-28T20:02:48.617280115Z 182 2KWx3Y7LlDLknQDHMntZLQQq66BlLvYsQWImmFlajUeefvlsEFFJSkl82hbm
2021-09-28T20:02:48.620139745Z 183 fPxnVcgP8VFT1J4gl0Hl0hxLyL9ZFNoZi1L2QJJuRnQcN4T7rgtuLANAEjX1
2021-09-28T20:02:48.622442921Z 184 aaY2s17hXEudkF79Pp1LQrRJ54vkjA6Fg9jjzCMPsJmHGm3WIb8wm1NQeXcj
2021-09-28T20:02:48.624171555Z 185 JrJuVTyK1cV6sdgFIfLpFgEWXNaL4k3Pr5QodCE0oSp5SNeXOPjFE3loe9ZA
2021-09-28T20:02:48.626137132Z 186 NAzgwb8z68eBDZMUAbVq6r0TL5GDDmTU2GkxDp6ePNK2SsfwDkSvVifBVsz4
2021-09-28T20:02:48.629048797Z 187 84WjmVMjNK0CyoZu2WUYLWiClG6XAl0OczslDE1BpvfYkBLucFUgvx2t5iTZ
2021-09-28T20:02:48.631754823Z 188 DoVqbcFI8cDLhHjFGD7eEzMeIYpp1aoHNfXvRl29LQlbeeeP3ozAYpsg430P
2021-09-28T20:02:48.633970501Z 189 HJ3gVZaa72mQxNkJBbz8D8RrBR6WkhYJHMPCh1QxRsQPXciJOQ5uykufADdV
2021-09-28T20:02:48.637288017Z 190 z1idUgEBIaXnGhwH9PEE9EVQM5CxiKLD09lSLl0QBS4rpm5VUVLzO5339SsU
2021-09-28T20:02:48.640155609Z 191 btGo3b1EzH336Qd1AZGYFCrYtHKvltXPKCnieQaTSs4yKm0oIYZohiZ5xrBe
2021-09-28T20:02:48.642625568Z 192 baGZYhuNhrRZx5JnZdm1oLIBkD8JyxzHSArBHb8oNlzN280fhld5smHLfPAV
2021-09-28T20:02:48.644047528Z 193 9XYBkZmzA2nRZ9bGEVautCWtJgUbnxvMCbBLABfeEjhD32c9rVVgn9KM9XZL
2021-09-28T20:02:48.646396449Z 194 TmDK0ElRS7SDZrG4pyYHzlJiBbF9Bxbb56nRgchOS3TgBrKthOuYqiBgsqI5
2021-09-28T20:02:48.648175542Z 195 XKCcM0M1BoTXXdT4osmCcmuaK3pyh7JEwzT3k2zzzohlv34iDioULaNrVsn4
2021-09-28T20:02:48.651523658Z 196 xX62T1jx10jsD8TTIudcpFrh3j4tGxLiJdRFUBVHQWEHDvUMA0ylyvWLympt
2021-09-28T20:02:48.657445678Z 197 gYU2X0cT3lyoot4wauOV5fMDNlrdNYLtVK8IvmfY7e4cD6yWZVtC63MW2Hvi
2021-09-28T20:02:48.659325717Z 198 iga9XR60xGTPE7qtqFnCHpX77A9q4PdybK1vt8PEwxnUn9iTKa5bK22P7bHO
2021-09-28T20:02:48.662662832Z 199 1d1rdKVRgU7dvpNnIL3Dd3pEo6vMpv1RXICIYiQq0e8bIDqqFHmHMc9z4IGx
2021-09-28T20:02:48.666382109Z 200 UGUzpAaaoTg9X8QYMAvTWQelYofRfBKBG9ufSHpo6aCarxMy26ZwU3E65IhF
2021-09-28T20:02:48.667069418Z 201 yejQhOjn8BpkcEi3OUsyZKctnFTxFQ5knT4RcquLjRoeRuEM8Ary715YXTAc
2021-09-28T20:02:48.669578826Z 202 tU7xyFFkSYKD5LRkzhSgRTMD36nn5P0prAqSWmpXMrqTe5A7Z6iG3yTZm7mG
2021-09-28T20:02:48.671400002Z 203 JUBDkw8fHxN1wHIb4bopROdQd78Q5tUltindVX3r9lE48NqNufAQ32wJk3K0
2021-09-28T20:02:48.673789438Z 204 ACyQgOmPcJuKsTr0Ermx4NMkKRxotQpTFEgZ3qUSPZpOspIARxSP4imSPhW9
2021-09-28T20:02:48.675934090Z 205 j9lqF82ZGYbr9ReSNtVoe5lAv6ANsiJ33FYHuieN6rQL3DJdw4nfZHDWcosY
2021-09-28T20:02:48.678605816Z 206 gKCT8GaGMDXiU5n3pJfBjHdDJJFoY3soqm86pVlBoJGjE8kQJuD81V9ppydO
2021-09-28T20:02:48.680040235Z 207 tB0oMH2AoHlWEgfPsjOEO1gXmAaoqQhS6zwmrQr9bXgQnbDwrT2fPRxwWyQH
2021-09-28T20:02:48.682735622Z 208 v1AcpZ4vky0GdlNTAsKQ2X8QQo06RMEuc4gpBrgEmw1x3mwYUOujil2UvCNC
2021-09-28T20:02:48.686116788Z 209 r0YnhjIfsdDm91SlAeEydX23Bg8XnhX98EdRjrPUiIh9QnrJ6IWP1ql9TUay
2021-09-28T20:02:48.689000724Z 210 ryyQxUqLnzaHiMrXP85i0jfPB2YmSKFWp5mjZGiB64EUivJCGewDp7pKCIHJ
2021-09-28T20:02:48.691990145Z 211 kT2YDIKvkqUy3okqpBcdF6AIturZOsoSM0PAkhCn3IcHo2DPLADamzA5yn7d
2021-09-28T20:02:48.694910515Z 212 UfA6oU7Gn21OEP5xmTts70DBgxN4dggNfKhUDFURLLBlK3UMDAN9wyNNZ5KY
2021-09-28T20:02:48.696359330Z 213 PhiyQqC5BgUe5H4Gsb44D5Cq7SUQywovbE75DJELYJwSNnrm0dgbCqNVkLB9
2021-09-28T20:02:48.698214012Z 214 WIIZ7PNywPICXLqL0Aiu9SuqxkvwcXjOhTbM1DJ8xt3vXa56Oz7IZ5zblaUI
2021-09-28T20:02:48.700500991Z 215 rPriBj2SxAR2VTIx7eZ6RMfjf64yKNOapvp0RIFasL76MYnW6btDNCXjQWQx
2021-09-28T20:02:48.702159905Z 216 J8isxE2bdnr6OiKYW0AsQLq9z8XuyDlAynTU8xHWQNa2JBnzLnCNJrlKZ7Vp
2021-09-28T20:02:48.704098649Z 217 ZzilRkUdUjmw52udPQTaTwoB0xEgpcZczfQ37dPUTcYKgPrnYMRMPOVBRW2A
2021-09-28T20:02:48.706977396Z 218 ISJHnYeSbYRhSTC2vesdYA9bLrf4Zu2sEjZzemMJPDrZydPKAUF5t6WbkTjY
2021-09-28T20:02:48.709875691Z 219 7hf1zt40ee5CiyKFMMNIzf3JKzUrnX12GoukYHy7UhaU1jrWoNTvXjFMV8Y2
2021-09-28T20:02:48.712073922Z 220 uODxHO3ZwzV8trrG5qTUNfbzhrIGJ7PIS7T0ymX0RO8WwbIF0Ws4037Ewx49
2021-09-28T20:02:48.714941469Z 221 7CdHnSNdj8SJgz1tj9HLjW1yPpbrcBIFseBlK5R3KEyUmMHcIiLRfy2z1lfw
2021-09-28T20:02:48.718061106Z 222 vUSnjXSwnrznpCRRGzmheHggn5q6KYD44mHFKFD9OIJDhdPuGsIEiJYhkdmC
2021-09-28T20:02:48.720957550Z 223 rmcT1Ci34a1LIh5GBu147PBnDEDsNwqBmcyrLEgWyN7LG7r9lpBQUeYilMcD
2021-09-28T20:02:48.723796964Z 224 ysoUKyHlIL0CdIhU40O2cu8rGMZfGPhsAoxPLw41ifSHNw8vX89UMxUnENqW
2021-09-28T20:02:48.725119748Z 225 OUDJLgsEdmsg78VYwyeMXRvKZZMwfJu3dEL6AG3VuozPAUjf8KlSTEZNehni
2021-09-28T20:02:48.728066189Z 226 XMv6VXF3OVLPvspWTQin304odLNEw8hJl7K3lcIElF7Nm9THJtvmPQ93gIIa
2021-09-28T20:02:48.730940501Z 227 F8KqPmDoCLfCGEHfp6BOmsdg586zK1BTxoqIXlll23zuId3uUhvEHqDwzmTc
2021-09-28T20:02:48.733479880Z 228 PDqhrpqI7ZDP6xcFxEFAUBTTfgRm9M8t5YTHebR0vlN77DUTiZS4chE8JWFj
2021-09-28T20:02:48.735325304Z 229 rzfqZUNuxMOWtJWi0ZiLhJ5HJal2MjtKtGO90RH06srETxB6eMHe01oeDoY6
2021-09-28T20:02:48.737110123Z 230 2i072UrtCmALwR7UApRid8vbiiIsp8fJyNE4I7Q9c8BI2iOwaM1g4CrW0rU6
2021-09-28T20:02:48.740104518Z 231 3RnHlPm8m9fQ7HcFL4BtR7JkdQu73TaVuNwRBAvN0AcrlL2HSd6iWejJtTfS
2021-09-28T20:02:48.742937956Z 232 lDTTAPGBCG7x4Kb6le2oLYV9wuSYEzfy5WjHsOFqsHdcMhrHcukIiIiXdP7X
2021-09-28T20:02:48.745840376Z 233 GNCNaM7Y1vkIWYgro9kUg1QSlhc7v4J1UEOrgJ5lJX37JnKRrSj7wolczOG5
2021-09-28T20:02:48.748867224Z 234 CfwEHSWUaxRNzFbbfBK4uHjgPxyk4gcsHWRmDc3pnRL1nAmeZlIzSFXjJrTn
2021-09-28T20:02:48.751774019Z 235 ObmLXmEM3K7fK9McCechIi1tDLNUEULuxFZbTek271sXw2MpTYyeB2atthgl
2021-09-28T20:02:48.753126984Z 236 RIPgXJBfpJbw43b2NR5TPeA8MMIDeZj5NhQM5Hh7ZSmUIlJQ9LPeA5I0PlpB
2021-09-28T20:02:48.756071479Z 237 JSwiDvIkFwZborbDtRjBP0rMWjGgwldoB7ngASyZxJ0EXhfTpvVzOGNEF3L3
2021-09-28T20:02:48.758442233Z 238 OHT2aTO77WC2h4myh27FjKcbT7Yi3QkWmdxx5d9VPXVYUAF1UoZzItCvjpgD
2021-09-28T20:02:48.760205505Z 239 X67sh0TvgzzCHfyJuPKgn9aUrfYmJ1GDv5M6ZjkTNHtLEZpAxUJscPJRqCRN
2021-09-28T20:02:48.763080318Z 240 p2GxSVSeJdkH7w8h6Y8donnUxUDIB1zO1aGlvqAAVqNRF9OeuzJ968Q5dEeP
2021-09-28T20:02:48.765934623Z 241 2IvPIReC5fDrC1LisvGZ5koKETyfoQgxi0zEd69mxFG5dMuLSV9xHwUwuNwf
2021-09-28T20:02:48.768804448Z 242 qLMz1KiAXzIsDZ4Y1KWG9Xx6ZZCMA1S0zuC5OZ0rGtcHwPlM7ThWM0c5cbVQ
2021-09-28T20:02:48.771070630Z 243 wth5IYjUa7Ew31fnsVFvrt5UFwgkEToC7O7H9sG02dLx7tEMWnm6JhRcIJpZ
2021-09-28T20:02:48.773814149Z 244 m4E3305ghLBZNkg0z6awidZYXxiF4GhAARdE0Bx909HOtO4QGItqAs5zxMGL
2021-09-28T20:02:48.775092161Z 245 U4pHv5Bhrts3sAp2HtyP5OREMvWjpLoVAOhNUsPvPmY0HgxD3jHIAac0PP4m
2021-09-28T20:02:48.777844404Z 246 5oaT7gGuPtYd3x588ZVey6iGx1ok1AlOJFF5QUaW5LsvkiT1a9Hc4c3LZczT
2021-09-28T20:02:48.779902563Z 247 ICk9NwP2s49BcKWvws3mZrr1oazz3t5gsWejQs3qE3OucRXMuANfrWonNcE7
2021-09-28T20:02:48.782635604Z 248 Ar8WVYFnLvB6ZOrZdAqTCA8y9JAbfcgwMMQJQXqxB7pQZSyoYIEFjiTj46Qb
2021-09-28T20:02:48.784964872Z 249 GotXHOfLCsGVbiVeFzS3ZGH8wRvDhj7Y6pyttJXiYlA1S6Sy3OiI1B2maJnd
2021-09-28T20:02:48.787776605Z 250 awts9uFgrRHSqLO65VYQaJpUQM2vsJkgGtxFyX8qAnuLOkRcwoE8IaNO1MKy
2021-09-28T20:02:48.790080517Z 251 LeU8H38AatDfeNnXd4sneeZP9c1BF4cDOPMsCvT0YlEaszQVOvyZpbDKVPJT
2021-09-28T20:02:48.792963349Z 252 aPxC4uHvX8kNbPcRJdwLnZK0RzuxJiGtPEEdDQNdykTLd2Y5OFqhT9GKol3s
2021-09-28T20:02:48.795758148Z 253 CA85oMg647ivjd2ANcp2xG0jqXSauI2h0N0wIq9IQoohiGGnKlnfiRZ24fGT
2021-09-28T20:02:48.798081235Z 254 DNKHBFT8EFLTSlvbJPj4dzshYebn59k6EYV9Bh05T8bkcJ7TbQkNOHh0KuZS
2021-09-28T20:02:48.800846756Z 255 NQVhBuhKHtKWidemEH5smxOJQ4HLVq7r4TskK5IbXz4a2Y8LxV5aCOVi0na7
2021-09-28T20:02:48.802185553Z 256 tMzZ3n41DFoGJBGDRQL1cJBQZRdra9Qh343t01Tx4cL9q39Uilq9hk3TcPzT
2021-09-28T20:02:48.805067727Z 257 oFc1ujqWYmzhKIlTs5GYyczUOoLhL4LyKzZsE9oS4oBdKbI8jGESK9CDdzpY
2021-09-28T20:02:48.807937241Z 258 Zlz52mEYp3kLRacWQGh2ULA1ux6gxSmkyteD402Ueati8lzScMupekVvcIny
2021-09-28T20:02:48.810652444Z 259 eXctr5ie0xLQBUlS9iBm7VmO1NqGaly4VyokJIa2Te8tFDDly6KKrv88W9rQ
2021-09-28T20:02:48.813070242Z 260 dMdy5N2qdHI7tTBlBRkktLZk8rcJVpdCHAWGL9Tl6bSlxxmAUB4bcSTiQu5b
2021-09-28T20:02:48.815826365Z 261 tXeAo4B0qzM41aclcMdtXU5XjmxCmAuEQcU8h3iPhL8M7n4q1WnUFkPIjWvn
2021-09-28T20:02:48.818027803Z 262 woMlOSZo3dlOXtGPT6GIpPzcs0cWiYZilmz4Ywg5XrZobJlIiGqGTBwxVtVC
2021-09-28T20:02:48.821094384Z 263 dWUok3RX7wNXpKbztqdNjpNtzi4u6SX8MG8PPe3c2hHq7NXBmN3LmAM6ej0S
2021-09-28T20:02:48.824014853Z 264 KWdlAbGLTeYvrSLJrOpSs3GUvp9DCTWX80kNHeR3e1d23SmZEpy7jK7LX2ql
2021-09-28T20:02:48.826939333Z 265 8TWY25mPLMwjbbN9FVLHj7mQirFyD995Zz9bdrA3XJ6CjMpiyJiNEcnpN0pN
2021-09-28T20:02:48.829965344Z 266 pyCZpfiyC4QPyVIRc3FcVIUNxiwLIahZn4rR8m8LDDk2fixRfOxEGGrAXC6K
2021-09-28T20:02:48.832924715Z 267 RDCzKQxqPR2cyYCl2QB0wJj9BGdwvYV4bFa1LEXCuuRT7NglcMIaqcbbIZQz
2021-09-28T20:02:48.835814717Z 268 jSgyBJ44Dn83U9Jl7hzA4Kknzh5Fujpvc6EF4Ym9wCoWKqK8AyDYPfatDQKK
2021-09-28T20:02:48.837112403Z 269 39VK4AHxaGzh1KzA4UyRd5nC7Ti4bQONYQsmx9bxANjuzplz3XTtKT3qQnMm
2021-09-28T20:02:48.839932547Z 270 WupfGNtNfLLOKK62GwCdcW8zoeZcnU2CUJGtuylSXtqVnoPLMGUi6sOpofIX
2021-09-28T20:02:48.842593011Z 271 2K5TPdXDc2QwJr10BLMgE7I03hq7rVdUCh7GWsxRHmGisDRvokaNoByQzc31
2021-09-28T20:02:48.844984350Z 272 17ZKaZXsDxsVV40xbWuz2PpT24QYyo2utUq9RKYdeuAGMXI7SEqI1WvgRrA2
2021-09-28T20:02:48.847756215Z 273 Fv3vj0kjd2N7a0wyZB8FhP6MAIlsmYsNDVEHw02rC5jWREOqFC9QZ246afRW
2021-09-28T20:02:48.849083741Z 274 RmzY7iaLcnLLzOsI790Xs1gNmYlsSSgk56HhdlUemUQKOvp79UgOrt7ihBPR
2021-09-28T20:02:48.852058463Z 275 yV6iQd50yYU3pKwIUV9MSZutQUTp1OUnQ6AegXb9dDRmtEYtH8URpteEm2N7
2021-09-28T20:02:48.854868267Z 276 R2FLcAqFiSyEqcUHe6QQwtSybdKJyK3TxXSBcDNbMynMrWHLQkXbEQCAmwpn
2021-09-28T20:02:48.857744777Z 277 Om6WGaQEeIC0aRZPN0JiAkNRp4rz0XwVfmqMqD2xC5Pb53BLgRPdJDbCoiFY
2021-09-28T20:02:48.859948107Z 278 PeQnFIpmKAWILT5AHKcTaTHHgMQ7RPvYDtzbwu5y1ASJrYkzIAcXlLbv2i9E
2021-09-28T20:02:48.862664224Z 279 p7aj4fKT0sIaHiEMATUBKusR89qyH1Bw2u7NbdmaRWUIguuz2VQ9d6IPOW69
2021-09-28T20:02:48.864931973Z 280 sJ8NqIPqrDutf2maeVtDsR2mhobYTNfThfF4UimODKpEfMDcjQyzZ43zwdeE
2021-09-28T20:02:48.867816774Z 281 bLuAI2NjtNJGVgCusxkjdejix7vXsAjhJMDeI8oCF3yJEZ972ZeE17l8fBud
2021-09-28T20:02:48.870095521Z 282 77JJntjGedPsnU3SNUWN8WMLHyOlB4DXJ9n6XzYZO2MzagU6ZbDyUPNsyTmZ
2021-09-28T20:02:48.872972205Z 283 2COuw8YXtboZv02FqvZM9RAttwTPtumBqWOUywL20tAYe6fOU11fjppVvBp7
2021-09-28T20:02:48.875870625Z 284 yw3YAyhMUw1VmofwbYkKP36lAktB1kpyMdXTqVyYJQBVKe89ZGG8JhWkB8EB
2021-09-28T20:02:48.878677202Z 285 qPh0O0pYqheBz6Xgbnt37rY9OLUgFz4CQHYJW9SbVA22fjpwN5B2wfl0Sso3
2021-09-28T20:02:48.880983274Z 286 A3xJJRWKFVtkbjrDBOxSfIulbnjGsvvH6d64ShyStVwhhhPX6NG8ZCytTheQ
2021-09-28T20:02:48.883766423Z 287 gZZGqWmwy3ZNRC0JuaXzHoZhXwffQ7NzsvIfF6DkU2b5zMSA0fkrRqwMZpTO
2021-09-28T20:02:48.886050355Z 288 KZwUlglQzmp78ZdEarVUnBzxJT6UhB13zT1n77SVLOmL1tcr728MhSSTulXU
2021-09-28T20:02:48.888741763Z 289 q5hNXZiZchaYoRrUKukabl6OgDpTaL7aYP5zPgQygs3Egi1qOWo5L6oXjbX5
2021-09-28T20:02:48.891137408Z 290 L6bXz5ySMvIYMbXeKEyP8buBfiIhAk8ApvE824Vs7T4vBBZ5wbxX5t4Td4QU
2021-09-28T20:02:48.894071782Z 291 N9ZgLKGULAQJ3d34a54N66yVDBJjLUgNScK54GUaQMyZe3Nj5eLUevKyoGi2
2021-09-28T20:02:48.896975980Z 292 vJROSOfptM63DLoW28tcij0vRWzrkxgfqvMMY6rljIu8ASPRukiFkm8bISnW
2021-09-28T20:02:48.899875825Z 293 dgeoXvyu5zauR0s3H9YK3MkXSwfNN2EUFKJMWbGOobOZ11vL9B5DxvqtoNiF
2021-09-28T20:02:48.902786611Z 294 z2ocqSq6uurlDpRbGA7P46A4yaJyNAfM90dyvwA9i9ZMBwrmhrEYHuHS9oqy
2021-09-28T20:02:48.905069592Z 295 KTd3Rsll5mslsjv5ie23wRv79G7Alpqg7YwexRyC28NqphZlEKeAsCwp0FhK
2021-09-28T20:02:48.907204067Z 296 z6nOw3W4Q9RxnJABbqqO0YPLTyMvwIDldvE0Z2TlGQVh9Fh2XzbHgVbEFPIh
2021-09-28T20:02:48.910023241Z 297 yjJQFfbksVlIdVc9ZkfjuH06R2DOcaCWp9YSAdNqIhTRzkTCNv0QTHIVkv79
2021-09-28T20:02:48.912792755Z 298 dTIPLjREYCs5m37arBU9nZtapdxv4WAd5Y61wgt1nVKRsKQunHlTDZAYcJQf
2021-09-28T20:02:48.914099734Z 299 4Dy8bYB1HkOSxHHvTEPXt9rKsJCc6q28GzDLyObVFIbQM8r899fB6Pklh5ZH
2021-09-28T20:02:48.916955987Z 300 cdGbVodOxIfJMfkraZUU3xglk6u628smsFxwXf1Udn1Bmt0CYktbyjN2WMbt
2021-09-28T20:02:48.918105770Z 301 wvOyzOioKGrRpz9IApfk1EYrcaOdEO7jvyKTDaEHXAPA501qNTVYWTvcHuKN
2021-09-28T20:02:48.920907852Z 302 KBwBe7vvfbMKKhVFlayrNEMBEZTLDExVQ5ZErkd83Ext4AWLJfW4sKi6vTyI
2021-09-28T20:02:48.923813399Z 303 hJ3DtYZhkFehabZys2INaEixVWbBxPzz8YjMY5gH5GSkw2ZzEKnPJxkDn76F
2021-09-28T20:02:48.925184267Z 304 FX9Z9FvP9VDKolYzt1ePiPh3ybF8W4mWwEqKVTsWRQDy53Hj3jN9MTuYOY01
2021-09-28T20:02:48.928065038Z 305 0YUaoPrCeQ5A8ivqR6jDjRN87G9staySa3WmTGaMhLXUCeRPZ4uE56kEXLMc
2021-09-28T20:02:48.930988128Z 306 S8efrsNftQXIAl3YhTQ2TQJYMJUp9I4HcJsh3CtWBCipCthFwCcgLzynWimW
2021-09-28T20:02:48.933823439Z 307 ZxMS5Kjmw24D2hhqNM8UIA4fQLHEmQrODsyKpy6p5GSY7r2q55UsyL2ex3qr
2021-09-28T20:02:48.936131787Z 308 CXFp9UOTlGVQVqgrQTTsBL172UsCgUBYAk7CusNMSfXDEorFbiL2MbZUJKoI
2021-09-28T20:02:48.939154378Z 309 PrurfGK8LWKNJaJVzJKBNu48e0CA20IEm1OI1adhHT8JSh2Ec7DENFEwra8l
2021-09-28T20:02:48.941988907Z 310 7QGqg5m1zEcHXCMe06kb1FyRpXSq31UqrZw8ysAhwpppJbx3paZY6r3FMCIt
2021-09-28T20:02:48.944702048Z 311 3NFSTnTQw3CVXYxL7RDzA0Q4y0ayIVC7zppfpRSoejgF9NzzQeT9coS2948n
2021-09-28T20:02:48.947017723Z 312 QnxCDrKsC4KcQwWyQNRTcG0hEYA3me2MqGuZRPOb8g5deFbQaiChK1Zc5NCe
2021-09-28T20:02:48.949840797Z 313 8qqBefJzO5cY3TNP4bTXnHKIteUnMYhKGmok1SJSFpunB3E1g65duRz9bXcm
2021-09-28T20:02:48.952024107Z 314 hFOLtFVoKW4DSoIiGHC7Bl3BpK4e1Kr0hyM76pt676fXChENm3wDCL2SoKEm
2021-09-28T20:02:48.954018172Z 315 CA0PzIdnVTLybZUpGCXSOKCzjZ6epGgW70z97kFypfEDL7d72ocFI0hF0E95
2021-09-28T20:02:48.956897522Z 316 OjxN69KtpQq5Qm2JJhz4tNf1iS3prfcLVJMOv60QaSUkQWcPEWtUQCfIuuFI
2021-09-28T20:02:48.959879171Z 317 5FD8M7c0fktLTA6rAl1lFiTSdoS0nErlLdaeS6VmDbeHby42tZGc8yhzV5UY
2021-09-28T20:02:48.962027914Z 318 yLkPsSLhKU9N5zm7ji98j2vNOjf5WBCqus8Pz4KsGww60In37X60CpfRmDf5
2021-09-28T20:02:48.965144939Z 319 R6xD7XI6IlW6Ga6j0qtXeqOkrI1qzdUXmzm3csDFAnod3sbrcAKuP95mPsHM
2021-09-28T20:02:48.968327032Z 320 n7zCE0Zmu4NYQD0OCaQfYmBcFYXh1tJrQ2oWuN8Nj4X93XorMEpiGp6GmLlq
2021-09-28T20:02:48.970102021Z 321 wUjNcOFiKYntt2kkQExsYvJY51TvfBmkEA8joUMpgfFnliVkIOvyrWaXIDei
2021-09-28T20:02:48.973027145Z 322 ZtCRxKfIDZ234EyhYZu28yPdjj5ZjCD90ZKehVn6r0mxMxBA2JqFxxVGdtVd
2021-09-28T20:02:48.975241364Z 323 H224qROX1NWJFCfiuv6IXCcnl4S3qPxO31sjxh5ZxeHVbtXlQ7JkTNR60EuT
2021-09-28T20:02:48.977107390Z 324 OZPaUZgMJZTah85jHwuGjFFH9xwjWvHfX3YYobaV0vidAeE9bXqQOS8FYgSk
2021-09-28T20:02:48.980208099Z 325 y45NOlAOobJ9LIurO0BCTIsY5JmIVUAoEifshyIHsgHFCYgRuusGfLj4AWxk
2021-09-28T20:02:48.982802620Z 326 9vzM6IWNToCwadnFLPCEkVKe4kuGh4uJ8G6rFvdY3Y2yHBJBSZvFyi7xANSI
2021-09-28T20:02:48.985734601Z 327 CS0MZ0zvG29MTlqF5dMK9mNoHqFj6ivYMO0xWHdna8lWE6r15rHDxiZvWfUz
2021-09-28T20:02:48.988134731Z 328 5xR1zuNByms8uPoijH3MOQCbO0v0TG9axMh6pz9xqSIH6mYk74Wot0rcnJTc
2021-09-28T20:02:48.991049406Z 329 vbdzFcIcAct0N5OBSp5EcMEabpYSainj1XLYplVBjDs1mWswIrgp6ZVNo5Nu
2021-09-28T20:02:48.994149990Z 330 e3MmNSogjksQhQo6R6d6UUlafbO4pQ4JHXtSGCL0AHlbTLZP62yUk4hyRj2V
2021-09-28T20:02:48.997051165Z 331 2PfI9s3WU4ybhz1tuWXFP16sJU90azZDS4mzyWnTlBqzpeUYxxFQBc4nVD2K
2021-09-28T20:02:48.999935371Z 332 GWUb7jG7z6mT6VcLzlWa6tcQYDd0TXZ06gwwfSCywMYKL92z8w3SApjM2eEU
2021-09-28T20:02:49.002711743Z 333 BxrYZntQQNJTghi93zSpcSAprc3BIgkaSb5XPLvIIRtly6JQetSydqyEIzeo
2021-09-28T20:02:49.005067129Z 334 Lm2RcHt5ahE6eC4I8OX46Rd0DSrtytW4QdYWbtIDjLiFTjjqSi9nSQTQlpcq
2021-09-28T20:02:49.007843363Z 335 MDERfvvBCimFpHGI26qkNoUfFf5aKX6yklihd0cMqJ512Pdg1FSHK37g21NI
2021-09-28T20:02:49.010121461Z 336 n3mSPEpSDGz3RRFYZ8Aoefvr9lB2bn5QTPwlb9xz2CDwPi6HFCU5lTp8KO5b
2021-09-28T20:02:49.013047330Z 337 AgTP8Yw13Vv1ZJpuuI037K3xMbzin3Il3oX4bJDvXZzRF9GXDQIBswXfsOCp
2021-09-28T20:02:49.016022448Z 338 EblZ28VeMqcvyB9hF4BoS0yglZvYNiuy7ERhs6kC1JESseIwy5A9NehvRSXd
2021-09-28T20:02:49.018842718Z 339 OxbVZrC0xahMb1bmNjVuFM36Pheio4oOHcjVglDDotdQ4NPRl22UW2j0SqIc
2021-09-28T20:02:49.020222843Z 340 EvAVJhbHWayNNP0yRlL9yv0bZMv957wXiLj8WrIFDugPW8kAzI1djXqE0LfW
2021-09-28T20:02:49.023093708Z 341 ioTSpZjx8x0fliPgqSpHJhyU7Frk0VI0PICOGpefiRQwqrqj18OCF2u9rQSK
2021-09-28T20:02:49.026073285Z 342 6m90I42M5rgGyGgJYAo7n8zV9xN6yu8DO4BZvG9x9lHSqx0qoSq1CAcwJQWl
2021-09-28T20:02:49.029022983Z 343 Sc8a8IHEbzD1lQWY5IHwHCDOSQCUv2RhYZ7leu59LrfEazv5My3NPjRl36Ml
2021-09-28T20:02:49.032032329Z 344 NU20yyNhdqi7s3NzDID7F9fWx7PNBYQu7GIZmprjpp137xxLKAAY9G5UjGWh
2021-09-28T20:02:49.035035760Z 345 QLrNUeK0lAwGEoWnP4TlhxVCJhcxdVzF4t5qo0N6HtP0uKKnaKkYdjwXeKrg
2021-09-28T20:02:49.038130270Z 346 cn2tvsO7SvgzWwMWFew9YfjlCchWOxRtqoGDYl2rDfxiSiOpivWHdft8XkC5
2021-09-28T20:02:49.040167538Z 347 kpA7ZjJ5oP0LwfSqHcHKd3dLohZzL8WfV8uYZuvE0uSZ0lxICmjhgcDmaRcA
2021-09-28T20:02:49.042157920Z 348 Kuq4ZQJcMb1MARi44EHNCyzxO66nC5H6FZIYf9parwxKAI7lUkWZ75i5lxOG
2021-09-28T20:02:49.045111097Z 349 eDZhiM0yZkK8F9GhDUdlcKSgV8ysMkpTwiTffhzwD1N5EYVZACnf077cIlFX
2021-09-28T20:02:49.048169930Z 350 aDDFSpevF56yn7LgbEVgAYefzs7Yr6mrwTdPUM8zqLhe8X76GdVGZgAPLh2D
2021-09-28T20:02:49.050149714Z 351 yX8ZwdEjbUqXc0jQgppMYDCMGQtyc7iV1r4qE57zwJu2Db6SFaKd5Zm4r7sA
2021-09-28T20:02:49.052129318Z 352 ZQEDnBGSU3jnZbINUe32xQD7i390NWasAXjdSi1zy92LFWd0HSN5fjzLkWpp
2021-09-28T20:02:49.054818154Z 353 YYfi103bu7keJzNHflT48AiqGZTT2IK0eHzRc1q9zL0c18gvgCNF18xLrzkL
2021-09-28T20:02:49.056041207Z 354 HgtCt4rjqx2ToVU8aaFaLm8S0dN0zrn2RYGr7IaMnVxgZ6UqtlfFFnfoGH3l
2021-09-28T20:02:49.058568208Z 355 n1nVeDS1hRYmNn0auqysi9BtRzd3t6LWQ0AQrvzq0pgOP2L9zzT4B9CLSgtP
2021-09-28T20:02:49.061125746Z 356 NLLG6oJ4TMrLpQ58URhemImWPXEN2oNt9v7oxr3aFfbrpy20ogXzBMfvxb4K
2021-09-28T20:02:49.063555482Z 357 8UONzxKfUBqu9M7cvo5HNB6eOe4o7MFAW5g4YpL1XKB5gfygkbJJppavyerG
2021-09-28T20:02:49.065180204Z 358 i7Ylo0XWUHXVhQYb6xXM6ajMZiZ7tQexSb9IltZNSRPx9OIuzkHPQNNF8AXg
2021-09-28T20:02:49.068205258Z 359 yDNG2DBxza1C4KwwJOQPVDoMKTMQgkPaic1lLmhpFr1hBXvJZnmydoLOSG1X
2021-09-28T20:02:49.069594934Z 360 I5GbB8IPIBcmLsNIx0I1Uwo8T0xYKeTqzA0selpgNmPvOVaJ6mRcZSeOi7Vn
2021-09-28T20:02:49.072145575Z 361 A0hpxFGOazEDn3q0qKGy2cggbiYzbAAVoPSNipF1T3FPRkbLjc24s0iTyHX6
2021-09-28T20:02:49.074339826Z 362 OEq6XbkNmyCFHeZD9jMrkOMyCHTntuMnKVEShjkwbQcIfolhMtg8LHrY8TXt
2021-09-28T20:02:49.077041537Z 363 6JXc3EnNYOAUhj2mZHWYuBJe7vGeGVwrpq2eayuTxowGwzGEJioIPKx9aKPd
2021-09-28T20:02:49.079307440Z 364 Wy4qZLJlhJqqYFOayOROKTVmuo0xLdSVl9lE0EXpIcZWuTZUadJBMWAoisnF
2021-09-28T20:02:49.081771862Z 365 zlbaNN3rOMOAm47ABleYEs7vuOCAtwD22UiiF6ushHzKZhODOlYFpXTlFc9e
2021-09-28T20:02:49.083344381Z 366 J40jTk6gTU8GenJtrMQTfk5i6bXPuiE8Hzbe1DkUnMLtpnbEtYnsiSN4H1r3
2021-09-28T20:02:49.086135486Z 367 n7yLsLb4M6XVWds0GHChBSDblaNql8LabWJckU0xcaG3Pmno2BL0DiyujUGF
2021-09-28T20:02:49.088969172Z 368 7k9xaMXuhHv2M5yT9tKnphJBh2DJ3AILh2F6aTm1AYWpAgaDw9P0u75reHle
2021-09-28T20:02:49.091091983Z 369 9nI6F9qSQQSHKJwZLijVxPR7z9kRFeGrzpmlKN44sXWkBy6w7hpmNEv4NNXU
2021-09-28T20:02:49.094145915Z 370 p8QhDtKEydjb95EXjaDdMx0NylLAF7aHLmk93yU19Z31jBPJcRadZUvz7M1c
2021-09-28T20:02:49.096122359Z 371 qIjVFVPRscfKTeeRePdWC9KOJ0WuviKaRg9FxKSwCzFYocBaJN6LZbkfc7vQ
2021-09-28T20:02:49.098856383Z 372 o5iZ1YnZ4KE4xOuxx54XKpAuqotUjdFMVDjoOxCxL0Ni01v8dL1rNKloXuCR
2021-09-28T20:02:49.100425459Z 373 Q254b2ZBeABXHZe2FX6GLfWUgDoc8uSSDN1yxfXjHTfmyspgmKpMVxNZpSMu
2021-09-28T20:02:49.103548444Z 374 je984uCeVTDsuEzK19IUZb4VCJo5tx8xGLk0PpVh35Gxc7FuKF1Yz0YoH1qP
2021-09-28T20:02:49.106997334Z 375 7jy9WHU7nLAAYfPSkjLOmVRKgZIeqpcT9DJ9mNoS74wBq96HjfvLrmniBIbJ
2021-09-28T20:02:49.109350651Z 376 MJHfTIKRG0OcKtRI52E6BBmQNv63u6r63Sttn6sv0nCErDGo2g3QhK2OL8uh
2021-09-28T20:02:49.111579831Z 377 1V3PAV52lZhqvfWWsLGtdqIGOsFKSpaHdn3odw0acadNkjqSL1bmU36QWP9G
2021-09-28T20:02:49.113127688Z 378 R8AKziwJdCXqrWHU2LaECJPgtFIZa57cgaSe4SkribZCClaI9yEs8aijrSxg
2021-09-28T20:02:49.115760220Z 379 XC9kUR7vCgi4xJDdRRs7sJSBCMJQmRjRcJe9YzjsF8hLAuxZi6de4dGgak7K
2021-09-28T20:02:49.117410775Z 380 yyQxIpaV2Wslykxuu0bORBxMPDHjFZh50OLSXZSOmfTualMaqle2WRdcQ8XG
2021-09-28T20:02:49.119429607Z 381 j8xMbtD6b2sWb50j0sTPuXA95qHhXnMSbYWT0ZhqWwZAkewRnLFSXeiH74AK
2021-09-28T20:02:49.121946833Z 382 zQUyMpvZ6b4bZ4bHsfToW1TM5fOWYwv5ha0CQtlhnokC7OYNv6AMy3acGDYz
2021-09-28T20:02:49.124309506Z 383 QhjwE3O9HjLBbJWFhIVoISa0E0FR6RB1MEFmDxbgU4ODFfaFgC8b9Ryi0iFT
2021-09-28T20:02:49.126789458Z 384 plE0t1Fqjc0NrtqylVVU54VCl9LF5FDMY4VlaBOOAsCUoJMuVDmCJN8IB4pU
2021-09-28T20:02:49.128189018Z 385 bFnTEVb9VArCxGOeft99D76Rb9KLLfmkjCNDH2KfUeoUfiHo5vqy1yo3NtMZ
2021-09-28T20:02:49.130858235Z 386 s3YeaaeqvkJEM9jnMizNdKgHmfr34NY2T4hdRbRtX5NeCXDcbNtjpiUllGPq
2021-09-28T20:02:49.132435901Z 387 VImxIAb8JbYpm2wpQHx8yGwzsO2aczOjW0Vl0BV4mi71bigt4aQK5WSvwBB4
2021-09-28T20:02:49.135001063Z 388 IxbQXv2RoB6iJUNkzfkfT2Jn8LHg1IRwWV44hxR5WflXWj0hG904ZJzBVkiy
2021-09-28T20:02:49.136703533Z 389 qF9uQ1VL0x3g9D5MreXexWGifbkzd4vYTYQaZzjpx5kYPp77BqUSCRKTO7O0
2021-09-28T20:02:49.139395988Z 390 wr45Ef6TALfWGXSjm0pj8RHE6XuoxQNmSZ4LY7n4shBe1qs2PaFyDuPQs6Vu
2021-09-28T20:02:49.142197863Z 391 bKEcvFeTskPFMPwDXydtF1oPWuQFGp6SIVzx9ubYzHQYqRfQxd5WIwfRMXgl
2021-09-28T20:02:49.144328956Z 392 VnXee2kgakmeEM1adGF93ijqJIKsvGxyRQ9JWqwJUH7aTkR9heTei6onnvzF
2021-09-28T20:02:49.146737307Z 393 LyeQ3qbaJumeZBjzrVT3Sgq3PpwoHu53kiHddVuz0Nm8QMYf62Yzd4Hzk6tu
2021-09-28T20:02:49.149922943Z 394 SkrZPBpDTBTr0oXYw8GjQTNqohoqKpYWmeC0HxozQmJKHxmtuHzt5YANwhnJ
2021-09-28T20:02:49.151550967Z 395 sCNNYvZ10RMDuZyW3Oqp0Jzxxk2i2NGWfsMvVylPqAtwicP1ywDfkZbxwyZO
2021-09-28T20:02:49.153213510Z 396 ZPCwzacx7IfmNiQkCs70vfLQ5OU22n2BxXUjrGlptQNQKUN9qY1Kk8kdg2mJ
2021-09-28T20:02:49.155998049Z 397 8QR7MzJWXBrcLuVGcFFqdmIugxpdYrd4DtH8KSVyo8xhALOF5uH12y5gPNMr
2021-09-28T20:02:49.158309650Z 398 IFTMwokarAWk5KUIB3BVOu6eU6n0njbuZA1xGxss2X0wjFsWuH3U7KorBfei
2021-09-28T20:02:49.160679178Z 399 Sy9urptPrd2qDKsiKH51ZmNFT1TKmwTKTrMhedRm5900QAY2TwBCddpvGR8s
2021-09-28T20:02:49.162471450Z 400 UQXtFQlgWJpyilstJQXDxgyLihdfqt1FQAIBXqkBdHWwHvlp8L9kJ8pIRuSW
2021-09-28T20:02:49.164596337Z 401 sRiGCn5BvlVaW5Tvjg6kW3bjbbfiWTXrHorZXybZYX9RN63Ln6dFfza82IDu
2021-09-28T20:02:49.168884488Z 402 DySa46ZWU4wb7Kp3s5oqVGSw4IXdu1XnidZpXzIAXTripNImTEIAebMLSYmk
2021-09-28T20:02:49.168905788Z 403 l0tcm5xBpJGAX6giM70zie8SIVPxm3oW6XE5X7yTS8NzeGWDMQ6pRP8k0STr
2021-09-28T20:02:49.170084777Z 404 bj3s7noY45zmy45FnK4kvAICxHU5cmGOMYwM0h5nISbYtDkH7A3B1H7I0b7k
2021-09-28T20:02:49.173220029Z 405 HaLUvzDZOZuG76yuS9mqCN84z2O0TGjWJ42X19c60Jcw8o23ACwiKrWfKWyz
2021-09-28T20:02:49.175818729Z 406 J52zjdFybbMYIrMVf8oHU6U2InvDzCDFHTeu6rmkf9qjsUEFhIFSvp1KICjp
2021-09-28T20:02:49.178062156Z 407 nDhN65jL4VYGNyCY6akmwRlfYm6SVmsWdlzv376cizY4AZdu3zKo5XfOedgr
2021-09-28T20:02:49.180602347Z 408 j1IkCpdeTjC0mbRcI2GnsNJZMcbzjliMkm2SYF4hkBqm5u0UYs4Wdtd08uo6
2021-09-28T20:02:49.182302154Z 409 9sB6BWHPPvc2tpjJNy2NOCzSRYQdAdz55Fo5bSmH8B6JGUzZqCHz5MEEUe2d
2021-09-28T20:02:49.184300453Z 410 HqqhpnMJrxo63I1OdpswV8S2YQDqHa1VmzxV8qfmSgO1apTaL6X4hm2NPUX8
2021-09-28T20:02:49.187063902Z 411 1kmXuV39dONIPJawbE50U35PfN1WGgkRA7weBXv3YGDdqKLyEIOcDfY2mvoO
2021-09-28T20:02:49.190024024Z 412 0TJzWlUkZBiXy6rnNvkO8hf3LcXwcmyYcViRilps89qgU1FWIwOqAEuYtszj
2021-09-28T20:02:49.191229844Z 413 dWzlNLZ1ZD9jSZpvVfvAT0ZJopJ67IMy64MVSBR2QNDR0veI5Awwj8AtkGUj
2021-09-28T20:02:49.194387496Z 414 akdegTKE2LaF7fSIezdgT3znBUXo4EjZYrhv8ZT4K1blT5x4QGkj8p8lrbPG
2021-09-28T20:02:49.197664689Z 415 SZPereCI3UVlrhWGSA9TPZ90TB8sCl7Z0BdU0RognoLnR2LQPA59Cep9chMg
2021-09-28T20:02:49.199983660Z 416 wkmroVlmREC5qy0GS4hWOZWKQpcsTZs5vxCCdEed6u2A7O4dasmB49Vs3lS6
2021-09-28T20:02:49.202431120Z 417 hCMZ3WGI9TrPq191zjd3YNqgjkrUJSC62tY6stTKe2q9RYcLs6j26ZQ1807N
2021-09-28T20:02:49.205071773Z 418 h62yd00DPwGOmwWeKZ7WrZVW06WmDbKKkEYWwAkUnuE6Ep67yq8vNhRgAOJP
2021-09-28T20:02:49.207847207Z 419 TDH9U8w55BJk8DnZxNVct8AC1Cp61vO1Gr7nkzoerAKxnXk65AjrQ1CqXnHm
2021-09-28T20:02:49.210097925Z 420 MraFZYFNEs2MG9W08p8Dk8X0uPzmZ1xKYD3VLrCvBD6jhGFa70ChKHSGHTIy
2021-09-28T20:02:49.212691991Z 421 DMHvQo8JIvnnDoLRiuWOvlIEeAr07sG5IBSB3HitSRoPyohMOP8lBA8Ebc6q
2021-09-28T20:02:49.215110007Z 422 O3sqrXtOcAMkBDQbPvalQJmpW22Kfdg8tHrwAtCIGcCZEr9HrOxA5ilhQCyP
2021-09-28T20:02:49.218062175Z 423 niuh70WzIyAY8qooKHvtrv0ZZWCKif5TZj11DH6FCuAxoNYBGkjLNBDIndB3
2021-09-28T20:02:49.220246451Z 424 7ogSZrVjhcnueGh85M4qTE4up3gUIKNes7IpxnEnJMgOEaOmki0d3R4hRD6z
2021-09-28T20:02:49.223220155Z 425 LYHeSMUb2Z3KtjdycGZ7g5Dtk5XMFcGZajVrC4jl0ff7c5r9oJr4plmn2Ga7
2021-09-28T20:02:49.225430182Z 426 WcSqM5H1qSQk5nQp8rtgj58t5GRIFz20C0fsKtzZwiDWCuyqljiRK1kTyFe6
2021-09-28T20:02:49.228044844Z 427 pyttiLEDOkMomq6vAs6eWrOY1rsGAGjjv2BqeD93ANqHKvs3pQNl1cCqVviK
2021-09-28T20:02:49.230505484Z 428 cmRgXizVAYr3w2bKxvoTfj1KCL3oewAnM6TwpVd6rv91einUNOxhEpolc3Hk
2021-09-28T20:02:49.232918921Z 429 5KSQyTIcFPJeFfzIIz0DuehNr9pbaTvAqqvkmk3qyWbUuSfBW0PPmBsRfh7t
2021-09-28T20:02:49.234633216Z 430 yurIgeBgKS0MZcSF77QfOTwIZggNznLaAO435IK0psFTr3SJoUCk3iRRZptX
2021-09-28T20:02:49.236232906Z 431 Dmm0VqW4yWUGByj6tNG8nTbz6g3V61V0rqBb0L3YTPWAhrAKTuorrGBACm6f
2021-09-28T20:02:49.239052761Z 432 2yfDhIyMLzrEznXLZcQgD6ANf4S4J7F3uiHantd3Dfm5clJ3oCvOjMHUW1iR
2021-09-28T20:02:49.241792960Z 433 Xus0u2MC1IAc0TSxnEhoNvqfb4qwRyym8eV526W6ZQZv6qM0ENVa7MZItRiR
2021-09-28T20:02:49.244193812Z 434 MNvtYcHjFRT5fRv08pJUe9eSbG1yQTlEIo248kroloPqpbWFaHvTUmhlpUd1
2021-09-28T20:02:49.247012270Z 435 1hDORGd7ynr0HJimpbJmixHGQsmWwP63Itd6ye7ThpWc5Jy6ZAVWWvwWTH7O
2021-09-28T20:02:49.249832163Z 436 devxwR9qmz2UzVvNhmPMGGVDquD1rEjjvy5kc43FS1Sqhxz8jReH0OtJlazF
2021-09-28T20:02:49.253385648Z 437 GY5vJ0bIbBCuO8udYhUBnmxiQ2UgGhe2cAIqhJnFodJ0B99b3bjB9iL1Ldzx
2021-09-28T20:02:49.256254241Z 438 yenQdCKfvDcEunn5Do5q3WfWJGOgC3OLF85YDKMFi2hA4sopF0AWg3OXefbz
2021-09-28T20:02:49.259528336Z 439 g1D0BajctnUtE4Dj70ip0DyZhZ1qp7zbzVuhW2usmpPPlY9m1D9RzKtEyvD7
2021-09-28T20:02:49.262154441Z 440 PEhgPx2IK7cff4fX7eTyRZMlEhbE2AKEiEktUGA0S31VWFyBljErF5wAVrqO
2021-09-28T20:02:49.265588144Z 441 lOYjXCTJ0opLW7aumWiseNXMTz1NloExezUE7DHpZq2nfOKYLh1aiLLCyQuz
2021-09-28T20:02:49.267309765Z 442 PxmIlllj1mj7wT8haL9oHbn4Q0L5PN8ANISrRSPLrUOqcby5paXFRrbo6y4l
2021-09-28T20:02:49.269217835Z 443 AGxccrZ2nwd9CE6MrGzZsXOWPqPNpurhAG0h8ihRY74EV24O0GuBpuinM55x
2021-09-28T20:02:49.271935485Z 444 TQECgvU1E9PTd0I3Lds2bXLqtk6DkCyzwGfOtmJ7qvswUnT5GT8OPoE1yKlM
2021-09-28T20:02:49.273273503Z 445 p8OIY79LxpSh2dnSAb8Zm7fLwzjf0L7bHmn5faf1TudcUjrzhaG7FU58aErD
2021-09-28T20:02:49.276058780Z 446 lD6ikbwBtmNjIAbbw9sAgcSP339tqJbfLiUmXUe9QsmQ1AAaH031IWvAEWsK
2021-09-28T20:02:49.279008864Z 447 vRhk2VoQKyAR83inY0rZJa2vd48QqEl2YCqlfa3HPhGATA4jtWEmKQD89MJq
2021-09-28T20:02:49.281738795Z 448 uXsRND0XJfQAAuedWYf60gwiUn6CkkzHiZHPFH04sX1tQ6kNA6tJP3btD9E6
2021-09-28T20:02:49.283094641Z 449 WBPiBZdh1toTMF9bhHcbV6ExZSingHyPPA86r1OEMqm1oLnQ0xPSwcSGdgkf
2021-09-28T20:02:49.285241656Z 450 fCzRftWN5GgpmG8BrYE4b30ojSeztdufogxJ2pFRumOTKWseiStSFWsDD44t
2021-09-28T20:02:49.288033941Z 451 WQpGDqIGUtQgOTlZna6p7DYcXdc9LTUJdh5tBclSambBN3hzdPeborNt45q8
2021-09-28T20:02:49.291134359Z 452 n84d6l2gQiPFc3rSR9a588OzGQKsbbL9AGe2xVg0oDL3SDH1aHnxgmvJmR3w
2021-09-28T20:02:49.294073136Z 453 jQxtnGOa1TfzkKyz2zCnAncFY6lmLYdytXEFFRm3J3f2DeaYFUCqPRTvSowf
2021-09-28T20:02:49.296802199Z 454 TMMzSVELg4tFflETygseSlKcTgbadC9lAjCrtie4RzIG6sfs0UHCnLKGZvxd
2021-09-28T20:02:49.298222829Z 455 qiHz3QV9fWxrDpuF3YZtVYlWp47cu9RViEVerPHmvgp9NR7SWRP8Ppc7KCPq
2021-09-28T20:02:49.300680989Z 456 vkh2CzIQ2xsdLoKvSjKXBm8BDBFC5roshmAMofDpuDVqMx0bfaQCqk9fekoM
2021-09-28T20:02:49.302155177Z 457 WvsTvFNa6HkivPqwuFeoyK04lAnulXGG5mwKD9uKJ59qBxzNiFtmGOwH9dO5
2021-09-28T20:02:49.304752381Z 458 JgYcsBrQDHSQFac79dHIGZ5sM73SlPkzEuI3CP8l3O5JCTu0TSZfYsmDHQfF
2021-09-28T20:02:49.306326679Z 459 R7NiU5uvEtloFSwqD8NpYFxOPSXE5zyw5pVhsGPfu9YLvWtuD2H4KWCeGapq
2021-09-28T20:02:49.308299296Z 460 f0x8pZy8UE4vBTtTk9pcgZxXRlLmnspW82Rst6VujpwIH195aElVnJB1QWbM
2021-09-28T20:02:49.310694138Z 461 86ZbTQtxLFORaQoGvDgMJmEIK2AQtxYuuBM7ZCNyu2pO7jRMCfE0TBHsQobz
2021-09-28T20:02:49.313235948Z 462 o74IT2Q10Yycy2hgWOe83k8CnaKOI62aNMGNBAI9dOA73Vb7dVNWhmhXmuXx
2021-09-28T20:02:49.315432344Z 463 fuHvxYFPiZdJvNaGiaJHgRUVjjvszqQadP3lIJSmA21JPZV34Was3GDcnmhn
2021-09-28T20:02:49.317789396Z 464 fH32OBRnHdBAUO1JfmcXYU6okjwBWrJ4NPNsgUSh0YmTvVzY7vi1pRZO8OuN
2021-09-28T20:02:49.319355631Z 465 VGU4SJMOt3PFfTulI7VdtCTFfJBgP3R2U6BFnRKiZ7vOnSuDwD4RNBQuAl72
2021-09-28T20:02:49.322429429Z 466 CjCq0bZhVtH7tHSrL8aXMcxxbQEL4qRE7DRGz0WoObtKOIemPSXkVl1Y2mTe
2021-09-28T20:02:49.325019233Z 467 Jfy3HU6WADwmsQb8atCG1QxuxXzAsxhdoQs20UFaIaXFg8s4DMumSPjbgxBF
2021-09-28T20:02:49.327561197Z 468 33rJldi02mPG2ZrFLl3vJE6xmNixe60266duaQZi8JaKYvXE6F28DN1feocG
2021-09-28T20:02:49.329935199Z 469 L7Rm2n2FjDm8iS5bLRCn84owFSXoSMcMdzYf6s63fjC5l07alQKAdaL5uy8j
2021-09-28T20:02:49.332468743Z 470 yaZHJv3PNcmkToRnxlqwl40LIqH2re07EiwVZsiBdH3qnzljUTBNvVvbfyzM
2021-09-28T20:02:49.334800424Z 471 hFm1gVSltAtjzwt4P3DWMgosQm3PEHLXw1z7QUbCcoPCRT7h8emupx56FJnU
2021-09-28T20:02:49.337194804Z 472 qcSerwdZmldt1eFw2ElqFGlNTyzZrvgYs1I3jPysxDD0TgA6lF8w0KbZRvd4
2021-09-28T20:02:49.339746730Z 473 0LMNyoPEFOM6RidLyITYKtDZbsmU6PI8pGUIzB9ysJ9zk5FKTUEUCIPPe5UO
2021-09-28T20:02:49.341411667Z 474 0dYbSKg59gc3nCBsWDx4S9BB8uBoIBzp1QrVkpbRWFtlIFT1hrcjQRQkKvKJ
2021-09-28T20:02:49.344185260Z 475 jW4EAVT7u5XW4hXgUmOSaOvgT6wNn6IUVMYLIW9VYDWhpjZ4ypMwLUDvMLwV
2021-09-28T20:02:49.346217510Z 476 tg45bnrqGUWryK3pI11r4jzY8VyZMRJB56Tw9bOSU0jhaOvNcOc9J3zRGVvf
2021-09-28T20:02:49.348119053Z 477 V51IUYLkyEkXGEsejAcE2IG6zRpJbzczCkvMJrCYuHBp7wHyXbjEXmL3BDKj
2021-09-28T20:02:49.350956344Z 478 LqdV67jKqsylUkYsMz7xW2SHbgelAhDC0Grf7Gt0BaFtFi2frYH48vOODUAN
2021-09-28T20:02:49.353614561Z 479 akjZkMBs5KM3fGKjK2l4cBznNPCpMchtbz7Q0aRaubgsdAXiWgsKMh3VrcYe
2021-09-28T20:02:49.356668441Z 480 uY8X0RkwfhtnRgHIGPIBOA5BOx8edZlza9iM2UwhZhVa1VVzwpRerqrzcktu
2021-09-28T20:02:49.358272107Z 481 POZUoOBR2OBm5OYB1WvSkWh6scIu9Q4NxxLKpgSQMBcFtQ4wBNLkdBqtmKLC
2021-09-28T20:02:49.360954293Z 482 Owl3D2O4QlojT9kQX4WemozUbkaJrVQE6vemOwQtVnSef0OS5IVUarWsRVdm
2021-09-28T20:02:49.362224676Z 483 VdVM9hdUjqbiGXf3BEfuNZ9nhw4ZHR0Rl8sKR944LDSAVONYxKt1sQ2LvNhU
2021-09-28T20:02:49.364912398Z 484 NHOcCkvtWlFKKrdH6qsE4xqJaqBSgcF6c6dhN1OKUqqFudECU7w608Xb00fV
2021-09-28T20:02:49.367083845Z 485 AgxxptDObzzwDOAOEWEVFiWcAkH8AgDKWKKsaRwEQDQvxyqxS1V2gPqTLf0n
2021-09-28T20:02:49.369872730Z 486 kBRvLi5nt12H6ozmNhTLGHpAHtb76hg2yqqigzeeCqu9bDHWO5iyhy7SZirX
2021-09-28T20:02:49.372126775Z 487 q92D3eBlw4Nq9lIrIGUDdHxGFpGdZUgPv13lwOtPwt0j8gjDdjEE33lSaAlV
2021-09-28T20:02:49.374914272Z 488 1RAYgMy6rdL7bezzleQDTnXcGjjjgwQDNlW9Vuy8bhnLeOMmZ13QmpjdHYz0
2021-09-28T20:02:49.376310727Z 489 4w4IFrtXHZU5F9zATnEYQUlG57yYdP47W5DROFnXswANEWEpD4KYcCtQETqh
2021-09-28T20:02:49.378896199Z 490 iwW2sKtcsj93MpYCMHrwVGm5Ft6Hy4fgRYBNMrjO49LZE4HX8BqGY7YUg9bh
2021-09-28T20:02:49.381819769Z 491 LdLKA1C89bfm4NCZQj6Y08cKCX3kEQCCJT1gmu6N5kCwmI3JV79udp2QEWqW
2021-09-28T20:02:49.383945368Z 492 b8x0nywoHSnERJnL2SytbQdGVeMCEDNnvDfX5WxIYTA1wPr3Hpn9fXZ53uoX
2021-09-28T20:02:49.386197546Z 493 38cYpEEqZ9pLLINrQrGz62Q0hRD7tp4nXmUPkPTPBxivVbPZzDC9UPgnPKrx
2021-09-28T20:02:49.388418223Z 494 gVEEmGHvSj920CkWDlHTOfMR4mIUBGFXwq01aH1zbRlCQBZzRjMDXwheAAoW
2021-09-28T20:02:49.391064455Z 495 zzcvUMko8ctcsUP2LZj0X6QuqEBD6FtCOXJ6QrIRZ7NhAWofa9WFuTzAgDb4
2021-09-28T20:02:49.393845157Z 496 Q9AFBw0KxrngLv8x4TWHTIhVBlDWU8AUXTS3I3X6y9ruQgF4SQMuYxZRJ4OI
2021-09-28T20:02:49.395340268Z 497 CtsdLaw01MYUrLYdxX7zFJbTnn70D7nGD6dF9uj52nm1j6E5W2HOjevgzFyl
2021-09-28T20:02:49.397129040Z 498 cuNSJlnY9jIam6RkRWO6OmIJP1HMJAV6RJxfFiMiBdGiOtqfpmdT2XDu20zB
2021-09-28T20:02:49.401251875Z 499 vnxpAY532YUkXKiKUTWxBbFZcowzNz1gqtcRAaxFsN555h4P1H2X4DUUXx65
2021-09-28T20:02:49.405306290Z 500 azZIZyyIU526iyJXSVBblUas46zd0T2868AlzMdgkrY7VfXTBjFdAdEQaHua
2021-09-28T20:02:49.405333254Z 501 C69h12EGA87BPhpdneEGSajR7gafnOo9dcUdEuenYPrvPH4Nn5sdm3hCfyjW
2021-09-28T20:02:49.406726139Z 502 FbovGvHFso1bar7QzxOmcrasos5AiO5QIJzGM0WGWNxWRusQhW8lYc0HYfc2
2021-09-28T20:02:49.408309915Z 503 X05Vd7jVt5Qb96QCLcyd5WrXqXzq5bnqNP8rgebiK9qXGoBxYOAp6vBik8p4
2021-09-28T20:02:49.410976677Z 504 NuwvYZtwZWvB7aUnKajJmPjuk0kqvSlbIO9A6jzSWjtC9PpsrLDmFzuOWpu8
2021-09-28T20:02:49.412140294Z 505 sHWXcK4EtNUZCwdkdisGxxEy23jRmIpCEj8mHWTWAQAmmKtmSbiwtUFAYHku
2021-09-28T20:02:49.414951526Z 506 nKNPTspOu9gyMBECgu1mjErRjKWAc0lMwD7Nojiilw8rYGiQOAd1zHiF67Hb
2021-09-28T20:02:49.416299759Z 507 LW19F0xjo8pp3fDArgx7AYUWcwoGDMAKFLhri7QQwtyRyrM9U7vzVpxs4dta
2021-09-28T20:02:49.418876127Z 508 PaV1ywf8cvavhQBIsyVaDB5nPd8yzPwCi5Ca7qCKgdBGa6HMt9gCT7xj5gqx
2021-09-28T20:02:49.421049959Z 509 TlORtN8L9jzR3tYDG3GgXpTLerjZOrV7wnOY9JOsQ4bCycWaRZvQssEAQ24Y
2021-09-28T20:02:49.422136396Z 510 tBEyESeIwPlNQdYm2pl37Ovf7wuhPxTx7X4qnfp3cLyB4Rq5imIMBElJv37g
2021-09-28T20:02:49.424838113Z 511 H6rzUVFUNmeWvsdumDJtnf3WujMXh1dMnEfUaq15j4z0O4D8OQUXmVYILuXy
2021-09-28T20:02:49.427172285Z 512 YLhUTLjOv9NtndWOMi24yKoo5au1kzyEPF1O8Mg2jTcdOidvFCdYI0BgQ5Kk
2021-09-28T20:02:49.428511790Z 513 1MezHmlIs87KyauPdYekFg6luuQm6hZLPtkbnhu58AaNcgppcSnKCXDMzTyf
2021-09-28T20:02:49.430947742Z 514 PRsw78TcrtAr9b2eWgXxLtpU6hDbUMH5kMxa7HP7xLixnVVRJ76x8aPIT5JN
2021-09-28T20:02:49.433253001Z 515 pg53LJMWmM4ak4nFL7zgLxuOXXUEnmjTwheONan9WJ6stQ3mOM11g6BzneDH
2021-09-28T20:02:49.436043247Z 516 d5P2EHhlBcAfzJjJL5i49UbNlYPMgcxydgO5PKQZAUgfZh3h9OByifu3kDrj
2021-09-28T20:02:49.438611561Z 517 6M1AveA4FfidZeWAYv6yhSzJ2egtWcMNsqsndxAAJjsbsuprYGApRhE7ZIX6
2021-09-28T20:02:49.440185394Z 518 99eLDa9xVSOLqh6PIfcyhd4oDSnoB5aSxm3Lc77WwT3MQVqhDSFDC48O6Dz5
2021-09-28T20:02:49.443597740Z 519 0v7h6vuCh3C236RNRvUNWBR9hL8h938F2RlauPOj5TlM2XpjVJAUHu4UiVTJ
2021-09-28T20:02:49.444932663Z 520 TOO5H3hmmrWtVZpEOFTrMsJi6TxYn99jlR3ceSLNCoc9YZhlPGZhONoJciZp
2021-09-28T20:02:49.447488504Z 521 1AGjiUP5ireQA29t11QbJYt3RIRVg0Fz1WfVRd9zbuDjdWYRygwvYY84S3vf
2021-09-28T20:02:49.450187602Z 522 VGiFcdjabNI9KmZb01P0Frk53BA9IeIJwbisLCyzU9uMQnQUbQ0MqXqjK3b4
2021-09-28T20:02:49.452794477Z 523 JCOnxb0hep8sjoASUsb6rOXvb000FPKFq5sNoRkFMwbbnSgxP7xZ94mqtw0m
2021-09-28T20:02:49.455333393Z 524 yjDXjdSOTNrjIUXv83WxWZosHUxtQWRMARlZ5ACxnOgP49FT2bQFNmpIK76p
2021-09-28T20:02:49.458204014Z 525 P0UqAU7sn8Qvu4YDtVapfRJ9n0eNr7fkDHaS5MZHhooOytAUhZWkEDklezex
2021-09-28T20:02:49.460061626Z 526 oijYhHEQfYze452TH7k2yU5oNhcm7uk4cyIe2HEI5EouFn81OUUqiG79FEpz
2021-09-28T20:02:49.463343617Z 527 0MEGNf4v10qwlZtw5VRUqBNoCpAamlSow4tvHUmlB2BW7S7XcnM30vtruPKH
2021-09-28T20:02:49.466046909Z 528 cpTcbkNDF7Qknc53XofrNhQECfrBWyHTgSjdVuIgw0Ga6W6CmcJxrFDuOMY0
2021-09-28T20:02:49.469526654Z 529 L7T79BbCeKO2jeRMHgQGGlql78tTg0nV8MTAXbd5CIXSiRiNwLqNA3OpszzB
2021-09-28T20:02:49.472369773Z 530 mGkjF7B75mae4xo6XQ5h9QcNyvcPSn7ZhlHQbzWZDxkvT7QH7yw5KfXMihZZ
2021-09-28T20:02:49.474359690Z 531 3rO4LLO6dmFUvNBAJ9W71vjDt0kasyzOKvL1NTmaNwr8lcYFxswrTxEpEZne
2021-09-28T20:02:49.476535780Z 532 IgwkiYM9GiISCt31NIeBkhvikpKpdtfnOCDt5y0L5WTIOKu7reju2clQdMIt
2021-09-28T20:02:49.478119704Z 533 21JPo77BgNKWn6G6zlZmZnrKM8m8rencANHcjlbDtVvS4TTSN0qYv2Wiqqui
2021-09-28T20:02:49.480858524Z 534 vJcDCvUUBEt5FSRgxbSudmM8csMT2TIk516ehW2U3brkhR1E3LdVLcknSbsk
2021-09-28T20:02:49.483409795Z 535 TzVwMAlJT7bP3LdzdSqbAShILkADqsmmikxaJuzitgvLLRvPlFLb1amKMHmI
2021-09-28T20:02:49.485203637Z 536 8P2TeGCLdtpI6L8tzjkemaF2BarbbVohmKgeEm4lhqGalfovIBKXb81ZXfES
2021-09-28T20:02:49.487076003Z 537 dJNBnnJvtvAIGmTX8b3ceM1PFNeV5QOrLuOXmryknZEVbB9KY3BPAuHuqsE5
2021-09-28T20:02:49.489768551Z 538 YqUjfLfg5Ul3kZz3Iy8kI4ZuagHzy5kqfK08clDx5DZyvX4OrdPUJJNJnH6s
2021-09-28T20:02:49.491562004Z 539 ZvISC8woFpE5fapO2mIqgn4NKeE4Xf1yW8bjauHJuwsAkmjTkb8J91yuP5vm
2021-09-28T20:02:49.493756316Z 540 bOxc2Ntp2ioBywtGAeDhUChbJtRFprf41uarTAG5zBb8JGGcocVLPBsuIfjo
2021-09-28T20:02:49.495089895Z 541 oldyDcVzmbIRSl6Sypr90d5A820musqqaFFzzagWw8INMUDjPEg3S0SrVezz
2021-09-28T20:02:49.497785446Z 542 EHCoeMtvNHFTmx237EQ2R2U7LWiqKFCUF1vbc3DtfmLAipJseXOu2x1MPgRd
2021-09-28T20:02:49.499710209Z 543 nJ8MYhxF5faxRsVXSjLlXkVF9dF4ZXbRomIoSOnDFMqg8cKzP7iyfNiWwANI
2021-09-28T20:02:49.501371678Z 544 gM9ZLGasOqwkpcadOzd4S8TPtsl17eoEYajMBBaBRSf3Qcn7HLj3CyeO6Amu
2021-09-28T20:02:49.504195604Z 545 y68HJnz6PC7KIgoHQ21OA9ntqv76Jv9ZF589MMoKoCzLdQoAly8MXrgTulzH
2021-09-28T20:02:49.506698003Z 546 PZPgg0b36nSZWGapakFECkpxG6NZRY8BHJHAlJPkEAZh132zT2N9CLrKMnCX
2021-09-28T20:02:49.508249039Z 547 tIdys5BKJTGu6Irsvgg17ncXZfzuq3lotgc3Ff4pCOyJYHTSa6vD21qfmwEP
2021-09-28T20:02:49.510824470Z 548 0RrQPGypGPe6Wa5VZTAkIwb1ZcDGXNDRbgmmzzTh6iO8zZHEU7ZTVWvo34Og
2021-09-28T20:02:49.513184726Z 549 02qxsaKnB8Ljj7n5oXUg3S0O2rxbkuusxojHRe3xsmlBWDHAMq8SAnXPsVvK
2021-09-28T20:02:49.515896411Z 550 PmjZ8ksPvCvcc0EHmEENkaHDU15QNbj8BakS0K7mB9QoGjqBfMzViV8W20Ht
2021-09-28T20:02:49.518615898Z 551 SqkRrUd79g1HJ0cy32vFyISEKBZWIlK5Qw2hVFITTPOuN7sjifIASmE8UwlS
2021-09-28T20:02:49.520174554Z 552 hFcgUdUuND9Cm8J9ImScIhnWzdTXNUSwJSMkxPxqSfL3YCQaVWewAD7GMTEa
2021-09-28T20:02:49.522954223Z 553 ICgTvR72tevRsXKcQE56puFfhgMsJRPytqZYFFPudmwhqcRKjJ97WZx7XcsV
2021-09-28T20:02:49.525092151Z 554 fopDEdt6b3GCplPLfQizfLZSUfMZBEDeR3NzsCAywR2rJsegSZJeQMUvnGnn
2021-09-28T20:02:49.530102036Z 555 JLTmshzcUon62mwWqbnB0qCTSLgrGJFBDXHaaYFMpkAvYFTNufz5pXnyMTDz
2021-09-28T20:02:49.534668177Z 556 BMhe6iIJvcwWPbHuS0MhdHGXJ4BdBEVkKoaPFxMmQCU0Mw9pqBjLYYhMNDQR
2021-09-28T20:02:49.536910093Z 557 R44ee0koXUIGkQhpWX2FiIlHkpqMcNAXZqLmonMcpDg4EMekttVi39utGLVQ
2021-09-28T20:02:49.539078894Z 558 eh7cJrsPGTmLDssuip39BimMUk4uGHreasG52fJAcK1jisQqXQfG8RaS3OLX
2021-09-28T20:02:49.541547001Z 559 ZAuuozM1ierjXOwqlZ59SqMes5hsvAuRKLCGInvXfVmjgjPzounUuy9h2vje
2021-09-28T20:02:49.543582345Z 560 RllUV8GGhsMqUxQSpzfi1DLAYrxk5gepKYMXzLtiMqUl5dyl1MPcT6OUijgA
2021-09-28T20:02:49.545506008Z 561 0FSDrNXePRbmFgM3D9trHJdYVi9DhhiXokvgCtT7bKKoZVjE3Vr9SJaranQ8
2021-09-28T20:02:49.548110153Z 562 vwaTHs2549ALww6KkKiXiMys5tX3OxKReqRwriNBKrnI2W1QEeWne8aq0Lww
2021-09-28T20:02:49.550352279Z 563 XssOApqPA0tzCwisWcPF9HFBFHRPJ9jInAi2cFVTfH9xkIdQAdNyHsTbiEgg
2021-09-28T20:02:49.552176205Z 564 vFlHTBmewRIGZDAWCmX6Nz7OlNHAUi0bb3BkDkV38PWuBYnVjCdwUbV9qMfx
2021-09-28T20:02:49.554500831Z 565 nO4RcqfF5BaAs4xAxyD3MZrrpkNA3AxJ37XGIWe4ioDW1rK8fdTKVHuGnTXn
2021-09-28T20:02:49.556850649Z 566 u5rD5dojuGv34wwKGVzwRDpSwXGD86stnZm6gdWXDLBo90oQZSjIft4Hv0fq
2021-09-28T20:02:49.558285595Z 567 Jxkzja7JVLbBcqgf6VugKcygGCTMusrjFPtFEc5LgCToDB8doLaiK7Eib03N
2021-09-28T20:02:49.560392187Z 568 FM1OHEUbtpAgt40dVBcriR4qegOzlgYEmU1VK5bUsH2CYAuz7HBOqwwamMVZ
2021-09-28T20:02:49.563138260Z 569 OxkgUMTiOltTkrTfJ97Ue8yiDv6v1nVPJueKvC8rLWEz6E0OUKHOXmDbpv7O
2021-09-28T20:02:49.565467592Z 570 9dbhMr2ilT6xNktrw1pw41gPlbcTTUU8KVhBOVOZdaxnELpHX5f0gHBJCQtN
2021-09-28T20:02:49.567206521Z 571 rQxk2clvz7KRqHBFhG7ZH2p3jGXnxPBmKQdWbIXp4YMuqzpmN3ArV4gkyOZ3
2021-09-28T20:02:49.570049750Z 572 qKml2wMyEuTZYIs5XECilmRShYOtUZjNP4LimwxEq5CscdQnrCHPw3BtEcW9
2021-09-28T20:02:49.573072909Z 573 dJUrzDSVgR1FgHh0NQrvLOQgt1AugtFVUepypjdBA922JWunYvy5vSjmv8Hx
2021-09-28T20:02:49.575105327Z 574 YhWZYoJslk3GCOgVLcZFSNqlJcOYBvbhSXAY6A3hIKRDUf9krwXaVdbg9wx6
2021-09-28T20:02:49.578165982Z 575 oue0H0gEHd5vmoVQi8cPeEDCm9nj9s09SaEwVXnofPaVyIdBmN7T5h470i92
2021-09-28T20:02:49.581055886Z 576 rzSxQ7e6ooCeCEzqxFxvsZOSSbPG5AXREctixdtTFQ6s6eIvE4UW338emsGV
2021-09-28T20:02:49.584435087Z 577 zw8EdWwaH2fabtCqljx50pwMLbhsQVM0s0QcBkaFv1uuZ45z9o4VLYoMdILT
2021-09-28T20:02:49.586482387Z 578 syjWZyXYSsTMdBz8OizYcclEQwTds1foQ8joChUgs9yRmgNCwXws0f9TliBv
2021-09-28T20:02:49.588518859Z 579 eEOQNu7dCsXuGdK6DS9Mwjr0hc0lhw2t4TV2x9vWeZnDElxJ0ITpTIC9mcIH
2021-09-28T20:02:49.590259449Z 580 9VQ0y8jngIQeKDLt0DwlaoqtrR1KvOUv9f2hTxrqfPzLCEQPfuqVzKW3mV2c
2021-09-28T20:02:49.593124058Z 581 rQHWkgxUSpl24QlERKU6v15TNdrezk9CJsjkTw778EGFLDI3AXClK61rtdIg
2021-09-28T20:02:49.595882789Z 582 OFBqgwICxNA5Hw4MtIFgN3wvzxNSRQ6fW8FmRXfOdGyBY1E6wFBMVRm9PDoF
2021-09-28T20:02:49.597284381Z 583 J69lfx7MoFQP6Lnx0y2By533gNX9JiY5WK4XHTMY0XElKVNe3gyRYdf3CrnO
2021-09-28T20:02:49.600116299Z 584 viwHieiradPHTD3eLo20fZEeSQFH2J6EriDSXw9Ds1pTbqcZrHzEPOJuWZ7J
2021-09-28T20:02:49.602945393Z 585 wD0PPBrEeVSMAKl6oGzth27HfLSjfe093w2c1BEdRFxLhZClKJxq7RJsBPel
2021-09-28T20:02:49.604422130Z 586 RoyXG7Ykc6aCeXZpBY1EFRYZ9eDBP05RpmOoUDTNSrDtqT0h2EWJWaIY7JrG
2021-09-28T20:02:49.606050158Z 587 3paOIf1ul7Xz4VxsW4bivO2CsstCAofelr17w4vITKncLLaXcuxH6xtoXWBD
2021-09-28T20:02:49.608242369Z 588 vXjnVoCed8VqxouPOGvLGjGuEwtOKIY0RR6siuZohmtCemvYT5KfjABY0ltp
2021-09-28T20:02:49.611049132Z 589 C4doXsIOFahKB3Q1TePFhZlB8xL8ICersscrRU9goUAVCoVnHcFc2Q4jyl77
2021-09-28T20:02:49.614077776Z 590 63t6fQvY989MRYii08gEInSHpJrgtsGGUU2IMfa4vOOC5I5tUZog0Lc9i8lV
2021-09-28T20:02:49.616930726Z 591 7kJDBY1r5Y0w3BQ9saH5MB0ZckSb1aijHdAwY6GSwlcNo97leMe83TxdcHJI
2021-09-28T20:02:49.619086956Z 592 Et2RPya4522uMDgYdVNDCNF5sXgviISVdTTR1ruEElNMbEdZebevOR0gZXum
2021-09-28T20:02:49.622060687Z 593 uqE6BaRa1q6XvYy6W859Om4lTBFOp4TulPiR5gLqjXDTG9fD0Ci29rXq9tp9
2021-09-28T20:02:49.624877124Z 594 jocglcm73Pxmd5VwhfuGgNfgp52HsIGso5e3tRQfntXfRZV9gOnDYC4AJdXv
2021-09-28T20:02:49.626186399Z 595 wVp8uvUTi8DHZx9hkWt8NHrC16z0U5xqoK1wBTt7v3wAaPEeE7jl04Z4NK3z
2021-09-28T20:02:49.628199541Z 596 aMYgHcJPmaBUL8Nxi4ZpGg0WZoSt34vCaWkUInaUnqtSUARlY4TVXhbNa74J
2021-09-28T20:02:49.631132918Z 597 tNdyMYeysPEBaDkiTNxuB7fgfeeywtsMMLM55F6HcmKMWEopparsfhO7EEs8
2021-09-28T20:02:49.633115108Z 598 vX0Z5j6XeVO3I3RqQpGb332kMtPRHYyat9EfhPNC590gCWRk5lGEkXZN3ipX
2021-09-28T20:02:49.635067438Z 599 xODZYtnGXvLLhgubvpLvdgqRuJbGMhaKct8hCieiS6pAv71eHEdPByzEWP33
2021-09-28T20:02:49.637186390Z 600 ORVcEjPSc1rJhTL2wb3DDtzPt9jBnUn2o13Y0kJcMR2NQI959L6NDa5FWYnU
2021-09-28T20:02:49.639213922Z 601 6ryhM4bgtEVk0PI18Iiw9Xj0RgVEiHWctQAIq89agCyb9TupE9nuokXXLWc7
2021-09-28T20:02:49.641351290Z 602 HsrwwxztmG10RN09gL7eHn4JhdMZxMuXtVou6CLBJezezjAYWWotxsV9Ok0X
2021-09-28T20:02:49.643136132Z 603 RTJBr70H3v61EnZZm7whqafBFCRkzmI2SXHJkFkhGtCfJkmX3NN9nlqllwE6
2021-09-28T20:02:49.645117904Z 604 NmN8nRp3M4rLJ4uXUbbC75EJR3UbbvxfxobSF1mBsqNmEAzpYdHDBdJqqAOR
2021-09-28T20:02:49.648018493Z 605 xrFVglrN5TqsnxKwziDVmlPheDmJp4DnmBCPiSsJ6wo22EmzFByMQEiXi1ML
2021-09-28T20:02:49.650783281Z 606 Ly6zs7LXrW0wbYtJxgimtDdZ3TorR5vGE3aIvW8dDnnX7gO4G11Qe4OpCY5M
2021-09-28T20:02:49.653288549Z 607 CHkYxNcdXobnYe6kEtYDsgP2WNan3BOjrOflEKNylsW7iJ23Jrwfb8nrgi3A
2021-09-28T20:02:49.656073385Z 608 q1TY2Vt8DWr7IAUwyY8nGwL6K7E66BqaJT3leU6mMtprpEc242vD5IA3Fia7
2021-09-28T20:02:49.659030194Z 609 ICiKAHLddeDzHwhOJ4U0wZh9PatVXmWjxGpRw10pDOW8I37C30s5yYo2SbUd
2021-09-28T20:02:49.661574072Z 610 NnPwOn0dW4zJgYdThbsLSM6QioBlppJd1jDFxzFrFs2r7ordI04NWt2SlY54
2021-09-28T20:02:49.664982229Z 611 DuWTnfYO0wpG8RwozzdmDSXFyGErC5HNYqHJu8xJYVDQmRHnvreDBk0IscA7
2021-09-28T20:02:49.667680742Z 612 WLZuxLNxLfAeJ6C8CEofqjYB4c0ME9HIY2ukN5LmjptvkCi9Fvp3RKZvo8fQ
2021-09-28T20:02:49.671816771Z 613 IBe2JgWoMXIeBh1PfbD0Kc8qJSg78TE7Xcpaz9UZaVvLc11hKJflWERqzoXy
2021-09-28T20:02:49.673090055Z 614 RpaFmymCeXEfRDQvK5eqTgYYCRJiHHLkc5k1A9X16pbtQtKhTogRshN1jMWz
2021-09-28T20:02:49.675160891Z 615 TrgS5wj4WTnX5bnDXFFdgjav7M3vw0GxzWzXXvFVb5tUvgILNu07GhFTTf4a
2021-09-28T20:02:49.677179895Z 616 nIkEHGK5NrL7lL0L67GXpOid3uRMcXIVE5iw0wAwuFRGs7MR2hVuY7u8FlA6
2021-09-28T20:02:49.680087186Z 617 OHavwagYE2nSzlp8yqjNKDCL4NrmdYAa7IuGQ5Usgp4yjc4ZXcXubKPcxPbb
2021-09-28T20:02:49.682964444Z 618 Pp3cDUub97iX6BMiL149pmP1DQGoUZzozE2UwgTOM0EXNUkoVBD3a7lcxc7H
2021-09-28T20:02:49.684122406Z 619 13cJvue8WdwQDkI42PJMTj5meADXlmjWhRa6mXoKvsbsXrj0qYic8mX4HYDk
2021-09-28T20:02:49.686555184Z 620 E8SQfMeQzlujQhxhIKWLFaloYehUbLXmRtuxUHXtTSP6YouXdAh6JUWVwmxX
2021-09-28T20:02:49.688766535Z 621 CPGiKwKe64oCUPzMG7ZwGDe8ct5jZ4OHXOCknH0CZDkm7UIACl6yQ0SFjAQH
2021-09-28T20:02:49.690971970Z 622 Ko2AAA3Aj6apZwQjAO8yJqvKakQdziq5ioWhimYOXkkjSiRoDXEnBY4fR0uH
2021-09-28T20:02:49.692183223Z 623 zCIl8jFIjxal1I4TNsDqanVfeVGX0WolV91cA2KB5jhaYwxPy83wy2tXUpej
2021-09-28T20:02:49.695083607Z 624 LlEDIN9Qpq0umZ4NQYcAeTrYLM1d1KIibpoZ0yOYiuMD7wDNWSk01JacEoC6
2021-09-28T20:02:49.697123887Z 625 z6NkdIHbB6X8GkgQLGVWhTStup7nid8aDS9QlwMQERKoYVVJ5SCKLanNuvTX
2021-09-28T20:02:49.699980648Z 626 N7J701OYj2h14zGkHIcMPY9nz55qh9zf3qDxgdLLbBx1y4deEEbpxk8wab34
2021-09-28T20:02:49.702148999Z 627 sMCOd4aa8BaoFfeN4vsx6V8NBrq7hWZH5wJn2HcOloCuiEkbimnjyuL05ISP
2021-09-28T20:02:49.705064028Z 628 5okWPVOVYLcN4f1bsVkH3PpACpMPBKbgQ5Sm6os03Zca4guOXT9dPW5DaowW
2021-09-28T20:02:49.708002236Z 629 9wXVWoAr0k82rcGulRqYUQdzkbP6PVS1P5ODJfvTa3E94qt0DRDiB6AYdKfW
2021-09-28T20:02:49.709196207Z 630 xbIE5Ywg2efw8v7tLZaEh0fxItbndYQ4Rbr8m55oo2YtGPJWgmeH2ej7dDTh
2021-09-28T20:02:49.711590146Z 631 fpJi12rbw4ceqeTWyDJxsLTO1YiznSjuIeD85ycpWMw0dYSMEMq41XZGdNfj
2021-09-28T20:02:49.713784797Z 632 i5vF83G09iH6Q0GfxIpMFcMuuodEtKOd2gvjafZW0eb3pwmU3pdT7s0DVzlX
2021-09-28T20:02:49.715968887Z 633 ifIKGlucmyXpV1gLOWzQESGTN7JnidXRCQ3SLVfeDaAp4uZG5c5SdaSMljZW
2021-09-28T20:02:49.718163415Z 634 Qigw2GLItUjdC0aW863p8SjxrydqfdprfsdQ0xUtGW4PqnzNtvTvY3Qropmr
2021-09-28T20:02:49.720595712Z 635 T6fNIPKPiqGXDODxrynMm1x0FMx3tdYzYnfTTTNS6hUjpbTggME2vuKwlWMe
2021-09-28T20:02:49.722877366Z 636 AMiO2Tbf6g5YQpLpWkZjIj6HeKjSC4K14iOoRt6NbRzL9NDa468gY228WCDu
2021-09-28T20:02:49.725054244Z 637 763zAws2whUwCMqKT9UNUbd7UqeuJAM81ZFsYVqoSZMqQndDNOuG6ptAGuaZ
2021-09-28T20:02:49.728061676Z 638 ooVVGKzIlCoG7dkndJbp5DD06wpwsYODv5LToq3ZoT99olK60ZArgg5TD6Qz
2021-09-28T20:02:49.731140458Z 639 oAwkvUYTLiBnf1EJGxOos2iy4bxalkzmquqgEzPdJh47PfmsoxUqZq9b328C
2021-09-28T20:02:49.734021927Z 640 fzFQuNyE6s19LoWt3wWGt6JXdVbgTajqJnwJ8GhixNarD00MWZYW0dnRvTwF
2021-09-28T20:02:49.737005554Z 641 tVjsexQzjlfuKqpO9O19bF0MJvzLUGs9ubbbpS8k5SI3OTDDTYmSVEhUs7ZQ
2021-09-28T20:02:49.740039722Z 642 xKkXoKGwhAq38gqBnoFpG5aTPuouNHmyot9kZpIACTpmlv58vpAzT6zeaiGE
2021-09-28T20:02:49.743157984Z 643 ImrKmlfqoe8hND8pSU6mIH1BST3r6QNBnYdbEfsa25G6ULJ8Zb2VM0OAzPYv
2021-09-28T20:02:49.746065254Z 644 69O94dCPVCmieYP3wJRbTRlDBAlJQqxfaQm1l2HHvbZgdFmH3fs0gUvTIOaI
2021-09-28T20:02:49.748240752Z 645 6aAqtW8xmuR9YF6E5nXhcTbffNved82XgQZQJmz7WQtX2diEGN2WMnammw4R
2021-09-28T20:02:49.750410186Z 646 4VmRNNZ3V5GaWHKUUQUgVVH1xe5pDrLhLgwHnnkPy3T20Dt0n6rsm6RarKJB
2021-09-28T20:02:49.752549979Z 647 USDThHEtxiWgCJILYMY6yEXU1EBDCRWtsF81BXkSnGbuFjSp5RsKwa4WxRsx
2021-09-28T20:02:49.754947022Z 648 53cWLASUY2v9Oxgvs4HNJ56LPg30ce184q7Ol6J2ONQv8GHpVdxv4REKJ3Hb
2021-09-28T20:02:49.757447005Z 649 Pd1PvhL4Zpd2vmTzt7NghlKf3x1qc68MgPxdSfSzppO4kEF91SrDsa63Wai9
2021-09-28T20:02:49.759884959Z 650 tx4kmrVU5OtpLpImbF3fXBNRUL9X1HRSbGtG8QPgqpCPPNlYGxoEVB5PJlgd
2021-09-28T20:02:49.762950121Z 651 xZJJTlvfFHfaej3sHz2yjr7nkgFfOE30912iFePdcYlW7xnY8AEtZpdou0Re
2021-09-28T20:02:49.765141716Z 652 9wsN9XWp1EXdZOLVyeSmZwp7bxhXQvq8rZFRMjXFQxQjgZv7eaZv8QFiveSy
2021-09-28T20:02:49.767219720Z 653 ZgPXI0cGYfo4jvtbfaA12laXeqmA19fhmzDTxIwXiLfnymDpxYsimaEYAlLC
2021-09-28T20:02:49.769084496Z 654 Oud0aACoJN4nBdUkM4KmqPKFX3yeXiXuKvnYLdrAWncwyCe3YDBZXwGv5DEb
2021-09-28T20:02:49.772006404Z 655 aYny4QK19nwXyOZQlWRiHx1apNzWkzvuNAO2T4Z6PlLADWXsnDqRgLmRzrhq
2021-09-28T20:02:49.773443894Z 656 5A2kxeuwuHM8KMQOk9yYpFYsTsBq61oSddlCFYmN7AZTnIUOAVKRD3wxDbRd
2021-09-28T20:02:49.775992167Z 657 RA83WGHhGVqK1KTnZ6CJtoASFtAClqbfbBUlMOvxgF3fdK9Qp3EjVQosYQ6A
2021-09-28T20:02:49.778790626Z 658 fvyoN0yU69M5hn0IG0b2Kh3uyYsoUPsAojasFHfPhFpPvesHkH3cYE3MMC1O
2021-09-28T20:02:49.781471019Z 659 RAhhBeyamYv7SjTHGauGBYKhAate0Jl7VqQCaNJFGe2yLixkDNexpaAZ2ncj
2021-09-28T20:02:49.783992416Z 660 6o5guEPca0EI1qy0syroEsKcR245QrG0K26o8Hta3GRwwjMWDJjAT4FwRBdf
2021-09-28T20:02:49.785537880Z 661 PgVGyfES3gNdFLKQ73gUG7T5Fq2s80UU3YDoPEGyzXaf7zPIYpS2bxwfhsVv
2021-09-28T20:02:49.789106167Z 662 OfgMs8EMPcYpBekJA4wQC3vDqObnqqf9bH4eLku5o605hHW4CgDmF3Egby54
2021-09-28T20:02:49.792337667Z 663 pPC9tXBFOjDViqtYRWxtDsn8cfEVwaqxFMJwwEexAEZ7JswOlOD67w0YcEQt
2021-09-28T20:02:49.795053372Z 664 X7jMNyZZY1MRgwiImF4GoL8dgxU40q1IQRgZ8cYvswuKwnmgxpi6xxsgVIAI
2021-09-28T20:02:49.796627734Z 665 pZWsxjQ2jwOGFOT7uu38CpAhKVkquATfmu2SVpreeaXAQ9ohMlsQYSdgx7We
2021-09-28T20:02:49.800089399Z 666 p19y5S2lRx4m8bqhQKzriZU9b7rK2YGLuoVldzOXMzIf8FQeYit1EWqXhKke
2021-09-28T20:02:49.802668382Z 667 PSjfL5k5gGk23bF6IeD8Tc3jLIEdzKC13wDT0HZvyaS0a7vhUaXIf8u9dYkQ
2021-09-28T20:02:49.805266061Z 668 D2R9bsl2rE5K3QpMAs58M0pEIaYKRuaq46l9248JHxCa0ZEphoreSLjh24dI
2021-09-28T20:02:49.808196783Z 669 LDtW8Z72cXFpTsXb4q6XE3sp8b2u4zXzdK0e9XunKBvq0x6vaebFNvmw3AXb
2021-09-28T20:02:49.811017693Z 670 5hy69AFeoOIqGp07qJT9pfnGRsMVi6lqyTyeqHJUyeoDKA8ZW6URIYIUJSA0
2021-09-28T20:02:49.813373830Z 671 sgxkbaLqiE1lTeyZzX21vXjo5b2K4W0F822mhKJNX1lqzHn31OdckSTQNQJl
2021-09-28T20:02:49.815773367Z 672 F5el9mcTKTLtldzy0RkleziavngDWjj3Vp5ayrDPzh5edLNU6xCqMt3jsu0k
2021-09-28T20:02:49.817733272Z 673 XsfAQ226aTDWt7bKBvg5em2ax3AxoOqTW9spN59b0M4x7Rk5SgDL0zoCpstH
2021-09-28T20:02:49.820048754Z 674 rndrYteUUm0BSoS8pAzREJqTOiCivOSECNl8DHFI0dlNjT4MUoTq1OQCajmb
2021-09-28T20:02:49.821095383Z 675 YmPy55ER7lanBRPweGNx7TEGhvWMlwNcBKaSAoui1m3iMyogzifAxYDq130f
2021-09-28T20:02:49.824024144Z 676 BXqqyKwyPNSlH7LgczUtpGKC57lRqyOrnG6FjKNNKlMMuLePYkC8Ag25N4Pl
2021-09-28T20:02:49.826755846Z 677 Ya2n30yRu3semOV99YT3NWcQSiHVR6urVpOyQsdunpWRtV4jkqc069PNt7Ty
2021-09-28T20:02:49.828551358Z 678 LRSDTdV42hSWo7T8cbchI19JfrCj3jZiB0JtO8yCNNfXdQSN6Er0SYobQxzY
2021-09-28T20:02:49.831039636Z 679 EqjC8qyVJ5Xu0alZ6DQiXxRkwenMvgRXpIgunKDm4ZAW330L7lt6aRbxglaz
2021-09-28T20:02:49.833215481Z 680 HsCH3fXhDFeqBsmHFm5fP4xe5GShRmcHjfYetai7Du09sWNPAko2H8GnwjDY
2021-09-28T20:02:49.836106119Z 681 YgAdfEkEGTHTk9XPHdtEOQZl3iFyCDfJIHdDFRCdKAvbaahJTeRCL0rVavHn
2021-09-28T20:02:49.838839302Z 682 tdcsj4n6KzYHaUUQLcyvcUO8MofOTvHaNixJ1tLXTrvVSo9GGdj8ZRtkbcnK
2021-09-28T20:02:49.841571183Z 683 mGlMxU3NOxvJrA29bY6EQEvoO7mXafLLSbWrAQmyRehnqYamtV1KXt3nEyeX
2021-09-28T20:02:49.843380665Z 684 Ae9C4bULahmsOMEshbA1MdlrYvMkntkuT3yLQqcyA0vF6zKguh824mn6qfoc
2021-09-28T20:02:49.845417749Z 685 3EeeWSsvA0G8HFpgfQ57JWiNKzbqpY2SscAcTQj4BHdebmH3lCE5kRYbloNR
2021-09-28T20:02:49.847947775Z 686 oUk4Sf2x4Udbv4UniyGNVcRpTk2Pk9L8rYABhNzQWQxdHmzVQq989eCIPVKW
2021-09-28T20:02:49.850220731Z 687 SB6HachBUpqHUZ78QgnX7XLpKzux2eNpayLyin6jgFMkYnwe5WyhPqsFrBgm
2021-09-28T20:02:49.852536246Z 688 tKBtuX7pnPf0ndczd33FIZMxnfiy2Wp7nYlF2eyZPix7EZyrgo0ILBUHVYw9
2021-09-28T20:02:49.854335654Z 689 xpZCkDhonlWIMYxbPJTFsQ0ZggIjIyFsuCnhrFRYFSZebakDl8rkc7LNHVpz
2021-09-28T20:02:49.856193836Z 690 Zyo3X9CoL7WQolXVMndeZoTaouUsn33bioXd0SnEwfrgXDr0tAQuIirAk1eR
2021-09-28T20:02:49.858142320Z 691 8RPojXRoYSwbHZnSbFlUb75EggXIivdgNlbDVEqyFtrMpROjVeKQBBSx4dmG
2021-09-28T20:02:49.860942396Z 692 sPP1bbajaE32k3uECei3CEq3KdlSnRRi6o162WoKXv53Vbv3skEuleyshT0J
2021-09-28T20:02:49.862435383Z 693 5cqTw1fkE2J9fHr12PGA70xJlDj2O3sOBrdvvQAHlijj58GbxmbyAoogugH8
2021-09-28T20:02:49.864847602Z 694 iDOuTD11Sth5FtrW03F2Jrdla2ZT52YUQRkmHxyfAfzK4IwHPIHqbgEpqcBa
2021-09-28T20:02:49.867110599Z 695 Y4nKfvtdlzkn9gsCA315Co65FhZHb5LarZLFstFi0eNSygfr39o93MbBwHv2
2021-09-28T20:02:49.869833327Z 696 J8UvTuUpRpXza0enPQqmWDFMVG1GbS8aYyjLgAuwTVVnNy4HZcqQ8uu1OyUd
2021-09-28T20:02:49.871449877Z 697 0NgCcDMsXAv6JiJGbhqS1CTtYWzIvjZrWNOZB0WB0hKyCEarBYkZGPHL5Yvq
2021-09-28T20:02:49.873373156Z 698 E7jVzMyF0sqtxHFOpzr1WmyBM2axiVx1yObCfAvJuOTkxzARub3R1Mb92P58
2021-09-28T20:02:49.875252630Z 699 hanxlDT3TNr7n3mBexaGxKIO2pqJauifpxzTj3gTiXiwsyMyUxkve4Wwltbg
2021-09-28T20:02:49.877844750Z 700 m9MqIS9Q5woBRybysMbSGJhkM9zeZYAwVmUtoyiIZHHy6sHVgI7y4cZmIXxl
2021-09-28T20:02:49.879119339Z 701 hXz99k4Fa0yDi9TF8jKY3PNPKZiuLWnlKPCfcFqVOiKdaETqw4VxDvGLXYgO
2021-09-28T20:02:49.881415124Z 702 0y2kTCHg2drNY49jzne3QEgAjuCLaT9VmS6O2FR0eW4JWCzqldr3OZZ0ePUQ
2021-09-28T20:02:49.883709635Z 703 uDTp2tQtMQpEqfk8URmp4a7FrLZr0u83u0pTHRVYsh7V0YTF1MFxnW6ijOaC
2021-09-28T20:02:49.885057818Z 704 Ihtd5ZYHoAkz2zba3g410mepJ8wott157fXrAeDTt67TLlK2r0XtbI4oXokR
2021-09-28T20:02:49.887242284Z 705 5UMwq6nywqk9obgoMG3TAqWEmwMJlZOMUpW416IoRlFlLvmIIJi1WwkIRDd7
2021-09-28T20:02:49.889720986Z 706 J4wiPbLPVgI2PM8ManN1c0LHQJs1Zzi5Dd7f1wgTKroPVmKO4LL2rj746moO
2021-09-28T20:02:49.891710567Z 707 OP8E3D2v2Dec7HS1QGnXKfGSMWAzj4KH3Jj67E6dof6GidnGmEkArAlGi2bD
2021-09-28T20:02:49.893420781Z 708 Yo0RoJCCAKVAFdwjaTJ8TF0zguIQBl9ZPTB64eSlJtONqem4LY2xVJOnUEZ7
2021-09-28T20:02:49.895135752Z 709 2RGvGR9QyFvEhCJZUXvYeB5PQCmudmyHEcKV1oH4ywcnCKY8Bnkkn8Otxo70
2021-09-28T20:02:49.897512057Z 710 U92osTMJrx5ROgmfoOgjiQrQBNV2Fk5KlvADXNc4tqd0ZC3hSGiC6mlksdA3
2021-09-28T20:02:49.899201254Z 711 Zs9TD8TpMGNprM5iAgvIKKWW4kzDsQwbTdzVRt83CmjP1trmGJ1RhKMcvz2M
2021-09-28T20:02:49.901940906Z 712 l7DOzyjkkMCUB79gFI3aUHF3cm2GLPg6D9ZJIvl29iLsbcFsoO9sghsDD9Eu
2021-09-28T20:02:49.903281328Z 713 6nHCuv7bbRfVMzWfOfrsSw419BplOKx7fVWgHKgsi9GpLYG4h4kSrJlTBaDg
2021-09-28T20:02:49.905408184Z 714 LCwydf76vNPN3bKL6AoFAIsqms29u0vKGBcDeVv1bHeOfPzGrDSuoHoptocA
2021-09-28T20:02:49.907061845Z 715 69CWqQ5DQZKonHmnnEY9akZQ5MwH6ntkV37Bt7scLMUnSDNUS6oF2wLRqPJ4
2021-09-28T20:02:49.909842128Z 716 3mLDhe6rRdylD7EWATo5ZjBAzAwSZiizUUR5Dj3eO50Qw8qLqYiMuaxizxiS
2021-09-28T20:02:49.912011004Z 717 kzWFTAAd2Eylvl6l8xv2s7Wpw3FN2wfivmbhLju2UV2Ua6YBmlhkgORkqJaC
2021-09-28T20:02:49.914932883Z 718 38VTGAjBdIiUl1wv0moMX8JZ6pG6ljJn7UHPrqM1d4pFH3pDiv1IAunpyWjC
2021-09-28T20:02:49.916351483Z 719 BjLH99abBJgs8vMzXXKA71bf1gJucnN8tq28oVQhZzZ0q4EdaWfiqyEumFyQ
2021-09-28T20:02:49.918767779Z 720 OlTifFHyyxaRJPXGf3N79C0WwGKL3wviCT538Ei5DNIFzxGTBsxbdktFfyyU
2021-09-28T20:02:49.920920146Z 721 bxGhtfmzP5W9mklaYIH0nmVMrd9wqb3NNBuJPIBwnGz0exaVhRZ3gHlfpvmq
2021-09-28T20:02:49.923119103Z 722 CweC9ALlKzsR8UuvImg6qYDIlBXrF9H43TUcCBTPMSTbj7MP4NLzyYd0uIi5
2021-09-28T20:02:49.926007310Z 723 BH8jrfBO3yq8DAEjz76TcMp560o8IAREtJB2L8DwoWULg1t1iRNTafjzl57Y
2021-09-28T20:02:49.928932046Z 724 rHENVb0YWyXmSI6XafJQGKGkFRzpIT8iQHM8kpgeTYIDOWuRosunCb8AMmtn
2021-09-28T20:02:49.931811954Z 725 JtQxa1fsxxb9fbHcqvmgVWMsaW27PvBrTKhktIfmoginNDraB4MmBGpAzqt8
2021-09-28T20:02:49.934003127Z 726 G2Kd4J5lF2wyj1PtwuuLLUKn6Zo9kyzeBSVMr4lIK7CfgPnskMDXbAHOqzRx
2021-09-28T20:02:49.935096962Z 727 IvtkGFDJ7PgPCiVdJLqo5YSZ9QB0yI0vYePEx6BnOGOVSqiSPKiHrx3LfJTU
2021-09-28T20:02:49.937922916Z 728 umSYDBdqu8zMWhPvEM63TXUXrSPwY3eG0fG8rf7nvGyeltM0OVNG52f7sxXr
2021-09-28T20:02:49.939198564Z 729 TX9bz1oSZwiEbhHV6nSd3i5WD5wcxFEOLwRQaqUpEPcqhfIHRaXZ46lPtpmF
2021-09-28T20:02:49.941237087Z 730 mfwJ0DCfE9ngqSA7s4wcs9piwUG6s5ayJQrklPIc2P9Rf6qAfnfAgspoKlN4
2021-09-28T20:02:49.944003848Z 731 ZGWJjkSsY9bx77Rboq9RIClVXK3UBGqF9uPlw4RIIdEnr8CjfiuK08YHPL6x
2021-09-28T20:02:49.947183691Z 732 tAfxjt5IoPYye7Aip2BYWUlyarbjYVVGt64krEzkxsPwUhPavbFCnUWfTkDf
2021-09-28T20:02:49.949998810Z 733 B1kUogKe3a0JZiAOrcbMuc9khp5cT0FtGOeQFsVBHywGJwPgKj1fozcYV34L
2021-09-28T20:02:49.952091424Z 734 OBBOkRLP1jyIfKDeWalyJwSYqAsi5lR9AsjpKLx0qc4LJvjSFMp0AGTGy7a4
2021-09-28T20:02:49.954821068Z 735 GhritFGRfK4uHXCtOC4hO3R4EB6UKXvcCFLiNl07YICjYXX2fcrUGNG6eh7X
2021-09-28T20:02:49.956165111Z 736 Lm3wE7M4HX4PVuc4NJxsthNJGOnRpxHfsxEjmeLPDkr1BiuNqFh9D1vvywon
2021-09-28T20:02:49.958936051Z 737 YJ5yJA390LRxN5j25Ca2g8OVXK4Yohhy9SQROeiuamOfFc2qTSbRHoLWwMTo
2021-09-28T20:02:49.961118412Z 738 ZngtUmiD57JCNGGmv1xLkDDbYXX5YqBNRqown6GM1VNOq54doKKmow2EB2Cl
2021-09-28T20:02:49.963680075Z 739 K68HTbF7sNTiKh40y0FP1VQMJH6Rw19w1EN2QMJnkwnWNNChqxiBP5ZRdzaP
2021-09-28T20:02:49.965960408Z 740 hDezeGDjyX8x95PPo7JumTTqYwDS6o3cLWnMqfebRqr36bsT1NgL0vQEkoig
2021-09-28T20:02:49.968314614Z 741 UsnlqUCvBLxmNOWup4kCo2lfyb44Vu8P8nGQYmTZuijH6a2lQp7IAidZvWWO
2021-09-28T20:02:49.970528794Z 742 gvUX03y4SkLcLtGSNc5mCtNpLqGBxUjz6nnpxwRrep77kfbRb7ztpiIxvYyU
2021-09-28T20:02:49.972200603Z 743 U2wBDo6dhfh559068CFaUfHfSZ17ZzJuRT6NdfXJx7jo6eUs3B8ECHtHhuTh
2021-09-28T20:02:49.975034237Z 744 KgpHFc6BwCjsddzbGNGTuZsJMIHx0iOqH1igsvpElVlQ3jIf4WwjPXDyn6z3
2021-09-28T20:02:49.977856652Z 745 4s2NQcHaT64tUtQmLB51qG1llJlKBUaaZNVp8bla3zGfOUBRjChljXJendpC
2021-09-28T20:02:49.980879624Z 746 lmD0zRE0wfp3Y1YAOw6SeNvnjmKYOL9YEp5HvbO6RykaYU5SF4gilMZ5gtdX
2021-09-28T20:02:49.982188789Z 747 fgw9SnDwtkl4pVg2qxGviMzqHiEXQx3Rq9fuT5f02x4So8U8FLO8N89klAiB
2021-09-28T20:02:49.985115385Z 748 HWPBdhwCKqjDYCX4LXUXe4N4YmEG2WWW3bbMvRBzfmoEa0ev2ExhsSsdCMcz
2021-09-28T20:02:49.987172598Z 749 r2KhUJFj1ufz1qRJiK3NBjkgNFuBhNhY8XPKq0iEwUKjZeU70dEbg9SCV6iw
2021-09-28T20:02:49.990213365Z 750 W8snsMXowAJmbY6JCeFcJyTyVFGWyKAv4QpvhmuqXFg6cGUJJ6g1PCdfvj1g
2021-09-28T20:02:49.992941204Z 751 sO6GzyqH7TIhFPJWLrmDVUDwzHQjfjJ3JMH2AUI88SpxoP1sGEo1ZwwIARpQ
2021-09-28T20:02:49.995600799Z 752 TmnvlSw8w3Z48qS2gpNKKKjqV3ms9S09vA9jh3NCAaSymghL6x8WREeGCb9y
2021-09-28T20:02:49.997361529Z 753 U7m14bPuW2WCc6llQ7GDoDDPLshLHsnqzJRrRYBz0vVunRjPWpn145AUfMuh
2021-09-28T20:02:49.999257796Z 754 RWeailP9IyXnjXiOrJrNV4yogsgjDmRBjJuadlldDrsCF3KCR2U9wu3USw6o
2021-09-28T20:02:50.001950391Z 755 LOmW6vuewIVwK1k7IHJDUrvsplb36Qo65fugB2eYyy7YYTNgBBuOYN0MX8xt
2021-09-28T20:02:50.003309556Z 756 Ev9Dw5v5HUENt6ZmkpkKtxpy9EUQvAXe93AsCIAMVqqBbS73317l9DoYc58j
2021-09-28T20:02:50.005103458Z 757 uKwQtZvwNLscmF9U4dRebxQ8tz1YIA7YJal5vJvd1Mv8hKgwTLeobXAKe956
2021-09-28T20:02:50.007987148Z 758 C3BGNRPrgKi5tQagegpaSc9aCPXQJKJEJiPb0PdhjEUwV7XNWZ97irggryRB
2021-09-28T20:02:50.009340218Z 759 4yw9lq5VJraf0HuQcbDJCfmI1kxKxxZ7OIEqTox0AFrznwB1HpCyodTPBPB5
2021-09-28T20:02:50.011874264Z 760 kmL3W1zde8GPVtMN0kcFrDZA6yKFATlSMP8uOAkY23JUJiIwKaTMIyCTVM33
2021-09-28T20:02:50.013721120Z 761 ZTFawJIdIgEYMfzRJXyAiwEOwcoLGiQvuCyjYqzlWWx5CQZ9uHXE1VAPyTjj
2021-09-28T20:02:50.016035490Z 762 83jos0pHe5eGisrn1foPa9JIl9sAn6pTypdfpbtSjZXC2hMaUNCArW6DMPwh
2021-09-28T20:02:50.018895348Z 763 9ef23igrLbFfQsLinCLpFXwZLKyAc7zwp1RYjmvzjoLdEMPxKR1xJSLvXkWQ
2021-09-28T20:02:50.020224243Z 764 fqamOqxm1aehZYZ9BcydOnWqAeUjjqrVqRiaK7E4pUvxIB6evV3fyHyGh5yr
2021-09-28T20:02:50.022196574Z 765 QXXaqLPEGGzaMDuepAdJbjWyMUCg3E664d6Yuqyj3H5pmWIQKQ6Y9eWT9PA6
2021-09-28T20:02:50.025015973Z 766 r5UobOJame8oVRWBTK5xLjKI472RmisA05qnI60dCkbvXWC3Id95Wmjov08t
2021-09-28T20:02:50.027252646Z 767 XpzuyenvsstX9OAhyQoReryqewjwveIfOmaowJChEQ70rK9xXuOFdF5E6dmm
2021-09-28T20:02:50.029554611Z 768 5D2XIvr5SHw0qdhiErtmgSdlHZGge7S9KteokSSJ77BOKGjeeuco8RTYxmtJ
2021-09-28T20:02:50.031336775Z 769 r7aYYBZMIb4Uane5poT5nphZTxjzp484BuqiYgWl029ar7RUfT8LX16149rH
2021-09-28T20:02:50.033317102Z 770 icNp2RteRfoIowvWezMPIT7P8qFppBBymmGTY5nIeLrGEhYiKafGFavN7eqg
2021-09-28T20:02:50.035285572Z 771 FzcRuA2KrdK8rZxEdVA2dBBkUGJCiDiHK8qg4UmNa3swXBV9nBDGFOKBckvG
2021-09-28T20:02:50.037229626Z 772 pZS3g8uGv2hp8HsXOWZwFF309UucFcmUFONrAsQqm6eN6k5beQOEwdf5nZZ5
2021-09-28T20:02:50.039361047Z 773 z04lsB9JpQnI7QLvb9gWZ5vUasWqeINEWRnYsRxp2XbNdIb2qk3lYyv96dft
2021-09-28T20:02:50.041100431Z 774 O3DZKp7HnCbD4ZI9bZW2nRfUqYSPrd4QqUXNkZb6UX1GXhLVAKigkgGTBdQr
2021-09-28T20:02:50.044111923Z 775 12Kik8wJvbRm68WCHovpFCJzKVuBFO08JpCsDELoq26F7Vr2X30xj0mBEpNC
2021-09-28T20:02:50.046840844Z 776 hwEPM42nvvcjNMyRczxMzEYcqbhsQdAWqp6B4kf27QF6HhH7GlKJMsJg66BQ
2021-09-28T20:02:50.049041108Z 777 JTvHHWSj6PKgXSnn8zovFPf5lzKdWj0rjBc6ePWdYgXYNHizCjviWs5gXMUy
2021-09-28T20:02:50.052117466Z 778 75jq0hwBs1B4w1YD8AEzE3AcfJfiIs3oF64BVE31RA6d7i9qXxycwxA3tNzt
2021-09-28T20:02:50.054920655Z 779 U8XGF83ooHnIBGu5ert9M0FbT9Pfb1MyXrdt4RZUuqNN6AR6ni57U38pcCHP
2021-09-28T20:02:50.057114706Z 780 R9b3gZOcUXG7Rsd7iqYDU3wtv1O4vPzMzqaqM7MjWQmcX7J50qpYycURYhKp
2021-09-28T20:02:50.059986564Z 781 3rejo9cNwBdEQDZY8FyOfL93uyRUYhVYeaTBILrjTHUfKXEdwv2Pk0UKiXd0
2021-09-28T20:02:50.062864065Z 782 vo9JiZFbMRZzakvEMHtjbpqT5gxqBpZTDJNIVSfAhFarQoPlyJH6NWBqdF6e
2021-09-28T20:02:50.065707534Z 783 H5lsL0kI3RuavEC8qaPavv9spp4jaz9k0BvbRa7TDXZhNjk55z7Zt9rg6Zg6
2021-09-28T20:02:50.067978019Z 784 sBF80ZNiVmKAF9LBK5iewzRapdly4xaSH0PWrQpzFNhdmIkD4LXd7P2cOT7B
2021-09-28T20:02:50.069290075Z 785 GrYdfbOEI6f0d26AImZAEuPG7tsogJk1A6Sqen4kHlp0RmgrYF5g3idePlZ6
2021-09-28T20:02:50.071233346Z 786 uqzEgdqKgmcTy4pxyWWGp93y6HZYUBRCOOvpRrMNm57g8ou4zUK1QRq7MsjR
2021-09-28T20:02:50.074154181Z 787 tvLy6bK0UpDJqxTolZuzhEChyZfAfTc8puNpvSJ7Y1XN0MNRAm004Kg6oIoN
2021-09-28T20:02:50.076174947Z 788 atLbOtLNdJhxiw03WpJK77lXkmm51PU9oKK4w8Ysc3NjrHUFzlbt6T8QWpr9
2021-09-28T20:02:50.078259634Z 789 noWLHBRxf4LWYL4xbaUf8iFCNXk1uaCcgvGvGcQq450pru7rZXI1scEf8pZj
2021-09-28T20:02:50.080251752Z 790 M7WP7sfVFMdSw40G1Y2MxqOSKcXxf4IaTyZjNFnQOE5mangBTwhpEDHhEkju
2021-09-28T20:02:50.082154659Z 791 RFrMLlGuGW6wevu6J19SyuJNX1tTfRA9s9TpgyOImv3cnl6YQCkdmUP8NXch
2021-09-28T20:02:50.084754387Z 792 4mAOk0HhRMKK4Yf3r1skLBCjZA1aqnOInRNMKvr6fEAYrBP8tVEs9q2OVnjR
2021-09-28T20:02:50.087113202Z 793 sB4hDyvhMpHgEaoqVfD6ERfFsyB6IDVVOfaytOlm3TTP8NGx2n0CXPzB6CdP
2021-09-28T20:02:50.089291943Z 794 LGtlRkfM0z6QTCwm6CY8F50vEFwFuon4SSRswUSfN5784PyjbBqrFrefNLvK
2021-09-28T20:02:50.091185269Z 795 N0DTMS4QJoNyHI0bgmS67USZu0fJIRJgF92vtx4UyoXAjk6kITikPgmqczsw
2021-09-28T20:02:50.093090967Z 796 wDXhJiqya6hPL6S0FZFZqmpT0ka1oMUehgibv3inMgltBddEcERg4zCwFVtP
2021-09-28T20:02:50.095225843Z 797 ILTPUiHfq2fKHbVKo7Zyd3Bv0gDdilfXg3GhA150g75OPppl1lCQTDL5UNb9
2021-09-28T20:02:50.098128154Z 798 II6SHMAMezPrvGgkxPWJd4ITk6LHbNIfWQk4h8ThlT55UBtwVSjHmShFjCz2
2021-09-28T20:02:50.100321761Z 799 s0WSgDMPqDzErNBWV5d2GmciU2Q8B6kB8zolLNg1R6XZP8CFGCtjtUFZSOox
2021-09-28T20:02:50.102330652Z 800 8RagUk1TCxvdbiCYS6Es2bTowwLue5ozJjcn1axm0KcOjNkQgfP7LyeUSRuz
2021-09-28T20:02:50.105238321Z 801 5vq0Lskh4CI7wB8AKHrhYoVlGDZWL7tyrKeZId3R1xQw10dTPqs3INiTykxt
2021-09-28T20:02:50.108146953Z 802 DVpn7hTIsdGx46Ka2t3UgBYShW49nANebkMjQTzsl50ruhLMroIVFWJiCunA
2021-09-28T20:02:50.110480232Z 803 HAkAt4YrUvKl0xVwIqmjJ2jXt8cEfGmy2uJV2zXvAsvq0BRpkDFqVhuRRUxD
2021-09-28T20:02:50.112909632Z 804 6iS1b2jNYz0tJbeii63G2fnBlY3VXoq0MTziajvLSJVC2H2j9TW8E8lBqCOj
2021-09-28T20:02:50.114347735Z 805 8vlxRcq8BASUxLqzaaxjC6fqPZ0bPM0Axb9Q1KjbwngkzVCXh3Qr19A79kSM
2021-09-28T20:02:50.117107358Z 806 8OXkY2nMBMwPL276qRp556nPrcEw3nsbJPfXZDaV6Cg450Fm92pPaIWM9wCC
2021-09-28T20:02:50.119400796Z 807 6cx0Rq51rTxRhn3ujLaqCJTwINA3UzDD833VzqeRnkJGeO5tGKT62nqsimgE
2021-09-28T20:02:50.121918610Z 808 pfCFEVyPjgFS6ctls0foXxdF8oRWs0W5ejRGuHGBH8ivi0dlVatNIUocIM0w
2021-09-28T20:02:50.124926739Z 809 N6RAQzwwJlvm4v96APUfVhihmrN9UaTzSyvg6eOLwkQuJ8ACrrw8i3cO6iwv
2021-09-28T20:02:50.126333297Z 810 A9y168ObrOicYGlt1A9KFBMbFOj2riUSticRjFPIdfQI4KNvllnboPOfjMAt
2021-09-28T20:02:50.128560453Z 811 bH4uSvyXmnpIiFNebViQgk59iTeEkAALsNpXbFjiWDsyvRoHgU9ZQZQ2bmtZ
2021-09-28T20:02:50.130825732Z 812 z5fr4S3fxCkTifzlVOqvduFcdApQ2DIuNeN2NI3XoiU2Ey8QEfoYQwzSsgyL
2021-09-28T20:02:50.132248641Z 813 u0ZzXkNvGUzeq9AUFaLqJhBH0wvibdvMu6uxTQ41K1ND3IghvGJmKHXErvAl
2021-09-28T20:02:50.134356837Z 814 dodfO4vF8AJCZyRRuyaUKv3hOAtdCpNcasd7L6sjd9HMijuaBksQYGTkuwvj
2021-09-28T20:02:50.136173457Z 815 yUot4IV6rV9HHQija8mfNWOij0i2MYsxUjDAY3n6VtAp4IUoxdXFcbc2dPJf
2021-09-28T20:02:50.138100325Z 816 nl044tnQ66QUcAidBpaAAQwH6gIZclgFRmhMoMiNlODjwiQJ4j9vtqkborMM
2021-09-28T20:02:50.140973212Z 817 pmA5A4xZib7QBvVEz2VEw6CqiIUPD4nMKRvPNleF9ycsYztFTtJeLAom3Wh7
2021-09-28T20:02:50.142659460Z 818 rxhN5yaNDL6OHNibw4vnmdVe6fz5kk5EZhXipJsoRC7GuMygG1uNG0avOrtj
2021-09-28T20:02:50.144992521Z 819 xX6BYqBwOAcK6ZJ0dnvfaAAAB2FrHQk1l0jN5TmQde59wGFjZ5u2JP8XyfZl
2021-09-28T20:02:50.147201839Z 820 KQHGZCgFtuHc8AKFhduZz3ggR8LwA8zU7EqVZ7nllwP4tX3CTyDL4xRU3E7o
2021-09-28T20:02:50.149420630Z 821 pET86Gk1ZqPGHYuYvaj5xeclaDJzOeobzObiDpB6E3iROPAbVqMenkR2SO7r
2021-09-28T20:02:50.151069761Z 822 AFizi7OUIMRBTit3JiqKpYxZ6eOW8FV6aDUphKEsfw9F5KOBj05nhwKuXhUo
2021-09-28T20:02:50.153262447Z 823 7xiq8OaNuhq5dEivTwC6jVuVQ0NIstaViHSM8llGJQu7vPAJtbqyeAxof14k
2021-09-28T20:02:50.155060046Z 824 dXKSNMacb10VeGBZbDyAvkcJgUf0eSqrDejNJ2BulnW7KYbSba4ADnbW9Jqt
2021-09-28T20:02:50.158017932Z 825 ufSn940D25pd3i2AgzxTS9hJWnbEk6GHDmja1SPtbi06ZQyD2iJUqi0FGUYO
2021-09-28T20:02:50.160825766Z 826 dQyg0qCfxa2iqVpKRfApXOMheW5f1XGGd2zKMwKoPSxVis0M43zaNClibw6B
2021-09-28T20:02:50.163144136Z 827 V3XW85eiZiomW5BDdDEqSM5tuy72qMD3eL1QdEsCDabWXMiredGMkNNjzI79
2021-09-28T20:02:50.166502195Z 828 Ft4f9l4XuFV47Rl83ODl1SlMKHNhqAQOiQQidzJcdaONveLcWCGOk2hELFjC
2021-09-28T20:02:50.168139616Z 829 2rTzZOPUGscQ91YET4OYZIDJ9IRwOXq68Gj6JHpFV7lFTMiWdu9S33ax0Dtt
2021-09-28T20:02:50.170700254Z 830 gKO7kIpFQqfHyNaIAm61AzqYsUokdM1ag7wXUhTGfcupSaXB1D5EIBCcobCB
2021-09-28T20:02:50.172867541Z 831 clxxN98pU81LNre2XssHRHG3ME7PEsu988k8G47jRQ7DvhH0vIGiYu2LWDTy
2021-09-28T20:02:50.175146051Z 832 R4kvNytWJqsKvmwJC2Ugy5uYUzAE39eOqNS5kSGAIMT0hZYygUTmS5fGa9pj
2021-09-28T20:02:50.178239453Z 833 6KuiIJ6B0He4Xk5hkSQysYin5QwwgytrLfix428cLzMDMb9u2CyPg5grQK1I
2021-09-28T20:02:50.180130087Z 834 parqqUujN4wUpZi2mOwUIpPPho27hCypnXQ5pVIi30Js6slipCHE0q2gKmLR
2021-09-28T20:02:50.182964657Z 835 coh9qzgdDwkqLWSzSWh3OnZqixfNAgADICOcI4r3IddoRT22NqhQ6KAM4y2w
2021-09-28T20:02:50.184859562Z 836 1IvBGCekcnnXWaoIx0kkDmp6M1hh4nScUCTdYLKyOFCW5mspKyTEnbachLQP
2021-09-28T20:02:50.186304053Z 837 6yZBq5qTdyhAqsmlXd9YwMZWIS8KnMPYLw2Kni7DzKZcx8iGBuf4X8eHmEHN
2021-09-28T20:02:50.188139207Z 838 5mVM49NtLkKyhJvSiRKyLORBiHxdkN6LidfNwjLhVzCUfP1M2aH7Fde419X0
2021-09-28T20:02:50.191298022Z 839 We2SK0JMlqK2cKxlAwn22fvrbdmgSWTvSGaawIg507wFOro1DftvRhMZ7aov
2021-09-28T20:02:50.193473567Z 840 8Lc72Pvz6DG48lKNy06E3WjImkteu0zGOTTgPTWJb9agIy92Acx125KK1rGH
2021-09-28T20:02:50.195826917Z 841 Bb6ES7H8BIxiJHv1AL7u2jYfaIs7Fu4R4NMEwi2BYrszL2Xbei7EaJSsFYcC
2021-09-28T20:02:50.198120468Z 842 EyjTlDXm7k6bunc1XbQJI3pLA2FWL2OqsALR7DwkWIy6IbFkV4w4LnlPsDgI
2021-09-28T20:02:50.201002240Z 843 PwXe4W4ss9Obrb1hc9LAUab5Dp1BIcdQcmXfYhoZiwA5kf9figDWCamo1p1S
2021-09-28T20:02:50.203616044Z 844 aQg6PC765iEaQgOaiZVAvW1xpKqinqbopMWGBtTB6rwB6tiQJpQP3cZNgfl7
2021-09-28T20:02:50.205452290Z 845 4nT1mlorGt0i8QUKxIEcSBeVw9JljYfqjkuH2UvWBpNM8LMIueiNqdX8Z5LJ
2021-09-28T20:02:50.208058126Z 846 uz2ZF6SuIFRdg0XU1MKUFNn339pIemldtFjcQah2sTKX2wrOmHjmnZcTLnBZ
2021-09-28T20:02:50.211013598Z 847 qo810BlGrAqCRE5Gf7FxoFyP09AO0urDYRUANPgd3u1oBUvLMmIS2OzeuFYB
2021-09-28T20:02:50.213825987Z 848 iF9utr9vhLUqbDQOus06aa08EYzLaWgoF70tPkmYSlzlE0ENL8x8mIvF9j74
2021-09-28T20:02:50.215864961Z 849 kVPKPFTODo0J5Bmua0Y5nedklkQglLHlnf5QdF11vSul6mXSAKbPVYjUu7yT
2021-09-28T20:02:50.217301414Z 850 6W1QERhN3aZFtIpRa0145IwgySN0ryjfQDDpYRn0PN2dXbHdmOCDJ5NNeaPf
2021-09-28T20:02:50.219715897Z 851 E0R0DbF09oPz10yZYR8UUADeRo3byt5RdiBFn5NulRdBIK3yMJX8JOGMxaH2
2021-09-28T20:02:50.221252898Z 852 APgWX4tvzzj08iyvNq6YB0u8fTH3GiykhIJu87saYY1wnCsJxzqK8vE1ST4m
2021-09-28T20:02:50.223986046Z 853 DfeWIr7gJMfCVWdaM16730y2J0Bf8Txr66cfJacyAchba5WXj7V7EPnTapyb
2021-09-28T20:02:50.225431218Z 854 NNBTKjfEcwy4G9eWREE8nX1rU6qE3DOHsRsYGbHodabjUfNkZQhQQOXM4ltd
2021-09-28T20:02:50.228191485Z 855 I4TfjfHvizM6Yw9dy2LfqUdhbvQV6bXQwpBRcMFPKLvxCFiMtq2tAHTZSYs4
2021-09-28T20:02:50.230904288Z 856 xqPcSpumzvhwuQi8mVX6CcXZITEqhwyZZmGPjQq1OC3llIOfgvQCLaWfL3ZH
2021-09-28T20:02:50.232165220Z 857 I0umgoSecUe7UDHyUdhYqdqlUaKmJydhn0ejTaY4sICCSHprjtAQQxS7pUkH
2021-09-28T20:02:50.235044379Z 858 9CO5B2Z3OO6j3skU1TOnHu3M9ErWIL8s9Ok56KT1k4uaooZF0PL7z2tHiyjS
2021-09-28T20:02:50.237555258Z 859 UIlEUIrd3NX3LWUxoEHgFuJAByQKAESJWsVL36QGQTPxx6Cx8gg7WWWFFLWg
2021-09-28T20:02:50.239203656Z 860 jFen64xY9VKXaPhg3OCcRaMbYdozMq1N5wlhwPqulxe31Vp1QZzqA1Ef0K4q
2021-09-28T20:02:50.241961813Z 861 KSqXdG6yT9axOasgJNhCDDtXbetjGrQ31lFr4mH8m7763E2PG5KVBqhQIshj
2021-09-28T20:02:50.243132783Z 862 yMvpWDyY2kzGxyeHWXlvod7Bb6ToBk1C8HzaKVtOwH6te0OyHMkvaphlfUBM
2021-09-28T20:02:50.245937029Z 863 g8pJ58u8xmDa6d4K7C7VHyMXwXxyiCo5To7IjkzBdtqngGEdVRRMlBtNOkDU
2021-09-28T20:02:50.249013042Z 864 Bft4Z27lXlAz4AzKIvoyetE5faDePIkXtmcsEvjhWfZiqRcTiPAeMDJBxqka
2021-09-28T20:02:50.250765088Z 865 HzTMxBPt0GgaKfDXzM3POyIANXtXODa1EYk7gCnLW3FpvH6jRJfF1Y0RieA0
2021-09-28T20:02:50.253205068Z 866 T4lst335Smygt0pe2buRVQ2kIu6tq2oQZ7av5PLoZlBkVZtVyAJos8Qou3H6
2021-09-28T20:02:50.256131313Z 867 KM4SxsK6LBetoh8PyH0wz5Tu3vNDDexgOoILWTU95Gr9PxQPpmAbZRti0ejq
2021-09-28T20:02:50.258840788Z 868 yiCFY0NwV0lDqnFZRqOV6yfqTjESSGrfuNd4raBB9JyJq1IMbr6IVmwkwWwY
2021-09-28T20:02:50.261167097Z 869 p88cPxIHDJdOeGXzEzSB8lEPTlrEehaUniMmcvKlndjZej17AVRksOdpwImP
2021-09-28T20:02:50.263440067Z 870 CEHK1asCS8R54whJVeRntu86eZt4s7TrFwnRlci8xDMfbFBuu8mUwFO1j7KF
2021-09-28T20:02:50.265821490Z 871 VHHqEqStIasdaQnhuMs32TurKB7Q1ZwemPBUDIOAHSZLEeqnickkHBLFp4IT
2021-09-28T20:02:50.267418876Z 872 FM4Y81eRdgth46FQV9EtEjIXg03giWRzEIxRJGaCDkXI0WPqH8zFlOcgpDan
2021-09-28T20:02:50.269788362Z 873 LOq0D01O2gi3m8dv4ZoW75UTZlVyQUNNweWLIRGwm7Mv3OJKzBJ4bUpBv0WO
2021-09-28T20:02:50.271942314Z 874 pxyVapAMdBlQ8L3RxPQtuSCAtyYaAmprfa7xQJEGTtvLu9W2rnldSDvGPPx3
2021-09-28T20:02:50.275032916Z 875 tgnaPGi2NFMTd4fv8fjKaqnhUtMU5p3Cz9ADYSay5PbSJPRd2GctvBhsGdna
2021-09-28T20:02:50.278530853Z 876 0gCKRLdk4kSfPQVB8qMjwCQgGm4vs83sF2lAxAVzgqs5snTmW7UeHtKNZLKK
2021-09-28T20:02:50.280159494Z 877 gMmVTHEwN0QiKhV9Oedv2Px3bf6PJ6VrfOFFYgVvc25HR6exJ9JvG8Bl25oa
2021-09-28T20:02:50.283125540Z 878 Az8WvFHPrDrUeRYcAmHJ6tBZopd7Z8oj9eKCzlSjYiRduW9UDg3SAmo7JWPV
2021-09-28T20:02:50.286115199Z 879 BgVHzl8p4afsYabpnmnMwJt9eFws21mCdXp0QbSNbpbHwRJPZKiHnKVZxAOB
2021-09-28T20:02:50.288369245Z 880 LUa5iphGYmGL24Gzzh9yrqWlqP2t4rNR3k2YET8NB20QXUjz2aDlnBmL60k5
2021-09-28T20:02:50.290958670Z 881 zXpiiCvvd0wssNtpHHugy8lYysgXlJN6VTIqj2CDDbSDCoXQcrwS0KTiXthU
2021-09-28T20:02:50.292242688Z 882 b8Pp6tDRhCw2fIdFvX7v79dpmzkfWNApWQkLZBJrRVZwRgstggoaadXFsNqS
2021-09-28T20:02:50.295115829Z 883 heQBx1XOP5QXVU0eOeCDKw74MFgUmegyzV0rSWRunKN9xErLbOD80gNAQXTv
2021-09-28T20:02:50.297549187Z 884 hgqXlrKJRn2qW2UjZ8yLgUAnfd4fclGIlAsiEq8ZuyhJGJQda3DeW9MQw7vI
2021-09-28T20:02:50.300084099Z 885 TXo9IfWqUraFDFUSzwSTXwizhdfwtIRhTZEmC4wrWW6iv6sXuqYPkVjUUAi0
2021-09-28T20:02:50.302162283Z 886 R4UYU7TOrNABVjiwawvjI1PZ7swiczI0WG7XvICIWpMaJC0HW7dFmp4rYJLF
2021-09-28T20:02:50.305015886Z 887 Ly3FKyAV6g4fPxJsSeKeVsKFRar6Itk9O33fCqIz9kueNIAgw7GSHsMGwYK4
2021-09-28T20:02:50.307802039Z 888 0Nw5V01Gfc1CLasn75a0MNNFr6vLrO7ULwkkjJKlDxPcn1uQDJwML2se8M6i
2021-09-28T20:02:50.309486306Z 889 OSsd8rFcU2TMIiFRapSj8RcaOCeCoGyVU45Jo5AsOVFUern0oxRDQpCR7owk
2021-09-28T20:02:50.311715785Z 890 WrZ2QCnYxcuwxfYqNHvk5ojiraVSuNLKLwI2vxNx0MhdveD5QRZ61YjyJFGH
2021-09-28T20:02:50.313273365Z 891 bxVJLiUduuXIQqc9DFSbjDXvQdsoATne8jpP41ChGxlWpVoNgjhu3G58ewX2
2021-09-28T20:02:50.316141903Z 892 G4rKHBuqROUb0zhzV7wWEb2Td9yPfCGx8s2B0KmO4qKH61wF19n6roxdzYll
2021-09-28T20:02:50.318675643Z 893 R2BbUfFZBQ7r09JwD0Gs5c1uVSeSnc4HWy1Zjsp5wFs4luDyjXHApeDYpCD3
2021-09-28T20:02:50.321193366Z 894 OlJptTLhxe7pzMtXCP04ohjLy2FUZDsOIhLVe9jbEI8lVwkCxY8caCmCTMa5
2021-09-28T20:02:50.323950757Z 895 a3loUJIBE1yeIU7wRMPfeFaaL71ovgZJAVOWLftv1VWzatvonf2H69ur0rUb
2021-09-28T20:02:50.326893677Z 896 o9jPnol1qJesXEOIaN1KNRZH6OOc3GDNJpinQag2bIKzfDRQR0454iXd0L0c
2021-09-28T20:02:50.329135242Z 897 G1zF4LZpyYTPaSw1Do7zR6QlA05Lcb37tJhLZi0IveKeltfpWBQyswvXO34x
2021-09-28T20:02:50.331931837Z 898 AOZitRgQn2R6JwoqVS45TAzoipZKgmYGss2MJUmugoblkXR3xnZtYxVDwAWa
2021-09-28T20:02:50.333120359Z 899 9WX4dvk6YaeEBZTSrmxWR5KTkOlCRoevpUrQXMGOdXD8LifvOd856FEbI3JH
2021-09-28T20:02:50.335682706Z 900 aNtv76UdC3knogqYEfeFOvDA2UTezWFdkF5Tfk3bjsHmxfOCPdT3B3QEnMQe
2021-09-28T20:02:50.337375047Z 901 HJ3QvgAWLAaiIcImOxC5kbHiJfsGBJLpe0vEaaAiVM3rLa58INQVI0JnvsFN
2021-09-28T20:02:50.340064329Z 902 Fqi5cyACKQiVQzrljSYEH6mmD8oUHMgEFABhwDSivadIF5PyTTgfUvb3gokQ
2021-09-28T20:02:50.342796055Z 903 ABYsIhpHBj0NilqytVF0nbwl9fubXiHjqFW0YmWjzbelz8R4fk198OOewgPL
2021-09-28T20:02:50.344460072Z 904 NPjaVa7n3by9Uj6m2HOzQMXG5zUf0ew9b6zQQfPSa9geM0jnTIZfqBziVIFO
2021-09-28T20:02:50.346203542Z 905 7kd4BZyN5fITkD2BknP0mq4POdtQ5z8RbiqkzaqIU8rhGd4ZBg6RlwZ3wEeA
2021-09-28T20:02:50.349086294Z 906 hxVF8ftvD2kmiMof7MN5lcqGgScwvGE6Go0ToD9L8ANMbRn9TaT3BFO4CFH5
2021-09-28T20:02:50.351819573Z 907 MttgaGjd9m40aNgzm6Mi2KABNJakRHFATuZiWnnofeya5CGXfC4WOve3Hsa5
2021-09-28T20:02:50.354006197Z 908 HpCqWLhRCXhhOYDkgYl9DQjcF86bPOaS0JGFZg2VMAF4zMYUhvvNHfTpB7qo
2021-09-28T20:02:50.356670306Z 909 cy1EW6wYyskU6SDUkWzxkfuSv8W8z3Jlh3I2ZZPECiQTMOqU0uc56krhLGTy
2021-09-28T20:02:50.358434133Z 910 nTGRUSO1GEJNaZmysp3x9hcAzMxi9GCQxyGdx90PMjtk3oKQusxmy1MxKP6O
2021-09-28T20:02:50.360226375Z 911 2o5z07fXuGXHHCRi13AQVjRxd3RCMSUfJ7QoYOFZIWoGvnO9vdSZhVHYzJnt
2021-09-28T20:02:50.362777942Z 912 gzsZgqEuntIR3elBZJqcrfQqDC2hDojUSWKDNX3j1Yh4PJWocRs4mAAKKzRw
2021-09-28T20:02:50.364148611Z 913 JKpXe31GxTgT1qji1mvGJcmUtAbWAXQKlZGIQPfaI598XlJ9tZ3Uy3XfH7IH
2021-09-28T20:02:50.366655200Z 914 yicNCwZn2v1mxx22yhhmxqLiJolSb3dvPaDxsWq1ZrldOum9xbLXii5bRK3i
2021-09-28T20:02:50.368192523Z 915 mAoxu5EsthRuB7jgo2oVIcSEGJnh7f8GxXsIFNqrPAPl4XvX4Kpd9yW46QAe
2021-09-28T20:02:50.370706004Z 916 SQqDTgOeLfVAjKZYVOta3ActEk2de5DEKqLtUrOGEci1vGvWUKnBIbX1UhYM
2021-09-28T20:02:50.373213650Z 917 EJ6NP9emeD4hKvsdwi1TDkIA3nSSpwCS4VmQAsTbPMiv9IoxzUzkYbtla8ss
2021-09-28T20:02:50.375606629Z 918 4j3FThsYyvA9M5HmYGAMJ15Eh9HUM1swWqflNjHGTZz9pk74mzBRyOUST6dV
2021-09-28T20:02:50.378093451Z 919 LyF9JlnBEyfwGsZmVTNYFek2wuOvJWqzbqE62qbrBAqZubRmzy0TgwI8vRH6
2021-09-28T20:02:50.380623547Z 920 TvCw0Wue4QUVWXZeiLOwmLYxmdwvLu6OkDQGPu3TzVNu3mSZRqyz0nyMahqc
2021-09-28T20:02:50.383081473Z 921 EMW85SDStyq2socqG021yhhberWvahcHwcjSj2Iss2R9Br8vNLP4YZfmpZJs
2021-09-28T20:02:50.385411776Z 922 PDj8Kl9D2PtAoog5nobTMD48dLrnQYGzjmuO5zmvzpyVlP1yrwXlFeg14A10
2021-09-28T20:02:50.387872217Z 923 mIqm80JMpB8uGjA30eczciCMLmZh5WP4hEURScEQj2GcK1oYxjmYv3R8MGOG
2021-09-28T20:02:50.390343343Z 924 2PoFKgyy7z24r3kzWSgWEO7ZLJ6DQa4yNZYegNk7VtaUCJL3ZsdrLIq7C3LH
2021-09-28T20:02:50.392859335Z 925 t67JoMvgwTKBXLV27GXKTQKEfRdx4QooPGWXzZoInl8MCmQIbNYptn9trIBp
2021-09-28T20:02:50.394452749Z 926 LWoIOXumkli2fflyUfKYmPvMW2GTZHdU5UIT80wWAyl3s1CxT004zBc0aL5S
2021-09-28T20:02:50.396997484Z 927 FQ1nwnuiOo6GQOyBvW8XM9GjsyAdAIrWEFWMigItMrSbiGNw1yDNw9vS8Jhn
2021-09-28T20:02:50.398405102Z 928 aLp0HwebnjE2Ura2q3zeRbtX4VPZrTW96ytEqtBSrZWUDjLIMgtLDAcmLqxd
2021-09-28T20:02:50.400844366Z 929 y9vSIijkh90xyYk6YkcWEO5n9K64JjYZ2u2yfhQ4SCozoKu11YoMYib8xU7T
2021-09-28T20:02:50.403135821Z 930 4GotxAAeD9r4RCAHPxK2Lg9fJn6xilvAr9Ki5BpiAGpLLz33sDok9CVVAC4P
2021-09-28T20:02:50.405671460Z 931 4AS1OaBdrvsSuScF0zMfD0KCRXR8fJUfUXczEWFkJgjpbtZSKlGYBrLPbs4O
2021-09-28T20:02:50.408217274Z 932 DQsONNVRhwmo3cDQTZ9qSskijquxqr0SOlZncf274zegX3yy6r59AtdFhCBK
2021-09-28T20:02:50.410984438Z 933 lOhe6ihmM1BkYifdR413hn91xi7BqiVcAg34tgso0qvcuLqdLyRrTIziTHji
2021-09-28T20:02:50.412067063Z 934 Hir5Xqdhju11vvSG4FuRzgui4PMss8V44zMxLKIO5bwwr0jA1raTP8UcmgZU
2021-09-28T20:02:50.414507182Z 935 nD6f35kSDUxtTAjzfVztwfzNmmHuBbQtpUG62JldYdkaYbRS2R2i9mUKoCGi
2021-09-28T20:02:50.417123840Z 936 GkoDppILP8DQbNztUSsSIBgEmOjZhPpqQyeG48PYniNgDZz3S59lnaSNF11y
2021-09-28T20:02:50.418307297Z 937 Oz6TjBJOhQL6yOVjv6RhaDGTC4K7xA4AJ40SvY5kmZSEysByBF6pGQATDcTD
2021-09-28T20:02:50.420711290Z 938 p81SHEuYbMhYg5vLDzuVyaVdIlWdkAZATpqVZoA0o89g3uEmMJ3FAakwNkrU
2021-09-28T20:02:50.423308539Z 939 KosCZmm8EM4qGKoTdoydzn2Zc2Lhq4ADVrQNIdczW0EBK5qWkkpFDVgd2aX9
2021-09-28T20:02:50.425725355Z 940 KKWvRmNRHS3fdGiLW7zagZWBoW6WeHlbsfEVYvjBxWioVVK36sGFuvD6xkGh
2021-09-28T20:02:50.427235603Z 941 D8A0CptWRwSPBZHFTKlvIDfmxLpiRE8QHScvkXiULuupXEFNkvu9rioNNCvx
2021-09-28T20:02:50.429738268Z 942 wbK17MbNsriJm55JiBsgOzvnnDW7UPVcKAKnfdbaue7NJGXHYZnXnQgYC1ZB
2021-09-28T20:02:50.432018652Z 943 7OnhmnkDMbaFO9XURVD2qkCfVFhQLRui9WyppvAPirWyzemVopNGlADsPDLo
2021-09-28T20:02:50.434223046Z 944 YRW0614P6rtpffHxRiNTPLOAEzC7GNWZEDjUCGMzNc0CpJWoM3iAbsOJgsyQ
2021-09-28T20:02:50.436821885Z 945 sjvVfarlFjZVZ1KcUvtfS6AIVvKUNtMisRhlZUlMJ00ZLCYIxsdYZhuHfCJ9
2021-09-28T20:02:50.439123625Z 946 p2XRbRU8PZoUZhpimmZksHpydvzmTatFwxl6haMggFcQ6AwrTTsmgiYEwwbM
2021-09-28T20:02:50.441629400Z 947 ATzfZcg4h1Dl84VpiPrG9EhwNmccXRLpkmRVRJXM4424lLjtQOUZCEBIoeEl
2021-09-28T20:02:50.444110105Z 948 pAqz3GMElnfHfQJck0kAwfY0Im2Od16GvpeLLT0ThPHk7av8YB2Uj8a2TbQu
2021-09-28T20:02:50.446719844Z 949 UtlpT3a5cRRuW0j74Ld9GAxizV1d7d0Q3I3RMK8OPIJvA3ORWdTePUK0uaRz
2021-09-28T20:02:50.450021095Z 950 cbhC3WXI3etEOEFwePhr7DtapopLymOHyuQVGPyEa5exR8WDn5iPwTgnlFlz
2021-09-28T20:02:50.452334460Z 951 uYEUc7bViaeQqq7TqVoJu3tf3X9khigFj06UDcma0tGDtshQN87AEzkIfaUD
2021-09-28T20:02:50.454763932Z 952 cLdVHsutuMeo3E49Nz1s3XALfF4KoiYxD10brS2A3ADGGKoIAEACjsYc44GN
2021-09-28T20:02:50.457123464Z 953 kFkyBLqj3zFH0F1NeKJfXpayDdwaZBQzj7GrTZibcNMTCokN4QBIUHApw3Xb
2021-09-28T20:02:50.459707331Z 954 2qHsarflY5cYGRPT7yIADXe9HmpTiLA64TLbVryCTE3ndyZvfUOGoFNGmlsK
2021-09-28T20:02:50.462146768Z 955 tTyOUSMjCnCfOqTETSRECBVoA06i5k9TxRVg86lYoHzJrHUrN8gBKeuwXLwM
2021-09-28T20:02:50.464135650Z 956 sawfeTb1q2hpnazTTEQQUnl5ATvxjJS55APpobhMG9yECFOAukAYpvLoysIP
2021-09-28T20:02:50.467072281Z 957 6yHF2BXR0sdYelcS3hgL6FwqW8zfsUVdYsBencrHr3Dn8ccmuHS1bwxbRxhK
2021-09-28T20:02:50.469254974Z 958 5NLbAUPsalenCb3mE0n61xyP4fZ0ta30G2I1XfYZBrTMYjHG0TaVklhcZgcq
2021-09-28T20:02:50.471695773Z 959 qy9tLBEhnMVDMUgvR8jXYiMn7IaY8lppNvMXzJQye0M3gdYLszFW93xsGuom
2021-09-28T20:02:50.474075874Z 960 qsKC0KpWj9IvOH0vLvqcOAljn4xf5VDAE3xE6wCGjxByUiaYCwCn5wMdI2OS
2021-09-28T20:02:50.475163741Z 961 WgP4N6FtfzlrV8g4GS1XH4iB0IMnp4AK0zsGsSUucUyy4pYeX9YDxnblB1SR
2021-09-28T20:02:50.477692134Z 962 NwrhatZSVIUvjheQtuMQjCEZMCBUnHeOPim1rC4TxFPPudkbOEfxscm60lRm
2021-09-28T20:02:50.479076951Z 963 WA2YRFtpuOEIoGusAJGB6yFa6j4qmY1NZ9ci6w88HIohLg33zDhZFlEb64lr
2021-09-28T20:02:50.481618049Z 964 exK1iddRoQkUVu7m8XeUc9v8CUjjNdKC8TYTjFLKgmfFfoBmoEulz76WbAOx
2021-09-28T20:02:50.483341639Z 965 1IL30Hk0GpXhWgoQPVrr4O9pexUClRV64Dc1sAYZpUM5G7YkNpbF6kpaGrxu
2021-09-28T20:02:50.485943105Z 966 APhp5UZXriCqp1HKLUhz5VxL29m4sF9GkSSWGuyn7cpXDlsvKHiyD8azEg0i
2021-09-28T20:02:50.487201125Z 967 YZcV8KWGCtCdhQuOEwSGaRXLOrydIFdf9GZLyrY943zPyAyRYpeTj3A7QNKk
2021-09-28T20:02:50.490236663Z 968 qaO1826CgZSn90DkTVltWbTMUBTJy3wc6XTMRmJNvQIPdtpo50LGhZckf4Dt
2021-09-28T20:02:50.492505917Z 969 Tin9zS4yTrIPXo4puPaObOHIyRqZjcAPrOghmH1nb2zKiyPMclhlUbZLAXlH
2021-09-28T20:02:50.495377486Z 970 9A1qdX8HD2ZqlPcTKajoYdz2IlZM9hcqbVMqJRiFZjQhFy7yChMGhzBYhpKq
2021-09-28T20:02:50.497794392Z 971 cQEmcnv6BlDKwbnz8lN5nrcxHvFZv1uJUnMl4E6MmFiVMIoK1LoBaFOviMj3
2021-09-28T20:02:50.499148022Z 972 YRW1HJc6bKsgGNKBuW6YJ7dYzdfU41QaAyNoGoAgvKWYepzclQPjOyYqmqD3
2021-09-28T20:02:50.502036615Z 973 6rrgdIoWcWtNJeVZr9UBlkLbUosY38kDqg0yUuGKqTdILUWE96JPniBbMEji
2021-09-28T20:02:50.504335956Z 974 db0LWUfzHePunNVgGWifkaNcqqphXrrL00XSe6Dq51GrPLiLqieaKNRipkaH
2021-09-28T20:02:50.506650516Z 975 cbapli1ycf7If0QgOzyk6vYVoqGW1UNQ2bcLAnQqlrSmasDXyV3ZPWgqcSl4
2021-09-28T20:02:50.509233141Z 976 kyrJJ7lPV3MPbkLcq6ay07AjjuCtPkYiAjy2u6kFbbIQFc97AKowRDOvDgdO
2021-09-28T20:02:50.512066677Z 977 wI9D0pu2WOHF9FneMXdoXTsNZD871S4NkqrC3ZgqlTZCmjC3TMqeAiQIlGgz
2021-09-28T20:02:50.513198087Z 978 rZ8iBuPPylEnHVbgQ4AFm3KJhjggPvPdprMrElanvUsERZLY1IdE8euVPi4T
2021-09-28T20:02:50.515875632Z 979 haVfIvNNEB2AtBAcz54noiDcSVYjoU4FiILbkH9LzPS55fpJqHvhI1V354wt
2021-09-28T20:02:50.517371768Z 980 e0HfdBsuCX5YINZvFTTgp0sWaCdSSKeeofbgwICLQaaAkuV4AYSdmWMTCXB6
2021-09-28T20:02:50.519933897Z 981 WHqTpy4x9utOr5XaGuC3JUHk78h1GM4lwn73RX7ECRbeLlcma4Dcud3y9YH8
2021-09-28T20:02:50.522129711Z 982 4Aqt59ej57CGQWhWG3Ae5yLulb1ujnh2yeBB9Uu90dhIFQcNyGxHpB90Epen
2021-09-28T20:02:50.524136874Z 983 1vrMV0DtPDTShYwmx78wj4NGvGQAOwa3Z1HVv4D12g1szHh7TWXBVdTiigh8
2021-09-28T20:02:50.527043473Z 984 Sy4NSnAReWriHV7kHkJZyIBAKLwNcxGjrr1SvAz3ludFQmcJnR4g2m7rWmhW
2021-09-28T20:02:50.529823358Z 985 jGcJUNgBedR7vS3hwu9Wq4s7Sf6aayNWbIvhZokZsgG8ClevptPdrTBj3Alt
2021-09-28T20:02:50.531221897Z 986 oRYcSTStyqdCZYJLfynxt1pzs77NIJACsQpw3oBXr5BiNFPvsen89PNVH31S
2021-09-28T20:02:50.533222034Z 987 EuuLCIbf0Okh8CXnpkCyh0R0fJiRfXVbu4HyrFUIgfbOwsn5JoyfRocGxMPm
2021-09-28T20:02:50.535857224Z 988 SaqEgzg1PXQ9uamhZgV9tpjjXrVrHPKXZQkRWnCbBUcsNpBZFSGvK4ZUjsIM
2021-09-28T20:02:50.538176838Z 989 GYIVzz0j5Sgkjj35BVstO0mmhV7SiBBDiTQqjQx8Nbc9kfbgP1Ir7ZOxEV7S
2021-09-28T20:02:50.540998682Z 990 HEb2RoasjPdck1CoRhcVODGSnUWWCu4KS6RVxflJn9jpRuKm2v4HEvy00Xk3
2021-09-28T20:02:50.543103697Z 991 nDtDAPBgcnZpGCKAzeRCYsjXN3s2ppCskLtzWcm23ZBU8Y0FT7DCcCyIMKDW
2021-09-28T20:02:50.545878419Z 992 w4OlS0e56bckM5fOkxpRAdqNPdjete9pTvNSxYlJOmvk9xkNoRXd9fkHyPvJ
2021-09-28T20:02:50.548152149Z 993 ehxYwP3JOGoClE0wtELDvNCZne2CelgiWfTooJkrMfSvQjosXJ1K7X87wjtG
2021-09-28T20:02:50.550196179Z 994 CoOQa9SIBmbadDJEKNfgSgj0alTRzfjCAqbLtzj3XCsHhF0kL8iTkKWcHmZP
2021-09-28T20:02:50.552916194Z 995 U9XtsDuv84j6o4MVTfvl4F443QpI7qAW2zE2e77erhhDNM8VuDkSY1oROvfQ
2021-09-28T20:02:50.554316462Z 996 AxvxfaOYngc5RuGFXZAleBP3v6tNJl8XuA9fB8T6Oje0YDr5UoOwXDX3t3wa
2021-09-28T20:02:50.556837612Z 997 2c5fAnf7JxZPqHvw8OyL8DpBOHYpSRTbqJt1Kmx7yIcyfEmYFHmMIaGnGXKP
2021-09-28T20:02:50.559070788Z 998 p3nFpvcdZeL0xqahOHZoVNrgu8wvmHL5NqLCLc0rfMFl38ClMeF0OpTXcMTy
2021-09-28T20:02:50.562018057Z 999 iN30tSNc3qcZuYnVkgfZ1XBVMWqW6IgLmNAux1XVA2AUc2LSPKrnn9SV8oha
