21:38:48.361390863
CONTAINER ID   NAME                                           CPU %     MEM USAGE / LIMIT     MEM %     NET I/O           BLOCK I/O        PIDS
7dc514ba49fb   qos0_twin.1.mt21redv7fu4x0dqujt5q2rlb          0.00%     1.441MiB / 3.852GiB   0.04%     951B / 555B       0B / 0B          3
8448e7b5e47c   qos0_client.1.zvxq3uoaifc35tvcw4jw5r3hp        0.00%     1.172MiB / 3.852GiB   0.03%     628B / 0B         0B / 0B          4
4b6e4b7af5f9   qos0_scylla-db.1.neryizy01ze22lrq10f4xgz3q     6.57%     161.9MiB / 3.852GiB   4.11%     4.75kB / 2.78kB   6.46MB / 145MB   34
637d863bdafc   qos0_mqtt-broker.1.epr5x84d173kw3sqtlj2gr4th   0.35%     141.9MiB / 3.852GiB   3.60%     159kB / 206kB     35.8MB / 266kB   31
21:38:50.369478457
CONTAINER ID   NAME                                           CPU %     MEM USAGE / LIMIT     MEM %     NET I/O           BLOCK I/O        PIDS
7dc514ba49fb   qos0_twin.1.mt21redv7fu4x0dqujt5q2rlb          0.00%     1.441MiB / 3.852GiB   0.04%     1.02kB / 555B     0B / 0B          3
8448e7b5e47c   qos0_client.1.zvxq3uoaifc35tvcw4jw5r3hp        0.00%     1.172MiB / 3.852GiB   0.03%     698B / 0B         0B / 0B          4
4b6e4b7af5f9   qos0_scylla-db.1.neryizy01ze22lrq10f4xgz3q     7.36%     161.9MiB / 3.852GiB   4.11%     4.75kB / 2.78kB   6.57MB / 149MB   34
637d863bdafc   qos0_mqtt-broker.1.epr5x84d173kw3sqtlj2gr4th   0.36%     141.9MiB / 3.852GiB   3.60%     159kB / 206kB     35.8MB / 266kB   31
21:38:52.379658406
CONTAINER ID   NAME                                           CPU %     MEM USAGE / LIMIT     MEM %     NET I/O           BLOCK I/O        PIDS
7dc514ba49fb   qos0_twin.1.mt21redv7fu4x0dqujt5q2rlb          0.00%     1.441MiB / 3.852GiB   0.04%     1.02kB / 555B     0B / 0B          3
8448e7b5e47c   qos0_client.1.zvxq3uoaifc35tvcw4jw5r3hp        0.01%     1.172MiB / 3.852GiB   0.03%     698B / 0B         0B / 0B          4
4b6e4b7af5f9   qos0_scylla-db.1.neryizy01ze22lrq10f4xgz3q     5.45%     162MiB / 3.852GiB     4.11%     4.75kB / 2.78kB   6.72MB / 157MB   34
637d863bdafc   qos0_mqtt-broker.1.epr5x84d173kw3sqtlj2gr4th   1.35%     141.9MiB / 3.852GiB   3.60%     159kB / 206kB     35.8MB / 266kB   31
21:38:54.390984040
CONTAINER ID   NAME                                           CPU %     MEM USAGE / LIMIT     MEM %     NET I/O           BLOCK I/O        PIDS
7dc514ba49fb   qos0_twin.1.mt21redv7fu4x0dqujt5q2rlb          0.00%     1.441MiB / 3.852GiB   0.04%     1.02kB / 555B     0B / 0B          3
8448e7b5e47c   qos0_client.1.zvxq3uoaifc35tvcw4jw5r3hp        0.00%     1.172MiB / 3.852GiB   0.03%     698B / 0B         0B / 0B          4
4b6e4b7af5f9   qos0_scylla-db.1.neryizy01ze22lrq10f4xgz3q     4.72%     162MiB / 3.852GiB     4.11%     4.75kB / 2.78kB   6.83MB / 166MB   34
637d863bdafc   qos0_mqtt-broker.1.epr5x84d173kw3sqtlj2gr4th   0.30%     141.9MiB / 3.852GiB   3.60%     159kB / 206kB     35.8MB / 266kB   31
21:38:56.400144943
CONTAINER ID   NAME                                           CPU %     MEM USAGE / LIMIT     MEM %     NET I/O           BLOCK I/O        PIDS
7dc514ba49fb   qos0_twin.1.mt21redv7fu4x0dqujt5q2rlb          2.54%     1.645MiB / 3.852GiB   0.04%     51.5kB / 4.58kB   0B / 0B          6
8448e7b5e47c   qos0_client.1.zvxq3uoaifc35tvcw4jw5r3hp        17.13%    1.637MiB / 3.852GiB   0.04%     23.2kB / 49.6kB   0B / 0B          5
4b6e4b7af5f9   qos0_scylla-db.1.neryizy01ze22lrq10f4xgz3q     6.28%     162.1MiB / 3.852GiB   4.11%     6.31kB / 3.86kB   6.96MB / 175MB   34
637d863bdafc   qos0_mqtt-broker.1.epr5x84d173kw3sqtlj2gr4th   15.95%    142.2MiB / 3.852GiB   3.60%     212kB / 279kB     35.8MB / 266kB   31
21:38:58.409368763
CONTAINER ID   NAME                                           CPU %     MEM USAGE / LIMIT     MEM %     NET I/O           BLOCK I/O        PIDS
7dc514ba49fb   qos0_twin.1.mt21redv7fu4x0dqujt5q2rlb          1.48%     1.648MiB / 3.852GiB   0.04%     140kB / 9.04kB    0B / 0B          6
8448e7b5e47c   qos0_client.1.zvxq3uoaifc35tvcw4jw5r3hp        7.16%     1.637MiB / 3.852GiB   0.04%     64.7kB / 137kB    0B / 0B          5
4b6e4b7af5f9   qos0_scylla-db.1.neryizy01ze22lrq10f4xgz3q     4.40%     162MiB / 3.852GiB     4.11%     7.79kB / 4.94kB   7.07MB / 183MB   34
637d863bdafc   qos0_mqtt-broker.1.epr5x84d173kw3sqtlj2gr4th   6.65%     142.2MiB / 3.852GiB   3.61%     302kB / 406kB     35.8MB / 266kB   31
21:39:00.417105269
CONTAINER ID   NAME                                           CPU %     MEM USAGE / LIMIT     MEM %     NET I/O           BLOCK I/O        PIDS
7dc514ba49fb   qos0_twin.1.mt21redv7fu4x0dqujt5q2rlb          0.00%     1.648MiB / 3.852GiB   0.04%     140kB / 9.04kB    0B / 0B          6
8448e7b5e47c   qos0_client.1.zvxq3uoaifc35tvcw4jw5r3hp        0.00%     1.637MiB / 3.852GiB   0.04%     64.7kB / 137kB    0B / 0B          5
4b6e4b7af5f9   qos0_scylla-db.1.neryizy01ze22lrq10f4xgz3q     5.67%     162.2MiB / 3.852GiB   4.11%     7.79kB / 4.94kB   7.17MB / 191MB   34
637d863bdafc   qos0_mqtt-broker.1.epr5x84d173kw3sqtlj2gr4th   0.40%     142.2MiB / 3.852GiB   3.61%     302kB / 406kB     35.8MB / 266kB   31
21:39:02.428577270
CONTAINER ID   NAME                                           CPU %     MEM USAGE / LIMIT     MEM %     NET I/O           BLOCK I/O        PIDS
7dc514ba49fb   qos0_twin.1.mt21redv7fu4x0dqujt5q2rlb          0.48%     1.648MiB / 3.852GiB   0.04%     140kB / 9.78kB    0B / 0B          6
8448e7b5e47c   qos0_client.1.zvxq3uoaifc35tvcw4jw5r3hp        0.00%     1.637MiB / 3.852GiB   0.04%     64.7kB / 137kB    0B / 0B          5
4b6e4b7af5f9   qos0_scylla-db.1.neryizy01ze22lrq10f4xgz3q     7.06%     162.1MiB / 3.852GiB   4.11%     8.62kB / 5.57kB   7.4MB / 199MB    34
637d863bdafc   qos0_mqtt-broker.1.epr5x84d173kw3sqtlj2gr4th   0.35%     142.2MiB / 3.852GiB   3.61%     302kB / 406kB     35.8MB / 266kB   31
21:39:04.438171207
CONTAINER ID   NAME                                           CPU %     MEM USAGE / LIMIT     MEM %     NET I/O           BLOCK I/O        PIDS
7dc514ba49fb   qos0_twin.1.mt21redv7fu4x0dqujt5q2rlb          0.00%     1.648MiB / 3.852GiB   0.04%     140kB / 9.78kB    0B / 0B          6
8448e7b5e47c   qos0_client.1.zvxq3uoaifc35tvcw4jw5r3hp        0.00%     1.637MiB / 3.852GiB   0.04%     64.7kB / 137kB    0B / 0B          5
4b6e4b7af5f9   qos0_scylla-db.1.neryizy01ze22lrq10f4xgz3q     4.79%     162.1MiB / 3.852GiB   4.11%     8.62kB / 5.57kB   7.57MB / 204MB   34
637d863bdafc   qos0_mqtt-broker.1.epr5x84d173kw3sqtlj2gr4th   0.22%     142.2MiB / 3.852GiB   3.61%     302kB / 406kB     35.8MB / 266kB   31
21:39:06.449542444
CONTAINER ID   NAME                                           CPU %     MEM USAGE / LIMIT     MEM %     NET I/O           BLOCK I/O        PIDS
7dc514ba49fb   qos0_twin.1.mt21redv7fu4x0dqujt5q2rlb          0.01%     1.648MiB / 3.852GiB   0.04%     140kB / 9.78kB    0B / 0B          6
8448e7b5e47c   qos0_client.1.zvxq3uoaifc35tvcw4jw5r3hp        0.00%     1.637MiB / 3.852GiB   0.04%     64.7kB / 137kB    0B / 0B          4
4b6e4b7af5f9   qos0_scylla-db.1.neryizy01ze22lrq10f4xgz3q     2.79%     162.1MiB / 3.852GiB   4.11%     8.62kB / 5.57kB   7.59MB / 204MB   34
637d863bdafc   qos0_mqtt-broker.1.epr5x84d173kw3sqtlj2gr4th   0.35%     142.2MiB / 3.852GiB   3.61%     302kB / 406kB     35.8MB / 266kB   31
21:39:08.460220601
CONTAINER ID   NAME                                           CPU %     MEM USAGE / LIMIT     MEM %     NET I/O           BLOCK I/O        PIDS
7dc514ba49fb   qos0_twin.1.mt21redv7fu4x0dqujt5q2rlb          0.61%     1.648MiB / 3.852GiB   0.04%     141kB / 10.5kB    0B / 0B          6
8448e7b5e47c   qos0_client.1.zvxq3uoaifc35tvcw4jw5r3hp        0.00%     1.637MiB / 3.852GiB   0.04%     64.8kB / 137kB    0B / 0B          4
4b6e4b7af5f9   qos0_scylla-db.1.neryizy01ze22lrq10f4xgz3q     3.02%     162.1MiB / 3.852GiB   4.11%     9.36kB / 6.11kB   7.59MB / 204MB   34
637d863bdafc   qos0_mqtt-broker.1.epr5x84d173kw3sqtlj2gr4th   0.26%     142.2MiB / 3.852GiB   3.61%     302kB / 406kB     35.8MB / 266kB   31
21:39:10.469394818
CONTAINER ID   NAME                                           CPU %     MEM USAGE / LIMIT     MEM %     NET I/O           BLOCK I/O        PIDS
7dc514ba49fb   qos0_twin.1.mt21redv7fu4x0dqujt5q2rlb          0.00%     1.648MiB / 3.852GiB   0.04%     141kB / 10.5kB    0B / 0B          6
8448e7b5e47c   qos0_client.1.zvxq3uoaifc35tvcw4jw5r3hp        0.00%     1.637MiB / 3.852GiB   0.04%     64.8kB / 137kB    0B / 0B          4
4b6e4b7af5f9   qos0_scylla-db.1.neryizy01ze22lrq10f4xgz3q     3.17%     162.1MiB / 3.852GiB   4.11%     9.36kB / 6.11kB   7.59MB / 204MB   34
637d863bdafc   qos0_mqtt-broker.1.epr5x84d173kw3sqtlj2gr4th   0.45%     142.2MiB / 3.852GiB   3.61%     302kB / 406kB     35.8MB / 266kB   31
21:39:12.481920781
CONTAINER ID   NAME                                           CPU %     MEM USAGE / LIMIT     MEM %     NET I/O           BLOCK I/O        PIDS
7dc514ba49fb   qos0_twin.1.mt21redv7fu4x0dqujt5q2rlb          0.00%     1.648MiB / 3.852GiB   0.04%     141kB / 10.5kB    0B / 0B          6
8448e7b5e47c   qos0_client.1.zvxq3uoaifc35tvcw4jw5r3hp        0.00%     1.637MiB / 3.852GiB   0.04%     64.8kB / 137kB    0B / 0B          4
4b6e4b7af5f9   qos0_scylla-db.1.neryizy01ze22lrq10f4xgz3q     2.68%     162.1MiB / 3.852GiB   4.11%     9.36kB / 6.11kB   7.59MB / 204MB   34
637d863bdafc   qos0_mqtt-broker.1.epr5x84d173kw3sqtlj2gr4th   0.32%     142.2MiB / 3.852GiB   3.61%     302kB / 406kB     35.8MB / 266kB   31
21:39:14.495085817
CONTAINER ID   NAME                                           CPU %     MEM USAGE / LIMIT     MEM %     NET I/O           BLOCK I/O        PIDS
7dc514ba49fb   qos0_twin.1.mt21redv7fu4x0dqujt5q2rlb          0.00%     1.648MiB / 3.852GiB   0.04%     141kB / 10.5kB    0B / 0B          6
8448e7b5e47c   qos0_client.1.zvxq3uoaifc35tvcw4jw5r3hp        0.00%     1.637MiB / 3.852GiB   0.04%     64.8kB / 137kB    0B / 0B          4
4b6e4b7af5f9   qos0_scylla-db.1.neryizy01ze22lrq10f4xgz3q     2.48%     162.1MiB / 3.852GiB   4.11%     9.36kB / 6.11kB   7.59MB / 204MB   34
637d863bdafc   qos0_mqtt-broker.1.epr5x84d173kw3sqtlj2gr4th   0.34%     142.2MiB / 3.852GiB   3.61%     302kB / 406kB     35.8MB / 266kB   31
21:39:16.506649185
CONTAINER ID   NAME                                           CPU %     MEM USAGE / LIMIT     MEM %     NET I/O           BLOCK I/O        PIDS
7dc514ba49fb   qos0_twin.1.mt21redv7fu4x0dqujt5q2rlb          0.00%     1.648MiB / 3.852GiB   0.04%     141kB / 10.5kB    0B / 0B          6
8448e7b5e47c   qos0_client.1.zvxq3uoaifc35tvcw4jw5r3hp        0.00%     1.637MiB / 3.852GiB   0.04%     64.8kB / 137kB    0B / 0B          4
4b6e4b7af5f9   qos0_scylla-db.1.neryizy01ze22lrq10f4xgz3q     4.25%     162.1MiB / 3.852GiB   4.11%     9.36kB / 6.11kB   7.63MB / 205MB   34
637d863bdafc   qos0_mqtt-broker.1.epr5x84d173kw3sqtlj2gr4th   0.29%     142.2MiB / 3.852GiB   3.61%     302kB / 406kB     35.8MB / 266kB   31
21:39:18.517210119
CONTAINER ID   NAME                                           CPU %     MEM USAGE / LIMIT     MEM %     NET I/O           BLOCK I/O        PIDS
7dc514ba49fb   qos0_twin.1.mt21redv7fu4x0dqujt5q2rlb          0.00%     1.648MiB / 3.852GiB   0.04%     141kB / 10.5kB    0B / 0B          6
8448e7b5e47c   qos0_client.1.zvxq3uoaifc35tvcw4jw5r3hp        0.00%     1.637MiB / 3.852GiB   0.04%     64.8kB / 137kB    0B / 0B          4
4b6e4b7af5f9   qos0_scylla-db.1.neryizy01ze22lrq10f4xgz3q     2.87%     162.1MiB / 3.852GiB   4.11%     9.36kB / 6.11kB   7.69MB / 205MB   34
637d863bdafc   qos0_mqtt-broker.1.epr5x84d173kw3sqtlj2gr4th   0.26%     142.2MiB / 3.852GiB   3.61%     302kB / 406kB     35.8MB / 266kB   31
21:39:20.525526185
CONTAINER ID   NAME                                           CPU %     MEM USAGE / LIMIT     MEM %     NET I/O          BLOCK I/O        PIDS
7dc514ba49fb   qos0_twin.1.mt21redv7fu4x0dqujt5q2rlb          8.61%     2.129MiB / 3.852GiB   0.05%     191kB / 72.7kB   0B / 0B          5
8448e7b5e47c   qos0_client.1.zvxq3uoaifc35tvcw4jw5r3hp        0.00%     1.637MiB / 3.852GiB   0.04%     64.8kB / 137kB   0B / 0B          4
4b6e4b7af5f9   qos0_scylla-db.1.neryizy01ze22lrq10f4xgz3q     14.75%    162.1MiB / 3.852GiB   4.11%     73.1kB / 57kB    7.71MB / 205MB   34
637d863bdafc   qos0_mqtt-broker.1.epr5x84d173kw3sqtlj2gr4th   0.45%     142.2MiB / 3.852GiB   3.61%     302kB / 406kB    35.8MB / 266kB   31
21:39:22.534976951
CONTAINER ID   NAME                                           CPU %     MEM USAGE / LIMIT     MEM %     NET I/O          BLOCK I/O        PIDS
7dc514ba49fb   qos0_twin.1.mt21redv7fu4x0dqujt5q2rlb          47.66%    2.27MiB / 3.852GiB    0.06%     787kB / 816kB    0B / 0B          6
8448e7b5e47c   qos0_client.1.zvxq3uoaifc35tvcw4jw5r3hp        0.00%     1.637MiB / 3.852GiB   0.04%     64.8kB / 137kB   0B / 0B          4
4b6e4b7af5f9   qos0_scylla-db.1.neryizy01ze22lrq10f4xgz3q     70.54%    166.2MiB / 3.852GiB   4.21%     815kB / 652kB    7.93MB / 207MB   34
637d863bdafc   qos0_mqtt-broker.1.epr5x84d173kw3sqtlj2gr4th   0.20%     142.2MiB / 3.852GiB   3.61%     302kB / 406kB    35.8MB / 266kB   31
21:39:24.541992119
CONTAINER ID   NAME                                           CPU %     MEM USAGE / LIMIT     MEM %     NET I/O           BLOCK I/O        PIDS
7dc514ba49fb   qos0_twin.1.mt21redv7fu4x0dqujt5q2rlb          48.99%    2.375MiB / 3.852GiB   0.06%     1.38MB / 1.56MB   0B / 0B          6
8448e7b5e47c   qos0_client.1.zvxq3uoaifc35tvcw4jw5r3hp        0.00%     1.637MiB / 3.852GiB   0.04%     64.8kB / 137kB    0B / 0B          4
4b6e4b7af5f9   qos0_scylla-db.1.neryizy01ze22lrq10f4xgz3q     72.96%    168.3MiB / 3.852GiB   4.27%     1.56MB / 1.25MB   8.16MB / 209MB   34
637d863bdafc   qos0_mqtt-broker.1.epr5x84d173kw3sqtlj2gr4th   0.35%     142.2MiB / 3.852GiB   3.61%     302kB / 406kB     35.8MB / 266kB   31
21:39:26.550439810
CONTAINER ID   NAME                                           CPU %     MEM USAGE / LIMIT     MEM %     NET I/O          BLOCK I/O        PIDS
7dc514ba49fb   qos0_twin.1.mt21redv7fu4x0dqujt5q2rlb          33.50%    2.301MiB / 3.852GiB   0.06%     1.82MB / 2.1MB   0B / 0B          6
8448e7b5e47c   qos0_client.1.zvxq3uoaifc35tvcw4jw5r3hp        0.00%     1.637MiB / 3.852GiB   0.04%     64.9kB / 137kB   0B / 0B          4
4b6e4b7af5f9   qos0_scylla-db.1.neryizy01ze22lrq10f4xgz3q     51.01%    170.4MiB / 3.852GiB   4.32%     2.1MB / 1.68MB   8.4MB / 210MB    34
637d863bdafc   qos0_mqtt-broker.1.epr5x84d173kw3sqtlj2gr4th   0.22%     142.2MiB / 3.852GiB   3.61%     302kB / 406kB    35.8MB / 266kB   31
21:39:28.558120246
CONTAINER ID   NAME                                           CPU %     MEM USAGE / LIMIT     MEM %     NET I/O           BLOCK I/O        PIDS
7dc514ba49fb   qos0_twin.1.mt21redv7fu4x0dqujt5q2rlb          45.28%    2.312MiB / 3.852GiB   0.06%     2.36MB / 2.78MB   0B / 0B          6
8448e7b5e47c   qos0_client.1.zvxq3uoaifc35tvcw4jw5r3hp        0.00%     1.637MiB / 3.852GiB   0.04%     64.9kB / 137kB    0B / 0B          4
4b6e4b7af5f9   qos0_scylla-db.1.neryizy01ze22lrq10f4xgz3q     69.01%    172.5MiB / 3.852GiB   4.37%     2.78MB / 2.23MB   8.71MB / 212MB   34
637d863bdafc   qos0_mqtt-broker.1.epr5x84d173kw3sqtlj2gr4th   0.22%     142.2MiB / 3.852GiB   3.61%     302kB / 406kB     35.8MB / 266kB   31
