2021-09-28T18:08:11.050161863Z  running: (['/opt/scylladb/scripts/scylla_dev_mode_setup', '--developer-mode', '1'],)
2021-09-28T18:08:11.646777008Z  running: (['/opt/scylladb/scripts/scylla_io_setup'],)
2021-09-28T18:08:12.093671582Z  2021-09-28 18:08:12,093 CRIT Supervisor is running as root.  Privileges were not dropped because no user is specified in the config file.  If you intend to run as root, you can set user=root in the config file to avoid this message.
2021-09-28T18:08:12.093840286Z  2021-09-28 18:08:12,093 INFO Included extra file "/etc/supervisord.conf.d/node-exporter.conf" during parsing
2021-09-28T18:08:12.094124729Z  2021-09-28 18:08:12,093 INFO Included extra file "/etc/supervisord.conf.d/rsyslog.conf" during parsing
2021-09-28T18:08:12.094383502Z  2021-09-28 18:08:12,094 INFO Included extra file "/etc/supervisord.conf.d/scylla-housekeeping.conf" during parsing
2021-09-28T18:08:12.094601202Z  2021-09-28 18:08:12,094 INFO Included extra file "/etc/supervisord.conf.d/scylla-jmx.conf" during parsing
2021-09-28T18:08:12.094809286Z  2021-09-28 18:08:12,094 INFO Included extra file "/etc/supervisord.conf.d/scylla-server.conf" during parsing
2021-09-28T18:08:12.095052312Z  2021-09-28 18:08:12,094 INFO Included extra file "/etc/supervisord.conf.d/sshd-server.conf" during parsing
2021-09-28T18:08:12.130610373Z  2021-09-28 18:08:12,130 INFO RPC interface 'supervisor' initialized
2021-09-28T18:08:12.130935250Z  2021-09-28 18:08:12,130 CRIT Server 'inet_http_server' running without any HTTP authentication checking
2021-09-28T18:08:12.131760405Z  2021-09-28 18:08:12,131 INFO supervisord started with pid 26
2021-09-28T18:08:13.135836766Z  2021-09-28 18:08:13,135 INFO spawned: 'scylla' with pid 29
2021-09-28T18:08:13.145270434Z  2021-09-28 18:08:13,138 INFO spawned: 'scylla-housekeeping' with pid 30
2021-09-28T18:08:13.146396389Z  2021-09-28 18:08:13,145 INFO spawned: 'sshd' with pid 31
2021-09-28T18:08:13.149245560Z  2021-09-28 18:08:13,148 INFO spawned: 'scylla-jmx' with pid 32
2021-09-28T18:08:13.164454801Z  2021-09-28 18:08:13,163 INFO spawned: 'rsyslog' with pid 34
2021-09-28T18:08:13.179853664Z  2021-09-28 18:08:13,179 INFO spawned: 'node-exporter' with pid 36
2021-09-28T18:08:13.218683205Z  time="2021-09-28T18:08:13Z" level=info msg="Starting node_exporter (version=0.17.0, branch=HEAD, revision=f6f6194a436b9a63d0439abc585c76b19a206b21)" source="node_exporter.go:82"
2021-09-28T18:08:13.218727583Z  time="2021-09-28T18:08:13Z" level=info msg="Build context (go=go1.11.2, user=root@322511e06ced, date=20181130-15:51:33)" source="node_exporter.go:83"
2021-09-28T18:08:13.224011735Z  time="2021-09-28T18:08:13Z" level=info msg="Enabled collectors:" source="node_exporter.go:90"
2021-09-28T18:08:13.224378376Z  time="2021-09-28T18:08:13Z" level=info msg=" - arp" source="node_exporter.go:97"
2021-09-28T18:08:13.224399790Z  time="2021-09-28T18:08:13Z" level=info msg=" - bcache" source="node_exporter.go:97"
2021-09-28T18:08:13.224733594Z  time="2021-09-28T18:08:13Z" level=info msg=" - bonding" source="node_exporter.go:97"
2021-09-28T18:08:13.224753803Z  time="2021-09-28T18:08:13Z" level=info msg=" - conntrack" source="node_exporter.go:97"
2021-09-28T18:08:13.225066710Z  time="2021-09-28T18:08:13Z" level=info msg=" - cpu" source="node_exporter.go:97"
2021-09-28T18:08:13.225086426Z  time="2021-09-28T18:08:13Z" level=info msg=" - diskstats" source="node_exporter.go:97"
2021-09-28T18:08:13.225563246Z  time="2021-09-28T18:08:13Z" level=info msg=" - edac" source="node_exporter.go:97"
2021-09-28T18:08:13.225909811Z  time="2021-09-28T18:08:13Z" level=info msg=" - entropy" source="node_exporter.go:97"
2021-09-28T18:08:13.225928304Z  time="2021-09-28T18:08:13Z" level=info msg=" - filefd" source="node_exporter.go:97"
2021-09-28T18:08:13.225938950Z  time="2021-09-28T18:08:13Z" level=info msg=" - filesystem" source="node_exporter.go:97"
2021-09-28T18:08:13.225949285Z  time="2021-09-28T18:08:13Z" level=info msg=" - hwmon" source="node_exporter.go:97"
2021-09-28T18:08:13.226295420Z  time="2021-09-28T18:08:13Z" level=info msg=" - infiniband" source="node_exporter.go:97"
2021-09-28T18:08:13.226314630Z  time="2021-09-28T18:08:13Z" level=info msg=" - interrupts" source="node_exporter.go:97"
2021-09-28T18:08:13.226635638Z  time="2021-09-28T18:08:13Z" level=info msg=" - ipvs" source="node_exporter.go:97"
2021-09-28T18:08:13.226654171Z  time="2021-09-28T18:08:13Z" level=info msg=" - loadavg" source="node_exporter.go:97"
2021-09-28T18:08:13.226664699Z  time="2021-09-28T18:08:13Z" level=info msg=" - mdadm" source="node_exporter.go:97"
2021-09-28T18:08:13.226984148Z  time="2021-09-28T18:08:13Z" level=info msg=" - meminfo" source="node_exporter.go:97"
2021-09-28T18:08:13.227003613Z  time="2021-09-28T18:08:13Z" level=info msg=" - netclass" source="node_exporter.go:97"
2021-09-28T18:08:13.227014308Z  time="2021-09-28T18:08:13Z" level=info msg=" - netdev" source="node_exporter.go:97"
2021-09-28T18:08:13.227321065Z  time="2021-09-28T18:08:13Z" level=info msg=" - netstat" source="node_exporter.go:97"
2021-09-28T18:08:13.227350645Z  time="2021-09-28T18:08:13Z" level=info msg=" - nfs" source="node_exporter.go:97"
2021-09-28T18:08:13.227360834Z  time="2021-09-28T18:08:13Z" level=info msg=" - nfsd" source="node_exporter.go:97"
2021-09-28T18:08:13.227658471Z  time="2021-09-28T18:08:13Z" level=info msg=" - sockstat" source="node_exporter.go:97"
2021-09-28T18:08:13.227677036Z  time="2021-09-28T18:08:13Z" level=info msg=" - stat" source="node_exporter.go:97"
2021-09-28T18:08:13.227686954Z  time="2021-09-28T18:08:13Z" level=info msg=" - textfile" source="node_exporter.go:97"
2021-09-28T18:08:13.227696607Z  time="2021-09-28T18:08:13Z" level=info msg=" - time" source="node_exporter.go:97"
2021-09-28T18:08:13.227970093Z  time="2021-09-28T18:08:13Z" level=info msg=" - timex" source="node_exporter.go:97"
2021-09-28T18:08:13.227987746Z  time="2021-09-28T18:08:13Z" level=info msg=" - uname" source="node_exporter.go:97"
2021-09-28T18:08:13.227997643Z  time="2021-09-28T18:08:13Z" level=info msg=" - vmstat" source="node_exporter.go:97"
2021-09-28T18:08:13.228306723Z  time="2021-09-28T18:08:13Z" level=info msg=" - xfs" source="node_exporter.go:97"
2021-09-28T18:08:13.228333781Z  time="2021-09-28T18:08:13Z" level=info msg=" - zfs" source="node_exporter.go:97"
2021-09-28T18:08:13.228345092Z  time="2021-09-28T18:08:13Z" level=info msg="Listening on :9100" source="node_exporter.go:111"
2021-09-28T18:08:13.230129510Z  Generating public/private ed25519 key pair.
2021-09-28T18:08:13.230163524Z  Your identification has been saved in /etc/ssh/ssh_host_ed25519_key.
2021-09-28T18:08:13.230174079Z  Your public key has been saved in /etc/ssh/ssh_host_ed25519_key.pub.
2021-09-28T18:08:13.230183634Z  The key fingerprint is:
2021-09-28T18:08:13.230192930Z  SHA256:dcSgrBUAZpPKkVwufj1LqPFSXW8+7lJVL3q1GuoAs6U root@a5a2917e0ff1
2021-09-28T18:08:13.230202252Z  The key's randomart image is:
2021-09-28T18:08:13.230211434Z  +--[ED25519 256]--+
2021-09-28T18:08:13.230220656Z  | . o*o... .o.    |
2021-09-28T18:08:13.230229822Z  |  ++.. . o .. .  |
2021-09-28T18:08:13.230238977Z  | ..o.   = . .. . |
2021-09-28T18:08:13.230248097Z  | .o. + + o .. . o|
2021-09-28T18:08:13.230257027Z  |  o + *oS.o. . o.|
2021-09-28T18:08:13.230277609Z  |   * . o*o. .... |
2021-09-28T18:08:13.230287050Z  |  o . .E oo ..o  |
2021-09-28T18:08:13.230296576Z  |   .    ...o .   |
2021-09-28T18:08:13.230305887Z  |         o+.     |
2021-09-28T18:08:13.230315171Z  +----[SHA256]-----+
2021-09-28T18:08:13.628765993Z  Scylla version 4.4.4-0.20210801.69daa9fd0 with build-id eb11cddd30e88ef39c32c847e70181b5cf786355 starting ...
2021-09-28T18:08:13.628803844Z  command used: "/usr/bin/scylla --log-to-syslog 0 --log-to-stdout 1 --default-log-level info --network-stack posix --developer-mode=1 --overprovisioned --listen-address 10.0.11.6 --rpc-address 10.0.11.6 --seed-provider-parameters seeds=10.0.11.6 --blocked-reactor-notify-ms 999999999"
2021-09-28T18:08:13.628816171Z  parsed command line options: [log-to-syslog: 0, log-to-stdout: 1, default-log-level: info, network-stack: posix, developer-mode: 1, overprovisioned, listen-address: 10.0.11.6, rpc-address: 10.0.11.6, seed-provider-parameters: seeds=10.0.11.6, blocked-reactor-notify-ms: 999999999]
2021-09-28T18:08:13.652169141Z  WARN  2021-09-28 18:08:13,651 [shard 0] seastar - Unable to set SCHED_FIFO scheduling policy for timer thread; latency impact possible. Try adding CAP_SYS_NICE
2021-09-28T18:08:13.681638272Z  INFO  2021-09-28 18:08:13,681 [shard 0] init - installing SIGHUP handler
2021-09-28T18:08:13.685785546Z  INFO  2021-09-28 18:08:13,685 [shard 0] init - Scylla version 4.4.4-0.20210801.69daa9fd0 with build-id eb11cddd30e88ef39c32c847e70181b5cf786355 starting ...
2021-09-28T18:08:13.685823940Z  
2021-09-28T18:08:13.691160825Z  INFO  2021-09-28 18:08:13,690 [shard 0] init - starting prometheus API server
2021-09-28T18:08:13.692857353Z  INFO  2021-09-28 18:08:13,692 [shard 0] init - starting tokens manager
2021-09-28T18:08:13.696352779Z  INFO  2021-09-28 18:08:13,695 [shard 0] init - starting migration manager notifier
2021-09-28T18:08:13.697034491Z  INFO  2021-09-28 18:08:13,696 [shard 0] init - creating tracing
2021-09-28T18:08:13.697550185Z  INFO  2021-09-28 18:08:13,697 [shard 0] init - creating snitch
2021-09-28T18:08:13.698961332Z  INFO  2021-09-28 18:08:13,698 [shard 0] init - determining DNS name
2021-09-28T18:08:13.698980710Z  INFO  2021-09-28 18:08:13,698 [shard 0] init - starting API server
2021-09-28T18:08:13.699821659Z  INFO  2021-09-28 18:08:13,699 [shard 0] init - Scylla API server listening on 127.0.0.1:10000 ...
2021-09-28T18:08:13.705818274Z  INFO  2021-09-28 18:08:13,705 [shard 0] init - initializing storage service
2021-09-28T18:08:13.706438603Z  INFO  2021-09-28 18:08:13,706 [shard 0] init - starting per-shard database core
2021-09-28T18:08:13.708711186Z  WARN  2021-09-28 18:08:13,708 [shard 0] init - I/O Scheduler is not properly configured! This is a non-supported setup, and performance is expected to be unpredictably bad.
2021-09-28T18:08:13.708731531Z   Reason found: none of --max-io-requests, --io-properties and --io-properties-file are set.
2021-09-28T18:08:13.708742311Z  To properly configure the I/O Scheduler, run the scylla_io_setup utility shipped with Scylla.
2021-09-28T18:08:13.708751845Z  
2021-09-28T18:08:13.709546941Z  INFO  2021-09-28 18:08:13,708 [shard 0] init - creating and verifying directories
2021-09-28T18:08:14.502134942Z  2021-09-28 18:08:14,492 INFO success: scylla entered RUNNING state, process has stayed up for > than 1 seconds (startsecs)
2021-09-28T18:08:14.502193722Z  2021-09-28 18:08:14,493 INFO success: scylla-housekeeping entered RUNNING state, process has stayed up for > than 1 seconds (startsecs)
2021-09-28T18:08:14.502206315Z  2021-09-28 18:08:14,493 INFO success: sshd entered RUNNING state, process has stayed up for > than 1 seconds (startsecs)
2021-09-28T18:08:14.502216315Z  2021-09-28 18:08:14,493 INFO success: scylla-jmx entered RUNNING state, process has stayed up for > than 1 seconds (startsecs)
2021-09-28T18:08:14.502226085Z  2021-09-28 18:08:14,493 INFO success: rsyslog entered RUNNING state, process has stayed up for > than 1 seconds (startsecs)
2021-09-28T18:08:14.502235629Z  2021-09-28 18:08:14,493 INFO success: node-exporter entered RUNNING state, process has stayed up for > than 1 seconds (startsecs)
2021-09-28T18:08:14.502299739Z  INFO  2021-09-28 18:08:14,492 [shard 0] database - Populating Keyspace system_schema
2021-09-28T18:08:14.502315445Z  INFO  2021-09-28 18:08:14,492 [shard 0] database - Keyspace system_schema: Reading CF view_virtual_columns id=08843b63-45dc-3be2-9798-a0418295cfaa version=c777531c-15f7-326f-8ebe-39fd0265c8c9
2021-09-28T18:08:14.502325622Z  INFO  2021-09-28 18:08:14,492 [shard 0] database - Keyspace system_schema: Reading CF computed_columns id=cc7c7069-3740-33c1-92a4-c3de78dbd2c4 version=2b8c4439-de76-31e0-807f-3b7290a975d7
2021-09-28T18:08:14.502350380Z  INFO  2021-09-28 18:08:14,492 [shard 0] database - Keyspace system_schema: Reading CF aggregates id=924c5587-2e3a-345b-b10c-12f37c1ba895 version=4b53e92c-0368-3d5c-b959-2ec1bfd1a59f
2021-09-28T18:08:14.502361005Z  INFO  2021-09-28 18:08:14,492 [shard 0] database - Keyspace system_schema: Reading CF functions id=96489b79-80be-3e14-a701-66a0b9159450 version=329ed804-55b3-3eee-ad61-d85317b96097
2021-09-28T18:08:14.502386775Z  INFO  2021-09-28 18:08:14,492 [shard 0] database - Keyspace system_schema: Reading CF views id=9786ac1c-dd58-3201-a7cd-ad556410c985 version=5b58bb47-96e7-3f57-accf-0bfca4dbbc6e
2021-09-28T18:08:14.502408600Z  INFO  2021-09-28 18:08:14,492 [shard 0] database - Keyspace system_schema: Reading CF indexes id=0feb57ac-311f-382f-ba6d-9024d305702f version=99c40462-8687-304e-abe3-2bdbef1f25aa
2021-09-28T18:08:14.502418932Z  INFO  2021-09-28 18:08:14,492 [shard 0] database - Keyspace system_schema: Reading CF types id=5a8b1ca8-6602-3f77-a045-9273d308917a version=de51b2ce-5e4d-3b7d-a75f-2204332ce8d1
2021-09-28T18:08:14.502428855Z  INFO  2021-09-28 18:08:14,492 [shard 0] database - Keyspace system_schema: Reading CF triggers id=4df70b66-6b05-3251-95a1-32b54005fd48 version=582d7071-1ef0-37c8-adc6-471a13636139
2021-09-28T18:08:14.502438920Z  INFO  2021-09-28 18:08:14,492 [shard 0] database - Keyspace system_schema: Reading CF dropped_columns id=5e7583b5-f3f4-3af1-9a39-b7e1d6f5f11f version=7426bc6c-4c2f-3200-8ad8-4329610ed59a
2021-09-28T18:08:14.502448852Z  INFO  2021-09-28 18:08:14,492 [shard 0] database - Keyspace system_schema: Reading CF columns id=24101c25-a2ae-3af7-87c1-b40ee1aca33f version=d33236d4-9bdd-3c09-abf0-a0bc5edc2526
2021-09-28T18:08:14.502471578Z  INFO  2021-09-28 18:08:14,492 [shard 0] database - Keyspace system_schema: Reading CF scylla_tables id=5d912ff1-f759-3665-b2c8-8042ab5103dd version=38e5e56b-155d-39b5-a0d2-8e5dcad42a26
2021-09-28T18:08:14.502481653Z  INFO  2021-09-28 18:08:14,492 [shard 0] database - Keyspace system_schema: Reading CF tables id=afddfb9d-bc1e-3068-8056-eed6c302ba09 version=b6240810-eeb7-36d5-9411-43b2d68dddab
2021-09-28T18:08:14.502491173Z  INFO  2021-09-28 18:08:14,492 [shard 0] database - Keyspace system_schema: Reading CF keyspaces id=abac5682-dea6-31c5-b535-b3d6cffd0fb6 version=e79ca8ba-6556-3f7d-925a-7f20cf57938c
2021-09-28T18:08:14.540749511Z  Connecting to http://localhost:10000
2021-09-28T18:08:14.541421432Z  Starting the JMX server
2021-09-28T18:08:15.496929919Z  Generating public/private rsa key pair.
2021-09-28T18:08:15.496962897Z  Your identification has been saved in /etc/ssh/ssh_host_rsa_key.
2021-09-28T18:08:15.496974343Z  Your public key has been saved in /etc/ssh/ssh_host_rsa_key.pub.
2021-09-28T18:08:15.496984356Z  The key fingerprint is:
2021-09-28T18:08:15.496993796Z  SHA256:nSERuPyvY2xMAsz3GlD5LHjo7xJC/g/FgdOa+XSDJss root@a5a2917e0ff1
2021-09-28T18:08:15.497003438Z  The key's randomart image is:
2021-09-28T18:08:15.497012622Z  +---[RSA 4096]----+
2021-09-28T18:08:15.497022007Z  |       oo.       |
2021-09-28T18:08:15.497031198Z  |     o+  .       |
2021-09-28T18:08:15.497040358Z  |   oo=o+. .      |
2021-09-28T18:08:15.497049536Z  |  . B**ooo o     |
2021-09-28T18:08:15.497058441Z  | o .==*+S o      |
2021-09-28T18:08:15.497067656Z  |  o.oBo.+.       |
2021-09-28T18:08:15.497076852Z  |   oEo.B .       |
2021-09-28T18:08:15.497085945Z  |    o.o * .      |
2021-09-28T18:08:15.497106900Z  |     +oo.o       |
2021-09-28T18:08:15.497129442Z  +----[SHA256]-----+
2021-09-28T18:08:15.518332593Z  JMX is enabled to receive remote connections on port: 7199
2021-09-28T18:08:15.523551600Z  Could not load host key: /etc/ssh/ssh_host_ecdsa_key
2021-09-28T18:08:18.590988591Z  INFO  2021-09-28 18:08:18,589 [shard 0] database - Populating Keyspace system
2021-09-28T18:08:18.591028911Z  INFO  2021-09-28 18:08:18,589 [shard 0] database - Keyspace system: Reading CF compaction_history id=b4dbb7b4-dc49-3fb5-b3bf-ce6e434832ca version=25cae56a-8d75-39f3-a146-3756ab4981c7
2021-09-28T18:08:18.591041155Z  INFO  2021-09-28 18:08:18,589 [shard 0] database - Keyspace system: Reading CF batchlog id=0290003c-977e-397c-ac3e-fdfdc01d626b version=e2a2e804-49e4-3597-9f16-39fd9475835c
2021-09-28T18:08:18.591052023Z  INFO  2021-09-28 18:08:18,589 [shard 0] database - Keyspace system: Reading CF size_estimates id=618f817b-005f-3678-b8a4-53f3930b8e86 version=6d4dbcff-f05b-3dc3-95ad-f79f7b10504d
2021-09-28T18:08:18.591062543Z  INFO  2021-09-28 18:08:18,589 [shard 0] database - Keyspace system: Reading CF range_xfers id=55d76438-4e55-3f8b-9f6e-676d4af3976d version=dd15a078-409b-350d-9bef-c5f3520832d8
2021-09-28T18:08:18.591072863Z  INFO  2021-09-28 18:08:18,589 [shard 0] database - Keyspace system: Reading CF peer_events id=59dfeaea-8db2-3341-91ef-109974d81484 version=7f874a05-72b8-3c21-9acb-baa164fc351a
2021-09-28T18:08:18.591083123Z  INFO  2021-09-28 18:08:18,589 [shard 0] database - Keyspace system: Reading CF peers id=37f71aca-7dc2-383b-a706-72528af04d4f version=f6f6871f-8c86-3eca-ac0b-2a2e848e395d
2021-09-28T18:08:18.591093382Z  INFO  2021-09-28 18:08:18,589 [shard 0] database - Keyspace system: Reading CF scylla_local id=2972ec7f-fb20-38dd-aac1-d876f2e3fcbd version=5f0b407d-eedf-3845-a48e-dbb9673d10e1
2021-09-28T18:08:18.591103735Z  INFO  2021-09-28 18:08:18,589 [shard 0] database - Keyspace system: Reading CF schema_aggregates id=a5fc57fc-9d6c-3bfd-a3fc-01ad54686fea version=d06c934f-9a69-374c-86f1-523ab26fb05c
2021-09-28T18:08:18.591114101Z  INFO  2021-09-28 18:08:18,589 [shard 0] database - Keyspace system: Reading CF paxos id=b7b7f0c2-fd0a-3410-8c05-3ef614bb7c2d version=6dd372de-72fb-3e1b-9b8c-f97738a67fe9
2021-09-28T18:08:18.591124341Z  INFO  2021-09-28 18:08:18,589 [shard 0] database - Keyspace system: Reading CF compactions_in_progress id=55080ab0-5d9c-3886-90a4-acb25fe1f77b version=540263f1-40db-3869-8a38-3baadedc222d
2021-09-28T18:08:18.591134656Z  INFO  2021-09-28 18:08:18,589 [shard 0] database - Keyspace system: Reading CF local id=7ad54392-bcdd-35a6-8417-4e047860b377 version=7fa82c2e-5b67-37dd-8e5e-2079e18f1536
2021-09-28T18:08:18.591147043Z  INFO  2021-09-28 18:08:18,589 [shard 0] database - Keyspace system: Reading CF schema_columnfamilies id=45f5b360-24bc-3f83-a363-1034ea4fa697 version=7f7a5fea-07b7-304d-a6f8-f7aec72cabdb
2021-09-28T18:08:18.591158280Z  INFO  2021-09-28 18:08:18,589 [shard 0] database - Keyspace system: Reading CF hints id=2666e205-73ef-38b3-90fe-fecf96e8f0c7 version=0b74fdd1-e96d-309e-a14e-a5bcd7ac885d
2021-09-28T18:08:18.591168840Z  INFO  2021-09-28 18:08:18,589 [shard 0] database - Keyspace system: Reading CF sstable_activity id=5a1ff267-ace0-3f12-8563-cfae6103c65e version=bdec57a3-b234-334b-be9c-7b1f33113995
2021-09-28T18:08:18.591190660Z  INFO  2021-09-28 18:08:18,589 [shard 0] database - Keyspace system: Reading CF IndexInfo id=9f5c6374-d485-3229-9a0a-5094af9ad1e3 version=bbb3743b-351f-3023-b4fc-09a9be37d529
2021-09-28T18:08:18.591202441Z  INFO  2021-09-28 18:08:18,589 [shard 0] database - Keyspace system: Reading CF large_partitions id=8a7fe624-96b0-34b1-b90e-f71bddcdd2d3 version=04fa9920-9369-3a96-be39-6dd9fdc816b6
2021-09-28T18:08:18.591213133Z  INFO  2021-09-28 18:08:18,589 [shard 0] database - Keyspace system: Reading CF scylla_table_schema_history id=0191a53e-40f0-31d4-9171-b0d19ffb17b4 version=2cc890b8-9ade-3afc-ab63-043c8017608e
2021-09-28T18:08:18.591223473Z  INFO  2021-09-28 18:08:18,589 [shard 0] database - Keyspace system: Reading CF large_cells id=ead8bbc5-f146-3ae1-9f71-0b11f9a1d296 version=0d4a6937-a781-3f87-a192-b4e4a4a40acf
2021-09-28T18:08:18.591248015Z  INFO  2021-09-28 18:08:18,589 [shard 0] database - Keyspace system: Reading CF views_builds_in_progress id=b7f2c108-78cd-3c80-9cd5-d609b2bd149c version=b905cce5-1474-3085-819a-7592453e2fb9
2021-09-28T18:08:18.591259432Z  INFO  2021-09-28 18:08:18,590 [shard 0] database - Keyspace system: Reading CF built_views id=4b3c50a9-ea87-3d76-9101-6dbc9c38494a version=a28aa0b3-6def-30a7-9fbe-ce78b3f3c9b9
2021-09-28T18:08:18.591269655Z  INFO  2021-09-28 18:08:18,590 [shard 0] database - Keyspace system: Reading CF scylla_views_builds_in_progress id=a04c7bfd-1e13-36c9-a44d-f22da352281d version=e3fb736c-6956-3990-a31d-9a482279e3fc
2021-09-28T18:08:18.591279861Z  INFO  2021-09-28 18:08:18,590 [shard 0] database - Keyspace system: Reading CF truncated id=38c19fd0-fb86-3310-a4b7-0d0cc66628aa version=6da9a85c-7ae0-3917-aead-54a2f65a57a8
2021-09-28T18:08:18.591291781Z  INFO  2021-09-28 18:08:18,590 [shard 0] database - Keyspace system: Reading CF cdc_local id=0bcaffd4-0c83-3ead-ad13-dc1d5015b77c version=0aa4d3a2-ed95-3ecd-aba0-cd75622ad290
2021-09-28T18:08:18.591302638Z  INFO  2021-09-28 18:08:18,590 [shard 0] database - Keyspace system: Reading CF clients id=ca0f635d-8630-3609-8d93-a1fc06f2a5e5 version=51273ebf-e6f9-3cd5-b455-ea09ad29796f
2021-09-28T18:08:18.591312863Z  INFO  2021-09-28 18:08:18,590 [shard 0] database - Keyspace system: Reading CF schema_keyspaces id=b0f22357-4458-3cdb-9631-c43e59ce3676 version=84d28cef-59f9-34a9-9be5-31c684997f03
2021-09-28T18:08:18.591323143Z  INFO  2021-09-28 18:08:18,590 [shard 0] database - Keyspace system: Reading CF schema_columns id=296e9c04-9bec-3085-827d-c17d3df2122a version=53cfbb66-ee0d-37be-97bb-b2afb3746f85
2021-09-28T18:08:18.591333235Z  INFO  2021-09-28 18:08:18,590 [shard 0] database - Keyspace system: Reading CF schema_triggers id=0359bc71-7123-3ee1-9a4a-b9dfb11fc125 version=75e4ec4c-76da-3f59-984e-66810ba0c62b
2021-09-28T18:08:18.591343381Z  INFO  2021-09-28 18:08:18,590 [shard 0] database - Keyspace system: Reading CF large_rows id=40550f66-0858-39a0-9430-f27fc08034e9 version=aee3acb0-7926-317b-848e-db7bc3721695
2021-09-28T18:08:18.591353484Z  INFO  2021-09-28 18:08:18,590 [shard 0] database - Keyspace system: Reading CF schema_usertypes id=3aa75225-4f82-350b-8d5c-430fa221fa0a version=3c53e6bb-56d5-3618-a0b2-4ff5f18127d7
2021-09-28T18:08:18.591363675Z  INFO  2021-09-28 18:08:18,590 [shard 0] database - Keyspace system: Reading CF schema_functions id=d1b675fe-2b50-3ca4-8e49-c0f81989dcad version=a50959dd-2be0-3e4e-8bb5-cf40796e256a
2021-09-28T18:08:18.818269482Z  Traceback (most recent call last):
2021-09-28T18:08:18.818320612Z    File "/opt/scylladb/scripts/libexec/scylla-housekeeping", line 208, in <module>
2021-09-28T18:08:18.818830423Z      args.func(args)
2021-09-28T18:08:18.818873765Z    File "/opt/scylladb/scripts/libexec/scylla-housekeeping", line 134, in check_version
2021-09-28T18:08:18.818888600Z      current_version = sanitize_version(get_api('/storage_service/scylla_release_version'))
2021-09-28T18:08:18.818898478Z    File "/opt/scylladb/scripts/libexec/scylla-housekeeping", line 93, in get_api
2021-09-28T18:08:18.819342701Z      return get_json_from_url("http://" + api_address + path)
2021-09-28T18:08:18.819383291Z    File "/opt/scylladb/scripts/libexec/scylla-housekeeping", line 88, in get_json_from_url
2021-09-28T18:08:18.819396345Z      raise RuntimeError(f'Failed to get "{path}" due to the following error: {retval}')
2021-09-28T18:08:18.819406027Z  RuntimeError: Failed to get "http://localhost:10000/storage_service/scylla_release_version" due to the following error: HTTP Error 404: Not Found
2021-09-28T18:08:26.218088881Z  INFO  2021-09-28 18:08:26,217 [shard 0] init - starting gossip
2021-09-28T18:08:26.218129684Z  WARN  2021-09-28 18:08:26,217 [shard 0] init - Using default cluster name is not recommended. Using a unique cluster name will reduce the chance of adding nodes to the wrong cluster by mistake
2021-09-28T18:08:26.218142393Z  INFO  2021-09-28 18:08:26,217 [shard 0] init - seeds={10.0.11.6}, listen_address=10.0.11.6, broadcast_address=10.0.11.6
2021-09-28T18:08:26.218573719Z  INFO  2021-09-28 18:08:26,217 [shard 0] init - starting storage proxy
2021-09-28T18:08:26.226919718Z  INFO  2021-09-28 18:08:26,226 [shard 0] init - starting migration manager
2021-09-28T18:08:26.227494303Z  INFO  2021-09-28 18:08:26,227 [shard 0] init - starting query processor
2021-09-28T18:08:26.228851411Z  INFO  2021-09-28 18:08:26,228 [shard 0] init - initializing batchlog manager
2021-09-28T18:08:26.232091555Z  INFO  2021-09-28 18:08:26,231 [shard 0] format_selector - Selected md sstables format
2021-09-28T18:08:26.233395830Z  INFO  2021-09-28 18:08:26,233 [shard 0] legacy_schema_migrator - Moving 0 keyspaces from legacy schema tables to the new schema keyspace (system_schema)
2021-09-28T18:08:26.233946050Z  INFO  2021-09-28 18:08:26,233 [shard 0] legacy_schema_migrator - Dropping legacy schema tables
2021-09-28T18:08:34.008817021Z  INFO  2021-09-28 18:08:34,008 [shard 0] legacy_schema_migrator - Completed migration of legacy schema tables
2021-09-28T18:08:34.008864756Z  INFO  2021-09-28 18:08:34,008 [shard 0] init - loading system sstables
2021-09-28T18:08:44.920958805Z  INFO  2021-09-28 18:08:44,919 [shard 0] init - loading non-system sstables
2021-09-28T18:08:51.024923186Z  INFO  2021-09-28 18:08:51,024 [shard 0] database - Populating Keyspace system_auth
2021-09-28T18:08:51.025721645Z  INFO  2021-09-28 18:08:51,025 [shard 0] database - Keyspace system_auth: Reading CF roles id=5bc52802-de25-35ed-aeab-188eecebb090 version=e27680b1-de66-382d-be28-d8b1af5c426a
2021-09-28T18:08:51.026382062Z  INFO  2021-09-28 18:08:51,026 [shard 0] database - Keyspace system_auth: Reading CF role_members id=0ecdaa87-f8fb-3e60-88d1-74fb36fe5c0d version=8596efbf-fef9-3624-b16e-66e5a2478839
2021-09-28T18:08:51.027081405Z  INFO  2021-09-28 18:08:51,026 [shard 0] database - Populating Keyspace system_traces
2021-09-28T18:08:51.027808100Z  INFO  2021-09-28 18:08:51,027 [shard 0] database - Keyspace system_traces: Reading CF sessions_time_idx id=0ebf001c-c1d1-3693-9a63-c3d96ac53318 version=53b2b453-8256-3cc0-b8fc-9a32427898a9
2021-09-28T18:08:51.028533803Z  INFO  2021-09-28 18:08:51,028 [shard 0] database - Keyspace system_traces: Reading CF sessions id=c5e99f16-8677-3914-b17e-960613512345 version=7970f395-812c-3650-a170-5741d6f12bd3
2021-09-28T18:08:51.029312516Z  INFO  2021-09-28 18:08:51,028 [shard 0] database - Keyspace system_traces: Reading CF node_slow_log_time_idx id=f9706768-aa1e-3d87-9e5c-51a3927c2870 version=424995db-92cf-3997-81f6-d297ecca59cb
2021-09-28T18:08:51.030061701Z  INFO  2021-09-28 18:08:51,029 [shard 0] database - Keyspace system_traces: Reading CF node_slow_log id=bfcc4e62-5b63-3aa1-a1c3-6f5e47f3325c version=2201e9ba-63d3-38d2-a0d9-6d431f9d0941
2021-09-28T18:08:51.030795103Z  INFO  2021-09-28 18:08:51,030 [shard 0] database - Keyspace system_traces: Reading CF events id=8826e8e9-e16a-3728-8753-3bc1fc713c25 version=82be260f-7d52-372d-8261-918fdad0c51f
2021-09-28T18:08:51.031442357Z  INFO  2021-09-28 18:08:51,031 [shard 0] database - Populating Keyspace dt
2021-09-28T18:08:51.031924994Z  INFO  2021-09-28 18:08:51,031 [shard 0] database - Keyspace dt: Reading CF user id=b60ae340-91bf-11eb-bd25-000000000000 version=cabb4525-43c5-3a15-875d-0fbb3a1cca73
2021-09-28T18:08:51.033434278Z  INFO  2021-09-28 18:08:51,032 [shard 0] database - Keyspace dt: Reading CF twin id=b79af920-91bf-11eb-bd25-000000000000 version=30cd9585-6d13-3469-8542-c8035fe90bbf
2021-09-28T18:08:51.033456607Z  INFO  2021-09-28 18:08:51,032 [shard 0] database - Keyspace dt: Reading CF source_element_idx_index id=c0e86990-91bf-11eb-bd25-000000000000 version=32f76a72-1cb6-3da2-800f-d90dc77b0ec1
2021-09-28T18:08:51.033468569Z  INFO  2021-09-28 18:08:51,032 [shard 0] database - Keyspace dt: Reading CF element_twin_idx_index id=bc170b60-91bf-11eb-bd25-000000000000 version=40dc72bc-79d8-3fc4-9053-c7adde980939
2021-09-28T18:08:51.033479737Z  INFO  2021-09-28 18:08:51,032 [shard 0] database - Keyspace dt: Reading CF source_data id=c370c220-91bf-11eb-bd25-000000000000 version=d447c8b6-e9f4-38c5-a90c-21dc5733d0ff
2021-09-28T18:08:51.033494335Z  INFO  2021-09-28 18:08:51,032 [shard 0] database - Keyspace dt: Reading CF source id=be95c700-91bf-11eb-bd25-000000000000 version=c9d14ff4-95de-3d01-af7a-5eb2a7010809
2021-09-28T18:08:51.033505267Z  INFO  2021-09-28 18:08:51,032 [shard 0] database - Keyspace dt: Reading CF element id=b9b77080-91bf-11eb-bd25-000000000000 version=bcbb5d6d-bdf7-37fe-93b6-dbbed4b6ba76
2021-09-28T18:08:51.033516337Z  INFO  2021-09-28 18:08:51,032 [shard 0] database - Populating Keyspace system_distributed
2021-09-28T18:08:51.033526690Z  INFO  2021-09-28 18:08:51,032 [shard 0] database - Keyspace system_distributed: Reading CF view_build_status id=5582b59f-8e4e-35e1-b913-3acada51eb04 version=e61ea49b-8dbc-3ff6-a69f-896f4d38b7bb
2021-09-28T18:08:51.033537807Z  INFO  2021-09-28 18:08:51,032 [shard 0] database - Keyspace system_distributed: Reading CF cdc_streams_descriptions_v2 id=0bf73fd7-65b2-36b0-85e5-658131d5df36 version=58a18c32-0c5a-34ba-992f-7723dd0265c0
2021-09-28T18:08:51.033561759Z  INFO  2021-09-28 18:08:51,032 [shard 0] database - Keyspace system_distributed: Reading CF cdc_streams_descriptions id=249f0ac2-8856-36d4-9802-f55223eb01c2 version=f727f60d-bfaa-32de-a0d6-898e1cbaf2c9
2021-09-28T18:08:51.033574152Z  INFO  2021-09-28 18:08:51,032 [shard 0] database - Keyspace system_distributed: Reading CF cdc_generation_timestamps id=fdf455c4-cfec-3e00-9719-d7a45436c89d version=5777e043-a81a-3324-8803-b497c056849f
2021-09-28T18:08:51.033586796Z  INFO  2021-09-28 18:08:51,032 [shard 0] database - Keyspace system_distributed: Reading CF cdc_generation_descriptions id=ae653406-7b3e-34aa-af70-d5b90f837c67 version=95e9e159-839f-39b3-990f-8e8a04817ff8
2021-09-28T18:08:56.468586927Z  INFO  2021-09-28 18:08:56,468 [shard 0] init - starting view update generator
2021-09-28T18:08:56.469425876Z  INFO  2021-09-28 18:08:56,469 [shard 0] init - discovering staging sstables
2021-09-28T18:08:56.470183111Z  INFO  2021-09-28 18:08:56,469 [shard 0] init - setting up system keyspace
2021-09-28T18:08:56.485031910Z  INFO  2021-09-28 18:08:56,484 [shard 0] init - starting commit log
2021-09-28T18:08:56.485923168Z  INFO  2021-09-28 18:08:56,485 [shard 0] compaction - [Compact system.truncated 25952d50-2087-11ec-ba5b-000000000000] Compacting [/var/lib/scylla/data/system/truncated-38c19fd0fb863310a4b70d0cc66628aa/md-990-big-Data.db:level=0, /var/lib/scylla/data/system/truncated-38c19fd0fb863310a4b70d0cc66628aa/md-988-big-Data.db:level=0, ]
2021-09-28T18:08:56.486690600Z  INFO  2021-09-28 18:08:56,486 [shard 1] compaction - [Compact system_distributed.cdc_generation_timestamps 25955460-2087-11ec-b1be-000000000001] Compacting [/var/lib/scylla/data/system_distributed/cdc_generation_timestamps-fdf455c4cfec3e009719d7a45436c89d/md-447-big-Data.db:level=0, /var/lib/scylla/data/system_distributed/cdc_generation_timestamps-fdf455c4cfec3e009719d7a45436c89d/md-445-big-Data.db:level=0, ]
2021-09-28T18:08:56.489106247Z  INFO  2021-09-28 18:08:56,488 [shard 0] init - initializing migration manager RPC verbs
2021-09-28T18:08:56.489786368Z  INFO  2021-09-28 18:08:56,489 [shard 0] init - initializing storage proxy RPC verbs
2021-09-28T18:08:56.490450127Z  INFO  2021-09-28 18:08:56,490 [shard 0] init - starting streaming service
2021-09-28T18:08:56.491322727Z  INFO  2021-09-28 18:08:56,491 [shard 0] init - starting hinted handoff manager
2021-09-28T18:08:56.912834382Z  INFO  2021-09-28 18:08:56,912 [shard 0] init - starting messaging service
2021-09-28T18:08:56.913906192Z  INFO  2021-09-28 18:08:56,913 [shard 0] repair - Setting max_repair_memory=126248550, max_repair_memory_per_range=33554432, max_repair_ranges_in_parallel=1
2021-09-28T18:08:56.914591837Z  INFO  2021-09-28 18:08:56,914 [shard 0] init - starting storage service
2021-09-28T18:08:56.917299650Z  INFO  2021-09-28 18:08:56,916 [shard 0] storage_service - Loading persisted ring state
2021-09-28T18:08:56.920274794Z  INFO  2021-09-28 18:08:56,919 [shard 0] storage_service - initial_contact_nodes={10.0.11.6}, loaded_endpoints={}, loaded_peer_features=0
2021-09-28T18:08:56.920324585Z  INFO  2021-09-28 18:08:56,920 [shard 0] storage_service - Checking remote features with gossip, initial_contact_nodes={10.0.11.6}
2021-09-28T18:08:56.920724928Z  INFO  2021-09-28 18:08:56,920 [shard 0] messaging_service - Starting Messaging Service on port 7000
2021-09-28T18:08:56.920786456Z  INFO  2021-09-28 18:08:56,920 [shard 0] gossip - Gossip shadow round started with nodes={}
2021-09-28T18:08:56.920800514Z  WARN  2021-09-28 18:08:56,920 [shard 0] gossip - All nodes={} are down for get_endpoint_states verb. Skip ShadowRound.
2021-09-28T18:08:56.920810905Z  INFO  2021-09-28 18:08:56,920 [shard 0] gossip - Gossip shadow round finisehd with nodes_talked={}
2021-09-28T18:08:56.920821156Z  INFO  2021-09-28 18:08:56,920 [shard 0] gossip - Feature check passed. Local node 10.0.11.6 features = {CDC, COMPUTED_COLUMNS, CORRECT_COUNTER_ORDER, CORRECT_IDX_TOKEN_IN_SECONDARY_INDEX, CORRECT_NON_COMPOUND_RANGE_TOMBSTONES, CORRECT_STATIC_COMPACT_IN_MC, COUNTERS, DIGEST_FOR_NULL_VALUES, DIGEST_INSENSITIVE_TO_EXPIRY, DIGEST_MULTIPARTITION_READ, HINTED_HANDOFF_SEPARATE_CONNECTION, INDEXES, LARGE_PARTITIONS, LA_SSTABLE_FORMAT, LWT, MATERIALIZED_VIEWS, MC_SSTABLE_FORMAT, MD_SSTABLE_FORMAT, NONFROZEN_UDTS, PER_TABLE_CACHING, PER_TABLE_PARTITIONERS, RANGE_TOMBSTONES, ROLES, ROW_LEVEL_REPAIR, SCHEMA_TABLES_V3, STREAM_WITH_RPC_STREAM, TRUNCATION_TABLE, UNBOUNDED_RANGE_TOMBSTONES, VIEW_VIRTUAL_COLUMNS, WRITE_FAILURE_REPLY, XXHASH}, Remote common_features = {}
2021-09-28T18:08:56.922403255Z  INFO  2021-09-28 18:08:56,922 [shard 0] storage_service - Restarting a node in NORMAL status
2021-09-28T18:08:56.944764087Z  INFO  2021-09-28 18:08:56,944 [shard 0] schema_tables - Schema version changed to 3ed0da5a-9378-3867-8692-45463e52d017
2021-09-28T18:08:56.945250916Z  INFO  2021-09-28 18:08:56,944 [shard 0] storage_service - Starting up server gossip
2021-09-28T18:08:57.479382870Z  INFO  2021-09-28 18:08:57,478 [shard 1] compaction - [Compact system.truncated 262cb260-2087-11ec-b1be-000000000001] Compacting [/var/lib/scylla/data/system/truncated-38c19fd0fb863310a4b70d0cc66628aa/md-991-big-Data.db:level=0, /var/lib/scylla/data/system/truncated-38c19fd0fb863310a4b70d0cc66628aa/md-985-big-Data.db:level=0, ]
2021-09-28T18:08:57.900334864Z  INFO  2021-09-28 18:08:57,899 [shard 0] compaction - [Compact system.compaction_history 266cefb0-2087-11ec-ba5b-000000000000] Compacting [/var/lib/scylla/data/system/compaction_history-b4dbb7b4dc493fb5b3bfce6e434832ca/md-490-big-Data.db:level=0, /var/lib/scylla/data/system/compaction_history-b4dbb7b4dc493fb5b3bfce6e434832ca/md-488-big-Data.db:level=0, ]
2021-09-28T18:08:58.494207387Z  INFO  2021-09-28 18:08:58,493 [shard 1] compaction - [Compact system_distributed.cdc_generation_timestamps 25955460-2087-11ec-b1be-000000000001] Compacted 2 sstables to [/var/lib/scylla/data/system_distributed/cdc_generation_timestamps-fdf455c4cfec3e009719d7a45436c89d/md-449-big-Data.db:level=0, ]. 10kB to 5kB (~51% of original) in 992ms = 5kB/s. ~256 total partitions merged to 1.
2021-09-28T18:08:58.864987462Z  INFO  2021-09-28 18:08:58,864 [shard 0] compaction - [Compact system.truncated 25952d50-2087-11ec-ba5b-000000000000] Compacted 2 sstables to [/var/lib/scylla/data/system/truncated-38c19fd0fb863310a4b70d0cc66628aa/md-992-big-Data.db:level=0, ]. 82kB to 76kB (~93% of original) in 1413ms = 54kB/s. ~256 total partitions merged to 2.
2021-09-28T18:08:59.177002575Z  INFO  2021-09-28 18:08:59,176 [shard 1] compaction - [Compact system_schema.indexes 272fca80-2087-11ec-b1be-000000000001] Compacting [/var/lib/scylla/data/system_schema/indexes-0feb57ac311f382fba6d9024d305702f/md-485-big-Data.db:level=0, /var/lib/scylla/data/system_schema/indexes-0feb57ac311f382fba6d9024d305702f/md-483-big-Data.db:level=0, ]
2021-09-28T18:08:59.613070772Z  INFO  2021-09-28 18:08:59,612 [shard 0] compaction - [Compact system.local 277251c0-2087-11ec-ba5b-000000000000] Compacting [/var/lib/scylla/data/system/local-7ad54392bcdd35a684174e047860b377/md-1016-big-Data.db:level=0, /var/lib/scylla/data/system/local-7ad54392bcdd35a684174e047860b377/md-1014-big-Data.db:level=0, ]
2021-09-28T18:08:59.654865660Z  INFO  2021-09-28 18:08:59,654 [shard 1] compaction - [Compact system.truncated 262cb260-2087-11ec-b1be-000000000001] Compacted 2 sstables to [/var/lib/scylla/data/system/truncated-38c19fd0fb863310a4b70d0cc66628aa/md-993-big-Data.db:level=0, ]. 148kB to 74kB (~50% of original) in 1697ms = 43kB/s. ~256 total partitions merged to 6.
2021-09-28T18:09:00.498216237Z  INFO  2021-09-28 18:09:00,497 [shard 0] compaction - [Compact system.compaction_history 266cefb0-2087-11ec-ba5b-000000000000] Compacted 2 sstables to [/var/lib/scylla/data/system/compaction_history-b4dbb7b4dc493fb5b3bfce6e434832ca/md-496-big-Data.db:level=0, ]. 188kB to 102kB (~54% of original) in 1712ms = 59kB/s. ~256 total partitions merged to 92.
2021-09-28T18:09:00.533228953Z  INFO  2021-09-28 18:09:00,532 [shard 1] compaction - [Compact system_schema.functions 27feb340-2087-11ec-b1be-000000000001] Compacting [/var/lib/scylla/data/system_schema/functions-96489b7980be3e14a70166a0b9159450/md-433-big-Data.db:level=0, /var/lib/scylla/data/system_schema/functions-96489b7980be3e14a70166a0b9159450/md-431-big-Data.db:level=0, ]
2021-09-28T18:09:01.176100035Z  INFO  2021-09-28 18:09:01,175 [shard 1] compaction - [Compact system_schema.indexes 272fca80-2087-11ec-b1be-000000000001] Compacted 2 sstables to [/var/lib/scylla/data/system_schema/indexes-0feb57ac311f382fba6d9024d305702f/md-487-big-Data.db:level=0, ]. 85kB to 46kB (~54% of original) in 1354ms = 34kB/s. ~256 total partitions merged to 3.
2021-09-28T18:09:01.487518696Z  INFO  2021-09-28 18:09:01,486 [shard 0] compaction - [Compact system.local 277251c0-2087-11ec-ba5b-000000000000] Compacted 2 sstables to [/var/lib/scylla/data/system/local-7ad54392bcdd35a684174e047860b377/md-1018-big-Data.db:level=0, ]. 19kB to 12kB (~64% of original) in 1487ms = 8kB/s. ~256 total partitions merged to 1.
2021-09-28T18:09:01.824516874Z  INFO  2021-09-28 18:09:01,823 [shard 1] compaction - [Compact system_schema.types 28c3b0f0-2087-11ec-b1be-000000000001] Compacting [/var/lib/scylla/data/system_schema/types-5a8b1ca866023f77a0459273d308917a/md-433-big-Data.db:level=0, /var/lib/scylla/data/system_schema/types-5a8b1ca866023f77a0459273d308917a/md-431-big-Data.db:level=0, ]
2021-09-28T18:09:02.389941560Z  INFO  2021-09-28 18:09:02,388 [shard 1] compaction - [Compact system_schema.functions 27feb340-2087-11ec-b1be-000000000001] Compacted 2 sstables to [/var/lib/scylla/data/system_schema/functions-96489b7980be3e14a70166a0b9159450/md-435-big-Data.db:level=0, ]. 79kB to 39kB (~50% of original) in 1291ms = 30kB/s. ~256 total partitions merged to 2.
2021-09-28T18:09:03.633092750Z  INFO  2021-09-28 18:09:03,632 [shard 1] compaction - [Compact system.peers 29d7b900-2087-11ec-b1be-000000000001] Compacting [/var/lib/scylla/data/system/peers-37f71aca7dc2383ba70672528af04d4f/md-491-big-Data.db:level=0, /var/lib/scylla/data/system/peers-37f71aca7dc2383ba70672528af04d4f/md-493-big-Data.db:level=0, ]
2021-09-28T18:09:03.633136429Z  INFO  2021-09-28 18:09:03,632 [shard 1] compaction - [Compact system_schema.triggers 29d7b901-2087-11ec-b1be-000000000001] Compacting [/var/lib/scylla/data/system_schema/triggers-4df70b666b05325195a132b54005fd48/md-435-big-Data.db:level=0, /var/lib/scylla/data/system_schema/triggers-4df70b666b05325195a132b54005fd48/md-433-big-Data.db:level=0, ]
2021-09-28T18:09:04.661263576Z  INFO  2021-09-28 18:09:04,659 [shard 1] compaction - [Compact system.peers 29d7b900-2087-11ec-b1be-000000000001] Compacted 2 sstables to []. 11kB to 0 bytes (~0% of original) in 0ms = 0 bytes/s. ~256 total partitions merged to 0.
2021-09-28T18:09:04.662741664Z  INFO  2021-09-28 18:09:04,661 [shard 1] compaction - [Compact system_schema.types 28c3b0f0-2087-11ec-b1be-000000000001] Compacted 2 sstables to [/var/lib/scylla/data/system_schema/types-5a8b1ca866023f77a0459273d308917a/md-435-big-Data.db:level=0, ]. 78kB to 39kB (~50% of original) in 1809ms = 21kB/s. ~256 total partitions merged to 2.
2021-09-28T18:09:05.265068360Z  INFO  2021-09-28 18:09:05,264 [shard 1] compaction - [Compact system_schema.dropped_columns 2ad0bf00-2087-11ec-b1be-000000000001] Compacting [/var/lib/scylla/data/system_schema/dropped_columns-5e7583b5f3f43af19a39b7e1d6f5f11f/md-483-big-Data.db:level=0, /var/lib/scylla/data/system_schema/dropped_columns-5e7583b5f3f43af19a39b7e1d6f5f11f/md-481-big-Data.db:level=0, ]
2021-09-28T18:09:05.889216084Z  INFO  2021-09-28 18:09:05,888 [shard 1] compaction - [Compact system_schema.triggers 29d7b901-2087-11ec-b1be-000000000001] Compacted 2 sstables to [/var/lib/scylla/data/system_schema/triggers-4df70b666b05325195a132b54005fd48/md-437-big-Data.db:level=0, ]. 78kB to 39kB (~50% of original) in 1632ms = 24kB/s. ~256 total partitions merged to 2.
2021-09-28T18:09:07.094205411Z  INFO  2021-09-28 18:09:07,092 [shard 1] compaction - [Compact system_schema.aggregates 2be7ad40-2087-11ec-b1be-000000000001] Compacting [/var/lib/scylla/data/system_schema/aggregates-924c55872e3a345bb10c12f37c1ba895/md-431-big-Data.db:level=0, /var/lib/scylla/data/system_schema/aggregates-924c55872e3a345bb10c12f37c1ba895/md-433-big-Data.db:level=0, ]
2021-09-28T18:09:07.938420457Z  INFO  2021-09-28 18:09:07,937 [shard 1] compaction - [Compact system_schema.dropped_columns 2ad0bf00-2087-11ec-b1be-000000000001] Compacted 2 sstables to [/var/lib/scylla/data/system_schema/dropped_columns-5e7583b5f3f43af19a39b7e1d6f5f11f/md-485-big-Data.db:level=0, ]. 78kB to 39kB (~50% of original) in 1828ms = 21kB/s. ~256 total partitions merged to 2.
2021-09-28T18:09:08.624576155Z  INFO  2021-09-28 18:09:08,623 [shard 1] compaction - [Compact system_schema.columns 2cd149f0-2087-11ec-b1be-000000000001] Compacting [/var/lib/scylla/data/system_schema/columns-24101c25a2ae3af787c1b40ee1aca33f/md-479-big-Data.db:level=0, /var/lib/scylla/data/system_schema/columns-24101c25a2ae3af787c1b40ee1aca33f/md-477-big-Data.db:level=0, ]
2021-09-28T18:09:09.101722692Z  INFO  2021-09-28 18:09:09,100 [shard 1] compaction - [Compact system_schema.aggregates 2be7ad40-2087-11ec-b1be-000000000001] Compacted 2 sstables to [/var/lib/scylla/data/system_schema/aggregates-924c55872e3a345bb10c12f37c1ba895/md-435-big-Data.db:level=0, ]. 78kB to 39kB (~50% of original) in 1530ms = 25kB/s. ~256 total partitions merged to 2.
2021-09-28T18:09:09.781497851Z  INFO  2021-09-28 18:09:09,780 [shard 1] compaction - [Compact system_schema.tables 2d81d540-2087-11ec-b1be-000000000001] Compacting [/var/lib/scylla/data/system_schema/tables-afddfb9dbc1e30688056eed6c302ba09/md-479-big-Data.db:level=0, /var/lib/scylla/data/system_schema/tables-afddfb9dbc1e30688056eed6c302ba09/md-477-big-Data.db:level=0, ]
2021-09-28T18:09:10.422248695Z  INFO  2021-09-28 18:09:10,421 [shard 1] compaction - [Compact system_schema.columns 2cd149f0-2087-11ec-b1be-000000000001] Compacted 2 sstables to [/var/lib/scylla/data/system_schema/columns-24101c25a2ae3af787c1b40ee1aca33f/md-481-big-Data.db:level=0, ]. 119kB to 73kB (~61% of original) in 1157ms = 63kB/s. ~256 total partitions merged to 6.
2021-09-28T18:09:11.069892471Z  INFO  2021-09-28 18:09:11,068 [shard 1] compaction - [Compact system_schema.scylla_tables 2e465dc0-2087-11ec-b1be-000000000001] Compacting [/var/lib/scylla/data/system_schema/scylla_tables-5d912ff1f7593665b2c88042ab5103dd/md-475-big-Data.db:level=0, /var/lib/scylla/data/system_schema/scylla_tables-5d912ff1f7593665b2c88042ab5103dd/md-473-big-Data.db:level=0, ]
2021-09-28T18:09:11.076741415Z  INFO  2021-09-28 18:09:11,076 [shard 0] gossip - No gossip backlog; proceeding
2021-09-28T18:09:11.078035841Z  INFO  2021-09-28 18:09:11,077 [shard 0] features - Feature CDC is enabled
2021-09-28T18:09:11.078816842Z  INFO  2021-09-28 18:09:11,077 [shard 0] features - Feature COMPUTED_COLUMNS is enabled
2021-09-28T18:09:11.078854009Z  INFO  2021-09-28 18:09:11,077 [shard 0] features - Feature CORRECT_IDX_TOKEN_IN_SECONDARY_INDEX is enabled
2021-09-28T18:09:11.078873297Z  INFO  2021-09-28 18:09:11,077 [shard 0] features - Feature CORRECT_STATIC_COMPACT_IN_MC is enabled
2021-09-28T18:09:11.078890751Z  INFO  2021-09-28 18:09:11,077 [shard 0] features - Feature DIGEST_FOR_NULL_VALUES is enabled
2021-09-28T18:09:11.078907897Z  INFO  2021-09-28 18:09:11,077 [shard 0] features - Feature DIGEST_INSENSITIVE_TO_EXPIRY is enabled
2021-09-28T18:09:11.078924711Z  INFO  2021-09-28 18:09:11,078 [shard 0] features - Feature HINTED_HANDOFF_SEPARATE_CONNECTION is enabled
2021-09-28T18:09:11.078941442Z  INFO  2021-09-28 18:09:11,078 [shard 0] features - Feature LWT is enabled
2021-09-28T18:09:11.078957860Z  INFO  2021-09-28 18:09:11,078 [shard 0] features - Feature MC_SSTABLE_FORMAT is enabled
2021-09-28T18:09:11.078974565Z  INFO  2021-09-28 18:09:11,078 [shard 0] features - Feature MD_SSTABLE_FORMAT is enabled
2021-09-28T18:09:11.079017378Z  INFO  2021-09-28 18:09:11,078 [shard 0] features - Feature NONFROZEN_UDTS is enabled
2021-09-28T18:09:11.079037021Z  INFO  2021-09-28 18:09:11,078 [shard 0] features - Feature PER_TABLE_CACHING is enabled
2021-09-28T18:09:11.079054032Z  INFO  2021-09-28 18:09:11,078 [shard 0] features - Feature PER_TABLE_PARTITIONERS is enabled
2021-09-28T18:09:11.079070629Z  INFO  2021-09-28 18:09:11,078 [shard 0] features - Feature ROW_LEVEL_REPAIR is enabled
2021-09-28T18:09:11.079088579Z  INFO  2021-09-28 18:09:11,078 [shard 0] features - Feature TRUNCATION_TABLE is enabled
2021-09-28T18:09:11.079105186Z  INFO  2021-09-28 18:09:11,078 [shard 0] features - Feature UNBOUNDED_RANGE_TOMBSTONES is enabled
2021-09-28T18:09:11.079121243Z  INFO  2021-09-28 18:09:11,078 [shard 0] features - Feature VIEW_VIRTUAL_COLUMNS is enabled
2021-09-28T18:09:11.080470549Z  INFO  2021-09-28 18:09:11,080 [shard 0] init - starting system distributed keyspace
2021-09-28T18:09:11.083721315Z  INFO  2021-09-28 18:09:11,083 [shard 0] storage_service - Using saved tokens {9124010895326915551, 8742018973670033125, 8598555156506068168, 859331192677595355, 8489633851918218972, 8404544377773987620, 8334052099869822074, 8027070951690535512, 7653411651769364763, 7643300886773448726, 745698443895614697, 733608372829560431, 6892720454935362021, 6800940363671872258, 6752736840498222835, 7558570794682543277, 6626855036896651415, 6558953552931646742, 654811730000643782, 6453507488197093240, 6418881467918362121, 6257350538314658651, 8694185385366952453, 6236544808742060204, 6205996696401286952, 6181536116480005250, 6173890748576798510, 6168788704115239078, 914767106532303288, 6990363615428460803, 6234359937486042650, 6135487156888480192, 8298670917499244446, 7962637687399845676, 5859809433466828295, 572381649550060741, 5717521671303527835, 6767513432483647708, 5669133658513444829, 5648065983278090801, 5139558912890970065, 490292763971450340, 5088559784364939447, 4887879388920547181, 4864473040594215386, 4821401626888467395, 4584677418481153049, 4568560376040385623, 4425517595667769005, 4212229064000506688, 417323891907213555, 4105567803922032311, 846328848386553100, 4097056052731017739, 4037011506266365719, 397816311326034467, 8807705278705127055, 3960263499412211951, 3895103703505731808, 5319761317396931638, 360597321690183586, 6977453291531829598, 3469791365465559235, 3450799468463193555, 3341791787112106987, 321719263399246289, 495119623429944640, 3188441281592026984, 3132582716025630056, 2897978825010732891, 2798599672396321233, 6722262565665525082, 3655246620504891712, 2727978900950034079, 2523679024489419468, 2246314149549274080, 2111447425244342721, 4342425971260087537, 2072681479362054742, 1722652131956917119, 1596795172788069650, 3258336554370208112, 1484250105068094827, 322919980295096232, 147185272239349262, 1582292604007964836, -1043366625644573502, 6202054439624443736, -7036530416959591692, 7059986144911608666, 1308325171422204311, -5106332339199757418, -4983430690696996654, -129692242505474142, -4408832913021959392, -4201351102319936633, 8226105573655162691, 1143169181596101602, -373464609677467774, 6499637180920648380, -3688252115466414768, -4685245633506220935, -3393731484328842231, 146326482513143238, -3354377357399948017, -7520504150110066280, 4013620692958310926, 120285327225849529, -5319770427093584367, -3344645134456416355, 7542140524268185824, -1567986029003951429, -6225982984898210797, 3616787878857439901, -1134847260854861521, -1385815719507756604, -7216500369574002380, -2540342459765209305, -3153428036916311114, -1315427923943130867, 6735115869130128231, -8804109413751117454, 5380300166925886998, -3994233554939769446, -2049052420205957973, -6823521889286394233, 7773354257250251508, -813663158863688605, -2813588493261245387, -4306289609617407685, -8554421498880928036, 6625124512311491877, -1193453720756075343, -7344961469397326117, 40988359741359328, 3538701036468284236, -4959270447304085620, -6649264423169845010, -164488752845185737, -4809655207434651910, 852064759819355889, 655765621784410911, -2265394845695119219, -1633283144679415010, -2905038631817617159, -1338175487850463146, -5604344254894844223, 1342637340952214033, -3063809950324015361, 3620475942448129254, -6701628281791339799, -1015966201355467601, -1010385350192890483, -5464692903875327262, -5350408053695756824, -3909145060055744662, 8110921354580809535, -1828720553060017001, -9039692023802518881, 8906477330793941548, -1950771572338293141, -578007903166946288, -2835283049648902775, -5969076120552281390, -4980038973578836295, -2956647759994856492, -3121440497971800186, -2451287035471636788, -8397239023617269085, -3907411391529938738, -6060412664924674468, 1201018447870040377, 744455255883305773, 6091158824052509989, -4647456536187559461, -2492321414000069004, -8249536583876427841, 7286508860723851824, -414762654016518424, -5783334032467426709, 6421278078424044569, 441269054539754827, -6608800837376867894, 5791636627852090243, -4351372151055006459, -5864482138900019193, 5601743073496261086, 4770910060094536939, 1232477482658016681, -5948334266233173781, -6086128074458237613, -8638832556157001740, -6113382913249116479, 3618586283784401510, -6122783330192656017, 5382626567051759064, 3269933335992189660, 3265637793915806608, -1668747907767623398, -6127999924475878922, -7206262277128710714, -6146258828033574412, 890221936568177916, 1221044349160589157, -6379743443959801206, -3354462196552861041, -6677370219752794615, -629668751745095673, 4544273533200769333, 2099953764446630586, -64824586118135566, 581574656604815021, -1515669477669935777, -3109764140720549529, -8111279514706125590, -6765501084971270724, -7123469322789065192, 8256443830104168330, -7192042733875824935, -3386880163308184471, -7555616751041454945, 8338973462233251092, -3831510983777130411, -809362909466312577, -812118401657732185, -813144382884222877, -6165495426270074889, -8608419165109646990, -8763577584688728098, 9100267743767020695, 1449039208745937834, -8790517587028177640, -753170663132011250, -8817723952438831390, -74586706562973894, -291383833060567901, -2351081202557792362, -8891768586937559860, 1851372445822437027, -915977517244945982, 2745557699704249475, -9170788929174515177, 2201664116850426765, 1065409362723446036, 7226815385485772597, -933992305836130344, 7986798416127859088, -6861762339660299047, -8421468042859687897, 1060714984715414565, 1108113371314175716, 1120943934896482048, -8578170098649472153, 118542843210684040, 3064484626246652780, 1415645789302299155}
2021-09-28T18:09:11.097304529Z  INFO  2021-09-28 18:09:11,096 [shard 0] schema_tables - Schema version changed to 3ed0da5a-9378-3867-8692-45463e52d017
2021-09-28T18:09:11.111972893Z  INFO  2021-09-28 18:09:11,111 [shard 0] schema_tables - Schema version changed to 710b5af1-be2e-3479-9577-6140351ae31e
2021-09-28T18:09:11.123507076Z  INFO  2021-09-28 18:09:11,123 [shard 0] schema_tables - Schema version changed to 710b5af1-be2e-3479-9577-6140351ae31e
2021-09-28T18:09:11.134966656Z  INFO  2021-09-28 18:09:11,134 [shard 0] schema_tables - Schema version changed to 710b5af1-be2e-3479-9577-6140351ae31e
2021-09-28T18:09:11.738336217Z  INFO  2021-09-28 18:09:11,737 [shard 1] compaction - [Compact system_schema.tables 2d81d540-2087-11ec-b1be-000000000001] Compacted 2 sstables to [/var/lib/scylla/data/system_schema/tables-afddfb9dbc1e30688056eed6c302ba09/md-481-big-Data.db:level=0, ]. 113kB to 69kB (~61% of original) in 1287ms = 53kB/s. ~256 total partitions merged to 6.
2021-09-28T18:09:11.933858036Z  INFO  2021-09-28 18:09:11,933 [shard 0] compaction - [Compact system.cdc_local 2eca5ad0-2087-11ec-ba5b-000000000000] Compacting [/var/lib/scylla/data/system/cdc_local-0bcaffd40c833eadad13dc1d5015b77c/md-514-big-Data.db:level=0, /var/lib/scylla/data/system/cdc_local-0bcaffd40c833eadad13dc1d5015b77c/md-512-big-Data.db:level=0, ]
2021-09-28T18:09:12.262308173Z  INFO  2021-09-28 18:09:12,261 [shard 1] compaction - [Compact system_schema.views 2efc6750-2087-11ec-b1be-000000000001] Compacting [/var/lib/scylla/data/system_schema/views-9786ac1cdd583201a7cdad556410c985/md-441-big-Data.db:level=0, /var/lib/scylla/data/system_schema/views-9786ac1cdd583201a7cdad556410c985/md-439-big-Data.db:level=0, ]
2021-09-28T18:09:13.159971591Z  INFO  2021-09-28 18:09:13,159 [shard 1] compaction - [Compact system_schema.scylla_tables 2e465dc0-2087-11ec-b1be-000000000001] Compacted 2 sstables to [/var/lib/scylla/data/system_schema/scylla_tables-5d912ff1f7593665b2c88042ab5103dd/md-477-big-Data.db:level=0, ]. 81kB to 40kB (~50% of original) in 1192ms = 34kB/s. ~256 total partitions merged to 2.
2021-09-28T18:09:13.934763256Z  INFO  2021-09-28 18:09:13,934 [shard 0] storage_service - Node 10.0.11.6 state jump to normal
2021-09-28T18:09:13.939430968Z  INFO  2021-09-28 18:09:13,938 [shard 0] cdc - Generation 2021/03/29 14:13:43: streams description table already updated.
2021-09-28T18:09:13.939844514Z  INFO  2021-09-28 18:09:13,939 [shard 0] compaction - [Compact system.local 2ffc7230-2087-11ec-ba5b-000000000000] Compacting [/var/lib/scylla/data/system/local-7ad54392bcdd35a684174e047860b377/md-1020-big-Data.db:level=0, /var/lib/scylla/data/system/local-7ad54392bcdd35a684174e047860b377/md-1018-big-Data.db:level=0, ]
2021-09-28T18:09:14.355200279Z  INFO  2021-09-28 18:09:14,354 [shard 1] compaction - [Compact system_schema.keyspaces 303bc520-2087-11ec-b1be-000000000001] Compacting [/var/lib/scylla/data/system_schema/keyspaces-abac5682dea631c5b535b3d6cffd0fb6/md-469-big-Data.db:level=0, /var/lib/scylla/data/system_schema/keyspaces-abac5682dea631c5b535b3d6cffd0fb6/md-467-big-Data.db:level=0, ]
2021-09-28T18:09:14.617078495Z  INFO  2021-09-28 18:09:14,616 [shard 0] compaction - [Compact system.cdc_local 2eca5ad0-2087-11ec-ba5b-000000000000] Compacted 2 sstables to [/var/lib/scylla/data/system/cdc_local-0bcaffd40c833eadad13dc1d5015b77c/md-516-big-Data.db:level=0, ]. 68kB to 63kB (~92% of original) in 2005ms = 31kB/s. ~256 total partitions merged to 2.
2021-09-28T18:09:15.254816442Z  INFO  2021-09-28 18:09:15,254 [shard 1] compaction - [Compact system_schema.views 2efc6750-2087-11ec-b1be-000000000001] Compacted 2 sstables to [/var/lib/scylla/data/system_schema/views-9786ac1cdd583201a7cdad556410c985/md-443-big-Data.db:level=0, ]. 88kB to 48kB (~54% of original) in 2093ms = 23kB/s. ~256 total partitions merged to 3.
2021-09-28T18:09:15.667879081Z  INFO  2021-09-28 18:09:15,667 [shard 0] storage_service - NORMAL: node is now in normal status
2021-09-28T18:09:15.668629344Z  INFO  2021-09-28 18:09:15,667 [shard 0] cdc - Latest generation seen during startup: 2021/03/29 14:13:43
2021-09-28T18:09:15.670097167Z  INFO  2021-09-28 18:09:15,669 [shard 0] init - starting tracing
2021-09-28T18:09:15.670947740Z  INFO  2021-09-28 18:09:15,670 [shard 0] init - SSTable data integrity checker is disabled.
2021-09-28T18:09:15.670986295Z  INFO  2021-09-28 18:09:15,670 [shard 0] init - starting auth service
2021-09-28T18:09:15.673042733Z  INFO  2021-09-28 18:09:15,672 [shard 0] init - starting batchlog manager
2021-09-28T18:09:15.673940719Z  INFO  2021-09-28 18:09:15,672 [shard 0] init - starting load meter
2021-09-28T18:09:15.673978858Z  INFO  2021-09-28 18:09:15,672 [shard 0] init - starting cf cache hit rate calculator
2021-09-28T18:09:15.673998445Z  INFO  2021-09-28 18:09:15,672 [shard 0] init - starting view update backlog broker
2021-09-28T18:09:15.674671045Z  INFO  2021-09-28 18:09:15,673 [shard 0] init - Waiting for gossip to settle before accepting client requests...
2021-09-28T18:09:15.785439987Z  INFO  2021-09-28 18:09:15,784 [shard 0] compaction - [Compact system.local 2ffc7230-2087-11ec-ba5b-000000000000] Compacted 2 sstables to [/var/lib/scylla/data/system/local-7ad54392bcdd35a684174e047860b377/md-1022-big-Data.db:level=0, ]. 18kB to 12kB (~66% of original) in 1409ms = 8kB/s. ~256 total partitions merged to 1.
2021-09-28T18:09:16.056007547Z  INFO  2021-09-28 18:09:16,055 [shard 1] compaction - [Compact system.compaction_history 313f5270-2087-11ec-b1be-000000000001] Compacting [/var/lib/scylla/data/system/compaction_history-b4dbb7b4dc493fb5b3bfce6e434832ca/md-495-big-Data.db:level=0, /var/lib/scylla/data/system/compaction_history-b4dbb7b4dc493fb5b3bfce6e434832ca/md-493-big-Data.db:level=0, ]
2021-09-28T18:09:16.244047867Z  INFO  2021-09-28 18:09:16,243 [shard 1] compaction - [Compact system_schema.keyspaces 303bc520-2087-11ec-b1be-000000000001] Compacted 2 sstables to [/var/lib/scylla/data/system_schema/keyspaces-abac5682dea631c5b535b3d6cffd0fb6/md-471-big-Data.db:level=0, ]. 100kB to 61kB (~61% of original) in 1699ms = 36kB/s. ~256 total partitions merged to 6.
2021-09-28T18:09:16.631235627Z  INFO  2021-09-28 18:09:16,630 [shard 1] compaction - [Compact system.compaction_history 313f5270-2087-11ec-b1be-000000000001] Compacted 2 sstables to [/var/lib/scylla/data/system/compaction_history-b4dbb7b4dc493fb5b3bfce6e434832ca/md-497-big-Data.db:level=0, ]. 146kB to 103kB (~70% of original) in 433ms = 239kB/s. ~256 total partitions merged to 105.
2021-09-28T18:09:27.675829586Z  INFO  2021-09-28 18:09:27,674 [shard 0] gossip - No gossip backlog; proceeding
2021-09-28T18:09:27.675894146Z  INFO  2021-09-28 18:09:27,674 [shard 0] init - allow replaying hints
2021-09-28T18:09:27.675909778Z  INFO  2021-09-28 18:09:27,674 [shard 0] init - Launching generate_mv_updates for non system tables
2021-09-28T18:09:27.675923186Z  INFO  2021-09-28 18:09:27,675 [shard 0] init - starting the view builder
2021-09-28T18:09:28.309354358Z  INFO  2021-09-28 18:09:28,308 [shard 0] compaction - [Compact system.truncated 388cfb40-2087-11ec-ba5b-000000000000] Compacting [/var/lib/scylla/data/system/truncated-38c19fd0fb863310a4b70d0cc66628aa/md-994-big-Data.db:level=0, /var/lib/scylla/data/system/truncated-38c19fd0fb863310a4b70d0cc66628aa/md-992-big-Data.db:level=0, ]
2021-09-28T18:09:28.310051455Z  INFO  2021-09-28 18:09:28,309 [shard 0] init - starting native transport
2021-09-28T18:09:28.311286305Z  INFO  2021-09-28 18:09:28,310 [shard 0] cql_server_controller - Starting listening for CQL clients on 10.0.11.6:9042 (unencrypted, non-shard-aware)
2021-09-28T18:09:28.311309168Z  INFO  2021-09-28 18:09:28,310 [shard 0] cql_server_controller - Starting listening for CQL clients on 10.0.11.6:19042 (unencrypted, shard-aware)
2021-09-28T18:09:28.311803075Z  INFO  2021-09-28 18:09:28,311 [shard 0] thrift_controller - Thrift server listening on 10.0.11.6:9160 ...
2021-09-28T18:09:28.312322572Z  INFO  2021-09-28 18:09:28,311 [shard 0] init - serving
2021-09-28T18:09:28.312341958Z  INFO  2021-09-28 18:09:28,311 [shard 0] init - Scylla version 4.4.4-0.20210801.69daa9fd0 initialization completed.
2021-09-28T18:09:28.830498053Z  INFO  2021-09-28 18:09:28,829 [shard 0] compaction - [Compact system.truncated 388cfb40-2087-11ec-ba5b-000000000000] Compacted 2 sstables to [/var/lib/scylla/data/system/truncated-38c19fd0fb863310a4b70d0cc66628aa/md-996-big-Data.db:level=0, ]. 82kB to 76kB (~93% of original) in 420ms = 182kB/s. ~256 total partitions merged to 2.
2021-09-28T18:10:20.407261863Z  INFO  2021-09-28 18:10:20,406 [shard 0] compaction - [Compact system.clients 579a8160-2087-11ec-ba5b-000000000000] Compacting [/var/lib/scylla/data/system/clients-ca0f635d863036098d93a1fc06f2a5e5/md-2-big-Data.db:level=0, /var/lib/scylla/data/system/clients-ca0f635d863036098d93a1fc06f2a5e5/md-4-big-Data.db:level=0, ]
2021-09-28T18:10:20.996923592Z  INFO  2021-09-28 18:10:20,996 [shard 0] compaction - [Compact system.clients 579a8160-2087-11ec-ba5b-000000000000] Compacted 2 sstables to [/var/lib/scylla/data/system/clients-ca0f635d863036098d93a1fc06f2a5e5/md-6-big-Data.db:level=0, ]. 89kB to 6kB (~6% of original) in 470ms = 13kB/s. ~256 total partitions merged to 1.
2021-09-28T18:10:22.902828099Z  INFO  2021-09-28 18:10:22,901 [shard 0] compaction - [Compact system.clients 59173650-2087-11ec-ba5b-000000000000] Compacting [/var/lib/scylla/data/system/clients-ca0f635d863036098d93a1fc06f2a5e5/md-6-big-Data.db:level=0, /var/lib/scylla/data/system/clients-ca0f635d863036098d93a1fc06f2a5e5/md-8-big-Data.db:level=0, ]
2021-09-28T18:10:23.974057919Z  INFO  2021-09-28 18:10:23,973 [shard 0] compaction - [Compact system.clients 59bac950-2087-11ec-ba5b-000000000000] Compacting [/var/lib/scylla/data/system/clients-ca0f635d863036098d93a1fc06f2a5e5/md-12-big-Data.db:level=0, /var/lib/scylla/data/system/clients-ca0f635d863036098d93a1fc06f2a5e5/md-14-big-Data.db:level=0, /var/lib/scylla/data/system/clients-ca0f635d863036098d93a1fc06f2a5e5/md-10-big-Data.db:level=0, ]
2021-09-28T18:10:24.175194040Z  INFO  2021-09-28 18:10:24,174 [shard 0] compaction - [Compact system.clients 59173650-2087-11ec-ba5b-000000000000] Compacted 2 sstables to [/var/lib/scylla/data/system/clients-ca0f635d863036098d93a1fc06f2a5e5/md-16-big-Data.db:level=0, ]. 51kB to 6kB (~12% of original) in 1070ms = 5kB/s. ~256 total partitions merged to 1.
2021-09-28T18:10:24.889313039Z  INFO  2021-09-28 18:10:24,888 [shard 0] compaction - [Compact system.clients 59bac950-2087-11ec-ba5b-000000000000] Compacted 3 sstables to [/var/lib/scylla/data/system/clients-ca0f635d863036098d93a1fc06f2a5e5/md-18-big-Data.db:level=0, ]. 30kB to 11kB (~36% of original) in 697ms = 16kB/s. ~384 total partitions merged to 1.
2021-09-28T18:10:24.902934412Z  INFO  2021-09-28 18:10:24,902 [shard 0] compaction - [Compact system.clients 5a488a60-2087-11ec-ba5b-000000000000] Compacting [/var/lib/scylla/data/system/clients-ca0f635d863036098d93a1fc06f2a5e5/md-16-big-Data.db:level=0, /var/lib/scylla/data/system/clients-ca0f635d863036098d93a1fc06f2a5e5/md-18-big-Data.db:level=0, ]
2021-09-28T18:10:26.422274731Z  INFO  2021-09-28 18:10:26,421 [shard 0] compaction - [Compact system.clients 5b305250-2087-11ec-ba5b-000000000000] Compacting [/var/lib/scylla/data/system/clients-ca0f635d863036098d93a1fc06f2a5e5/md-24-big-Data.db:level=0, /var/lib/scylla/data/system/clients-ca0f635d863036098d93a1fc06f2a5e5/md-20-big-Data.db:level=0, ]
2021-09-28T18:10:26.662544114Z  INFO  2021-09-28 18:10:26,662 [shard 0] compaction - [Compact system.clients 5a488a60-2087-11ec-ba5b-000000000000] Compacted 2 sstables to [/var/lib/scylla/data/system/clients-ca0f635d863036098d93a1fc06f2a5e5/md-22-big-Data.db:level=0, ]. 17kB to 6kB (~35% of original) in 1324ms = 4kB/s. ~256 total partitions merged to 1.
2021-09-28T18:10:27.049016888Z  INFO  2021-09-28 18:10:27,048 [shard 0] compaction - [Compact system.clients 5b8ffe80-2087-11ec-ba5b-000000000000] Compacting [/var/lib/scylla/data/system/clients-ca0f635d863036098d93a1fc06f2a5e5/md-22-big-Data.db:level=0, /var/lib/scylla/data/system/clients-ca0f635d863036098d93a1fc06f2a5e5/md-26-big-Data.db:level=0, /var/lib/scylla/data/system/clients-ca0f635d863036098d93a1fc06f2a5e5/md-28-big-Data.db:level=0, ]
2021-09-28T18:10:27.288367635Z  INFO  2021-09-28 18:10:27,287 [shard 0] compaction - [Compact system.clients 5b305250-2087-11ec-ba5b-000000000000] Compacted 2 sstables to [/var/lib/scylla/data/system/clients-ca0f635d863036098d93a1fc06f2a5e5/md-30-big-Data.db:level=0, ]. 59kB to 23kB (~39% of original) in 626ms = 37kB/s. ~256 total partitions merged to 1.
2021-09-28T18:10:27.856971925Z  INFO  2021-09-28 18:10:27,856 [shard 0] compaction - [Compact system.clients 5b8ffe80-2087-11ec-ba5b-000000000000] Compacted 3 sstables to [/var/lib/scylla/data/system/clients-ca0f635d863036098d93a1fc06f2a5e5/md-32-big-Data.db:level=0, ]. 26kB to 9kB (~36% of original) in 555ms = 17kB/s. ~384 total partitions merged to 1.
2021-09-28T18:10:27.865783347Z  INFO  2021-09-28 18:10:27,865 [shard 0] compaction - [Compact system.clients 5c0ca890-2087-11ec-ba5b-000000000000] Compacting [/var/lib/scylla/data/system/clients-ca0f635d863036098d93a1fc06f2a5e5/md-32-big-Data.db:level=0, /var/lib/scylla/data/system/clients-ca0f635d863036098d93a1fc06f2a5e5/md-30-big-Data.db:level=0, ]
2021-09-28T18:10:29.638949942Z  INFO  2021-09-28 18:10:29,637 [shard 0] compaction - [Compact system.clients 5d1b0b50-2087-11ec-ba5b-000000000000] Compacting [/var/lib/scylla/data/system/clients-ca0f635d863036098d93a1fc06f2a5e5/md-38-big-Data.db:level=0, /var/lib/scylla/data/system/clients-ca0f635d863036098d93a1fc06f2a5e5/md-34-big-Data.db:level=0, ]
2021-09-28T18:10:29.978394947Z  INFO  2021-09-28 18:10:29,977 [shard 0] compaction - [Compact system.clients 5c0ca890-2087-11ec-ba5b-000000000000] Compacted 2 sstables to [/var/lib/scylla/data/system/clients-ca0f635d863036098d93a1fc06f2a5e5/md-36-big-Data.db:level=0, ]. 33kB to 6kB (~18% of original) in 1734ms = 3kB/s. ~256 total partitions merged to 1.
2021-09-28T18:10:30.249984722Z  INFO  2021-09-28 18:10:30,249 [shard 0] compaction - [Compact system.clients 5d786d90-2087-11ec-ba5b-000000000000] Compacting [/var/lib/scylla/data/system/clients-ca0f635d863036098d93a1fc06f2a5e5/md-36-big-Data.db:level=0, /var/lib/scylla/data/system/clients-ca0f635d863036098d93a1fc06f2a5e5/md-40-big-Data.db:level=0, /var/lib/scylla/data/system/clients-ca0f635d863036098d93a1fc06f2a5e5/md-42-big-Data.db:level=0, /var/lib/scylla/data/system/clients-ca0f635d863036098d93a1fc06f2a5e5/md-44-big-Data.db:level=0, ]
2021-09-28T18:10:30.603486860Z  INFO  2021-09-28 18:10:30,602 [shard 0] compaction - [Compact system.clients 5d1b0b50-2087-11ec-ba5b-000000000000] Compacted 2 sstables to [/var/lib/scylla/data/system/clients-ca0f635d863036098d93a1fc06f2a5e5/md-46-big-Data.db:level=0, ]. 59kB to 23kB (~39% of original) in 611ms = 38kB/s. ~256 total partitions merged to 1.
2021-09-28T18:10:30.961273549Z  INFO  2021-09-28 18:10:30,960 [shard 0] compaction - [Compact system.clients 5d786d90-2087-11ec-ba5b-000000000000] Compacted 4 sstables to [/var/lib/scylla/data/system/clients-ca0f635d863036098d93a1fc06f2a5e5/md-48-big-Data.db:level=0, ]. 37kB to 11kB (~30% of original) in 621ms = 18kB/s. ~512 total partitions merged to 1.
2021-09-28T18:10:30.962871164Z  INFO  2021-09-28 18:10:30,962 [shard 0] compaction - [Compact system.clients 5de53920-2087-11ec-ba5b-000000000000] Compacting [/var/lib/scylla/data/system/clients-ca0f635d863036098d93a1fc06f2a5e5/md-48-big-Data.db:level=0, /var/lib/scylla/data/system/clients-ca0f635d863036098d93a1fc06f2a5e5/md-46-big-Data.db:level=0, ]
2021-09-28T18:10:31.061745255Z  INFO  2021-09-28 18:10:31,061 [shard 0] compaction - [Compact system.clients 5de53920-2087-11ec-ba5b-000000000000] Compacted 2 sstables to []. 34kB to 0 bytes (~0% of original) in 4ms = 0 bytes/s. ~256 total partitions merged to 0.
2021-09-28T18:13:30.895540385Z  INFO  2021-09-28 18:13:30,895 [shard 0] compaction - [Compact system.clients c924d1f0-2087-11ec-ba5b-000000000000] Compacting [/var/lib/scylla/data/system/clients-ca0f635d863036098d93a1fc06f2a5e5/md-50-big-Data.db:level=0, /var/lib/scylla/data/system/clients-ca0f635d863036098d93a1fc06f2a5e5/md-52-big-Data.db:level=0, ]
2021-09-28T18:13:31.512682685Z  INFO  2021-09-28 18:13:31,511 [shard 0] compaction - [Compact system.clients c924d1f0-2087-11ec-ba5b-000000000000] Compacted 2 sstables to [/var/lib/scylla/data/system/clients-ca0f635d863036098d93a1fc06f2a5e5/md-54-big-Data.db:level=0, ]. 90kB to 8kB (~9% of original) in 453ms = 18kB/s. ~256 total partitions merged to 1.
2021-09-28T18:13:32.920899240Z  INFO  2021-09-28 18:13:32,920 [shard 0] compaction - [Compact system.clients ca59cf80-2087-11ec-ba5b-000000000000] Compacting [/var/lib/scylla/data/system/clients-ca0f635d863036098d93a1fc06f2a5e5/md-54-big-Data.db:level=0, /var/lib/scylla/data/system/clients-ca0f635d863036098d93a1fc06f2a5e5/md-56-big-Data.db:level=0, ]
2021-09-28T18:13:33.457796510Z  INFO  2021-09-28 18:13:33,457 [shard 0] compaction - [Compact system.clients ca59cf80-2087-11ec-ba5b-000000000000] Compacted 2 sstables to [/var/lib/scylla/data/system/clients-ca0f635d863036098d93a1fc06f2a5e5/md-58-big-Data.db:level=0, ]. 53kB to 10kB (~19% of original) in 394ms = 25kB/s. ~256 total partitions merged to 1.
2021-09-28T18:13:35.066220133Z  INFO  2021-09-28 18:13:35,065 [shard 0] compaction - [Compact system.clients cba11c90-2087-11ec-ba5b-000000000000] Compacting [/var/lib/scylla/data/system/clients-ca0f635d863036098d93a1fc06f2a5e5/md-58-big-Data.db:level=0, /var/lib/scylla/data/system/clients-ca0f635d863036098d93a1fc06f2a5e5/md-60-big-Data.db:level=0, ]
2021-09-28T18:13:35.623669828Z  INFO  2021-09-28 18:13:35,623 [shard 0] compaction - [Compact system.clients cba11c90-2087-11ec-ba5b-000000000000] Compacted 2 sstables to [/var/lib/scylla/data/system/clients-ca0f635d863036098d93a1fc06f2a5e5/md-62-big-Data.db:level=0, ]. 54kB to 6kB (~11% of original) in 409ms = 15kB/s. ~256 total partitions merged to 1.
2021-09-28T18:13:37.148904925Z  INFO  2021-09-28 18:13:37,148 [shard 0] compaction - [Compact system.clients ccdef3c0-2087-11ec-ba5b-000000000000] Compacting [/var/lib/scylla/data/system/clients-ca0f635d863036098d93a1fc06f2a5e5/md-62-big-Data.db:level=0, /var/lib/scylla/data/system/clients-ca0f635d863036098d93a1fc06f2a5e5/md-64-big-Data.db:level=0, ]
2021-09-28T18:13:37.816810924Z  INFO  2021-09-28 18:13:37,816 [shard 0] compaction - [Compact system.clients ccdef3c0-2087-11ec-ba5b-000000000000] Compacted 2 sstables to [/var/lib/scylla/data/system/clients-ca0f635d863036098d93a1fc06f2a5e5/md-66-big-Data.db:level=0, ]. 51kB to 6kB (~11% of original) in 534ms = 11kB/s. ~256 total partitions merged to 1.
2021-09-28T18:13:39.342933197Z  INFO  2021-09-28 18:13:39,342 [shard 0] compaction - [Compact system.clients ce2dbae0-2087-11ec-ba5b-000000000000] Compacting [/var/lib/scylla/data/system/clients-ca0f635d863036098d93a1fc06f2a5e5/md-66-big-Data.db:level=0, /var/lib/scylla/data/system/clients-ca0f635d863036098d93a1fc06f2a5e5/md-68-big-Data.db:level=0, ]
2021-09-28T18:13:39.840373433Z  INFO  2021-09-28 18:13:39,839 [shard 0] compaction - [Compact system.clients ce2dbae0-2087-11ec-ba5b-000000000000] Compacted 2 sstables to [/var/lib/scylla/data/system/clients-ca0f635d863036098d93a1fc06f2a5e5/md-70-big-Data.db:level=0, ]. 50kB to 6kB (~12% of original) in 412ms = 14kB/s. ~256 total partitions merged to 1.
