2021-09-28T18:13:25.139293975Z 0 cbGiNca9yLvsca994OawtNMMFJ1Xq6lDg2eVFX7caZhn0iTad022wmE0IH5fvm
2021-09-28T18:13:25.141777454Z 1 ceQaRAm4vKhlUzIi6bnDLo6MNi4CGaGTHTCWLSF7CnkhxVRDW01hQ8c9TJLWdJ
2021-09-28T18:13:25.143011754Z 2 01AWK5dkt9NLrZNr1mf81KfTud3nxbg4tVc8Vc5OFTzLoLVSHr7AmZi2kBx7yL
2021-09-28T18:13:25.145063536Z 3 UNdtSj8XRv6kcvn5fZ6xKa3yStZYlF8weNwC3iRr3krXPuuZhk0oX1EzaoL9cK
2021-09-28T18:13:25.147875766Z 4 v4d4bkcrIRsZXPTu8XSINJBWMOfGn2sfzSYqJSU5wCahxnC0Wn6p1cjEpBULlB
2021-09-28T18:13:25.149873012Z 5 NlWyJBeAJGOgxXr2g0voi2faXPPJatGsKIKkChysLLyKhXOMbPzmAH2dBKoM8E
2021-09-28T18:13:25.152329539Z 6 Zbl3bhE0cbWKU7E8vIbeGD57O0QsCCX2dY5ZYykej2UOmzjufS91NMmPJ5l1kg
2021-09-28T18:13:25.154929607Z 7 vyuD6JB5CwTIE74Xgz8BzxijpTrv3PnGviLeKrjwwkABZM3O9Ay7xaLyT9uLr2
2021-09-28T18:13:25.157287855Z 8 SrJhZBpuI9sJ2MyNSUeGv4eeXi24J71Q79cwG3CaFPcvpdwY1UkKpWBzhrxxxL
2021-09-28T18:13:25.159214612Z 9 2FG1knStMGK8EBTKuFRBXrbbs3sJ5gCVO4QznR2wuB3PGqLznqLwzxwStjq1JA
2021-09-28T18:13:25.161614011Z 10 9mUbTuy8wqXyyp9DpZswdxmfhT918B1tozcXfQoJQi5KsoFrI3CQG4HKHiwvb
2021-09-28T18:13:25.163114333Z 11 S78LxEi7eeWlKiXvmX2bIyJvl9TBDps8WJzUoVHpfTkp7HkNb3Ec75sxgV25n
2021-09-28T18:13:25.165197325Z 12 BF1wWFg93hnWIZLwdC9U3ryNqsa4KQ6GCrnpU2gcLspX7wOIWTNWWjdHUcitk
2021-09-28T18:13:25.168029309Z 13 TOYlF3MG5XJaj7jckAMSfAi6DZ5TdvasXO2YbLsPjg5HeQveYyQu58cxTIe2y
2021-09-28T18:13:25.170496819Z 14 3Vmi3bqfCRYsISuCoXGIcIyQrt6OVv1eJpXTmiudd5gZ8uSa6jhVYCccwzdEM
2021-09-28T18:13:25.173057227Z 15 r2Km98vS8623Mu4uKv43JMfHCSZ45OLfi7DWdcOWwYF0BViIZ7m9mVk4YDm1x
2021-09-28T18:13:25.175751819Z 16 7BLD8tHXvGE1h5Uhb8gpvc4X6ZCT6rsHozqEmOPIVwGAhtVkQeRJEJ43TTCTc
2021-09-28T18:13:25.177788632Z 17 K3av1nlTLS1CnGNfY9rBVEt77fXS9EVGbPUplXVPWrlAhIpZvlkTv96FHaUEq
2021-09-28T18:13:25.180337281Z 18 803tzb3qyc8pz5RNwLio05PDEY3STp9PImc3HFZG5TiLYq3cnTz41BIpejSi1
2021-09-28T18:13:25.182361219Z 19 5V2kRIGvTIp2ZIlGme0g2bteWm2hcqqm3XtsEZpmO4LMH0EfnNbqdNmfaAcaS
2021-09-28T18:13:25.183628291Z 20 3o9FyRTjpgxxQ4Id6SnQSpuZa59SJc0Tnxwp2Ulj9g10ORkq6n2QcYmVIjsqr
2021-09-28T18:13:25.186103277Z 21 rgPBg2tdxWX1YrdbRxlxLz7Ukke8QaSHNXgDUog25CxXGrexCgdNNHy7zFHHM
2021-09-28T18:13:25.188033272Z 22 A84Ryb6EcI4RJHu9lpdGgRlYHiLuEtN3iMEwUouaUZUH9ERcqh0rDJwpierPg
2021-09-28T18:13:25.190251673Z 23 TnhBpGQ4pn0oFY21fGpqxWU5ZqyDYCOI8YBVStruaxFc0KAMMyuLjpxR5B0Ah
2021-09-28T18:13:25.191833749Z 24 ApNzq3L25ktsZX8T8J7sdLSX7IHTuVIvl1eJZYNdtGGSNu0ouJKAbJoAEjl0g
2021-09-28T18:13:25.194466827Z 25 f1Q8akfGxz5OVBZMVnIBwju9TmB1GTmh6fQ3Kw4YDYxnzAN6bxgJndtY4PWxD
2021-09-28T18:13:25.196661129Z 26 yoULBEjFlHVLTIEL69rge96kzjSIUhJGVqIuwUh4C4BQf6TBSm5VHWaeTexh8
2021-09-28T18:13:25.199855562Z 27 l8zGrx1F5KSnpOONz9pCF2XxJybcJrx31RyQNMsV8Qf4BYUfnqcBnjXJHMDBn
2021-09-28T18:13:25.202737516Z 28 rZcOUCNLa8gaZNOaVCOZ26IozV2Jz0RuN15X9qZRQWCe6anpNbdMDZ8UUP9Z8
2021-09-28T18:13:25.204849680Z 29 Lmhjq4EMNZVjIIYpweVfGVrdEqK0NbqU18IAcWqEmQQKpVI6n11QhnZLhyRiY
2021-09-28T18:13:25.207684866Z 30 zLSWExWhovnqDppgo7v66WLp9ipokoiVsEDAmC730fcDRVM1dSvGfIt4SrN4H
2021-09-28T18:13:25.209930922Z 31 CA1fMQzUrssAuisOlz7aolP5t0BRoSdZY32qDwX2q2cYA6404QYw43UIo3BWV
2021-09-28T18:13:25.212446226Z 32 gS4xAn7CeGagnoJm2IKx2JuQ32U953aVxgnsP3Q6TsBLn8uX3ZIxpi83I2geV
2021-09-28T18:13:25.213975539Z 33 FcTdRmvdGYaPVafpE3Szipe8gwMvWkIodWcqAB6mFOR5pTAsuFOoMwWUUdtbq
2021-09-28T18:13:25.218691309Z 34 2Hkua51c4D5deKxjj0JH6rtHY2s3JhgeoETqGj7borlP3ddGQPOteQ9XbZ8JF
2021-09-28T18:13:25.224106857Z 35 JDu2LojXlokzFc8p6NpGWRSfu8AT7IMvhTrDzW4EN7RHnSHxveGOzQNAx9xTH
2021-09-28T18:13:25.228852057Z 36 4V7gTIHdzIPHHqXxAq9Nii55OxDikbGZw1PBBlUpfhGfQip9eMulB6ZtYVvNE
2021-09-28T18:13:25.235030000Z 37 cqFtmuK2tee34wccLNCq8BodmYFYH5AMndlwEt9x9oV3sM0WM0VB2HZfdk7jv
2021-09-28T18:13:25.240957108Z 38 XbDGmHqPgofY00yKU0w62xS0r3Q8O8to3oadk6oIcXxzs9vOr7v1UmmHcyLYp
2021-09-28T18:13:25.247020450Z 39 yVcBIb9jsczhuIPwaflmXVRo4QrYkpqUw9DLpm7TUtc3lnMXTCIcA5biDQ5lJ
2021-09-28T18:13:25.248969682Z 40 lkSpcO6ijmJ1SjmzdWzklGqSZJFzF39Vu0sdW88dz1rHse1wveFZXWHFqDyPa
2021-09-28T18:13:25.258805606Z 41 zHk3FxUdh2DpJDLO2PX6lfX5d7obCAF0m9Y1tiSfQr9fTvVL6hNTJc7fwbgVg
2021-09-28T18:13:25.264630580Z 42 7tDmtxRyHZFEXMY9fScBPGSqb2GfNoDsL9lihr5DYXnIfSqRYbH3VChEfj98N
2021-09-28T18:13:25.271793315Z 43 5tHNWXwH8d6HKoXZi1lEjiPrSX700MFwRNHw4s3gKBPgLRnC35cbl4upik4hg
2021-09-28T18:13:25.276847263Z 44 aGz67BzakyBx2IXuU8UmXlygoojaYjPkHYpNNdyY10WhiiIuqMxMwqQIW29Pm
2021-09-28T18:13:25.280361474Z 45 ZsnhPypqauyOL6ckYKlDBdX43pJJCqd1PDhMihullG4M7mKHKszfQVN6ttEku
2021-09-28T18:13:25.286077504Z 46 FVg0Vlm2QuxIc18pwhlflfVy8n60hy6drUCnvC9TZjxJ0xxz2UHIz85MR0ZyO
2021-09-28T18:13:25.292458049Z 47 6EPxI0kf32RP3egvOsROrncpuCpWPceqmd3gw0u7v0VhmRL35DncNfW5cI4hF
2021-09-28T18:13:25.296444565Z 48 YbdCz4ngX6EmpTQBQmJLsgvHesM3QfF1XCfk8GnE4PqK2IiUki6USmSK0LzAG
2021-09-28T18:13:25.298647177Z 49 TsUuACdnnJgnaUN7fI63kktJDSvx3G32MHbgVyZ6XBH9jkvRjdYu8esvGFc03
2021-09-28T18:13:25.306389505Z 50 KgwO1Pv70qKY4tpEqc7V4ucoKLv15kva6NNnJoSvJ0BtoFuXtAhkFrzi3aRxN
2021-09-28T18:13:25.308882523Z 51 N3dbdynUKI8gfBZjX6msEyqx3IsSKzi2ddwnB2fBZmZoWni9S0Xu4uAynrVxD
2021-09-28T18:13:25.312853661Z 52 kGxdrNOuB32lXfcO0wYrXHWEEBDt8Gg1Cb6g3DA3i5Udco3NgcyNDGsmLiTdb
2021-09-28T18:13:25.314743683Z 53 kVn35qkyS4PIQeWoOYEYWr8QZjdDwuE59gs2esSYpYtHiXTVk9smH139ruJFO
2021-09-28T18:13:25.324663029Z 54 LZFzXVC8DQnN9TOaXJ1B1Y5RyURM1N3kJ2geeFF6Lp3AFO4EL3q1ODNch7lBA
2021-09-28T18:13:25.331662285Z 55 bADhadcpBHukmGZX3z17mf8JaCXAA9wA7Lg5kz79hh7OAUoaYEx5UIXiXvdn7
2021-09-28T18:13:25.336686541Z 56 blvUXhrWz77HrM1EciOi0qaWIB15DSEkhy7AqJPAsDNQYMxLFOTWysrzrQU48
2021-09-28T18:13:25.341632173Z 57 jbDchYh43tCYrx1uaBC5oBKnhwNsnf9ninkxOmxyk8XFTi8Q8cNe2VdERirI4
2021-09-28T18:13:25.343787096Z 58 i5Fgn64yPR1n65xoiH9O29EX1Ftgo4l7QLy3Ywi2SvMA8eIslIDzQS2ZLFMwC
2021-09-28T18:13:25.352902380Z 59 fZ3oLQaYUg8Pm0tYxww7XKn36d5O1yArURWyLybNGj3FDwhHpt21BP8e4XxvA
2021-09-28T18:13:25.357696086Z 60 QYTIu4WasQTYFI3Vs0AIIxcLbMa1CQFd0HZvaOmud5tWiCWnycClvO3oewXt1
2021-09-28T18:13:25.363452346Z 61 SPlhXIGPghU4qHaJgn7b3csCTSGZBDXcuSe7lBylLoxeTTzXtcuGG31T2gxCz
2021-09-28T18:13:25.366183224Z 62 Hi48ToKZYYmimuUW5meRbHk9WiuhSeU9HTHbIZ1omZcC7dQ632z87hAfegv55
2021-09-28T18:13:25.370129648Z 63 9cyNRFkPdfLqODDfdg4ids9UkC4Ba9K4tshk3ZstbUohT0lhodajo0iEVw225
2021-09-28T18:13:25.378510056Z 64 Pz3uvnUPw5c3MFUA588RUUVFxt63rPWhj48UnFcthClONjcpXZXsu5EJUqEXu
2021-09-28T18:13:25.380496444Z 65 8COK3Z6hmfQYxRRjmIE06iKMOZNu7NGnGrcESqR03pwuj8BRQiqvymwKSjjlM
2021-09-28T18:13:25.388771276Z 66 bpY7riIlyqqDfdo1XZhBunY0Jb1sk19Wice5LxrRw3i8fgKrNxdZ5csKFBdKG
2021-09-28T18:13:25.394918114Z 67 0cJ3NxkWZBeASOgETo9WUduKSxm72Exg3vWCreA5tl9V2lZf0iGnfikuIcEZS
2021-09-28T18:13:25.400264852Z 68 iDKziS2bSaufkgUAgq5JypTKdD3ZC57R50SccCWprbwIB5zmZnCI11tQSSFnf
2021-09-28T18:13:25.406026746Z 69 rKzAgFqRbjqAlnrIrQjB12i41P6ujRF4xch0vRKWeKO319AQ8BrH90KKmTmhk
2021-09-28T18:13:25.407606598Z 70 RaDdIfnIqW3C4QPJGxfcyqbApT0QjUgSXLw5kl4KTMgghEb2j08kBbxF96QHC
2021-09-28T18:13:25.413673021Z 71 gCAvUFFSuFMCh1YIOI8ojvOVuHHz52UeOuiIiuP7qqX3yTp9o1PHfl6DVDqwK
2021-09-28T18:13:25.421892830Z 72 Q4Q1fPS9x4bNzaimFE4qZ0vrqCAxKO8juVhouUcBf9qttb8OuZ3ecZ0ZFBM0N
2021-09-28T18:13:25.426619979Z 73 1eYR3ivZMZ6Zjvbf41gjCjIwMHOjgPdxga2BwukAIvCnmhkDpR3Cg9QJuM3xu
2021-09-28T18:13:25.431452401Z 74 Qxs9Us3fW9Yjfikwl6tokt2Et3ZKuEoMHswsS2BXLZfSgmM9fsHO609ucciNz
2021-09-28T18:13:25.436946409Z 75 iZexxvtODrXuafNEKFksukKknb1N8fagkMBMjLZoJpajC47I7rROvo9cAfhLv
2021-09-28T18:13:25.442667559Z 76 aeGI4Z0a9ePAc8pwPnPGZE9kkjlpkkflI3fUz1XxF3or696jH2VWL1MGvn7Qb
2021-09-28T18:13:25.449519104Z 77 8qcIlWxJ7TeHHWNJhjPhKvxocf1Tl3GjD2x3hnMAB8XTV6nUHlxoYVa4EJWFC
2021-09-28T18:13:25.454071235Z 78 tAfWvnfSUQizTPvtgKZ3dbeMM1Oczgy340jYHJoGlmr2jTPzh54sr3e1EpAvS
2021-09-28T18:13:25.460697879Z 79 5W9cjD7wqjkJDihnnWldLBRkLewPQhxANBl8Uldlf1Wl5uqhldREn2FQtUPqT
2021-09-28T18:13:25.462936504Z 80 6rHa5fxk954MewVLQI05Py0dpX8JwDgEPOccQokgfMSPNmSzGFHkaZaZYbEA5
2021-09-28T18:13:25.464669031Z 81 at56cD1jNFlzNIFqWIhxFBCsU7Mhncuh1vIfKFePRmW8qQJVXQVLSdGrQP5On
2021-09-28T18:13:25.467232208Z 82 NiqIpAv7wWrZZ6fXE082KJq9IL09Vn1jTFPNDFmt0u3O2LyHFW1J8cvNz0L9C
2021-09-28T18:13:25.481988237Z 83 fkXClLiphmQeqHLzzwP0Y5Z8eAiTHaqi1COugGOLOKVuxDmu5eiH8AVcDPNpG
2021-09-28T18:13:25.488208680Z 84 Li4vkIxvTcUH1IfRfIykUcLjtlOfUyE3iUmpBzprBYAoJmBXUZgf6wCeQnYHd
2021-09-28T18:13:25.492991921Z 85 jU8vAplxY7H8mjEXgE3Tp07Uqp2Kly6CeGvTBTNRefh0KEBZOytuFb80VeL0N
2021-09-28T18:13:25.497600736Z 86 XxhHGr9OUTQilIdBQHL2RzEiUNzwCUlnxv6lxhgHyTPvxuPRQcyUEklMH8avB
2021-09-28T18:13:25.504208100Z 87 OvHgV4lohA3OZiLnm0VPNiSBkkonTzJKrifJgE6ko0blcIMa9mw03j9VPmggO
2021-09-28T18:13:25.510411096Z 88 nITJmGDrfnHKSQtu9SSKyxfgfXs0Y4gSJNKH5Asvz7HeWD8ZG4fc2859QyBHx
2021-09-28T18:13:25.516041292Z 89 JS3Vu0DhD0NoKOx9Md9GivqeR7LoqYk6KzSD0GkHVTOUiXtQsyzfjx2hVnzL8
2021-09-28T18:13:25.519689086Z 90 lU7hdJKg7i9ubSi4bAXh1FoWyWoQd6qZSHYyZSiEMffuXOhIH6Xxog668YXe8
2021-09-28T18:13:25.525790931Z 91 X5UUNntba6ryDnMhr51lSNB5HDJOQWLGOG4AsxCmXSSDSFQuqN1mRsSG6b64Z
2021-09-28T18:13:25.528414123Z 92 6IDhCD95dKcL8c6MVF8nTismcpyemTAkDU84PlDU7NGKWZHDnJ318lP7PQopN
2021-09-28T18:13:25.534665065Z 93 LG3LTr1ICdz4bo2PhEedAOWXmKe1B8gAiIXqBV2xT0xj2Edoq3DUiKTNV2mT0
2021-09-28T18:13:25.543931470Z 94 VOUF9rKuzFs7zfGBAWl2ER902bpOtxCyImCiOT1gdd5GoObHOS35dKRc54SPr
2021-09-28T18:13:25.550133355Z 95 LlykuO5pNdfQaQ4giARFR5Aq6j3XeLkrBkmFfqmQ1TlAHVc1RD5KNr8BQuqmY
2021-09-28T18:13:25.552372469Z 96 1bgzuLHY3yzdHHzrEhLARva7H5VZRWqa9QA3ij6vlwe1VRxMmUcWLc71cpvWQ
2021-09-28T18:13:25.558804426Z 97 61OcMAgBbKQ8ozCueUiEGExfi9tMChczvmGILBZE3M67ZKDF6SljkByxn0r1f
2021-09-28T18:13:25.564778205Z 98 vMqDSYVWmvFVVoHyiaGiQBtJ9sgqAgXqKEXmQR0bvu5emyUDaCcfaldJhxR6o
2021-09-28T18:13:25.567575826Z 99 d00aPhxqT3O5rUonVs16WYDDoXyC6gWZCM2W8QdRzoLlmZg07e7WdIzkmlH5g
2021-09-28T18:13:25.576758773Z 100 CTpzEWm8y22ksnLWt4Zf1e1VIA49lPpKloZWrj9URQPWH4aY66BkSKfBsugy
2021-09-28T18:13:25.580579947Z 101 AFTgUDonRb0DTWxakagWBlZvOm9XUpdDEIW0Fp5n2J7TWQcbG5If5J1mFd8p
2021-09-28T18:13:25.586266033Z 102 BQGufD92Qm8IcJjMOK12dYGYZOpyKa9mn3JWyFx39VYrkdqwVpc3mLD5Dsw1
2021-09-28T18:13:25.593641092Z 103 thDlpNsusTqG3aTMyYN80YZDuvwFmXxCf6q2qy0b1ygESGCyOPfTXDmCeT2B
2021-09-28T18:13:25.599626134Z 104 pWJrWDJ4O8a548X5oFknrBkuqkWewhpsGfsDGDrDOm0lYfco1T2cbpcDP8Rf
2021-09-28T18:13:25.606668593Z 105 OiqYq9rzscf2svVE9OFxKFf9B4ctNQY8Lxt6qQA4cz0zQ14yjXiNBUaXxStg
2021-09-28T18:13:25.612102270Z 106 Wij80Q6i9rJT9gmakY2EuoeZjlcYRa36NdICfN9NhyBRLbfCVUDDxfMJWXpU
2021-09-28T18:13:25.616500405Z 107 W6eafMjMJrYuf7s9jSexeEWhuRf5sxLEymWapzwAdbJShcQgSmYaPs97q4dj
2021-09-28T18:13:25.621384537Z 108 kgLfgrtfOsZmakq3u6QfNnECe2oB0r9QNYDTkV74J7e6ISOahacqLG9dcRb6
2021-09-28T18:13:25.626977362Z 109 ZQcUHYO1gPwrI8AtmUyeZ19UnLjRZq3ZNV3QXKP0M6Id3f8yR75ZzGqefUUa
2021-09-28T18:13:25.631756299Z 110 SizJIFbS5ATzycNNfxlKw8AmX8cPd35DIZ5l60GyFV3bJSOzFct70gWy51Hf
2021-09-28T18:13:25.638711104Z 111 u600fY39jcp78jmLvFXWCvdM0ygGtsXODigXd8nyrUADVc7lJxSND4GQG7SR
2021-09-28T18:13:25.643727496Z 112 PPSazDd0nsqXAwHad4taCMKctOSBHHIA2zzqMv7KbY91i5MzoI0bo4JlD62B
2021-09-28T18:13:25.652405728Z 113 AxVSAIdk6gY0MC1vlgjXKYhV6P23OoTumfEovHSF9owGTpvF9aw4fhYwxfjd
2021-09-28T18:13:25.657390987Z 114 o4nvkDn5WSqpW0Bdq8LZZyW6bhcMeDxkOo1mlSKJpoqkdHsGDOefcc2npFdq
2021-09-28T18:13:25.662337046Z 115 8M4SVSLmmdFVbIKubzDDQyR1HEsXfyqf09G004Syj5ToFrt0Z1CtbN3i3Dfh
2021-09-28T18:13:25.669358322Z 116 a8eHnQn68PQcVZoMSgrU5QdwN1IiCPZFCcyZEPc9NIka9qD0om6E8e0N2Huh
2021-09-28T18:13:25.671675921Z 117 ekfBeiWPal5qWuCRnZEZhzdLOvXZJqvWS8bSk6Bt9wc4l03O7PT0gDfmQCYH
2021-09-28T18:13:25.680628645Z 118 7Nf7QlSK0BWsWBVJX0jD3Pr5F69wufzXcicuunI9DWls52Mt4yMeIxeBDKMh
2021-09-28T18:13:25.687028144Z 119 FWNywcZPfv8hVMmiGOyXfmJb3gIw0krtzviW9MPdqBwhMUVKnE3kJuSSdVdL
2021-09-28T18:13:25.691980901Z 120 uIg8wbdTLr6NRpf7qpHFlA8ZBEigb6q5WY4f1EClmyG70LYfbXRz5SdfAACt
2021-09-28T18:13:25.697418494Z 121 6NwzAjd4yVGSq3dWCw9bUFUemD5DTN2lQUuOcSXk0BIwKLvUDNF08sTq3mTn
2021-09-28T18:13:25.702383979Z 122 GA4JTB8ofKzMctZQFq3lamQbH7VZDhYjdzJ9JPhGu4dK8VhELJPMEnaYSInU
2021-09-28T18:13:25.708150628Z 123 wbyZLrh84QbpxnbPcwC7QZ5bYaSuyIlwcpSrc2Qglm0ekzjOReo09SENQDBj
2021-09-28T18:13:25.711724792Z 124 p2T1PttoACjF0OaIsJzDjHBRH4iLeYOCFq1Z30mhkjGem8lY4wCqXlzgPaTi
2021-09-28T18:13:25.716593971Z 125 LI96fGwLQoMqjrADC3ycALLwzbwk7lqnVOTzHhvo6qbxxYzTmuu4lfoFImXN
2021-09-28T18:13:25.721328163Z 126 psoSRHkV6bRJ0dEI5v2OCN7OKxyJV5t1VhYImOdDH2LWmY4bT2n7sf9JSPwY
2021-09-28T18:13:25.726471042Z 127 nXLtZKGPznOJVJk1qPDE8lVbJVrO0uKIwVGUDKirstmhFXGZ0g4wZcrzgXho
2021-09-28T18:13:25.733396674Z 128 PkM2LUZ6CQeWfEApF5bPXP5HdWUDBLGZMS8wtFdPLVIHuAolLd5lqvxZ5QLN
2021-09-28T18:13:25.735368024Z 129 y5dhMCqwzzMoOemNuZvFtNnk4G1jLOjbDkjoKsUbZg8NskXD6qlqXcFrQb2O
2021-09-28T18:13:25.737121323Z 130 ED1O84hA59TKG5WaHMoycyaDH5bWhum5yb7oBuWe1AV6KRozu1jzEy4cdUkR
2021-09-28T18:13:25.748309879Z 131 SQnh28hJcHFyuKCe5KNzIV11JANO1P2wvDatKyAQOSL310MAc0aFjDuiQF9a
2021-09-28T18:13:25.750033202Z 132 sP00ycDNSVh3j8RINXkdX378OLijkxegUnqQl77Z5EmLxmB43P6l0Lm0B1EP
2021-09-28T18:13:25.752289412Z 133 pLgF0tmqRM3cS6F6jLKxNnxPV3CYhsXOg4b3s7MgVSJkIoX1oZqsHIWONWv3
2021-09-28T18:13:25.761964121Z 134 pfT2PWHBtvr37DNQXFLt76sGsfDlJw0H3aC1vn2beeofMhFN6U86BrSKRMJ9
2021-09-28T18:13:25.767321773Z 135 NGxV8o0DXoQPzugLOI0XDL4oipzAQnV2Hp6ukYKIzD1L37BGnhRX5WMdSxEb
2021-09-28T18:13:25.772252442Z 136 9GPCMLWK5olMsPkO1Tj9wohF0I9QZRra6ELxiEItU73i9vvuZ8vF4IAKoZoa
2021-09-28T18:13:25.775717667Z 137 5inujBVAXpugnmloCtSsQfh9OnnrRru4CbGrhiUadrJ9Qxuc9IWGF5jEjaGI
2021-09-28T18:13:25.782085213Z 138 WnTfUuLwGDbRRtUeSLVxF7umhlMMMlwh7WTow53D1QuGlgX0ANYx5tDTIl5p
2021-09-28T18:13:25.783890976Z 139 537YAMakiHEcSy3PiBYLrVaYNU14uTI3DhvgMYOfJiY0oxk0UNtmygsm3geZ
2021-09-28T18:13:25.785728396Z 140 eix3v6ZqoLStn4QV5tAIAOrQZSoG1Y2HuOx4jugbQluBJHtIkMOrwh5P1VcF
2021-09-28T18:13:25.788057491Z 141 Hfph7WuyvulWsPglEK2cemIxPKuHsIAQa1EYIUzqYeRUkxnU9ltuMKDhBoVW
2021-09-28T18:13:25.790025618Z 142 P24ZpAmrZeYFwVhVlJdVCPLX4wpNeevooA61mJFAOmNhUk5CltKrvmiqXq8V
2021-09-28T18:13:25.808674164Z 143 12cOorhXW5MLiEcyiYzSeZIRzjCkeU0CLotaeO2P6upS0aR7ufzcS1WGOjQd
2021-09-28T18:13:25.813584036Z 144 zpvIDk8WDuOi7CVutjk2i0aX8tf6EtP2RbheedFmPHLdJUJni6C3cgOxmC1u
2021-09-28T18:13:25.820873365Z 145 gkkmLtDVDg1c3viJyxSxk8pPwMRvjOfvibBhyxrfhJat66BhwJLHnIx6C0qe
2021-09-28T18:13:25.827216358Z 146 611rUGOtGKhxIeONiMFxL5RyUS1sp12DJ8TT6EQfC91s4z3cqqnl0XZliiK4
2021-09-28T18:13:25.830925409Z 147 e2UZCMKPQ3tEBEJag96sTyEmX5mPPPnxYI913BjeAKnByubQNgK1Iqad0yRg
2021-09-28T18:13:25.839028156Z 148 4N5Np3xA0tKJfH4dDKDf9g2CrhpOXiaRmXUEbDaHpWDV3IkZnV51LNmkDept
2021-09-28T18:13:25.844321783Z 149 Qq6B4kBrjgcIcgh9Ghh4IpRYPjtZAFCDwFaEDG5WdZKQqDuN6fHP28fBooCT
2021-09-28T18:13:25.848057699Z 150 Yn0YqFhk8ohdoZZz8dVye2jNGN55em7JRfzm7ATvaoSUXZF14VIUp8NM9nuA
2021-09-28T18:13:25.853009885Z 151 vF36BwBVg9FIDTOUe8hyVDcKHYONp7NKdwgHZJHBIxDrAxQ4EdVKRPXoRA3q
2021-09-28T18:13:25.855429883Z 152 PFWJevTlXWkXCFgC2tEM3NrJAGIE418BD79wPTQK694icWwczcFV4UccNuhF
2021-09-28T18:13:25.861322366Z 153 fpqDshGaHAx1EG47Bj1b57pGWi1rgwCc8qEnoMUJzSpyqsH11tTj7RtkvDOt
2021-09-28T18:13:25.867677347Z 154 ZKAZ0r8eWtSZYBXhK5uSJUP1QWLnMBsVKsSwCqtnmVcxSyI20lngc4HDcWHm
2021-09-28T18:13:25.869800154Z 155 znHTEai5EHhKwXfAfNTPK1Mi8cyON4WvWTrMwtVAyOiNGdH24txwLnmLXtX2
2021-09-28T18:13:25.878989347Z 156 GjEnApVJq9AXn4Lpkf57mXoJr1Yv99WDF2IOJs3PckX4CaILwOwOjYYmD83O
2021-09-28T18:13:25.881286324Z 157 sl92DZyqfiGIKBuLXia6JGVDI3m1cWnbCCGlZ1d9K2jUjiR7vNi9CY59Kicg
2021-09-28T18:13:25.890255424Z 158 MYF13PsPGaTS2UecjHMn15SP7n2KjqAAocbCal8motF11GFvUWQ0IqJ30yIv
2021-09-28T18:13:25.892800401Z 159 mGHzRjb3MgY2OXIFiO7fep8duURCwqCTbwWLFVa0ywsOxyPhmk2mhuM8QMay
2021-09-28T18:13:25.894906932Z 160 VhLMzcfdYw7BEpKddEf0gPNUXQKP55zsp1NY8IJzTd6ljxLeQ4w8DBrguVlP
2021-09-28T18:13:25.896708917Z 161 IxMDRXZcjQwnJMjtrRCVtSBMQEbn1POLryPiAONyBuUGiTbNKgyEVUXZZrht
2021-09-28T18:13:25.912714502Z 162 NDf5aGB9PvM05sifWLDc5AWKRp7K8Kuq4sROv5hCflCUhcWSeo5l7VukIllP
2021-09-28T18:13:25.919538768Z 163 2lgPyCeGGEZFC5dlcru96cVeaZUBUmkMWI3vkFbDLo35NwYvxIXrWwUroLOC
2021-09-28T18:13:25.924462107Z 164 e0PV5ZenUEY5brCq8XkxwKfASUjMdBhwWlMaf3hcPxc20Nv0h0I7RcDEFDTK
2021-09-28T18:13:25.926544043Z 165 JIuue2xd7b1rC4bvF69PkhB1TbAyRbMb6CKoTR85EQsyepItj3zUjrryzhqo
2021-09-28T18:13:25.934498140Z 166 y6xmjJXv9gTeuTLNnRBO9VprGnV2N5Z6GHOoeXcNKXB5iRlIbWCVcA4M4UJW
2021-09-28T18:13:25.942729091Z 167 75A4KM2bNxEASITct4vmzHXMoSDZiHoWExVTDsTB8yNHLeETg8vAQIa5KLGf
2021-09-28T18:13:25.947708415Z 168 NvERqbef1jUkz1p7Ku2EhxNnbsSLpXYy7q1CJMOFlTnfkMCIatBRXXlgeBkl
2021-09-28T18:13:25.953245406Z 169 lSGrIQ60QEsPqIedisE9Ci3I7MeiW6RE5jx7CDCrX3j8TutR2Zz9r0sWao22
2021-09-28T18:13:25.967111872Z 170 8BfsWWBwvo6cUqmuEUloUykZHJtrTq9qjc0UCoXORzOlz1Q5SLoNndCJcu3i
2021-09-28T18:13:25.970776835Z 171 0oAivEyGTp6VyiI8BLPzZuKi9XcnpRLy5NuiKaXsLcBlwdwEvnQllvPmxMIq
2021-09-28T18:13:25.973718110Z 172 Nv2cmG6rinRyf6yHMLYmemGk2L5S5dEJCZEVUiGst6aookPdayI9Z5UI6bKi
2021-09-28T18:13:25.983191903Z 173 qaXqTY10AsTiHbm50nlbiwi1Av04pNVGBtGIpzY8ZQ4XMc0n65ZUhRTM8j4L
2021-09-28T18:13:25.985685322Z 174 I1jepFQIHhlE47QS8agd4fJTL0lCTTruWOpRqYmtboBY0xIrKfPsOdI9k80i
2021-09-28T18:13:25.990323659Z 175 w6z8CYTH8SPMhdPMGxq4YX0e9la5ST2T6FuxU9GQfFYPzXWe49AhCHvoUl1a
2021-09-28T18:13:25.996652176Z 176 Sq7ZA7sw6y6HF0lljHXzHaKOwQXejCXRrWs3Bcr4IE5YpQO84AxKZ5qYY7n8
2021-09-28T18:13:25.999022191Z 177 xX2iJX13shBm4pwfLLFvGZuxzowXs7QCgGnSpWG6qe6qU4kiQVhDitMqIbmC
2021-09-28T18:13:26.007076110Z 178 JvFCKxB9rLEAZrxIjDvq4e9NUpQ7LMODknRVgdKGxEmo845GvaB46OCawNRi
2021-09-28T18:13:26.011553308Z 179 Vobug6C7K09OnjVFV1REf42MQZEDp1NxjQWPFElWFEXrn0VAyVQ2XiIyiHqJ
2021-09-28T18:13:26.018342856Z 180 EQFRzb0kXEx0rHDfDsqSOE2Rdc05qOrMk8vrqWVCiE1hNxZgupGznqTK7zR0
2021-09-28T18:13:26.023709337Z 181 xykpx4aaLwcrgASQa12bmDzwMWJ6RR91D4WSShA8l4OueW6s9CGdcnUVsjtg
2021-09-28T18:13:26.028469256Z 182 HhfBn7cTfbVJSbRB0wE6eCo2Y4NU6vLkcjHAR0IJ3Yg9mp5Eghu0LS4V8jKX
2021-09-28T18:13:26.032653072Z 183 ok2QD8lj5m8ZIzpGADCisU4xEJevdHVAZfhdQ0XIsjEG7QbaT2X1c2X5H6xf
2021-09-28T18:13:26.034977956Z 184 i6yx8Q9cIQfY8ni0BngPoYQ4iGM8ES1Dq8vx7ub5aVkRsYsaNcSIXWXGGCFW
2021-09-28T18:13:26.046064969Z 185 owsCcQDZwminJIVxHms8Rq3f7WLXP1ga8tYYBI4PZ6nnhUsHWte7Tn0BqGMw
2021-09-28T18:13:26.049959259Z 186 hsfgRLDGssevWnVJiwFMExkjeA2QCUjiOoJpqnRdrlTaQKHoNm6pnbQtR0zw
2021-09-28T18:13:26.058398508Z 187 9tG2kjHHpJeoyfVYIYEDOOPGalx7NaScBj35sxWbwHoIJESv9RwqKVolrJbv
2021-09-28T18:13:26.063496323Z 188 CfSWSYDOdeUHXjNIu23ca9ILlfoRkN8cu5CeruUfsJ9mkhpyBJhsmlGgrKJb
2021-09-28T18:13:26.066865229Z 189 IAhN6tGF3D7LTZNbD6QIe81999Ku6NR2lO75sGsGwbkOb2OTsYd4guetXe13
2021-09-28T18:13:26.073788801Z 190 b0QcbVRr8XCAc4jpA8PhGgV5KkmuCI5m5MK6hmjABruE2zzUebwhV8wTXFWu
2021-09-28T18:13:26.077206523Z 191 hOAEX6IXEMqUW23aUxDB3wfPADlrzaOfWtkbgTIv5Nb04GuwzhgMxkLifREY
2021-09-28T18:13:26.082969477Z 192 3WYZkJcZOt3r9veFn1i3h5RIFpTAyifs9qhoms1Ufuf5KfehAUKhWVhurMEt
2021-09-28T18:13:26.089328811Z 193 cpuqSoh16xGfxStK0gP7QqTyZsqlO9e1d7520NVT17Nqv7Bjmh2rtgSmkYsY
2021-09-28T18:13:26.095439463Z 194 3GVgvqMwIY69agvWqg0SOPrVclxC3ssjC1MfN4UC9ZWhZJ4p4fXnHhlw56qF
2021-09-28T18:13:26.100798381Z 195 YozGbiZkdFEhfTx3xgNMj6K81dKCmvXw8eVZ61sEMn4bFAX8EiIvVFTFZYLv
2021-09-28T18:13:26.105911146Z 196 D6V0AlkUDlef4EOJf7hVxjK36EZ8NIaITx8Onof4Z1uVXavx6wc1dihpH7dR
2021-09-28T18:13:26.112897964Z 197 bo4vSODRdos7KvawLSOBOeHiSXRM9300XVAh8sZFQ4cZSyM7fX1zeABFNQuw
2021-09-28T18:13:26.115916788Z 198 LHkB2aGDOwmmp187GquxGyvCENbPO13HAQESW8hqIA6yPVaBTCEGt8lZqYBZ
2021-09-28T18:13:26.120754088Z 199 RaV43yxrRKChjoTTk0x4vySLA9kdvwVfNS9I49Z3Nrftm02ki04b7rFHg26j
2021-09-28T18:13:26.127644136Z 200 3oS3Bf2I8zZv8TGxiKhCuWN8gMivIf0gAL0IWFTzciMrE6NFhPKd80fSidZv
2021-09-28T18:13:26.130205222Z 201 8HWgahrd5goZ489BJWHtgHvmINBQimn6Ndj0HjQ3EEzcOoqaOD8bv6PzJLae
2021-09-28T18:13:26.137749831Z 202 8V6aNFVRE4iJMum7Zd3rxNNhmWQbjg3Uz9EwszpqoyNYXHJ5sFkB22NHEIAT
2021-09-28T18:13:26.144128162Z 203 F6s2W6e3P7C4Zg4NbhmhJ5QkCiGPdKk3QlDXqVyr2Nb4wuop0J9XzE0f0B0h
2021-09-28T18:13:26.146800016Z 204 gpbjKmOfI8TKFmTxm2d91OKyGbp7BvHR497Nte3i7223wkR63BkBY0vZeCCb
2021-09-28T18:13:26.155979218Z 205 TyDWw7pBuGaMZCifGK1FbUgETh5kDj457klYqgP4oGspR8KmFVSPC9bt15O5
2021-09-28T18:13:26.157745566Z 206 zbgCO3c0nA2gcyttEqxkBJnzdw92K3kha7tKgXn7uhMAHL83k1oe3klyR0rq
2021-09-28T18:13:26.166119230Z 207 Olta5CXcioJtDFrReu2IFlETiW0afZrubJMTD699GjzTe0lue2zuEdNnldPO
2021-09-28T18:13:26.171286224Z 208 GJ10W0chNcSH3jw6qc4EU2oBfKQeiJq2pz86IhwDjz6xibBJhJdPAh0TGOGl
2021-09-28T18:13:26.175221100Z 209 ZrfswSZew0Zm3tm48sYsze2j6SOdDIllFOh3ymTZPoVeCdYhg07zf5BpTU9n
2021-09-28T18:13:26.177088327Z 210 XXRo9Q4fy240GeonrsHQYbnK2Ne87pCg9gfOdwN47r7jmIVLvxAbu7bJH0ef
2021-09-28T18:13:26.183972757Z 211 9nd7CzMqNQrqojVlfv1gt05TvLiQNZ6KgU29T5zPonEe3M63c7L5M0tAhlFC
2021-09-28T18:13:26.188532174Z 212 EKWwNiMgl0OH0yehbashaZpR7nI2Vgol3DaVxqpREYlGRUZFAoJhn5fNpxJ8
2021-09-28T18:13:26.192445219Z 213 P79EDldlWM9FruK1506ULC5RFtUyM8drQeD6asPSJy9wJgfIA6DK4FAIkZuf
2021-09-28T18:13:26.198637426Z 214 hKyaNruTZIJ3idenXS0pbYa6dfxLT0jojCICCEC34Jb6Ghto1eWZQvZ3tzvC
2021-09-28T18:13:26.202807322Z 215 uQPQzGWiFt3QnS6EfUqfP3aYbBxNe7NDkdnzj6ZcSOY7TyvUKMimPwNt9NGV
2021-09-28T18:13:26.208123082Z 216 ojKjgSAsGxglRd2QWS7ogIJ4uR0cwnrP4BIUEWnbOQweUUgcFzJiUKdKvp4I
2021-09-28T18:13:26.212400141Z 217 oq8KLBpEQidIFynjHlbYERU1HLZUF1tB1Q13hbJK2rZ6bfdkOEeTyesBggQN
2021-09-28T18:13:26.217779205Z 218 V64He11cdz7hcgNxINdVeocQCOvP2WLZjT1PwGbcnaOgg373YLEwh94IJcnH
2021-09-28T18:13:26.221878969Z 219 rIM1SH8q3lXuUCBPRBBlEXjHF5bsOel7P8mTuTnQu6v9RoUDl0aIlmxGD1Ou
2021-09-28T18:13:26.228131134Z 220 sLioNo0dLcaBAVmgZq3o5SCNhns7etlhXVWfmHRNl3P1rA9bwTuYayq9O4qH
2021-09-28T18:13:26.232926975Z 221 c2ogqB9wniXlrWDBmSnsidfvtwVyhR7THpnOvJ3Ck8P5HkesbYN0llKl5e1e
2021-09-28T18:13:26.239777000Z 222 BMFTIMTuxdpF63TegeBGZMjzqLgh40QHG16NAb1akfJmPlF4tguUe3VeeMe6
2021-09-28T18:13:26.246421720Z 223 p1sOjsXYeJXHzQXhW8D3lyuZ2VUVTZIG419RcePG6MsM6KKTJfpmoPRcGTLK
2021-09-28T18:13:26.252578960Z 224 EcvbDrFHA8lnC8uKtmXrMpfPJH4IsdenSCJiJM5h8peYvI3wTbEsrL0hY9mO
2021-09-28T18:13:26.256242679Z 225 LP8mtNZ8h4YQdr6VQejZ876M5Cp1qEAOe7BSf3gayfj74fGSst3i8ickaDOB
2021-09-28T18:13:26.258547878Z 226 qobyS3wDIrlFM3nIExuj2iVJZT7oGZYqALiIEtErrFCh05ClK0xCDjWDlsUc
2021-09-28T18:13:26.265949288Z 227 QICIWDiq6rw1bglmisTkyFkVMSlznybwtwnMg14HGhrxq2eKylnQfUVGHMS7
2021-09-28T18:13:26.273591369Z 228 85xD4rZV1mftcdDRcXheEsmJLvZBV66evRpv1dAUhmg8krFN82XN1bVAgQuQ
2021-09-28T18:13:26.278628445Z 229 oxmsZbcM8BVzhXApQmR67WlEXnbjRYRZ0js3lYLBix3AoQX4XUO8gyHTbnIi
2021-09-28T18:13:26.280376268Z 230 WggkcRDgxpvBkJ2zEwjeBekDppLOOL7xKja22SOyz7i5X7iqr6iyqfeSRWce
2021-09-28T18:13:26.284142879Z 231 NTdx0UCrv6FwTuFXijE00V1rtbMkk5EYZ8MRzJcI80PKPgy4fXt37kpwrNBa
2021-09-28T18:13:26.291764298Z 232 ej3LKxXchpjQzJpLq4JFgNOjlb4MYo0MASobuwjiczLjCVwpCF2Rx2LwZkwN
2021-09-28T18:13:26.299329384Z 233 AM36SRv0fD1HzaFQyA1dA2JnkA1qpJiN3vAop1hU4fIdgJgKeExQEZjYFCFj
2021-09-28T18:13:26.305625976Z 234 4Vt6pT1sJPhkk5uoHx7OyxSfw5R6Lnz3kNGOQX4fqwx1OeuMEDijP5i1ptai
2021-09-28T18:13:26.310570152Z 235 pjolqI9YNZbXGi21Dpr5z7WQEjkPiPhYaEu56OH8nGNuOeaiDRHomXxb6tCN
2021-09-28T18:13:26.314189090Z 236 cwcCcTYyU1tzM3QvtybT1FDb1XiXi1KwdBv9SFYffWvjTU5HEoV3ys1Azd26
2021-09-28T18:13:26.320480998Z 237 TCNoHVDiKKzHoKFfonvLfMANHPvnk6CnYYYQThVM8W6DljqwTqVWwsgzvGiO
2021-09-28T18:13:26.325678059Z 238 F7npjYSfSw4c4jxRk6QQKMd0inGDRxgFR6qwOyLDbWGsFfqoew0Dc4J6ZPeM
2021-09-28T18:13:26.330801844Z 239 7BDxMKLUWYmWBfXUS6ADfYLnYZTosgtCH1XZt12uZY57Yr7UJDAZPNZzEUew
2021-09-28T18:13:26.333111410Z 240 nstANqZyxlO0sj5wpPN29XD06KioFRLU5uKk7o7YVHV1Alog2g7AaHAS4Ro2
2021-09-28T18:13:26.334651878Z 241 94106zZxdPiOzq9HVajXkOvNmmkG3ulUYnrgiRiSatxoQ908L6LFx8QyvDg7
2021-09-28T18:13:26.337238887Z 242 NvGkjoJnfqnxcT5J3I5W5NONFR1XCkIcoB1SXrzuYP9bcNfTpANW9R2NWw99
2021-09-28T18:13:26.350494388Z 243 Ollwzz7T1iZ6EkkbzBwL3fnp7iedBPwRMKT9AfY4eik0Wb1GHBtvhgYjXMuR
2021-09-28T18:13:26.358159295Z 244 kEOOlwbYYkCKL6Yy9c96zThfHdFximZMS83SMR6rf1zRPd3zsYjC9Xd5Yzg6
2021-09-28T18:13:26.363243233Z 245 jYJCvbttgueqJTCcXRZqyztO0FomS7c2S7MAjy5ouBMXiVOubb2uBcuWqIUW
2021-09-28T18:13:26.367626558Z 246 0X5XI4xU0y26YXSZN6dXD0cvjOi6viJBxGfpd3S6iTSk8Lrs7AbZWYxnSeDH
2021-09-28T18:13:26.371057283Z 247 fZebqitumIe4T3ztCM4t7B7oK1ehiDSlk88kbm7zJ2lNlKRv8MNdlpsx5yqE
2021-09-28T18:13:26.372725301Z 248 3rM2GCx8rWi0lDw3g9BbbGJO5gRsNeOK6flC4g0PDyUelDSBIcTdX6pmHYnI
2021-09-28T18:13:26.375008226Z 249 CQ6A2Zf3d7hhAyxbtnJBcMlTMUFc14piswgf7stYuj246DpLd4o96iaj1V48
2021-09-28T18:13:26.390693224Z 250 4QGzSpC4BoYHeidBdrlrTHF8jYcaX0eDytGZgPjq7cZ5h60VseLRTbHQGBe7
2021-09-28T18:13:26.397353920Z 251 3Tquwzf90N7MpjRA3q4nPodvX3JrrCElHA075tYlAQjPQ74HF3IaNRaYMOVr
2021-09-28T18:13:26.399214739Z 252 fiDU9bmcJULWKuEuov3t36QjGS0qYoP3lKm4u2YSHQsl9qpn4XzZ8kegi0YG
2021-09-28T18:13:26.403973193Z 253 XSsWIb9diiXaJTVg204hQx5NCyiHZPog0DpvdNFaaGRbfcyWHy4AYkqqQcZg
2021-09-28T18:13:26.410243343Z 254 JYoh2P6lcxU7KpNJjGdR6szjxv7iL9cyCJzDLssiAfU0EltUO7jfS9ZRMsHB
2021-09-28T18:13:26.414098516Z 255 TOEvUSRmtGVqtzbY8oPXP40YnggO7j8o0ix6pTGHf4A0HqEDtZ7GFE2BcA8V
2021-09-28T18:13:26.419212488Z 256 cZBoI4lmir2x8URuRwsOnXZtZuZN1edKmUh9nwpakOrON1JjXm0ligrSeQMz
2021-09-28T18:13:26.423188266Z 257 w9UWu0gwgnLSs8rgeUnzGULdHf531toGHH3xmdlkG9gb8sGJnwtXhXNhnzHB
2021-09-28T18:13:26.425579479Z 258 5kXlpCu7HcJMUzu7cvinAIf1a7vaMj5T83ojNFp7u2PO6S7UFsg2spi9DRV1
2021-09-28T18:13:26.427271256Z 259 DVB9WpqjDTQhvEtrwsMtR8h0taTFQKHOY9MFhfLI7OwH5yhLhAZHV2DVEW90
2021-09-28T18:13:26.436580493Z 260 xFFlTJuCVv40RREl5F5n2ypkovSmjMLSnHxsHkRzP1uOHDzVa4XDu9yy6wPB
2021-09-28T18:13:26.442334815Z 261 miJwodTBE8lT2qYm53pN9Ku2esBuGNnzSARSk71vePAIQd7TsIMIEQAzTrBw
2021-09-28T18:13:26.447169031Z 262 Nw55GjN8Qmx3QUSPxTIARIqdOwOnwVYAVn3Nr1zRirmXZ506EftHiXnxHDSF
2021-09-28T18:13:26.452319215Z 263 Z5qg3QgWSGb4qjYJqfKERtoXsog6vS2HyAVjU6lZfmq8ezY0Z2pMpLwzvm8P
2021-09-28T18:13:26.457065643Z 264 ETy2OcBGCzxHKz7JvmwtIEZmb3MV3BrQOoWmKUX3uaDbeoWk6z8FT9f4UYoJ
2021-09-28T18:13:26.468105536Z 265 IOuqD9FqRttrRGQYaTGgLcFItjVGe1D65bVDef5iirR8vmpWkLjUIippAvrS
2021-09-28T18:13:26.471803139Z 266 cxzfobYEwA0BIFVA4dgHhDqKiTabLByu0JfN16FSqG4ihsYvyAJ6EyuGZA2b
2021-09-28T18:13:26.477079558Z 267 7MGBw4giMTwuem0HqpDHDNTdM5eTw11HppT26mOEUcDNcOg9qlW1Uejyx7jZ
2021-09-28T18:13:26.483671567Z 268 ejdvBZ0toXwgWF0IuCRzEfRymcXPpum6iuZwTwG8KuI7eZMuhW9c50uBvJn5
2021-09-28T18:13:26.486673221Z 269 xr8T79WqgYoa8S0rDjqfpo8C5Lt4H5kYqqJXBy3CHVrFtdKzjmwfJZZc1tST
2021-09-28T18:13:26.492378608Z 270 DhKuYHej7kNoKUSAgT53yheuVSRFb0HmgO12VkDedMeIFoopsOeQcY32KfQY
2021-09-28T18:13:26.498488439Z 271 jQW6GKF9KzYO6Fvkw1nryKuJgE01ezqBmC7zI5uhluCaY2liMzQqT3AcXbYV
2021-09-28T18:13:26.502893411Z 272 WzAv35K0Fih7PnLL1en6uH4G9u6mIZnwlPiXuT9rRSHDRrYpH9fn7LUmRlXM
2021-09-28T18:13:26.507436573Z 273 Ge777NClJElfGB7E0kfpPjqq5TwCbbXnFwvzzmrWswsiXo5VMXdCdYxQQymu
2021-09-28T18:13:26.511036209Z 274 N16TEwjWKtaPAOGTK7azHYbcmV241ERwN1DU4O6JICc7Y1a16Ot1Sn1d6s9v
2021-09-28T18:13:26.515839693Z 275 CMECfPW9PBtrQMn6fNl8QUY1g11wvU1uozqxntaB4zscwPr1ee2XSseDhlbc
2021-09-28T18:13:26.518174560Z 276 O9vsMiWeyCYErdGuzJ66w2gMtDYpHlBX3ay2ED2DiI9A2Pb67sh6tDu9SvAN
2021-09-28T18:13:26.527842277Z 277 cN7MQZ19PrQfRck1ysLEDMRVSNMKX6sexoGR3qcLLfsMtr37KwhzyeJ8Wstr
2021-09-28T18:13:26.530652207Z 278 rndu2R8JVcRaKjgZTJUSOAPgh9B9oORLoBW4f1xvjVbkIwDPtYvfURaGyH5L
2021-09-28T18:13:26.540095212Z 279 6b4hKUDKMX9ADBu5Fg4ECCAaFiAwEW7WUwcn3Pn7oyRojiHcrJ8pCFExJnFq
2021-09-28T18:13:26.543569258Z 280 tHqjhvNq4YkpkbiJZ7TsneiIvcTGy6RUsxZe8twJAesbnsHrdpAaPeqobtAI
2021-09-28T18:13:26.551729868Z 281 eFfZZJlwKeduRs5PPfdd2wVxViRgYaGY2QRK9zO6rdcpsgwwZwtc5hgui3EJ
2021-09-28T18:13:26.557385256Z 282 1xwbrMWtuiKoXTTT2O5sRfb3dxDBf8AHXasy82RzywOGxjWkcP4eCJWGE54B
2021-09-28T18:13:26.559776109Z 283 ldMW1DjvxllwrflmZUQEStPeLdEm7DcD3yuXY4Cl1J6cH9ZgAFKrggpyoMH5
2021-09-28T18:13:26.568760237Z 284 XLnW3ypNetCOkaa0lImOF0R2E3Nd0db2Xphe49C0ueVvLYBReApwHhg6XhWV
2021-09-28T18:13:26.573716980Z 285 CeAruJ3tXh8LOKZIzDYzzQjFBu2bY8AVFoaywe0TJiCBfXuoYkaR3NqiX2hB
2021-09-28T18:13:26.578205175Z 286 d6cMDLMethVFNXRgyVAxG3FCmDK75o4ZZWgpdVE6gZItWgEUcfXPWrUDalDJ
2021-09-28T18:13:26.580516556Z 287 s0xb9sECApgCYJ3FDlW3ijZ3OxyAoTfgZvJFRw3gFm6xSxFlYX2GBy01R4sD
2021-09-28T18:13:26.590419221Z 288 27gJfUyI5JSspTk1wPKTeaIVb4Rp6zetmkTiCheL0180V7g1iej8S5SOyEYP
2021-09-28T18:13:26.594862632Z 289 cH7OgpceV2aVr0MnvteWd01owjUAtE4xr91xwcONodcb5goRSdPRiFl9sVYY
2021-09-28T18:13:26.599481008Z 290 nI7nXXIZ2AWZExbUsQ1jAb6wpEnM4BMjTEMXylu7hloB7x8A9jXcUE4WF0fj
2021-09-28T18:13:26.604949395Z 291 RGlU6vmGFb4auX1BbUj04JhnYQ4e5EdgUUXeEFPwX6ty3QRcdGKBHTXV1j9B
2021-09-28T18:13:26.608694538Z 292 HxwnWL2rBv6xWsvr9TM4Tyz1YbhGA7Vhrm5QUZq3h6CggS2BWr8GrcNzkePc
2021-09-28T18:13:26.614959594Z 293 3cEwTQ7FBn2tmrITxsZzvFsiLR3hmHgBW7qMxUfqvJy2t1t0MugvUhJuzipW
2021-09-28T18:13:26.618889392Z 294 s6EqlEiD4991Hp5NiOvp6GEloUnlWT328Re4UCFY4qc76hee9cglJZ3ZLuDx
2021-09-28T18:13:26.622724500Z 295 YEOP3KPVbcrT9I6WhzTW7aqMn36ODFp6qQDML8og1GA5rHm684x69pYKQSkp
2021-09-28T18:13:26.624954828Z 296 0FbgO0rDM6Nv9AOVx6l4BhA59cuMMQSr3LAkdR1G9qZanU07vVaWE4f8ksMU
2021-09-28T18:13:26.634767265Z 297 Wj82NtmEKnx1ECdxyKjNZlzJMdvsRwFMi4kRj2uDAdiPGtAHbf2EZ8jSgOd8
2021-09-28T18:13:26.636838599Z 298 Llj6fFpgwvPtmczGwSbSAlBaanabOz1CCtaRA7tthLprHtUHzF8AN3aWbbAV
2021-09-28T18:13:26.638749906Z 299 5LvV2GiC4C6PwgWvoj2MsgjldGmiU5Me304Ct9zknaNpxCADA67dFTSTL4ie
2021-09-28T18:13:26.651328176Z 300 fDRLMztr5DBTDCiZ6Xp511bjTR5yicS7wipfAlRHYKGrkd9Kj9K3RfIvHljH
2021-09-28T18:13:26.653502598Z 301 sDEyFuYR7lE6Mry4kOBQWlUbtmyAAToBGNAMtDuymUY40YnKqA4V7UMDh141
2021-09-28T18:13:26.664564480Z 302 pPBnOmp4OmhEk8ESPXUKW937tsEmdJw8mw7K2RunmBky1h7v08TjOjcLFsLA
2021-09-28T18:13:26.666964626Z 303 6BiFcxs86mLypESWJMJJRp38rONeM91vQp9oXSil5u9Gebc3nlrYbG0lP6dJ
2021-09-28T18:13:26.674746816Z 304 KRlYLG97aRijvanb4nCmSdZHTzjaAbWdHhI33NDgV8l4vPZ3HcmsGrXdxjyY
2021-09-28T18:13:26.678721887Z 305 uWhFpsh8jqUu4jlEpEgeyAP1ZSwBWIJsV28cbbG4loPKNNY8gXwYPZvOrhvc
2021-09-28T18:13:26.681448026Z 306 b38Sw4C7QsPPbZLc7kGhAqjVifeTiCGxL4v87NRNg3ibjbgopWh7DbJh8K4Z
2021-09-28T18:13:26.689633908Z 307 k84c6q72WhlDIdLBx7yexlZBhx7TBISX7GLAaqyT4bpr6JTDnMdEbq6o69n9
2021-09-28T18:13:26.696094740Z 308 kOy8O4pePXmwrqgSzIdFXQ4TSooFyInLWeZSNVa26MBcuCdjuX474J4t5J3m
2021-09-28T18:13:26.703051469Z 309 TdAfCCRwsIDqd6b8wx67hXZkqHX7rCNDGZVZNBuGl3NDoOSyI9MprcnEZHbs
2021-09-28T18:13:26.705738084Z 310 Zc4yxZDnxwLMBNoqTzwjzUgvYKijDV5IgLOKZEamnlPiphY6ryoUL7ea7Foa
2021-09-28T18:13:26.714648285Z 311 eGLiITUVN8364K998Zgl3sMgC9fUm6tVckHuuwcG6TWvDQp2J9G2jaxuJhLw
2021-09-28T18:13:26.719493767Z 312 tU9uxrxQAGw2EluoHOkbO9TiMM0ONGDPBp9kJRxVz0qP83Pnr96l5WhpI45u
2021-09-28T18:13:26.725712945Z 313 n1NmohPsSkD4WOUoQFjc6LTTK22TgrMVqq0KNd95X3UiCVtkD6nuvIKFJb3t
2021-09-28T18:13:26.729244502Z 314 lJo1WI8Osba36bOiCxVTfPwIYELFzZuNxrwu4hVI6YWnKr0Eb7c09HezKfYF
2021-09-28T18:13:26.734541212Z 315 PjJGtAAkTFxpjCVOvzgoXnPZRFJF0GSNN4euR9zEfWE0zGmYbrhYYkNhV01t
2021-09-28T18:13:26.739334747Z 316 H2O4i4U6PlaunEQ3rDBvVSgkmRTWg5tcu6LWMoVykZuJe9ry5SgXnOIMtYJC
2021-09-28T18:13:26.745619377Z 317 wAzWMVd3rp1cBV5NbBMGe8222r8ffnRFm6lgUrCKSD4Uq8HPMD4WpGAVfgqc
2021-09-28T18:13:26.751314323Z 318 TJzOVpaOr4SZ0SCkRrT4cUjUGbnSqxojXBOARk7r9oKySgiataHYS4ABIu7L
2021-09-28T18:13:26.758003400Z 319 dEgGRintZWdfJN507S4kmJILkLRAvfVTn25NpfXwwJwDyUVxhdCFWNzVF0Nw
2021-09-28T18:13:26.763648726Z 320 u2wMH5DbrBGJ8pliDrspVYwTuqZNP8IrdvRaaPrKkljT55Y0OEavJNWHuSCu
2021-09-28T18:13:26.765810901Z 321 xMtxqk9eXJQM4EsWtyZZ1RtWUQMI8GTPSFnfA6pPrqmaj793DgFDO8iEfpq6
2021-09-28T18:13:26.774817218Z 322 I2Ee43cqfe9rNeiX7DxLQwpT8x1WNkTBWJevvPtgBCzU6gasad7FjZd2LIJa
2021-09-28T18:13:26.779534532Z 323 nNaE8gqDgSjd9JiIIqRBxdoIoQ1rzD6CS3oWHhVMo1M1DbilKDPRpQSO1QHA
2021-09-28T18:13:26.781428704Z 324 0tC1ll395HktBXWOhsEqVwGXrXc414ySnCsLELNKBqI01OsZpbQHGvOhj8pL
2021-09-28T18:13:26.792578715Z 325 l6BDJHrBWKrjLXaC1sUSlJ1gOxQrgpvNnSZatS4YUlLMKEW99ixcSSJj7PU0
2021-09-28T18:13:26.794757377Z 326 ZnFdBKPeL8s9MzVJ7ZM1upzbyvqfDuhKkXKZJAYIskHmOwCDZmefQMk41i2e
2021-09-28T18:13:26.800681774Z 327 6YolydKb111O0d5rtNiJ2Ds1DY6iw3eIsR9E5tlHwJGE5xroARy9YXlT5xOF
2021-09-28T18:13:26.809205858Z 328 9i8zotxnBOQAfILQ31CGXU0IAvP9zRb3dMW8bJuOq7MpaWhIBsNGiYRiNpes
2021-09-28T18:13:26.818409403Z 329 9reG6lFW7ytb4UUNWvCCCEpynUQdVEjxWx3rpbBvb1acPALzbeWVXy3zNp60
2021-09-28T18:13:26.818715304Z 330 BTrOnqetZfjNhy91boBD80ETEJmtADOqZOOsEtnCkUCaHD0gsHXHNefwmbqc
2021-09-28T18:13:26.826328294Z 331 Up6RZZHCThbZ2Dvc6y1mtjeNCdL4dCMQEMRa0GzqUqwEuVzVZRnKUIyOMyXN
2021-09-28T18:13:26.828239795Z 332 9dJdSFPfNEzVCNdLR9RaBr3VFbnARbJMxC0yDeCozEghhsfANVFPQ0Fx77Lm
2021-09-28T18:13:26.837062006Z 333 JzmZjB2hcttqte3LKCj8SEIhdfa2fX6gAkX2Yv63PD3wF04jJhRjcoLkyTTV
2021-09-28T18:13:26.842329711Z 334 pG8WTcTvxJUs7DYVN1gu6cuAHipcGHzkRPc1Yn1UCoTN083II1oW8kykfqDE
2021-09-28T18:13:26.846041644Z 335 sX6FDAYHdJkoIw90T0cEyTL7RvisqbQJtomVCZmKnw2azmjmArkOedAM5Q2p
2021-09-28T18:13:26.849450050Z 336 4S2IBcwsnQU2MwshHQnSns075JFe0sNxsDnjpNLuAx8ejTdfeUXgN7I6hkD6
2021-09-28T18:13:26.856550898Z 337 PLADHyH1gcB1SwJBxACohPhYp04uG1Tm1KisXsyYWtB7IGy9IlP91ExfcI7i
2021-09-28T18:13:26.861657791Z 338 bTEw1V3iRAkLx5rVEzYV9jpjsOHtkHZaQ13MFNneywFaQ3jsJFXIBhtQp9Pd
2021-09-28T18:13:26.865111334Z 339 JN81OJL2DCt51ieXCg7GxEmAlEKrl9i21OPfopJ26NyvYwCtwSm0zx9Rucn7
2021-09-28T18:13:26.870248009Z 340 Pd8zkYBoWo7t80eQfKMXqK4V43i2F25xaFLeapQgNoyptzkEer4Yr8kWwGap
2021-09-28T18:13:26.872407111Z 341 lMWcyMDPPKbdc7109G78JCEyYj3OnYpHdlj3rLfIuppoiIlZlCrjeKGunJ7X
2021-09-28T18:13:26.879766836Z 342 4Cv6PPxZ1aAOxf2YqohKfctxVV8TGpuM4YZ5m4PBzDnnOPgKrQNhV4e9OOMc
2021-09-28T18:13:26.886121124Z 343 FUjadp3ffKOX6UidNvtccmd8fVFEVTb7lQTE6Z8Gaqt8iuTqFUiqXHmmCx9K
2021-09-28T18:13:26.890465471Z 344 L3KIQAak0AkLdDvZiLdWoS82MAvIDb7DV6yjZn2qaEAM3dh1exAipI4wFDVk
2021-09-28T18:13:26.895359215Z 345 9TtkreQSl9nRrDAu33Zi3b0mnyEa0O5Uf6RmoNOqObb7HPsrctIz8bHmCR4k
2021-09-28T18:13:26.901639347Z 346 7YkzWl7FWRpsEhmXDJ4OPFDq8uRKyQEGqd58N8Ahvxr6BM2tamfgq2dGw3ct
2021-09-28T18:13:26.905769890Z 347 6cqSWjHJJ9mA2VFPtOo9GScM4IZUanRxP0z7hONFqEYS4GGvyF32Q2xDVhZK
2021-09-28T18:13:26.908460669Z 348 skzumq7NlQc8HFtn7punpVKmM9FZ8rJGC8hN596xvylp9SBn2UWAoel9WyIC
2021-09-28T18:13:26.915172310Z 349 CD4WnSiCpEWQLQohxTDpCUvFYRs6foRwKl3Mdzlr3tnjZFSvpMT5GmwZ1of8
2021-09-28T18:13:26.920486326Z 350 6as2Y8bpXvzpSHf1VvwytCkL4oZWkSVYZNCZvpxKOGaBIL3P77ORjZuvLrBh
2021-09-28T18:13:26.926966937Z 351 gb1U90Nk4TNBUt3FyufkMMWKG1n6zi9yVxiodZ42Gg267VsZHUft00F2DgRS
2021-09-28T18:13:26.933289347Z 352 fBf9Mp64fsLKj9n3bQiandkzzXwrcz3rwc9baw8g4vmFv7X2thZrFZOQkh8t
2021-09-28T18:13:26.935783127Z 353 CId5BUdbFLF11rToXyV1CPGKvmsOqfoWtTpvxWQku9GM3AQcbraZ3DCtqsqe
2021-09-28T18:13:26.941089387Z 354 Rhm8edmyVPpFQngRVlQKzfmU6y4AI89lQS4iedFg8Ak7goB1AMl06ecsjZGE
2021-09-28T18:13:26.943598440Z 355 sXsVbEOohWFhZV4JdheoZpVA7ENLxsHMBn78kApHG2HHYrcxWDmLo9jIQpAh
2021-09-28T18:13:26.955011171Z 356 sgrQkucVnWd8uK4gA3uuAtSWWlyS4oqiSugsQRtT0pLd33LmxM8QdjEq0KPj
2021-09-28T18:13:26.968113819Z 357 r1OtBG9eJqLcPg3vWva2CNeta3KQfxT07djcNcLUnDjVU35QlPpep2xRhTHG
2021-09-28T18:13:26.975542074Z 358 Clg1lN0qvFMJDrwVUfcIlDnxhzocvFgsmSFNslCoCZCIDa0Se49EUEjRge4Y
2021-09-28T18:13:26.980177946Z 359 ip8tx3nxhbdt59eWBhtvZVQwpGGJyE1ceFOfBB3jsrFmeedbPZaYeRlr0iKF
2021-09-28T18:13:26.984272446Z 360 cjl1Wraz9r60P1jLGrHrXv4XdVoG4swf3ff95dYPRe2ZsPrUJpLwjZxN2eUf
2021-09-28T18:13:26.990765601Z 361 wAYkpsfUkG0HxZM2AlMcdEusjWo05x7NrIvuBHBJp4ul0hhJzZbPE2Q4DjYU
2021-09-28T18:13:26.994435474Z 362 BKJLym5eeYdgesbap9JxLdYQbHPgUyxfviZ8PEtgtcpcL09l6bIlH1flrBVC
2021-09-28T18:13:27.000867029Z 363 uVk3kCJrNX1MCj9Flr4vXukTMca1KTDexjjL6KvOXo0Bsb30HRcm90uBnzV3
2021-09-28T18:13:27.005442776Z 364 jqzgwmFVtd4CBjCd6TO5jSdWwXBEesBZBKTbo2d6U9zWNWCi9aT4nU3NlOCW
2021-09-28T18:13:27.008467052Z 365 ZnzBclFdHkpztiWkavLX9AvQOIxPBuWBuLIpvU18nXBdqbLrSy5Z42v0zuCh
2021-09-28T18:13:27.015812647Z 366 f37KeTTlrCRnHEcLtaR3vR4B3jxjgR3s3C2QdxgZClvk0RPyKkC3YWkfh63G
2021-09-28T18:13:27.021871313Z 367 eWjLQGfHhkrVzLj9uGkO3mdSRADBiryGomPrYPwZxJxdEUg1HWkAEIIAzpZ0
2021-09-28T18:13:27.023918034Z 368 ge0vIFHjMvzGmSoBovuGbvcyyJqCpsg29ru1eHeqG6m0rw9JcvzT1YBLqj7U
2021-09-28T18:13:27.029934871Z 369 uhn1v8zwz1jnnf8xd1hcdvE4lv7ZcJJ5zl4dzVp1diFTesSuFMSIUOQR1xCR
2021-09-28T18:13:27.034014666Z 370 nKfGrqVPZKWtHS3f71zHYy2AYBigrYkUOLWQpEdiT57b6hSrtRUfCd0nqgQ1
2021-09-28T18:13:27.040945459Z 371 npTtsJmU3XAaVG733j7MGVzmxXxdpjggXdH1nof9z2MATqdLjNnhWxWKduv7
2021-09-28T18:13:27.046710069Z 372 qBFmJCMTOauJy5Q2USmGyukLR1O0rOCrbFkhvnzwQgPGDE4YT7KyZn6v6eQO
2021-09-28T18:13:27.051356405Z 373 2TKg1zC4LQQBNP3q4ODCkRxwG130rH1bzspylLWzJx7fegD3aMAxtSJhoagL
2021-09-28T18:13:27.057513493Z 374 e8lM7KsAIW7UXy4x4IaU6H7KCypyN4Gm2X7j20XatBYXYOKolAxIbyPf9Bfl
2021-09-28T18:13:27.060306326Z 375 uYS78gNBiRKCOa1tjKXddGSRhiA6SDlwIrS6v9CBMPx0iZbjSJfhqhza5O75
2021-09-28T18:13:27.062258847Z 376 3XKodZf3IPv9iH6eNHq2T3d0wP8rWeZEHbALKmTQlvYCbZzQgDnZxAiKGeKs
2021-09-28T18:13:27.069900627Z 377 pj2aaYnOtg4HZFOL29tlyxx7MazMXk6zACiZwirlgryqMivWBdshnVMcaJq9
2021-09-28T18:13:27.072068638Z 378 XB2LWUFLJvB0F8WB39QiFTvALB9cvWYDLHSyFmyu29yU3H0PFgptpbFkrs2U
2021-09-28T18:13:27.081606575Z 379 8JJlajlmdx7A5HydCcPK2sCkkBkNe55xW9B9JrYtnqCurEBAk6KvyDVqHeJ1
2021-09-28T18:13:27.090410861Z 380 vpF1fFVo35aW9ZQwtFyrOWOKlwvufCsQlbTIQNY7jDmq8hcKHkP5uUZKXH6w
2021-09-28T18:13:27.096292707Z 381 Ujbl9XJEZJlpoHC5xZbPVLIPSfKSnnM9Sdwrc7DlZInvVgn1i1u2BVwzNWja
2021-09-28T18:13:27.100947714Z 382 0qJCb5zLCgU4pDvAcLCwhL9oNoeNKgOHwG5pp1o0Kcuo1pktgVntOrPIcqME
2021-09-28T18:13:27.105680841Z 383 Ass6QPXmeGjE6i1c6KHky6VySwr8o86XLyYygfMi81m5dsCYO7krzMoHZxGW
2021-09-28T18:13:27.112427286Z 384 9EhbiMooV54Hlyy86GIw4lKrMDhfazdxIOftFzJwtRol1xsmQLBUGZ4pSN8C
2021-09-28T18:13:27.116942690Z 385 6WeCgfUpailRTCDtUVstWedqogHrlDp671DEcIgS7OYvyW5Zijpv8KsS2vhT
2021-09-28T18:13:27.121713786Z 386 ZPYlNPz0JF9trfCWWiGE0exCjVyZNm64hi5sQnNQJ8bwE5aI7L4oOVjq8lNQ
2021-09-28T18:13:27.123779145Z 387 QWNV8yBK99iBeiCWkUmcOeJwpW8lI9VhbiQ8UfoleNCiP8kjZnqlVfoSAL9N
2021-09-28T18:13:27.126205820Z 388 i2mNQqFi3gawao96jtLdBnLoh2YgCvRRVFP1NCGnd9B7l2k4LBaFt3ZIxwy1
2021-09-28T18:13:27.139107687Z 389 QwlIx6j1tDEUzbFa7gfFgHrjfajf4aZE9mkH4QD597VEYNk9hzqX8HsIDXzB
2021-09-28T18:13:27.144587447Z 390 eDd1SiyaR8yvTkWp90Quc5QOplD3TEdGzJox7Ih1P8JVRXRmY3stX18psRCd
2021-09-28T18:13:27.149004405Z 391 kO1Y4N1jcbfQSkoZ4FoDY3tRKQFb9l0NuCLDFjH8bADz0wI9t20E7HxuvCNa
2021-09-28T18:13:27.153453759Z 392 PfsstWBe0h41c9kpEpISxFa56i6VPJ30ZQj0MR15IlleLTR0shEPXfIWPMSm
2021-09-28T18:13:27.158678662Z 393 GpMQpWAgtbEnwqNaeSgfl8mEWzy6rIIdMSsBHVUjCoGYAFZPBaXCTKPbGwfJ
2021-09-28T18:13:27.164498690Z 394 LlDyHHgThwfLejPQKk8320stCS2xh5AMkzxM7mqIijugn5qvxhYiX944Gump
2021-09-28T18:13:27.169858944Z 395 hjqM1D3JLwZ4GX0gf36I5pdXwrzXGLBudMO0eNMUxeC06QsrIc0nLsPAqlYk
2021-09-28T18:13:27.175190639Z 396 TEgRyZ7y7aXCTiHZ6pXivGQOtrQzo9XYWHN3uhfKirTPt7fqwDvclBoyBjhT
2021-09-28T18:13:27.177284759Z 397 wrU1fpSyOiCkIJIYl6bdcfyRJdFEweYmoYN8TCQx4KcO7dDnc6fa5XuuvneD
2021-09-28T18:13:27.186001309Z 398 VlgzeDZ9n5UYYaw0zDMesZWHdL6nRfifzzXPXkR2iotY9fH53AI9Uly1CPyW
2021-09-28T18:13:27.187835159Z 399 cU3yEhrkp1oM6jMWESk6KGp0s4XM0uw4sSQU7NzSTiyq70gYxQkLQgVhjOhw
2021-09-28T18:13:27.200898932Z 400 TH2llVjPLq2Ue5NcWgAsNasGuSekUIrEqAGHLkjM8k5bkjeB4hCNhUBULaIt
2021-09-28T18:13:27.202744020Z 401 jkmRBPkqdkltQc8s9OOdWWElLokH5H2NmDATGDQaivUq5uFB987MJ3a8wXlZ
2021-09-28T18:13:27.211892180Z 402 PsF0sCBbvZ8jIf2v3KVZKRN74juHMZoGVQnrUUky5civQpp0Ylq1KckQKihM
2021-09-28T18:13:27.219239218Z 403 Ic2rScSn17hglunxu0BYkvPsK36otzXAO0IasxOTe4E9s0e0UJnaE4Bggjf9
2021-09-28T18:13:27.223202933Z 404 cE13ShmGFx4iI4m954e3w0KYfdyKxjlyoXrq3gPYrukgQCcQ3D6kV6M7aPR3
2021-09-28T18:13:27.227185183Z 405 h80TgWwhVvMt6n96Dys1L7l6Q6qCUpA5AhQxPSNmQiuWgRRKnLaWZhsLTZoc
2021-09-28T18:13:27.229567927Z 406 rHdW3cPc2eC3qKOGiL8RWoW882NYRv4v83Z8vKHbmpLrcJK1400PQMP0AZyF
2021-09-28T18:13:27.238240316Z 407 5fqic6yGXibxTRjOX6C3B7mJRjzSWoTDHmB5vf4yw6kVeEy4SDlf4BpMUuMe
2021-09-28T18:13:27.242918001Z 408 ylYJc9IKpALqSjGArMvPA3ib2XfZNb857AnPqTTNFARjD7UiAs6rVjfDjg3M
2021-09-28T18:13:27.247483904Z 409 2jgSw7EoXk0FGFh5Wsywixf6OceWoQcdbnVSEMBfO8RbwAquEWfcMc2PoJHj
2021-09-28T18:13:27.249825268Z 410 0nzXWs9LB02KPg3C4bsWU0yR9oLXZJiMvNKSIi1wQcsCQ9EW6AdGH5FJKGWn
2021-09-28T18:13:27.259027203Z 411 kK7s8fUYxe22g8s016UoE28TutVS235vJLfs3gAJ9XsxVUFqfbIb8iwzJr1s
2021-09-28T18:13:27.263783955Z 412 AGdh4skiFqTPfnNwcsCvTe5fmHPIoDkHRxycxrpAPZi5upYribINQlrl49GU
2021-09-28T18:13:27.271602262Z 413 qxLZ9bHuIFGpSaOU4dhnVt10cdxvwGhXJWvbEW8yuZBqwvL1rX6PltHQnWua
2021-09-28T18:13:27.277710357Z 414 dR04ruaAYMM5M5rPETqUwV3EbUY3D6AOxgmygzdVDsLbRqPdHTwo2JkEYlqD
2021-09-28T18:13:27.280214980Z 415 1CBwPZrx6b5jQBnEJmvFeJY411qEgAVnDi9zXQCKVvBiNKsclF75FYd47BcD
2021-09-28T18:13:27.286385789Z 416 FXUtgBvslZTyeybGWpywMB0W9OuITxauGKc2TuGNlrvRYLg9Nji7DxxrU8KS
2021-09-28T18:13:27.288813684Z 417 ZVkXyfFP1A45bIY9Q4Gmszcr02QxnB3o9HlnqHUEDZsNXOX281cLMauheVY5
2021-09-28T18:13:27.296942536Z 418 OJrB0b5iiWNKiQtauBNHk6uSauFuip21KX4PkeYKHE4NYfurYCBDG5byTagu
2021-09-28T18:13:27.300791208Z 419 uVoPd1MhlBtCqh4ZidMKWDMNomwn7lpV62Tj6Zb4PkKY88hId34Ost5w2Bol
2021-09-28T18:13:27.304763411Z 420 S5aGS8ueIEC74MkSl2UesQYz1nrBzHNlRyJElmCiJPiJhcIg4vE3E7bznX4T
2021-09-28T18:13:27.309212766Z 421 hBApLiDr412lRQmXRCzU525L4He0SHK7mL5pb7Uav1gIS2VIDD2bKStBlit2
2021-09-28T18:13:27.315813318Z 422 8RGWUs5ubjgX5JO2l9ot0BsaUW9im9vbQm4QvZyGMRIVnxB3RrMU90DKh0y2
2021-09-28T18:13:27.322120093Z 423 qPCwQ3P1TzoNGz0xILax9yI6o8aD5Ty2liO19pjvhZl27HMvSDm0HWTdvN5y
2021-09-28T18:13:27.324663865Z 424 yQXLt4dlhRuxsUdryb2FMwtRsEL7nafMrj1LmV3FCIgeZnA4bPiXkAhChtY2
2021-09-28T18:13:27.331173862Z 425 SuhRwp1Qm6e1gxPyMawBJwciZZTQqxEIqsoH1a06zkxWZuzTOtysUsgpNFHp
2021-09-28T18:13:27.335187266Z 426 MPdAgMQirWPKgEwKSUL3xWpTmTWdQwmuTq9WaXM2OKmQdtesC8vsJYEeVJnS
2021-09-28T18:13:27.340369625Z 427 MuykFXupg39ZW5qg7eGTTpng90J2L6ooOLxqRA8aYmhmv2QnG8mcSDywXIv6
2021-09-28T18:13:27.343080309Z 428 8dLFbA4pl9aTKbHoDCHadQA5Iz4mUpUR4phZvqTBKqw94qWtNCS4LJViErKP
2021-09-28T18:13:27.348335699Z 429 YpuqMxWIBRPPhCj76ZxV7U6ozNZ8USeHSRfTy3QutvoB7BwtJK27qVgVYZjZ
2021-09-28T18:13:27.349942958Z 430 H1uB9yGYDIeEXZlchE0oV17K8QDoNLEAJkuMLNtSc5iN1KmvsfJSTDuGkIbX
2021-09-28T18:13:27.361783596Z 431 TSRrfy9eyuE8TOSvic0PBoHX5uO3L201Hp0CtzhpJeQrpagIcmJbcA9Cg9Lt
2021-09-28T18:13:27.368592042Z 432 lbGj0kbBpHJ7PnBctORHiw0Sqn8rOie6yZReaZqKs9SJgsBaB911yLB9Zeaq
2021-09-28T18:13:27.374660368Z 433 XRYMQTtRftjL0IBy3Ta8j542UUiAytQQpeOe8ymhv6oo9topl7GgljE92d2Q
2021-09-28T18:13:27.377269107Z 434 zcDKPeopNi4ml4mjefrSAZfvbAQpisl46L6isLi0cEsCUyLCMDpnMzPmWmO0
2021-09-28T18:13:27.386543246Z 435 hfdpiC5hsZZeTM8p2e7KV6wD18IlM31oBavY9j8Phg1HOUSnZenQNtBFZ1AH
2021-09-28T18:13:27.391901304Z 436 DOA7Py0eQ4sKtmkQwfRrTnujf4w1oZUrwJTN8fIFzI5c4cv9AdOYxBG2GJ2a
2021-09-28T18:13:27.396636381Z 437 pDUIbVg3xUCvuo70190V6vNFYQpFy49XyqIhHBz9zgIDhgpcpHLymLpLNe5c
2021-09-28T18:13:27.398776285Z 438 zUukZVmsmIMPrqlJkBZ3WuRI9lCqCfs6EnvPypifDYYURl92pPga2NQKWJOd
2021-09-28T18:13:27.400921617Z 439 LJ3LvB93anDIaqcKdzr9dRTSys3ehx9rDIT7ua9Jvit0mSpzpilcJl2W2arQ
2021-09-28T18:13:27.409194355Z 440 s5lPzHXd7jrYYPNXuMe25MQMCAWIwjm2ejl8NbDRUSvVtzKXJLAwYfyMBq7d
2021-09-28T18:13:27.411296260Z 441 hhPdQbC11gD6vDbOcrfnJApPfv0AkNFlx8z9JKEWkbF6N5VqxmU9UE5g1Qmh
2021-09-28T18:13:27.423744502Z 442 eKYO3IC398na49We5qp7TzVomvzwVrgcLeXALEUUKtmkTbzzsudCYAASU9uS
2021-09-28T18:13:27.426550948Z 443 IpVO08Klz9kwJ2RaPWUSgmVWur0HPYJ6UNlZh6l2RHMLics7mkgmPHWhCP4V
2021-09-28T18:13:27.433297852Z 444 4o9f65VqFbHwgsOh7bApc5olSLYcWeJIPkOdeSxqRC32MaxYzDfJ0fxPgtBt
2021-09-28T18:13:27.437199190Z 445 cJ2rIUiv5PKyo2mJalum8rwEdPihLLo4kPW2lX7UebQED2GwgrZ4rYWPMHrw
2021-09-28T18:13:27.442358415Z 446 Owae273TuqBST20l2IZajksLZCzE2z3nc1BH0mKDPYMfuErmAZwGUJJRgBUK
2021-09-28T18:13:27.449088667Z 447 FC7qyLc7E5a6y79n5yQJlA9y2bOrQl2YfgglyjlcLr80qQCtHrGvTyTZ3nr9
2021-09-28T18:13:27.455349396Z 448 RB29BjQ16L77JOL9Qef3YG4a9uDZi1tY3cEClyYlxq5MXv7zTqbUGzwQxp7C
2021-09-28T18:13:27.460597527Z 449 P0zJTnzNi4fDX3jz1F16sLAzj3GNdeEUK0TPwgNe4AxFI51ftdnhyqlECHvQ
2021-09-28T18:13:27.464787029Z 450 bp5rAKMx8YUHw4hrvrBxskzmkZJwZoeAYdVB5oPl3mxFABBU8aYhbdqbrivG
2021-09-28T18:13:27.469631865Z 451 c4KMvBhrhXY25qya0QCqucw1VUPbLiCEzEqXBV6VpWDNPs9a97rvjg0jgeoj
2021-09-28T18:13:27.474791068Z 452 LJq5qCamAzQBB116ttz5ueUecVONSrgJi7fvZXOFRKQqPsWNdANm1svfG8Q0
2021-09-28T18:13:27.482600213Z 453 aTFFMer6rDeFhxef4NGnl4CT2FJc03W42CMbNGrwYoJ0xCY3CNXGOKne1ROD
2021-09-28T18:13:27.487566698Z 454 LuC2vGQOyoJRT3uTSeOcOEKMZ9CtgYmRdspNYdARsL4NuKSnHc4kuTKhbWjq
2021-09-28T18:13:27.492526797Z 455 CAMkQgcUdCU33tlLbHMqO6WLzaeAt3ZYmFwOfhJjSp8uRQYmFnPmfBzcpNv2
2021-09-28T18:13:27.498093861Z 456 lNbDcBVY3EMjG29qedUoti5B32V72Gt1HRsMVWOieUS5DebUWUBIXmbOCGfp
2021-09-28T18:13:27.502972677Z 457 E0Nluy04HwcQtEEaFhfGDbbrogPaAqeGD1FgdR0YrCYEmMPTTH6XXBarXyiI
2021-09-28T18:13:27.508358571Z 458 w6A2PBH2BRseZlhY00WZmh3DzgGHnu7mlQnRXLkQZ9FTwfImZXIv9YTP2Ff3
2021-09-28T18:13:27.511584434Z 459 qKGoNxdWBUILGFgQmIn8OdOm5kkUI400CiXBRj973ePJSB0vChh5i5TGp4nn
2021-09-28T18:13:27.517410405Z 460 mAB1CBY5wj1399aSQRHBdbJOLd1lrFDgH3FZyyvMei0MlcBoFIixnOZ5tzHa
2021-09-28T18:13:27.525964841Z 461 fijHk77x5PmrU2UcR1q3zdQAquHtCqTWU3oFZdy9QXN54KaJE7FJDEEbXMmv
2021-09-28T18:13:27.531397288Z 462 Bwq2u6GObBO84wPB5aPrUhK4lt6TNfpzgNzxsaduzfQ36x9Jd8r4hoDn7Z8q
2021-09-28T18:13:27.534675313Z 463 4qDwqSh5825hEUhgxdN6vfhqSgltBEiPOVcZKQ5dcUX3JHuJCgU26yF134sU
2021-09-28T18:13:27.540845113Z 464 2ri0iYaQvNE3JYHCtqvsLIDrDGinhq5HZYCZepYo98YwAru1vZ8aZew5i9CN
2021-09-28T18:13:27.543698222Z 465 4K6ngmwzaaYRnEMH8kKxzqSMxv8UK70PnKTDF0CTzOS5UtDAAYEacs8aNF3m
2021-09-28T18:13:27.554643654Z 466 Pi9Ds2ecwmXFfOUdOwlMP9teUmy62Dcej3pNwGTKyTtVaQGhPgt8wirhIXy4
2021-09-28T18:13:27.562721049Z 467 iXbgtipLOVscNow8ihCzikDCUHbbrigRn5ffZet9ZNuqgoEblK0GPjfwWHvB
2021-09-28T18:13:27.568557649Z 468 2HCDdaz9dq76DLvpkg8wEVoPjKfF60uF169eUL9t8OpRTfory1O4QLSwN2Rv
2021-09-28T18:13:27.571779519Z 469 RUDyhkTT1rNAUUca7KnXcX6yZ5v9cVwJaxQii38PRUprO3uowIt9xiUPusvV
2021-09-28T18:13:27.573752036Z 470 2u4RBEYvk7L97XS4zlTZa36lmKa3Vi5Txr1wpjfn1cbKf25hr6VX5mKdWwSp
2021-09-28T18:13:27.581465281Z 471 OEWIZDhhBY0Jv48OGUMtA1kszVeEdZKvxZTN45EcbVXiuAZNM9pBLXt5XaBh
2021-09-28T18:13:27.590589517Z 472 FdxqOMmG0PzGJCKX3eRyhLx6bLWtYIpzs0kFTCoDqwK6AC7XEtVWC6nrjbLO
2021-09-28T18:13:27.596105403Z 473 1bxTYp6ZMzF9REEiRiiBvv7TubbxiouRdCuwiCcXL27wj7hHGbAcfkMpQa0i
2021-09-28T18:13:27.602490575Z 474 49bp08BJGXutSZezoztkpFsjfzMUXKxZbEdPZOkbzb5mqv80Hru8pLwRup9h
2021-09-28T18:13:27.607276060Z 475 vn0SS4kLGQmyvDIXahO2vOe3r2oYwuGDlo0KWY2u0oEBER4USfbUQPgLpmUW
2021-09-28T18:13:27.609646414Z 476 Zy4AYm5nvz1WR5uyD22FxntdTpFfN5Yqw3qUp06OG1nzxTV5bBVLZ4yEr1Hw
2021-09-28T18:13:27.619042096Z 477 452P4WveL6108uMP4UYMkZ0SLsT9zWxMjBV6yl9GvH5PCnHfTbtPnXA9b5SB
2021-09-28T18:13:27.623147380Z 478 XRODg4u2NB9LQCApgtDGy7KBV5IAfExitnh6PduQZYh033MjiEBGVmPlCLw0
2021-09-28T18:13:27.625102472Z 479 3JyNDIbbw4x7ycqSXNOXjYf1QBlOQ5tNwL7cpTJQ1wf5z3AM2ai2KGlFLxoe
2021-09-28T18:13:27.633704435Z 480 vkq1O7i211xOtHWmaC3PsMzE0EGaTb95BPb0ZArMMCMeNqCZfWkUgHppVLwl
2021-09-28T18:13:27.639028095Z 481 6jW0buWnGF5llNPmNlwUPleGRyrYXbFqR7xAAu4QOgJOzjJJOBTNT0sAo98H
2021-09-28T18:13:27.641261853Z 482 fh2czhB2m3hX9j3FhT9VkX62h2BDfQxQ7f8rOpRBhL7cjNCzdUU8ppptuYqx
2021-09-28T18:13:27.648909093Z 483 eL743fFlbmJAeEOSRDIzgL8JsJhwUgqGPYFwqOOtFPGscH7LVNT4qctN3cLt
2021-09-28T18:13:27.653647620Z 484 ebizhesBIxJIUcb6OfftJBjspSDXaDrAsFsGd7De5gtciDQu2uo4Jkl4Qy9k
2021-09-28T18:13:27.655790684Z 485 9x6lZmxPG61GidalsZ1G5t9YO9MC9NrJJiyrE6d6eVMTUJkqjVAKT9QV7K8I
2021-09-28T18:13:27.657642508Z 486 YAAnOrjSlQwrPScre8ezkeJYKsjJwyEVNJJJt91eG2Etf2Fma8HcbiuAFpHY
2021-09-28T18:13:27.669004849Z 487 OdCCg0EAtrcdYfXIiLpFDCAqM1DRVEhFp0V8BhNoIhzP6kmzTAoThpCKFJF4
2021-09-28T18:13:27.674142982Z 488 02A86QTp6I1oV352zYVRfCP3INvyH1U8F2SNxcZYFgVso1RMdY0Jsw0xmZJF
2021-09-28T18:13:27.678307772Z 489 wPwNzqeppRgp3O4g5a18wDmtDQMBk7waFd0rq4utOHr48aMb1oHJ5nZ4v4cx
2021-09-28T18:13:27.684727410Z 490 JHxmFDLZOMAiBv1YXn2KXzALSueCZNOzekaabLJY5EnemwgyASfP1DnPmbbQ
2021-09-28T18:13:27.691786405Z 491 irwZXtYUOXLlbDCy0243ZmHiqSYL56pzUjhwfiXupHbcQSjr4wbEMwC47S57
2021-09-28T18:13:27.696800642Z 492 YtDX0XEuCBXVKw1ul6s4KlON0iHslPOUobQHdLWBEgiP62iFLWcdPisXKxu7
2021-09-28T18:13:27.702202724Z 493 5tOcS7TkMGEPXfEWcxVg7yHIK68fucltxR1IU0P85BpSE7bhXy9pvRvdjbtb
2021-09-28T18:13:27.707627287Z 494 qp9Z5IG5oqcEk2HdaTzukFl7sorT5fLimqHl7MfFfrlc7BgURFs8LPimYOF9
2021-09-28T18:13:27.714549392Z 495 o8oGh3Z1Mg8pCQR8r4BIob1ES75HVptr42Ts0sBvocov46SRUpq03Kn8kOlk
2021-09-28T18:13:27.718743351Z 496 3Jtvd8FK7AzzOyCFCgiSpuSVC1MUkNvaz6Vl31DGSICcWVw7cScgjpigPJia
2021-09-28T18:13:27.724868319Z 497 g9S70CTYj5CCuGjRcggH8DotriMiiJrfWpmn6McHijbNNjmJY4KwBMIqnpuG
2021-09-28T18:13:27.731249835Z 498 vE5yJ7LqKOTWehkvM6F963M5zMfFkVLE95tbpTEfLIEHQKoyoQSJynXwk2Pw
2021-09-28T18:13:27.737454501Z 499 vcJ2sIZjGdZUEi50cHIKPumu0dvzAnOIexnVaygFlxnCSEyuWGe63uorxzmY
2021-09-28T18:13:27.742910739Z 500 vQblZK7T9ZZ4GbDqaXv8ybfcvuUS27xOH5uPZprjfSGYk8vAO1wFHzjDfeDn
2021-09-28T18:13:27.748289677Z 501 Qks1DQgCdLxRx3ruVpWA12HrFAPUtIcLcXIEwK0VKzxb9U9gN0xBFIeDSg97
2021-09-28T18:13:27.752272585Z 502 2ckr9RXcZzlkoZCIjXW8XCwB3rMsVMc31yT11XwNZztQOe0wA8Z6P6mmw8do
2021-09-28T18:13:27.758747122Z 503 mH5HlqmWAUPVgjkpYf88D7UHUTTtxS3IF662jXv5BIcgNnoLE0SVZppL8fmW
2021-09-28T18:13:27.764235138Z 504 fCaojMSYALhIUGVOpXJULfGW15lUNTnRtnbiAsTEPizrnwg1TsQzVY3jCnfq
2021-09-28T18:13:27.769309799Z 505 vHqjCYhsxy2lCX4ITZd8q6BVSuV2AGMk5gMUOHxUQk9ZsnocqSLAmdb7Mdjr
2021-09-28T18:13:27.775229889Z 506 GEnrzcQL5NBK5qGiUIKRjymne448gnND0VdRYiXC3FWjOQUBAAzjI3tlvH4A
2021-09-28T18:13:27.778196103Z 507 JlMVJUPYMi1DWfmKjFogXwFa7ZEJizUTwTcUgnNfuFGsqglHi4yso6s8aM8Q
2021-09-28T18:13:27.780118362Z 508 2J2ul5fb7QIqB1vJtbZZphNZcqaHBQotEqTbrMRKqmYHZQk7hZuq5HO7emkN
2021-09-28T18:13:27.792595566Z 509 oyxYiUHvQu1pvAmHY1V2SjPwS9TDwurQdJ2Ue3g7uYfDxqrsreMR4vDrdUXa
2021-09-28T18:13:27.797741255Z 510 MSL8aEZWBoAKc14g5wFNUkKC3IsG4FowSy5FT52wRdWUpJTx9Y0cR3HDF4jJ
2021-09-28T18:13:27.805818576Z 511 9QzyiwDwHKGDFTWD3K5cMRBOYzzlKpTzHDhPMstaVLcZ1s0llEVBliOjkwoY
2021-09-28T18:13:27.808444627Z 512 B92rNemiu3AtTgK0wl8fPgxci1OesTWA2f6VfsKIbfqzRM9EFspjjJSb1VoD
2021-09-28T18:13:27.818067085Z 513 9vTNSQsp6wo3qSNcusQ2XNv3IWYMu7e9n8OkWzpu0Fg7bfyRD0uYagSG3W9f
2021-09-28T18:13:27.823942467Z 514 V3Fd3F0Vg8paqZ43Ycf3MK8pq318EbqN39IbZ4v4Qj04rNiPQyur1hljbSND
2021-09-28T18:13:27.826145715Z 515 AA5scZEUwDTbAJIPJ2QxRSJvBrzFb2rhPtDbtwEzKRr2cXIHzOKBVnnz55MW
2021-09-28T18:13:27.832698490Z 516 RIYtJM1QrNtgYqUCdnfcvooKTW7uhEmhzJCQZtkcysmcuLdZlGoG9tZygVmN
2021-09-28T18:13:27.840082141Z 517 v2ZChBUBJ7h3SAutIGRtSEKm3xZmQXI2LzY4ZvmG9xZh2DZ4nAfUkKCGrXtw
2021-09-28T18:13:27.843903039Z 518 tz3ofEIwgatT5kHFkWrbwVGXxXiia88hc2iHEIFwfFVMiHHQcvCpJZAkYWzq
2021-09-28T18:13:27.846033609Z 519 NxPAMaJcqJpmxmM2leCBCptJHVgZuoraPiYo5BlLEcHqSqO836XhAr33vqf7
2021-09-28T18:13:27.853021242Z 520 OYLdjYYJw9PqBMGMiX4ENXwsF6B7vPtfO8PL458p0zKGkrt7n9zJwarZbgB1
2021-09-28T18:13:27.862280041Z 521 QUu9G7OTZtDzM7L6ad9vN4K8wdV6drJ84VHqT6IAm1dkQfPhWEuyDf39kjPu
2021-09-28T18:13:27.867102078Z 522 eM3660piOR6GT7mMzazP2rpJq5F9QT28qNbdND6JNwXo6CAQpwfOElnr7HsU
2021-09-28T18:13:27.874976151Z 523 ipTbOoPnvQRJttPEMMcGCsEKjKqJetieHgOgweSJSN4FCwLt6EwXGISFZuVy
2021-09-28T18:13:27.881058620Z 524 jKuiX2ddFow9xu9FY1XKRLG9nRlNAvwYo2bKDeZAIWr8cWJ6vo4G5WgBzSTi
2021-09-28T18:13:27.883355064Z 525 TsnC4y9sEPKXa4Q7EBI15lPMNnpFjqqw1g2u7NnYnSm17U3KjtBqbRVy25NG
2021-09-28T18:13:27.890765584Z 526 U4cu5fBjIklY2tKuGgKNGpfSlDhIvuvd5CqNloR30CAEh07HBat0LiYJrpzq
2021-09-28T18:13:27.897392056Z 527 mqsnXxBbR7UyjPgTvv4MJk8BZjbwgVR8LeQArYiSeIYEqLePHnndZRDJAWV1
2021-09-28T18:13:27.902629331Z 528 k6KIDbEZ4y3ftNFtuLzNwD70rSD4JFniF4yvblCxejscrnXKTE0fJxOtqeF7
2021-09-28T18:13:27.909974892Z 529 dPPptzPsrwPbsKaiy69nsz0JHw18fTYdfEDqhz7YNxdM6jkCdA8oYo2XqGIL
2021-09-28T18:13:27.915304560Z 530 6LjmCBfX1pu6ZqBGSXQvmautGn1G7nRlFMexSJ1QtqqfkNbORLR6UcqS4yHc
2021-09-28T18:13:27.921499821Z 531 rXrPClK1AgRBbrRtYJZBSqbAxHQk2bFuIZNAtUP53B99psJDGMrXsCTUJx7C
2021-09-28T18:13:27.927098027Z 532 NF9KewK9kvmCahqtqfJMCtqTCHESJf6ECBqzRF4IHuVi0i42m4c82o0YPpIw
2021-09-28T18:13:27.928771813Z 533 vEbxrX4JVUy21Mkv74tVfQ7EXMpYNEo6jGZro5xqEnGNORBkLx8KcDaMOK5h
2021-09-28T18:13:27.937233646Z 534 DLvSZduGWZtRty4QWcTe3WSBDGh0EojrJOx2E30ljtcYmxypWMYkwcmEL61a
2021-09-28T18:13:27.943045020Z 535 sYbW5DEpZibUXU9Cqvpa33Z3kDe6xmpkQkmqFLE3BQzBDuTV0XH9HhdxUuc8
2021-09-28T18:13:27.947381743Z 536 z8C6LyvGNULJRXb2woucNhcpNOodo8bsDF6HGscxHUhqE90GESZeyBrIqErp
2021-09-28T18:13:27.954503508Z 537 wAyjaWrqdwQMpIKkcskXmUpMG3yGRNAMvCXYYNH5r64HZp0JRKxzu0aQBDvK
2021-09-28T18:13:27.959615717Z 538 spIDU5pXS1RneU4cSyXHOgI76XfkwOc79XGlIxREw9X1VFZAD9MCw2MvCgP5
2021-09-28T18:13:27.964754568Z 539 9w3YpWofkFsObCy1Yre8Q9drY70xPkaFdxP2DtF2YvbPvb6lTIZUQ4PauU0Y
2021-09-28T18:13:27.969652213Z 540 w8FSLBLzaFVj6G0r3y4ZrHXnZrNGp1x1EQJ21CxapzW8znFnGT9c7UoU8S3r
2021-09-28T18:13:27.971763965Z 541 44A2MxQMRX5YgKSoOriIonN41nNRwvN9yPfMpr55a2UR8WP2bDznd6HYbd6y
2021-09-28T18:13:27.983842652Z 542 hmUYJFq981F9GWYXHL2jM9wg1Zdh1FgJk0b8luVCdt8jKYFZPQHcUBL2fKbe
2021-09-28T18:13:27.991449179Z 543 VxiQ9yX8thmFr11Nb5FcBYIKHw5cadMaN7hw0Xf3ahGR2MMp98lwylcDCjoA
2021-09-28T18:13:27.993609482Z 544 CoDi1L9zgnsKQMhWfNYWlFpwXVy86hbjOPQY2t0a95xanbvIQNjCyBHZTXRT
2021-09-28T18:13:27.998425168Z 545 33dqzlxW9mlujoJd5oaUh5zBuAobSZvoQVcgIhiG1jyrZwQ42yFqbF2dSe9B
2021-09-28T18:13:28.005431973Z 546 vnHzm28u5qULpRTqY51ZTOleNzngJocZxUigGkFagYVABgKk3Go3RoX8P3l2
2021-09-28T18:13:28.010658913Z 547 YdfPpmTR4p2h2DutoLYjVgQLdQdw2o3A97TYuxKTzmQ9H1w9CXvWXCHvYvrg
2021-09-28T18:13:28.014867604Z 548 iaJ1NJpbLiCkPJcJBSTjH3FZ0kHewo0ilkd5disllAjZqvmqNjXRUTzNdkgq
2021-09-28T18:13:28.019476882Z 549 3v0Tn42vZe8L5idG6ZALBSyKqEerX1WRxWdfU2HFBrnW1ZKCEaeac8lOo0SD
2021-09-28T18:13:28.021857864Z 550 74p2AxrwYxOmMQWnbmxGLWZyCo3TlH1Gua8aX0OwTcTBN3yAo5MCzEu4pZm3
2021-09-28T18:13:28.026015937Z 551 s5lQkEGZ2vh3X4KHg780pWxi15oMdKzVORfhFmt25q6uv9RVgrY8AOK9g2lZ
2021-09-28T18:13:28.033253936Z 552 dH4nk4wtYn7AsIzjo8ekyoyRVhmCzDyV6hN8kxCCuR61kUELMM72HPGqWxEZ
2021-09-28T18:13:28.038921799Z 553 F3ofZ5EWPrVzr6nkOTPRN6tcn3nSFe8mEC9D9KDSuTBrWbOUwVJPK7n6XuEB
2021-09-28T18:13:28.045030729Z 554 dckAdVJu3Z4K55JHSl0f2Dn8whrk6RpyIJRmrKwHGI9v0BZUH1njfyuwVUAv
2021-09-28T18:13:28.050473765Z 555 dQ99mSmezmWXTBLyFBqWFkntojVlyzfSmGhw85uISM9P4m98pcC1vKKDLTA8
2021-09-28T18:13:28.056487839Z 556 QtNzqyBFO5r90cUebVosAZhrxgSZ0M2bI88COrHLdyE8bDCOO5ytrOoRvlLf
2021-09-28T18:13:28.059394119Z 557 5Bdd4CTXz72yiySKqs51ewqJebnwTQVJdHAydkLKvzCSbPQ0TF6Wtio0FH2L
2021-09-28T18:13:28.062785816Z 558 Gvns8IzslYvbRp90Pab2nvmHb5dm1sOmJWEMBArHAoiZt904FXo7HeIEoAPg
2021-09-28T18:13:28.071001027Z 559 ChBzNGIHaZhyOSGiAuJsk72oq9Rf9f3TvGhrvLBAEPuK6irCr9Jod2DKaIs8
2021-09-28T18:13:28.079471496Z 560 oSXyORkFiOxsr3yJvLctcp4i7qUwSg7qynsP5c4Vi60AmvxNJPfb3gIVi7ro
2021-09-28T18:13:28.085613818Z 561 nV9kygrN2XPku9RIsrfZ62GknlNOJGWr10ituwx5uSoLzaCvQuLqgEFH0JRy
2021-09-28T18:13:28.088864650Z 562 Mst0KJHv2UrnuABIctGPcYua1NKdWCqWxOWrBS5ic90rUnXcYtWyaATyMc43
2021-09-28T18:13:28.095256190Z 563 o523gAA5VoIMc1273bWywAKlQuwwQL8ubOugLNalroK962MADRWILpfwcdBq
2021-09-28T18:13:28.100685366Z 564 bNtCq71Yqs3dsOFg9lTAtsPTuH7KawQXs9nwoUoRf8ozCJIe9IIYH5xbJbnw
2021-09-28T18:13:28.103241777Z 565 PE19JN5Z1Eo22Sup9CFdHGFToyT9w0QotBZGQkqmDfdOmkhxs7iClpq4Rg3Z
2021-09-28T18:13:28.112089065Z 566 mLu74rvFmlcwlv5zpmJySoTTuSGojH1dfBwpOYP1wvTQmYISFlHH7UvpJWgo
2021-09-28T18:13:28.116935623Z 567 pmKzDMrvWh4nEqH47oIWlIJeeLOw3NjaulzwbhbmrkXLmxAh9Ot64jPhTJpL
2021-09-28T18:13:28.121920996Z 568 2LJHOkzV14sQH4A4fo8LdX2H8iaI60KsBzWxgH3LnuRVqchadlmjKD9QgEkE
2021-09-28T18:13:28.127313791Z 569 Szmdq7ENYvm3veSbUvhIYmuQRDFLm3wca3R0Kq5gK8KezwVa13wJzGcXGyhe
2021-09-28T18:13:28.131688535Z 570 F0ZX51QTtVpbNzjIlYSUY6RzmYqQOSpslTqIfMIs2X9m7tmBNjJmN3QpyOTR
2021-09-28T18:13:28.133934258Z 571 zVUYbPGBrg6IJQCc0R9A7smbJ1A7M21vPvIqMWveDimbMddAJdFtvVuZESAw
2021-09-28T18:13:28.142285127Z 572 mOshYHXsGK4DgXlEETj9PWITMzQ0hhgaYJbM1frTyZEg9UXAE4IOoUtgTS3k
2021-09-28T18:13:28.143730262Z 573 rbRUJudibkHhdRLqbPSkmseXZCUySMrq5MNidoUeee06BghWkvvc63jWRH4o
2021-09-28T18:13:28.153428045Z 574 H5pPD7tyHI1ZjgIe5aVTewExTxZbiffBG6PAaqocKz52ZwITlaYNRv1ZDXx0
2021-09-28T18:13:28.158744948Z 575 Gm7rr2ZFJFE8XVZFftoAXJLh4FFp82ZS1bpGkLegTUA5TIYDDgrNYkjq1Io5
2021-09-28T18:13:28.164967319Z 576 wK8sx32BroKAWG7HavFGo253L1CMv7kuQ852kFyQH0rAxKc921DGrvI2YFkQ
2021-09-28T18:13:28.168931004Z 577 s58RaKmmd5gTuLCTWsa158ROuMpTPtPxqvcvb8azi3npvXv1YUnnUsNmtA1l
2021-09-28T18:13:28.171417639Z 578 RDGWBxb0hSaTYIZ5VJMO1IUGMzWE2p9jTDj3M658STMJuExecHzBdO6np3Ct
2021-09-28T18:13:28.176090365Z 579 HVTJ6zvUhYvocYJXEbxm20wWkDUOlLqqShqR1tNpWxNr321OYrJxritfxOAg
2021-09-28T18:13:28.183612073Z 580 HwRs43CVhbQ29UZkxgd3c4T1TsUit1FUXFycKVe47nYvn4y2Q0K51ZpVAS4w
2021-09-28T18:13:28.188580539Z 581 crYvV2oTBk2HU0MAJGCO5citCvQ6HK44J8Q7YmFYjO6aoiSQGBRPuyrWO7HO
2021-09-28T18:13:28.192395290Z 582 8iWLVTy2XURUDijAVqQnuPQClVDDPRCMD0exOPbrpnr6jKYTbR16hERIAUtu
2021-09-28T18:13:28.198393543Z 583 3zVLSJ7OsA9vHhKfS2lJg6TIonsjcQh5hkxcLZZUdRL5Ew1UI2jKrB3uXZm3
2021-09-28T18:13:28.200836470Z 584 h5jelqXssIYnfYNNAeh2rxI2QWvQXrFStIb76izRG8CDQVeT9R1wyOjHpjKP
2021-09-28T18:13:28.202716471Z 585 7X92BJeGgj8bYmrMxT2Vc8QzbwTuiYYBJalU0kkaFF3C7WdIKlzLGLnjiHfo
2021-09-28T18:13:28.204885792Z 586 4h8E65t7nPv39ytRZAvQYhfIOph0y6ueiBWYBKvOmjspxfmyfGdq5QWri6Fb
2021-09-28T18:13:28.216458034Z 587 1f7hp12p8nauhzfhlNHl4c5tINZgQlTp0Bk7yKFZmYgwg9XVGLQiqqFbMQLM
2021-09-28T18:13:28.222397530Z 588 2NVP19cV0ROPgyrbUq0TriK1KclWaIGH0bBwCxxMnogek95A0nxnGrWZXmjK
2021-09-28T18:13:28.225697157Z 589 0tdjncHxSmfjFhdsYwYkcAycvQuyOLZbIkJ1I7Kkdv2k0tHDR9s67h2VgPhY
2021-09-28T18:13:28.231728085Z 590 y72AMbkeqhKkQF46cnywUYkVArKiUNoZNKP3QmazDVoGgjbJNckXhOqCtgXX
2021-09-28T18:13:28.236405019Z 591 yM262OuqmVIvdx8jN2l863V5mojYuHnCESmqvqsqqZ0KQ2Tn0SexL4Rzhyt1
2021-09-28T18:13:28.238493290Z 592 OgITf9vpf2dSIeK7UQOihloUUlfJsw8tGONtbyXvvfuVglOQ0GzVig0KZ6LV
2021-09-28T18:13:28.246243754Z 593 dB9oERl9GPYhKvMqYYYOAEyrvPyFoOVeI59Ylg8KZH6jL4MOAUwHyvf3d76E
2021-09-28T18:13:28.252430505Z 594 R5u6bNB8QU6U5EChQqxROKXt3ycz4cma2DEoeC4ZhFkTyDPPoHWMABle6ozv
2021-09-28T18:13:28.258158649Z 595 ohyRAUltpa5kjP2nss0RP0yYH4jfR1bH900QvMNXgLT5gUgwy79pDp6uCd9n
2021-09-28T18:13:28.260439314Z 596 8UKa2HaJZFObKfDoguU5zgkK4LBXLFbBTU2EmTPpFJjdzhOTuOZ4Pv1WojXn
2021-09-28T18:13:28.266060330Z 597 2Tpus7WzgbqY7wvyU4yW0UAUXqDA5GSFprid3TUijZPYAP6WJAr8GeKqd3em
2021-09-28T18:13:28.271079094Z 598 L0IRNg7cJEVdJPv0Ah68Xjl9P2HKYTp7rGTsgizdUJORm5XlmlwZVwM5EA1G
2021-09-28T18:13:28.277047737Z 599 UKZEjTjPlihLsH0SluUgrvgWoEcAkeKH4PNU8hpxfSbXMTxEtd56wMaOQhHE
2021-09-28T18:13:28.281663613Z 600 eRFxaYFjxFCxUmzqqPxWBZr7ujs2y8xqUQzhk1TuRt3b8UCAI81766892BSw
2021-09-28T18:13:28.287761887Z 601 0ivvPpDDUTFMfPeQmWaTC2zAzxTrxOd1aEU9tWnhmt2pLbsENJC6qS6Xa5gH
2021-09-28T18:13:28.294136539Z 602 KGaIMWqDSr4chblDRNAwxjY8tKZ3HJFqcbSI82QaWcSqjAo0uYIS2cQxrbh2
2021-09-28T18:13:28.299038284Z 603 oaYJ9YJ6XoaOrz5JWepUfvHQn4ae4bzWnOW8whwDXNOD5c8ZEIoCWPrZ6vOh
2021-09-28T18:13:28.301315911Z 604 ikNvdqhbZikb1yTy1Xe2AVTd4eyCO0gLkwBVQN9divL9bDNK5aV6RhplDZ2K
2021-09-28T18:13:28.308170507Z 605 fO9g0vtXih3F7dwUHma4q9pJRv5B1JxigU1AewynzaXQSnG8TtVewagbiK1r
2021-09-28T18:13:28.313689075Z 606 SushaMCipZ1ckJbgvbHOKFkisLJwol7iFJOo0RecOyuQUjj4CCLjTSp0JT2M
2021-09-28T18:13:28.316135157Z 607 KAarhJGSJoMIMbQewVTyhC4u0fjdCYM3a0tbCRM069EzoDqtT7i0mWOEUoaZ
2021-09-28T18:13:28.323847012Z 608 mW1BQJ7g3nRnZGfl3PQKHefuawgD0i8b644EWeKnMDTthoYboZ8xu2QxhRBw
2021-09-28T18:13:28.327703714Z 609 dH71zFyHKPY1tTve9ko2TU0fAdq5yDidZrsGxCAUFomP6unKpLB3KQShT9AK
2021-09-28T18:13:28.333930392Z 610 eO5Sau7Lbg6K54t2sK2ztiANItVKkMlkINXotwEDxuFtmouoJDfVkmYEPfHo
2021-09-28T18:13:28.337771206Z 611 gpLVogAQNxtO3gl259zXpphy3pSW1gWblHNuG9AITNXmw0PA41u1mZBG5bQa
2021-09-28T18:13:28.345235247Z 612 Qw9lyFfJtLMPVrOYPpxDeqNeTbE8t3WEAMyL17cRU1qaL6z8pXcokkH5lwUY
2021-09-28T18:13:28.346698592Z 613 IQdafZ0rFsyuL9eoMaJK4OnXHo0aFzVuRKOaATYYaTsZ7KCx6e2cEUI8U1PR
2021-09-28T18:13:28.355072501Z 614 PcawwSsgrpA34JUDWHKHlVa0kZQAac6j3plZMMDbCJXEsqlhPR4wyx66ZV1D
2021-09-28T18:13:28.360063131Z 615 L0oSGKUyJ6iuTV7VjwTLEpP1nKWBeJ2BTDKZKtkY7tj6zL2Cv1s184fa5jJI
2021-09-28T18:13:28.363731084Z 616 TOaFrMoUMEz1fEkVItbJ3iFZm7skl1caMB01ttah4Xn7Hc8xwpQLgY7gSZ42
2021-09-28T18:13:28.365788057Z 617 N53SZkA3Hi7sLyOgqW4KXWHSkzVd12qBFqi4aek79y0yxuHr5RJZYBhmJ3qP
2021-09-28T18:13:28.372916157Z 618 zlZFjwrcgHe04Z7aXqAiOY4ZT9hPZtDmXe4AVfkc9Nkstc6cNZjnM7UaPlL4
2021-09-28T18:13:28.375314648Z 619 YAUFAZJyIKcmW5K0NEGwTr7XNPOKZZOTTI1fwfTznbq4VvLiywIp5ejVnn8Y
2021-09-28T18:13:28.383725283Z 620 Zg4hE8PR6D3UKZC8hOKh1ew9TXQH6N2MDVOo58OPxBK0RyiXFxGd3NI88Not
2021-09-28T18:13:28.387742710Z 621 xcblwDPIJmu76AnNVmLTy7tXZ3a0v3G02Pw7QGY945NY9luAqkbufTT8Dv77
2021-09-28T18:13:28.395643042Z 622 qs1YyrpBHIHKWBUlizAbmyUDgG5n0VubDb7H10qmDb16qQwxzcJDIyeNWAeS
2021-09-28T18:13:28.400230083Z 623 jnH11fIyqfRGUEhryWYwZ6HcSHXDAleezPClqGpPrl5SjKUnvRXRuH5Cfa2F
2021-09-28T18:13:28.406943798Z 624 9iQr0PWuxvYVIzUHumT02uTspWuswR0aE5ShyY0AnBY78qmlqk63AhZFJTGO
2021-09-28T18:13:28.412459822Z 625 HBqwM2FIRzjRetNFrpjUL6lgNulc7r9LTvAEkplSLlqNcE58NAnFTgm1SRli
2021-09-28T18:13:28.418377422Z 626 GKvjUzKvOwYBCl9yjbrNiEZyBTOWtMcQFJSHPYsMU12YFX1ShOw5vwozRSL7
2021-09-28T18:13:28.423654247Z 627 7c1F5nqmYXayEHIcUA1nvciqcOpDiVgLHfr26yiz75x6rBSJSBOX4Rm5uvJT
2021-09-28T18:13:28.425988524Z 628 uPyP2dLFfkkKJGZa2f1lOfMGRQP3BCdHb3Tm8KEpWii6rjmZUWFI3My9f3tv
2021-09-28T18:13:28.433506566Z 629 igTdGGhcAqxhMKdpimYFPioTGdCP53zrFLF1rFQtKOAE6LYMCLWbDRQy9h9j
2021-09-28T18:13:28.435583181Z 630 9XFf5rJ1yfmJY8aw7psM3isCL7nQnZAeNznJ0Nyy9D92cTkqT3KPqKLogJbd
2021-09-28T18:13:28.443523302Z 631 7OBbsjj0NGLDQKWX6AK1K86SMGh5C65eY2svXfDyUekDXEMEzYEmAMs8gTMf
2021-09-28T18:13:28.448271863Z 632 8mYIpPsk75nmxZBPNgwDeyJR6sUlqJrNHSCdpZfouDAB2NQsDYQoVDAmu1X7
2021-09-28T18:13:28.450784206Z 633 UGudOHMv8asPlCTqGYtQH1Jn3lvog2juEK61Y4epO3HGqAygUWhcAPrBeMMi
2021-09-28T18:13:28.456673563Z 634 4zAOQKUy4SPktfjG6QHzETC3rYuYcx6UMwM16vkR0Q7srxHJFSoYnxn26aEa
2021-09-28T18:13:28.458823339Z 635 W9OgpRESDqjM5YflniJCxsPzR0faUIqatNhuHJlm1SW6QoHnBoTITxa0S5WJ
2021-09-28T18:13:28.461587609Z 636 1qavlKzkmm4mjc4AoWMAOD2nmiEkTF4MZTYeHP3estNMaD4V2lbNLnzB08xB
2021-09-28T18:13:28.475212892Z 637 vQzT2cEdNY5flpLauNiE584HQe2tYox6xZIkfZlDau1uj7uf6KUtLw0IjmnY
2021-09-28T18:13:28.479115374Z 638 UDyo0WbOs3R8qtcAROcZJkRCbnP4QTFJAlWONAgR7u1LVfF3U0cqi9LsUDLH
2021-09-28T18:13:28.484355802Z 639 bmD9Op1FK5xNxA2YCgtAUUyWn4DNmyxUs9sVHhFqyPKIsG1zz9i52Bw8Bkdt
2021-09-28T18:13:28.489536630Z 640 rqgvReJpwkF3aWlYu2ZGsYORMbnYuJuB81MLFwtCfgKvyQeMyHDPrUlgjKXb
2021-09-28T18:13:28.495464312Z 641 fGZ3yU62DodhEHYYNh8pWp0z0REEgCs8X46FIB4o5MiwHjElpNOPGy5ZyyL1
2021-09-28T18:13:28.500395898Z 642 LAkaRveCBVeR319Y4NAVpO4X971flesnpN7LEuqf1sD9nIVDlsyMSE31GCLL
2021-09-28T18:13:28.505307953Z 643 EEGlN5X9mUzkP92jUNzGQg1V67tMiHoZXPp6Tb35cEL0pvQ7LYbLONfEfEW1
2021-09-28T18:13:28.513397461Z 644 jAXs67awWiTD8dGPBtuOpuIUyRVQqVMZ40wpxkJoKmFl92qq19vB9MQ8aDca
2021-09-28T18:13:28.515914551Z 645 wxFSpOBe6scb63AOxPz6pWPgralSw0ZNzeqPAMdJkyWyYnKKbblyM9hc6aMJ
2021-09-28T18:13:28.525808115Z 646 hZ4DGKrNd6iyIxGWk0sdKNdAN0m35pWjHyTsO4ftrauG2bRGel9jhJt5OjF3
2021-09-28T18:13:28.531112994Z 647 zLZJCCU9YQm9BHxDbGt7vO2j4Ok5w6K51iYNoCSekqQuCgqGDUIIMW4pBb3V
2021-09-28T18:13:28.533779402Z 648 o13SV0CugIKtihrKudTpQ9yBd9bGcQAhyUTyhqJBVgYQ7GPM21h1oZOtVweI
2021-09-28T18:13:28.539488776Z 649 HikWJ6kZYBpYW70X9JsV7onqeyIqbBwvDQPxEyEczNRhIqSHKUgFHUBdabqz
2021-09-28T18:13:28.541363433Z 650 zrWMPCP0tV6w9yNWmGAy9qLojGpkaFfaa94OtMDh4gFqGBIwzNjPGd46dQQ9
2021-09-28T18:13:28.552350922Z 651 krXibeeLID7mCcaAxYsq8dlJigSd3lGtcIJ9MFlV1ZYtMcHdjCe1cg5ckYrs
2021-09-28T18:13:28.558661472Z 652 hB7RejyVTWSXmCJKu1IlzZBzN9FiJ1cRAxhlKJuQU5EF3O4SaMNWhiEfJNh5
2021-09-28T18:13:28.560969454Z 653 8SCAqUDBYEFLqBBuoHjkXxQQtgLktbnZRBcYHm8WNbtRr40d299An9z1FL1J
2021-09-28T18:13:28.562633203Z 654 vJy1syaSRg2PPSKaUJRXA9vecNXdEAVCaAqymJsKUuceLly3nh7VIGbtAh2e
2021-09-28T18:13:28.572437421Z 655 4U365QMKyzby1EvU3na2Up2RKVZA4PnBUzcd8XOrzKbk7MNW9qxGxIZ9dytm
2021-09-28T18:13:28.578543644Z 656 uiatxZLl8ctiWoyuiylIj75ctZcXln1HkmeX4iCdyjU6sWzZyUaUxnclmoT3
2021-09-28T18:13:28.583889977Z 657 7NMNISAl26HwmT1zzH7kO3i4pN5LgKAueIfh2bfGfEtBNbLLooSACgAyndY6
2021-09-28T18:13:28.588067461Z 658 NGk3Mlyzb5Q8bib83cnQl9JqZWrnyzvsxfxMFCc4WvexuvrTRiWPZdFTzzDb
2021-09-28T18:13:28.590494383Z 659 VebfRpPqPTdnHoYKoKvmFUB0D9Z5z00eTFkZ5mrHxs4Ua5Mm5puhWjGt8Ie0
2021-09-28T18:13:28.599254878Z 660 tWxXKOJyKVASGAwosHRro2ECmfGPcG7h8SQzuJN2LE3ZBvUTUCY4nifUgWAC
2021-09-28T18:13:28.604148559Z 661 edJRnvVwDLcGZDPLaQZDQDIwrWrHvqFBQiIoovZo3QpiTVC6xSCeGUwUYMSz
2021-09-28T18:13:28.609572657Z 662 dXRLK3YZiIirpaZeEKUvNwdeh1KLaSG1kZCqM2n7idzEbgHOf1qKk6UiAcTo
2021-09-28T18:13:28.611786228Z 663 JcH0UR2JkNMPbD0gTil4TbVLWidYuRCn8520ug9lyiUDWbnQPNS7Zhm0FY8U
2021-09-28T18:13:28.619690714Z 664 AIynZAsdOJcKhfaLUSLaAEQ5rM2n2pGKC5Ojx7ZLwJAE1mBYBEJboP2gLlGC
2021-09-28T18:13:28.628409197Z 665 SrdzCWTtT6Vzx63t1x2zi6W3Fx9XZmcYIzeAcuuIzWJZY1CiYKKOk7dESC8s
2021-09-28T18:13:28.630261023Z 666 YQJYWa1DF9EprgO8QG17MFAPVVasYocWWbkuA4Wb2IDEaHZwyblSxLLPjmkm
2021-09-28T18:13:28.638979579Z 667 2Jrnb7detiwiIZr6qDugY7D2TV3wWpekuA6oGBO9btKTOkE7S4kUJ4z3lt15
2021-09-28T18:13:28.641389288Z 668 vzJSRpknGVxoNzQ7HiTawnYQwk1VoF0DcKVVc2slh5sVuNClGy9FthhHN5Ka
2021-09-28T18:13:28.651207340Z 669 TZenC5JWQY93x1CfWXgrRFUduY5P5zxsz0sHwXEeVCAKElMKpczq9Io09sKO
2021-09-28T18:13:28.657491123Z 670 edlmwHBtFrAD27ZwIFhc6QsuESIQd7bmz8V9zEx8HQk0ijYy4BRbMsoLSoHT
2021-09-28T18:13:28.663302899Z 671 iVb5ER5IvLqEGGYsxaLaRQ5Wb9XRIBdTOzA32EN8eXyrUw8nfXg6xXUE99b4
2021-09-28T18:13:28.665434380Z 672 tkpOplvhHQwchj6wZUctOe2y3pgyDBH8Ry6mRHGX3dydCoCldA8CVvTv7dxY
2021-09-28T18:13:28.673751661Z 673 QiVZv4Q8NdDHJJIsaW4pPoATWKyeXY1ZvWHzdJoZdVzfLAWJh1NVBRDTqDDY
2021-09-28T18:13:28.677922592Z 674 X8KaEUaDRdQoyrR4eBOyTO3QSb7Z3EHPMn46iuOlkY52Oc00riGhF5arBYl0
2021-09-28T18:13:28.683939245Z 675 BMC6RJXM9RUo0uopABjsyeZfB737PKCbR9MHFmyGlRifhmzcQ9YnaVd6EcK5
2021-09-28T18:13:28.689567596Z 676 wDLNCgtKNcjZjV9RcqVpox6EgkOu100tqNoKfT8UvW1wSufqBCCuVvrcFe4N
2021-09-28T18:13:28.696110476Z 677 SOWHCoggTE9MRKsrwn8wYyuQmYQAoXbOaCz6F1AEq31Wpwcr4gH5bPGOCkmF
2021-09-28T18:13:28.698038279Z 678 vxfSbXRa2EsLy2tYJLlyzqAsRSQf6z0PhWnNa6KlxiJoN2AH9V8r951iTSg6
2021-09-28T18:13:28.705738265Z 679 dVOZySYeLVUtqRGDnJkxucIOi1TawQe8xRUp9QyJ5mAoe9FetkSjXNy3Xz5z
2021-09-28T18:13:28.717669432Z 680 NFAE6N0zrJOZsrFuanIRLI5HLquFJD9YA39iL6YhElUS4oMlVrDaahZ5wb02
2021-09-28T18:13:28.719722484Z 681 vKVFqYtvjHZBOSYrBVy5nUDOwrSOLAWpJxREN3wQfoajvIlvbnqoPySLc9p1
2021-09-28T18:13:28.721860949Z 682 ciJwcOzebdHBx6Qov6ml4iW10wuVvhSkt4vACROQUAMWoc94S5Edie6KJ8KJ
2021-09-28T18:13:28.730715314Z 683 r6umwJ70XzayoF9nWNZ4p2ZVNJRBRtZJNl89fePSq4gxlpgQv5FkYtuXfUE7
2021-09-28T18:13:28.735594109Z 684 O12HWknlaFOJJ0jGdr8zs0uZQTsevOGouvi4bTWkthFickmvydYMah9P8pmH
2021-09-28T18:13:28.741616258Z 685 BTg6bulQEwAI8ba40uDc8liwQ6GqGfQ0BgMJN54xDeQbVRsoEIdKz9DOXysI
2021-09-28T18:13:28.746665446Z 686 woeokNtqndxvUJvQSoIBR3ZmvEwnNKMTzZtwMeauRvr8ly403h3ab7t77DSU
2021-09-28T18:13:28.753311121Z 687 SYsqNgh3wZ6i8w7ghXku2skZcr5V2I0nG6ErAqF7EohgXP351aKKF0EGVGeQ
2021-09-28T18:13:28.757742451Z 688 CVy6rffyN7fFcSnAfLX9WV0Q4otw8BJBLk1WTwFPhXacD45PSF2joX8MSrps
2021-09-28T18:13:28.764811848Z 689 2udwr3R3zWiqiIGuFgvXlSi2ewCwxTIAK2OipK6O3751Asl6H94N788B1knb
2021-09-28T18:13:28.768936354Z 690 YwQkSXLNqSKoQY0IpAZQLIpjvaBTAXyHRcaRIwTZXRrnNuVpOOEPBHspyOec
2021-09-28T18:13:28.772262643Z 691 70qoDKvitXFybc8Gl9vrIEIcU8kjqoHEgFLh0N9rP1EdheAwSIK1hG6Yw56s
2021-09-28T18:13:28.779152958Z 692 ux4MPLUB4qBAR17KXkz3F6QTOFQryoOEqaCvqgUlEDH8IGDymqFnP66mojIk
2021-09-28T18:13:28.783318487Z 693 B2nQ9wQ9CbBVkz3mWVV3UgP33ymJ3EHG9DnLpzodPp1rJj5zWTHsdG5ltWqo
2021-09-28T18:13:28.785681747Z 694 x6SyMmCtPUmXAbEqLj6nLg5pavWs0Q0M9mBOxACWkEbFBYhkGYL9DTCKYHNm
2021-09-28T18:13:28.800892234Z 695 JI1vmCdBR7gbZLFQU66utZQPDB9B1ZQEaOADoKcRdTryUwQvExCiSZ5aMhB7
2021-09-28T18:13:28.805755653Z 696 AUg0YB8uGqBIwyI0J7Sv8ig0IP6P9qBScjW5SrgERIXKScWuLAkuC39JULq3
2021-09-28T18:13:28.821700959Z 697 dGrwe3OOpNHfvj8CNLAX3J8KrQFvKTR3P98OJLWUR3xzZmn6trU47VbHtUFD
2021-09-28T18:13:28.829551539Z 698 DllleczzIhYL3hmEZynVxtMFGUiRwe0L97m5fxUHRUa7oSxPc34OfFvo9X4F
2021-09-28T18:13:28.833155880Z 699 yKLv2p8XIKxm8lw9Y85zJqm4Jophd1pHJFStzsrbMMOGHE0WGHuqG8uzGu6N
2021-09-28T18:13:28.839048839Z 700 2GJ7u3Xmi71PlytQotMLwVyjAkqHkkIPh9P9vPq71r1RxMp7HoLPI0XWWinB
2021-09-28T18:13:28.843071650Z 701 2CcIEXwkPwVaa5V5ds1nR5OH96NvFupAulfWSHPwD3qa6TIbeUi9WZm6arWT
2021-09-28T18:13:28.849083205Z 702 35LRdw9XZONHs61wfkAaykWEpcb4eZI4vp0PEGbQmqaPFyuftsJTs9SHGg1P
2021-09-28T18:13:28.851449138Z 703 ghTdKGv5jERGAWbBdbWXPlT1FTqXzLRubq8rAXLgsFKVd0gK9ap7hdfETKlk
2021-09-28T18:13:28.858376158Z 704 91kQxU1vgOtFa7vFv0g9xCETDAYaANbq2QMnDzLHZDZcuVrg2Rtk6rRFLmqM
2021-09-28T18:13:28.866283918Z 705 cYaC29ScnIkIHKtiUQ4hIGqJwN4qIHkxV0VJSz7KuxD2gSNcH6uSruHgahxR
2021-09-28T18:13:28.872195403Z 706 OMHjZY3Kd8yZkHGffHrMU03GVvSyffVrS02t6xiAyga1EoIkATQquOiQS6TP
2021-09-28T18:13:28.876663523Z 707 azRqzw8zQLse6kiaEpm31EKULWoE1ew2GVimffcLjixDHsVU1WlNrxcesrMT
2021-09-28T18:13:28.884095551Z 708 MT6YLKzuhYrUz61zatFLfL3dYqbipmysG9o6kBMB1YqfW9N93cVkk4pBrSPS
2021-09-28T18:13:28.890842524Z 709 cOptAEymAO34oQOMjBjaZZiTI1mnwJTj8MEtJ8noNSqpjeMAQQkT1TVOXNBv
2021-09-28T18:13:28.894761158Z 710 4MqL003EU2U7UEb2jU3ChfCzM3BGpcR1QkSwiFx1tF7XWxzk2bLQ3xtDVjqg
2021-09-28T18:13:28.902193921Z 711 lq6QcSUVQvcwPWrP9xZFYP2wmVaLxGdGw4qlmmlQKTBFL2i21QcL2xqQdsBy
2021-09-28T18:13:28.905737187Z 712 JC6y2nMRomMH3aE3YgfkO54AlZzVoOkmxsVUmWXfweJqFfXtrccI5udepth7
2021-09-28T18:13:28.913242805Z 713 RoQ7FFXbOCVpmrD7ircsz4mETp3uXuygfFoveYMOb8MuFiubecqc6QDyrVyu
2021-09-28T18:13:28.914887178Z 714 NVyye1eKxBb36AVnu1kaMT7aUkb1AhKyrePrO6wBi0ZmL6XNtEog0JMcZGY8
2021-09-28T18:13:28.922414092Z 715 SJxhcAX7aDiXiUO5RNPsQE4BxWA99XxlDmKPgCOfLnUtX7vjjGUBxY8pHvUc
2021-09-28T18:13:28.931968404Z 716 xi0PGx5GtFyY8QvYWA7ZvybSubFVfVOHph5T5BA06BVVYCLJ4xxNHoZxCpaV
2021-09-28T18:13:28.937574919Z 717 IJOIbjERDQot71fWRIx4SyJqujfZ6ed56SWswgCaGSvkkJE0ficYIvloOWbi
2021-09-28T18:13:28.944313936Z 718 voDXwqfmiabrNtmoqebSjhonV3ElJRyPxanrGCGc4NtZ5j4EfZHWraNOK9gi
2021-09-28T18:13:28.950019980Z 719 u446K0uRE6lWL0S9815IWPOiNqXodLFbm6ceuCE39vCXz8xxpEdQDNWKeMbD
2021-09-28T18:13:28.952655812Z 720 e08iCDTQGU1xQP0rr7vXDItd5ANz4O1LKaPCTNrkvJGOzFpt1oZRuX0e0DD4
2021-09-28T18:13:28.961761313Z 721 nKf940guXaraU98ZFhhAVVwJ6UUUkskGdiOURF7AF5V4bAE7JdtrPdSHjtnJ
2021-09-28T18:13:28.965890769Z 722 FC5ait6uO0tEzQUL1cphpQPcktw52HimmXIKtPZqsygH39KfQXpkRHrCF24Y
2021-09-28T18:13:28.970756628Z 723 BYAjUi7UmSup7RvSP6At4wMnMZd0gEnK0ZAR28sHVffhNyNOztnoZAb6Icbl
2021-09-28T18:13:28.977459145Z 724 XzFXZLji55Hys0zeVJUbXYEbDCk02FkbAwfPY3H25sFeQUGx4PwNjCdMJRJq
2021-09-28T18:13:28.982737722Z 725 K9HDUPWURlpptsX2SSddM9VBllaEyYD1rgFPP7OOggVglTJ1Hzoe4MvyDllA
2021-09-28T18:13:28.990406458Z 726 KRuSyrHUzhYm47N09mwryOwCUqHahMTns3wKS6mtwYxsUV3RGqKnN5EVHZQB
2021-09-28T18:13:29.003776993Z 727 lJjquL3MvJ21bf15oetQEElGKg8cSuY4uK42QYbkUsof733UAqg31YhGZN2N
2021-09-28T18:13:29.003893242Z 728 NHtpTYtV29nHmWhwvzMv5hdU4M97ksZovAOS0ULCKOR0ununBnvuPIshpBD0
2021-09-28T18:13:29.008308543Z 729 NmxFOjRai3njaNXNcHsiyj34F5UkFt9nmbcsDj3GLZ1E94fis3sGaBYJpyoD
2021-09-28T18:13:29.016423095Z 730 5ae8xcAaAKvXEydXr4FZOV9lV5N1hJlGxEgzpeXYflWGbIpkjXHgTVWyzXlR
2021-09-28T18:13:29.020564883Z 731 DZO9MofARmpuEJ6rJyrJmH65HRePmSfHar7ouJeyNUX1Jt4TU3iSDzGVTLNw
2021-09-28T18:13:29.026700906Z 732 9hsFg0kuB0ruEz7Jj63XevSiEpD0ftDgMsrxfiEOEdZdczCJ8q7tcvJjBSYS
2021-09-28T18:13:29.032968292Z 733 mbu5fiyHp7yHiVoAjtExRa74B7K4QyqnsSZ82kW9CUzTxLtfLiGwPWGqsbP7
2021-09-28T18:13:29.039413177Z 734 X0z5Z06SLUtRpLJ3t1NbvAQwUgxRZd0UvbD5Y7KaaRcjhJCN6oi2UG3XLb1J
2021-09-28T18:13:29.045257162Z 735 0QeZdC6dOaJbeRjCfr7r0yzr5AQQnQlMHk0fxYI2p9E5yhcVzH3d73hNx112
2021-09-28T18:13:29.047787386Z 736 q5YbgIM5W42URXlcgWjcEgosfvYhGs4wxLFGbn73IAEZvCX5jTp2Rsz8QHbi
2021-09-28T18:13:29.056362118Z 737 9kdIvFL8KquzdrLtGlgvPyVVwMwzmMpflik0RoMs0uj6BjlBj2WrbZNo7yOV
2021-09-28T18:13:29.060669139Z 738 SGZfpqsox6sdMM4kGGUToHb8MLDxyl8iAVWcysZat8rideZQwhPuyPNNwPyK
2021-09-28T18:13:29.066273191Z 739 6snAVP9mD3NYsxLDKkAilp6urHeMfUROpmn4OyIVfmHiPinvgG53hJFUuMPP
2021-09-28T18:13:29.072646788Z 740 LvEFPD3Hjhr1DdZQBev6ou9thozkrZY0VS0ZHAiAVfdx47OLmvgNWQuc1OI4
2021-09-28T18:13:29.079990507Z 741 AQTN00c0HYOwr2KCi5o5gfBZme5kbnfye71Wci7GKuepMj2s5Lhn4SqvypsR
2021-09-28T18:13:29.086722599Z 742 jM3ydgctqvcQvLCpQjesJOMsAfM37Tambs5FkNoJclg4sOzQD2slLVzkzXTx
2021-09-28T18:13:29.088721286Z 743 6l1LdqpcxXdb8Ac5PiPU4XgDXLStYXgmcdyg68oRFAp9xtw91U2JTtkne9cD
2021-09-28T18:13:29.097247588Z 744 g23qSw2iuGBNhy4aKMArUwMQ54CQbPHeeWeHuxzUgAZENHZfutldRm3B2RLE
2021-09-28T18:13:29.102320720Z 745 vhu9QJ7s5phLSSqK01fWqqM0Q9ecGV6VrKbwzAfPx02r3wJxytQk4H56vRaK
2021-09-28T18:13:29.107664580Z 746 Au34FaaEWNX9EIQepU5frZ6ABGXTGt1kC55IoczvDJr0RkABYgEIR0TgtFX8
2021-09-28T18:13:29.111366553Z 747 6J5lxe1vUVdDLwNsjlDzoZIWwypXSpUGZxjtIAsVLswE1P7DHvdR2I3fdvet
2021-09-28T18:13:29.117912744Z 748 lMFxRwi33Hl9bsaKv5TVrCfkKmWUjzysVxDGbcnTp14I5wCyQIgN9RucbuFT
2021-09-28T18:13:29.122115536Z 749 ZQeLPZMyge2JcGTEKZcyquDuMxXBKOICehtVCz7SSBCwX2bkbE7XcXOXkWRu
2021-09-28T18:13:29.130708007Z 750 9rejmZ4tfmpKQQWKDzQ1X54B2ycLTbkUDuPXBrh2jrG09XnLK24hExyn2ww7
2021-09-28T18:13:29.137563204Z 751 4WbtQfgbAkKJKiOB2G9Zd7H0s1CB1f0804YuQk2qcX9uH4RfhV4IYkmofKou
2021-09-28T18:13:29.143781078Z 752 3urWIwkpcthtT6lTyB8AHkMvAkAaSVFHO1k3VIEFdPqmOm6Ey3Efz6seyTjn
2021-09-28T18:13:29.149261625Z 753 xEnbEmulYqtJmMq4c2nuRkSYPfbs1LTLkm8JilGQOlwCNw5bDuGzESQgO7h1
2021-09-28T18:13:29.154336896Z 754 ujt6lQmLJr2TGDEqNypUZsq34xdBhiV58wjQoOZcAGxkKA61rMz2ai5n882X
2021-09-28T18:13:29.160291443Z 755 8BWb6mb5gQqg6QlTLcGguZjo3Q3bgqwdDjYRRDOyJJXLgK1GZ3q4Hg3OOV5t
2021-09-28T18:13:29.167136722Z 756 MkLMIdemf30hFp3Ec39wQ3B9pADvrHAJRw8Y3PntM76wonChUkgs1ybL4XQY
2021-09-28T18:13:29.172629499Z 757 vXcOoa2KI5OKV9kW1bJh7VwRIcklAsc9xpOLCGkXLChJVvxOYOyvk8N71x47
2021-09-28T18:13:29.175096830Z 758 JFqQhFtDp4AbNG9ZN7uONganqk8yWqqUf655fCus5XXTZOxbooSCtdeLfKZt
2021-09-28T18:13:29.178735396Z 759 sCBaEJegSUcFICPJncedYmMXOgVCmDQwbIIr3j9JnBjJ8ProcaEDZfz20GwT
2021-09-28T18:13:29.180594951Z 760 XtWZObNfLYxrgqtJZIqE0hb6lUigIYdBJn05IVcKfn1MwwcDeNMFdqlWDNf5
2021-09-28T18:13:29.182995540Z 761 MRkU7hVFcZ8fKahMDcKoGM7RxR90lEGkyTZPNotUNMmpRoBxg6u1VzGQ3UgB
2021-09-28T18:13:29.195890455Z 762 LqkEMi6y2zlrSsPzIssin7I2ocRTlzLfP0ESPnN7sF2ayDcVJdiuvt7gdFjS
2021-09-28T18:13:29.206489630Z 763 ChyPyjksDs5nVPMQmR6Tj9UW0mQwZ2QMY97dRgpWcC1rVzKLioVk9Yqiha4q
2021-09-28T18:13:29.210932080Z 764 QSqzGPewH9GtdoPhwHO1fb7RV07CQqjp32XmY5QLGtTm6bYrlheKb5khMKhD
2021-09-28T18:13:29.218712798Z 765 G2EtKzAuCPRf4d6GJYj3CKiu82H6FEPRp8FSKEF7hyiMIlw4GWif0qdldC1Q
2021-09-28T18:13:29.223775645Z 766 yxjY8SSPNWqNd8tlMC3G0fB1DNCYbEBpHlWbVloxRA3xS7dHyi1ZejxCGhWj
2021-09-28T18:13:29.230345158Z 767 oERw3HlEmG0IVLIPYNZYvBaZgCb95VSsaOqe7Y4UuwD8uQ4FUtk2WuGS2VJY
2021-09-28T18:13:29.236700663Z 768 R4fusLCEDN24hBpA6a8x4AXPRlGV7l0JaG5QVVwuCsmd4CKDSWLQwItq7Wqx
2021-09-28T18:13:29.241697252Z 769 jxADQrlQljEDxfv3nLYohOtTs1kyXhfBCMcSV4wFeUUlX3Yg4jFoWUu1XNSv
2021-09-28T18:13:29.249589696Z 770 5DORR5Fwewafi1rrDHowND32Uq31CmBirq6nwq6CuK9Np47pgtgv5qVfKeZp
2021-09-28T18:13:29.251265987Z 771 DR6sk66u6PzfBrCnJxfinqv1IXXt0CvIqogfD92VWRCgitp1IuB0d0FmmH8Q
2021-09-28T18:13:29.260682532Z 772 DqIfU5uboQ2XE6cI9gOROTknUWqpEusU3wKqvNd3y51uVV2AZh4XlhJ2SA9S
2021-09-28T18:13:29.266134931Z 773 atn1pfP0XWrdqwm3no44tM8r7zwHU5QmFmyLnu6bxrFh8ZOElSbgTABY5dBw
2021-09-28T18:13:29.272132333Z 774 SK4SuH1pUAYaf27z8LyIGeehlG3k8naDdOIR7b5idU60knwPDl2LfwCYPCgl
2021-09-28T18:13:29.278362632Z 775 BPezTkU8WS9uvJXCFyb6C5nGV3ZwaTfV2f6o57OzmSgEadorZKu1hpjPyMMv
2021-09-28T18:13:29.285267442Z 776 EQ6G0pqTu0Pnv1hSKFhIBipoq4RyF6GyL3jZ5sjQhrgLWBmRGw5HiZ9izivZ
2021-09-28T18:13:29.289725461Z 777 g4Piceb0jQkaeDGAvnK69l1yDKRvJIm9pIQXuH1Yl1zvAm89ndeJ0V0lAA11
2021-09-28T18:13:29.296466537Z 778 qcMsV7TrqS5C3H1CLqAFTmV1iQ0T2Hn1Mzw7SdgmE7hEY16ayxJbrY47uv5z
2021-09-28T18:13:29.301927858Z 779 OWA5uFnPQLkcLOsXiub2j3bif3hwalqFyU1drzyYixxDiTg0HISDelpNR6C4
2021-09-28T18:13:29.308989828Z 780 n2dT7ENRPJLJngK6dVDdGdzXaw6bVwdKSNdAe2KyuKL6teRUFYc5zHzprrxl
2021-09-28T18:13:29.315946889Z 781 2FPNrfrOwnkZx0Rk1q4T24yruQryK9fLFyqh9XqthyCd4BAhBI3b09X6qh07
2021-09-28T18:13:29.318156571Z 782 pV0jENLOI94DMFJoVNeaVfQM1JufD3EJEYLxERntuUJ4kaMbho1yDs1u2TOb
2021-09-28T18:13:29.320000472Z 783 aP6uDyeIowl211Jw8Idhuc7qCMBSghrVghaWQRhI5DAlF84Wcu2pu4wc6DxH
2021-09-28T18:13:29.329870787Z 784 ckaI51MIUwiLJYTOsXbCntuM1E08iae3juFJLCtyDQ6WY3uv17yUmAl4N3YJ
2021-09-28T18:13:29.340675134Z 785 7Cig0md0NxMcS7gUfZf5QMEy388Js73WY1ID3W8Yx4qGk3hw197b2qwsGZ3x
2021-09-28T18:13:29.343122134Z 786 ikSdrBpq8hpI54Dwjg43B3pbMRF1JqvRyrzj2uJllA4rRRF8oETadGCRByGe
2021-09-28T18:13:29.353863942Z 787 mzoLMtOBmr1KH21j2BIsQ8JLCp3RmItrisCiDktiz1nH8Cosvu3jIcdKfzMq
2021-09-28T18:13:29.357828505Z 788 zhk4ue2hHI34iWtLiYLZXnS9Vmo54VQf3LTZSvE0LqHuKZM9wSqrJrSMFqzu
2021-09-28T18:13:29.364279402Z 789 8dxewi9Dl7YdDUvj1ozvlmTbPC5vEkCWVvMxzfvJzkpaWJaLbxh7Y6jjXFbI
2021-09-28T18:13:29.365986982Z 790 rW8uIENvIRmX8NXsKPhW5r0fmN167wJP36mnkVfMorqy1NlBBuo2z0LD44Xa
2021-09-28T18:13:29.373645762Z 791 LgK9JEQfkUj3Yyu4nuP7YIPIjzwA6KTKz0EzM67yeMexxhMLTeaKlGHDIFXH
2021-09-28T18:13:29.376619042Z 792 NOILnlEINesuA8nIO6LRDP32sDFVsm3zKAtiIPaWiPIsHu7PiKFQQqUbhyrV
2021-09-28T18:13:29.389053667Z 793 U8u6uvIEZHO6mMFLfyt2s0EDr40nB5GvyLYB41ChLaucBvNpvNy0YmYRiLGd
2021-09-28T18:13:29.396127880Z 794 Hp5eipGI58f9jjLI0ud76mq2Rm4b1uFN8RwQ9yohekgDRoFOyVaOvxJlgN2T
2021-09-28T18:13:29.398173744Z 795 mAIK2uKpsvyWRAe66JOZhYLFLbmBIIMVYv1KVsJ2ue2koHnzWUkePjabh4Uz
2021-09-28T18:13:29.406321786Z 796 zvrOM7fFDA2hRupwpQ0ZVlRshvDdv5oz4tniPSopEBshXglVQXnykGC1KI11
2021-09-28T18:13:29.415007291Z 797 86bT5FoZLzY03JmXzW8EFLw7DHFyUVzlC76vOozp5pMvSnbPn9O9AuT1j15r
2021-09-28T18:13:29.417420367Z 798 DWNFS5Pe9yQ0qRmZfbzeaHDVi8D5gVZGSWoW2TJOOQU9zBkHIzwdJlshWlax
2021-09-28T18:13:29.424347114Z 799 6wHCayyPrpbcWxo1nXzzDXkUC2DVjvi7J9vQIqq8zZJS6W2R0KOAaFzdJrnG
2021-09-28T18:13:29.433699418Z 800 ANhaJx1Zd26ZW7XzOToq92KpK8qSP62bn8UHHUAOEHZ8MBPz8zs40N4VruBk
2021-09-28T18:13:29.439163308Z 801 tnQBplO9u5GfXeYsOBYoap1LQAlauA25mQsPdQsCseYh53p81GVmvpQs2NPR
2021-09-28T18:13:29.446789756Z 802 8qmH7AQNbBZHIFZ0JaEzFqIBVR50sI52fNxFArKgeQLTUh19C9LYbo568luf
2021-09-28T18:13:29.450312602Z 803 23K8MBcXOVB936Ohg02XfqEcVZGtM4maqNtMFTK9ymJAaUNJrFeIgvFeE5Og
2021-09-28T18:13:29.452806100Z 804 YTDj2tR46hG2WvsBsgiuK18OVX65jkO6uysrT3pih6u37ny6CwsFtcrKZ4r5
2021-09-28T18:13:29.461900964Z 805 hHYnkSHReNIiJQV4GhgBNa7px0RTWhWizyH8iIKRoUDaUTT6Ndc1DSMrxykN
2021-09-28T18:13:29.466926186Z 806 88VHTep3fhjhufxqLML002K5kPfWVlr2jqkjswHv4mRon3BwdaXr1N4EUvrd
2021-09-28T18:13:29.475338742Z 807 nJF8G7j6Fc08hG6ySOmgBeRUdXseivcDARcbB13tIFMBN6E12Ql5ugrDtSCu
2021-09-28T18:13:29.481923146Z 808 MpcWA20R7YrSrz6ftIHRGV9gSU7gzc2zAeJ26tP7shkxcihPR2Gz0rXULx0p
2021-09-28T18:13:29.488480311Z 809 rf4Ir6hAdQhAiAHK3y25cWBe0W6tOdV7JgCHiI5H5YVAlN1jAX2gmT5yLPbF
2021-09-28T18:13:29.495236557Z 810 RkBJ2LLb2QR0tSnX0uxDwJKrc708L4M7HD5UnYDz0xpU849lfbM3P6p6AfMd
2021-09-28T18:13:29.501335286Z 811 5wwttkRhCDfcvWWQtA7TzMeP9W1d49ZWzAdJq3mZYghOyXHRUAW9CNr0Nz6O
2021-09-28T18:13:29.503116202Z 812 JXjGnCLc5hgIyV0fPGijQSv16kUgLhUedtz2SkwNKEIA75OQ9jnWoO2zv6Zn
2021-09-28T18:13:29.506016352Z 813 TyCzbLPGclOMX7HC3JLU50c1mVmRw0LOV3fveYnTJQmsL6X5Oa7CDQ7moi7A
2021-09-28T18:13:29.517804645Z 814 HUcfMjR8Yd2DmmQaPi2sI7PS2Kj4s5sx6roChXArzAUFxnLwfsUafpSeUEzd
2021-09-28T18:13:29.520364463Z 815 fUjNxIPegvkRlMjsEfl5a3r2vnG8zg4ZDJs9US5QMkwbd8DsY0pAII2Q4u1X
2021-09-28T18:13:29.537660319Z 816 jN7ju7HN0TPGxjlOGq9pQAF2NmKjjzk6qRQqtEfnxlLjYrGDm740AYZ1DOxs
2021-09-28T18:13:29.543752298Z 817 ykyDRwP3XbPB7Ax45ZMDi6UPrT0yYIgPhfNrDjKMKqi5GzjJR7yUmpMy3pzC
2021-09-28T18:13:29.551066265Z 818 7rqrgODCkcI0iCAxWrCv4j924GiRcvaPlvKM1UWKRRKudeiETlJ2xCObjjJz
2021-09-28T18:13:29.558765994Z 819 VwsvQ9J5KGztzx0g6hCr0XxVtwSuoiSMwHnJnf0NniwlaOHL7gaNaI8qDn54
2021-09-28T18:13:29.564319250Z 820 kAcxEVg1li4lD9eans19JRbihHBYmUmfLEpR8vQho1SIv0O0o7eXD6EH53V1
2021-09-28T18:13:29.565709702Z 821 g7DD4BKspiYyc9U4tgGnZ07xE6dF6OBaf5PCO9eI3Tdj2Nn2x8XU0g9aJfoL
2021-09-28T18:13:29.578214281Z 822 iDL7WwQH4ooROkDgkpnqpxCFus1SJKmSXpV5Q7Ajsp0fPtKzwDmLUAP2Yrj0
2021-09-28T18:13:29.585749619Z 823 NzWsUclhsMiYYCWFqrwYCCAv2gViARBy3huOdj9YmstS3PSQlh0hMax3LMaJ
2021-09-28T18:13:29.590061515Z 824 wY63QLWx4ctyzPxWIutAKe2bZzEaYdpHRbjw7gdFx8PiUGqkkGnPaAeb7TQc
2021-09-28T18:13:29.599226887Z 825 Gp0X5Qz9Mxp6HO09qL3vrZtEP159cfDyqv19kNqd4i47zyvAGEy474SZaZEI
2021-09-28T18:13:29.601245266Z 826 4UqDCQvr532cS2JzDpFnjqPpBSySCLWvOr0M5aTuxFS5pZQjzNQTypFTsGmY
2021-09-28T18:13:29.610115422Z 827 eVqkBAevv23dQvLx7ENh5BpFMRaoiUm3ZmH3CSEeuh9fUlkyhvG822XA2MpT
2021-09-28T18:13:29.613843121Z 828 LeLNXHHAPREzNtdOr7u48gzZCmbTzf8oHDsT3aMe4nlgiPk29sGMXzEswzx5
2021-09-28T18:13:29.618571211Z 829 xfcju24IJDxb27KfLLF1HxiMK9Vk54PHmXMYIAcCzl7cauxJmUWiU7jtuJ2j
2021-09-28T18:13:29.622262066Z 830 78K2NskR1pBSi7DZBpuqxGB57yTQdAtGSL37BZTtB3WNikGaS8flv1X3Crhu
2021-09-28T18:13:29.629844397Z 831 tKzjr0a5155bGxA58gMtnYR6DU9FrklRhx13SfT9094mhw8rTlvnCjUMxBr8
2021-09-28T18:13:29.634370678Z 832 YBKT3nOFHBBGfW8WDQrnSmB0X1HconbOKNCKrQGcVvVGdgjZcCPmc2osfiZG
2021-09-28T18:13:29.639229469Z 833 Mzvq8MqsEGlThlsgMDoZuLOT9Rvw00QDLLopfcOjHk5s3jl04rYd5LB7cOmo
2021-09-28T18:13:29.645730871Z 834 u3Tr7z0JSGUvQMjiHmrdbVUP10uUNIcNoUiTzAPyItCP75Ooh4Ipxp3G9weW
2021-09-28T18:13:29.651467516Z 835 TvNdNIlQmvoZR5czbMDkmRt53LpWnXRLDZUITWGvA2p0lmIyA4wIV1xB9U5S
2021-09-28T18:13:29.657995478Z 836 QujyRlVtwePmG8RT1MDHHHKRPE46biDEGOG7Rd1ITGCMRlAmO1R5gTfqYuCK
2021-09-28T18:13:29.661761701Z 837 vnE9ikGrDJiMfiiHGd1ijLnRj17uS95EKVThKA5YDkGRZxbt3CQNoOfVWO7r
2021-09-28T18:13:29.663910916Z 838 gwB3Hk36hEt7VvPZzrBVjR0lbNIGvWciBrSDWAhAJCXkAZ9cd62vauA26PyK
2021-09-28T18:13:29.674555537Z 839 JdU217LasueSmk1x23uPpWV6vwLO7BL88KU6VoALI69OvVWaRl07GNoIliHI
2021-09-28T18:13:29.680689288Z 840 FCz4P7dWeeQnd1ujRnSV22VUvhER49Vp79gz5ASHSmr0GzOSSlXlz3i8EuOv
2021-09-28T18:13:29.686513759Z 841 WbFs1tphmnEAJ7GuyRcYOyClDIwX21M6AXmkACHS9Y7RtCtESX1F88fre4FA
2021-09-28T18:13:29.694171227Z 842 nqLLFf6Lpxa5XATxwkjaogg2hcuEagkeaM6EqvIepRkwJ5Tb5fsNhhhKMAYD
2021-09-28T18:13:29.699042041Z 843 PcYWtuaG8JdTHh8b4tbfYYLU16BufYh8jblUNjW93oBtkXLriXdfZNhDunAd
2021-09-28T18:13:29.703737933Z 844 oAkaxYT8vrrobgMSniaLwP5JH5xZdpbKCm1VZOSCdxiGZhjg7WEZbkpuF1zv
2021-09-28T18:13:29.710751290Z 845 3p6r7b2j3bXmgr3f5ACaIm3Z8RAuzti0t2Yu6TJGH7nVmGBHU8m6lzqRBaa8
2021-09-28T18:13:29.713214191Z 846 DBEpUZ6mBWg7q5h8SEbEbMXik46md7xzhDlh8VKDMuhe2rTVgJQq7CDdP7Pr
2021-09-28T18:13:29.723872899Z 847 cYtZ5k4u6lEL6CsJmq6zUbYyRj3XHJ7J6dlcgg0i7kJgC27OCr7qJDRk17fK
2021-09-28T18:13:29.727532395Z 848 mMI8U3pRz4iMZ6lTO1i2hx0EFSmJ8ULYqq97h4O2lPhvWBUyBNHBOv3ofbMi
2021-09-28T18:13:29.733630950Z 849 dfTGmfHaz4N1IpdRwg3ffKexc8A01iKVP3Lmc0uh8TbBz1WQQlvO1G04VmSF
2021-09-28T18:13:29.738830153Z 850 hUHL23GSimzOLeLjVyr9Pvz4IP3vS1rwS3iz1j2VP9I07oL74bYFcKGLDd0X
2021-09-28T18:13:29.745125013Z 851 UR85wlG6rVcFmheNFrUieQelAYmh6Ir3zK8NBVtKCaGoMmv27JEJyjsu6TnM
2021-09-28T18:13:29.750490679Z 852 1r4sBY2Vj8TBzeVKAjpQxeLhOKyXYgTxdlHLceel7uB1N7GS8Y5EK5lsJUnE
2021-09-28T18:13:29.755507743Z 853 ZbGwGrndZKPxeIHQL50WbhsSycxOK52tnD0OyPDJgfuegiHM5UPWds9rFAV0
2021-09-28T18:13:29.761575418Z 854 6lyyd0stcfmgICWGIlyMrRKAyCj27GDzvvGqnvCgqdMOgm7sWdLxwx5L7O5V
2021-09-28T18:13:29.763201203Z 855 PEGcY6QnMkBAuttFnBRkjNEKKkZ6hB2u4xn0uW6LfF6ONDyBAqBRWziQHOgk
2021-09-28T18:13:29.771479976Z 856 coSW8LgRQng1zZ12C6fxYF5gUOAxrEkaBwlphaxbXYu1adWcI9n4w3Swzjfx
2021-09-28T18:13:29.773189536Z 857 knZMYODzyRyArd12k0IqXS4I6vZvEmJTKcEFF6giYP0Pw9vERxECHNYQonpm
2021-09-28T18:13:29.781674095Z 858 ja4axJwkf5K35fzOR6U2tU72uu6URpbQqZYsqCM4lwjuujcDes55Un1s9cHj
2021-09-28T18:13:29.783648325Z 859 jjflxqqA91aiHS0s62sIRcC4y3dBb8fIoIx9SiBmZilJF9kFCmPbmeQcgDcX
2021-09-28T18:13:29.785873603Z 860 ZDae33ZOGxxQWmYf5rJbVMMKpmg8yQ0tHuQFjddF9yMAY2doCjrDhBT8aTyS
2021-09-28T18:13:29.797115332Z 861 1GYlL5zUPixXoNPHeGgrYYFVv3vO8nKbqwLBiLM5A2A0jCHcZhvhV216hbJG
2021-09-28T18:13:29.802526513Z 862 9d76h20ga7d27IncbX9kQbruXZy94LQ9ydNB2BkS3a9fc2rlpSpA4TSo6321
2021-09-28T18:13:29.806172875Z 863 sighOQ5rLXC5dFaK2dlXOqLY7SwKZWBOxdq0GYcW3jqk3VpwcJ8AUqE3meWO
2021-09-28T18:13:29.813649302Z 864 YPEV7hRKHMvYthTSRSRWLFOfOu7gho4q7hV1yvi1Gv2jkpOKqIAxfw97AbBO
2021-09-28T18:13:29.819523194Z 865 rQYNDKSlPMMXCU28gXexxGYIJzV4x3nsoFlDIsHU34aInftt19HH4CONimcV
2021-09-28T18:13:29.825980632Z 866 tqOKmVBa7ois9o948RtRCWiJ2wRnHvGdLu07UdNwEWpHteTJfO2TnoquboJu
2021-09-28T18:13:29.831966057Z 867 3a9RX9cT5BQmjtjsZvUlhHIQB1E2Mw3az1JORpp1uBzGhfuyqeYjygfxmUoR
2021-09-28T18:13:29.837755973Z 868 ESr8dMneJNMbzpvD2pHWo6XOTpmgxDVRGfGCQa4TOEKvwa8WqPAOPukmmdm7
2021-09-28T18:13:29.842982353Z 869 s7SuEPy3M6eoVl6QqSlwWedc5hZTKpEYpjsYCViUpig0NZSCqXwsLLMZPKtS
2021-09-28T18:13:29.849134617Z 870 XnsIPDqEDhENGQx2obbzAgJhj9ePcYZCbW1qbEakVMW8FfodFve4Ktjst6I9
2021-09-28T18:13:29.855585190Z 871 ZCrC70Cc0gn6NPPxbPlLXmI6mOMkSHdcpYdXM91mwOzMblsEikZV8La0AYPG
2021-09-28T18:13:29.861752380Z 872 FlPY0zk6WcaTXJQh4YyNogT5dVvgDl8kTULBt69h5mUTqE2NdlHz7kQdDv7M
2021-09-28T18:13:29.868269514Z 873 ePxBjH34Vs2MPvq7XyJ3fjedRriT1OeEKOl0HFKuKuiE2VuzAbKAmbzgJ5Ho
2021-09-28T18:13:29.870954986Z 874 uKKxKsWBRCs3oLUgVkDWMjUl9Y9qw0AAVvRC1bL0lKw5i3KWPljWaEvOBd8A
2021-09-28T18:13:29.878703190Z 875 4znVsMiZPp0VmHsvgRsVSQaPdLl9iIzjh9ReDsHGebx82adOFwtA8CNl5LJI
2021-09-28T18:13:29.885839985Z 876 1nBzdiROzBYfuhZsN6XHi9KhFlxTNT5AOOp8xfp4yL5UuMHpknKqTLznBeo3
2021-09-28T18:13:29.891093435Z 877 9fvcHq68hVqccPVaawhIOHU9K5ntpor9Ni9sZZweOQ3UTEU7Z8s0wpiADlQz
2021-09-28T18:13:29.896789231Z 878 8RFKITOrDESqWuMCzodI1Z8tN5fzeGqKRhIqnUMN0UqVU1l0gr7dfFP2YMkN
2021-09-28T18:13:29.901891476Z 879 r5hXBvzFRQ4WnQrpb7EFtOyTLXCq7IAwzUS1C56r7S7IsQlDyACYHM7ITMgR
2021-09-28T18:13:29.907956980Z 880 1aMHYgx4dzDgCoP6f04JPYQkiLUDJJu0Lrvrf54pVK66svxbpjSEmPadMgFi
2021-09-28T18:13:29.909789289Z 881 UgLX6VRPruV0N1vlkSQjY27l9XVAk6nlLKHp3S3tBPHR8vuwdd0ZhDNmP0YA
2021-09-28T18:13:29.912017747Z 882 TfeevMxTeXZFlLLCUh2KCMSS8eo1jg3m1GoqzPcWQyeNSpAgsZiBoaHlkNBb
2021-09-28T18:13:29.923475482Z 883 TpntgiBOyIx5iqMmENCNcvXtSfIB1SWJZAMwVJiB6BQNWiYsXs22aPvIgeJ0
2021-09-28T18:13:29.928484375Z 884 vCqYFrtWEfyxz8wqcFV1QMMI47BEdzcxHLqNbEyaUnfs1EjknO6O9LpvVvcL
2021-09-28T18:13:29.934557173Z 885 3ouyOA0xsU3nryTAejXpbz4pE4D93SPnGewOuka9ivnfaouuK8OY2veknuAl
2021-09-28T18:13:29.939495271Z 886 d4IVYbUlCt8bGg2RFeOOopxQPlQoDYhjhZWcRmZWagpuCxmv4pvutFea9Qu1
2021-09-28T18:13:29.944593735Z 887 en0sWu6nolNLtF3iraDnmXTP3sQRH5iD1xY12QSJ6tlkkG9cEbb5FPkJ5GIb
2021-09-28T18:13:29.946837814Z 888 65kA8UGAplV9iuo58yaUMvT81ZsUSctINuFVeoWyPgVSLLZHmiIFf9QlVydJ
2021-09-28T18:13:29.956422943Z 889 nFMIXSmq3bpyhjzXzRfpYjzGKNyxvuN46SNrhROoVD3uvCGylTR74KljKxF3
2021-09-28T18:13:29.958105907Z 890 HY4fX5Y6XECAgnzua2Mzlb6hSrSmreelO8p7YyiHb3pVm61FlbvLWWA4yrM1
2021-09-28T18:13:29.968174011Z 891 fHcP8BQiMrwO3u3wxaIBeA6YhOakMdlGFGBse4NgGuP1L18LVPCsKoZm7RAJ
2021-09-28T18:13:29.973839588Z 892 FvXfEF4IVPoIrlaZFIzXbvnrMntdEvi2DQoziP5XS5kJkntcbHDO2CJLboJf
2021-09-28T18:13:29.980577662Z 893 AEKpypgaah2O0KWNHv27Etfn46MGtQrzCACTQY8HuMT1w2WIZmD4lHkCaafP
2021-09-28T18:13:29.985210518Z 894 fRxknOxFGZdqYpCT64dt0RQMl3WUAwliE7V2dhTRYqi0bpZuPWU8ieOtokkF
2021-09-28T18:13:29.992856702Z 895 ZfEgmaC5HSlAvju7fafBPqfjWwdjMQlX6j9SyuDMOFIgL1YeSBrIWaFeOpc3
2021-09-28T18:13:29.998938122Z 896 fLRpGX3WJIc7TrRWXsvI4GJv1EHNlg9TxAmjuWytiEGh2mqKX7OfflCj2Pqz
2021-09-28T18:13:30.003905590Z 897 qzkg4WTyf2j1SySq3U9QGPRWdl3bB0czJKv5rskOUB6HZ1MMmFNmtSMMENeg
2021-09-28T18:13:30.011938983Z 898 xuScm41Is4UZU11l5N6vWopEl0lybGBvlXooAZO9W8ZWvciJG6cYz3q9f8HW
2021-09-28T18:13:30.018324639Z 899 JZxPB2XBmAgWHLHq2obkmokmsprzEc0wKEr9Z70pwF7EqmuolAEACf2c9zkT
2021-09-28T18:13:30.019823457Z 900 n3ZDi9kaqnPgcCJwBx35eWnEMfEwbA0uo9HVFba0hXrRIFSS95t0ryhZFaiy
2021-09-28T18:13:30.028870503Z 901 a6OsCmwy3j2me2xPyHG9mLBRnwgeK22F7pilO9UemVTgRhVvi5XtHwyXoZhd
2021-09-28T18:13:30.034176628Z 902 dHrlzM12LhtxywbevJY002VGgqK0OIvJL0MTipyoIMXTAs71jsPFOkN73nhj
2021-09-28T18:13:30.039483608Z 903 z1rfFXxHj5GltYzWUCXXfnIvFhfRhaWaaVTqrdvjJc4igUpaaMdnEiOxhiwZ
2021-09-28T18:13:30.044815572Z 904 h0TnwSiGKTJFFoPb4HXqQ1EGIbf5Cas4POa3T8h3NGd0J9Bh6S2sVIQqZCcK
2021-09-28T18:13:30.051520936Z 905 ZDGQZtxanc4tGC8k30qlg1dN9aLlLSVGDaqIdcUCEJ55uKKjiFW4p3yp3dWB
2021-09-28T18:13:30.057119726Z 906 iNA9pQzNq0zF7j1X6830PYKvB8CWWWTACKrbY5vmWmBGV86xikUk06WTJqsf
2021-09-28T18:13:30.061326999Z 907 oYLq7oe7NsNH85YfxStxwCMn6brlcO1Wulkexg091BRReY4LeziWrdX0fL3R
2021-09-28T18:13:30.065330131Z 908 dnmOmXdyzWrEihAbBGwKXFKGjL4LyNGuUbYc5czoK2BHVwMTX7PcCT1zyEZO
2021-09-28T18:13:30.071626461Z 909 1qoxufP0SPVxVEmVmptWNz95jqjmh5Tz7TjiyX2dYXSjhWkq20iGN68fPaPH
2021-09-28T18:13:30.076737327Z 910 eLPemxrDEaxfUu9NtaxdxVwnmYbb2SfWwIWUbMXhS4wvLmqZG9nyy1TSbFnS
2021-09-28T18:13:30.083141897Z 911 R3v6zwg7uPElLsW0K8B3m55AYsEpxlxDuEEtjdWAM2c9fpbF0qrVmtnffDqK
2021-09-28T18:13:30.088546792Z 912 Mxd6qj3jUZZo7lTr0232NQ09sYJwTZ6n9n9YClfVGYNuHomEgOyvvLswNW50
2021-09-28T18:13:30.089806426Z 913 mfG5Yx8329v5MYsjSLhwmXYefaDF3FVoQrAg6lVGRILRPjsZz0BALhu94fb4
2021-09-28T18:13:30.097148094Z 914 hWKHTs1iuXVj5An5vZ2bfoNWDYXFUDHzAmMVO9HFw38tKlr3W17AUakok4tr
2021-09-28T18:13:30.098641871Z 915 pFKvBIVUZhBwK35tQLIsVPQiyrnq40g9JjpQh7bpyNhGOfpXdnWcNXvEx0xm
2021-09-28T18:13:30.101405569Z 916 UubbCx1wiMjdDeOxeVmwgwSeGgG654VLF5hOAcRQadLkllM0eb0azPwkhpo2
2021-09-28T18:13:30.114221210Z 917 eghmlc3QCH5GXhWIF11AYZCS3WP0F6wWCSEV32sdz6amExvDZXGpJ9w4lry0
2021-09-28T18:13:30.118537168Z 918 ybjiQv3VG482oYdUqchtbKiS6j8SkXtK2NYpA1H5hyPDzmmbENF1HVMebP5Y
2021-09-28T18:13:30.123312545Z 919 Od3IRo0rrCvON77XqG5kq6IR73B5g93O9yq5AmhSZLe2hH5TiUlSK4ZCECu1
2021-09-28T18:13:30.125597261Z 920 z0XsBD5vu8PQQXfPeDdJSZaNDuXTftHI6rfGJuSnJHAegrQMwdt83Rm3hsl0
2021-09-28T18:13:30.128016180Z 921 QoVVem919Rdd0ZqbOpRh7lVukw88jysNk852E2jq9KHRvPBRMoEV9kQX5ZRJ
2021-09-28T18:13:30.136592046Z 922 G1qUQoyTYlf2l8NmoNzb9Njv5lpw8wfA18BPB1zFocAEhMehBHq2TkDSdyLF
2021-09-28T18:13:30.142164210Z 923 lgWxHXRzMRfDlt3Ws0Rq0xZUp0f7HVhIURW6mGW6Qr1gE4sf12VsDEpSIoeR
2021-09-28T18:13:30.146053631Z 924 Y7SuN2jTMF14KyjnD0Jjtf3h0rEm3JY4oqSZTrn2jXf8E92PXDrpxtWlhxML
2021-09-28T18:13:30.152551416Z 925 OuPMOTM08rTJt4d2IYrca4J9xmFcODmWREPQ0alsAW4VIVltmYrVhlEYFJhO
2021-09-28T18:13:30.158272720Z 926 DBYmSZM91608cyHzPFrF2lHvzsBpJLqWxmIvr6GuLD6w4nnvvdkahsQlsDys
2021-09-28T18:13:30.163344644Z 927 qnU3F48sohpA8ntDyvhGDddilYbHUuIwitA8UMtG5S8VpL2z6IgbRr1UZN6u
2021-09-28T18:13:30.167999459Z 928 4FkijF5fDw4KeTlkRLafm24RDADc5QdAVf7mt62LQVHjzibgjKuSdzf7BliA
2021-09-28T18:13:30.171836877Z 929 u1Ed9LbhCd0DeTC1amuuAL7kLDRyPUOJ900l2F0Jscc7Nj4R2dvGBJVgS6mU
2021-09-28T18:13:30.178608447Z 930 FGUDHlP3oHY7e362EUN4A7jw6nNSZoIHIseBWG3jEtlRv4v9epUlTONXo9zG
2021-09-28T18:13:30.184388541Z 931 WLlGqvILmLiVQpEwdmTfdTqXpyvJVZZlMZnGyD1XNSbkyrtS6cTTlKRWNtQf
2021-09-28T18:13:30.189867791Z 932 gzQZOlR3pTYO2jxf5Gc11TQOb8oKL0qBmFEpv5pm1oQP6L5vGQZeVHZeWGq8
2021-09-28T18:13:30.194004235Z 933 NYnHZ7cdf3gX1DPsT0b9LsLh2mZbTFIrqQJv0UfLRmTqBIKykbFeVSjU5od9
2021-09-28T18:13:30.199551422Z 934 jLsdjV30AifHDR8WVMAqWNja0N3n3MiwUSFRocyAsxdVR7N6r0z0hRFRxmCl
2021-09-28T18:13:30.205010047Z 935 R5wfrlpHRRLcPUImN5PylmeFJ7OgQSAoCPyOCj6GlQPAcMQI9NfR7l3HJNAm
2021-09-28T18:13:30.209467744Z 936 XYXwzlPgeTUPwmLI9a4XwecKC8dMaTD2idWI9tqiKuzOAIzyKVKDcs7Hf1QJ
2021-09-28T18:13:30.213310844Z 937 jN9YevvsiwQyJoaIjh79UJqrJXRatsZFn9TYLQAA942oKjT7zu1Fk37EPI2t
2021-09-28T18:13:30.218578266Z 938 egWw0ZK9eAGUJguOxAHzJOOueG1KqKWPZ7bS5GRNSGsIP1ZtdBXpkJJ1vMWT
2021-09-28T18:13:30.225750624Z 939 dV7rvkjhQnQiMQiuM19hI93TDHnYZWuVdoId0uUM9kfYmN35o1PUV8AN5edy
2021-09-28T18:13:30.230083040Z 940 6HIMaun2Da2vCz5s12lQC8zp4tzVEoFr9eiYWZWTCMbRLdeaj9UnMCsHRzjl
2021-09-28T18:13:30.234654861Z 941 5W3o4Yz8q0JrzUdoWhdYkyxXtb7j37JX4sX5mxFu4MsDQrbnwUughJ24VRjD
2021-09-28T18:13:30.239086062Z 942 SC4BCsybcDcjd5EwbkF1jDNiCsZvdERleCQqX1862WfqvGudPjj1SwQ6by3k
2021-09-28T18:13:30.243744151Z 943 wm1kp89wyjyxd6a9Evk8UZvcj9pbipArmnQQSIgA6urHVN8Gp798eeQCXYiF
2021-09-28T18:13:30.248428498Z 944 yXZzo7WoAZaQswQTPC3lVq456JM3kv3QE2vh5LdmmknLYhvygC6RTPif2eNP
2021-09-28T18:13:30.256815534Z 945 wRH8SjkdsAvWHzzL276jVj1ApLH4TCu2JbAe66BJiUflrIGUkw4M3LNxID2j
2021-09-28T18:13:30.260800311Z 946 jPQDitoqu8m4YORRajBtNritxQLOl7wwHjAimlgi7UFGOR8SYUEQMOfaULdi
2021-09-28T18:13:30.265543854Z 947 u6dzq7Mseg935kYkCUgU7Gh8lcNgAd14hmjjS27G0sHPwAlljJQZLaqNm2ef
2021-09-28T18:13:30.270936609Z 948 rRXaFoDYShTwtE3xXNDAOmYW3c5odnCacJyqPVWzpSKVAR5qCtWKAFw50gBF
2021-09-28T18:13:30.276513155Z 949 Zg1aC8ph4lEvBEKnPVIA2P4H1x6swHHCmNJ6FLrqiCcJIEPRo19IuPl0AnZV
2021-09-28T18:13:30.281451208Z 950 cebWGlk04WvrqSchDh5SazNXNIjhW0gpfLCZDHKHpGzfvQLRXNp1Nfgz5QzU
2021-09-28T18:13:30.287815283Z 951 eJOOSv0HJJNcf3hMl4ewg6Uf2TnWrmO7Ho88jfkEOssVPaCyRbCKTeGC1mn6
2021-09-28T18:13:30.292729874Z 952 4caftqJNiSlUvcbusqfgNyN4dg643KtvuaendizTK9AtQeEmDwew2nS94U99
2021-09-28T18:13:30.297418031Z 953 hqLX0hEiK0xphK0lMkCTE51d3hkkpu4O8JReFS83dnk6WqGJOTkJ1SQady4T
2021-09-28T18:13:30.301852646Z 954 xdp5Neglsg020mw2H8N7mU47Dgfv96wmvtzZyHkmJ8CLghSZP2n4cJ3PskLF
2021-09-28T18:13:30.307753892Z 955 5kSSCU7IJMMVEhlIgd4LC0B7LDgfxK9v9xL35zqqdbbXedW55s9QU1fRsViT
2021-09-28T18:13:30.309916401Z 956 QbJt7aabtlZrd0d9Y1PGMGBD039qweJQQpHPgkMY0ouocDgfohoA0xFJNmcO
2021-09-28T18:13:30.317746162Z 957 3TaPP4D9ltLDr5RNOyb5vZjjcpCKZUT7jxzew3W3ELHyRqQFtlfbcgakM3le
2021-09-28T18:13:30.323460288Z 958 kJSjdJkyaOHXLs3s1FeBSrJv9ncKiDBqXv45AI9uLEo5QNBXnnXUoyPwdxoJ
2021-09-28T18:13:30.330359321Z 959 ROoLd84DE1etS54RWj0VXIUEqz6m7dCqPHY59Zsz6M0BcVttZoFd7KcYTAJM
2021-09-28T18:13:30.335755178Z 960 doJHHAweu71U4C4uYYDpdRQCdULmViw13M8trAfGFXdbUpvxV9AhzmbUeyRj
2021-09-28T18:13:30.341449144Z 961 UM8oT54HvQ4gKAM7pcscomOgjM1ld3L73HS2Gm1KQGinLVjYQ1YqYzihbo6t
2021-09-28T18:13:30.346227972Z 962 FH6NsI7UedChPjIqcgeG3MxeFk6JnCka2dZRAhW4yS6LvCiIRp8nmjeJtA50
2021-09-28T18:13:30.352597601Z 963 nQs8HoRpqHBIEavHgaH8J9br2iohlxhov5RfHYQgCjyoslqX0tqI5DUnqf5W
2021-09-28T18:13:30.355109578Z 964 TzGe5TFBidvWUTeuydAV9RGdpIolRsV6S96IrITcmb5O9871gzbElgMVdRUA
2021-09-28T18:13:30.361345236Z 965 VlVfX3pNBZfuqsVeO7IbYBCWQoYAMDKJeNtC4O6iPPV6E1JmLOSNsaQdXiLX
2021-09-28T18:13:30.366332205Z 966 2nhI5hnJymEGsknqDUUHxpnmD52aQosVEmV8btckck22FaOT1gUU9g66wERL
2021-09-28T18:13:30.371638608Z 967 a4vm2m7gxS0CGCDtjxQGYhJt4TSbckBvTwRfodWgVgxjNpuGW36tiacXVGC4
2021-09-28T18:13:30.376724402Z 968 UtOw4VmDc08ALTd1q5bPiDMqR6wUuEzDoT8UHCqmpksue3zreyYzD5ZMzu7N
2021-09-28T18:13:30.379108357Z 969 NrHsO30s1WHT6zcBXmtuOjQJweCgANCVs58CNieUhMfYAyH5IKOFajw8eCtB
2021-09-28T18:13:30.386816412Z 970 wswYcO1oXRg9w1F3fLsPcdrZVJ5i3ysXs80ySxCXVQaq8WTuCkkx4G9sI3mw
2021-09-28T18:13:30.390049778Z 971 yy9mAixuARdbS4UA1wiD4eIGyGEGt1Z4j7x3VqwfIHdM2EqfNCqNVsJsIbtZ
2021-09-28T18:13:30.396151602Z 972 OGp3TnP86Cf14AEMCgiGTns3Aop615kfInDyGlbcY5hPWT2ts7rIjX4QCxA3
2021-09-28T18:13:30.401500601Z 973 lN0heXdcpBGRJHVABJpFE1N3l2JA1k9EKcK5sapE9e46KCQnpvT7eDfaX3A7
2021-09-28T18:13:30.408064968Z 974 XNREB3sWzuP3uVOD81E94nrxH6IH8V8WyBFNvT3Idei7et9wX7fqZGxJSwk1
2021-09-28T18:13:30.410703291Z 975 yieWo04qHfuPP2sv40M31LE0CHXHdtHZM2gCv4PjM4PyQa6JVWBFuRigZUl8
2021-09-28T18:13:30.417836203Z 976 hSTUGmrJALQk3D85ItFiuTEloFNaYiR30ARGsbWnqNQ6O6ytMyKydrYH0zeQ
2021-09-28T18:13:30.424626293Z 977 eXr9msvxlvgNSutYwrzyy0lg81YLzTq6OlFYqzmFeH6O59vbwe7ujGaowyYK
2021-09-28T18:13:30.427603712Z 978 8hfs91LPin6SVgwLfpfV4i1NfVaGFjMwcJgwt2Hh9NLxGF8XTtenI3rvyEUV
2021-09-28T18:13:30.429899961Z 979 pstP7azsT23X7JS9IEr5U2LVHNrc7pbXaTAC3b92UHAzAEsZcGXJfVFkpNu8
2021-09-28T18:13:30.441395893Z 980 AnNR6lMzHgMxa5EdJ8WZRXLhiA1Zb2VllqM321rscxPFpg5rrmgAJRwq542R
2021-09-28T18:13:30.447378362Z 981 OnYAiJ6CJj8Ln7avZbGEuqYGSNxAyO8QzCsaOaxX6ZkZ9JyiR3lfAgk8ZihH
2021-09-28T18:13:30.449400988Z 982 L9409QumCXmC8mZmif35jBOFcliLeYUlxOa1HPBn5fDqSgoD79qKvJdxNLoO
2021-09-28T18:13:30.455695018Z 983 DRjJwh0NdCkA6Ut0IPWcAYOXPWHiKg8Jaef0b9he5E5dtUKzKVxzRdltJ3DO
2021-09-28T18:13:30.460861433Z 984 V2m78qIvXRZYQMsrUwEU1vmEn2JQpuotu7JZXHvOwnozQ0je1yF055Xg33zl
2021-09-28T18:13:30.463345475Z 985 jOom0rV40atxQ15IUoZYNIZO100zEOdXbaLQyE7ae5df0Jx8vIMcqlO8NmiG
2021-09-28T18:13:30.472104827Z 986 Gy7sSAGpGd29A58ikd1ssW9pputG0DuVWgR5mFDRE4dMNEVR3MqALqC4ucQj
2021-09-28T18:13:30.478022388Z 987 2SgUKOkmza9ba4fBoeIPvzUZp6OZ0a6PlC6MSKg9QjgPRiLuNwukrw7pwJqg
2021-09-28T18:13:30.484534717Z 988 qNG76UwPPYBNaV6bXwnz4DhAlXblJW84BTXNRAUYDfXVtDdgZoZwrlTaJ8if
2021-09-28T18:13:30.489046168Z 989 ZNkGfyTX900dGYD8NtKVjofd4V7L0ATQjz1AkWLydtXQ2YsX7YSKndrHFqa1
2021-09-28T18:13:30.494274405Z 990 gzFodcHbHKSHo9b4q3Io77iJcJ4x5wnjkN7zEu2UWFFcWk5h3sRvOtd0hgP6
2021-09-28T18:13:30.500251446Z 991 PwLhELYCmeGzMHF8myCTGrdfkiUwcDC9TR9nZGRHBxcHgVZUEy9hseRvfPI8
2021-09-28T18:13:30.507120660Z 992 JXMUmf5MxcesCY9xO6AUL1bUqQhws4H438cKH4zElzJenYMZ620ZKcKUPAd7
2021-09-28T18:13:30.511879140Z 993 q2QpWGIwIr3id5jEbxMW267y2iqK8GzP4OPq8yT2j8ehdJVum1gCTk6JBsIc
2021-09-28T18:13:30.517044842Z 994 FtuIA0fBgYt0WXHeHZarpzqDcHdRx1dyt9Us89kzhNEKnEhb18nPVXAm1Cc1
2021-09-28T18:13:30.519583308Z 995 z3YD8hmp6UDn0ke0JOO4W6C4uaFUpM2uRqXzAEUazFk7rtnCmsrfeeRC88Zn
2021-09-28T18:13:30.532493380Z 996 NkwnMkBq7rloTtlmNvAYG6eCXhbLT2cwGty4hJ1RxMzknAvkaAbGXrRqZQii
2021-09-28T18:13:30.537194702Z 997 5FJNgpbAVTZzUdi3n1ETkh0xxeM3nuSVvrf1nVqnyan9GExGW4ezFyHGpFx8
2021-09-28T18:13:30.543050668Z 998 gt943wt0ZZgLcuPPVh5Y2AY163ChVZzqzVw843tvF83QZNyfLonTudZBt0fn
2021-09-28T18:13:30.548593367Z 999 4knKsvfgkupBd6x4gOSeIYGEXclQs7YLYYWrkIpxCcxiFpOIBfKfdiunTBfh
