2021-09-29T22:31:46.622236406Z  running: (['/opt/scylladb/scripts/scylla_dev_mode_setup', '--developer-mode', '1'],)
2021-09-29T22:31:47.178643227Z  running: (['/opt/scylladb/scripts/scylla_io_setup'],)
2021-09-29T22:31:47.584047757Z  2021-09-29 22:31:47,583 CRIT Supervisor is running as root.  Privileges were not dropped because no user is specified in the config file.  If you intend to run as root, you can set user=root in the config file to avoid this message.
2021-09-29T22:31:47.584245449Z  2021-09-29 22:31:47,583 INFO Included extra file "/etc/supervisord.conf.d/node-exporter.conf" during parsing
2021-09-29T22:31:47.584443360Z  2021-09-29 22:31:47,584 INFO Included extra file "/etc/supervisord.conf.d/rsyslog.conf" during parsing
2021-09-29T22:31:47.584635661Z  2021-09-29 22:31:47,584 INFO Included extra file "/etc/supervisord.conf.d/scylla-housekeeping.conf" during parsing
2021-09-29T22:31:47.584839097Z  2021-09-29 22:31:47,584 INFO Included extra file "/etc/supervisord.conf.d/scylla-jmx.conf" during parsing
2021-09-29T22:31:47.585033668Z  2021-09-29 22:31:47,584 INFO Included extra file "/etc/supervisord.conf.d/scylla-server.conf" during parsing
2021-09-29T22:31:47.585248388Z  2021-09-29 22:31:47,584 INFO Included extra file "/etc/supervisord.conf.d/sshd-server.conf" during parsing
2021-09-29T22:31:47.630589186Z  2021-09-29 22:31:47,630 INFO RPC interface 'supervisor' initialized
2021-09-29T22:31:47.630905549Z  2021-09-29 22:31:47,630 CRIT Server 'inet_http_server' running without any HTTP authentication checking
2021-09-29T22:31:47.631360629Z  2021-09-29 22:31:47,631 INFO supervisord started with pid 26
2021-09-29T22:31:48.641482174Z  2021-09-29 22:31:48,634 INFO spawned: 'scylla' with pid 29
2021-09-29T22:31:48.641540811Z  2021-09-29 22:31:48,637 INFO spawned: 'scylla-housekeeping' with pid 30
2021-09-29T22:31:48.641554227Z  2021-09-29 22:31:48,639 INFO spawned: 'sshd' with pid 31
2021-09-29T22:31:48.671035042Z  2021-09-29 22:31:48,670 INFO spawned: 'scylla-jmx' with pid 32
2021-09-29T22:31:48.702087062Z  2021-09-29 22:31:48,701 INFO spawned: 'rsyslog' with pid 33
2021-09-29T22:31:48.704649758Z  2021-09-29 22:31:48,704 INFO spawned: 'node-exporter' with pid 35
2021-09-29T22:31:48.887593488Z  Generating public/private ed25519 key pair.
2021-09-29T22:31:48.887630013Z  Your identification has been saved in /etc/ssh/ssh_host_ed25519_key.
2021-09-29T22:31:48.887656248Z  Your public key has been saved in /etc/ssh/ssh_host_ed25519_key.pub.
2021-09-29T22:31:48.887668214Z  The key fingerprint is:
2021-09-29T22:31:48.887679133Z  SHA256:UlSNBKDbF0cMH5HA2bHXlxRm7G61mrAx45QJ53LvIyg root@3643716cc5ad
2021-09-29T22:31:48.887689499Z  The key's randomart image is:
2021-09-29T22:31:48.887699235Z  +--[ED25519 256]--+
2021-09-29T22:31:48.887708987Z  |      .o=XB*  .=.|
2021-09-29T22:31:48.887718611Z  |     . .oo=o..+..|
2021-09-29T22:31:48.887728158Z  |    .   o + . o..|
2021-09-29T22:31:48.887737825Z  |     o . + o   o.|
2021-09-29T22:31:48.887747748Z  |    . o S + o . o|
2021-09-29T22:31:48.887780324Z  |       o . @   + |
2021-09-29T22:31:48.887790810Z  |          * B +  |
2021-09-29T22:31:48.887799854Z  |       E . + =   |
2021-09-29T22:31:48.887808858Z  |        .   o..  |
2021-09-29T22:31:48.887817831Z  +----[SHA256]-----+
2021-09-29T22:31:48.901645414Z  time="2021-09-29T22:31:48Z" level=info msg="Starting node_exporter (version=0.17.0, branch=HEAD, revision=f6f6194a436b9a63d0439abc585c76b19a206b21)" source="node_exporter.go:82"
2021-09-29T22:31:48.901675832Z  time="2021-09-29T22:31:48Z" level=info msg="Build context (go=go1.11.2, user=root@322511e06ced, date=20181130-15:51:33)" source="node_exporter.go:83"
2021-09-29T22:31:48.901700779Z  time="2021-09-29T22:31:48Z" level=info msg="Enabled collectors:" source="node_exporter.go:90"
2021-09-29T22:31:48.901712299Z  time="2021-09-29T22:31:48Z" level=info msg=" - arp" source="node_exporter.go:97"
2021-09-29T22:31:48.901722119Z  time="2021-09-29T22:31:48Z" level=info msg=" - bcache" source="node_exporter.go:97"
2021-09-29T22:31:48.901823645Z  time="2021-09-29T22:31:48Z" level=info msg=" - bonding" source="node_exporter.go:97"
2021-09-29T22:31:48.901838883Z  time="2021-09-29T22:31:48Z" level=info msg=" - conntrack" source="node_exporter.go:97"
2021-09-29T22:31:48.901879544Z  time="2021-09-29T22:31:48Z" level=info msg=" - cpu" source="node_exporter.go:97"
2021-09-29T22:31:48.901891091Z  time="2021-09-29T22:31:48Z" level=info msg=" - diskstats" source="node_exporter.go:97"
2021-09-29T22:31:48.901900504Z  time="2021-09-29T22:31:48Z" level=info msg=" - edac" source="node_exporter.go:97"
2021-09-29T22:31:48.901909752Z  time="2021-09-29T22:31:48Z" level=info msg=" - entropy" source="node_exporter.go:97"
2021-09-29T22:31:48.901919076Z  time="2021-09-29T22:31:48Z" level=info msg=" - filefd" source="node_exporter.go:97"
2021-09-29T22:31:48.901928184Z  time="2021-09-29T22:31:48Z" level=info msg=" - filesystem" source="node_exporter.go:97"
2021-09-29T22:31:48.901937792Z  time="2021-09-29T22:31:48Z" level=info msg=" - hwmon" source="node_exporter.go:97"
2021-09-29T22:31:48.901962184Z  time="2021-09-29T22:31:48Z" level=info msg=" - infiniband" source="node_exporter.go:97"
2021-09-29T22:31:48.901971922Z  time="2021-09-29T22:31:48Z" level=info msg=" - interrupts" source="node_exporter.go:97"
2021-09-29T22:31:48.901981217Z  time="2021-09-29T22:31:48Z" level=info msg=" - ipvs" source="node_exporter.go:97"
2021-09-29T22:31:48.901990637Z  time="2021-09-29T22:31:48Z" level=info msg=" - loadavg" source="node_exporter.go:97"
2021-09-29T22:31:48.901999839Z  time="2021-09-29T22:31:48Z" level=info msg=" - mdadm" source="node_exporter.go:97"
2021-09-29T22:31:48.902008980Z  time="2021-09-29T22:31:48Z" level=info msg=" - meminfo" source="node_exporter.go:97"
2021-09-29T22:31:48.902023017Z  time="2021-09-29T22:31:48Z" level=info msg=" - netclass" source="node_exporter.go:97"
2021-09-29T22:31:48.902033340Z  time="2021-09-29T22:31:48Z" level=info msg=" - netdev" source="node_exporter.go:97"
2021-09-29T22:31:48.902355402Z  time="2021-09-29T22:31:48Z" level=info msg=" - netstat" source="node_exporter.go:97"
2021-09-29T22:31:48.902405612Z  time="2021-09-29T22:31:48Z" level=info msg=" - nfs" source="node_exporter.go:97"
2021-09-29T22:31:48.905488249Z  time="2021-09-29T22:31:48Z" level=info msg=" - nfsd" source="node_exporter.go:97"
2021-09-29T22:31:48.905540995Z  time="2021-09-29T22:31:48Z" level=info msg=" - sockstat" source="node_exporter.go:97"
2021-09-29T22:31:48.905553771Z  time="2021-09-29T22:31:48Z" level=info msg=" - stat" source="node_exporter.go:97"
2021-09-29T22:31:48.905563577Z  time="2021-09-29T22:31:48Z" level=info msg=" - textfile" source="node_exporter.go:97"
2021-09-29T22:31:48.905573157Z  time="2021-09-29T22:31:48Z" level=info msg=" - time" source="node_exporter.go:97"
2021-09-29T22:31:48.905582833Z  time="2021-09-29T22:31:48Z" level=info msg=" - timex" source="node_exporter.go:97"
2021-09-29T22:31:48.905592206Z  time="2021-09-29T22:31:48Z" level=info msg=" - uname" source="node_exporter.go:97"
2021-09-29T22:31:48.905616656Z  time="2021-09-29T22:31:48Z" level=info msg=" - vmstat" source="node_exporter.go:97"
2021-09-29T22:31:48.905626518Z  time="2021-09-29T22:31:48Z" level=info msg=" - xfs" source="node_exporter.go:97"
2021-09-29T22:31:48.905635860Z  time="2021-09-29T22:31:48Z" level=info msg=" - zfs" source="node_exporter.go:97"
2021-09-29T22:31:48.905645356Z  time="2021-09-29T22:31:48Z" level=info msg="Listening on :9100" source="node_exporter.go:111"
2021-09-29T22:31:49.909749155Z  2021-09-29 22:31:49,909 INFO success: scylla entered RUNNING state, process has stayed up for > than 1 seconds (startsecs)
2021-09-29T22:31:49.909836236Z  2021-09-29 22:31:49,909 INFO success: scylla-housekeeping entered RUNNING state, process has stayed up for > than 1 seconds (startsecs)
2021-09-29T22:31:49.909971719Z  2021-09-29 22:31:49,909 INFO success: sshd entered RUNNING state, process has stayed up for > than 1 seconds (startsecs)
2021-09-29T22:31:49.909988164Z  2021-09-29 22:31:49,909 INFO success: scylla-jmx entered RUNNING state, process has stayed up for > than 1 seconds (startsecs)
2021-09-29T22:31:49.910099347Z  2021-09-29 22:31:49,909 INFO success: rsyslog entered RUNNING state, process has stayed up for > than 1 seconds (startsecs)
2021-09-29T22:31:49.910203218Z  2021-09-29 22:31:49,910 INFO success: node-exporter entered RUNNING state, process has stayed up for > than 1 seconds (startsecs)
2021-09-29T22:31:49.941524625Z  Scylla version 4.4.4-0.20210801.69daa9fd0 with build-id eb11cddd30e88ef39c32c847e70181b5cf786355 starting ...
2021-09-29T22:31:49.941604751Z  command used: "/usr/bin/scylla --log-to-syslog 0 --log-to-stdout 1 --default-log-level info --network-stack posix --developer-mode=1 --overprovisioned --listen-address 10.0.41.8 --rpc-address 10.0.41.8 --seed-provider-parameters seeds=10.0.41.8 --blocked-reactor-notify-ms 999999999"
2021-09-29T22:31:49.941617949Z  parsed command line options: [log-to-syslog: 0, log-to-stdout: 1, default-log-level: info, network-stack: posix, developer-mode: 1, overprovisioned, listen-address: 10.0.41.8, rpc-address: 10.0.41.8, seed-provider-parameters: seeds=10.0.41.8, blocked-reactor-notify-ms: 999999999]
2021-09-29T22:31:50.010353297Z  WARN  2021-09-29 22:31:50,009 [shard 0] seastar - Unable to set SCHED_FIFO scheduling policy for timer thread; latency impact possible. Try adding CAP_SYS_NICE
2021-09-29T22:31:50.049653005Z  INFO  2021-09-29 22:31:50,047 [shard 0] init - installing SIGHUP handler
2021-09-29T22:31:50.061541211Z  INFO  2021-09-29 22:31:50,056 [shard 0] init - Scylla version 4.4.4-0.20210801.69daa9fd0 with build-id eb11cddd30e88ef39c32c847e70181b5cf786355 starting ...
2021-09-29T22:31:50.061585230Z  
2021-09-29T22:31:50.061607036Z  INFO  2021-09-29 22:31:50,057 [shard 0] init - starting prometheus API server
2021-09-29T22:31:50.061618930Z  INFO  2021-09-29 22:31:50,059 [shard 0] init - starting tokens manager
2021-09-29T22:31:50.061639940Z  INFO  2021-09-29 22:31:50,059 [shard 0] init - starting migration manager notifier
2021-09-29T22:31:50.061649989Z  INFO  2021-09-29 22:31:50,060 [shard 0] init - creating tracing
2021-09-29T22:31:50.061660140Z  INFO  2021-09-29 22:31:50,060 [shard 0] init - creating snitch
2021-09-29T22:31:50.061669891Z  INFO  2021-09-29 22:31:50,061 [shard 0] init - determining DNS name
2021-09-29T22:31:50.061679996Z  INFO  2021-09-29 22:31:50,061 [shard 0] init - starting API server
2021-09-29T22:31:50.069497098Z  INFO  2021-09-29 22:31:50,062 [shard 0] init - Scylla API server listening on 127.0.0.1:10000 ...
2021-09-29T22:31:50.069565417Z  INFO  2021-09-29 22:31:50,065 [shard 0] init - initializing storage service
2021-09-29T22:31:50.069587787Z  INFO  2021-09-29 22:31:50,065 [shard 0] init - starting per-shard database core
2021-09-29T22:31:50.074115195Z  WARN  2021-09-29 22:31:50,073 [shard 0] init - I/O Scheduler is not properly configured! This is a non-supported setup, and performance is expected to be unpredictably bad.
2021-09-29T22:31:50.074170662Z   Reason found: none of --max-io-requests, --io-properties and --io-properties-file are set.
2021-09-29T22:31:50.074183986Z  To properly configure the I/O Scheduler, run the scylla_io_setup utility shipped with Scylla.
2021-09-29T22:31:50.074193895Z  
2021-09-29T22:31:50.074203061Z  INFO  2021-09-29 22:31:50,073 [shard 0] init - creating and verifying directories
2021-09-29T22:31:50.720302780Z  INFO  2021-09-29 22:31:50,709 [shard 0] database - Populating Keyspace system_schema
2021-09-29T22:31:50.720363505Z  INFO  2021-09-29 22:31:50,709 [shard 0] database - Keyspace system_schema: Reading CF view_virtual_columns id=08843b63-45dc-3be2-9798-a0418295cfaa version=c777531c-15f7-326f-8ebe-39fd0265c8c9
2021-09-29T22:31:50.720376370Z  INFO  2021-09-29 22:31:50,709 [shard 0] database - Keyspace system_schema: Reading CF computed_columns id=cc7c7069-3740-33c1-92a4-c3de78dbd2c4 version=2b8c4439-de76-31e0-807f-3b7290a975d7
2021-09-29T22:31:50.720387228Z  INFO  2021-09-29 22:31:50,709 [shard 0] database - Keyspace system_schema: Reading CF aggregates id=924c5587-2e3a-345b-b10c-12f37c1ba895 version=4b53e92c-0368-3d5c-b959-2ec1bfd1a59f
2021-09-29T22:31:50.720419863Z  INFO  2021-09-29 22:31:50,709 [shard 0] database - Keyspace system_schema: Reading CF functions id=96489b79-80be-3e14-a701-66a0b9159450 version=329ed804-55b3-3eee-ad61-d85317b96097
2021-09-29T22:31:50.720452043Z  INFO  2021-09-29 22:31:50,709 [shard 0] database - Keyspace system_schema: Reading CF views id=9786ac1c-dd58-3201-a7cd-ad556410c985 version=5b58bb47-96e7-3f57-accf-0bfca4dbbc6e
2021-09-29T22:31:50.720463526Z  INFO  2021-09-29 22:31:50,709 [shard 0] database - Keyspace system_schema: Reading CF indexes id=0feb57ac-311f-382f-ba6d-9024d305702f version=99c40462-8687-304e-abe3-2bdbef1f25aa
2021-09-29T22:31:50.720473875Z  INFO  2021-09-29 22:31:50,709 [shard 0] database - Keyspace system_schema: Reading CF types id=5a8b1ca8-6602-3f77-a045-9273d308917a version=de51b2ce-5e4d-3b7d-a75f-2204332ce8d1
2021-09-29T22:31:50.720506261Z  INFO  2021-09-29 22:31:50,709 [shard 0] database - Keyspace system_schema: Reading CF triggers id=4df70b66-6b05-3251-95a1-32b54005fd48 version=582d7071-1ef0-37c8-adc6-471a13636139
2021-09-29T22:31:50.720519858Z  INFO  2021-09-29 22:31:50,709 [shard 0] database - Keyspace system_schema: Reading CF dropped_columns id=5e7583b5-f3f4-3af1-9a39-b7e1d6f5f11f version=7426bc6c-4c2f-3200-8ad8-4329610ed59a
2021-09-29T22:31:50.720542900Z  INFO  2021-09-29 22:31:50,709 [shard 0] database - Keyspace system_schema: Reading CF columns id=24101c25-a2ae-3af7-87c1-b40ee1aca33f version=d33236d4-9bdd-3c09-abf0-a0bc5edc2526
2021-09-29T22:31:50.720555857Z  INFO  2021-09-29 22:31:50,709 [shard 0] database - Keyspace system_schema: Reading CF scylla_tables id=5d912ff1-f759-3665-b2c8-8042ab5103dd version=38e5e56b-155d-39b5-a0d2-8e5dcad42a26
2021-09-29T22:31:50.720566706Z  INFO  2021-09-29 22:31:50,709 [shard 0] database - Keyspace system_schema: Reading CF tables id=afddfb9d-bc1e-3068-8056-eed6c302ba09 version=b6240810-eeb7-36d5-9411-43b2d68dddab
2021-09-29T22:31:50.720577180Z  INFO  2021-09-29 22:31:50,709 [shard 0] database - Keyspace system_schema: Reading CF keyspaces id=abac5682-dea6-31c5-b535-b3d6cffd0fb6 version=e79ca8ba-6556-3f7d-925a-7f20cf57938c
2021-09-29T22:31:51.254385185Z  Connecting to http://localhost:10000
2021-09-29T22:31:51.254428808Z  Starting the JMX server
2021-09-29T22:31:52.032464661Z  Generating public/private rsa key pair.
2021-09-29T22:31:52.032512651Z  Your identification has been saved in /etc/ssh/ssh_host_rsa_key.
2021-09-29T22:31:52.032527094Z  Your public key has been saved in /etc/ssh/ssh_host_rsa_key.pub.
2021-09-29T22:31:52.032537113Z  The key fingerprint is:
2021-09-29T22:31:52.032546731Z  SHA256:FAjW10zehviAIMJYTbGf1/ZKU5uqd8Qd/W7WCqCGRJA root@3643716cc5ad
2021-09-29T22:31:52.032556248Z  The key's randomart image is:
2021-09-29T22:31:52.032565309Z  +---[RSA 4096]----+
2021-09-29T22:31:52.032574554Z  |+.ooB= ..+.      |
2021-09-29T22:31:52.032583610Z  |.o oE+o..+oo     |
2021-09-29T22:31:52.032592582Z  |    . o.+ o o  . |
2021-09-29T22:31:52.032601579Z  |     o o + .  . .|
2021-09-29T22:31:52.032610362Z  |      + S =... ..|
2021-09-29T22:31:52.032619262Z  |     . o o +oo. .|
2021-09-29T22:31:52.032628207Z  |      . o o.=  ..|
2021-09-29T22:31:52.032637049Z  |       . ..+..  =|
2021-09-29T22:31:52.032658040Z  |        .oo.  .+ |
2021-09-29T22:31:52.032669435Z  +----[SHA256]-----+
2021-09-29T22:31:52.064160081Z  Could not load host key: /etc/ssh/ssh_host_ecdsa_key
2021-09-29T22:31:52.363126651Z  JMX is enabled to receive remote connections on port: 7199
2021-09-29T22:31:53.903826577Z  INFO  2021-09-29 22:31:53,901 [shard 0] database - Populating Keyspace system
2021-09-29T22:31:53.903868241Z  INFO  2021-09-29 22:31:53,901 [shard 0] database - Keyspace system: Reading CF compaction_history id=b4dbb7b4-dc49-3fb5-b3bf-ce6e434832ca version=25cae56a-8d75-39f3-a146-3756ab4981c7
2021-09-29T22:31:53.903880540Z  INFO  2021-09-29 22:31:53,901 [shard 0] database - Keyspace system: Reading CF batchlog id=0290003c-977e-397c-ac3e-fdfdc01d626b version=e2a2e804-49e4-3597-9f16-39fd9475835c
2021-09-29T22:31:53.903891476Z  INFO  2021-09-29 22:31:53,901 [shard 0] database - Keyspace system: Reading CF size_estimates id=618f817b-005f-3678-b8a4-53f3930b8e86 version=6d4dbcff-f05b-3dc3-95ad-f79f7b10504d
2021-09-29T22:31:53.903902023Z  INFO  2021-09-29 22:31:53,901 [shard 0] database - Keyspace system: Reading CF range_xfers id=55d76438-4e55-3f8b-9f6e-676d4af3976d version=dd15a078-409b-350d-9bef-c5f3520832d8
2021-09-29T22:31:53.903912543Z  INFO  2021-09-29 22:31:53,901 [shard 0] database - Keyspace system: Reading CF peer_events id=59dfeaea-8db2-3341-91ef-109974d81484 version=7f874a05-72b8-3c21-9acb-baa164fc351a
2021-09-29T22:31:53.903922892Z  INFO  2021-09-29 22:31:53,901 [shard 0] database - Keyspace system: Reading CF peers id=37f71aca-7dc2-383b-a706-72528af04d4f version=f6f6871f-8c86-3eca-ac0b-2a2e848e395d
2021-09-29T22:31:53.903933256Z  INFO  2021-09-29 22:31:53,901 [shard 0] database - Keyspace system: Reading CF scylla_local id=2972ec7f-fb20-38dd-aac1-d876f2e3fcbd version=5f0b407d-eedf-3845-a48e-dbb9673d10e1
2021-09-29T22:31:53.903943455Z  INFO  2021-09-29 22:31:53,901 [shard 0] database - Keyspace system: Reading CF schema_aggregates id=a5fc57fc-9d6c-3bfd-a3fc-01ad54686fea version=d06c934f-9a69-374c-86f1-523ab26fb05c
2021-09-29T22:31:53.903953635Z  INFO  2021-09-29 22:31:53,901 [shard 0] database - Keyspace system: Reading CF paxos id=b7b7f0c2-fd0a-3410-8c05-3ef614bb7c2d version=6dd372de-72fb-3e1b-9b8c-f97738a67fe9
2021-09-29T22:31:53.903963790Z  INFO  2021-09-29 22:31:53,901 [shard 0] database - Keyspace system: Reading CF compactions_in_progress id=55080ab0-5d9c-3886-90a4-acb25fe1f77b version=540263f1-40db-3869-8a38-3baadedc222d
2021-09-29T22:31:53.903974120Z  INFO  2021-09-29 22:31:53,901 [shard 0] database - Keyspace system: Reading CF local id=7ad54392-bcdd-35a6-8417-4e047860b377 version=7fa82c2e-5b67-37dd-8e5e-2079e18f1536
2021-09-29T22:31:53.903986184Z  INFO  2021-09-29 22:31:53,901 [shard 0] database - Keyspace system: Reading CF schema_columnfamilies id=45f5b360-24bc-3f83-a363-1034ea4fa697 version=7f7a5fea-07b7-304d-a6f8-f7aec72cabdb
2021-09-29T22:31:53.903997424Z  INFO  2021-09-29 22:31:53,901 [shard 0] database - Keyspace system: Reading CF hints id=2666e205-73ef-38b3-90fe-fecf96e8f0c7 version=0b74fdd1-e96d-309e-a14e-a5bcd7ac885d
2021-09-29T22:31:53.904007705Z  INFO  2021-09-29 22:31:53,901 [shard 0] database - Keyspace system: Reading CF sstable_activity id=5a1ff267-ace0-3f12-8563-cfae6103c65e version=bdec57a3-b234-334b-be9c-7b1f33113995
2021-09-29T22:31:53.904037325Z  INFO  2021-09-29 22:31:53,901 [shard 0] database - Keyspace system: Reading CF IndexInfo id=9f5c6374-d485-3229-9a0a-5094af9ad1e3 version=bbb3743b-351f-3023-b4fc-09a9be37d529
2021-09-29T22:31:53.904049299Z  INFO  2021-09-29 22:31:53,901 [shard 0] database - Keyspace system: Reading CF large_partitions id=8a7fe624-96b0-34b1-b90e-f71bddcdd2d3 version=04fa9920-9369-3a96-be39-6dd9fdc816b6
2021-09-29T22:31:53.904059882Z  INFO  2021-09-29 22:31:53,901 [shard 0] database - Keyspace system: Reading CF scylla_table_schema_history id=0191a53e-40f0-31d4-9171-b0d19ffb17b4 version=2cc890b8-9ade-3afc-ab63-043c8017608e
2021-09-29T22:31:53.904070382Z  INFO  2021-09-29 22:31:53,901 [shard 0] database - Keyspace system: Reading CF large_cells id=ead8bbc5-f146-3ae1-9f71-0b11f9a1d296 version=0d4a6937-a781-3f87-a192-b4e4a4a40acf
2021-09-29T22:31:53.904080862Z  INFO  2021-09-29 22:31:53,901 [shard 0] database - Keyspace system: Reading CF views_builds_in_progress id=b7f2c108-78cd-3c80-9cd5-d609b2bd149c version=b905cce5-1474-3085-819a-7592453e2fb9
2021-09-29T22:31:53.904091278Z  INFO  2021-09-29 22:31:53,901 [shard 0] database - Keyspace system: Reading CF built_views id=4b3c50a9-ea87-3d76-9101-6dbc9c38494a version=a28aa0b3-6def-30a7-9fbe-ce78b3f3c9b9
2021-09-29T22:31:53.904101744Z  INFO  2021-09-29 22:31:53,901 [shard 0] database - Keyspace system: Reading CF scylla_views_builds_in_progress id=a04c7bfd-1e13-36c9-a44d-f22da352281d version=e3fb736c-6956-3990-a31d-9a482279e3fc
2021-09-29T22:31:53.904112224Z  INFO  2021-09-29 22:31:53,901 [shard 0] database - Keyspace system: Reading CF truncated id=38c19fd0-fb86-3310-a4b7-0d0cc66628aa version=6da9a85c-7ae0-3917-aead-54a2f65a57a8
2021-09-29T22:31:53.904124138Z  INFO  2021-09-29 22:31:53,901 [shard 0] database - Keyspace system: Reading CF cdc_local id=0bcaffd4-0c83-3ead-ad13-dc1d5015b77c version=0aa4d3a2-ed95-3ecd-aba0-cd75622ad290
2021-09-29T22:31:53.904135221Z  INFO  2021-09-29 22:31:53,901 [shard 0] database - Keyspace system: Reading CF clients id=ca0f635d-8630-3609-8d93-a1fc06f2a5e5 version=51273ebf-e6f9-3cd5-b455-ea09ad29796f
2021-09-29T22:31:53.904145497Z  INFO  2021-09-29 22:31:53,901 [shard 0] database - Keyspace system: Reading CF schema_keyspaces id=b0f22357-4458-3cdb-9631-c43e59ce3676 version=84d28cef-59f9-34a9-9be5-31c684997f03
2021-09-29T22:31:53.904155917Z  INFO  2021-09-29 22:31:53,901 [shard 0] database - Keyspace system: Reading CF schema_columns id=296e9c04-9bec-3085-827d-c17d3df2122a version=53cfbb66-ee0d-37be-97bb-b2afb3746f85
2021-09-29T22:31:53.904166375Z  INFO  2021-09-29 22:31:53,901 [shard 0] database - Keyspace system: Reading CF schema_triggers id=0359bc71-7123-3ee1-9a4a-b9dfb11fc125 version=75e4ec4c-76da-3f59-984e-66810ba0c62b
2021-09-29T22:31:53.904176692Z  INFO  2021-09-29 22:31:53,902 [shard 0] database - Keyspace system: Reading CF large_rows id=40550f66-0858-39a0-9430-f27fc08034e9 version=aee3acb0-7926-317b-848e-db7bc3721695
2021-09-29T22:31:53.904187151Z  INFO  2021-09-29 22:31:53,902 [shard 0] database - Keyspace system: Reading CF schema_usertypes id=3aa75225-4f82-350b-8d5c-430fa221fa0a version=3c53e6bb-56d5-3618-a0b2-4ff5f18127d7
2021-09-29T22:31:53.904197495Z  INFO  2021-09-29 22:31:53,902 [shard 0] database - Keyspace system: Reading CF schema_functions id=d1b675fe-2b50-3ca4-8e49-c0f81989dcad version=a50959dd-2be0-3e4e-8bb5-cf40796e256a
2021-09-29T22:31:54.440783506Z  Traceback (most recent call last):
2021-09-29T22:31:54.440846257Z    File "/opt/scylladb/scripts/libexec/scylla-housekeeping", line 208, in <module>
2021-09-29T22:31:54.440858872Z      args.func(args)
2021-09-29T22:31:54.440868145Z    File "/opt/scylladb/scripts/libexec/scylla-housekeeping", line 134, in check_version
2021-09-29T22:31:54.440877653Z      current_version = sanitize_version(get_api('/storage_service/scylla_release_version'))
2021-09-29T22:31:54.440887037Z    File "/opt/scylladb/scripts/libexec/scylla-housekeeping", line 93, in get_api
2021-09-29T22:31:54.440896615Z      return get_json_from_url("http://" + api_address + path)
2021-09-29T22:31:54.440905868Z    File "/opt/scylladb/scripts/libexec/scylla-housekeeping", line 88, in get_json_from_url
2021-09-29T22:31:54.440916007Z      raise RuntimeError(f'Failed to get "{path}" due to the following error: {retval}')
2021-09-29T22:31:54.440925362Z  RuntimeError: Failed to get "http://localhost:10000/storage_service/scylla_release_version" due to the following error: HTTP Error 404: Not Found
2021-09-29T22:32:02.048480104Z  INFO  2021-09-29 22:32:02,048 [shard 0] init - starting gossip
2021-09-29T22:32:02.049040795Z  WARN  2021-09-29 22:32:02,048 [shard 0] init - Using default cluster name is not recommended. Using a unique cluster name will reduce the chance of adding nodes to the wrong cluster by mistake
2021-09-29T22:32:02.049638938Z  INFO  2021-09-29 22:32:02,049 [shard 0] init - seeds={10.0.41.8}, listen_address=10.0.41.8, broadcast_address=10.0.41.8
2021-09-29T22:32:02.050168060Z  INFO  2021-09-29 22:32:02,049 [shard 0] init - starting storage proxy
2021-09-29T22:32:02.059546783Z  INFO  2021-09-29 22:32:02,059 [shard 0] init - starting migration manager
2021-09-29T22:32:02.060109735Z  INFO  2021-09-29 22:32:02,059 [shard 0] init - starting query processor
2021-09-29T22:32:02.061460269Z  INFO  2021-09-29 22:32:02,061 [shard 0] init - initializing batchlog manager
2021-09-29T22:32:02.065026873Z  INFO  2021-09-29 22:32:02,064 [shard 0] format_selector - Selected md sstables format
2021-09-29T22:32:02.066598605Z  INFO  2021-09-29 22:32:02,066 [shard 0] legacy_schema_migrator - Moving 0 keyspaces from legacy schema tables to the new schema keyspace (system_schema)
2021-09-29T22:32:02.067165117Z  INFO  2021-09-29 22:32:02,066 [shard 0] legacy_schema_migrator - Dropping legacy schema tables
2021-09-29T22:32:08.811190775Z  INFO  2021-09-29 22:32:08,810 [shard 0] legacy_schema_migrator - Completed migration of legacy schema tables
2021-09-29T22:32:08.812153894Z  INFO  2021-09-29 22:32:08,811 [shard 0] init - loading system sstables
2021-09-29T22:32:21.415083329Z  INFO  2021-09-29 22:32:21,414 [shard 0] init - loading non-system sstables
2021-09-29T22:32:26.746647091Z  INFO  2021-09-29 22:32:26,745 [shard 0] database - Populating Keyspace system_auth
2021-09-29T22:32:26.747861702Z  INFO  2021-09-29 22:32:26,747 [shard 0] database - Keyspace system_auth: Reading CF roles id=5bc52802-de25-35ed-aeab-188eecebb090 version=e27680b1-de66-382d-be28-d8b1af5c426a
2021-09-29T22:32:26.749036739Z  INFO  2021-09-29 22:32:26,748 [shard 0] database - Keyspace system_auth: Reading CF role_members id=0ecdaa87-f8fb-3e60-88d1-74fb36fe5c0d version=8596efbf-fef9-3624-b16e-66e5a2478839
2021-09-29T22:32:26.750203021Z  INFO  2021-09-29 22:32:26,749 [shard 0] database - Populating Keyspace system_traces
2021-09-29T22:32:26.751391599Z  INFO  2021-09-29 22:32:26,750 [shard 0] database - Keyspace system_traces: Reading CF sessions_time_idx id=0ebf001c-c1d1-3693-9a63-c3d96ac53318 version=53b2b453-8256-3cc0-b8fc-9a32427898a9
2021-09-29T22:32:26.752492404Z  INFO  2021-09-29 22:32:26,751 [shard 0] database - Keyspace system_traces: Reading CF sessions id=c5e99f16-8677-3914-b17e-960613512345 version=7970f395-812c-3650-a170-5741d6f12bd3
2021-09-29T22:32:26.753874370Z  INFO  2021-09-29 22:32:26,753 [shard 0] database - Keyspace system_traces: Reading CF node_slow_log_time_idx id=f9706768-aa1e-3d87-9e5c-51a3927c2870 version=424995db-92cf-3997-81f6-d297ecca59cb
2021-09-29T22:32:26.755474817Z  INFO  2021-09-29 22:32:26,754 [shard 0] database - Keyspace system_traces: Reading CF node_slow_log id=bfcc4e62-5b63-3aa1-a1c3-6f5e47f3325c version=2201e9ba-63d3-38d2-a0d9-6d431f9d0941
2021-09-29T22:32:26.755517524Z  INFO  2021-09-29 22:32:26,754 [shard 0] database - Keyspace system_traces: Reading CF events id=8826e8e9-e16a-3728-8753-3bc1fc713c25 version=82be260f-7d52-372d-8261-918fdad0c51f
2021-09-29T22:32:26.755618068Z  INFO  2021-09-29 22:32:26,754 [shard 0] database - Populating Keyspace dt
2021-09-29T22:32:26.755628002Z  INFO  2021-09-29 22:32:26,754 [shard 0] database - Keyspace dt: Reading CF user id=b60ae340-91bf-11eb-bd25-000000000000 version=cabb4525-43c5-3a15-875d-0fbb3a1cca73
2021-09-29T22:32:26.755658961Z  INFO  2021-09-29 22:32:26,754 [shard 0] database - Keyspace dt: Reading CF twin id=b79af920-91bf-11eb-bd25-000000000000 version=30cd9585-6d13-3469-8542-c8035fe90bbf
2021-09-29T22:32:26.755670387Z  INFO  2021-09-29 22:32:26,754 [shard 0] database - Keyspace dt: Reading CF source_element_idx_index id=c0e86990-91bf-11eb-bd25-000000000000 version=32f76a72-1cb6-3da2-800f-d90dc77b0ec1
2021-09-29T22:32:26.755680402Z  INFO  2021-09-29 22:32:26,754 [shard 0] database - Keyspace dt: Reading CF element_twin_idx_index id=bc170b60-91bf-11eb-bd25-000000000000 version=40dc72bc-79d8-3fc4-9053-c7adde980939
2021-09-29T22:32:26.755701681Z  INFO  2021-09-29 22:32:26,754 [shard 0] database - Keyspace dt: Reading CF source_data id=c370c220-91bf-11eb-bd25-000000000000 version=d447c8b6-e9f4-38c5-a90c-21dc5733d0ff
2021-09-29T22:32:26.755711796Z  INFO  2021-09-29 22:32:26,754 [shard 0] database - Keyspace dt: Reading CF source id=be95c700-91bf-11eb-bd25-000000000000 version=c9d14ff4-95de-3d01-af7a-5eb2a7010809
2021-09-29T22:32:26.756605551Z  INFO  2021-09-29 22:32:26,754 [shard 0] database - Keyspace dt: Reading CF element id=b9b77080-91bf-11eb-bd25-000000000000 version=bcbb5d6d-bdf7-37fe-93b6-dbbed4b6ba76
2021-09-29T22:32:26.756625383Z  INFO  2021-09-29 22:32:26,756 [shard 0] database - Populating Keyspace system_distributed
2021-09-29T22:32:26.756660479Z  INFO  2021-09-29 22:32:26,756 [shard 0] database - Keyspace system_distributed: Reading CF view_build_status id=5582b59f-8e4e-35e1-b913-3acada51eb04 version=e61ea49b-8dbc-3ff6-a69f-896f4d38b7bb
2021-09-29T22:32:26.756672651Z  INFO  2021-09-29 22:32:26,756 [shard 0] database - Keyspace system_distributed: Reading CF cdc_streams_descriptions_v2 id=0bf73fd7-65b2-36b0-85e5-658131d5df36 version=58a18c32-0c5a-34ba-992f-7723dd0265c0
2021-09-29T22:32:26.756696544Z  INFO  2021-09-29 22:32:26,756 [shard 0] database - Keyspace system_distributed: Reading CF cdc_streams_descriptions id=249f0ac2-8856-36d4-9802-f55223eb01c2 version=f727f60d-bfaa-32de-a0d6-898e1cbaf2c9
2021-09-29T22:32:26.756708206Z  INFO  2021-09-29 22:32:26,756 [shard 0] database - Keyspace system_distributed: Reading CF cdc_generation_timestamps id=fdf455c4-cfec-3e00-9719-d7a45436c89d version=5777e043-a81a-3324-8803-b497c056849f
2021-09-29T22:32:26.756740829Z  INFO  2021-09-29 22:32:26,756 [shard 0] database - Keyspace system_distributed: Reading CF cdc_generation_descriptions id=ae653406-7b3e-34aa-af70-d5b90f837c67 version=95e9e159-839f-39b3-990f-8e8a04817ff8
2021-09-29T22:32:31.055481943Z  INFO  2021-09-29 22:32:31,054 [shard 0] init - starting view update generator
2021-09-29T22:32:31.056222453Z  INFO  2021-09-29 22:32:31,055 [shard 0] init - discovering staging sstables
2021-09-29T22:32:31.056874707Z  INFO  2021-09-29 22:32:31,056 [shard 0] init - setting up system keyspace
2021-09-29T22:32:31.073383368Z  INFO  2021-09-29 22:32:31,073 [shard 0] init - starting commit log
2021-09-29T22:32:31.074191548Z  INFO  2021-09-29 22:32:31,073 [shard 0] compaction - [Compact system.truncated 22398d10-2175-11ec-9f18-000000000000] Compacting [/var/lib/scylla/data/system/truncated-38c19fd0fb863310a4b70d0cc66628aa/md-1222-big-Data.db:level=0, /var/lib/scylla/data/system/truncated-38c19fd0fb863310a4b70d0cc66628aa/md-1220-big-Data.db:level=0, ]
2021-09-29T22:32:31.075310281Z  INFO  2021-09-29 22:32:31,074 [shard 1] compaction - [Compact system_distributed.cdc_generation_timestamps 2239b420-2175-11ec-a414-000000000001] Compacting [/var/lib/scylla/data/system_distributed/cdc_generation_timestamps-fdf455c4cfec3e009719d7a45436c89d/md-563-big-Data.db:level=0, /var/lib/scylla/data/system_distributed/cdc_generation_timestamps-fdf455c4cfec3e009719d7a45436c89d/md-561-big-Data.db:level=0, ]
2021-09-29T22:32:31.077612626Z  INFO  2021-09-29 22:32:31,077 [shard 0] init - initializing migration manager RPC verbs
2021-09-29T22:32:31.078402137Z  INFO  2021-09-29 22:32:31,078 [shard 0] init - initializing storage proxy RPC verbs
2021-09-29T22:32:31.079089067Z  INFO  2021-09-29 22:32:31,078 [shard 0] init - starting streaming service
2021-09-29T22:32:31.080160478Z  INFO  2021-09-29 22:32:31,079 [shard 0] init - starting hinted handoff manager
2021-09-29T22:32:31.605655749Z  INFO  2021-09-29 22:32:31,604 [shard 0] init - starting messaging service
2021-09-29T22:32:31.605720647Z  INFO  2021-09-29 22:32:31,605 [shard 0] repair - Setting max_repair_memory=126248550, max_repair_memory_per_range=33554432, max_repair_ranges_in_parallel=1
2021-09-29T22:32:31.606616904Z  INFO  2021-09-29 22:32:31,606 [shard 0] init - starting storage service
2021-09-29T22:32:31.608276405Z  INFO  2021-09-29 22:32:31,607 [shard 0] storage_service - Loading persisted ring state
2021-09-29T22:32:31.610274427Z  INFO  2021-09-29 22:32:31,609 [shard 0] storage_service - initial_contact_nodes={10.0.41.8}, loaded_endpoints={}, loaded_peer_features=0
2021-09-29T22:32:31.610533149Z  INFO  2021-09-29 22:32:31,610 [shard 0] storage_service - Checking remote features with gossip, initial_contact_nodes={10.0.41.8}
2021-09-29T22:32:31.610848462Z  INFO  2021-09-29 22:32:31,610 [shard 0] messaging_service - Starting Messaging Service on port 7000
2021-09-29T22:32:31.611311407Z  INFO  2021-09-29 22:32:31,611 [shard 0] gossip - Gossip shadow round started with nodes={}
2021-09-29T22:32:31.611331467Z  WARN  2021-09-29 22:32:31,611 [shard 0] gossip - All nodes={} are down for get_endpoint_states verb. Skip ShadowRound.
2021-09-29T22:32:31.611356801Z  INFO  2021-09-29 22:32:31,611 [shard 0] gossip - Gossip shadow round finisehd with nodes_talked={}
2021-09-29T22:32:31.611546231Z  INFO  2021-09-29 22:32:31,611 [shard 0] gossip - Feature check passed. Local node 10.0.41.8 features = {CDC, COMPUTED_COLUMNS, CORRECT_COUNTER_ORDER, CORRECT_IDX_TOKEN_IN_SECONDARY_INDEX, CORRECT_NON_COMPOUND_RANGE_TOMBSTONES, CORRECT_STATIC_COMPACT_IN_MC, COUNTERS, DIGEST_FOR_NULL_VALUES, DIGEST_INSENSITIVE_TO_EXPIRY, DIGEST_MULTIPARTITION_READ, HINTED_HANDOFF_SEPARATE_CONNECTION, INDEXES, LARGE_PARTITIONS, LA_SSTABLE_FORMAT, LWT, MATERIALIZED_VIEWS, MC_SSTABLE_FORMAT, MD_SSTABLE_FORMAT, NONFROZEN_UDTS, PER_TABLE_CACHING, PER_TABLE_PARTITIONERS, RANGE_TOMBSTONES, ROLES, ROW_LEVEL_REPAIR, SCHEMA_TABLES_V3, STREAM_WITH_RPC_STREAM, TRUNCATION_TABLE, UNBOUNDED_RANGE_TOMBSTONES, VIEW_VIRTUAL_COLUMNS, WRITE_FAILURE_REPLY, XXHASH}, Remote common_features = {}
2021-09-29T22:32:31.613107637Z  INFO  2021-09-29 22:32:31,612 [shard 0] storage_service - Restarting a node in NORMAL status
2021-09-29T22:32:31.639012549Z  INFO  2021-09-29 22:32:31,638 [shard 0] schema_tables - Schema version changed to 3ed0da5a-9378-3867-8692-45463e52d017
2021-09-29T22:32:31.639258708Z  INFO  2021-09-29 22:32:31,638 [shard 0] storage_service - Starting up server gossip
2021-09-29T22:32:32.385654791Z  INFO  2021-09-29 22:32:32,384 [shard 1] compaction - [Compact system.truncated 23019800-2175-11ec-a414-000000000001] Compacting [/var/lib/scylla/data/system/truncated-38c19fd0fb863310a4b70d0cc66628aa/md-1223-big-Data.db:level=0, /var/lib/scylla/data/system/truncated-38c19fd0fb863310a4b70d0cc66628aa/md-1217-big-Data.db:level=0, ]
2021-09-29T22:32:32.943844661Z  INFO  2021-09-29 22:32:32,941 [shard 0] compaction - [Compact system.peers 235695d0-2175-11ec-9f18-000000000000] Compacting [/var/lib/scylla/data/system/peers-37f71aca7dc2383ba70672528af04d4f/md-608-big-Data.db:level=0, /var/lib/scylla/data/system/peers-37f71aca7dc2383ba70672528af04d4f/md-606-big-Data.db:level=0, ]
2021-09-29T22:32:32.943924616Z  INFO  2021-09-29 22:32:32,942 [shard 0] compaction - [Compact system.compaction_history 2356bce0-2175-11ec-9f18-000000000000] Compacting [/var/lib/scylla/data/system/compaction_history-b4dbb7b4dc493fb5b3bfce6e434832ca/md-668-big-Data.db:level=0, /var/lib/scylla/data/system/compaction_history-b4dbb7b4dc493fb5b3bfce6e434832ca/md-666-big-Data.db:level=0, ]
2021-09-29T22:32:32.993732788Z  INFO  2021-09-29 22:32:32,993 [shard 1] compaction - [Compact system_distributed.cdc_generation_timestamps 2239b420-2175-11ec-a414-000000000001] Compacted 2 sstables to [/var/lib/scylla/data/system_distributed/cdc_generation_timestamps-fdf455c4cfec3e009719d7a45436c89d/md-565-big-Data.db:level=0, ]. 10kB to 5kB (~51% of original) in 1309ms = 4kB/s. ~256 total partitions merged to 1.
2021-09-29T22:32:33.693580196Z  INFO  2021-09-29 22:32:33,692 [shard 1] compaction - [Compact system_schema.computed_columns 23c92dc0-2175-11ec-a414-000000000001] Compacting [/var/lib/scylla/data/system_schema/computed_columns-cc7c7069374033c192a4c3de78dbd2c4/md-597-big-Data.db:level=0, /var/lib/scylla/data/system_schema/computed_columns-cc7c7069374033c192a4c3de78dbd2c4/md-595-big-Data.db:level=0, ]
2021-09-29T22:32:33.911117513Z  INFO  2021-09-29 22:32:33,910 [shard 0] compaction - [Compact system.truncated 22398d10-2175-11ec-9f18-000000000000] Compacted 2 sstables to [/var/lib/scylla/data/system/truncated-38c19fd0fb863310a4b70d0cc66628aa/md-1224-big-Data.db:level=0, ]. 82kB to 76kB (~93% of original) in 1868ms = 41kB/s. ~256 total partitions merged to 2.
2021-09-29T22:32:33.912024459Z  INFO  2021-09-29 22:32:33,911 [shard 0] compaction - [Compact system.peers 235695d0-2175-11ec-9f18-000000000000] Compacted 2 sstables to []. 11kB to 0 bytes (~0% of original) in 1ms = 0 bytes/s. ~256 total partitions merged to 0.
2021-09-29T22:32:34.390945827Z  INFO  2021-09-29 22:32:34,390 [shard 1] compaction - [Compact system.truncated 23019800-2175-11ec-a414-000000000001] Compacted 2 sstables to [/var/lib/scylla/data/system/truncated-38c19fd0fb863310a4b70d0cc66628aa/md-1225-big-Data.db:level=0, ]. 148kB to 74kB (~50% of original) in 1308ms = 56kB/s. ~256 total partitions merged to 6.
2021-09-29T22:32:34.568776098Z  INFO  2021-09-29 22:32:34,567 [shard 0] compaction - [Compact system.local 244eb170-2175-11ec-9f18-000000000000] Compacting [/var/lib/scylla/data/system/local-7ad54392bcdd35a684174e047860b377/md-1248-big-Data.db:level=0, /var/lib/scylla/data/system/local-7ad54392bcdd35a684174e047860b377/md-1246-big-Data.db:level=0, ]
2021-09-29T22:32:34.949979619Z  INFO  2021-09-29 22:32:34,949 [shard 1] compaction - [Compact system_schema.indexes 2488fb50-2175-11ec-a414-000000000001] Compacting [/var/lib/scylla/data/system_schema/indexes-0feb57ac311f382fba6d9024d305702f/md-601-big-Data.db:level=0, /var/lib/scylla/data/system_schema/indexes-0feb57ac311f382fba6d9024d305702f/md-599-big-Data.db:level=0, ]
2021-09-29T22:32:35.143070708Z  INFO  2021-09-29 22:32:35,142 [shard 0] compaction - [Compact system.compaction_history 2356bce0-2175-11ec-9f18-000000000000] Compacted 2 sstables to [/var/lib/scylla/data/system/compaction_history-b4dbb7b4dc493fb5b3bfce6e434832ca/md-670-big-Data.db:level=0, ]. 214kB to 138kB (~64% of original) in 1624ms = 85kB/s. ~640 total partitions merged to 506.
2021-09-29T22:32:35.466356566Z  INFO  2021-09-29 22:32:35,465 [shard 1] compaction - [Compact system_schema.computed_columns 23c92dc0-2175-11ec-a414-000000000001] Compacted 2 sstables to [/var/lib/scylla/data/system_schema/computed_columns-cc7c7069374033c192a4c3de78dbd2c4/md-599-big-Data.db:level=0, ]. 85kB to 46kB (~54% of original) in 1256ms = 36kB/s. ~256 total partitions merged to 3.
2021-09-29T22:32:36.114321548Z  INFO  2021-09-29 22:32:36,113 [shard 1] compaction - [Compact system_schema.functions 253a9810-2175-11ec-a414-000000000001] Compacting [/var/lib/scylla/data/system_schema/functions-96489b7980be3e14a70166a0b9159450/md-549-big-Data.db:level=0, /var/lib/scylla/data/system_schema/functions-96489b7980be3e14a70166a0b9159450/md-547-big-Data.db:level=0, ]
2021-09-29T22:32:36.152959561Z  INFO  2021-09-29 22:32:36,152 [shard 0] compaction - [Compact system.local 244eb170-2175-11ec-9f18-000000000000] Compacted 2 sstables to [/var/lib/scylla/data/system/local-7ad54392bcdd35a684174e047860b377/md-1250-big-Data.db:level=0, ]. 19kB to 12kB (~64% of original) in 1252ms = 9kB/s. ~256 total partitions merged to 1.
2021-09-29T22:32:36.741017431Z  INFO  2021-09-29 22:32:36,740 [shard 1] compaction - [Compact system_schema.indexes 2488fb50-2175-11ec-a414-000000000001] Compacted 2 sstables to [/var/lib/scylla/data/system_schema/indexes-0feb57ac311f382fba6d9024d305702f/md-603-big-Data.db:level=0, ]. 85kB to 46kB (~54% of original) in 1164ms = 39kB/s. ~256 total partitions merged to 3.
2021-09-29T22:32:37.392614819Z  INFO  2021-09-29 22:32:37,391 [shard 1] compaction - [Compact system_schema.types 25fd99f0-2175-11ec-a414-000000000001] Compacting [/var/lib/scylla/data/system_schema/types-5a8b1ca866023f77a0459273d308917a/md-549-big-Data.db:level=0, /var/lib/scylla/data/system_schema/types-5a8b1ca866023f77a0459273d308917a/md-547-big-Data.db:level=0, ]
2021-09-29T22:32:37.938539600Z  INFO  2021-09-29 22:32:37,937 [shard 1] compaction - [Compact system_schema.functions 253a9810-2175-11ec-a414-000000000001] Compacted 2 sstables to [/var/lib/scylla/data/system_schema/functions-96489b7980be3e14a70166a0b9159450/md-551-big-Data.db:level=0, ]. 79kB to 39kB (~50% of original) in 1278ms = 31kB/s. ~256 total partitions merged to 2.
2021-09-29T22:32:38.567439347Z  INFO  2021-09-29 22:32:38,566 [shard 1] compaction - [Compact system_schema.triggers 26b0e460-2175-11ec-a414-000000000001] Compacting [/var/lib/scylla/data/system_schema/triggers-4df70b666b05325195a132b54005fd48/md-549-big-Data.db:level=0, /var/lib/scylla/data/system_schema/triggers-4df70b666b05325195a132b54005fd48/md-551-big-Data.db:level=0, ]
2021-09-29T22:32:39.088524974Z  INFO  2021-09-29 22:32:39,087 [shard 1] compaction - [Compact system_schema.types 25fd99f0-2175-11ec-a414-000000000001] Compacted 2 sstables to [/var/lib/scylla/data/system_schema/types-5a8b1ca866023f77a0459273d308917a/md-551-big-Data.db:level=0, ]. 78kB to 39kB (~50% of original) in 1175ms = 33kB/s. ~256 total partitions merged to 2.
2021-09-29T22:32:39.741786653Z  INFO  2021-09-29 22:32:39,740 [shard 1] compaction - [Compact system_schema.dropped_columns 276407c0-2175-11ec-a414-000000000001] Compacting [/var/lib/scylla/data/system_schema/dropped_columns-5e7583b5f3f43af19a39b7e1d6f5f11f/md-599-big-Data.db:level=0, /var/lib/scylla/data/system_schema/dropped_columns-5e7583b5f3f43af19a39b7e1d6f5f11f/md-597-big-Data.db:level=0, ]
2021-09-29T22:32:40.301656412Z  INFO  2021-09-29 22:32:40,300 [shard 1] compaction - [Compact system_schema.triggers 26b0e460-2175-11ec-a414-000000000001] Compacted 2 sstables to [/var/lib/scylla/data/system_schema/triggers-4df70b666b05325195a132b54005fd48/md-553-big-Data.db:level=0, ]. 78kB to 39kB (~50% of original) in 1174ms = 33kB/s. ~256 total partitions merged to 2.
2021-09-29T22:32:41.080606182Z  INFO  2021-09-29 22:32:41,079 [shard 1] compaction - [Compact system_schema.view_virtual_columns 28305870-2175-11ec-a414-000000000001] Compacting [/var/lib/scylla/data/system_schema/view_virtual_columns-08843b6345dc3be29798a0418295cfaa/md-569-big-Data.db:level=0, /var/lib/scylla/data/system_schema/view_virtual_columns-08843b6345dc3be29798a0418295cfaa/md-567-big-Data.db:level=0, ]
2021-09-29T22:32:41.547536842Z  INFO  2021-09-29 22:32:41,546 [shard 1] compaction - [Compact system_schema.dropped_columns 276407c0-2175-11ec-a414-000000000001] Compacted 2 sstables to [/var/lib/scylla/data/system_schema/dropped_columns-5e7583b5f3f43af19a39b7e1d6f5f11f/md-601-big-Data.db:level=0, ]. 78kB to 39kB (~50% of original) in 1339ms = 29kB/s. ~256 total partitions merged to 2.
2021-09-29T22:32:42.269000973Z  INFO  2021-09-29 22:32:42,268 [shard 1] compaction - [Compact system_schema.aggregates 28e5c5c0-2175-11ec-a414-000000000001] Compacting [/var/lib/scylla/data/system_schema/aggregates-924c55872e3a345bb10c12f37c1ba895/md-549-big-Data.db:level=0, /var/lib/scylla/data/system_schema/aggregates-924c55872e3a345bb10c12f37c1ba895/md-547-big-Data.db:level=0, ]
2021-09-29T22:32:42.796890719Z  INFO  2021-09-29 22:32:42,796 [shard 1] compaction - [Compact system_schema.view_virtual_columns 28305870-2175-11ec-a414-000000000001] Compacted 2 sstables to [/var/lib/scylla/data/system_schema/view_virtual_columns-08843b6345dc3be29798a0418295cfaa/md-571-big-Data.db:level=0, ]. 85kB to 46kB (~54% of original) in 1187ms = 39kB/s. ~256 total partitions merged to 3.
2021-09-29T22:32:43.434949782Z  INFO  2021-09-29 22:32:43,434 [shard 1] compaction - [Compact system_schema.columns 2997b0a0-2175-11ec-a414-000000000001] Compacting [/var/lib/scylla/data/system_schema/columns-24101c25a2ae3af787c1b40ee1aca33f/md-595-big-Data.db:level=0, /var/lib/scylla/data/system_schema/columns-24101c25a2ae3af787c1b40ee1aca33f/md-593-big-Data.db:level=0, ]
2021-09-29T22:32:43.995512509Z  INFO  2021-09-29 22:32:43,994 [shard 1] compaction - [Compact system_schema.aggregates 28e5c5c0-2175-11ec-a414-000000000001] Compacted 2 sstables to [/var/lib/scylla/data/system_schema/aggregates-924c55872e3a345bb10c12f37c1ba895/md-551-big-Data.db:level=0, ]. 78kB to 39kB (~50% of original) in 1165ms = 34kB/s. ~256 total partitions merged to 2.
2021-09-29T22:32:44.557188175Z  INFO  2021-09-29 22:32:44,556 [shard 1] compaction - [Compact system_schema.tables 2a42e4c0-2175-11ec-a414-000000000001] Compacting [/var/lib/scylla/data/system_schema/tables-afddfb9dbc1e30688056eed6c302ba09/md-595-big-Data.db:level=0, /var/lib/scylla/data/system_schema/tables-afddfb9dbc1e30688056eed6c302ba09/md-593-big-Data.db:level=0, ]
2021-09-29T22:32:45.089950715Z  INFO  2021-09-29 22:32:45,089 [shard 1] compaction - [Compact system_schema.columns 2997b0a0-2175-11ec-a414-000000000001] Compacted 2 sstables to [/var/lib/scylla/data/system_schema/columns-24101c25a2ae3af787c1b40ee1aca33f/md-597-big-Data.db:level=0, ]. 119kB to 73kB (~61% of original) in 1122ms = 65kB/s. ~256 total partitions merged to 6.
2021-09-29T22:32:45.643211089Z  INFO  2021-09-29 22:32:45,642 [shard 0] gossip - No gossip backlog; proceeding
2021-09-29T22:32:45.644596482Z  INFO  2021-09-29 22:32:45,644 [shard 0] features - Feature CDC is enabled
2021-09-29T22:32:45.645258769Z  INFO  2021-09-29 22:32:45,644 [shard 0] features - Feature COMPUTED_COLUMNS is enabled
2021-09-29T22:32:45.645291463Z  INFO  2021-09-29 22:32:45,644 [shard 0] features - Feature CORRECT_IDX_TOKEN_IN_SECONDARY_INDEX is enabled
2021-09-29T22:32:45.645307769Z  INFO  2021-09-29 22:32:45,644 [shard 0] features - Feature CORRECT_STATIC_COMPACT_IN_MC is enabled
2021-09-29T22:32:45.645322139Z  INFO  2021-09-29 22:32:45,644 [shard 0] features - Feature DIGEST_FOR_NULL_VALUES is enabled
2021-09-29T22:32:45.645336316Z  INFO  2021-09-29 22:32:45,644 [shard 0] features - Feature DIGEST_INSENSITIVE_TO_EXPIRY is enabled
2021-09-29T22:32:45.645350228Z  INFO  2021-09-29 22:32:45,644 [shard 0] features - Feature HINTED_HANDOFF_SEPARATE_CONNECTION is enabled
2021-09-29T22:32:45.645364194Z  INFO  2021-09-29 22:32:45,644 [shard 0] features - Feature LWT is enabled
2021-09-29T22:32:45.645377688Z  INFO  2021-09-29 22:32:45,644 [shard 0] features - Feature MC_SSTABLE_FORMAT is enabled
2021-09-29T22:32:45.645391226Z  INFO  2021-09-29 22:32:45,644 [shard 0] features - Feature MD_SSTABLE_FORMAT is enabled
2021-09-29T22:32:45.645404824Z  INFO  2021-09-29 22:32:45,644 [shard 0] features - Feature NONFROZEN_UDTS is enabled
2021-09-29T22:32:45.645418438Z  INFO  2021-09-29 22:32:45,644 [shard 0] features - Feature PER_TABLE_CACHING is enabled
2021-09-29T22:32:45.645431916Z  INFO  2021-09-29 22:32:45,644 [shard 0] features - Feature PER_TABLE_PARTITIONERS is enabled
2021-09-29T22:32:45.645445428Z  INFO  2021-09-29 22:32:45,644 [shard 0] features - Feature ROW_LEVEL_REPAIR is enabled
2021-09-29T22:32:45.645459108Z  INFO  2021-09-29 22:32:45,644 [shard 0] features - Feature TRUNCATION_TABLE is enabled
2021-09-29T22:32:45.645493796Z  INFO  2021-09-29 22:32:45,644 [shard 0] features - Feature UNBOUNDED_RANGE_TOMBSTONES is enabled
2021-09-29T22:32:45.645509701Z  INFO  2021-09-29 22:32:45,644 [shard 0] features - Feature VIEW_VIRTUAL_COLUMNS is enabled
2021-09-29T22:32:45.646321132Z  INFO  2021-09-29 22:32:45,645 [shard 0] init - starting system distributed keyspace
2021-09-29T22:32:45.648973194Z  INFO  2021-09-29 22:32:45,648 [shard 0] storage_service - Using saved tokens {9124010895326915551, 8742018973670033125, 8598555156506068168, 859331192677595355, 8489633851918218972, 8404544377773987620, 8334052099869822074, 8027070951690535512, 7653411651769364763, 7643300886773448726, 745698443895614697, 733608372829560431, 6892720454935362021, 6800940363671872258, 6752736840498222835, 7558570794682543277, 6626855036896651415, 6558953552931646742, 654811730000643782, 6453507488197093240, 6418881467918362121, 6257350538314658651, 8694185385366952453, 6236544808742060204, 6205996696401286952, 6181536116480005250, 6173890748576798510, 6168788704115239078, 914767106532303288, 6990363615428460803, 6234359937486042650, 6135487156888480192, 8298670917499244446, 7962637687399845676, 5859809433466828295, 572381649550060741, 5717521671303527835, 6767513432483647708, 5669133658513444829, 5648065983278090801, 5139558912890970065, 490292763971450340, 5088559784364939447, 4887879388920547181, 4864473040594215386, 4821401626888467395, 4584677418481153049, 4568560376040385623, 4425517595667769005, 4212229064000506688, 417323891907213555, 4105567803922032311, 846328848386553100, 4097056052731017739, 4037011506266365719, 397816311326034467, 8807705278705127055, 3960263499412211951, 3895103703505731808, 5319761317396931638, 360597321690183586, 6977453291531829598, 3469791365465559235, 3450799468463193555, 3341791787112106987, 321719263399246289, 495119623429944640, 3188441281592026984, 3132582716025630056, 2897978825010732891, 2798599672396321233, 6722262565665525082, 3655246620504891712, 2727978900950034079, 2523679024489419468, 2246314149549274080, 2111447425244342721, 4342425971260087537, 2072681479362054742, 1722652131956917119, 1596795172788069650, 3258336554370208112, 1484250105068094827, 322919980295096232, 147185272239349262, 1582292604007964836, -1043366625644573502, 6202054439624443736, -7036530416959591692, 7059986144911608666, 1308325171422204311, -5106332339199757418, -4983430690696996654, -129692242505474142, -4408832913021959392, -4201351102319936633, 8226105573655162691, 1143169181596101602, -373464609677467774, 6499637180920648380, -3688252115466414768, -4685245633506220935, -3393731484328842231, 146326482513143238, -3354377357399948017, -7520504150110066280, 4013620692958310926, 120285327225849529, -5319770427093584367, -3344645134456416355, 7542140524268185824, -1567986029003951429, -6225982984898210797, 3616787878857439901, -1134847260854861521, -1385815719507756604, -7216500369574002380, -2540342459765209305, -3153428036916311114, -1315427923943130867, 6735115869130128231, -8804109413751117454, 5380300166925886998, -3994233554939769446, -2049052420205957973, -6823521889286394233, 7773354257250251508, -813663158863688605, -2813588493261245387, -4306289609617407685, -8554421498880928036, 6625124512311491877, -1193453720756075343, -7344961469397326117, 40988359741359328, 3538701036468284236, -4959270447304085620, -6649264423169845010, -164488752845185737, -4809655207434651910, 852064759819355889, 655765621784410911, -2265394845695119219, -1633283144679415010, -2905038631817617159, -1338175487850463146, -5604344254894844223, 1342637340952214033, -3063809950324015361, 3620475942448129254, -6701628281791339799, -1015966201355467601, -1010385350192890483, -5464692903875327262, -5350408053695756824, -3909145060055744662, 8110921354580809535, -1828720553060017001, -9039692023802518881, 8906477330793941548, -1950771572338293141, -578007903166946288, -2835283049648902775, -5969076120552281390, -4980038973578836295, -2956647759994856492, -3121440497971800186, -2451287035471636788, -8397239023617269085, -3907411391529938738, -6060412664924674468, 1201018447870040377, 744455255883305773, 6091158824052509989, -4647456536187559461, -2492321414000069004, -8249536583876427841, 7286508860723851824, -414762654016518424, -5783334032467426709, 6421278078424044569, 441269054539754827, -6608800837376867894, 5791636627852090243, -4351372151055006459, -5864482138900019193, 5601743073496261086, 4770910060094536939, 1232477482658016681, -5948334266233173781, -6086128074458237613, -8638832556157001740, -6113382913249116479, 3618586283784401510, -6122783330192656017, 5382626567051759064, 3269933335992189660, 3265637793915806608, -1668747907767623398, -6127999924475878922, -7206262277128710714, -6146258828033574412, 890221936568177916, 1221044349160589157, -6379743443959801206, -3354462196552861041, -6677370219752794615, -629668751745095673, 4544273533200769333, 2099953764446630586, -64824586118135566, 581574656604815021, -1515669477669935777, -3109764140720549529, -8111279514706125590, -6765501084971270724, -7123469322789065192, 8256443830104168330, -7192042733875824935, -3386880163308184471, -7555616751041454945, 8338973462233251092, -3831510983777130411, -809362909466312577, -812118401657732185, -813144382884222877, -6165495426270074889, -8608419165109646990, -8763577584688728098, 9100267743767020695, 1449039208745937834, -8790517587028177640, -753170663132011250, -8817723952438831390, -74586706562973894, -291383833060567901, -2351081202557792362, -8891768586937559860, 1851372445822437027, -915977517244945982, 2745557699704249475, -9170788929174515177, 2201664116850426765, 1065409362723446036, 7226815385485772597, -933992305836130344, 7986798416127859088, -6861762339660299047, -8421468042859687897, 1060714984715414565, 1108113371314175716, 1120943934896482048, -8578170098649472153, 118542843210684040, 3064484626246652780, 1415645789302299155}
2021-09-29T22:32:45.662717031Z  INFO  2021-09-29 22:32:45,662 [shard 0] schema_tables - Schema version changed to 3ed0da5a-9378-3867-8692-45463e52d017
2021-09-29T22:32:45.679677042Z  INFO  2021-09-29 22:32:45,679 [shard 0] schema_tables - Schema version changed to 710b5af1-be2e-3479-9577-6140351ae31e
2021-09-29T22:32:45.694351753Z  INFO  2021-09-29 22:32:45,694 [shard 0] schema_tables - Schema version changed to 710b5af1-be2e-3479-9577-6140351ae31e
2021-09-29T22:32:45.705537030Z  INFO  2021-09-29 22:32:45,705 [shard 0] schema_tables - Schema version changed to 710b5af1-be2e-3479-9577-6140351ae31e
2021-09-29T22:32:45.924584783Z  INFO  2021-09-29 22:32:45,923 [shard 1] compaction - [Compact system_schema.scylla_tables 2b137b30-2175-11ec-a414-000000000001] Compacting [/var/lib/scylla/data/system_schema/scylla_tables-5d912ff1f7593665b2c88042ab5103dd/md-591-big-Data.db:level=0, /var/lib/scylla/data/system_schema/scylla_tables-5d912ff1f7593665b2c88042ab5103dd/md-589-big-Data.db:level=0, ]
2021-09-29T22:32:46.531122835Z  INFO  2021-09-29 22:32:46,529 [shard 1] compaction - [Compact system_schema.tables 2a42e4c0-2175-11ec-a414-000000000001] Compacted 2 sstables to [/var/lib/scylla/data/system_schema/tables-afddfb9dbc1e30688056eed6c302ba09/md-597-big-Data.db:level=0, ]. 113kB to 69kB (~61% of original) in 1366ms = 50kB/s. ~256 total partitions merged to 6.
2021-09-29T22:32:46.638065441Z  INFO  2021-09-29 22:32:46,637 [shard 0] compaction - [Compact system.cdc_local 2b806dd0-2175-11ec-9f18-000000000000] Compacting [/var/lib/scylla/data/system/cdc_local-0bcaffd40c833eadad13dc1d5015b77c/md-630-big-Data.db:level=0, /var/lib/scylla/data/system/cdc_local-0bcaffd40c833eadad13dc1d5015b77c/md-628-big-Data.db:level=0, ]
2021-09-29T22:32:47.298418053Z  INFO  2021-09-29 22:32:47,297 [shard 1] compaction - [Compact system_schema.views 2be52310-2175-11ec-a414-000000000001] Compacting [/var/lib/scylla/data/system_schema/views-9786ac1cdd583201a7cdad556410c985/md-557-big-Data.db:level=0, /var/lib/scylla/data/system_schema/views-9786ac1cdd583201a7cdad556410c985/md-555-big-Data.db:level=0, ]
2021-09-29T22:32:48.353327517Z  INFO  2021-09-29 22:32:48,352 [shard 1] compaction - [Compact system_schema.scylla_tables 2b137b30-2175-11ec-a414-000000000001] Compacted 2 sstables to [/var/lib/scylla/data/system_schema/scylla_tables-5d912ff1f7593665b2c88042ab5103dd/md-593-big-Data.db:level=0, ]. 81kB to 40kB (~50% of original) in 1374ms = 29kB/s. ~256 total partitions merged to 2.
2021-09-29T22:32:48.453243365Z  INFO  2021-09-29 22:32:48,452 [shard 0] storage_service - Node 10.0.41.8 state jump to normal
2021-09-29T22:32:48.454573141Z  INFO  2021-09-29 22:32:48,454 [shard 0] compaction - [Compact system.local 2c95ae60-2175-11ec-9f18-000000000000] Compacting [/var/lib/scylla/data/system/local-7ad54392bcdd35a684174e047860b377/md-1252-big-Data.db:level=0, /var/lib/scylla/data/system/local-7ad54392bcdd35a684174e047860b377/md-1250-big-Data.db:level=0, ]
2021-09-29T22:32:48.457822502Z  INFO  2021-09-29 22:32:48,457 [shard 0] cdc - Generation 2021/03/29 14:13:43: streams description table already updated.
2021-09-29T22:32:48.907650679Z  INFO  2021-09-29 22:32:48,906 [shard 1] compaction - [Compact system_schema.keyspaces 2cdaa6a0-2175-11ec-a414-000000000001] Compacting [/var/lib/scylla/data/system_schema/keyspaces-abac5682dea631c5b535b3d6cffd0fb6/md-585-big-Data.db:level=0, /var/lib/scylla/data/system_schema/keyspaces-abac5682dea631c5b535b3d6cffd0fb6/md-583-big-Data.db:level=0, ]
2021-09-29T22:32:49.106213649Z  INFO  2021-09-29 22:32:49,105 [shard 0] compaction - [Compact system.cdc_local 2b806dd0-2175-11ec-9f18-000000000000] Compacted 2 sstables to [/var/lib/scylla/data/system/cdc_local-0bcaffd40c833eadad13dc1d5015b77c/md-632-big-Data.db:level=0, ]. 68kB to 63kB (~92% of original) in 1816ms = 34kB/s. ~256 total partitions merged to 2.
2021-09-29T22:32:49.371673828Z  INFO  2021-09-29 22:32:49,371 [shard 1] compaction - [Compact system_schema.views 2be52310-2175-11ec-a414-000000000001] Compacted 2 sstables to [/var/lib/scylla/data/system_schema/views-9786ac1cdd583201a7cdad556410c985/md-559-big-Data.db:level=0, ]. 88kB to 48kB (~54% of original) in 1609ms = 30kB/s. ~256 total partitions merged to 3.
2021-09-29T22:32:49.668827727Z  INFO  2021-09-29 22:32:49,668 [shard 0] storage_service - NORMAL: node is now in normal status
2021-09-29T22:32:49.669470270Z  INFO  2021-09-29 22:32:49,669 [shard 0] cdc - Latest generation seen during startup: 2021/03/29 14:13:43
2021-09-29T22:32:49.671483801Z  INFO  2021-09-29 22:32:49,671 [shard 0] init - starting tracing
2021-09-29T22:32:49.672454749Z  INFO  2021-09-29 22:32:49,672 [shard 0] init - SSTable data integrity checker is disabled.
2021-09-29T22:32:49.672968449Z  INFO  2021-09-29 22:32:49,672 [shard 0] init - starting auth service
2021-09-29T22:32:49.675896240Z  INFO  2021-09-29 22:32:49,675 [shard 0] init - starting batchlog manager
2021-09-29T22:32:49.677056099Z  INFO  2021-09-29 22:32:49,676 [shard 0] init - starting load meter
2021-09-29T22:32:49.677923297Z  INFO  2021-09-29 22:32:49,677 [shard 0] init - starting cf cache hit rate calculator
2021-09-29T22:32:49.679059178Z  INFO  2021-09-29 22:32:49,678 [shard 0] init - starting view update backlog broker
2021-09-29T22:32:49.680552024Z  INFO  2021-09-29 22:32:49,680 [shard 0] init - Waiting for gossip to settle before accepting client requests...
2021-09-29T22:32:49.785116773Z  INFO  2021-09-29 22:32:49,784 [shard 1] compaction - [Compact system.compaction_history 2d609f80-2175-11ec-a414-000000000001] Compacting [/var/lib/scylla/data/system/compaction_history-b4dbb7b4dc493fb5b3bfce6e434832ca/md-667-big-Data.db:level=0, /var/lib/scylla/data/system/compaction_history-b4dbb7b4dc493fb5b3bfce6e434832ca/md-665-big-Data.db:level=0, ]
2021-09-29T22:32:49.920614545Z  INFO  2021-09-29 22:32:49,919 [shard 0] compaction - [Compact system.local 2c95ae60-2175-11ec-9f18-000000000000] Compacted 2 sstables to [/var/lib/scylla/data/system/local-7ad54392bcdd35a684174e047860b377/md-1254-big-Data.db:level=0, ]. 18kB to 12kB (~66% of original) in 1216ms = 10kB/s. ~256 total partitions merged to 1.
2021-09-29T22:32:50.061481816Z  INFO  2021-09-29 22:32:50,060 [shard 1] compaction - [Compact system_schema.keyspaces 2cdaa6a0-2175-11ec-a414-000000000001] Compacted 2 sstables to [/var/lib/scylla/data/system_schema/keyspaces-abac5682dea631c5b535b3d6cffd0fb6/md-587-big-Data.db:level=0, ]. 100kB to 61kB (~61% of original) in 878ms = 70kB/s. ~256 total partitions merged to 6.
2021-09-29T22:32:50.542559238Z  INFO  2021-09-29 22:32:50,541 [shard 1] compaction - [Compact system.compaction_history 2d609f80-2175-11ec-a414-000000000001] Compacted 2 sstables to [/var/lib/scylla/data/system/compaction_history-b4dbb7b4dc493fb5b3bfce6e434832ca/md-671-big-Data.db:level=0, ]. 226kB to 138kB (~60% of original) in 571ms = 242kB/s. ~640 total partitions merged to 499.
2021-09-29T22:33:01.682564008Z  INFO  2021-09-29 22:33:01,681 [shard 0] gossip - No gossip backlog; proceeding
2021-09-29T22:33:01.683718138Z  INFO  2021-09-29 22:33:01,683 [shard 0] init - allow replaying hints
2021-09-29T22:33:01.684847625Z  INFO  2021-09-29 22:33:01,683 [shard 0] init - Launching generate_mv_updates for non system tables
2021-09-29T22:33:01.684890219Z  INFO  2021-09-29 22:33:01,684 [shard 0] init - starting the view builder
2021-09-29T22:33:02.109355954Z  INFO  2021-09-29 22:33:02,108 [shard 0] compaction - [Compact system.truncated 34b91dc0-2175-11ec-9f18-000000000000] Compacting [/var/lib/scylla/data/system/truncated-38c19fd0fb863310a4b70d0cc66628aa/md-1226-big-Data.db:level=0, /var/lib/scylla/data/system/truncated-38c19fd0fb863310a4b70d0cc66628aa/md-1224-big-Data.db:level=0, ]
2021-09-29T22:33:02.109907129Z  INFO  2021-09-29 22:33:02,109 [shard 0] init - starting native transport
2021-09-29T22:33:02.111318078Z  INFO  2021-09-29 22:33:02,110 [shard 0] cql_server_controller - Starting listening for CQL clients on 10.0.41.8:9042 (unencrypted, non-shard-aware)
2021-09-29T22:33:02.111365732Z  INFO  2021-09-29 22:33:02,110 [shard 0] cql_server_controller - Starting listening for CQL clients on 10.0.41.8:19042 (unencrypted, shard-aware)
2021-09-29T22:33:02.112335984Z  INFO  2021-09-29 22:33:02,111 [shard 0] thrift_controller - Thrift server listening on 10.0.41.8:9160 ...
2021-09-29T22:33:02.113103772Z  INFO  2021-09-29 22:33:02,112 [shard 0] init - serving
2021-09-29T22:33:02.113149494Z  INFO  2021-09-29 22:33:02,112 [shard 0] init - Scylla version 4.4.4-0.20210801.69daa9fd0 initialization completed.
2021-09-29T22:33:02.545275420Z  INFO  2021-09-29 22:33:02,544 [shard 0] compaction - [Compact system.truncated 34b91dc0-2175-11ec-9f18-000000000000] Compacted 2 sstables to [/var/lib/scylla/data/system/truncated-38c19fd0fb863310a4b70d0cc66628aa/md-1228-big-Data.db:level=0, ]. 82kB to 76kB (~93% of original) in 318ms = 241kB/s. ~256 total partitions merged to 2.
2021-09-29T22:33:17.293995679Z  INFO  2021-09-29 22:33:17,293 [shard 1] compaction - [Compact system.clients 3dc629d0-2175-11ec-a414-000000000001] Compacting [/var/lib/scylla/data/system/clients-ca0f635d863036098d93a1fc06f2a5e5/md-7-big-Data.db:level=0, /var/lib/scylla/data/system/clients-ca0f635d863036098d93a1fc06f2a5e5/md-5-big-Data.db:level=0, ]
2021-09-29T22:33:19.324316344Z  INFO  2021-09-29 22:33:19,320 [shard 1] compaction - [Compact system.clients 3efb7580-2175-11ec-a414-000000000001] Compacting [/var/lib/scylla/data/system/clients-ca0f635d863036098d93a1fc06f2a5e5/md-9-big-Data.db:level=0, /var/lib/scylla/data/system/clients-ca0f635d863036098d93a1fc06f2a5e5/md-11-big-Data.db:level=0, /var/lib/scylla/data/system/clients-ca0f635d863036098d93a1fc06f2a5e5/md-13-big-Data.db:level=0, /var/lib/scylla/data/system/clients-ca0f635d863036098d93a1fc06f2a5e5/md-15-big-Data.db:level=0, /var/lib/scylla/data/system/clients-ca0f635d863036098d93a1fc06f2a5e5/md-19-big-Data.db:level=0, /var/lib/scylla/data/system/clients-ca0f635d863036098d93a1fc06f2a5e5/md-17-big-Data.db:level=0, ]
2021-09-29T22:33:19.805409703Z  INFO  2021-09-29 22:33:19,804 [shard 1] compaction - [Compact system.clients 3dc629d0-2175-11ec-a414-000000000001] Compacted 2 sstables to [/var/lib/scylla/data/system/clients-ca0f635d863036098d93a1fc06f2a5e5/md-21-big-Data.db:level=0, ]. 31kB to 6kB (~19% of original) in 2026ms = 3kB/s. ~256 total partitions merged to 1.
2021-09-29T22:33:20.082058653Z  INFO  2021-09-29 22:33:20,081 [shard 1] compaction - [Compact system.clients 3f6f9410-2175-11ec-a414-000000000001] Compacting [/var/lib/scylla/data/system/clients-ca0f635d863036098d93a1fc06f2a5e5/md-21-big-Data.db:level=0, /var/lib/scylla/data/system/clients-ca0f635d863036098d93a1fc06f2a5e5/md-27-big-Data.db:level=0, /var/lib/scylla/data/system/clients-ca0f635d863036098d93a1fc06f2a5e5/md-23-big-Data.db:level=0, /var/lib/scylla/data/system/clients-ca0f635d863036098d93a1fc06f2a5e5/md-25-big-Data.db:level=0, ]
2021-09-29T22:33:20.512667404Z  INFO  2021-09-29 22:33:20,511 [shard 1] compaction - [Compact system.clients 3efb7580-2175-11ec-a414-000000000001] Compacted 6 sstables to [/var/lib/scylla/data/system/clients-ca0f635d863036098d93a1fc06f2a5e5/md-29-big-Data.db:level=0, ]. 49kB to 12kB (~24% of original) in 760ms = 15kB/s. ~768 total partitions merged to 1.
2021-09-29T22:33:20.773626788Z  INFO  2021-09-29 22:33:20,772 [shard 1] compaction - [Compact system_schema.computed_columns 3fd90440-2175-11ec-a414-000000000001] Compacting [/var/lib/scylla/data/system_schema/computed_columns-cc7c7069374033c192a4c3de78dbd2c4/md-601-big-Data.db:level=0, /var/lib/scylla/data/system_schema/computed_columns-cc7c7069374033c192a4c3de78dbd2c4/md-599-big-Data.db:level=0, ]
2021-09-29T22:33:20.913676520Z  INFO  2021-09-29 22:33:20,912 [shard 1] compaction - [Compact system.clients 3f6f9410-2175-11ec-a414-000000000001] Compacted 4 sstables to [/var/lib/scylla/data/system/clients-ca0f635d863036098d93a1fc06f2a5e5/md-31-big-Data.db:level=0, ]. 37kB to 11kB (~30% of original) in 690ms = 16kB/s. ~512 total partitions merged to 1.
2021-09-29T22:33:21.227772118Z  INFO  2021-09-29 22:33:21,227 [shard 1] compaction - [Compact system.clients 401e71b0-2175-11ec-a414-000000000001] Compacting [/var/lib/scylla/data/system/clients-ca0f635d863036098d93a1fc06f2a5e5/md-31-big-Data.db:level=0, /var/lib/scylla/data/system/clients-ca0f635d863036098d93a1fc06f2a5e5/md-29-big-Data.db:level=0, ]
2021-09-29T22:33:21.229937333Z  INFO  2021-09-29 22:33:21,229 [shard 1] compaction - [Compact system_schema.view_virtual_columns 401ebfd0-2175-11ec-a414-000000000001] Compacting [/var/lib/scylla/data/system_schema/view_virtual_columns-08843b6345dc3be29798a0418295cfaa/md-573-big-Data.db:level=0, /var/lib/scylla/data/system_schema/view_virtual_columns-08843b6345dc3be29798a0418295cfaa/md-571-big-Data.db:level=0, ]
2021-09-29T22:33:21.398491564Z  INFO  2021-09-29 22:33:21,397 [shard 1] compaction - [Compact system_schema.computed_columns 3fd90440-2175-11ec-a414-000000000001] Compacted 2 sstables to [/var/lib/scylla/data/system_schema/computed_columns-cc7c7069374033c192a4c3de78dbd2c4/md-603-big-Data.db:level=0, ]. 85kB to 46kB (~54% of original) in 454ms = 102kB/s. ~256 total partitions merged to 3.
2021-09-29T22:33:21.443621714Z  INFO  2021-09-29 22:33:21,442 [shard 1] compaction - [Compact system.clients 401e71b0-2175-11ec-a414-000000000001] Compacted 2 sstables to []. 23kB to 0 bytes (~0% of original) in 2ms = 0 bytes/s. ~256 total partitions merged to 0.
2021-09-29T22:33:21.818535942Z  INFO  2021-09-29 22:33:21,817 [shard 1] compaction - [Compact system_schema.view_virtual_columns 401ebfd0-2175-11ec-a414-000000000001] Compacted 2 sstables to [/var/lib/scylla/data/system_schema/view_virtual_columns-08843b6345dc3be29798a0418295cfaa/md-575-big-Data.db:level=0, ]. 85kB to 46kB (~54% of original) in 507ms = 91kB/s. ~256 total partitions merged to 3.
