2021-09-28T20:15:56.795901354Z 0 jYyKupBp9boc7d44wZIBdSP10OWW6zMfoen2VdemvwvTyedbUCm6pxg7fKAmCP
2021-09-28T20:15:56.797938947Z 1 g6gmGitZd3ZR9MwM9SyOrpr2ccgwQegESZuvjzCyiS67e5DOolc1swRcPY8bTA
2021-09-28T20:15:56.801015906Z 2 hEaOlZd8doRbdh0feOqJZ1howi29Qob1zvQgQSc7EpAXIIsXtqirCOywMOsr0p
2021-09-28T20:15:56.804348047Z 3 TVOyKOJfTxin86RjZ6YbYrPwZMTpCprbNIXDHOcOwcxuOmUVlKGzx0cvmJUTY6
2021-09-28T20:15:56.811724895Z 4 jEVG4oIj02pdwQZagHjirpKy0iIeG6zn2wRg8066Mvg0gMPmAGoCV2Id4yRdDN
2021-09-28T20:15:56.814837386Z 5 0JMUJu246NyCbjoSZrzcu1D7tyeauJjv4YvYuN0he7N8SrWvzWUc8AvdbQFzUe
2021-09-28T20:15:56.816729616Z 6 1qCoFCsfllywSi446g5pOVikICBtizYqUwHoyGEYzb3g76PZAPmtSe0ou5wiEC
2021-09-28T20:15:56.819477265Z 7 IOcgLjzvqe0QEzF8r26W8GMUnM1G7tr6OaICpDtNV68CACWEZck2wL1Ks8GrtV
2021-09-28T20:15:56.821612141Z 8 JDJclDRNTihmugfrP52L78ZJc36BbUgQtOU6ROOR9hJgZLz8lS72CIYoJxiofj
2021-09-28T20:15:56.823204684Z 9 O78qyazTHgyKmbNcCR7d0FQ4E2Fhggz6xweiUBwt6i9TUJWQwUISfKdqro5ysk
2021-09-28T20:15:56.825203685Z 10 IAXCkWUfz3FwpTA5GFKGDXg6IK1z9qwhvvb3j6LJL1uiUSbZFsnTE3LspdBwf
2021-09-28T20:15:56.828219081Z 11 Z8UNCJcN8GWJVcYez9LbTABAUw99jnQpIWEoyEa6Wdy1qNtbfABtTtxETPIsx
2021-09-28T20:15:56.831292990Z 12 8rmJ7Af3yzAlYpVvapRo6Ai51OoJnMOFYjEYuWanRsaYfq9Gu8jIoSAwyfBze
2021-09-28T20:15:56.834323132Z 13 POIjjhTJIteWz5tyw5jLCgiyo8faUMMsev2QjR0ovTCw3vL7YY9XjGtSO0ekW
2021-09-28T20:15:56.836976124Z 14 NVyZmV888czVxfMTD9Lb6FCG9IxWpFI86oOthwpCz4ObIWaNqkZFlorLA0Rgv
2021-09-28T20:15:56.839852452Z 15 8jqsMtqyxftXiVZq4gvIi56VpkDOSQ6q6mHg4tuEeSmfK4GB8Lv4rd6EfvHg0
2021-09-28T20:15:56.843062110Z 16 pGOXF5snBVSAMjy8TuZW09pGrS6QneSs4eB7RoeZ0y6x7oMjJyM5UajvcCUfv
2021-09-28T20:15:56.846208153Z 17 mVgsvTpFyKDdGe6Kw3xN1V2mzc9glwqOiAigeyiAn4WclBGKu3s5ek4NnJ3pn
2021-09-28T20:15:56.850197327Z 18 oM5pX5Sokk5A4SCiDm7BM23KzHknLyMCnyrud87LRJ00b9bkYsjPuJ9kPPYfJ
2021-09-28T20:15:56.852508130Z 19 MfL3oBxPCclVZWqdVcEsTnxMd3eSNptXDzpTo9hggUv4WTX1kGopjEaeS95D6
2021-09-28T20:15:56.855201779Z 20 XTU2yRfS6Q12NV0gKjeMYHus7Jx5MVOZ5GoYhyt5hog6v5QDMW7bjSar5nVsD
2021-09-28T20:15:56.856589744Z 21 QdieVcvrOLyv2COJQWcEUwyVReeVlgP1a36xjb4pBKFY2nUocnquDeqm3Rb1Z
2021-09-28T20:15:56.858893975Z 22 quI2pXCgqkVAR6x92xMJuMLIYu2ZfoPf28KSrjIWE8Hac5FemZE1DI9PnXv05
2021-09-28T20:15:56.861396706Z 23 VhAefCOQUD89C5OlqdJOiLOFrexmSfRJgEC9Qo9WbzyTj55t0rxz5ExQKDQhv
2021-09-28T20:15:56.863957264Z 24 OZ9GAXRdANlbo06P3OtoCPCrC315M17Y7EdMBs5ktQmBvEr5Il1FdAZ725TXQ
2021-09-28T20:15:56.865627886Z 25 imSGUdq1KYC1XtIgyOv4I0iAs7kSHIHqnc1vIqv2T9DhuvlMIHdnfm8R9TjrW
2021-09-28T20:15:56.867961274Z 26 Y1adg1UFncDYwKJZWB5oy5n68Yx4bDcLkLx2wvwXotnoPLJZlEDKsoyPBdgCw
2021-09-28T20:15:56.870545278Z 27 qHQ9oLs770XzHyR8KtkDzFlowChCHaAd2aOkUhkwpmse6BrS5qI7jbVpX0fhP
2021-09-28T20:15:56.872714119Z 28 3KOBD2rwKdpNEKSHpKpoDGcewPd7jexdIP7Khs91UtGH26gOXXASmvEqegTY0
2021-09-28T20:15:56.875286028Z 29 cjT9rl6kzBKjdWkt3WEGSJTxDyBgUEcnk5q8JjRgbxQQcJLX7CLmIXBWqpTnI
2021-09-28T20:15:56.877678875Z 30 5tbOOwyCdO0WOkmFkeiWA9taEpFaByDmBl0Dtci96XPPHT1eiCsz2jKDv9hMv
2021-09-28T20:15:56.880314069Z 31 XKkZg6zC9Mt2j7haXoKED38QlIlv5IYFULj4wSY4f3TPssYpvyNGU8r7Svx8C
2021-09-28T20:15:56.882276133Z 32 y2ABpdygd3bmgXqdZYhwaar70Vy10Qk1ZXXV5hwsu7A7Je2jDbJ8hsmF9BecY
2021-09-28T20:15:56.885010367Z 33 NUW3io7X490eWpwa8ygqs6DTbyp7FVZAWJ8XFV84svIjrvoVp65WOKWa5HUVS
2021-09-28T20:15:56.886189545Z 34 6yu9mzo06PxJITvuCcmO5EodfDoBMTIyJstOG8OTN4A9GwlxIo9ZeYPrNMYYr
2021-09-28T20:15:56.888607970Z 35 gM7V9ia5MDq918hMBOfpvCgjxO8fmMrh8TPRWJ850xMyrjn2uYaxm5L0GQyzy
2021-09-28T20:15:56.892023351Z 36 9S928gyBKq1X2w9NbZmR7jnwKLTRS0XGJgkoGF46ppaIIvXgxTd4VLMdQlBdk
2021-09-28T20:15:56.895038147Z 37 h1RzLgZWeJr8CENyfyx0d8REV1OtT9wpGEu7wcvhN1lIRtEk5Vuj4GSaCst5t
2021-09-28T20:15:56.896386896Z 38 ka6PwZ5JW4CGfJ2vEVr3MbPIuVT6Gdys23id6JXonRHOfeUVngnnAnevDoHWd
2021-09-28T20:15:56.899217836Z 39 fXwtp4VOLzvuYLK9ca8lhHdigG3cnOfmlvEXS2vSDEYWISgto0x7DeYPZTbXD
2021-09-28T20:15:56.901995924Z 40 KHmzPX5lrzdx10EN8x5Tfkc8avWFr26VxbmGpQAtiKZKTvT4aAIUE0pg9M4NI
2021-09-28T20:15:56.903530369Z 41 0rNkPgIHUPpcN8XLZEFi4yILpkqEOQbEO9loPcYIT8R5ElCEF0zJpQSHYWB4V
2021-09-28T20:15:56.906280723Z 42 tTtT5rCOXkL3Tl0YkEpg09wHsCVbryfHkgvRpjm0lq8Ua4OboMcGQXLREdobi
2021-09-28T20:15:56.908546367Z 43 LDeVjQESyLpXvAgl0YLUedL0wd6tM2dJLmfS0Av6Pz5f6uK70fqZ7rhDybl92
2021-09-28T20:15:56.911101632Z 44 nLudYccihvxzIagGVWBeddDH84YsyPdROWME24LEe9whPi3pMGX6sWaYiEoBz
2021-09-28T20:15:56.913466277Z 45 2hvICLvOf0U5o6c7gguZlQaPIPufMBqtknHWtjbdSl80hbxfxBlHq3DinW2gc
2021-09-28T20:15:56.916099765Z 46 CBdfZ2RoVKjIvxjBQC26HqP9zyQGShmSc8yR2AUrnFOUVi1do1zZHFPHk5cmw
2021-09-28T20:15:56.918470209Z 47 vvmyjTnAv5AcAUjkEKKV2rUz7XjkFKnSH3WiS1TOKvaugHHD5FTNJ1dgoJy3B
2021-09-28T20:15:56.921071948Z 48 e6zKQtHmJlricY9553TyJQlKrrKaA55tyatPCB6wKRpNx1Gya257m7aQ5ibBB
2021-09-28T20:15:56.923663745Z 49 hJtLyzJswKkHtCQnYQXAR9L8gLHMdNcojq98pqFxAGBbQbz1wXquhbuPfgOb3
2021-09-28T20:15:56.926183224Z 50 xBMi3BMKiMpARet5gBMt3ZQI19yrKYTvO1a4vfW01yf1mD6SOe6B3L4GjwIlw
2021-09-28T20:15:56.928544940Z 51 gdPRliwgn4sNFWtAy6M69mTM6khX6NkBiP9iA50ASiMULudMniZEHJTNPvkhu
2021-09-28T20:15:56.931262141Z 52 r3RNey92RPEZRPlVijBb4x0x2dDAAufucHtT2B40FXzxsjrNTYiX8ccaElfFh
2021-09-28T20:15:56.933591046Z 53 97HwwNh5BID9olnR89ODx3YUK0mRZBqjkcNlACUDB6JgB0iQDiEvExpzayxrg
2021-09-28T20:15:56.936188276Z 54 TNAkwrN4QkTQcHDt4f98o3nBIr63QON5iVQQ6Ui6Jk6JbugJvd0c0Jn3xnl6N
2021-09-28T20:15:56.939069215Z 55 B9wPOZqqhaFxozSUhaOiv7uGFMne9uu9aM2n0xhTi6PJfYmxBbllD7u9L7mcy
2021-09-28T20:15:56.941389359Z 56 GhnFJKpxu6bL3Y7zxsCOeQxg1V0IEpLvaSsdlTDLvkdxrDQMgPgnzIY4IpvCN
2021-09-28T20:15:56.943996072Z 57 cR0urCeZl6eXO5ApvMfNXYATpB208JKfaSTfnn3QPTm8w6uc2DGqnMeeKgLge
2021-09-28T20:15:56.945195589Z 58 LVrj77Pe0vXevpvd1hZIC6MYHVsnckTDw99RCX74WbT4sB2P1cACMP9Tl73FC
2021-09-28T20:15:56.948013021Z 59 HTAvLvjmSpFwDTcuvRThzYAj80lBMsQ8LRLX8aVLOhHOQyQPJnRLzQ3lyO0VE
2021-09-28T20:15:56.949409473Z 60 ZE5yCiEaBeKfzuOOT0uw7Qqx0Zg1yC7HotzWpHlsml6EOD9zDYTp8IQYUdSm8
2021-09-28T20:15:56.951236420Z 61 nrmZyEJjjLP2tLrNaS8oOttJ4ZBDDvPTwk5MRXGMU8ul5WeIQkRD6NV3LBUew
2021-09-28T20:15:56.953441901Z 62 OZqyQcxCARkl8VBiR8fRVpLfE1Y3Cs9FkxZRwIsOArn6zaNHeUDWfqvvetIWH
2021-09-28T20:15:56.955739671Z 63 2FGwPTORo1gmPzfsKk4yYu4eFqOD0fB85gkpee9giP0tg65f4VBcQRdY1WiQz
2021-09-28T20:15:56.958158845Z 64 fY9Y8k0BKLUd3HE3MT8CrPaYtiP0BQocjX2s39pgqN7vZdomlDHIAwtY0AB3J
2021-09-28T20:15:56.960188743Z 65 9ZuBUfYvgMHOpcF1JoBh8el69AQfLBQF9HFTx4qpw81hjmyNWeTDvwMpVASE0
2021-09-28T20:15:56.962149395Z 66 n8Fvd67VJRsyiNDx34pOmHXnWA5QJsPs4aNljDoYnzG5wEgQ4gpWaRW31G80G
2021-09-28T20:15:56.964249426Z 67 HB9xw6v8KJNSnW5Cz4PbHcexqikrv79CoPWHNIMeKg7lVjq0s16AfHoGkodLG
2021-09-28T20:15:56.966428412Z 68 Xn4x8uNwKHFmAy7uAhgWvisP7fiw2XyC8FFniyjtV12hNvjCfvsg3P4bmZvwu
2021-09-28T20:15:56.968625837Z 69 SgKQraEhGVOHJf7z7vyuSyXqg4XyXt6GB4u3bPK6n1V0EXuoMBygIOEsxsr24
2021-09-28T20:15:56.970227714Z 70 bl46WUPhqXrI767uOaNC7u9xJh69EuusdmG4HxOEW090EGfkUJ8k2uZA9ljde
2021-09-28T20:15:56.972546739Z 71 Dn7bg7BP0uuHh9jgSJtEq52xtLSr6eLzv4ormY3LboOwztoWZszXspFgPpKS0
2021-09-28T20:15:56.974092090Z 72 v727JkCwcH93LxMBXkRlyqf1LsJCvq7EZt9YpnLhf72IJ3CNy5pakty0ydToI
2021-09-28T20:15:56.976850308Z 73 pbQrcNH4Zcn7194QZGffAUw54cOQH4uAU4bYegCl1Ms2NmBVPgpc2uSBRvodu
2021-09-28T20:15:56.979091740Z 74 T69HYydnQMNPT2qWUdJgjW8kyS3A3Oo838netPdLoDn77X31SptNZrExMd1yE
2021-09-28T20:15:56.981905892Z 75 yPClgRTmeUOihZ1GEcfR46wj5SmqpsTcK7CRKW3FYDKfmuEEcpSbueQrkEbKK
2021-09-28T20:15:56.984097926Z 76 LxHzoaLzHnLFvGR3CfyRUMAI2P2XqcAo3syROnZaHhW2neDGDTK6zu8DVQWd3
2021-09-28T20:15:56.986942758Z 77 qAVEY7nxWLGYwtzlZuZs3ijNLu9bwG4f24iS5qr05va8ODOUPwPxAUb8BqBxt
2021-09-28T20:15:56.988255973Z 78 P2z3lAPbNmftomYofEotBl5bNzOoBkmya9VQUtUSw9Bi1fJkNy8fpA1HZzf3A
2021-09-28T20:15:56.991016927Z 79 1o64DLEmXBjohjS8dBbVKHNHd28wtuGOCCuj1j03DbYqhNxKcwBu5PsGagWi3
2021-09-28T20:15:56.993760463Z 80 V6dAl22IEB5DfYSEF3p8iMS0rIUyGWNvDZz0ITGmohoNONWqTATnqhsUQ3Z3Z
2021-09-28T20:15:56.995322801Z 81 EcRfn2dpPAjXCdN9MbaxYlYsN9dvL2EoUv5gRkk0SwkPOriT4kdT3SmGpWfLl
2021-09-28T20:15:56.997546888Z 82 QFngqIU786bJFVVOQfahcVjyXd24DmG3rutqrwlhsKG7IvszvbkL7W9Snhoto
2021-09-28T20:15:57.000055795Z 83 HpG9xLHgcBHccSN20GGCEfNJKKJgQLRtSudYO5bYcc5rBbPl5Sl1zFecAcvYj
2021-09-28T20:15:57.001452158Z 84 QhuH4i30Fhc9CXN47fW64vNoaTopsG6Dn3ezClnAUWi39WCEXQz5cLudaLeBt
2021-09-28T20:15:57.004236878Z 85 QNnQusjLUfBRsQJlB5Htf642342TgUb5bcoO06M5GaCYcdW8XjnelLEo5zrLY
2021-09-28T20:15:57.006903093Z 86 seKVzpM6Gh7OyJdCh85USmbQylxNUicNGuqktpIqVfJOAUjuHMN1ooh3s6A9u
2021-09-28T20:15:57.008341476Z 87 B9kekR0zIw8q8VnBWeic8IQtawSs4A6WfyBrEaUsp7sxKBzYe7XVvhxP3HYpl
2021-09-28T20:15:57.010562961Z 88 NAWBGpyYtBljc2DJjYGfYO2PU3uKS0BHoApFJXTufThEknr9XsGJ8CslJ8IRU
2021-09-28T20:15:57.012439251Z 89 wfLSM9d5081xVZGARDWdR717GfDf4dwus0WYK6ch2PbHyy96GwiD2uMPdaq01
2021-09-28T20:15:57.015120104Z 90 tl4BSQFPB8nftKdiJO2a6Htt6TijkK3m9EruEZwMPOmUo5IINiW7jFS4lEy7u
2021-09-28T20:15:57.017655534Z 91 a225MUBARhGmwyOaG3XdJrb6gr3eWv6z8eCqeEbZAmdMCSFJYkHphHQyopdBY
2021-09-28T20:15:57.019532788Z 92 IwswR5JF0J0hE2R71t3RkZ13JxXRQ2Kt2krhWXOzww8J90OqcWckK8pnfM2vM
2021-09-28T20:15:57.021715572Z 93 uiUMjfGurVtmA5dHj3ougyYpvVDwVxlFgZRYIO2aI8WQJJPVutVIDp1Jot8Mp
2021-09-28T20:15:57.023145826Z 94 wIjpPjszmF13OsCAJeUBMQntKSBb9KKFUrzo2jMh8PhvdRF8ovSXHcaHHoHq0
2021-09-28T20:15:57.026175949Z 95 Fe7Lve87SsfYz6eOvrml9mJVjBZfq71a9Qc5rGq0ju1wLBkwlebdMOiPqBumr
2021-09-28T20:15:57.028741468Z 96 PVUV6p0vjstIY9g6JEirNFGoZjqHbWil5Rur1CnkAr4nvcORBmsropNdsDh84
2021-09-28T20:15:57.031061620Z 97 T2PEA6YJ9tdELizG0cvrHQMixWvruNQjOFMY02ZAtN7mwcC3She0FALOzXdbl
2021-09-28T20:15:57.033911938Z 98 QGhtw2kWPAgKx9xMD0UtRApC1vhOIbZayBHOCYbWED6Wi2XC97rJ1tbvuNtIO
2021-09-28T20:15:57.035337499Z 99 8NAuEITrog8zFlY9kfqgbNSsI7X989MAsR9xVsSAMCTU6na7eacyfemiv8W7G
2021-09-28T20:15:57.038048377Z 100 hQRIOK7MnogcLnhue18nPSbuZ3UtaLf1IWon1Wrn4T5wQS2lltjHCA3bKIuF
2021-09-28T20:15:57.039630757Z 101 rmEa88mXnL36bQHHXLNoIDwtcZLME5Vm0a40ATzgNodChVOkXNNGT9yUk7E8
2021-09-28T20:15:57.041092534Z 102 2N9SXN6coTMqSXwsuR1kI5Pg971yCIm5rJ3DwcLjtpReBw7HdiENMMm5KnRX
2021-09-28T20:15:57.043534196Z 103 k8Jl6uYAXwr0obbCmIHHIuz0ofbANNzhXcUPKgclJDkfawgUPZQx1nJlLH4w
2021-09-28T20:15:57.046062640Z 104 r7nziCuBLAg2bcjhAryX5SekbTwOGLnAtPFh0c8ikm6ZXMIDSsyvfqP8kbVf
2021-09-28T20:15:57.048253761Z 105 SZWcjziCI6iJffHPstlBhhTFly45sKmuzIypm1Iy099zhmMSUtV1RdimF8F0
2021-09-28T20:15:57.050638772Z 106 dpZRdrjylxgE5I0a1HxZqmIec6EOxMUuehsRlUPixcE5CKGbk1QI7X0942kq
2021-09-28T20:15:57.053100746Z 107 64xr9zb8OIiOVgy82k3s6xi0q6iqCNXIkoh63aX43Y3AdABlOzyMfnQIvqKN
2021-09-28T20:15:57.054799650Z 108 fQPj0yWFARBXPr2YXzKLbHfw4gcUFKapN5WrA0bkhH2fUmS838BmIHVUOHfX
2021-09-28T20:15:57.057243599Z 109 LN62oPiJdAkuDTDAJeCGQLm9WGoIZGBa10AidAXDggQZZp03HFl3aD5M8ez8
2021-09-28T20:15:57.059114788Z 110 Cn9Iw4qPBkutwVbjWkYHtZpWKgiOUH47zYnLgV6vH5nsedfvG7vT0xu9P9hF
2021-09-28T20:15:57.061118251Z 111 YY7QZlCW42Kf9xlyK3Me7DNTxjDjOydrJcgS45RzRUvDnYH8JeC4b8b2seTJ
2021-09-28T20:15:57.063677893Z 112 65WNVxbpABDxR88XkvcPbjszsSE6lD4hA3I9sMtI35ND2LvOX5oo9VXA0m04
2021-09-28T20:15:57.066193056Z 113 aSYvEUssniAOL6s6wh4LVTHCO11df6xE8g78lXeB3FU7CiJc9MmyZvgFdGdO
2021-09-28T20:15:57.068805450Z 114 q4TYObogJzRf9qkRLfTyAWadkEPGL6dE9vn3QW8d2so4kXEGvucYj7JIni1h
2021-09-28T20:15:57.070295296Z 115 4kSxAjuDVmjt32JyYJ3J5tJk8Rd4HE7Cey4RPQfpjhbEYjWRKNhLIaWOGjva
2021-09-28T20:15:57.072925250Z 116 W3D1JCpqlrVO9RWGKnS3IaHMjkB7jts9ZQKDexjG26aIKK4L49P8p3w8Hy6a
2021-09-28T20:15:57.074261516Z 117 03h3WkedG0lXrrBhuHLHiN5tODbFdSngTlVWbEkOVENzGOouE9v0W2dfxlvk
2021-09-28T20:15:57.076935308Z 118 aE3J6tIceEG1XgzhxybMPSSeIBgwzNj4HjVrnDQP73jkFuVRoVEXM2TW9wSX
2021-09-28T20:15:57.079535029Z 119 kEKaiYPSUUQupZhcepa7yOnQsL3JBTtitcNy6lXlSWrLM0IkFTd5H5hEZrJl
2021-09-28T20:15:57.081950100Z 120 QCrilbDW2k4kuWJ2NXdZLozjlytWSAST6KdvnJEWRlrWYlBNJLJbVOtwWy53
2021-09-28T20:15:57.083454252Z 121 0bdDV9HzmPxddw6No5dWdUki6jVuHQAxRZtisqcsX36ZQQKQUdGMIIPFjYNG
2021-09-28T20:15:57.085995891Z 122 nWMSVeMnJV3HetUjVgzxNdnbJh09Brrr0d14nhrruw1sv2wzzxRWLgrysFxE
2021-09-28T20:15:57.087897223Z 123 mMyCXtHPNkqu5NWBW0y64JNm18CCvG1DJX9Gtu7MUg1wKLWf2fDbCJAui4Xo
2021-09-28T20:15:57.091070392Z 124 D3Jz5SUkl2RaaAuI2FlkZFDMbSpilwLuIbiEyHFuS8X4LGGPTm6e8IHsya7z
2021-09-28T20:15:57.094059177Z 125 qTdrZuoCG36g364J4bSnXK38248kHbNCLTMjL1LQKWtx18qHAsFwIvuJgTkN
2021-09-28T20:15:57.097120982Z 126 Q0kIYaqtLVw20hOFkJzOJzTdho3mLRjM3QOC8OoUb4CKnoNbGbvEeaehA2rm
2021-09-28T20:15:57.099739689Z 127 CfUGGa3fJRPXmweT609i3zCfpQIn1fx9BE3HW5yBBqcybdBlyjOcoeLiKvyz
2021-09-28T20:15:57.101347933Z 128 dDoAlrDYJj1YLBfDCpVNPtMn0oE1G7XMUw9k95ouwLZN0YxO4xEMCOQF3EkZ
2021-09-28T20:15:57.103768586Z 129 x5PJHGea1QQPevc49cJWJMFZ24Them5RMCJMJnpLA2SX47Gl5tTWRd1PJZPd
2021-09-28T20:15:57.105116809Z 130 gW6fQXug7nJ8a0hQY729BX3CFCszmKpZ54RBMbEN46leUKbNSn7uDb4ROkZa
2021-09-28T20:15:57.108015930Z 131 fBN4g0CzOwYVWcxhggqiIPfqbNrqnmgokZEqLojbzID01aNUbY1kWSc1Y7Zf
2021-09-28T20:15:57.109215796Z 132 p5gDO8qJq3nNsL6UpiWap8In3VXyKSItwVjaeMp3ArXyBQhGjYGYjYdRxGjL
2021-09-28T20:15:57.111818431Z 133 C7QTo0dYwWiMcA8i7EB4CWftvcdNbrxQH91sWce05SWCUIk6dDqybWVWGbKb
2021-09-28T20:15:57.113649255Z 134 lnKwCnLenir7X3ne7GvjFnDzEnRsfP1gINTSZ88TqFANlmXBwcjUn3Db4W7a
2021-09-28T20:15:57.115888987Z 135 S6UvQwpXLJULKhICpZMCyVaVX6qCOjdXmlV7WfG9qDOtRtR1qqkQVrbhe86F
2021-09-28T20:15:57.117298575Z 136 d79CFclQLz5zAcnSA8IKJEMBYzFXYXemZyH6P99RnKKY6T9HWqu5yssDjkZx
2021-09-28T20:15:57.119206827Z 137 9XBM4Gcjhfl4Gg3GovPneyughxsq3OAEp8BFZPJ4DZZC9xKGobO8TIBRIejo
2021-09-28T20:15:57.121910859Z 138 09EcuKJw6aH55aQkTaEIMXiENoiEXouGoftEHRkzsU2yGdi9lImAEu9bSbJd
2021-09-28T20:15:57.124631222Z 139 4Chl1TUvYtKDL5NTEbCUCTeEo16mwxOxqF1puJeSzXaCVVY14o6KS2huPUZW
2021-09-28T20:15:57.126575100Z 140 ETtTmkaL7GLhzd85WhEPaH9jJNT3s4GbiWIhgmMX37LhzoSHOXlOZiTIexe2
2021-09-28T20:15:57.128527860Z 141 HkYJh2PeYtwbsHjSfjVPYmUXeP4X2f524fm1Wgk08H9xBXsLeqaDZbKX3xVX
2021-09-28T20:15:57.130334411Z 142 YsoymMVflSaq35ISmhfHLGBD6gIHMaNwxWMIxPyGk3vdluFA6001unT89kvl
2021-09-28T20:15:57.132826939Z 143 z21sWSy3VUNe0DsGbSoCFKqcVQhdPQbjM2Z8U5yS4Nyo1LVBt4f4s6Fyt9xw
2021-09-28T20:15:57.134153496Z 144 WiZ3rcXRNQnyZMxIgozXbzjCKzmHgVtI5BRBR1HNAYtvhej3oIzk96GuVuvs
2021-09-28T20:15:57.136724969Z 145 2aiYG803W4uDlWNSgHU4lBERwo7I84pEopZsmlbmWyCOxZYHjwpT3xkuffiX
2021-09-28T20:15:57.138300952Z 146 tDJPdDal1ZlC28oCfxAqJO4ZJlFAkkBOzeFYodNOIoIiR9WZd13HYzIFwulq
2021-09-28T20:15:57.140210723Z 147 Ejsmh78AGmWd5L3tHtMnjYGxDa7CTn8q1ya21kv5rK3QPgg3ZPDu8HdAAMVA
2021-09-28T20:15:57.143374824Z 148 stueZPHD3og7qja7mLyRa8agUrCRKvSomU0IhOZZqydSnxkyi0zClWbHMKmV
2021-09-28T20:15:57.145388429Z 149 KBAF6yd2VYPXTKB4JftjZJDJrZs8vGmS5TaRPdHnoM5rDeLa6ZMo9hoQqlJz
2021-09-28T20:15:57.147225802Z 150 NZeiKYFLfhUbEC2kHAMANJWFYedUGi8fRcXtfEM3VxxmBBRxM0NyTCYuZ1O0
2021-09-28T20:15:57.149274867Z 151 twLN2IlFYBadK2hrqz7s8rkEWLUgrDxxSGxUduNUXa7O43wSLQL5ry98fYPh
2021-09-28T20:15:57.151822030Z 152 CvPDugfKlXPAZaHL9R9glXlO0asTatI37zOClY2QJAxjWvt26sEkr1IluxI2
2021-09-28T20:15:57.154646626Z 153 3KNQL2KK4CVVkSUXvOp9d2iAyJkSvNlDnVYzCM1gasub7GNk6mwAiUiFNeSX
2021-09-28T20:15:57.156204437Z 154 T34fgb2mjqPGGBb9q3GGiOgLtawHTMHTj5c9NufVqWNPXTVZyo0Zkq1odYh0
2021-09-28T20:15:57.158879624Z 155 oswtFCNcVkF51PH34qja2bc5SHdvK90r3ORopG7qISNsDrIPUKbI9DIlbd9A
2021-09-28T20:15:57.160230739Z 156 7yMwfch2ed85mLo2YcuxF7U0mtVHaT8M3XHsWniCGePeAxZhLb8s4uwXEY2l
2021-09-28T20:15:57.162801868Z 157 0xi0zvkuUVFiy3sSjEw9O8lqVFWTzlGhuMHeqau4lQMUjgxtpSxstxoUJV5B
2021-09-28T20:15:57.165212297Z 158 oiF2bRBCL0T6BuRQr8vgV2DqZOcW55ck7m7J1qjZzk0mT2tufVH3n1PMz9ed
2021-09-28T20:15:57.167601684Z 159 IiYrYjyhCVkGdCTWpu4UB6KH3CssDiwxoXGQLeQvUuNrXbzUxSuWyztH2Mmb
2021-09-28T20:15:57.169191430Z 160 zzp3RQy32JkcXY1TtvFacwYzJlOMJ3TRi487a3YzXzCyLSyQhkGSftwqqewN
2021-09-28T20:15:57.171993499Z 161 yrxenHuInwjNSA7heUYArgNtWiPL0dfV3ad8NkZCeOxP7OpcFG3YY0fyimt2
2021-09-28T20:15:57.173834111Z 162 dLtsuFtVsyv1nLXUtyR6JqYsHOkaD6psPDFUNtOsc7vqNimpU7EYqNOmrqE4
2021-09-28T20:15:57.177058455Z 163 273TP2MaGKZpKSPX1XrzpcLttZOTYFySI4q5uNh9tEESiu3v5a2675xwkZgO
2021-09-28T20:15:57.179223246Z 164 BD2QkwyoAnu1iO8IaV7jBfiKSg7NbaYBeFufxX0wqOjlbKDSk5dWANeiT7fH
2021-09-28T20:15:57.181838886Z 165 J3jqxHLeazGldtQv3Jjoj0JHUxcJhyYjgVKnjKVMCeKKHux9p0HCFqBUQ6EL
2021-09-28T20:15:57.184066380Z 166 qWD1TLWAFBHCVJJ5dFZheeJqWopsluxPZhYgpYq2UMmJdcAeP6iLaSs4T79N
2021-09-28T20:15:57.185724682Z 167 mmS5PCBJyku1LxVjki2GidWhqVJMiTN0j5RoDu9oHDj3aKIdhw4UgzlPsIJT
2021-09-28T20:15:57.188045330Z 168 GH8BeDksW06uDaQqhhLeBg3fe88ZTEbY2Ouq6T0l4cDvDsMtc9Yt9pfhvw7i
2021-09-28T20:15:57.190254895Z 169 T48yXVOwOspBK0nJ409O53MRp0alCiDc6FmMtcGpu6AulJT3woJgKz38U0Pg
2021-09-28T20:15:57.192756707Z 170 1QDeVuen0XHlXK06cDofPWlrEyUVcrVT5rtGmJB3SMUb7kUibtDA5o6ZVtxX
2021-09-28T20:15:57.195168497Z 171 yXZ0F9zyyqhsbejUa8To8A8IUdOASDyf7wHuh34snPf5PgQExYYoQ00NebZ0
2021-09-28T20:15:57.198022453Z 172 GmGHDGPNN80RkZJJC5MS9nuVy6d45R71oaqJX4VRypwTzl3k4mY1jqsAmixg
2021-09-28T20:15:57.199241723Z 173 ijvM7GFHIe7JbsgyAffcmEwJHrM6PvYD7CqsJlU7UhsYcDyeDLBG7DdYKp5Q
2021-09-28T20:15:57.201844957Z 174 TLh5kgZ2z8QV93peuYxgbDJNomtP9JtXzlmEAMbMs79ylbW8jlzNFVEyvR5Y
2021-09-28T20:15:57.204778536Z 175 iiDgKv9LrgQLGtO4sAoPgxGA0CaJ6z3SyFmcxcmNlBUTvt5DzgsD9CGvW7Og
2021-09-28T20:15:57.206368619Z 176 iuTBBa8oNHgjD0zcIyXpRy7zWCpzziwWHbCa0mBV8KH8w2IbVJUBoHdNjCOe
2021-09-28T20:15:57.208181550Z 177 oG4jAnI6seVNi4u29SjvFsK32DDC7ITvMH9f7KEZCPW1t0ZxKxo9vhhVEvsN
2021-09-28T20:15:57.210581210Z 178 4FnY2U0Audv2OWJoUs3Jf8B8GdpHjmbMlCTMiyZOyXgwa0YyiT1AkPptlIix
2021-09-28T20:15:57.212753169Z 179 P4C25EsN87FLnNnBmT8zlRUBNpP99TqO08cHUA6MYp4VCs1ppSLTbDy0q3kr
2021-09-28T20:15:57.214668401Z 180 TQZ7a7ShhANcIjqi0M8Y6AGJ91JFrvgqgczmdZJjWR301HkGBiTVocljWvMe
2021-09-28T20:15:57.216943578Z 181 VQ7gmWEBsdmaeNwImD1jijCBdAa8W7Clyrt3uiwXlvcdahfHTfLIlITK88UG
2021-09-28T20:15:57.218683475Z 182 WylT1cfJ7cLvdVHo0YlrwMT0Aw5KCICEOJnVA6Bx32JVLD3muDNBZGMvY0mh
2021-09-28T20:15:57.221090206Z 183 bLh1ZwxuTq1mXFmHy98kgJL1Kf3ln8YpioHvqaoSlkycFTLb5HBzhCz81xiU
2021-09-28T20:15:57.223782804Z 184 WTibDBkqa0aKdrZPdDATUtrhRvP3rPm1Ena0Gy4xW4zZBNwInLk04yxKN41j
2021-09-28T20:15:57.225495032Z 185 oYcgP00fzlKMLESmyKq3PHiavP1tgTEA7yII2tlx7IyM8EYPs8jKQSIby4nv
2021-09-28T20:15:57.227236048Z 186 N2DVamhe4r9HKk6xreHtNCb9Xv3UiUk61AnYPboJtDUpjEPN1GA8YDEZy61t
2021-09-28T20:15:57.229801211Z 187 HgbAruMgY4KvZfaEsX9fHYgOBHJAigRyjPKhmu3PTdWlqK8l6jYsajloJFts
2021-09-28T20:15:57.231252403Z 188 5xyC9r14hwJDaNShJcZ0yefnwxpDVnBnxo7M5yZzAdGk0RpkcAH4x80YJVff
2021-09-28T20:15:57.234029319Z 189 s1LqJuddaj2ZaApFi0nWOTaXgNj5Zsz13bRgr0HfCiPDrMktVYcIhViX7ffn
2021-09-28T20:15:57.236964469Z 190 C6zW8NSbVYWl4W9ZXFveb0k81af7pHLIYAsX03HswZunMZoVeXIDIOp9hnQM
2021-09-28T20:15:57.238275448Z 191 mCri5A0RPH8a34tvrPJYvWe26qEst3AnncHaGCdTyVXuZIsnjyb0Mn8bSEhc
2021-09-28T20:15:57.240972063Z 192 AxQOQDAK7q5wepjP496qtPLkbpUyhTUlDbIpI7AB1eNPsv2IPZGn12Bd96EA
2021-09-28T20:15:57.243313122Z 193 2NpcStGVh0dhPzKFEPxfnxpxZDBcjODrM4yAPBsDyoJBW75gvtFCZq4cs1u7
2021-09-28T20:15:57.245362402Z 194 mp1xwFuAW2b9TcjRUtprUE4maWxI7IkwlaDKbWIjBYyZoRtRQR3ltaLscjER
2021-09-28T20:15:57.247416308Z 195 w1hXkWqwUpLL9IECfrDOa1BlcXZhsrduNP8aYhl5K8uFN1a4liGe7XIAQRxk
2021-09-28T20:15:57.249095409Z 196 vgA5na53tM8Eh4Y0WZ3a8iwiNYEFuHMTnxNO0fG9ycxRZn3LYhJX2AhbDKEU
2021-09-28T20:15:57.252337502Z 197 3gkBzP4FFy5AzCggnnBLAIArf7MDRoo0llUe3tKdErjzOKyxqf7R41dQZ64V
2021-09-28T20:15:57.255107321Z 198 h7hVawRKUzIsPBpDZhfZEmOR6Obf0FdDxuoBtoW8YnFiPt5I4EkxGHBprT0E
2021-09-28T20:15:57.257963592Z 199 MmfNYMOMV9FeKiWn68KXM5DgFSY8BQLyOxOVkVg49c7l47GWZHyrc7mQMLNR
2021-09-28T20:15:57.259542313Z 200 ihP2qPApHz1c1nz0jjRjS3zNoPjss9XW9J4sxQTpijSL9sHpqQsmzOtbuGki
2021-09-28T20:15:57.261232884Z 201 XedmhJc62ustKrTyfxNPzvznHsK57yiY9VbT4V9RDMNjA1saFY0O0fxOrKpM
2021-09-28T20:15:57.264171487Z 202 0P1PpOXVTx9XQoShQ96dmVqislIlRqBTSvjR0MyHNJO127d1dTOdijKETe56
2021-09-28T20:15:57.266894127Z 203 rb7UOcsCmr5aEDFTMMD1r1q7bpvhFiZBIiPPFWGjyysKfyyDa1XhTEYKhmY6
2021-09-28T20:15:57.268238766Z 204 ELrTis0kbPyhdWNBehLNfoVc0esrZtRCVB1F3mIxEJychDRBPZ6lxGklAe8B
2021-09-28T20:15:57.271207630Z 205 HnQ28fAOKhpXaADhHi5HLkg4O39WCft2VzficIAxzj9yY3e0EakyW0WFA8z1
2021-09-28T20:15:57.273741720Z 206 8vMv8AiulmHCSlNUnl3jeFmS28DfIwI03XjKSNhhoLNxskvA40kCTSZSnx57
2021-09-28T20:15:57.275999879Z 207 CW8SaHW0tBxGIn6sLTFzGRGLf5WfeSffXb4U2ytmYQ5CDDeORKrKYwqX3iNG
2021-09-28T20:15:57.278162846Z 208 Fe2bWuB1TLMxtLAU3QAi4oHXfwTli59pfJLFy8RnRigsZEqHOtBQrFZwkIGF
2021-09-28T20:15:57.281111379Z 209 FTUu0lOx7LLSMkWIkpnzntGAhslpKM71NwlxICDuHhNGhVzhqI6LwiCbaNIh
2021-09-28T20:15:57.284178357Z 210 MkNb2hyMEy1jAe8uA3KeyCI38Baboo8SQGZK2i1af5nWlHPkKiRuggaiV7ld
2021-09-28T20:15:57.286427273Z 211 26U9J4OUUvPjUNq2jkK2RY5e7uRrcTkqweaTdbW480E46C51V3bvoV7zH0hb
2021-09-28T20:15:57.288490754Z 212 GupNIVkSwAz3HA8DqcE4g1iqvjdY0pozAA3B4DLdFTJ1p7dyyrZcYk38lPqX
2021-09-28T20:15:57.290116857Z 213 D4wjYyEnUDerxifiZNOTyPrlnfKp6sqGGUTLMTgduF4NjGjBOjftXJu39bso
2021-09-28T20:15:57.292157729Z 214 NsZzsbBc1IvRaiVWULhRuj4enLReICuMdJruUPNkN8kfqPa6o9TeH3nL36ML
2021-09-28T20:15:57.294977602Z 215 8izCx5NazRmLfOcgu4eYBj1949lZBURvNoqCrjUJrnGVpOxj79vpcjYIE2Co
2021-09-28T20:15:57.297173134Z 216 ySRLE7sjQiEXPF3nvn26ujiFAwKQj3nQyMBUJ5tTp5eYMR4PTT9hpMLQINUx
2021-09-28T20:15:57.300392237Z 217 LJGiNudHI2Y52C8M8ZXcpJKh5U1zjNhRGH50AVUBiSwwCo0wrz9ceAncoYSA
2021-09-28T20:15:57.302118855Z 218 Pvgdo3g2ZN4jyuTTBC7Wa4Iisjw9j7Qoat6sDRGjdimfI3buvRIpgI3atyEX
2021-09-28T20:15:57.304227885Z 219 ApkEPh8mMSLydidKeGXEpgIaOEXasRflJTdi5vvNQ4EOf2pFIOAxE9VFj9Ma
2021-09-28T20:15:57.306545640Z 220 kVzppEFFS16dRLcQO4DrlNB0cvyoDSkCp3OQoU9v3jhqkfp2RtL3PEQDG2Y6
2021-09-28T20:15:57.308251216Z 221 M9YJLlHIsXqXuycN9ZdGwmD8uEflI3GLi9g1B57AVjIvIRLqxr8ILNRMxAFK
2021-09-28T20:15:57.310381500Z 222 so18Eb8CAbsr4CEBmkHOGpvoRWsru9KKHWldMsWDwMd1iBDLNTnXKI6RC1tV
2021-09-28T20:15:57.312311532Z 223 riWarQWnYGgm9ZbFEHDLPoRKWY2PcUm4kTidz7dZCHx96jc2Mp1LYromzyBL
2021-09-28T20:15:57.314153533Z 224 auK2kVdxgTKHQm4caHs6HRwNII2WuDAhbEalgFMux6xm4fRlYu7pCDsNDW7c
2021-09-28T20:15:57.317364049Z 225 XNMENbBjsZmsIUdR0EziAxzYDA0AAseqPHdveECVCjJOvW7NlTwXpyX5XEuW
2021-09-28T20:15:57.319117685Z 226 fGTkolYkj6SPoOQyD1srLE6yxUpeej6zYuXQUEWdQPwB7gKvTDx9q3Rx4mnI
2021-09-28T20:15:57.322086889Z 227 PIShUkXbHtJP07FFHj031jNJ2x5bmv8x7OvKAmC2QCXFNU0mzT9ZgkbR0z5F
2021-09-28T20:15:57.328330448Z 228 lPrhBCEDP8yvBVdtm07jvYjpx4m8KE4VM0GhefFTbuwr9Y8fYq0wTyfY0PO3
2021-09-28T20:15:57.334452566Z 229 LgfBTDPi2ggkkgV9rtifunB9lawe17gxk7dZDqzcUNaDeVYQEgw3W5qczFrP
2021-09-28T20:15:57.336878385Z 230 KlHTvPiLVD5hmyIcIbAjQ31PwPehrqJcHJKeRrONN25eXndJdFSidcykQds5
2021-09-28T20:15:57.338341118Z 231 Wiqt2SefNo2h1sBQfXKxO8VExYkVirpPqSe5jQW5PvY4vS9FgI7XQ6I5MZed
2021-09-28T20:15:57.341492706Z 232 y9V6LGrg6kuWlsnuGxdFZuw9GqUWc3BfEB6l7F0rdgcIPFeaGOUv3UEoYQ3l
2021-09-28T20:15:57.344139572Z 233 LImzvHIUGxneRFcfOkyLoSYKaKGHVNW8knAov46NCUYZTQ2eH33OAyYWw7jS
2021-09-28T20:15:57.346497530Z 234 C4JBdpB4vMLR5FPUU4Pw7xPuJssLQ9Qv6GEeXItjOJ65N0jwN2RM0eEzZbm4
2021-09-28T20:15:57.348478066Z 235 7kuzvfRuO4NUd9S1nHsLCZ6jh3Hq5n8eoxipvzuDIXkS1DHDI3vugami7CRr
2021-09-28T20:15:57.350131888Z 236 dzrwpUQ8mh1FpKYaDnwhqgERhCNd32Mtn8vbIqqVHiGc52kARQUBNL9SD5Hp
2021-09-28T20:15:57.352328946Z 237 46CdiKoHOXmSMjtDN9aL6N90kCXDOEbFXZ0nCl6lg2E4kHgwQMEpy7MMp50B
2021-09-28T20:15:57.357627932Z 238 TEJnNPurwWbfL64udaIVBX2kx0wHbi4zwOBIqEkbqDrvmxn0XUCnzfTwi4zP
2021-09-28T20:15:57.359954774Z 239 rNFrGjFmvVtDbSimrKxtesufhNLmUVUeAKTATMpdlV0g7hZIWQGNlFSuILhQ
2021-09-28T20:15:57.362098721Z 240 dfU58DZEy6CNyvEdRdxEwPp0vUpwJyKYkfchNo3QUeWWPhiGvrskmFKjcBzg
2021-09-28T20:15:57.365177686Z 241 mcj8UYB8i3PpLMJEM4Uisjb7TiUCT9gINMwPQ6MekrqAkkuYBdtTqMnvmQO0
2021-09-28T20:15:57.368304995Z 242 RNsOaIhi8Ztf3H7y0bVaikE2cxbWdDafHVxp1qBk4iZbK7KmjUlIZSdK9Cm4
2021-09-28T20:15:57.371176242Z 243 6J1CBgxyNLNXwmgMmzwcgFR400NFXs1OZ5Ih9ug65gpVWkhALDogDgbiS6js
2021-09-28T20:15:57.373110928Z 244 9FHoqyTuNlG4PDf2RpoKidRH4Qssc1zgK3krDzSNIjvYhtsXlT4glAT0MydN
2021-09-28T20:15:57.375508432Z 245 Jd1sR9fqKpXzOoOwKsKpwtBnZfGe3leJmOsryvEBfTEsHiI7PRMPd5KWOu4b
2021-09-28T20:15:57.377900192Z 246 OEV3o3rvdRtj9IhfbjNcRAEOel9ysUDI04ynS1EpV4VVkuB4y7sLoiyASEFS
2021-09-28T20:15:57.380906222Z 247 wS8F8hwSThVUkv80MNA9jtsDpGlEEPg06z2MODUNRsnSns94eTZ5641wvgnO
2021-09-28T20:15:57.384082890Z 248 U0vHfSyvCho8OVvUPIVoeAWV1JvscRvPcljv5sbaTdy1Feh5E5TH5I8Z9P9D
2021-09-28T20:15:57.386207748Z 249 HFPDWRLNwCUGpMlljhssAOZzBmc1T5qwdSDcTV6PYyy5aadgxzjovFF022DS
2021-09-28T20:15:57.389185639Z 250 uzGCTKeQJIy1FkSWbw8qi9RVTtSyqykC8KKWa2uPauXlPC7B7Jrhe64b366t
2021-09-28T20:15:57.391504263Z 251 h3Rx1ttltcmOEw0KSDhIRS7jgVxTv9MDqo58zxqkKHdPQBkevsJmAfmgzJbf
2021-09-28T20:15:57.394362762Z 252 YakJrxkzDdUw1MdNr3OklUd39f8eNPfUyvyV1hpk0ndIfwPQCTiODKAXGsOO
2021-09-28T20:15:57.396968223Z 253 I2RCwHGWhcJqbTwSui4wR8O5B92XrUuJZnn0owAPbrkFyiOiGWCRo7BImLhp
2021-09-28T20:15:57.400680554Z 254 J3XnjmnILm7q5zGqaAVKrgSVW7saAXb8FE6pkyIie8GRRayVb2dUztHNqaNY
2021-09-28T20:15:57.403344218Z 255 psFGVQZVlP4RyeK67Lhn0j2COnEuHIjGDM4VMg8QF05RnUOSnjVIHDwcx2ur
2021-09-28T20:15:57.405358963Z 256 Do0OZ27TLWrLXFCcmjQ2rfRKhx55hsN41H2Hog5kBsq89BXhj2Hh8NH86jE2
2021-09-28T20:15:57.407738787Z 257 vqiTh1ZsdJ1FQZrPRhD93fz96HzLvEt1JBISxbbw3CaLGxkdP7YquDp6P2Ue
2021-09-28T20:15:57.411095969Z 258 lBG46k1vuCW30iBNGJdaOiD5kidp4nyOvU9cc5DIyWyrcTNYEntPOUsRrFtc
2021-09-28T20:15:57.414187203Z 259 I1j9gu3Jwt1WXXZCtoONkRpLiIW9WPnZLND9X3hjS0jexzdxWqLCK5D3WUnF
2021-09-28T20:15:57.417417713Z 260 7gBHlu3AgqUWBP5YsCdjcnubP05RsPZpfBFi8WTfQ87nSotlzDFuf6olWP8D
2021-09-28T20:15:57.419379597Z 261 rbB0SXFUhyasbRERT3zDsk6nqh1oDUMGTCgH8MNvurU3k19Sovcytxu3ahpA
2021-09-28T20:15:57.421837317Z 262 kSEx8ztZgLL6gIiOTRA5wqaDp20x8VvD3vzl5yulm8kJhh8KHcpYBDQ3VaAE
2021-09-28T20:15:57.423317228Z 263 t7cSO2I2h02vVr6M4YYzM7mBS7Yp2f2PhdFYbqYgbfXZj73a9IFuRfXhHpYy
2021-09-28T20:15:57.425566242Z 264 Z8Kz17FmfUeK92ZY6Peac0dECeOxoIWTAbTZGlEdZqsgdNy5qZOzU0zqYwH2
2021-09-28T20:15:57.435430870Z 265 9aonIanttFy11UWSn2hNWY5jvlwhoQScn61RjvAhiOExT9F3oShHp0SPkfOU
2021-09-28T20:15:57.435604343Z 266 X96qnoOZ1ZENaNzfUhBZdJyLbkPqzUfFIZINb7SX4cEjHCEOVwNIInyEQ3lq
2021-09-28T20:15:57.437756248Z 267 vyMHXOsqmCEjSkVh8KNmZ6ioNVz8DpQuMOeB2LRgdynw7p33wXfQExWa0GQL
2021-09-28T20:15:57.440146505Z 268 IO2BuVrJLfNdspk0pvdRIN7t0TmfLODWyQUruCLiD7iZfkQfukufPkn9ufsR
2021-09-28T20:15:57.443069705Z 269 l9bgLjreVDFnU8kKVSvFvxA8EHyLvmVpQoLQMMlAIXL00vNBoGaG3AXiAM41
2021-09-28T20:15:57.445905688Z 270 6RbJHsL8Gu9qrxol39fXXUklnyhcN4G2LcvSpHXLbQkhGahmNOAuw0oZGvlG
2021-09-28T20:15:57.448176810Z 271 aqBWbvyj4oYaBfUEoE1FAF80BTLEFSAXKnETNi4bxjQ8gOHg6u1zbBdvDxhC
2021-09-28T20:15:57.450141184Z 272 5Inr0juXDch3i75doDMbSnypQvwsOWWPpHSA35nJ3Z926O4SNzYmUdLuAnw4
2021-09-28T20:15:57.453439432Z 273 FMaj2b7DnHuo3NbtOViBgVkEoDR5gkOU77rVZq2lIHWtcgIJRnRGdQWb9RMa
2021-09-28T20:15:57.456793576Z 274 ZU9InAm1LkaY5v57rrjMrGncAljzBGr5pPPKQh5bZtlxDj1qnavS0idiXTOe
2021-09-28T20:15:57.461009161Z 275 RTlAbyGfws7N8Ola7ZM476IqdRkUKebWnwn6jpry3JWylouXDNILkF5oxAfb
2021-09-28T20:15:57.465273566Z 276 TbihrQnKVHG3PyO2uBcwh79IKRABW9uSwHRXlx6vgeL7m4rh1WkLVjmIYKCH
2021-09-28T20:15:57.466806905Z 277 4J4nI5hRAdWvULTko58a6AjtyIA6U7BeQ8zvhYzRSgCSA3cKcFm5seOEwHji
2021-09-28T20:15:57.469192642Z 278 YdW2iXKX9wgvD6fsS7vrcSQbs9WU1seJiWy6wJOk5l837SkLgs4NyiQcEgEa
2021-09-28T20:15:57.472188993Z 279 Wj5TeTQQAljbKJ67UagTnDEKAzZG4FOfIZSdByGPS1psLPjTjLSiTv6TgutZ
2021-09-28T20:15:57.474672117Z 280 QE7Yc4VRlpI279vBWVHuojZOscNurLZNPVcFnGjPj1IqSzXuwnJmVq1fuY2S
2021-09-28T20:15:57.477493723Z 281 kRAw8bzvbkkRj3Z70fBWH2Me5XV8g4oYaQPDO8oBFkDy9EgCgQOgrR1uQRc8
2021-09-28T20:15:57.479984997Z 282 4nsOvAWncndkpeMTpwqfqGJaEydN7Ve38Al6QOYnX4QYZnwSaQ6q1fKXoaZL
2021-09-28T20:15:57.483110235Z 283 kBBH3xMGbsILXgsYGwwNQ0yPj2JZipixBtcY1I1AIT4kEdxo6nxGa7GSvOpd
2021-09-28T20:15:57.485121185Z 284 uFQ1yTAoG3RqPAmD8wsmkG9CLPr9fHHLZXAZjgkuL75CciGgXe7gBLjwZfF4
2021-09-28T20:15:57.488064394Z 285 yXj8B0mswln3SokhKAc8sf8bU7ywqNUrJYMyfSKAxRWXBco4hpXQn8VmAz4O
2021-09-28T20:15:57.491060204Z 286 aB6bQtXPxXPPZCpRCklcSd9VVst9YR691ZWraMmEEaiBQL4IJ69OQKXmRcSC
2021-09-28T20:15:57.493829227Z 287 v6U653A4oJx7E477gTXnl7Vott6rak1ZWN214eaEjF7Qs09f8yH6v7oTBx2x
2021-09-28T20:15:57.495557057Z 288 LaAnLugS61oolrvXkcyy7r9WgJhfWQd1lr69vECeKTb6nzWT53ntykaaAk3d
2021-09-28T20:15:57.498157562Z 289 QKnaZWNZ4m92nkv2DwRSlprxvT4vB5uXV9eX7qSONZPsv3mTIUvnJWJoxXzj
2021-09-28T20:15:57.500583451Z 290 PFC9ifi8z729dlaFNDCtIj1DyLVODfUkoxFRlraErZxX5uDKRR3lvtUHa2oS
2021-09-28T20:15:57.502116314Z 291 EG1Zg5mH7yNRMo0YFWJ2NpNwgkHGREpVAIq5BggFBGrFlCPuIqdyJ2RIBAWI
2021-09-28T20:15:57.504791821Z 292 2E13AiSEUHsuBBqOC6keWe2Lyvhu29Zw0Xm1uvV0wQ61bIbuubHigKUhwUGN
2021-09-28T20:15:57.506173641Z 293 yk0cwLS0ntStavLzkPhMy4ArpSk4bQ8I08MkvL4bAXq1ydmxrK7YWOfswBx8
2021-09-28T20:15:57.508857477Z 294 Tk1w05P51b8RsSoNMov2g9OfaX7M7lo7MYPJOmqv7HLUtpYxtTKQRAX3uleQ
2021-09-28T20:15:57.510611913Z 295 F1x229AzjsTandUEK54oModsMI19SapILXQ0eczpKGJ9QiUGtvVhQ6TQ5DQy
2021-09-28T20:15:57.512576461Z 296 xSYVaga3Tsbfsoj0uhgMIDD2aSIEasy1WkRorUSE4f0z0dJGjVbklj82DxDm
2021-09-28T20:15:57.514944911Z 297 ZBRfSxOcM0qLj7HSBw1TkMIXWX3T7pqIKNXDtKQDoAeekG92i0hKerFp0ieS
2021-09-28T20:15:57.517132305Z 298 mAJH7HJrYcql6UR7i7onyaZsZHEkJWzjHrRkU4r6pB9ymjpKFwRVnujw77JP
2021-09-28T20:15:57.519817461Z 299 Rt0vUMrA9W6vtJxxJ96yjuxaL3FYr8ySPyNi3JjjPg3zjJXNbBYrEcEMR44R
2021-09-28T20:15:57.521326222Z 300 oEsYF1LKUgcNWICb6CSHKX3Ce7tsFvWhsboFudI2dX2raBQSuOjqTAJjlkDL
2021-09-28T20:15:57.523162297Z 301 6LE9qw7Z5csZLMbhN6IW47mQRK2w6WBB41vkptQxB2T5FPP9B3RM0pBYffQs
2021-09-28T20:15:57.525754626Z 302 4iUmJaDm0WWzdoKmJ27VRGdLzAUUW8VFBs96s5rQcVwAs32uRdtdmeu6jtxc
2021-09-28T20:15:57.528200812Z 303 FtPlOiiqr6lpYt87UT75oPDqIkoMk5DJtbDyWevGltxfdsOxLzhDhYoXefIQ
2021-09-28T20:15:57.530563391Z 304 RT0lSPWUXxY74W8XkACH88qBFGQZOCQn1fXdO6CkWwA981AeWcZ31f01e1q1
2021-09-28T20:15:57.532986540Z 305 M6UmUp204guPwAXLPCf3DR5NvLn4CT6Io0kxlYO5H96jq6LdzHCvy2WVKBbD
2021-09-28T20:15:57.535130253Z 306 2wyUIYrATilgZ7pqV0FLIuQcLgPXmmb8bJ2wsXpGrCibEBlf3nuL2p6SRhQV
2021-09-28T20:15:57.538060547Z 307 qzjK1qN6BtbzCWg988utGsHZjjpdvUX2DCVNywk2FQANETV77YvSTN9UC3uJ
2021-09-28T20:15:57.541076153Z 308 tAdUBo19Rrt7G1Zt2c6Jzc2uhCsMIB1rFhgQ6fglWpSHE6ekCTm0dCCF7OSX
2021-09-28T20:15:57.543279629Z 309 XnFdsiIPjFt6CPY7bs6FBp3fOvJ3C9IU8GNv7SWEnYC8MbX5oTGzD94gWRSJ
2021-09-28T20:15:57.545941450Z 310 vGP6qJU49kxxDQ3RjRcO3BRXFPEgdTo6vYjROkkZetWoYBB8ko6TV4reGi0z
2021-09-28T20:15:57.547353419Z 311 iMA7IlLF4MxU6GCvvWtPW5WO35qJExM5vK1vJkOnzg9JLatDBn2TfP0kgvXT
2021-09-28T20:15:57.549653327Z 312 ckDnDJWaoWY5snhj01mGVls35yEcHi4tFXUaWrBcEnAcfzAqZBeenhHDvFdL
2021-09-28T20:15:57.551656078Z 313 h0VSeSXrT2Y97uXIMTpygeZucjbRVmdjPq99Q07jT5TSuBmxbopSmHZKaY7H
2021-09-28T20:15:57.553856376Z 314 yu2WU1rqYgkoqhZ4ekMcUoOxnyoV9021vrqgxQayDh4sMmi7FHvB1BF3Y8rP
2021-09-28T20:15:57.556562083Z 315 NDOF9sogmQYoWLN1Whx2dQQUGr0y40P0QtsVQSpnMwZCSjMgSPy6gWFZ25Vp
2021-09-28T20:15:57.558215835Z 316 w50xoo4yiClz2W1v0h1eeOTXl9lQN2yB3IphaQxvzO6wO53KL7A8zvXpwhOD
2021-09-28T20:15:57.560900372Z 317 ovfghXR8TJspWAcMCKHQJKLI0aPFIoeetJ9UzQiXQBhAzI1N0EwVVqc8cDXH
2021-09-28T20:15:57.562563113Z 318 Jn1g4HX60FvnSspDK5EPjlsrpBlU1NuPmwTdgcCvK0CwrhDq0SRsgrV0jP35
2021-09-28T20:15:57.564562226Z 319 J71w0hok56fgED9pVjgWMBQetQvginpbkMUn8QfvQDnnrl2Iw7AhhpSDEDam
2021-09-28T20:15:57.566456803Z 320 9YhBrNrYedfbSuZGkHSWGDnhS59f42ihc0iwqNnoYOussl02sF1Up2jGJINl
2021-09-28T20:15:57.569134905Z 321 vmuSpIlFlBMSntuTeU6t2U2hAIG2f6uMi9RWy2orcqfrmHo7eUWiIs1E0LNu
2021-09-28T20:15:57.570588393Z 322 yhNDSXlT4Jxw2q7I4iazJk0Nj8B3vdxBSev0s8svgYlqzCFyksQjGU1xMBc8
2021-09-28T20:15:57.573034449Z 323 FHVteuM1sGp8gbJc2MysDDGOowRWgvYrUhmARSiOviXskfutpi0PkI7S3ku0
2021-09-28T20:15:57.574622611Z 324 mm1UWIeFtavS01DBVd1r0RwurDYbV8PlZx51wz8aAbM95K3DakKYuWkHNiwQ
2021-09-28T20:15:57.576168102Z 325 2OObjbgNtCfcK4kSb523nOh4q0i5UCsm2gHLvjcMZraVy8jRovhH3ujEiWpE
2021-09-28T20:15:57.578951787Z 326 UQeSN71wQUKVKDWzEuouh303RWpFgBx3EV2q1GcZ4dh8CEg7b9BPQJ6Ujpcd
2021-09-28T20:15:57.581487875Z 327 brl4NzeCDx6rrU0lP0c1lRBHKWWpjPSdDij13LY6N7R29k3rmYJGxK9Rz4JS
2021-09-28T20:15:57.584197301Z 328 CiAhkfC4xvxrdHglvTuqryrchdWjvgEwVN4PACFcNiIeQybZ35XEoEkIz71d
2021-09-28T20:15:57.586862088Z 329 tpufAWT0B3I9ceAXgq8j9kWkGtw5V19EqF4HlxGeuWRm9DHjUN46TjFx3jFu
2021-09-28T20:15:57.589440147Z 330 47ZmT3jwhhxAh5Ui3rGJCoKgSVEYKAQwVgvmw0e4ZZBoKZLWjCwMJgN6VAWj
2021-09-28T20:15:57.591339807Z 331 JZxDaf5JlT0Lr2Y4ltQ1KAoU4Nrwly6EguArhFWDwc5t0CG8fG5gnAGS4n8O
2021-09-28T20:15:57.594777325Z 332 j3283M2fWZYGgmdpJoDPfQgCra2BLsr9xJHvUp8qDjMTtZEnQyXhE3dTOoNA
2021-09-28T20:15:57.596213869Z 333 hLjfurE8GCg0EWiQxbNkzuR5fGVIJbcDRMKqcSKegm2nS4OTGQID8o6RmN2k
2021-09-28T20:15:57.599195648Z 334 3pPAhYa5QS36y6P1D63ALxkouWZhXE6P0p0OOEMCJRkeznwV1KG4iMXu7EQD
2021-09-28T20:15:57.601972481Z 335 Kv2sz7M7ukbgfnFCdasXFU9Xq24fi0uxiGjssjqHoiYSwkmzjpkidDOEblkX
2021-09-28T20:15:57.604867286Z 336 WFz7d8KjtiUwZTUr698HZRAepRr6pg1IUQtctAms6m0CAERxp0QpSgmAvS1F
2021-09-28T20:15:57.608002847Z 337 tV2VbcY5dXwruEJvJUfgIaebRnrrly11p34M4BdDemSk70EGloD6LNnLN797
2021-09-28T20:15:57.610896067Z 338 LX5xM5AdkY2gjr7aH26NdAXWRr8qTTixj4KHTm9tr30SQV1I4fRv81k2lEtn
2021-09-28T20:15:57.613848083Z 339 fxmsQfZPIph3nT8ezhlntlIswAgdh7R4cATPsxqvjp9BHLrDQztBVczyNkdl
2021-09-28T20:15:57.617097487Z 340 mWWrKBc0gerehaLai8c7vHWjxh2n6nJ3qPEZ7tkyi3QPhJM1gfnLt0MjngMk
2021-09-28T20:15:57.619226614Z 341 Q9KinL7jptvP3JXnTHyomeFVhNASC9HRFYGYp3pRX6jdlLUf8hSYvg7491jT
2021-09-28T20:15:57.621251401Z 342 aIfjBUgrLw3yx6h1oBmpOQ63ds7yrsi41VWsJVvgkzQLAvKXVopQXMAa0RGe
2021-09-28T20:15:57.624463747Z 343 eBSQpC4YLr32zHy2RtxSO2Gj9V1uFliWf18HT8P0H2NBwr22UEmihR0SP6IQ
2021-09-28T20:15:57.626364909Z 344 5coHwnU7Jnk7rzxAOIPwSSn19QHXB2IsgZuS7LBYa0Cb6HIea4pKjVRT6lff
2021-09-28T20:15:57.628209445Z 345 yOnHQNM544Im9kJ7SJTOMGSQAwlt3glnReR2kmrdEOB0ob2q0L51NO12iMKc
2021-09-28T20:15:57.631136892Z 346 j6eF19pQpoAjOrMha4KHY7Bjx4dXi3ZJ2Yko00cTArxSsfTMzgLeEQsgk1po
2021-09-28T20:15:57.634081003Z 347 RCr7Ainyz7tpYIxmoOCxsUEN9ubPGeAiWVwGPudn2u1mx3vBATcdsnCroTmi
2021-09-28T20:15:57.637137400Z 348 wp5fEwhi0Ih143v9mqfUanrOeF4hmbcWDUTHnyoDJGXuOTvjOdeANiKJjnjJ
2021-09-28T20:15:57.639123877Z 349 rwnrzFe5tje5q2FGFUyD6Py2yF7qIIVcnYZPDzA91GzBtbg3uq9Cu5ITU0Kx
2021-09-28T20:15:57.642146071Z 350 kby0tYjVzOtuiVIMF5jrT4WLnCmKws4af2U1WmI1NxtA3ciyshWHDaB71Hql
2021-09-28T20:15:57.644240829Z 351 fwxX5ebfwi7AlpRXvnepcUPmKr3lOz5nMLZkrht5GndYFrQSAShcHhEQD6d2
2021-09-28T20:15:57.647135898Z 352 yfptQIU89mawLzvGBAmgLCZXWwDi6wQY1YkO2M7aPMAMaJUZ2wTmyeguDmfd
2021-09-28T20:15:57.650413200Z 353 vgLvJZgjRnvA8jq8FG9WaH45MPk7psNIX2Z7rSwwPZTOK3AAZfeNJBRIaB1x
2021-09-28T20:15:57.652188362Z 354 BP5lVnvC5sBw1kfvQDZef1RMlxLlNysod3drLhHo9vvrhYL3bPqUCQRXqbAC
2021-09-28T20:15:57.655074533Z 355 2sfyi1VyBZAiwfTl39ycnId9gev6sJXpXRLVLElgXWUMRTTWcAb0Y2WQEafy
2021-09-28T20:15:57.658743620Z 356 qups0A1OUcCFSk2U2ncnFoYQ4Yta1gIbUIWLcP5cZ4UNPjEUcdxbJIQ3ZYqC
2021-09-28T20:15:57.660659875Z 357 90rvl0Vi9HJIaJODeYoe5ThDOccwtjYVcayRb4gqArOGEbwtSbMNGd2AjNrR
2021-09-28T20:15:57.663234432Z 358 AlD9ByR0dBbaCf5iNqZDy1OspduGJ7ClX1hkgjQseqeoumVtT4QPC1AloDvq
2021-09-28T20:15:57.666036313Z 359 ZYTV1bxHObJpu1WJ6WN2MvyOrPQ4yZjKhfIoTJQd9VYJ7SL4jO3Sl70WxYTt
2021-09-28T20:15:57.669218349Z 360 zSfkbZKwT7t2VYzArh9U1PrqL1x85aU7ehAHnd05u5PEhaXPUcHwb3CtiIyT
2021-09-28T20:15:57.671164056Z 361 9i532bD5esabUvMn9T5PmaMIGCj9kYCKKiTM2gudp0Toyka9OQ1VSGflpMjj
2021-09-28T20:15:57.673355489Z 362 YC6h0caFWBtskUnS2miDXIS1AQdgZtNQaJtBWu6LdNjdgrY2Tyt26eCn1AGg
2021-09-28T20:15:57.675262963Z 363 JcGIApVasJ45qFykqdqOS9bASp0EJG75GhiKrsqqqefnZsOp5iVS9uinj5Su
2021-09-28T20:15:57.678194349Z 364 Y69BulVQRBJPVKZDkOJuPvvYA108cOobDp0mhnsxV7DZEEClXWxjXTFovKxM
2021-09-28T20:15:57.680191391Z 365 Y9KMFiCv1nf4KZG19fAMtvwJHzyf9QLDo0qLSoT4s3G3cXOdFri1zMj3lDFA
2021-09-28T20:15:57.683422013Z 366 JNT3egHtWTH2B2h3Sd8fCmDD6uJIql4zjkj51cnFDqQ85lZFbiizq6p4Z41r
2021-09-28T20:15:57.685857029Z 367 9Roou5rw5N8YBgmG4chaXv4ceu0OrDGfykHgwD4tJV8eVgPPt8zHTp4B0PA9
2021-09-28T20:15:57.688959847Z 368 vVhgOZ0vc7QIoRImy7uI2z77m5ot1pgegEob2yNmkhZFIg0XNjnWtKEfOcDT
2021-09-28T20:15:57.691308917Z 369 fMoc2ZvMHgD8JdwBspm7e7CPwppIyFJBYHoZA3fS4otqkpyaORa6AdQ8FMRp
2021-09-28T20:15:57.693140509Z 370 JRY5d3Bs6AylEA3SXkdeymyLruPAYtjKksLZMGUZUrHgtPxE7Mhw7Qc0CSBe
2021-09-28T20:15:57.695265576Z 371 WFvjlPoj2uEFAfEtJO29UyMxKCoIwLAG3fWNY7hPwaOSkMLdKzlrq68nJvnI
2021-09-28T20:15:57.698106391Z 372 LXGtwu6cwYbEFjB47Qs0Tjm1iuGr3I5fVPoQuAGIYgFtx7vh4cePjYu5uVAH
2021-09-28T20:15:57.700542318Z 373 M7JCaiH6hWHBsiIyA6VMxCNFoUUfph3n0wSoWmW7XfeHjIpA7YpbVzN6gprl
2021-09-28T20:15:57.702339049Z 374 kUrmDhUxg7LFaISETeAuxfVWpRuAAfIihavujEg3INMH85eJ12cQ02J2mUbh
2021-09-28T20:15:57.704337209Z 375 RY2i8v1WwK3J4SGvfsPQaVtoGpAqKeEIGBISBSAE2w1AHOXWmuwL06qTb6BQ
2021-09-28T20:15:57.707080720Z 376 exzWGwl4dyzpx1bY0VqvAmIK8qOMDQ8uwCaJP14z7pAKOMYOgX2DCcsRB04d
2021-09-28T20:15:57.709683470Z 377 KwmnukKcBTYkwZPzQ9JOwfagNcC8X6zaByR5DgmZ1hYLAWhBnyQ7fkIVmt18
2021-09-28T20:15:57.712079732Z 378 soXzBx9N0L1zBMHvbbyQqOso9vbQ97bjq3JeEvxYkqhLIXvHqPbNDRCt9V6d
2021-09-28T20:15:57.715129690Z 379 YnDxt2y12jMNWNxfNZA4IDE9JwQpvO4K7twsOBaZYvkpKePickskijwbdIDp
2021-09-28T20:15:57.718082903Z 380 a3T6VXhv00xiKqA0KkkynGiiRmAlhxBwKMDcajT5jWbBqVO70py0GhDFhalS
2021-09-28T20:15:57.721246376Z 381 JYcTdJOIF45sU3uDaEQqqgTifzLZgQhONrJSyz01YkGOr6EEHtwDqVIafUxK
2021-09-28T20:15:57.723367282Z 382 v3ntl5BsqN1DQVqBS0QMNHGQyTiXTO2borJvLjJHYqYwlquXgx5GbIXfGTL1
2021-09-28T20:15:57.725475940Z 383 3BKyWaiPNl5t70kUu9lAsrmsQMdJHYGG9Nmm1m4h2WcWSTgua5vIuvHdcioI
2021-09-28T20:15:57.727480647Z 384 xaQc7wXJd7M2aBb5jDLqw7ZYM33MirUnsJ4IecPU9pyEEl4gyFqZuBOe960W
2021-09-28T20:15:57.729207488Z 385 Ud1ZT8qCYHMwEV1UI5HX04O71aPp0aewPdf5NCvGQ0hdW1ty6qAE9dqtRHz9
2021-09-28T20:15:57.731310479Z 386 gLYMvmAXE08nolgRD0HmEFir4lfcXWh3nglAQcj2RvfsjfUzwTYIjUCiu39d
2021-09-28T20:15:57.734787907Z 387 CePTXSFwGXoBYK0wFgnKHNQ2RLdomsNDB5WuXkCPyqllxuPHTbgy6mFUdyM3
2021-09-28T20:15:57.737189182Z 388 QphPFd8MC70fgPRJf26mGMCoSlaqG6yglQeSGHkcZ7r2Bm7i50HxtJVgOM0r
2021-09-28T20:15:57.739286282Z 389 YObeVIzrkrl9QHUunWoAkQFJ6XteF8veXsBSubN9GnvBiFmTGThPkxQsMPgK
2021-09-28T20:15:57.741896125Z 390 ZOsBeg2lWbxWsNl0dB6RojbKvZSkc5kx6k7tLvvEYocHtWZ2yi6cV5h3LmO9
2021-09-28T20:15:57.743446793Z 391 zcMQYS0LVR8Yxw3518RLD9psY5buqzrjh5SwM4fbpMCG5htTXhRuaVxJVTux
2021-09-28T20:15:57.745231247Z 392 MUFXy54p44b5NdhjMPl2FYJU7xkmBXG0F05R1MctDVJ4RiNDwxP8XHyXfwT9
2021-09-28T20:15:57.747217888Z 393 TgNWkcxkg7JCd6cRrtv4jAXelKP9VO3ko1Ut4CWrNpvjm4Be24D5FpcFaVXH
2021-09-28T20:15:57.749244315Z 394 4dQ5SmtoXU9ySO9vemnd6p95dDCDnUcXY7mSV2AcJCTLbYAytBHBTTqIV4B4
2021-09-28T20:15:57.751203972Z 395 S6nxhHsMDth30S8HcKfNZFXnopXk3UBwR2dHttvvb0nIXBeTL1wYsJPeAhwH
2021-09-28T20:15:57.753344581Z 396 qd80alebqXBSkKlue0wumFaQqxRWhiRo5M5SnSgbsjgJqoJJLwmBKZOZMycJ
2021-09-28T20:15:57.755249887Z 397 htUR5r2NYr8Mv8AGXjcSu91J622OJlKJ3DiBMhDgNlHzfU0tiOPtBnAJAcVs
2021-09-28T20:15:57.757453310Z 398 1GtEESmPQsHs4BIUWKxT56h8MswSXhTGxIe8eA5eD2h9KGa3rgnWzhjo33cU
2021-09-28T20:15:57.759385627Z 399 MDeJEeDh7lBdQ2YYQgCcV4R07iJR5tf1QRgkgBFb0TMMY676tt2SznUuTv5W
2021-09-28T20:15:57.761103286Z 400 6M5Bz44BQAgPojVVYW5IoUEXzCPSBxTBSaZ2AW8HsgycbugxjAn517kOfm7Y
2021-09-28T20:15:57.764514365Z 401 aeUNyuEiqzbFmPjjMpTMhhovxsAdEDMaFA8mJZdozDcTPKO4yTpB2ra035Rg
2021-09-28T20:15:57.766441631Z 402 7GwLiul6bNIoPcnD8zTcF3TkrX9OlSuUrl0iexpWrwfADtHFycr0jDe7izyr
2021-09-28T20:15:57.768432257Z 403 q7dMdtz2SdoCIObyzUs5tVenxSqIBclLzMvxGAvxWjEAJ9BVh7um7OVlYfVa
2021-09-28T20:15:57.770611560Z 404 m52EXKHTrKDiik6w2XBX0rgKYGuwKR8uOFa642lulYL6riBdMtLmpTGL1cTP
2021-09-28T20:15:57.772418475Z 405 pKxrImXDHpNRao2VZKESX3mTACeeYIiktbQfGwwPFr1oYvF7je5eBhgQfoO9
2021-09-28T20:15:57.774221891Z 406 rKCEsfdSA37qPVn4XowDMNiVUEgCKvFAhfCvV4nf7BHkd3PE2qLrb99WF8EB
2021-09-28T20:15:57.776911099Z 407 djEl3plMDWmFqrCAU6gUfmxWnEtrKyk8pmiS4yC6refgp3ozLeM2fsBWCDCP
2021-09-28T20:15:57.778229183Z 408 PXg6kfbGJccfZQ9DTnWYoQJPGgbFKSUgbDAQKgpmqj65dJfSCk4LpE53VS4W
2021-09-28T20:15:57.780976404Z 409 d5Hf931L5P66fVUMv9bfVLk6uhgkCv1B1oQO75WB7cJBd5woILkgmr7tEadp
2021-09-28T20:15:57.783882136Z 410 TlkiBCH6VqPt1OcN9GJJIi1tOtftE5Y6qVyMHVbCsZOMJoReb9lmfm1S4fYc
2021-09-28T20:15:57.785216216Z 411 AIS51GyOZUtrkvPwfcpejmwxV6GDaWkKDhDqwOJIEZmeDJUNdd7YVkxSbD6O
2021-09-28T20:15:57.788009446Z 412 Q2jNzqducAn5RSyREzpVXQh1hcJBhVyLN1MnXiIdeMu96uZPvrFULnbtGb9x
2021-09-28T20:15:57.790814671Z 413 4aS36WrD270u2iC8rAKLeUT9mylTTyzw97KkXq1gLSQ5oMKR8a8abcs3ZWcO
2021-09-28T20:15:57.792500010Z 414 y5PbNLoZQWnTxQ5PRoTXIUlRBoHGuO8orESHtizkD8fWw1o5Tadcl7TtyW9i
2021-09-28T20:15:57.794190055Z 415 MkH7PuoMdBEWmLS3VlvfFid0ad59RraOrCfmATa2g9pbC3bbpo4OIDyS62q1
2021-09-28T20:15:57.796820570Z 416 dzKzCmEsdTihmY7ykyytSFFAKig1Ky2EwnzocfE26KJEnDZxaLYk1igG7t7N
2021-09-28T20:15:57.798628607Z 417 j97xNiUtK5sUgJnnjhvZWDOzNSuEDSwPWpOA8ULCIIwffQgpDOlft7mE3w0Y
2021-09-28T20:15:57.800329535Z 418 uzTnv6aValD2HJmALrWtEitwQenc8XLy3fLsYWUmdNturs1ywJnQud4kSwrs
2021-09-28T20:15:57.803021049Z 419 3nJfzs15uII9UsJd6saOfZFNRBfeH8pVpdrltpJkgPijqIdrie1GtrZTwPHt
2021-09-28T20:15:57.805786028Z 420 lLGTQjTRYq3oneRo4RNYJYs4qLiH8QIBPG8q1nlCRX2tPJBLnrAIW6xb68iF
2021-09-28T20:15:57.807508755Z 421 CT9TNRLT3wqMgeJe1CpJJGFsN4KAfkzwbR0GvutXWKidf2RS3y1zYMlRP1Rx
2021-09-28T20:15:57.810137802Z 422 kEuORbNPq7GuvtRDEV20Brov1gjG1kfkNsBpjkI0erhjTsG33DInrRajc0OR
2021-09-28T20:15:57.812549338Z 423 OcOFFgCKFARuAJ6tc977jHGd9N0a0PbcYdiAfgk9zbaDr2LTWhGoPbcdWgwh
2021-09-28T20:15:57.814694162Z 424 XM1MkK8FKHd89WnzEflhtGgYFuERX1qT9L4dgj2ntfmpo06VtgsZrCBBNKPt
2021-09-28T20:15:57.816925112Z 425 Sye4uTXXBRquyfl45P88QaZ8brYovrcGDFV51YsSGfh7VRFGufmu8MIyDnmN
2021-09-28T20:15:57.818297520Z 426 ZAiAoIoBIa7WdXJSiKbbQk4HpWDQXIQXuDwh49QqqgOTK6T6MOQ5TsbVuPbY
2021-09-28T20:15:57.821034927Z 427 l92FeIIGzuJBA9sTzChu78AIAznOQne3A71RxKmr1t3Zhid65BJDkVf1ELKd
2021-09-28T20:15:57.823942739Z 428 zRv6LV69KzLpayDotqiWhPi7HlxgOJ81gvlNP47n0L9P5wecIie2J60vjcXf
2021-09-28T20:15:57.825268062Z 429 qRUIS1A8qOUjtJo0X8yKCkkcKwwtXFtNhd20ajhwE6bsAiQJWYtAC0e5ql3c
2021-09-28T20:15:57.828161370Z 430 mDXTMrwQ3Vr15xKMox38tpm9fPWbhVbPorRjLyYVSnM9pz6MNJky4S0a4yBe
2021-09-28T20:15:57.830985319Z 431 k62v3vu71e60m2dF8JMCdq2TpXGkzA8QB7BoQZerFC5qXEWa8c9EQjH4tXTO
2021-09-28T20:15:57.833815682Z 432 ywciUIuqxI6JYpGGpwMoeRtP3DOjKSlaDxfDsxA31Ef3e43sBgitAo5wn2WR
2021-09-28T20:15:57.836109766Z 433 0SGrV3n9bmJWexiHQYjO0jEPYd8qaw6VVAYR3iIRLL2JljmGWn71HoENLMZB
2021-09-28T20:15:57.838989116Z 434 h7IxQ7UHUDTHWtXle7USwZAmPG7oZmJJS6OMfDUQpveCVl2h0YZO2qUUofUN
2021-09-28T20:15:57.840218974Z 435 dXU7Vii8cnaBTYdcbxTVry9ZwPVx3EJxLildGZ99M6XgaXCDhvHp0lnSSn8N
2021-09-28T20:15:57.843101114Z 436 zx8Lqj05eYt4xPo3g0lUmMdSpYNi6yDj9eghbgatS2kprHhVRuSkBKah4yTw
2021-09-28T20:15:57.846027433Z 437 VEeE8OvDhCefYmt4RE5demYk75VVyyKn7uMXH5GCZrZd153aF2TLoveSsLFN
2021-09-28T20:15:57.849034154Z 438 yvZ3os1AXmGj4Lo0AoFIBeQffnO2yuDvlibLBYfodYJUy0AD0UkYGr6Pxxh9
2021-09-28T20:15:57.852157487Z 439 xYogvy5JJU0YU8zcy6gC6XOZpDtU6TtBjbEodOsgXulfbJvox4WprGBA3vgU
2021-09-28T20:15:57.854859682Z 440 2SKfBMrOIPL7nx0u5jmhrLQ99WaLbl1pJF10VpKdW174F7MtOteCUmh5prmA
2021-09-28T20:15:57.856175005Z 441 UEdFLHx4ncIXLB0Letc37bNyw6NocGd33qixjt54xrTftJT2CRKjMPXl16eO
2021-09-28T20:15:57.858942104Z 442 iasOcalg31YigL2URgUwZcpjvbvP8Psizkhv6bvTUkRoynfLTpNTvMbM4xg0
2021-09-28T20:15:57.860235933Z 443 NqMxBJvCHroS0s74Hpny71g2wUj6EbMNDO3gOeG3yQ0LMkrmvSTJslXUWj9T
2021-09-28T20:15:57.862089997Z 444 LdWe2dXXtiVYyPHfnI8VrC17MnUfF3fGySylnqtm0iI0q8LtqBCCJp3JqtpN
2021-09-28T20:15:57.864856511Z 445 wufZY9bGy12Nl6VOPabOd5sJGBWqUaEDacpLbOxT8muYHYcOhWXXTm1hE41V
2021-09-28T20:15:57.866180060Z 446 hvTeF1dD56jaUY0jLyvqWLepj49EOYVgtkIjml0UrkKJIuXIou9bVRVMvtJS
2021-09-28T20:15:57.869143908Z 447 vCTs6UUWBo6mEsfee0uWCKEs09UxAM48VvsFbrNtVU3XNy3HVQby7bqG2niI
2021-09-28T20:15:57.872005008Z 448 mCbMzvoqd6vlmH59zbm6KvrxlPMBj9W232OyVzY84XtDMJg1e2pOcAjyDdHx
2021-09-28T20:15:57.874178962Z 449 aojTZWycnmdS8SkvQMbvxYTCVOvPLVfJxuNmb6gfhdEJeacn2xnrBd0XSoKd
2021-09-28T20:15:57.877332165Z 450 9swe9ZPeUKcgzapy7QIK222QD3u7GfzJDb2yXbonZv2GuyraASQhV7TaxANv
2021-09-28T20:15:57.879265314Z 451 Cx7JegKwVyfSpMgPC2hXxJ8x6F6MzJNHTPDayC4yHu8PRp0KwHvJiXiNmYVp
2021-09-28T20:15:57.881355145Z 452 SRMMbrJYZQaFlIRU1hm31PAEDxfBb8ZD6S9mlM2xqP88cdjA88bETAOoX9kU
2021-09-28T20:15:57.884071586Z 453 2rcVJh2WGbuF6XSaraZN6bOLA9Ts7sPpO66eeK5RIjLU3RD7PtFOGRpyd7cl
2021-09-28T20:15:57.886609020Z 454 Uq9sMZOd5sDgZNGfQXnvD21DqQgHLjLGsVaXh5KVUgBYKcmVie9fJKk11KV8
2021-09-28T20:15:57.888194336Z 455 jvagoIiI9JFAIDJ7sk92a43gp2fXOpvdKXQzKCNF1Ou9LyH3dzjwkthv2JaG
2021-09-28T20:15:57.891074637Z 456 IrKVfgxE4iwccUh6ZJtjNThVfti0WHjhjRGa5cZzAFXtHqI5coD1ct1gQhu7
2021-09-28T20:15:57.895525956Z 457 qXF0lbuO1o3TN22Ns10OeBhPb1O9Zg9PhYGRiZp475DCuowXcA742dp2h4Io
2021-09-28T20:15:57.897683965Z 458 Sv2AsS3lFTm2vxH4E7YuB0WRG3udySFQunrHRdLx8sgPNs0masgYZ4vyjYk3
2021-09-28T20:15:57.899355913Z 459 XUiVQpltOglFNnMVsqe79Gn8B57QeAu0DYxrtewURoIV1NYerXQX9uurDPEl
2021-09-28T20:15:57.902091400Z 460 o88LOcLOjzJYE2lsRjHpcrqxRYYBNHXarkDhMSszA9jMVmOyvAyVjgPvUDzS
2021-09-28T20:15:57.904894998Z 461 jxGANrmzsb0qOHJFfPqgxp0DP3L2dME2Q5Yoarg8K4xkLhe4VGlUJkIvYekr
2021-09-28T20:15:57.906238802Z 462 waBs68tcxpnY7Jymqfe0Lft2kITElietymqpyiOag2VJROU6cgwB4ZJ5UMC2
2021-09-28T20:15:57.908894144Z 463 NxLxzhNaIq4gwYibPDLi70PQXXvogP0Qhh1pJAA7UghjKeY7fVwlyDRbQDv0
2021-09-28T20:15:57.911173095Z 464 yr1haLnmcs0chCI9NbUvKtoeTrIEEGCoR75irk0uXvG5etoiy1GQY1JeMHaS
2021-09-28T20:15:57.913796434Z 465 KbI264BAfNUkehBc4nv6g02wTDnzgPIfcPUujWmLRdVRGDXWuZ6LlPbElasm
2021-09-28T20:15:57.915450564Z 466 JwCAC3Jh9IgcrBOFoh5ZsxhUyjqVy4U6FJKDbgS0bhzPr7QkZszZJEveZBAx
2021-09-28T20:15:57.917219382Z 467 Wli55N3VP6b3kgk1x0GlMpxIxkMbYYdbbp9OFV3WjKKxOZRibOMjCoBsJBE4
2021-09-28T20:15:57.920009195Z 468 YcrARbCDYo5tmKkT96H24GpqlAGljcUaXj8kjdactCa46rVzNjD0hkgek3cj
2021-09-28T20:15:57.922855106Z 469 mZhnDNul5dualKbd3QVySPjQ1GWzSMwg1qq3cJ8xCXqWhlE7WAltC2Jma8Up
2021-09-28T20:15:57.925233007Z 470 z52XPt7tZQNCJMhhKuNWGgnL353UXMd8YMPwkHuISZPS1xa7UFC3wpAdcwhq
2021-09-28T20:15:57.927872474Z 471 LoeG04mRNeLJ5vqC4W7Au4jrB91kxXJk1oeBK1kwhqnvg4xTu16ifBjDQcO3
2021-09-28T20:15:57.930150362Z 472 RdDHjAdzvzNUvYelwQgkv4jFjnJRsYeQv2cv7kQtLgvVnPAy718ZRT6EJ525
2021-09-28T20:15:57.932876991Z 473 D9VXp1pWaIsaeE9g972YeoDcc13Fod7eZi2B0iyYrkFkNDAjcqrgB2Kan975
2021-09-28T20:15:57.934218505Z 474 Qe97kbMVBTMhSAA6HIyPy4Rtpnk7J09WTipLmIynkz8OroM2jtHTG7ngC4t8
2021-09-28T20:15:57.936951989Z 475 dfnT0uqtJZdbMcDBhxxtHMWWq4u0NJcZi1Q94R5zmNUNuipcFAYOgTxgWaOd
2021-09-28T20:15:57.939757009Z 476 1eLM7DvfBLI2PCszkAyfdu2rof4QpaovRgbVJJ7cMgPmgA7jnvpt1htgc0Nk
2021-09-28T20:15:57.942053231Z 477 SngqcwaYpN0swZJP6MfEqH2cTrhxl9hAnJZXXbR8vn6ZIimpgtRxX9cZqEbo
2021-09-28T20:15:57.944551764Z 478 nRJsjC5dDNrNIfhgm1oFpsHIYc9YxgJfSPGa4biAHcEKLz1oMyYSFqqYUVMc
2021-09-28T20:15:57.946227287Z 479 z5DFZDAVuS35Q5Nwnoxs0xccfSxkfvHs3qsAIu0OMK3Lrcf3vdpWQFjPJDCa
2021-09-28T20:15:57.949104543Z 480 zTpOCBYTTTJMXBjSMspiqRrdb3Mz3Lo9c3h2kB0jkCpwzqhyksFcvTWAUHoX
2021-09-28T20:15:57.951904995Z 481 i2u5I1HDZDJaDr2LVRS3LhZN9QH3jf125dODDRXNs7EUn8dsvaE8umG2Kxv4
2021-09-28T20:15:57.953264341Z 482 CviaUh7hZXXUBrgD5a9V6NPvZDaROt8DXQSR5OBzL4FnXaKANshH7bdBTGur
2021-09-28T20:15:57.956059164Z 483 T9FYbQwuEImfkO1rPdSH4o2e88CGgbcAEYbqVT4OEpHakm9cAoGNIq2XwQXC
2021-09-28T20:15:57.958963766Z 484 2Ci9LLYqamT9A2NHd1j1g8IwkY0kjRMBZRPdmtqw0c5SoHleJbKNBzUvTYYU
2021-09-28T20:15:57.960308517Z 485 TWeBTsLtNY03WfTdzNVuLVCsusXZGy7z3ZMchAW2Vsu5L2lS8vAN5x87l8yz
2021-09-28T20:15:57.962122581Z 486 KRJBWxCav99xHq0Ipq6TwKdtu6ISGTn7jijVbtKwgih8NOMnnsqqbATqvYks
2021-09-28T20:15:57.964828960Z 487 sueuwgkqLgSgpqYLOP2e44JGDq2jMtZzSbAdBLUHFqoZ6YB9Y5Spx1lUcv40
2021-09-28T20:15:57.966589370Z 488 Kjyh6qk7xSm575bdzbkB1zky3lelxjnHvsTmV9xmQM1PiHUqKHhjHexXQLEU
2021-09-28T20:15:57.968126376Z 489 JxIEpZOXRzawMAAo8trXSFvTGdYMhy55gPVdPiG9EtlVCU5466dSs3CpQoXI
2021-09-28T20:15:57.970871898Z 490 QakQKt7m1IGkSPnuQdfRF1Gz3Bzg7Wxhba7FLTaYK9K9zLCMdgbkyEY6oOtV
2021-09-28T20:15:57.973184786Z 491 3qIAmGnWTOhoqz0Yc3CVUTckrxmKR4uvqbiOWe7yUqbtEqYo2LHJbCFS3E7D
2021-09-28T20:15:57.976048985Z 492 bX27HTNdRq4NU1ZpoXpwuaxdSmscFUTAdlZUhcRwtYFEg2i9JzO1GmebFz6f
2021-09-28T20:15:57.978513777Z 493 ymODsASxA9hJCUO8bbpTkAY8VSokyTtEWaRGj0ab0889JXutX6gmepUHE77U
2021-09-28T20:15:57.980134899Z 494 5BHJIFlM105oeqRG16PmSgRalQrpDeo0JLpaFGbXYsML7uXdQQgEy4AX5zDX
2021-09-28T20:15:57.982777163Z 495 ecY1xKdF58GNRsENDXIngL2Uh7a0EelkfFtTN9HYmHIgKjVrJ31lDRq5lv9h
2021-09-28T20:15:57.984513269Z 496 xeYzNLwQufFosvFqWlFlP1K6c3l48Bm4ANoYWdE7q5FFpym23lz3WHZiAuas
2021-09-28T20:15:57.986107252Z 497 6EBgA1r0zfTcn9a45BDX2z0i6ZonMCS5RJYmORIyph2r0iHNfSfmYjVzcXXZ
2021-09-28T20:15:57.988926710Z 498 FcPNBYyoIOfsIsDVAZ2qxlUwS6kjrpiMHPNq0wmg74pIX0HIRYOPBGNQMYCf
2021-09-28T20:15:57.990203653Z 499 hpZ2oCa8971iAm1VBgKcIktEKgDG6Y7bpcBOTeVL0CAirTz0pBGBMe4Qfd5L
2021-09-28T20:15:57.992920858Z 500 VwnfFIEMbrl8MopUbtnFIc9UXUwm6wQMFrRoNQBL5DKoG5KlpIvx2PrbdvKD
2021-09-28T20:15:57.995913650Z 501 ZMZDoZKCX689GsxK20IcNSscZnJisevu4VxYj7GffJdofM85sg0l6681pdWl
2021-09-28T20:15:57.997260899Z 502 q391RH4mdD3FdWBPfKDrd7erpsQIebNktXEKz7PzgjEVvrF67NqvBywz3cFI
2021-09-28T20:15:58.000031654Z 503 zUCk7cvZJhFmfJ390EGzXnMSqOib4hMg5Tqh1COIGJCRdvMZYsUZggFaGn4W
2021-09-28T20:15:58.002787948Z 504 t39Dbniv2ZkmY0JaHNB3DzzquWcU4QSKgFmdNVsalu1sMvzcTql0I3nIOERr
2021-09-28T20:15:58.005127506Z 505 NtsfNRyrCkr7DJDrZTFfIdrZuUHLfygmLQGC6JKA5LZ0iF6gJ4254XY2g9a9
2021-09-28T20:15:58.007957288Z 506 fByK3v0QTlLlUccvb0bSZMTNsIh4nAbx7rLVZAUDCgqOUCK3tsMUGHr70f9g
2021-09-28T20:15:58.009393679Z 507 eUSBoQW3POe6Q1o7kJr2x0rdFIpDjOuEo58XRuRSk48CH7MavApsmHCHFDOT
2021-09-28T20:15:58.012101245Z 508 NlJLYrVM7n3CDXu9E7D9l3LB9ttpQtW7lRciXqDfQnQWgUdpWVSNvBTDXhd1
2021-09-28T20:15:58.014881389Z 509 lHSQdznG1OaCJbSTmcqN8bSX6kcJ6PgAmUq41CrboQ8vwez5iHpH0ABNjVaS
2021-09-28T20:15:58.016216518Z 510 qwf3aBkuTpf3Junj7EFn1gJW4ZK8ofMuPv1vx2s6dqioB4ESgK7r4fpJXCpf
2021-09-28T20:15:58.018925403Z 511 vvXNSBhbDrzQYCSv4Lw74IHlMb3jJKRrX8PEKPU4GolvKibaIrnqwjZ1fZYh
2021-09-28T20:15:58.020239382Z 512 t57jqjzmC95MTouCxDApWe12Ddhv5Sfn1zJYLy9yRDoqAa8pwq6XjqH1Ptsr
2021-09-28T20:15:58.022889154Z 513 FJLtTky1JMLYdK6bkoLzoChVQ7RDOlKoqOZs1CI07HnTx2nZP7KWMKq9tulN
2021-09-28T20:15:58.025198751Z 514 AhyEMiGeTZIJlM5oKEMBe9R87eObubRQhwx0L9rtiRAA9AXJGTTnmp5SVDso
2021-09-28T20:15:58.027089370Z 515 XbBW7ihVunwMVbj94G89D1Mv6HtFcwxRODYABwQPUZGtUm6RWpDooqM3OCBL
2021-09-28T20:15:58.030022239Z 516 IUy09GJBhnnIz57iCmJLPUqi3SR7ZoFrIgn0ewGDJjR0yWCOaRIYULTPOusm
2021-09-28T20:15:58.032795553Z 517 NA79tnf0MF7FFvrAWJpG2qQMffGTXM4pGkUBZpGPr5HfBLYK0vgNIYtpX9OK
2021-09-28T20:15:58.034496319Z 518 drfCEp9ux0lOgSbOOs5bkYU4aUPzVFYXLeyaWNK33D9YvxFUaVz8naWOqjoP
2021-09-28T20:15:58.036125569Z 519 liHep2QGwzVvALC15JHyJ005hiPPHeKirkJeKGso5kalvM7kIiDNVQ1c82ze
2021-09-28T20:15:58.038946928Z 520 dslsEnjX35rTOOqgyjBB37woA03ZtERBDUtas5cQLAo14nF8XeHI77rlp2k2
2021-09-28T20:15:58.040319907Z 521 paT4E7wY1ugmaKVZVrvxTc8jSALs0GZ9ESSDeWkuxf6Z6rP1cphL3WK0thj8
2021-09-28T20:15:58.043066893Z 522 dx13ykAkcgAMtrMHOcbrdQwOqlVWQnO5S9Zjwla59BCRqLHeUxAoZYFMR1BK
2021-09-28T20:15:58.045692319Z 523 tKAxLxHkCt3XfKtWK79Tm3xUD5qgVhwReIKAGMzFSrZCrhR6olZZvokPGizN
2021-09-28T20:15:58.047318737Z 524 aYaGdHSPw8VcvS4UylhMZYIVq3gCUAUBCiVK7v5dDi5ky2oa2hwet9VmTff7
2021-09-28T20:15:58.050023751Z 525 ghlQiG0DUmY6f1TpB65i7GAX1cf2VRKHZPOgGT4bpquHYNW4huuUOMSjgwgy
2021-09-28T20:15:58.052811432Z 526 8kgUIOVoXNH5UPF2GEgc0CKTve2pzkNRNnWlqPFmhvc3fOdrOomMADz4ITkT
2021-09-28T20:15:58.055161873Z 527 MQpCjKgTSdJjLUenC3kDSGxnzP2u7oq8uuiiHEolKBaSjZea54HCgR9vINie
2021-09-28T20:15:58.057951690Z 528 bNK4DZrwgMOpaFT3GSGB8VgIu55RlJZE8dRHYqAd65nbZx7ptpPoMtDTnFZS
2021-09-28T20:15:58.059274585Z 529 KYQ5pKDM4fix3sMrrIPTCZxk6ht40v7wOsMjB4cy0HgMpnBi6Rcm6STlrjo8
2021-09-28T20:15:58.062022995Z 530 qCmLEvCE77qef0DYoLT6tYNQfKf3nLpPfRPu9mpoV1BBLjbr9a8II0IfMbqf
2021-09-28T20:15:58.064701031Z 531 ARri1nah2MraV48n0DHntEF5rRm4O8VyddUaMuc4QFzg6WCUzICTTuTMqFNc
2021-09-28T20:15:58.066433037Z 532 ElOUfp7qEzUSviwZsCCAXpoEB4x7uMTNMKKLlLmzy2VllVleRy9OGOsWCl6g
2021-09-28T20:15:58.068104210Z 533 ZS99fGeamqo5QUYWRNwkVXKTT01Qnqh192bj58xQf7bFwfaP9Shds66YTWPK
2021-09-28T20:15:58.070884567Z 534 Uz3wykvgNHK1AW8EVPgU1kn2gROAbbbzK6jnge64dHXFiHz3Vgoe26hsG2Pn
2021-09-28T20:15:58.073757777Z 535 pVN4sleA1naXa9zyqegLZCwGwE5DmLwe9FEvFiIhTWzYNR1OxOCIOm2jcZ6T
2021-09-28T20:15:58.075338678Z 536 eR3fVQnY8wxaAEws6je1IrvuOI1CNYWopIIKvL1zHUYGMHzT4zJGjYCvoms9
2021-09-28T20:15:58.077091407Z 537 RtENti6PD5r2pcBSL925GbJDfiiQiZjTjhKcNjQ9ZTuxAqJsjlQgcm7VGin1
2021-09-28T20:15:58.079842504Z 538 GG7oAGwbhkU3znlgVrZppzMmGITnLl1ZVe1WyqBMUhd2r1ikRdCz7Tf2UGVv
2021-09-28T20:15:58.081534154Z 539 KwvkGxqmHphZ1xBiXjKogbBvABK9hvMDiNqnpD8c2j4zsvmy1KcnGArCx2Ls
2021-09-28T20:15:58.083262523Z 540 bHhSHC7iC7YRQP61aoJS1FtnNYsAltpsauYyeGLBmkCC5Hzn92BOEORNSSzp
2021-09-28T20:15:58.086048694Z 541 QRRYpMHiudikc0HDplceFI6mij63Azf2Bvg0KivuXoN0m4rPwxjIrXpvnVif
2021-09-28T20:15:58.088840652Z 542 hQHqIDASJm5oZu1hePcKYWDPPHSq2FkiozL0M0P6cdiEOTNAbtdKuDbn41IE
2021-09-28T20:15:58.090554600Z 543 wbeKUAZIfsDZZTREOG3QHv387AXpKgO69Uw6v4Fv0hGwBW1clMSfqiiD4wUi
2021-09-28T20:15:58.092282146Z 544 Pfu3oPYq9bBjzx8m0ZWXFZMe8pkRNM0EHeZi7FUShyCl6e1hAkz2J0UHc7rw
2021-09-28T20:15:58.095191234Z 545 WCwERyPLv3zw7b6EVwp867RpTKV2YHAiiMN0Kf0RaBfS4ShmKJAtpFEv4aMM
2021-09-28T20:15:58.098199820Z 546 nuYaLVZPd5b7lg8UObX7HY7mqkYzXLg2NXuKFh2z7DGKuhmVXh90H82XMXtJ
2021-09-28T20:15:58.100958680Z 547 CQVZczj5BK8YClM14z5voHDGys1Ll7FjI9HLuECXm0yJesC4KmyeCjQC4mFP
2021-09-28T20:15:58.102298174Z 548 jeLQ1oYdrMtOD5aNlgdsE2SC63qA2BkKnts1nMcRrYxO0D3abvnGGmNfpcUQ
2021-09-28T20:15:58.105059781Z 549 Fv9UuKd9ozCUuCAnjwQzUoVlTsh7nEy8JOUoa05OZKBijmeGXVURYgnBEcD2
2021-09-28T20:15:58.108064781Z 550 D70VFyyUEf5Wlx5V0mbqGmYHSNXqZhR6C9SK8h1pI3Aeqx6VPwWaI6Lgw839
2021-09-28T20:15:58.110847071Z 551 rJLAgZ8718DEwhFVkbO7mI90DbY1RPiHbL7YtDCb2u6sgbN1cWSL50dhZgmn
2021-09-28T20:15:58.112536806Z 552 MVFj42GVemEGxNBpD8hYxQPuJ4PsdZA7HmGEK0gQX3lhDyuvWBW2igPW6lrR
2021-09-28T20:15:58.115179232Z 553 3Ak0T2LkbjAbrZk8gxAFXHAl1IkOMRMozCN0tVP9cn9JTZrGjbMK4qbR1sio
2021-09-28T20:15:58.117951853Z 554 Kp2yv1SElZq2aM2rGkPaLOnw7HEemJ0bWRJJGvsQDZz524RcO0qjD43KkWiK
2021-09-28T20:15:58.119270142Z 555 U70pWYEEWzihN3NAch70e7WMM8Kxd5nRgON2gHgua6uODr9R6Dnq8huGrccM
2021-09-28T20:15:58.122085078Z 556 RYb9MGbOCsZRyjSV7po7aMRuC2qSfbxN7uqQweFWQSYzUfoq2aupsiQKd9Po
2021-09-28T20:15:58.124860383Z 557 oYrBWywHFYhUWUyoh9OEpkVMRyvLSbnzkMROTkz4wHYYrfD0FkKYqUghs7qO
2021-09-28T20:15:58.126177393Z 558 b2G1tSHxCyhYxOyXwbL9wuBdR0mZln5rnSjhiVFCaIfHspHKgcC8pwTNmPLV
2021-09-28T20:15:58.128976173Z 559 FfK3rDbrDuHX0Wb91BTMFKwgNo5lPio3rbbXnxbMBUcvn15TEyr671ElWx3K
2021-09-28T20:15:58.131732965Z 560 PMipzzmJIO3oOgtz7UCswSGBn0HyWxMWJOvN7j4iKz0GugV8PNnQgNqw9vef
2021-09-28T20:15:58.133475869Z 561 tlYW8WVsLtj6ga6r5scnCeM3auDFgvti67rIh8y80S623GynURa5EFh8Yzk6
2021-09-28T20:15:58.135204181Z 562 YRL97p9ro6fSjsQIrzr4UGsn2xJhJNaSoj20VKXVIYDOlLy0m61EDmZqw6b5
2021-09-28T20:15:58.137894456Z 563 CkxnPbmjZXxQFOl1zS7weNUoekF4jjx3byyqPOYhaOqGLEonmkFB3FOhUeiI
2021-09-28T20:15:58.140931920Z 564 fKU9z2cjblQ7c9zm1oVyc0BK655Gxw04GYSR4kDyujseVf2xxqvKLs3mCByw
2021-09-28T20:15:58.143875465Z 565 bYjrPz2THnnyA8gs4AmnDEJZP7OAUxD9HhZDhgMYoWH2Je1a1D2hUML9934n
2021-09-28T20:15:58.146799316Z 566 MrbownYDC9wPQZySi1vRkRCqI3HVXKC5366s4imE5mfYpRiRaT7a93Ru5M58
2021-09-28T20:15:58.148557223Z 567 hT1wAdegDlp7E2D4ceAGasawKLldD2lPCbEgCoWMPEV8Uo4jHVAcL1M3kLum
2021-09-28T20:15:58.150352149Z 568 rKZmDQ1WK29hqVfytBYjNTuZhnikDcn8X1gzV4IhQmf6qETdbbRMMEGknM5R
2021-09-28T20:15:58.152140419Z 569 erhZBKwkYjRXW9MILzw5wADu9ttYLpm8OCvbYRD2rug0umBX98BqhzVWnJHi
2021-09-28T20:15:58.154158357Z 570 T90eepoGQ8MEMCV6I8CJCQJsYdtvkOwCgKNOOwD7SIlucv7vEOug55fdXifq
2021-09-28T20:15:58.156462497Z 571 h2Bq6wWr8qhNldBrnKirOH8cLXjJ1C7UIogKsyc2NC6Qh4WXyKm3B1Fr8FIH
2021-09-28T20:15:58.158230570Z 572 DwMyJzie6g7N8CobEBfLx95KnCKBktrLwS2lo0cYiKmqOHWGWCHKNKp3XRXL
2021-09-28T20:15:58.160264266Z 573 bGuTOXgy4ds2cqCU6qorK1yqquiU8JJUYKuxQakxSdxJmVLoOfRBCdEgc5Mi
2021-09-28T20:15:58.162267093Z 574 id1scmmrBCCNrsYqljEVgiRLsafVxlSVCuKdHX1g3tN6AHs7BMmGqkwo1ScO
2021-09-28T20:15:58.164259578Z 575 mq2NhRqXiKWluQZ252AXDgYbwZUQmBJXs3Y5i5vb8M9WuvGpxkBcFgPjk3kt
2021-09-28T20:15:58.167202298Z 576 96nSY1f3NlH6kvctQdUwYmQwAOQ93sKtjtqIFsm7QFdZoF14Vc3TZ7yRAxZI
2021-09-28T20:15:58.170030217Z 577 1mh5qqTxfZDiCbFxp5ELNR4xuyQE9ApEBM3rfGin34GpeoL90yvoWEat8l1Y
2021-09-28T20:15:58.172866964Z 578 0a0W0WbStR7W0Y0F8tHS0joYMKYLU5KsBpEmT2fAFhcl3z69bVq0Bn1uyBVd
2021-09-28T20:15:58.175893956Z 579 CniPKCJjxG2lFrZAthUV3qDTG1szGrGQ9ElO35PbNX8nt686OdxjNJizGONr
2021-09-28T20:15:58.178922635Z 580 onx7CoD8m3M9OEuGCcQZfxuJhI9rvxhw28YbQcf6WLCe3DORWhIvWCOw1grs
2021-09-28T20:15:58.181795030Z 581 tCU4Qkvb8vX0Iyu3QDmwkzVz1c4ALyJAzkOspPjXJR0I0EZaPJDV0SNVLGW1
2021-09-28T20:15:58.183546356Z 582 CLQbq6fBP0LBBycdl8p5nwffYgOn5nt7I6TGAtZSvhHLyQ7VnUEkxauDgWUE
2021-09-28T20:15:58.185595138Z 583 tqxKWj3iBIM92Rt3cuh4Y3cI1TeJcBYwamfgQtWYwRNYP88DsSqZdrGjRYwM
2021-09-28T20:15:58.187489008Z 584 YxDO2sX1QjdNpqmVfvQ6sCu2S1H3t69fUDhULZFKtVHOopOWmjCx4UwvQHDm
2021-09-28T20:15:58.189227277Z 585 YAsVZDElI7PeZPlhXurPDzzNO010gQo1kxgl6ds3HuTabAcgMVh5uTZ6w6LF
2021-09-28T20:15:58.192021949Z 586 oEEPhYurTrpvgoHU2KM1jSAVlW3BHfX3WmGXkfjJhgA119IrW5DhyTtfN3D1
2021-09-28T20:15:58.195032994Z 587 yWzUBOHlSumDNqUO54bferRfr3RSBk8inhIKvo2c2fDBp0Nz4HnB4MaZkhuU
2021-09-28T20:15:58.197896430Z 588 a5kXU8leaO5iKL7f7JxOamn6aXe2n9BOzX9bqh2DGSPlL31t3P9ywUX5N3VV
2021-09-28T20:15:58.200828525Z 589 ngRMGIkinNF0yLpc4JztWwrgXOVvjYnec9gyLxien47yUnmxEj4OlkPs6UvB
2021-09-28T20:15:58.203868378Z 590 DFjzkc76wuqFoHjhULpslJeKAN2o2iOpRYIk7pl9AZwT9hvxPhcDQ0G1U6op
2021-09-28T20:15:58.207205569Z 591 R1YZCl8LbeRjBFnfYIq8ToKqYxmxtybx7r6tf82cO4vFgSROvYluoqmigyRt
2021-09-28T20:15:58.210274477Z 592 sZ2IjiPPP48ucbCxRWGZ0C7iM7sMTrUksM7BYG3DU3uf8avMG6mxC9JNg96v
2021-09-28T20:15:58.212171420Z 593 76x2hDlpdubxKvUvOKegEr7bzFnKX6JIlf0rzMGJi183DowYNnhM78y4dM88
2021-09-28T20:15:58.214185301Z 594 rykOLkTm2JlvnJ9FbcOuSp19lKWWYkG3v3U5cpI4APfVIxFFrR03cdOGhldm
2021-09-28T20:15:58.216178494Z 595 BIwRsfNutpNZheL3vS9p4x64uHisIBICZvBFcGLl6v26LemxMEIR2fMAOhty
2021-09-28T20:15:58.218380695Z 596 Axxhi1wZZp9S4UW9bY1MFcJn3TT97ynMOIF6O6GsiSlVjtXuE2iSfFeZWBb9
2021-09-28T20:15:58.220212893Z 597 rv4Jjmpg866mn1ar47ngmZ9vXy21qQqHdGFzB4uZSesUvi7Ij5TOc6q3RGz5
2021-09-28T20:15:58.222964007Z 598 szy76iFZK1yeoLRvm7tjF9VBMnGA8twCRC0wzTCabKlC7kW68vqK5fQb8qcS
2021-09-28T20:15:58.225833866Z 599 MWgDuyRUqiQ6ZIWMWomGqOjmYKHnfO7C6W2W67ctSUHJhcAbWqhg7IODCyff
2021-09-28T20:15:58.228619607Z 600 gjxSK2m3kgIa6CcQxaVF5tM5gMGhe0MxIYoC2Jvb5iBgW68laBW3xLaRoHvt
2021-09-28T20:15:58.230413460Z 601 jGc8TErvS7zdoxDxAYregTwxDr49IpjT4CQckmIogcof37FPJH2imFkZ9ZsK
2021-09-28T20:15:58.232202452Z 602 mQSyM4xC8eaqJVdHWRtrMoKh9yA2ZnI5RKp4r0xP4JJJ1UZb6Hwc1WGmWcZS
2021-09-28T20:15:58.234118672Z 603 RpNKL7ndsOkn37tJAPfRYHiTtHU3QAd1ERTURh8zs0QFtMXfjckgin6o4tXB
2021-09-28T20:15:58.236140973Z 604 7jXcZKI0c5ZmTv5qBkRQEgzhBJMNA4dDoG7tAD3FjZBvW2YQeyTrVaC3Nd5Z
2021-09-28T20:15:58.238248285Z 605 Di5XIIxxgAYM3V2mzeUqT04TxkEQDSAl0kUzDhbexbEm0hjpcmtr0lHaMdZT
2021-09-28T20:15:58.241113842Z 606 LJIgOsAY23Ia9jgR3xffPXNdunZQzeVt86cpntbtJraavEHWW1LsgTeBumzM
2021-09-28T20:15:58.244191538Z 607 7L01OrHF8l5QFtf0MrC7HycbU9O7IwC88BCXftgNZHJwXMkyywoROGFpVuYP
2021-09-28T20:15:58.247140354Z 608 6D1vnrPv1GsMe5lNdcNvCnuUTHXckcrqDyQUWWaDjMA4tYl4LnbThprbUq55
2021-09-28T20:15:58.250113080Z 609 V9ju6WXALWeuZ1xdXcraXefCrLzlISZnlOY8HPhkUlnooZVFVu0X23RSjUYD
2021-09-28T20:15:58.253023986Z 610 DBJ9dz8VbNcNL7BgKfFyzut11qb3bxVB8Bv4JqADhR60odKYI46LqHsbnovU
2021-09-28T20:15:58.256178196Z 611 Ajzs8Q19wn5LaCgJmguY2jCOSlfJsDzrcj47Vrxsh54cUM1ZRlC1RvcQsTX9
2021-09-28T20:15:58.259094372Z 612 GkfXX8tfCO8XIJ9B3OFhh0s48Bam3RculOGKFvLhlVJ5QtzSxPKGHFqQphBu
2021-09-28T20:15:58.262093044Z 613 5pgn5ggOAu5hHzRUwEqv2HbNIG4XBgciJ7SzmG9FCejETEJZ8h8FhqeXsJla
2021-09-28T20:15:58.265137480Z 614 BOvEvmIYPmKAPqeza86IHDPGMy9pCu14lWGsCn2wpq1KAXAQXcHFvzRHQsXo
2021-09-28T20:15:58.268227140Z 615 c7z1Iqc9BZiluRg8dJAcObe0gU8J0GaqrzlcE7fGnMHbDvNbTXvCYhX1sgS9
2021-09-28T20:15:58.270987975Z 616 xueveZOz4j1yDjHgEKaDqljj8XDTxQAD4wkqhqJcVtG28cMKZySMbTP4Qi66
2021-09-28T20:15:58.274142210Z 617 iRZWsaLavyMF90TaASLpE9VaXWzlRK54Is3Nen1YUvGefwxPf0OAyyBoSOsW
2021-09-28T20:15:58.277056352Z 618 2RZKQ4Slfm8L9kgmGU24vuk8stpgf8C2slPPrrcyDB3Yjqycz9jWU8H2R56h
2021-09-28T20:15:58.279950332Z 619 Hjw9eMQhM2lecqO7mKTao7XrRW6CCSTPy5LCl4xrkTwVhfd1KyWMw7ffRJ0m
2021-09-28T20:15:58.282191324Z 620 C2LoT8h0mzMIQcBlqvxRBfb8Y1PmAnzye1Ka6GUtbNDtaFRqswbCM2wLufyZ
2021-09-28T20:15:58.285092078Z 621 BsjxHnuevbZwTyJ4DhvdILsIIka8enCoyf07Oxv7jZyC3hdSFepHhJ4v1Gac
2021-09-28T20:15:58.288087154Z 622 Qd34s8wjMs9bvzM8MG9vfL5s4HHsnYv7ddnOhjtOvmDvTiJtiedHVwtI9Ev2
2021-09-28T20:15:58.290893899Z 623 QGaiG7ibka1xZWKJTAqqpeRGFgAIRtRg7CgaMTNJYehTCCz23S0R2A49vbBb
2021-09-28T20:15:58.293871483Z 624 DfkW1VYgT5XpDlZo3KMHNZvhSUlbO9VeublMkBDmaPGGDkZDIYcusA8d3E0D
2021-09-28T20:15:58.296426548Z 625 36YDya3sodFXsJwCVudgswJB5HZTL88KEfRwHnef9hTht6bdMMPuKjlWEwiX
2021-09-28T20:15:58.298800213Z 626 yJjhyWDljvtZlUcKIY40NIiRTh6SOLsRDZcv8xts4fKQJTyHXN3QTD6JOYRZ
2021-09-28T20:15:58.300689240Z 627 4E6ntVzgxBpB5V4RUrzk2jJrQkpZwXtpzZHpSZ9UuqZm5ZmqmsAKBV1ZdLcI
2021-09-28T20:15:58.302771078Z 628 iv0j8nFPS31Wx4lIw5KAmPVMctQ7nVHiZxAzYRQdZXOwKQM7ybQKF4AtaSPr
2021-09-28T20:15:58.305081024Z 629 HvPGhny2ZSxs6ec24VPEL22x1ISQoN1mDlOJLWx2Fw4AeNY5v25YCW9pMvjx
2021-09-28T20:15:58.308072574Z 630 pF8c9VL2VyzIYWh86FAsr3rZyfBbLThYfmtZlZCA3UR6FVhMdsbrff88VCw8
2021-09-28T20:15:58.310952600Z 631 6f7Jz8tYRLqiANwS3LKleuN4q5kN1gFUwvfvqhctgtwHwaDPUdJwZXcSJwAZ
2021-09-28T20:15:58.313983746Z 632 Mcv7LPDw7SG5FlgZ0C6FAbZGED7n77FuIbjDhQBxdWEBJwY4UayGwdUIlH2s
2021-09-28T20:15:58.316808886Z 633 L2ZjMGcif14AoCGcugkhom9SzUaEV7u81y4sKmqXGtL3tKDi2fDalQtlJNoq
2021-09-28T20:15:58.318560240Z 634 Up9NU9G9wHevtNdxZlGpa8QPwd8CSnneaLh1q2Ims0OMFW8x2N83BrT3sd2F
2021-09-28T20:15:58.321328552Z 635 QQWFCSySX7axnlwhqdABW9qWhrs5XWJXU65eMBLaxgP8BTbt318hr9RxUm6C
2021-09-28T20:15:58.323487278Z 636 YnrCe0djy6fUPHcSK7GmrnlGCGoLMeLJuzatmVOGGcjIPEoQEsMkfqvKVzu6
2021-09-28T20:15:58.325371867Z 637 2t2Ffuwjq7mdlzyLRy0a9kPuFVdc2vAwvYpgGDJ1vdKxVfnW94e4Jg9GT8lL
2021-09-28T20:15:58.327291727Z 638 fx9IuV8lT9OJ0sl11i0fCg8I0bYSgIOaqroWDrZzrFVxJ6evQgC2aNgbe45Q
2021-09-28T20:15:58.330005209Z 639 Rk2QNF7ucXtK1g42LiNhTP8mXmLM8eVapaacP2pXX9MQEcf2VLDsCqszXlw9
2021-09-28T20:15:58.333281841Z 640 mcYQ7PZwrwKoZkxjioan9A1DfvvtTNFTHcHZq1i8LFSgKsQBp5dqq5YhFLc3
2021-09-28T20:15:58.335094310Z 641 GZzTjQ2SmYjtKBFz8nYxAX8h9tabMAmWi1nQIVIWkVnK9JIc4tYjAX1MwaKy
2021-09-28T20:15:58.337224349Z 642 7XlunDXV3ly3duvgo84dMuQZphjIzdQJdVkbBvjAEBgt14FoSPRA4iG3nonK
2021-09-28T20:15:58.339280223Z 643 EAPqwGkcR6f8Duug8vUWMlGR7XX8sBu3XL2GRCW8OxWxQb45YtHOQabcN5mc
2021-09-28T20:15:58.341335639Z 644 cXiUGO4O2M2EHDbsYHOWjx4YfOlrVJ0DTD07Rva2wnfcKUNIDG9270NPSy3b
2021-09-28T20:15:58.343339183Z 645 UwNfKTU4iidpKseu2HiGdxpAOwFkmSaX9tiC6iQaEnvq1r73QhIKwCspABU9
2021-09-28T20:15:58.346154503Z 646 VwHJCp9HQwNwPwVmkxUHQhipEfzsXsRnFZpEgxggR0B22YDWbaZsSSBPcIAV
2021-09-28T20:15:58.349124658Z 647 DNzYSZOIpYGQ7zWbbuSsKkfmAvySwubqW4RmHw3UqGAhrCFED276Mf8eL7zc
2021-09-28T20:15:58.352287411Z 648 zHPMv3nnHti9BshSE84IIoSXKQyY59Va9JAulaUKKKUuse8E559yrJpGNN4Q
2021-09-28T20:15:58.354148077Z 649 U4Gsgdtweb1MaF9vFCqJvVScOADecWranRPkrH7CP3IKELI3KpOr9c38pdoz
2021-09-28T20:15:58.356214432Z 650 3W6knDxLdbWpXD7ssUh9z3SGwK8i1uKjSmSOlpsZdMw5yUdtH0itiL6nDNMo
2021-09-28T20:15:58.359336854Z 651 qIDIZW0UC7qTigHWw9SPCwEwKVH2HxcYs21oUw2vM6iggYzuw1PDqSwIY1rJ
2021-09-28T20:15:58.361144953Z 652 ALv1QaDNjAedTA7P5xNMb67ioMONtHGAf6ZcEDeRqhR5HZKqcSufjuP4KdNy
2021-09-28T20:15:58.364138653Z 653 xYfsYcidIV7n1dQocDyxRx0xHoZujCBtGiNUJcxA9GDhEWWQSKDfquYm9x2X
2021-09-28T20:15:58.365545367Z 654 xfZaisY9bqpNbJShmPRms057wjYeJT758JNqkYha4tHe4R2m7NSvIX7hWp9E
2021-09-28T20:15:58.367865425Z 655 a5MOQll08uBzGooKnlfmyqLLKmbIF2zgUaXSIg1fAIfWTkxRLzcHqB5xy7k3
2021-09-28T20:15:58.369252531Z 656 EIC6Qd8dIrp8LsjproRF3A7k9J0bvyVeiudlgcQakbIvHUFfKGBDyewoFMT1
2021-09-28T20:15:58.371899731Z 657 Ym5c6rX4JhrWip3H3BpwBn0GdWkCIkgq5XcQnTr1cmQNXbDXSWQblcpoXj8C
2021-09-28T20:15:58.374604699Z 658 r7jLGw2vOqPxR9wrzAxtUGDpL4xyL8sKux8UdWzUpJbqaN4AL9sesDsPbMmw
2021-09-28T20:15:58.377006304Z 659 33isxq2vpzG4XAEqopThNTv56o4IrCP3cs386pEeP0Rk12dTljIgdcUy72U9
2021-09-28T20:15:58.378536028Z 660 cAOpmA25mhv2o5a3qPpJbConX019Q92G4EqDf5g5mICu8YjXrczKIhxZCgcg
2021-09-28T20:15:58.380437952Z 661 0JlqFhdVRIa4dBrt0VgNIoEhEXOAP49RGCP7uvvF62cPQ5My5kK2jl1yrxx0
2021-09-28T20:15:58.382577366Z 662 jxdfbrAGjbWH9vfjG6IocRu9kdPnHulJs1VkcMvNE8iJWYA7Z5RJtWRrwak0
2021-09-28T20:15:58.384248618Z 663 R6xGSn8KsO6MwhodoC7wyC3n5LLf4GEfjGmaK4oPBIEvHvGMxXaboCpfqAfs
2021-09-28T20:15:58.386587754Z 664 xlNVtyaky0cty8PdNVOuMW9znim1NKWbaniwRK8KHb3Ql9FMKZbM5tIoG4fn
2021-09-28T20:15:58.389086401Z 665 cQRJLixsG3rqSFnPn2dSJNKAyHY2IQMdmpAPIHUkjnyJrgOv15Z1fAB69Mrx
2021-09-28T20:15:58.391488105Z 666 5vF7SQ59nWAFhHNqhS7R71dhgNiH7UEqeJ5er2wMoqMOVdwy0gdZGA9sknlT
2021-09-28T20:15:58.393389315Z 667 F9SqKQECFWQ6RArmA0NcFAfqfSapUkHHX6FrHMqVLVwGnUbfOgK9fXpdc8Ny
2021-09-28T20:15:58.396664149Z 668 3qmUEF3ugstMpWabH6ZNJKQmZ6k3hi97qTtVy3rp1Y01zfrG6EJXSKTsPIao
2021-09-28T20:15:58.398958870Z 669 iExrjPY8NFaxzRadq5Chxzxd0ZzAoLCj6hykhGnh6zi6rfcpRaDuN9UZGiJO
2021-09-28T20:15:58.400407634Z 670 14ZAQt5V5LqgMfqnF2uHtIXA2B3JsbWZjEquxjGCuM123drbDeZ0rtVsPeNk
2021-09-28T20:15:58.402685656Z 671 IRbiogytcCyLhMuDRxABSGIa38LUbkVESt1ls8O5XRXPqRrwErl4U8fImWku
2021-09-28T20:15:58.404293033Z 672 EdJPlkAzw20BcZd8ccMtySgFNFGfW3MUpncNhrnS2ThC51lRzpcVvEtUT4AO
2021-09-28T20:15:58.407353188Z 673 QsKomW04QIGJecyUzsWYheNjiSYA1mvp4I9SrrpRKUUWIim74JNMllNoXSko
2021-09-28T20:15:58.409216801Z 674 d7BaQf9QirJY3Ud1RtUcgGk29kFI8BuY1n1lzVC0lPFybLIfxxYs1TQfX0wN
2021-09-28T20:15:58.412066470Z 675 6zWlSUW1UgloVSmrAFMDeT2pf797GBNlseLSqf1jGFy4UzLtguWxoN08Nbx4
2021-09-28T20:15:58.413539146Z 676 rnidCXTzpdmIQ9VYGrzD52A0F4rek3mMZWDh56CP5qiJEvr51cgzhQacoi3V
2021-09-28T20:15:58.415169690Z 677 x1A6csIaBUATe6QLlmmHszRDA6X3QWCpFlZthNKhrk0v4mBQxWPIiHs45A1d
2021-09-28T20:15:58.417604418Z 678 ZpAYbdSbSIFtDeYWKpv0UDExDwyIosWKFZRpaGhuoTyjyT0jCIsjQYuwsmvW
2021-09-28T20:15:58.420123870Z 679 xDTYL3DnUcl2RAyxeiOgXVK7w09hmtNw5jbKMoUmRRFBMSX82Gxa4gIELWJO
2021-09-28T20:15:58.423204083Z 680 jckDEFU7W3gW8VXOIKm1esifoNZ3Mz6uTUdYDDXN6VCP48GTcI1p2cK22WLL
2021-09-28T20:15:58.425756317Z 681 OxQoeXhHRfLX7OK7YFUUwgdpArmEb4NqE2aKnoOXNREtZA3bmvTkiNnLOSpm
2021-09-28T20:15:58.427462864Z 682 VqvtXakl2N41UqVSEG6elyFNtw7tIjomHOSFetOClZUBcZ3220w0N9M8QS0B
2021-09-28T20:15:58.430005777Z 683 NTP1pGSzxV2eVAO4MsxTTdQCTobgrU1En8r4MXKz4sp1CxhoThMnXJ9dsIMJ
2021-09-28T20:15:58.431187443Z 684 llFYKdcIcCcN3JMhoSrbW4NC52FhdgT5STpn0wW9XFBUgab4Imsc7vmH2vEo
2021-09-28T20:15:58.433990247Z 685 sFGecPMRoJGyGJyZ3V9GS6VGGLj8XivwA11g5xvFqqtICYrf1tpW320IY0EP
2021-09-28T20:15:58.444818451Z 686 7pmR71RyeTJE6pvvUCX6mEOPZidFN3NXNsSJSqBE1QEOPcjFYfQoCBcAYBeJ
2021-09-28T20:15:58.446670756Z 687 OjAmrvSkTgXvyanyt9wwfv0zryLSzFJ5PVrr6SyhwcR2cRjyZZ8g0jrBcCBy
2021-09-28T20:15:58.448550529Z 688 zx93NzhxoTmBmICjiP2wM97GckRpMBc0qrTghrcSBj4GOQnZuzzfU6J2zUVe
2021-09-28T20:15:58.450436804Z 689 wyQoMkbmV89Z5piV0SLBaWn6XdqvysuHvdcc43fX5WRdyUOldEV4MK60ZELF
2021-09-28T20:15:58.452315157Z 690 ogTaNzlKZ9mYKwPDZpXnjP92pkN62Vv2y5w74QyN8MU9d8CEfhNsY0byhbgx
2021-09-28T20:15:58.456496807Z 691 KgbkQPRAOZXGunfGQBXnQocgwnMQteN0y27mr3KyIODryFoAzb1d13sgotgm
2021-09-28T20:15:58.458197797Z 692 KXDYPC0bubvag85F9plrLKZ0YoTS96Wn6KJS1KMjmrr92pMpMgF0NZ0xfEFJ
2021-09-28T20:15:58.460399854Z 693 SHA1NWRZBD6utaXJviq6CpZ0t9cx8qgSK7kIjYeNEPplueVbsQ2ffIyy9v3n
2021-09-28T20:15:58.462107931Z 694 osoRmWKDoGstIdadIR07f4WGEqK8b52mfzm9IBi8h7Hv8yqbNiOLX2HLct1u
2021-09-28T20:15:58.465738506Z 695 Cc5faWvZBUCiAnPgwss6p3kiuu1wuvikEyzzzNqDM3gO3VKOF0zTAznVzsp6
2021-09-28T20:15:58.468279102Z 696 hi8CnIAuLHwKY7o3zUbyhPhudPAQWam6jDdrOrRFBSO0d0edeAubLVfg8Fsj
2021-09-28T20:15:58.471014883Z 697 ASzEOdOQkCkJgIGhDYrkvwuK0eEmVUpRKVE56YhSRGVhrktPFQSdSMdplahS
2021-09-28T20:15:58.473765301Z 698 9lRAjlw9LEul94fHxA799WGjRlFzfjEOIBRvFyZzZbtxAUd2JXwD3ZixjBpn
2021-09-28T20:15:58.475411445Z 699 LU3lMJbH5OXOfPfriIlrFFl55SJAjCmS1hJkrzaOEOunJeOHFF7sRUwkVwC7
2021-09-28T20:15:58.478276632Z 700 y9fYKWdSZSyeVa4xlDsPNxxj0X9f8skXaiB0qsOUMEL5yKgvJjizPiK9D80q
2021-09-28T20:15:58.480931953Z 701 LNyxyd8LtBXXwQMS2zpX9YDThI0QxyuJ7yQSV0VSsbrCBwNNOkpoMvgWlbYo
2021-09-28T20:15:58.483909436Z 702 eJuYtn0J513ZlpftSNw26iVOxuOTrWvhtp3JmuDdOWSPVpbsGmUBCGTL0U46
2021-09-28T20:15:58.486803493Z 703 P6Jq0XJFXfOz4dEIIRVT4b1O00lGzEhXSCMhA2czImQdN7IDSHBKnSSc3q9u
2021-09-28T20:15:58.489360069Z 704 SSFh47vRMTPFJZWP8uKyftqOr5iRgBRtWQLMDpxRQGPSWVM8fNauANssUZWX
2021-09-28T20:15:58.492365398Z 705 wLnXAF8iddHtDasPhBIMln76xMoCA1NDQBatH3CeVf3HLzIlOs1BdPtisFuf
2021-09-28T20:15:58.494088922Z 706 UPgBh1PNzszqxHDrsSsNXntV3ExGFELBMH34OXIGAFgAl0PXswTlZXqvRa3I
2021-09-28T20:15:58.497095232Z 707 liNx99ZAahjqxJDgGdZs2IJBKqL83xaZfkL5c9CuvPlprnJKjZL3brKmHNl2
2021-09-28T20:15:58.500003063Z 708 fvMCVCrOwWXIZzzEXEkICAFjmJCrSza13r6GRe4wZKjnX977EhNbRYVBukEy
2021-09-28T20:15:58.502822314Z 709 xQhuazBBP3vc200lCwNkinU6CtFbwiASeHqxWZ8uAa1ghbsA6weGIrYS1E2O
2021-09-28T20:15:58.504265267Z 710 OIglz3Wsia3CzReIGhrjsrbJQH4ki06qQVyTTDO0QGd5d2Am0utelUA7Q3Ir
2021-09-28T20:15:58.507018468Z 711 0MXkJvjOgKxlSbZ3TqpxUXIqRYgKfmqS54pdo5Gq3Mi6KuoKOBkkLL6PyaGo
2021-09-28T20:15:58.509745876Z 712 heGkNqyGSDI03YP5SLyLMK13csA3qqg4aFSpzotXEcPeuqbLUQOpdG0mDyA2
2021-09-28T20:15:58.511238996Z 713 vtJlPgK4xeo3dgtQ6JBG1R8glUrGD9W168Hr6MMDhMAlfDxz6pv54sNv7QEd
2021-09-28T20:15:58.514073929Z 714 oPH97nUxc3YI6DF9jdejzPqCoRqAQ1ThHA1bwH6TygC9ZJUYlO2o8NOZYudW
2021-09-28T20:15:58.516801622Z 715 c9CE7kUQ9VTGgmDEfzCzp3DRhXuvG8n8rjztqRDQoL78WwBgO42x5SQ4quOG
2021-09-28T20:15:58.519117524Z 716 CZVfGcGuzhZOqFXERNsSQZ4DrbT7rlBovXvomy1CARXoTU30LhtHj5jZgdkQ
2021-09-28T20:15:58.522405319Z 717 ALaUwRai5g3d0jM5ObxrXGTVdFHTZxWxZP3QyAoWThi48ImolLG3ArigghNV
2021-09-28T20:15:58.524351525Z 718 sSkv5hOLQBjmGUXt9RGv6Wkl7VfxqT3UWqH7k3jRVbozTekHPzmVVmiDBSoM
2021-09-28T20:15:58.526129991Z 719 g4Utzc1k842LWviZab8Edczkp2Fhiy5mCBdUI212LlTVGCD4sKnIGbybXVoH
2021-09-28T20:15:58.528885716Z 720 6nSa3j6Nl442uvFf3gek7UeHEvqEvkvspc3iGWzFUk5DbLyvenfrGtOnbS40
2021-09-28T20:15:58.531682641Z 721 1BhOaMjI8rGIYHH9CIYUdUOWRCa6883cAHHa6PeeuRsCqsmKuSraLrXy0bAN
2021-09-28T20:15:58.534040329Z 722 bEYnYz2snhppdX7hjqVwRqNBhBSMwCkvmuhcrteHyJ7Ur8ECcOfxmyFTVERy
2021-09-28T20:15:58.536979848Z 723 X6hhdI7SIZlOZmdeUvjSQBYlRbySi7eVZqrhg7rDuU1hWXbXgCkGVgy5yqZk
2021-09-28T20:15:58.539720603Z 724 0u0WCzReFZ30uB1ZSJNYK1vLstX9wDE7O7c7vL1RjrNjvKPLxvoZIJEmf6T4
2021-09-28T20:15:58.542034923Z 725 K5Sri9SAovBSnGqZUe91sJ799McYcZok2I8JXKkHLEhAPd9sGx7HftrjMuvC
2021-09-28T20:15:58.545068103Z 726 BUnQEGk2JQBRtpCEIARYkkTWpwgnbx36kVFuCq0BU5lKxFFL3J3sRNuNMjKC
2021-09-28T20:15:58.547918662Z 727 SRI2GF0FTnaRPk6xO54BwTqrpMVnOVTNKKgN61CjPTNfaaF8InFXBSqwzf9U
2021-09-28T20:15:58.550724343Z 728 be0l7tbTtVDHLZZozBzsgH1k3Djv8Ob6AzWcRvKvttp4OAagXuKFq2AkTjPY
2021-09-28T20:15:58.553273012Z 729 BiRmLOex5cJ01bVkiVR3PT9pKStxDriBQMSCFf9PXz7ZdDMGTvjkNybE5l21
2021-09-28T20:15:58.555966220Z 730 SLaCn5AqcQQq8ye4AAFfRpDRYJAbjlOMI0Xb9aapBHuWgHupVbBYGYDmtXAx
2021-09-28T20:15:58.557586306Z 731 ydNkBNhjg3mmXp7vs8ocyF94HVhcyyY3AQZTPk7cQTEDYS4A0aBc2OUQ9j3S
2021-09-28T20:15:58.559301298Z 732 mBVA8iXp0nwybadfOf9UblYJ7wOTmEJM2fLgrgFib8fKIEcr98QLytLXF5rq
2021-09-28T20:15:58.561389000Z 733 iXccAOrKUb2t32Lu7Oonr7y598mSkRxNkqqUUexV4FOoE49cqJrB05uenlN4
2021-09-28T20:15:58.564155973Z 734 kFoiyevwyW0LYun2gSPzWAokENJSZiiT3F7jBp9mvkEH4JqlxpeyD7jQQ9by
2021-09-28T20:15:58.567029339Z 735 98BzbOZ6hvzoAPBB4S5xRnoE4ZddHcEjlIcUKUSQ0joZy35YCx4CIYryVIxN
2021-09-28T20:15:58.569761456Z 736 IIdO6E1dPKXQhKefolVmO8BHKC3ZlHMqKiJqwLSeVREx3AXgugwphP7C5Z4W
2021-09-28T20:15:58.571325013Z 737 pbzPYOQKQINqAU0DsVXcVCuXKDKvcBmdgFMeQgDdWPEO6k9cqlI3jFT2aPpG
2021-09-28T20:15:58.573806521Z 738 5nqvgOaP6rapZ5wyf3oQNRvACnddHcHTqodtbm9O3toFJV0rRaXNfClRJ0gc
2021-09-28T20:15:58.575157672Z 739 rBDHk8klAJZtCsgZ2nVDoIUMUP40K5Vp1NWscyucv1R8nZIZzd3vAabmXNnw
2021-09-28T20:15:58.577678068Z 740 HFUDEIFxhQDkjZPiebWBo8j4wfxXYz8mrG2W0eZsEaVgmHP7X7MyeD2o5FS9
2021-09-28T20:15:58.579190482Z 741 rzTg99sjpSsyqjAIRcsysCSy1Am6ppMR6DLyZT3okq9lHGZ5rWD1uxvj9TcF
2021-09-28T20:15:58.581554208Z 742 6YafUK8pfsbAGlGXJUaZGoFE7Y25ukTbspwBDGeUVKzJc4ec1xP9iJiE72nq
2021-09-28T20:15:58.583068647Z 743 nwLOgi0oBbVTVzNGTIfPVweppR9ymnY78G3l93YUl8zfnERkeDJvdIuUKNYO
2021-09-28T20:15:58.585999925Z 744 VoNENrHUDyLuyYHBK4nlkwathHRFppaxOlDzlg0v3g215BgY2buIw8guTIdF
2021-09-28T20:15:58.588977679Z 745 smw0ashKD5Cv5LDeqQ3McdWvXQO5o8LGoCb0c0ytG8um1GTbwnNAgCNXj5JH
2021-09-28T20:15:58.590349632Z 746 kUtkRmzjbHGzEnn22smNDmmgnQHrO0CAUAjxsPAAw9fc46FMLNsxoxwGUnvu
2021-09-28T20:15:58.593080743Z 747 QApcFOPzwfUqb5G73BWdO4H9ckzA4hAjr2MDUrM8ORjasxsfybKNeqYk396j
2021-09-28T20:15:58.595864391Z 748 hYZ4JyHXQasBDioaHh4dMgBs6T0k0cHHT89dSCEg4oHSXthkCjSU8no9O9WL
2021-09-28T20:15:58.597275714Z 749 qqluyxhOVDQQ80cwxlSwCbLu8hCpHlKv7CVh8v3gq1OHqHSAuj0NTrNWD6mA
2021-09-28T20:15:58.599781472Z 750 dP37AJbrjrI1BhgtASTEwcNtRbNUK2oWTs6SRmkQ9ZqvOBOu3oTMUrBA9EBG
2021-09-28T20:15:58.601184897Z 751 Y1wsR6xTRSLhlM1nOyvjprQXDDcA7uTqz2YW7B5IZPvVcv5Wjnw4qOrMfW5S
2021-09-28T20:15:58.603812249Z 752 lftUVceTyuOOGmSWrL3uXzuWkNRqpQz7C2TSUhR52YhvDwDb5MtVMJkxHAoc
2021-09-28T20:15:58.605336274Z 753 9R6vgXob9P1K4fMvxWotnwduHACPx0oNlbYTikpXT6JnyYLuLmaiYRNlRWry
2021-09-28T20:15:58.608033843Z 754 5L6zAq0BXytjA3SzgDpuIOqRGwyeTOaAxp55ctZfGLtQD3g7XRCcAI3SorrN
2021-09-28T20:15:58.610182637Z 755 if5e1dUGIncvTc4AIk2oUlt9BIMI6ukXM7meLqvPjdMGfcLCWq8lwJJd18wn
2021-09-28T20:15:58.613180912Z 756 PMYDWkBQrPpLv0Q6hu9rhYxWKK9QmUjslV0Ojs5Gg5Ob5Uj1osCsUgKwngwH
2021-09-28T20:15:58.615235266Z 757 mSNx6oSQTHIV3kqQ9mXBcHgg91YiABt6kTk80eLkjjCexzX2BN7EVJrUYxAA
2021-09-28T20:15:58.617988404Z 758 6sFi6OLVfXBdr927DqzcyW8bKnHbbjAdfus4WycEx6HsNTwYta9qMFdmkKTQ
2021-09-28T20:15:58.622577266Z 759 fbWVyWS53euPVfJlAsjlTpCkEbuwEtOe3gbxatnmgKlippku9v8DsIw0ZocM
2021-09-28T20:15:58.625091897Z 760 MHOJJQz4iX3frvtu6pyYDqGw1hLga3Scx0QV9266J0KZnfT9l0V9vZyserum
2021-09-28T20:15:58.627932942Z 761 yPZCrPTSR7BDtmwcZVEKOxJh8er4C11r0wTbgFlLQdBsAjnOFHXUVAGZt6YD
2021-09-28T20:15:58.631178632Z 762 owKLdxi6WvutBQ2uagRmomeb5VKM0lhUG4f6rHiNt6uDAY1zHkFUSuKVZr0y
2021-09-28T20:15:58.633869590Z 763 tUWSSfjry0XRCslyFPE3CklSuFa3IQRFEMCywVrPKMkCusVkoRWEN7jdYYMy
2021-09-28T20:15:58.636101200Z 764 nQ93AJv7mBIw1YtJamf5WEvr6UvkZzgSlZOb6sA6pHolfmJnCvPldGIq0y8n
2021-09-28T20:15:58.638774300Z 765 TQb6a372LCegtHJXHEJF1OHuQDU0VhP29F2Ei2qW6sNNARCMFKShPO0EaTUr
2021-09-28T20:15:58.640282117Z 766 ynyCidCoREDMQqgE2e4JavAjA1XrAHEcdzWKJh2GvNDCWbf1p26M1AtxxzUr
2021-09-28T20:15:58.643145637Z 767 K30cyIhwBjbIY9EGtRj25NiTK0jWcDfIq92lwMHEwgEVDQRjnG953d0QitLg
2021-09-28T20:15:58.645931183Z 768 Mmxb1RfA3soK1HI2AeeEuDcLKuS7H8cjXEG6aHZAQTqbFLvaFQJHVY8wx7O0
2021-09-28T20:15:58.648714318Z 769 rIah1senPgzc4soQmkw3hLi94QHfdupVUIrbaWUbV80nChyIGnmBKwalNGKC
2021-09-28T20:15:58.650400719Z 770 PmbHkzVpTSNvIbh52cfVFJUXsGNaEAzwGpfSdnY9LBuO8sv3eJnQ6G9unPfl
2021-09-28T20:15:58.653044389Z 771 DjCeW0ZMgA2CkvzCl2Vimk7K7uH7D0AwAG6usZI70XerzyyLHQAxxWL1hqOR
2021-09-28T20:15:58.655749745Z 772 XxmHdmCKqMYJa6xEovt54mDJ3yDoraQucQfpDVNevDxRZG7Zs5gMkjLMT8XY
2021-09-28T20:15:58.657319499Z 773 kxyIUJvCS7AE3KwXtCjn6eq4vgSU2WoJvrQHN7KnRNQmurkNQbKwcGqB6whg
2021-09-28T20:15:58.660123113Z 774 qjG39S8FILyRllfzQUPLc4Mt7iP7WvKbNmL7AvSkbMVIHGMPCt2vJzZ51a43
2021-09-28T20:15:58.662879234Z 775 ubgvalciANT2VmUkDTyMiCgi6JKwbCqbpQkN00zWBEr3hGYNBBAU87Dnz42N
2021-09-28T20:15:58.665559799Z 776 Rb2h6Q8Vp0JKZzvXt2ImXD3zz7g0SPbPmn6XAGHy29Z5S8dWREaGK4aA4rxn
2021-09-28T20:15:58.667168723Z 777 RwQEnpWIeTVkey2Adi6lcd8B7nG2gcWtA6I3utr9j3jTwh5s3egn4uyRtJkb
2021-09-28T20:15:58.670323338Z 778 08LJRyScyQGC2PnuxxTlhvuWEqLdhU6kchAIbC5hFBksSjFZtDtkjkHLXCxU
2021-09-28T20:15:58.672358136Z 779 xVoagM6QMjK0FcNdD9TCCESDC6TsauY4IzRcswPNxzCae7NMlTbqD7qqfMgQ
2021-09-28T20:15:58.675238504Z 780 PUdFqu2OwVO3oGNAkKhwUA5TAOIWbB954GQVBpprSxOHBJnz1T74UL5QPFYQ
2021-09-28T20:15:58.677781756Z 781 52HMapV5ELIisK53RUSON4L0ya6CuymjegBuVeHgZvHNY8fMEt3VjBhjGGF9
2021-09-28T20:15:58.680138073Z 782 UpJXNItfH0BlKL76ouCPrYqxYRGyR3qtxXzHd7vM8v6mxWZnlNJdav1ouQxx
2021-09-28T20:15:58.683038696Z 783 p9MtQBJoOpNS7PROcOhWP42RX6sC0gCM5xPaplF78nk0dpJ5Pzjaw4f1eyTM
2021-09-28T20:15:58.685681602Z 784 l380oNl777Y5YaoluijPJBcRj9eYLBX4up7KIZkMVYrQmTSTPsqUyoGUWHHQ
2021-09-28T20:15:58.687207532Z 785 6NGSIaOvErplHpzFty4Kzknswvb5UDjhnrssIrIyTRcfKUtTKp11GkIKUWW1
2021-09-28T20:15:58.689736281Z 786 Y3aVDJDHgmf25GNf0DPAQXXaQxWg4GkMAsJYegJe3vt4SBZjd2Pk0AVFKlL2
2021-09-28T20:15:58.691201260Z 787 k0Jl4FZmRAOE7JzOA4pOqVJiKrB3g5Cf3DZv4wAroYmftFhTc82D4hqvPCqg
2021-09-28T20:15:58.693988729Z 788 100gq27Qu127y2zZJssq8R9bmED6cXKS5AJKzdkQvlSEOQdFBzm645cqiHqr
2021-09-28T20:15:58.696784325Z 789 ZyyncHWgHptTSEb9HWcUQTax78zmBtoXqA4B6mOHk8qPkzIt1uSx5WpGZJrr
2021-09-28T20:15:58.699099658Z 790 gxBJesrVKzTMz4k77B0IMBEKJ3GdEJXXiqjhrTJKMOnKVY8oz5XTAPWXnF6d
2021-09-28T20:15:58.702578909Z 791 l0xQ4UMS01fD4DAquisGo2s94eUGQyrQM5Jx4lYIuQKwWspkZK7CyLQr7F8V
2021-09-28T20:15:58.704463158Z 792 SaCqJUPtpAYIikfJZsQbvmkn8GgB893ZHESulSwyL3f5j7nmD8rAYfsJgd3k
2021-09-28T20:15:58.706492497Z 793 hGbWBFVedHV3947VyXKzh1ib64mdK19GNW0quRhefT5d2ddexd5LBZmvuQzL
2021-09-28T20:15:58.708116123Z 794 EnAFFcyOVRhDV4DYior8L3vvKRGeZTryoWkTnBQEdd2pcUyJF4ybZ2uIpYGT
2021-09-28T20:15:58.711583247Z 795 s8vVQ1EJAABnC8LdzR4Je8r6qLvo4apo0Id96oQTSiNejk3adhBO6em3k9gq
2021-09-28T20:15:58.713315773Z 796 A1qwPu0imKQ8L8BNVbNJpn8QEIPAaUFyQA94IOBF9xjO6IWn2FwVevgNPNIV
2021-09-28T20:15:58.715925657Z 797 IXTWWum9TjanHsLZLfLPGPu6xfDfVotKGOHToFi6j8dCaZNyrfymYhqjHf6T
2021-09-28T20:15:58.718557008Z 798 H0v9BkYHqSN23waPi8YAfceHnCGHcpIRjZi3ZFpuOAQgFRcxb4gIMwmkMt24
2021-09-28T20:15:58.720062937Z 799 50tiIbYIAfkZC9qGOoSvIrt3pYZlIsyd6LIKtVPe2Sx4hUBfKRLBxzBRWpGq
2021-09-28T20:15:58.722824553Z 800 f7LNCuNrIXps53XJENpKlicwWDqmtBmO6GxskdRWF8EGkaBxjBSoULcdtiWZ
2021-09-28T20:15:58.724402763Z 801 BnPlooPsjmnSM3EzYve81McMydW0W7AjuFvEgIENTNjtAbbljjvddNoTF1ck
2021-09-28T20:15:58.726989701Z 802 ucnFtCg3NjJUD0YlHkVevj4gBnlz1fqRoTevnVzujdK8b9ttXpsY8DMKPrbs
2021-09-28T20:15:58.729645618Z 803 723aNBZtdUI1yNrjTmWiTab6tSev0lq4yzcQmETCAmoN2cSo8nrvUW271fdJ
2021-09-28T20:15:58.731088821Z 804 NJpUrLQUZWAweMXdiNMXbJQiBt8pIBqHNCG3MNBe5fz9qA7ZV4Py4mgNTJnI
2021-09-28T20:15:58.733706015Z 805 mrb2pQlc2NZ0lqYgoUkQ5lODN5Qx2tCBEkkY4oe7j1uxVgSPHT3udOLfZW3P
2021-09-28T20:15:58.735209670Z 806 AiIH4lhQS5KGYqpgCL2c4moB6hYUl294SBciPLzrflS0dfE2nGbKACOKVCy3
2021-09-28T20:15:58.737958994Z 807 x5bZTkhs7I9u5ziumqGS9N29MWfD1FkwocXowU3KtNeg3o0i7780lWlYk4P0
2021-09-28T20:15:58.740669250Z 808 naib4jLlTZ23YfrWGjBltCbjxae5KLcT54G8Zh2Q6BvidsV9XVEYApm6tlop
2021-09-28T20:15:58.742296554Z 809 gVH81m0CKyIJkBMHDPNmsOuuWWmlahrUVjpw5o2jNNuaHPKRixeevRAzkgoj
2021-09-28T20:15:58.745082938Z 810 fMJ7r0s3VuPTkXx4BxqmdQ09T574IInxh3TqiGOltWwP9bl08ZyraXlhgN9q
2021-09-28T20:15:58.747081208Z 811 G7IOxWjATIOcAPBbOkUYGgYrjQQYsEez1OY0HgFYu8eKKBNL94Gk4NkdkYN8
2021-09-28T20:15:58.749784338Z 812 J14ziUCok0RzCFFx8TDiDbmfY5ByNoc8Q5QSrrdVlcmlb7KZC3nXYne4V7le
2021-09-28T20:15:58.751556764Z 813 4yRywtKGghq0i2UUgf9H89wsSwibpepgjMxMI1NGDQjwesi3jjDZWfhW2AjO
2021-09-28T20:15:58.753185210Z 814 WHfrd9o13q9ctOe0oVyQCEwHmT3KFiOukjBXzBRZPuTNZVdqsD5aDAJ5DZqT
2021-09-28T20:15:58.756056721Z 815 B9MtO6b3KizR5166V2eXs8eyQCIwVWiZSu9yROb1HDIJTAuDYOtGXGYAcN0j
2021-09-28T20:15:58.758714216Z 816 XQL4k3Sk7PnF89UBz5a7mMClksyO9E97LvypRLGGXfcvc8HPfzatEOV4MUUQ
2021-09-28T20:15:58.760340801Z 817 qKvLgYg2t9dukDTv45QM3youv2uEewWwGC3gt3ytBSv13JJ1zqui0B4efisU
2021-09-28T20:15:58.763098210Z 818 NEazXWYq4uvCPr9b5PYFPDCZNyMt61HIMzwrkkxZUXTvhgM9JLrksdc7RICU
2021-09-28T20:15:58.765745792Z 819 3yXTBXumdyzWtUMNEfELYR3gAOZcNFpQZmEIb96QvLp8BXQoOmRqKZsig0LG
2021-09-28T20:15:58.767252964Z 820 J9YYc6bRTm0G7pdUFreVFNmo8FfEOCKPjLvdHvh3m6G61c9CLndskttLTVQu
2021-09-28T20:15:58.769824391Z 821 3uxuW1uDxgGcLK6DXx0I8brRiPyoQkgFTy2lgBjyUpvdiKxLwGaJPKuoszcA
2021-09-28T20:15:58.771154374Z 822 RsHqvdVbUPnDf9QuXnpHodqInn7LGEmnej1rs8SUD9YSGxhNZuhxDTnlzTs3
2021-09-28T20:15:58.774243723Z 823 YXvcuLwAKDOYhJ3NBLRJS0SY5xdygrhrZVpNN5gSbSVPvuWziQIkC38Rgrab
2021-09-28T20:15:58.777131812Z 824 I3c94Q2xMSJinX309W3g9YjZjEcX9O6GrrYQ5ycqGwSwCfJSkiGAUbhOYwUy
2021-09-28T20:15:58.779754989Z 825 3rdm6j4rpYDqaISEtXAfZCOzerYMwXcIo9WZLjsbLUP5kHoNgqpGE32PNWMP
2021-09-28T20:15:58.781262376Z 826 h0WePPID0QnDwKQYtR0OwoGGBrCPRHJYL9k0b6fbbPAbS3xLN1PPBwWQywH0
2021-09-28T20:15:58.783973926Z 827 6I1SMFR7GTntxRL4DwGm76nQtGHNp1WU8COggPdI9HvgWinCa5fp9DRty3oB
2021-09-28T20:15:58.786773945Z 828 Oc9aypCvunkeIqgAGSsrXeZA5nIXPBpMbgRdCOQGgeM0GRMHCKXWzm89XMNR
2021-09-28T20:15:58.788384923Z 829 b2sHuJL30SL5C0MT68UI6jxe8zCHXma5RgugCnjS5x7lY4rkaoS3tntp56gB
2021-09-28T20:15:58.790995460Z 830 4a6WGxcxcx2ybuUDD4a4QZ2fOg0TN5QoRd4TMw34DSzBziwBHeZVzWwJfrxF
2021-09-28T20:15:58.794136295Z 831 T4gmVrHUnPRDu4DyV7tx69vKF5Iwb5Xjmgidi4BnIgsL0anDhJ5IjPKaFNTS
2021-09-28T20:15:58.796684840Z 832 uBW3sDpLh3fhkCpzRUS0XU6dMd12GZIKsKE76O7JG78QBooQ47vb6pbTU13M
2021-09-28T20:15:58.798244595Z 833 pEtTmtDhPpTmIj7URv3HbBOflYSNIiD664SbTFi6NgbWZT4syGvgSaDPIXXH
2021-09-28T20:15:58.800883688Z 834 eKhG4de1hdPoqHQZ9At2vi2anJr0C80as0X9lllKduEXDTC0FCLW9J9cYTik
2021-09-28T20:15:58.803612282Z 835 clo63GD7q2RtwkBnqc7VJNUHjrKv1gEMsrZC1eAb8aWYk1fdcfy6dOrXXtla
2021-09-28T20:15:58.805105547Z 836 YUl6Ws7ENo7ozpn0zamMm3Tl9ts9kIo4jm6B69ylYJ7ElSGl1V31ofJaQN2f
2021-09-28T20:15:58.807307810Z 837 X1btNs0ndE1Yjqp01k4GKEr6q8bjqzYGcYBikHwW6iWITVDARKG5hWhpkAfx
2021-09-28T20:15:58.809946378Z 838 4Tk78YSEGmCoJy1wUZTGFEbak6g1BVKAuxYnNEQFECwfqnALxdzWozn65vaF
2021-09-28T20:15:58.812075283Z 839 FScnKEMaRK5JyagT0VpxvsVmKJLZJuTqf3y15UB4WEx7W8v5V7QUDKVYN9ov
2021-09-28T20:15:58.815279619Z 840 qNI3H5nHwFtjzr33UZZumfKAVnn0ujPIoyUyOwowfmU11qTincTMjsHGp4Lk
2021-09-28T20:15:58.817994778Z 841 XTGlgFmhLqFFqiQVEVPwl8rfMMTVTAchyTAK9gxfczYq8XDlc2pn03ch9UQh
2021-09-28T20:15:58.821043720Z 842 w6dcz8x4rexhpFg9KpdQVjt4FXt6vJBmZIaV3Nf0tJEzF6rl4nXydOmzX3AH
2021-09-28T20:15:58.823547214Z 843 qRRsILBXgMgEzBo7zsgiFYZfMhPohDx6sw3mI9ErDFZH5dY9wp07HhDlskhk
2021-09-28T20:15:58.825086357Z 844 PkNgl8Zsj7h7ZHovVyNleH4E4lUfA5Gb4JrwDD3APW9rtfj07NMW3YV9q7fq
2021-09-28T20:15:58.827611283Z 845 NazJtGA4BN4j1Za6cXYXqBCAGSiQU91r33tWp9VPA5dWAfaUVe17JULlHeFv
2021-09-28T20:15:58.829461154Z 846 2TZGKNX5T9uR0j0g82Bez15UUHmVz4p9wU13GQlX1IZzB8wi6ddzrjwmSZ22
2021-09-28T20:15:58.831640371Z 847 6xqK5qubUfc24Ra0DG7RQFBiLkKmcgP0Bvod5zzwaa5Iuc9Q3u9iNypGGRgw
2021-09-28T20:15:58.833284032Z 848 vq32Z0I4XYIFgkYDuxJ9u6ZTHxUIusDQrZ7ysRtcg1aCCPhLjT88ytMEV15P
2021-09-28T20:15:58.835789674Z 849 gOaz2RPgxv00H1aqd3C44P4RQYfskU3VvEXPeu7H4p1LLRcxEImgS0OLUbr6
2021-09-28T20:15:58.837415059Z 850 ixyos1kXWobwz1GGdUtOe6dxokft9ZxUNGyyuFEHmqZLWIJekDWg6uVqHL4m
2021-09-28T20:15:58.840117776Z 851 K2Uq6dzA1OatOMsWmVorxdLHl0HEEzj8bXXn4Djafs6OyNCLQK8dkDvACBeF
2021-09-28T20:15:58.842656372Z 852 kNVI3JAs51opzEcCD9EdzqDGRF8JekRUfki4EQzxROQ2LV7J77Oxks2o5NuD
2021-09-28T20:15:58.844528719Z 853 2IsGJH3kikS3CwYoafAhmpviLpHGCzX66Xpp6zgWZWgRyra1SCOCYnFd5XGC
2021-09-28T20:15:58.847120678Z 854 zivEis9QCoiK5HDxlwuIgAnLLXhm7wu84JIWPQUub1hhA9b6BshXKIFzyElo
2021-09-28T20:15:58.849120661Z 855 w6q7NFj36qOFNhzQ8HohuaeZ1ZLZJu582RgaQYSCMjWqYBN2oGg899gulu9x
2021-09-28T20:15:58.852044016Z 856 W44QwIjnJjaTWZU9OY1nHhxBs7MDIUDuwAJ4C9JBq457U0NYDMv9OdrbMp6C
2021-09-28T20:15:58.854916470Z 857 XHxxFiBfOOPxVnjxjoTarfZw9PZETKuBLiTYsABp8Dch4l4ym9sx1ryKDzIi
2021-09-28T20:15:58.856468644Z 858 PBxy4Gi4CyXCKibyPeHgAKaoao6UngrZUfaTHSCHHoqVxcV7aU7INYV7QtKB
2021-09-28T20:15:58.858612623Z 859 FV0M6Mb0S4jQbFqfFBvGN9EmDg8mp3GBmehq5MYsKt4p5l5P53N4qvyxggOw
2021-09-28T20:15:58.861094567Z 860 Ne6JJb8Qp7FapPTaAlBDws7LMCeI4xajH3ZurbDHQTb28pCNu0PQmoLavbWi
2021-09-28T20:15:58.863769730Z 861 duSLcrv7seN3wGMvAfhU2joFJl7S3H7gs9S5aZHUh4UehwaBKgzHxQOuRP57
2021-09-28T20:15:58.865261268Z 862 j2csF715h8JMW30z2HgGpEHDtPNwZ6SVW2VlSgYD3Wz9EjtYlT3a3IO87nss
2021-09-28T20:15:58.867786806Z 863 cRGmcW0nfL8uCTipAdvqjeZicl0h2Y2PwhaR5upd7nrWUkuwQArvdLQeBRQe
2021-09-28T20:15:58.869376376Z 864 D52YAGfy0v5f5cB2OxPqKngCNu85lNkzJOu4MmFJVu7r0HblPNoXHDEuHHkb
2021-09-28T20:15:58.871901357Z 865 ijHkcbgsQtNkgWONbLDIP35pxbsSdy0BTeKkhsJUrVDHI3wk5mLD5VHxlZJy
2021-09-28T20:15:58.873668405Z 866 grAzTChftqgNUdEGBpqWgiLdlfUUo89d5TpZIx3j2suupB8IRsxriKvW7P7Y
2021-09-28T20:15:58.876089180Z 867 AGIOqA3188gMr1CBn6bb5Dhbxmf1TuQLnRMCFai0cQo3sBwM7bg8G5d79wDk
2021-09-28T20:15:58.878889821Z 868 hgLNSU97BHhG4YyIbLuSbZthCK7Tg06c75getWNjIYmAxeMD6zUjtv2vpZp7
2021-09-28T20:15:58.880307169Z 869 3KQha9iK8GmyxmsciEMmbyezoORFTQeMjCOuLhQ7nFD8SmqCKkVOwnKcM3m0
2021-09-28T20:15:58.882959752Z 870 3L7cYUxwR0vIl0GFlZNxJRxJx0DHrpBFPjOygZ1vjQ7akv1od67kutPELMTO
2021-09-28T20:15:58.885926325Z 871 Z0dNoXFdHbYo71NNyEbur59rFZhllWbADluhJjKfJ79mblQ8QLrElMTYTeZS
2021-09-28T20:15:58.888512754Z 872 yLwu8jSOxZ0V6q3iBVkPXso5cmxhTRQt0lS8quoBrIzZtfwhN2JYpNp3pZS6
2021-09-28T20:15:58.890114937Z 873 2BJJ8Cu65JSyRzLydJSxlADCimNEBwRih5pe88eK6rpeBR6HG5pv0afjSC2K
2021-09-28T20:15:58.892466013Z 874 BSXcG3iWZj6zPaNMT0duvOXblmkxP8o23x5u1wRYteSxc8HZWexIXk2Oxnfv
2021-09-28T20:15:58.894216662Z 875 FX9Z2B2AvnijWLXUYG2H1IH86KfcJB8cmteZZa6yHXKLD8AhqKHGQ86XBBHy
2021-09-28T20:15:58.897172698Z 876 FqodVVi1bHtJZsxquY4fJjNX64QXyshaJQmeje2QsRAkDh3pT1DfTepxcoky
2021-09-28T20:15:58.899765940Z 877 Hm62M4xO1a4vYVjHcHUfYRTJMI5bXliduN43DvSWvDb9X7VAlp2r7Pj1Ayd9
2021-09-28T20:15:58.902224155Z 878 YEeDcNPtf2B6YrJbwp4GKc0aUdTGbc4hNcTq4tLKvFAejkh5CvL0fO1hprSY
2021-09-28T20:15:58.905416766Z 879 oJpqNNrtOpRrkfGca0W54roPuHhU3a0Yj3OUmkqoth6lfyDdH7103L34ZjYO
2021-09-28T20:15:58.907436485Z 880 kaol06xePrYZalU3KQv8leAIHZhypicZAjauptjHEbZSo0dRHGHwWxqAy2MG
2021-09-28T20:15:58.909209179Z 881 pJQ4az4uF7nWfE0GZREBcFpgYcs5LqfHGcXIIVvc7GdPLTfbCn8Jlf1NjOvn
2021-09-28T20:15:58.912129607Z 882 27vnRCytklip366fZtKVxBEBvLbEukTCuKKrC0EJeCspsv8Qg6mcRWqxxjBZ
2021-09-28T20:15:58.914769222Z 883 ANYaOFswh1JymwQpkBnTLFZVI3RZK3Ue5HiL2Al0pRExuswYYyf1q3LYZXbR
2021-09-28T20:15:58.916228467Z 884 QVeQSfPI1oaqq7u8euD7qYB19zklaKs7aicXla2Zw05l9Is5eoYRhfWpIacq
2021-09-28T20:15:58.918902050Z 885 xWqd8VPaXMbdD5PCLYUQ7DQJMhj9INzDJFcc9cWj6v9edJw2tzrNxQPZVv1o
2021-09-28T20:15:58.921464350Z 886 fXMMO91D0nglCeCmFGMg2G7dCPEZxNr6lGsnWV2GuJYUTKkks0hoHSJyjJ0z
2021-09-28T20:15:58.923747973Z 887 ZFJMyWNMJ0w4kHFmAR3E64z0dIoB5tdlr9P9X2BB3aNWLpOu9IoCYDYwcMM5
2021-09-28T20:15:58.925361073Z 888 hGU10ON1njzCOJeL6pP8bbTyH1WU5pyBJkdOavOhetaJWcHOt97obTIuEjL6
2021-09-28T20:15:58.927537089Z 889 6aFvQLW6dLaUEBZE7ErGzfIyhJhdH7zklNIT2V1CpfMuJ0r8DZvDvJ9Lz60u
2021-09-28T20:15:58.929793618Z 890 6fyoeqSWTp41HGnnjkeilFjNCkvwtdtlXyZlaG7e5XIsRnjIOVEGsubi7bFM
2021-09-28T20:15:58.933334104Z 891 o3plaJgp2EWiCYUuMrvvqQdzKFIVIQw93ELXbvqDfOxzotzFYusMYnJ1si9K
2021-09-28T20:15:58.935611085Z 892 XZJluh8PaCo0MUT5qOlyfGcWwTiQsw5OgoAQEXjaXV99ZN9oMoLIDySqy6DE
2021-09-28T20:15:58.937353520Z 893 NJtiqnLmMGQGjlvSs5ulBXDPtUh2qOmF36gUHz0F8ANPKwBJfZ6gMf5EDfnf
2021-09-28T20:15:58.940080821Z 894 4wi0ztPez475rL3KIBLDt6PMwpmK7995Jat4PHz2fIcflWuZMMbLgMVZeMms
2021-09-28T20:15:58.942931424Z 895 wsaIsT8d6kKLRUlPNTOQI9Y7QcX5ZI3DlhvsyyWDc3sB4PbqxPZerpvuroYk
2021-09-28T20:15:58.944532695Z 896 BIbmPwNHJi2hPzkAXnWPQGx8BAzKzNfzfnmKLz4cKJJOyYc82MR3a05uONn8
2021-09-28T20:15:58.946050070Z 897 er3L0ngPGWR6BdQazNkG7rpxXZ6iUxu7Ydo1XVx2ZwZMYqC0PEIQsjssD425
2021-09-28T20:15:58.948918460Z 898 wzsrRDbWOvSUngNXw6oGKia0BCOqhwgjLDMlU4jEXv6Zw8bODm6cwGbMC4Qh
2021-09-28T20:15:58.951111925Z 899 iWfUncqIq2ByxGl8TZVxzf6OADvW9OsgLcWgAYx6wGpZbRG9WKiEv1lAmwjF
2021-09-28T20:15:58.953881926Z 900 FPU3AvrmdnrbIammBYS0Io5zNBHSroSi7Zy2FjG8j68FT9JnILJSFhBGkskv
2021-09-28T20:15:58.955472828Z 901 GPBCPXAc0NvByrtdpoZHQIQN3MVjQJF0kE5F4gDPWhAX85dC9J8H6Naqq4Qq
2021-09-28T20:15:58.957133325Z 902 KB8UJNpWyfet0gXDYZvBTZ5xpy6OgQxlCSkhrmQlHUI0KPsITdNUAP23cbwz
2021-09-28T20:15:58.959079593Z 903 79fjdhHGNw5HOa5aoxmW3vKuWdUUGBcd0SA0ryicSLx4wVon4ufL68jCpPp9
2021-09-28T20:15:58.961765657Z 904 3iacDc1FTOil8sb5xOgt6Nn7KS4eb3PfcZYxoQlGbEnBwfrO5TMvARKPRc1m
2021-09-28T20:15:58.964116513Z 905 Yn6tOzrmCMyznNvCLhDZZCMxaCOeM7eAkUU4UNKE0DpLKDiSuyqKNiY3XTXw
2021-09-28T20:15:58.966983228Z 906 Rq9elJAKPgRg3W5b3AWrtFqM6mIZQ1BKPKZklvKa9KKoOzOCUfIZh1TLd5m4
2021-09-28T20:15:58.968959644Z 907 AwN7rKIlwnpd8LLkUeMYjGIE8stqOIzdEMLXntcfiTDQbC6EqVejStTnoqzL
2021-09-28T20:15:58.970395862Z 908 UHOv9Qx97dlhfCHvvI8iiwVr0ehPPTTk368R9yLXRmMfbRp2qoO9NURDkt5S
2021-09-28T20:15:58.973093712Z 909 BhdeuJU713kpxKA9Bt4p3rvQsHW1vg3wupDWvANxbPQDxl2K4tba3nOLtfgH
2021-09-28T20:15:58.975740086Z 910 iZizYO5jBh1nztDdWMmOBKIZdfrgLbnc1vlWLpCryPQIhn31Vjd6Zo5AURSp
2021-09-28T20:15:58.977296458Z 911 PXPsrLmQ4Td1CY67Jd1JpYyGwOr7Cs9PxMzJGcVYkGDAGa0BSXr6YhDXDVvM
2021-09-28T20:15:58.979886725Z 912 LBx7IoPP57oDywwbQTyCXeRPsEtKnJo6CIb8xitfahXJEqYCGqQBDMKVL5xV
2021-09-28T20:15:58.982155167Z 913 f6xnFyFbbYD08gh14ZqPWzGq5yg3DdtlTJXk4yjlRI4toJL8XaixVBqtotFx
2021-09-28T20:15:58.984940475Z 914 pv2aM0UZowbcJwbFFIZ3uJ0gQoMcrC9l5g64GNrHfVMfYPKOHNFBZbIdxcEB
2021-09-28T20:15:58.986212739Z 915 qX5VHeGzjvxB68FFZc59w2jUDTvAQOmQXW5xbkJLId3MwVla9iMoESe9ykCp
2021-09-28T20:15:58.988950600Z 916 WVsDhZq1aleMDhcgY9JbPwxfm7ltU0u3xK0lCLGAF8mOrCSmUpzr1UCSMQgp
2021-09-28T20:15:58.990235572Z 917 FMVEZWbOjaKnVVpXO1UPAjOn1dJqDhQeTJ0UJRWfaOjaClHNnMktUcseEAI5
2021-09-28T20:15:58.992764654Z 918 ruRJSC7kOaUtqTe1odgm8JnlQzf1nXa4cV347s2tdrGUZwhAlmJJ3Ldt81Ly
2021-09-28T20:15:58.994457865Z 919 QY8ClRIBKPiEuslOJJ9bGe9LsGvRc9UrSUHPeLjHD0GNoVGRIzGmpzkQM1jp
2021-09-28T20:15:58.996152659Z 920 9OzpMZOJjHOnHBOWdfBAu1uqQvQS0oKAGYO0OxZzxqEfGKamAzvPRzhQRBdA
2021-09-28T20:15:58.998860985Z 921 q4Dx9PomzcdveYI5qIUuS0WjL9mnPWzIbDmJt6ZtHdtRuXMj6qrJ9ysXWCtj
2021-09-28T20:15:59.001125753Z 922 eBJn4NqyWybZmkgl9xRXiPSqbgMqeLbNUWw3gaH6tPxwboc2EyNhwouI72If
2021-09-28T20:15:59.003734877Z 923 S9bZJkDaSEPavHgOYBDzIgvWTPTvHiJ1kXYVDN1qR3I63P0Xxfs7SLkhCdIf
2021-09-28T20:15:59.005487256Z 924 3JRsXQil9A3vr8rXOfv4ZlYIytuWXQG60aTIp9XZlOfQfRuqNToV3UqCTp78
2021-09-28T20:15:59.007266663Z 925 L7GonTO6PRm4I1D11yqfG2pRjf3ZjwPMzzcCRgtr56DTjOmwN6cZPqEiLQcV
2021-09-28T20:15:59.009919872Z 926 Hab6rSePAXTop3ALR7cC4DIQvusdnx08Zd3ikiHsa1P83pro2Q1A6oqxkOkt
2021-09-28T20:15:59.013047025Z 927 57i76NEpS8wTnohxkZ0NLDuyx6KcqcUgu9JDCo5xqiyNGzEsb5YpbX9JSqgg
2021-09-28T20:15:59.015793586Z 928 3uDHfNhZGF7IIhqsYPEFy35VeXSLtvDJ519vX1ghlbXdOsTXgc4vmk4ohonQ
2021-09-28T20:15:59.018221019Z 929 lmlJ1SFCxCBYgYxPa4Mya6lKu6ss6VpRFphFTjKj6T5kl82TjG3D6sfAf44x
2021-09-28T20:15:59.020450709Z 930 fmsmTSE8GRh54konxKnCjGB3tKWWQ7c0e4q0XMrLcfMcHM8XbZNUeCuF26c8
2021-09-28T20:15:59.022444204Z 931 7tYEZm2iKDEvgn7FcZvMyZcazyAe0KrpQfjfR37O10eJHHsqFiWb6qQ5hDBI
2021-09-28T20:15:59.024125972Z 932 cR0goGmiLZjF96fsn2UsV3DJi3pkH5lE0zghPmzp78pwyJMgK7ShsSN1O3yr
2021-09-28T20:15:59.027016360Z 933 ytWd2hTTvjD8GO00OR6EZneB0hEurMU7rz6MKtTWWFriGaglsKbZMmUQxItx
2021-09-28T20:15:59.029556087Z 934 6iEgHCFwAQET3O00FaPbcLSzno14FaDieifbqk9BBqJTgKHliYzs5VmMG8Al
2021-09-28T20:15:59.031045963Z 935 PoDsBuuV3UoTMopdmOVeqYvLgJO9mekDTOOMOXT3xieOwjiZXHV5u46sIAyU
2021-09-28T20:15:59.033641055Z 936 qIo6YklkiiM4MZ6WfMn9KSLtC5jjz0CPsjTdVq2WEv3383Sj1a6hVQ17ATDS
2021-09-28T20:15:59.035119043Z 937 a9JAcQoHCclEHVrbN9RHSYJjP8nUM3E7AYIW5x1RYEvbQAEpfWKUOV4GToZ3
2021-09-28T20:15:59.037959618Z 938 DvLL4BeN7LMyY8i3Q1b76fWJ8GQdYx5A2P1sYqd5zlQeDYxHQjIiqUImfFJw
2021-09-28T20:15:59.039275950Z 939 ayIQ5LqRfNLLCfJG5AZiE9WNqTMFh2rlYCX8dMwzRHN6RnVjU54Vg5AHTr9J
2021-09-28T20:15:59.041894978Z 940 ZzA0sIZKGkU4kP4AVIBu90beMo1VMDcItYbLGZ4n99I9S8WqLISdatOyPS1T
2021-09-28T20:15:59.043178006Z 941 BZXQKxOKz7pVkd8fNj2QZhGYyIZZrx5csKgq87eaMCInhHDb6uSvCNJzVZAp
2021-09-28T20:15:59.046111332Z 942 reWopY2xU5TXM32IM0IjL0JZlW4O1vRBoBilQcPP4fV9evDcBLUQ8zR8eafY
2021-09-28T20:15:59.048735410Z 943 p52pZVLj9x3nPELe34G7YbF0y2SLzPLp2Jt5oWvIGRt48Nbj2AdDn2p04Gzx
2021-09-28T20:15:59.051042289Z 944 OQ64anvmaPY5Gh2wsiE6QjSSV6CLKfKMUTPf20CkFZnyxRRzoDwNClbVlvwT
2021-09-28T20:15:59.053815388Z 945 RrEigfiZbinOFAhlvVvUrT5zauCYW1uno3eilTb81gjM7joKbULo5Ui7rkzz
2021-09-28T20:15:59.055277335Z 946 MkgPb2cEks8JDjaAbfzacjK1gH1rzusPvurAShHytMv5O51noxptij1YpLkh
2021-09-28T20:15:59.058128459Z 947 DLml6u1QL4vfHbcdyPxW3U0lVrwt4apNlooaVW2ws2PJkMfMshfPUQYwgZTx
2021-09-28T20:15:59.061032532Z 948 uV6revoVqrCiUUYPs6qDQlgBBCXFgSdO88TJT8figdB2SKGHTtHDU1BAcT6c
2021-09-28T20:15:59.063810430Z 949 eBdKLHQH2NdWz5Oby2WaHf9xhBTUC33wGlmQ7EwTUZZvVIvMgOhr7w3d8rKU
2021-09-28T20:15:59.065407930Z 950 Nn9fWssNhE95o1LshbAVKF3tLRCN9CZtyM40bILSQSMgi9y7lmGVIu0huFiA
2021-09-28T20:15:59.068085741Z 951 sabIscww4Brzu9wQASgIVadXp2eBtHXkRqIKk6ij6IWVfuhfA5qY515G72J0
2021-09-28T20:15:59.070780802Z 952 bZWBiQBdWYnhcxiVBIW1T8UY9ua6uDD6K1HVCwTxgtU9O1hvR7x33nGoJir7
2021-09-28T20:15:59.072491495Z 953 zUUpv9KR7IoBPfqvxUJc8NpmQj4Ky6uw5WiSni9nkTANTDSAyLRmyUWJLb7w
2021-09-28T20:15:59.075061639Z 954 nTZzdnpcugk7tmIdiAZr4TV7eK3LZOKWBsFfUQDdI4PD3283P7RxwwubXEWi
2021-09-28T20:15:59.077797027Z 955 Q6ul9mfq7tVtNjydvCDyivgP8dlasTX0m63jUrLHHy2rPPf5FcrnwRE3M8zx
2021-09-28T20:15:59.079217488Z 956 Ev8zghLzQSztqHnOhY69oK5spZtmMCDyigrcxP3wDYcdPF5eBN25oQZKk94S
2021-09-28T20:15:59.081892044Z 957 qsnZTHI9AoNZEr7JVUgLV84MFIuYt18mVb0RMyCy9WeV2cZjW7M2R7i6qoJp
2021-09-28T20:15:59.084700102Z 958 mEU3y95ds3x0bIP1GyLDIhFDZRxmi26xGaFKo2CIsrEbATozXL5ZC2YZH3kV
2021-09-28T20:15:59.086199692Z 959 XpEbmoTksDUFBDfHSXn3DRxBx6CrryTKezn1unvETLUK6KZQvyIcn4wXAbNc
2021-09-28T20:15:59.088762381Z 960 koTykfVSzKldHECwNeIkSIDSL5d199OvcJL3vunFVAH4zx5XGs6dsJPjYngJ
2021-09-28T20:15:59.090335895Z 961 aIA7RlsT3EmEn7r6iSBsFxgTqPPAKwEOyv0icKZEYkrPmp8iGutbRgDA5fef
2021-09-28T20:15:59.093029806Z 962 5DzMZnicBR98wal3K0Cs15IjLdnGF3jCFxCKYCWdHutSm442U0xdIewRJ7FL
2021-09-28T20:15:59.095165406Z 963 mE2hkvFTZKjibs4TxY90Z8V2X6ebmpOwu7gdo4IPnTVxQKczM1E5iULKjvcY
2021-09-28T20:15:59.097876738Z 964 YHW1aFPPrRhDwAYCsQPBPgfVGpt4N9OxWAqvYXgReWypbxGOn3RGyWI3PJ47
2021-09-28T20:15:59.099237360Z 965 Q112rBAY0M9GSFneBMeRnhMqiA5RS1Cz9UjHwEf7xd7DictJ3pAkguAQz1VP
2021-09-28T20:15:59.101999749Z 966 NDprE8C8TsXuhNRC5f823spFsCdV4BASdaM3vSzM1VmwcsOSNd5Ag5Br9JOw
2021-09-28T20:15:59.104916125Z 967 O0uTu8Wcwy3UjVFSEb2Y3LVOtBEByxTCa95ikL26CE1U4A9LmyG5GG6QT8fW
2021-09-28T20:15:59.106213215Z 968 wo5xtm0PTADtsDDZ1PS4R6oAZviaDeoK8zwQirj5SmmjYatdTG5d9pQVeyYb
2021-09-28T20:15:59.109119446Z 969 G2LLQx5DR6wAohAo2WfM2Fzfkthh98EFsJqDRjNeeBXSbbpap09MfFr1CFzF
2021-09-28T20:15:59.111784887Z 970 jHedcsccYk2kItKEQyoERdLBId1G9fJnRdijeyaKQqYJpiKoqQCHfdrDG3Ia
2021-09-28T20:15:59.114104386Z 971 4Xmm8a9Pd8ZyLoeWO403z3zpsf4hd9JVw54gZG4mq0rfJNFhixDJlTTPWkdi
2021-09-28T20:15:59.116822299Z 972 2fqnljKGO7q5pIi3syYvVSGgRkppz0kQNfogLbpLt0xIUA1nbXb1WTtTAi8J
2021-09-28T20:15:59.118184543Z 973 0kWOt6iZAOoCnFlNXvv3vzqCxdhfiGSvzq8gQMzMr3Jj1FAGtKjyTBsnpbWG
2021-09-28T20:15:59.120868425Z 974 nkrme5VcbZUPn43vt5OLy1TNZeYFCMOSUtM9x9swk8KoPjMjYKyRyXuGwwPE
2021-09-28T20:15:59.123089305Z 975 dRDxmCwqdZE79kaflgHESQzH3JGD13mELRRnK0dK6HvZ9GqiRjDA1UiAXERH
2021-09-28T20:15:59.125921716Z 976 mVVBUYBFe04DTtnMnYxAAtMwNg1naSi6uHoxs8BpPIw3U44hxxdwHLJVbMJq
2021-09-28T20:15:59.128111195Z 977 O7WRs6OOMg8Dbg6pgQpYezdSoN5NYNHq9E2L1Kj4Z0D47KQluNc2lrN2fHHE
2021-09-28T20:15:59.130311357Z 978 o089nKYewsAOO7eWRDirjFzbjRuWACVXUzd4KqlNvLrYdBxN3ZwZ3Iy4aErs
2021-09-28T20:15:59.132974591Z 979 NiIenuM0j8tymSU4XAEzzPIviXgMyf9g1yhlECweY7mhseDMOAXiDSKachoe
2021-09-28T20:15:59.135815844Z 980 JhPMLsWn6afwJUkiY47qEO0l3oMpEjq68aDC5nEpdOkXpWuNMTvQG34r5uoP
2021-09-28T20:15:59.138087217Z 981 jnjhUAHOUfbhQ8VirqgwbdhiHZpFbBpi6zQ6QOWG69JiLaxPP102UjGL7KIv
2021-09-28T20:15:59.140915180Z 982 Key0BsO4ZVdNpyo41NuJQanSfwO5fEvJ9CaQCwT9BD1I9Grt7RY1TpeFzus9
2021-09-28T20:15:59.142207008Z 983 Lw27YmnG8DTjlZaa1tModr9a2X0GiebKdfuFiUpG1Y9crRN2CmV0QqoPWOMP
2021-09-28T20:15:59.144944937Z 984 pfC62m2eWEUjmf2zYirVybr6K1FWqFDYc45oreTCft9eioDvVhtolRBnnKCQ
2021-09-28T20:15:59.146230561Z 985 584yocwi5jXcQLOtvVFQpVGtKp52QK72Tn1BzPWyJdNnuS1mccIvlobdMuZm
2021-09-28T20:15:59.149082961Z 986 oE6c59n8LHECSwiUyItqxEJkIoWkUP9XWFpoLxLtHUdct1WrgIIFeilrifBd
2021-09-28T20:15:59.151812814Z 987 DhK0qkLjndoyskwIJRbafN3LUEwP8bKawEcrMEuoJqhrUiINBvKDJ7jPB3AZ
2021-09-28T20:15:59.153347276Z 988 cQQ2ggEFjAOy8ivEcr90kZN93DN40haGsYhmvSAbaixBeJgyS5MLLdxDDz1i
2021-09-28T20:15:59.155756634Z 989 gPgpHR7hbMd5O0074iuKLrkeShgixop9XZuwIHuZM9kupmxXL5dZqGABqEru
2021-09-28T20:15:59.157338399Z 990 qbj5y5xNa2GfG8IW5F5W2VFtYT4VK8hHn91OmIjCPXjcBxSM4Hpob5FgcVDX
2021-09-28T20:15:59.160098393Z 991 mTP3VFQACWd7sdsPOgmXAht2EzVhpNc5oiyZprLSixVQz7MLJUHOmxdt6t1U
2021-09-28T20:15:59.162794210Z 992 eMlAUxVcmdzNGtUAvJmgVOiezZOwtZp0HoXa3SCp5vlud8sBvLDTuuDHHm0B
2021-09-28T20:15:59.164195180Z 993 m9FUl4GJtbCQaO4xvnDfO7c6mdV8m4V4UzwcTYFMWMa7vCsybYqjMqAXY2Jk
2021-09-28T20:15:59.167157032Z 994 oWFWv7SYXWVUCqxNzgmFxugCuge1o3Z9A7KIi0WL5YtfnClnmsnove7Wt8Mh
2021-09-28T20:15:59.169836351Z 995 5qKH1kPg2U1s8Y4ciGLFshUJmE0l9c36intJzjTkKTdj0GXb0Q3lGikBoI7z
2021-09-28T20:15:59.172263021Z 996 KCCFMaSTTNFtgo2CwFDIElK2yA7V9GQXXQ4o45DOAoidaGwYnCMBj2dsMmIE
2021-09-28T20:15:59.175051665Z 997 yvx4N5H2gvGZaAeFBPQq8iMERFZSQbmeij7oN7iCvYatvZyGpk4XRYsiz7L3
2021-09-28T20:15:59.177604293Z 998 t2aFoTPwQCucFsCPp4QuYRKU2inYQCH2tL40a2NROmnd2dJSFcbDBAXYrnii
2021-09-28T20:15:59.179476757Z 999 A0ODrlpLgHZLm4U12MU9PM46en6uydN2wmuDjuNbPSLe3dVW38Tq3EBpSAUM
