20:15:55.318698136
20:15:57.326270232
CONTAINER ID   NAME                                              CPU %     MEM USAGE / LIMIT     MEM %     NET I/O         BLOCK I/O        PIDS
e41ad80d4a41   msg_10000_twin.1.spqd7c01vr3y7bv1qwwfdcujn        23.36%    2.102MiB / 3.852GiB   0.05%     166kB / 164kB   0B / 0B          6
58ee99394322   msg_10000_client.1.qmf1bcp40pqby6ghuyf7j1fxn      0.00%     1.094MiB / 3.852GiB   0.03%     698B / 0B       0B / 0B          4
16e01f7f58be   msg_10000_scylla-db.1.lncun10tm7w0jl9vg4dlm3vd9   32.86%    159.9MiB / 3.852GiB   4.05%     168kB / 133kB   7.63MB / 205MB   35
20:15:59.333116978
CONTAINER ID   NAME                                              CPU %     MEM USAGE / LIMIT     MEM %     NET I/O          BLOCK I/O        PIDS
e41ad80d4a41   msg_10000_twin.1.spqd7c01vr3y7bv1qwwfdcujn        41.68%    2.199MiB / 3.852GiB   0.06%     746kB / 764kB    0B / 0B          6
58ee99394322   msg_10000_client.1.qmf1bcp40pqby6ghuyf7j1fxn      11.61%    1.578MiB / 3.852GiB   0.04%     65.9kB / 138kB   0B / 0B          5
16e01f7f58be   msg_10000_scylla-db.1.lncun10tm7w0jl9vg4dlm3vd9   58.64%    161.9MiB / 3.852GiB   4.11%     765kB / 612kB    7.63MB / 206MB   35
CONTAINER ID   NAME                                              CPU %     MEM USAGE / LIMIT     MEM %     NET I/O           BLOCK I/O        PIDS
e41ad80d4a41   msg_10000_twin.1.spqd7c01vr3y7bv1qwwfdcujn        48.66%    2.215MiB / 3.852GiB   0.06%     1.05MB / 1.15MB   0B / 0B          6
58ee99394322   msg_10000_client.1.qmf1bcp40pqby6ghuyf7j1fxn      0.00%     1.578MiB / 3.852GiB   0.04%     65.9kB / 138kB    0B / 0B          5
16e01f7f58be   msg_10000_scylla-db.1.lncun10tm7w0jl9vg4dlm3vd9   70.08%    166MiB / 3.852GiB     4.21%     1.14MB / 916kB    7.67MB / 207MB   35
20:16:01.340098023
CONTAINER ID   NAME                                              CPU %     MEM USAGE / LIMIT     MEM %     NET I/O          BLOCK I/O        PIDS
e41ad80d4a41   msg_10000_twin.1.spqd7c01vr3y7bv1qwwfdcujn        48.50%    2.227MiB / 3.852GiB   0.06%     1.66MB / 1.9MB   0B / 0B          6
58ee99394322   msg_10000_client.1.qmf1bcp40pqby6ghuyf7j1fxn      0.00%     1.578MiB / 3.852GiB   0.04%     66kB / 138kB     0B / 0B          5
16e01f7f58be   msg_10000_scylla-db.1.lncun10tm7w0jl9vg4dlm3vd9   73.79%    170MiB / 3.852GiB     4.31%     1.9MB / 1.53MB   7.84MB / 209MB   35
20:16:03.353585635
CONTAINER ID   NAME                                              CPU %     MEM USAGE / LIMIT     MEM %     NET I/O           BLOCK I/O        PIDS
e41ad80d4a41   msg_10000_twin.1.spqd7c01vr3y7bv1qwwfdcujn        47.99%    2.266MiB / 3.852GiB   0.06%     2.26MB / 2.66MB   0B / 0B          6
58ee99394322   msg_10000_client.1.qmf1bcp40pqby6ghuyf7j1fxn      0.00%     1.578MiB / 3.852GiB   0.04%     66kB / 138kB      0B / 0B          5
16e01f7f58be   msg_10000_scylla-db.1.lncun10tm7w0jl9vg4dlm3vd9   72.53%    174MiB / 3.852GiB     4.41%     2.66MB / 2.13MB   7.95MB / 211MB   35
20:16:05.360364973
CONTAINER ID   NAME                                              CPU %     MEM USAGE / LIMIT     MEM %     NET I/O           BLOCK I/O       PIDS
e41ad80d4a41   msg_10000_twin.1.spqd7c01vr3y7bv1qwwfdcujn        47.06%    2.27MiB / 3.852GiB    0.06%     2.87MB / 3.41MB   0B / 0B         6
58ee99394322   msg_10000_client.1.qmf1bcp40pqby6ghuyf7j1fxn      0.00%     1.578MiB / 3.852GiB   0.04%     66kB / 138kB      0B / 0B         5
16e01f7f58be   msg_10000_scylla-db.1.lncun10tm7w0jl9vg4dlm3vd9   70.29%    178MiB / 3.852GiB     4.51%     3.41MB / 2.74MB   8.1MB / 213MB   35
20:16:07.367220773
CONTAINER ID   NAME                                              CPU %     MEM USAGE / LIMIT     MEM %     NET I/O           BLOCK I/O        PIDS
e41ad80d4a41   msg_10000_twin.1.spqd7c01vr3y7bv1qwwfdcujn        49.29%    2.242MiB / 3.852GiB   0.06%     3.47MB / 4.17MB   0B / 0B          6
58ee99394322   msg_10000_client.1.qmf1bcp40pqby6ghuyf7j1fxn      0.00%     1.578MiB / 3.852GiB   0.04%     66kB / 138kB      0B / 0B          4
16e01f7f58be   msg_10000_scylla-db.1.lncun10tm7w0jl9vg4dlm3vd9   75.50%    182MiB / 3.852GiB     4.62%     4.17MB / 3.34MB   8.24MB / 215MB   35
20:16:09.373937593
CONTAINER ID   NAME                                              CPU %     MEM USAGE / LIMIT     MEM %     NET I/O           BLOCK I/O        PIDS
e41ad80d4a41   msg_10000_twin.1.spqd7c01vr3y7bv1qwwfdcujn        39.86%    2.203MiB / 3.852GiB   0.06%     4.02MB / 4.85MB   0B / 0B          3
58ee99394322   msg_10000_client.1.qmf1bcp40pqby6ghuyf7j1fxn      0.00%     1.578MiB / 3.852GiB   0.04%     66kB / 138kB      0B / 0B          4
16e01f7f58be   msg_10000_scylla-db.1.lncun10tm7w0jl9vg4dlm3vd9   62.78%    186.1MiB / 3.852GiB   4.72%     4.85MB / 3.89MB   8.39MB / 217MB   35
20:16:11.383231262
CONTAINER ID   NAME                                              CPU %     MEM USAGE / LIMIT     MEM %     NET I/O           BLOCK I/O        PIDS
e41ad80d4a41   msg_10000_twin.1.spqd7c01vr3y7bv1qwwfdcujn        0.00%     2.125MiB / 3.852GiB   0.05%     4.02MB / 4.85MB   0B / 0B          3
58ee99394322   msg_10000_client.1.qmf1bcp40pqby6ghuyf7j1fxn      0.00%     1.578MiB / 3.852GiB   0.04%     66kB / 138kB      0B / 0B          4
16e01f7f58be   msg_10000_scylla-db.1.lncun10tm7w0jl9vg4dlm3vd9   5.66%     186.1MiB / 3.852GiB   4.72%     4.85MB / 3.89MB   8.62MB / 217MB   35
20:16:13.396281011
CONTAINER ID   NAME                                              CPU %     MEM USAGE / LIMIT     MEM %     NET I/O           BLOCK I/O        PIDS
e41ad80d4a41   msg_10000_twin.1.spqd7c01vr3y7bv1qwwfdcujn        0.00%     2.094MiB / 3.852GiB   0.05%     4.02MB / 4.85MB   0B / 0B          3
58ee99394322   msg_10000_client.1.qmf1bcp40pqby6ghuyf7j1fxn      0.00%     1.578MiB / 3.852GiB   0.04%     66kB / 138kB      0B / 0B          4
16e01f7f58be   msg_10000_scylla-db.1.lncun10tm7w0jl9vg4dlm3vd9   2.49%     186.1MiB / 3.852GiB   4.72%     4.85MB / 3.89MB   8.62MB / 217MB   35
20:16:15.407653588
CONTAINER ID   NAME                                              CPU %     MEM USAGE / LIMIT     MEM %     NET I/O           BLOCK I/O        PIDS
e41ad80d4a41   msg_10000_twin.1.spqd7c01vr3y7bv1qwwfdcujn        0.00%     2.094MiB / 3.852GiB   0.05%     4.02MB / 4.85MB   0B / 0B          3
58ee99394322   msg_10000_client.1.qmf1bcp40pqby6ghuyf7j1fxn      0.00%     1.578MiB / 3.852GiB   0.04%     66kB / 138kB      0B / 0B          4
16e01f7f58be   msg_10000_scylla-db.1.lncun10tm7w0jl9vg4dlm3vd9   2.28%     186.1MiB / 3.852GiB   4.72%     4.85MB / 3.89MB   8.62MB / 217MB   35
20:16:17.420566355
CONTAINER ID   NAME                                              CPU %     MEM USAGE / LIMIT     MEM %     NET I/O           BLOCK I/O        PIDS
e41ad80d4a41   msg_10000_twin.1.spqd7c01vr3y7bv1qwwfdcujn        0.00%     2.094MiB / 3.852GiB   0.05%     4.02MB / 4.85MB   0B / 0B          3
58ee99394322   msg_10000_client.1.qmf1bcp40pqby6ghuyf7j1fxn      0.00%     1.578MiB / 3.852GiB   0.04%     66kB / 138kB      0B / 0B          4
16e01f7f58be   msg_10000_scylla-db.1.lncun10tm7w0jl9vg4dlm3vd9   2.33%     186.1MiB / 3.852GiB   4.72%     4.85MB / 3.89MB   8.62MB / 217MB   35
20:16:19.432849474
CONTAINER ID   NAME                                              CPU %     MEM USAGE / LIMIT     MEM %     NET I/O           BLOCK I/O        PIDS
e41ad80d4a41   msg_10000_twin.1.spqd7c01vr3y7bv1qwwfdcujn        0.00%     2.094MiB / 3.852GiB   0.05%     4.02MB / 4.85MB   0B / 0B          3
58ee99394322   msg_10000_client.1.qmf1bcp40pqby6ghuyf7j1fxn      0.00%     1.578MiB / 3.852GiB   0.04%     66kB / 138kB      0B / 0B          4
16e01f7f58be   msg_10000_scylla-db.1.lncun10tm7w0jl9vg4dlm3vd9   2.72%     186.1MiB / 3.852GiB   4.72%     4.85MB / 3.89MB   8.62MB / 217MB   35
20:16:21.445257287
CONTAINER ID   NAME                                              CPU %     MEM USAGE / LIMIT     MEM %     NET I/O           BLOCK I/O        PIDS
e41ad80d4a41   msg_10000_twin.1.spqd7c01vr3y7bv1qwwfdcujn        0.00%     2.094MiB / 3.852GiB   0.05%     4.02MB / 4.85MB   0B / 0B          3
58ee99394322   msg_10000_client.1.qmf1bcp40pqby6ghuyf7j1fxn      0.00%     1.578MiB / 3.852GiB   0.04%     66kB / 138kB      0B / 0B          4
16e01f7f58be   msg_10000_scylla-db.1.lncun10tm7w0jl9vg4dlm3vd9   3.29%     186.1MiB / 3.852GiB   4.72%     4.85MB / 3.89MB   8.62MB / 217MB   35
20:16:23.457751080
CONTAINER ID   NAME                                              CPU %     MEM USAGE / LIMIT     MEM %     NET I/O           BLOCK I/O        PIDS
e41ad80d4a41   msg_10000_twin.1.spqd7c01vr3y7bv1qwwfdcujn        0.00%     2.094MiB / 3.852GiB   0.05%     4.02MB / 4.85MB   0B / 0B          3
58ee99394322   msg_10000_client.1.qmf1bcp40pqby6ghuyf7j1fxn      0.00%     1.578MiB / 3.852GiB   0.04%     66kB / 138kB      0B / 0B          4
16e01f7f58be   msg_10000_scylla-db.1.lncun10tm7w0jl9vg4dlm3vd9   2.49%     186.1MiB / 3.852GiB   4.72%     4.85MB / 3.89MB   8.62MB / 217MB   35
20:16:25.470261640
CONTAINER ID   NAME                                              CPU %     MEM USAGE / LIMIT     MEM %     NET I/O           BLOCK I/O        PIDS
e41ad80d4a41   msg_10000_twin.1.spqd7c01vr3y7bv1qwwfdcujn        0.00%     2.094MiB / 3.852GiB   0.05%     4.02MB / 4.85MB   0B / 0B          3
58ee99394322   msg_10000_client.1.qmf1bcp40pqby6ghuyf7j1fxn      0.13%     1.578MiB / 3.852GiB   0.04%     66.2kB / 138kB    0B / 0B          4
16e01f7f58be   msg_10000_scylla-db.1.lncun10tm7w0jl9vg4dlm3vd9   2.14%     186.1MiB / 3.852GiB   4.72%     4.85MB / 3.89MB   8.62MB / 217MB   35
20:16:27.482335064
CONTAINER ID   NAME                                              CPU %     MEM USAGE / LIMIT     MEM %     NET I/O           BLOCK I/O        PIDS
e41ad80d4a41   msg_10000_twin.1.spqd7c01vr3y7bv1qwwfdcujn        0.00%     2.094MiB / 3.852GiB   0.05%     4.02MB / 4.85MB   0B / 0B          3
58ee99394322   msg_10000_client.1.qmf1bcp40pqby6ghuyf7j1fxn      0.00%     1.578MiB / 3.852GiB   0.04%     66.2kB / 138kB    0B / 0B          4
16e01f7f58be   msg_10000_scylla-db.1.lncun10tm7w0jl9vg4dlm3vd9   2.44%     186.1MiB / 3.852GiB   4.72%     4.85MB / 3.89MB   8.62MB / 217MB   35
20:16:29.495520220
20:16:31.504812750
CONTAINER ID   NAME                                              CPU %     MEM USAGE / LIMIT     MEM %     NET I/O           BLOCK I/O        PIDS
e41ad80d4a41   msg_10000_twin.1.spqd7c01vr3y7bv1qwwfdcujn        0.00%     2.094MiB / 3.852GiB   0.05%     4.02MB / 4.85MB   0B / 0B          3
58ee99394322   msg_10000_client.1.qmf1bcp40pqby6ghuyf7j1fxn      0.00%     1.578MiB / 3.852GiB   0.04%     66.2kB / 138kB    0B / 0B          4
16e01f7f58be   msg_10000_scylla-db.1.lncun10tm7w0jl9vg4dlm3vd9   2.60%     186.1MiB / 3.852GiB   4.72%     4.85MB / 3.89MB   8.62MB / 217MB   35
20:16:33.514590603
CONTAINER ID   NAME                                              CPU %     MEM USAGE / LIMIT     MEM %     NET I/O           BLOCK I/O        PIDS
e41ad80d4a41   msg_10000_twin.1.spqd7c01vr3y7bv1qwwfdcujn        0.00%     2.094MiB / 3.852GiB   0.05%     4.02MB / 4.85MB   0B / 0B          3
58ee99394322   msg_10000_client.1.qmf1bcp40pqby6ghuyf7j1fxn      0.00%     1.578MiB / 3.852GiB   0.04%     66.2kB / 138kB    0B / 0B          4
16e01f7f58be   msg_10000_scylla-db.1.lncun10tm7w0jl9vg4dlm3vd9   3.30%     186.1MiB / 3.852GiB   4.72%     4.85MB / 3.89MB   8.62MB / 217MB   35
20:16:35.524391968
CONTAINER ID   NAME                                              CPU %     MEM USAGE / LIMIT     MEM %     NET I/O           BLOCK I/O        PIDS
e41ad80d4a41   msg_10000_twin.1.spqd7c01vr3y7bv1qwwfdcujn        0.00%     2.094MiB / 3.852GiB   0.05%     4.02MB / 4.85MB   0B / 0B          3
58ee99394322   msg_10000_client.1.qmf1bcp40pqby6ghuyf7j1fxn      0.00%     1.578MiB / 3.852GiB   0.04%     66.2kB / 138kB    0B / 0B          4
16e01f7f58be   msg_10000_scylla-db.1.lncun10tm7w0jl9vg4dlm3vd9   2.52%     186.1MiB / 3.852GiB   4.72%     4.85MB / 3.89MB   8.62MB / 217MB   35
CONTAINER ID   NAME                                              CPU %     MEM USAGE / LIMIT     MEM %     NET I/O           BLOCK I/O        PIDS
e41ad80d4a41   msg_10000_twin.1.spqd7c01vr3y7bv1qwwfdcujn        0.00%     2.094MiB / 3.852GiB   0.05%     4.02MB / 4.85MB   0B / 0B          3
58ee99394322   msg_10000_client.1.qmf1bcp40pqby6ghuyf7j1fxn      0.00%     1.578MiB / 3.852GiB   0.04%     66.2kB / 138kB    0B / 0B          4
16e01f7f58be   msg_10000_scylla-db.1.lncun10tm7w0jl9vg4dlm3vd9   1.90%     186.1MiB / 3.852GiB   4.72%     4.85MB / 3.89MB   8.62MB / 217MB   35
