2021-09-28T20:18:56.180139547Z  running: (['/opt/scylladb/scripts/scylla_dev_mode_setup', '--developer-mode', '1'],)
2021-09-28T20:18:56.762634146Z  running: (['/opt/scylladb/scripts/scylla_io_setup'],)
2021-09-28T20:18:57.177265140Z  2021-09-28 20:18:57,173 CRIT Supervisor is running as root.  Privileges were not dropped because no user is specified in the config file.  If you intend to run as root, you can set user=root in the config file to avoid this message.
2021-09-28T20:18:57.177306359Z  2021-09-28 20:18:57,174 INFO Included extra file "/etc/supervisord.conf.d/node-exporter.conf" during parsing
2021-09-28T20:18:57.177318063Z  2021-09-28 20:18:57,174 INFO Included extra file "/etc/supervisord.conf.d/rsyslog.conf" during parsing
2021-09-28T20:18:57.177327943Z  2021-09-28 20:18:57,174 INFO Included extra file "/etc/supervisord.conf.d/scylla-housekeeping.conf" during parsing
2021-09-28T20:18:57.177337863Z  2021-09-28 20:18:57,174 INFO Included extra file "/etc/supervisord.conf.d/scylla-jmx.conf" during parsing
2021-09-28T20:18:57.177347531Z  2021-09-28 20:18:57,174 INFO Included extra file "/etc/supervisord.conf.d/scylla-server.conf" during parsing
2021-09-28T20:18:57.177357334Z  2021-09-28 20:18:57,174 INFO Included extra file "/etc/supervisord.conf.d/sshd-server.conf" during parsing
2021-09-28T20:18:57.210163080Z  2021-09-28 20:18:57,209 INFO RPC interface 'supervisor' initialized
2021-09-28T20:18:57.210306994Z  2021-09-28 20:18:57,210 CRIT Server 'inet_http_server' running without any HTTP authentication checking
2021-09-28T20:18:57.210630845Z  2021-09-28 20:18:57,210 INFO supervisord started with pid 27
2021-09-28T20:18:58.221346313Z  2021-09-28 20:18:58,214 INFO spawned: 'scylla' with pid 30
2021-09-28T20:18:58.221409132Z  2021-09-28 20:18:58,216 INFO spawned: 'scylla-housekeeping' with pid 31
2021-09-28T20:18:58.221423490Z  2021-09-28 20:18:58,219 INFO spawned: 'sshd' with pid 32
2021-09-28T20:18:58.223805615Z  2021-09-28 20:18:58,223 INFO spawned: 'scylla-jmx' with pid 33
2021-09-28T20:18:58.232280857Z  2021-09-28 20:18:58,231 INFO spawned: 'rsyslog' with pid 34
2021-09-28T20:18:58.240417345Z  2021-09-28 20:18:58,239 INFO spawned: 'node-exporter' with pid 36
2021-09-28T20:18:58.274192006Z  time="2021-09-28T20:18:58Z" level=info msg="Starting node_exporter (version=0.17.0, branch=HEAD, revision=f6f6194a436b9a63d0439abc585c76b19a206b21)" source="node_exporter.go:82"
2021-09-28T20:18:58.274872766Z  time="2021-09-28T20:18:58Z" level=info msg="Build context (go=go1.11.2, user=root@322511e06ced, date=20181130-15:51:33)" source="node_exporter.go:83"
2021-09-28T20:18:58.276312733Z  time="2021-09-28T20:18:58Z" level=info msg="Enabled collectors:" source="node_exporter.go:90"
2021-09-28T20:18:58.277210338Z  time="2021-09-28T20:18:58Z" level=info msg=" - arp" source="node_exporter.go:97"
2021-09-28T20:18:58.277721502Z  time="2021-09-28T20:18:58Z" level=info msg=" - bcache" source="node_exporter.go:97"
2021-09-28T20:18:58.278229617Z  time="2021-09-28T20:18:58Z" level=info msg=" - bonding" source="node_exporter.go:97"
2021-09-28T20:18:58.278734875Z  time="2021-09-28T20:18:58Z" level=info msg=" - conntrack" source="node_exporter.go:97"
2021-09-28T20:18:58.279298342Z  time="2021-09-28T20:18:58Z" level=info msg=" - cpu" source="node_exporter.go:97"
2021-09-28T20:18:58.279805044Z  time="2021-09-28T20:18:58Z" level=info msg=" - diskstats" source="node_exporter.go:97"
2021-09-28T20:18:58.280302121Z  time="2021-09-28T20:18:58Z" level=info msg=" - edac" source="node_exporter.go:97"
2021-09-28T20:18:58.280794262Z  time="2021-09-28T20:18:58Z" level=info msg=" - entropy" source="node_exporter.go:97"
2021-09-28T20:18:58.281356063Z  time="2021-09-28T20:18:58Z" level=info msg=" - filefd" source="node_exporter.go:97"
2021-09-28T20:18:58.281850717Z  time="2021-09-28T20:18:58Z" level=info msg=" - filesystem" source="node_exporter.go:97"
2021-09-28T20:18:58.282343469Z  time="2021-09-28T20:18:58Z" level=info msg=" - hwmon" source="node_exporter.go:97"
2021-09-28T20:18:58.282889825Z  time="2021-09-28T20:18:58Z" level=info msg=" - infiniband" source="node_exporter.go:97"
2021-09-28T20:18:58.283443597Z  time="2021-09-28T20:18:58Z" level=info msg=" - interrupts" source="node_exporter.go:97"
2021-09-28T20:18:58.284013392Z  time="2021-09-28T20:18:58Z" level=info msg=" - ipvs" source="node_exporter.go:97"
2021-09-28T20:18:58.284615523Z  time="2021-09-28T20:18:58Z" level=info msg=" - loadavg" source="node_exporter.go:97"
2021-09-28T20:18:58.284634388Z  time="2021-09-28T20:18:58Z" level=info msg=" - mdadm" source="node_exporter.go:97"
2021-09-28T20:18:58.285276961Z  time="2021-09-28T20:18:58Z" level=info msg=" - meminfo" source="node_exporter.go:97"
2021-09-28T20:18:58.285296965Z  time="2021-09-28T20:18:58Z" level=info msg=" - netclass" source="node_exporter.go:97"
2021-09-28T20:18:58.285895844Z  time="2021-09-28T20:18:58Z" level=info msg=" - netdev" source="node_exporter.go:97"
2021-09-28T20:18:58.286477127Z  time="2021-09-28T20:18:58Z" level=info msg=" - netstat" source="node_exporter.go:97"
2021-09-28T20:18:58.287217557Z  time="2021-09-28T20:18:58Z" level=info msg=" - nfs" source="node_exporter.go:97"
2021-09-28T20:18:58.287236455Z  time="2021-09-28T20:18:58Z" level=info msg=" - nfsd" source="node_exporter.go:97"
2021-09-28T20:18:58.287912956Z  time="2021-09-28T20:18:58Z" level=info msg=" - sockstat" source="node_exporter.go:97"
2021-09-28T20:18:58.287933190Z  time="2021-09-28T20:18:58Z" level=info msg=" - stat" source="node_exporter.go:97"
2021-09-28T20:18:58.287944513Z  time="2021-09-28T20:18:58Z" level=info msg=" - textfile" source="node_exporter.go:97"
2021-09-28T20:18:58.287955232Z  time="2021-09-28T20:18:58Z" level=info msg=" - time" source="node_exporter.go:97"
2021-09-28T20:18:58.287976184Z  time="2021-09-28T20:18:58Z" level=info msg=" - timex" source="node_exporter.go:97"
2021-09-28T20:18:58.287986157Z  time="2021-09-28T20:18:58Z" level=info msg=" - uname" source="node_exporter.go:97"
2021-09-28T20:18:58.288679292Z  time="2021-09-28T20:18:58Z" level=info msg=" - vmstat" source="node_exporter.go:97"
2021-09-28T20:18:58.288709207Z  time="2021-09-28T20:18:58Z" level=info msg=" - xfs" source="node_exporter.go:97"
2021-09-28T20:18:58.288720813Z  time="2021-09-28T20:18:58Z" level=info msg=" - zfs" source="node_exporter.go:97"
2021-09-28T20:18:58.288731092Z  time="2021-09-28T20:18:58Z" level=info msg="Listening on :9100" source="node_exporter.go:111"
2021-09-28T20:18:58.293684134Z  Generating public/private ed25519 key pair.
2021-09-28T20:18:58.293711883Z  Your identification has been saved in /etc/ssh/ssh_host_ed25519_key.
2021-09-28T20:18:58.293722901Z  Your public key has been saved in /etc/ssh/ssh_host_ed25519_key.pub.
2021-09-28T20:18:58.293732757Z  The key fingerprint is:
2021-09-28T20:18:58.293742285Z  SHA256:8j7XOcClcaYX1VFn2WDrAWJGvioALxsfpNTtRDJhWfE root@085c4f2694f4
2021-09-28T20:18:58.293751666Z  The key's randomart image is:
2021-09-28T20:18:58.293760944Z  +--[ED25519 256]--+
2021-09-28T20:18:58.293781223Z  |    =++. .= . o+O|
2021-09-28T20:18:58.293790711Z  |   o.= . + . o.++|
2021-09-28T20:18:58.293800188Z  |  o o o E .  .o  |
2021-09-28T20:18:58.293809828Z  | . = o    ..=. . |
2021-09-28T20:18:58.293819300Z  |  + + o S..B ..  |
2021-09-28T20:18:58.293828926Z  |   = o o .= .    |
2021-09-28T20:18:58.293838328Z  |  . . . o  + .   |
2021-09-28T20:18:58.293847725Z  |       o. . +    |
2021-09-28T20:18:58.293857166Z  |        .o   .   |
2021-09-28T20:18:58.293866943Z  +----[SHA256]-----+
2021-09-28T20:18:58.972694528Z  Scylla version 4.4.4-0.20210801.69daa9fd0 with build-id eb11cddd30e88ef39c32c847e70181b5cf786355 starting ...
2021-09-28T20:18:58.973193849Z  command used: "/usr/bin/scylla --log-to-syslog 0 --log-to-stdout 1 --default-log-level info --network-stack posix --developer-mode=1 --overprovisioned --listen-address 10.0.16.6 --rpc-address 10.0.16.6 --seed-provider-parameters seeds=10.0.16.6 --blocked-reactor-notify-ms 999999999"
2021-09-28T20:18:58.973612975Z  parsed command line options: [log-to-syslog: 0, log-to-stdout: 1, default-log-level: info, network-stack: posix, developer-mode: 1, overprovisioned, listen-address: 10.0.16.6, rpc-address: 10.0.16.6, seed-provider-parameters: seeds=10.0.16.6, blocked-reactor-notify-ms: 999999999]
2021-09-28T20:18:59.006506674Z  WARN  2021-09-28 20:18:59,005 [shard 0] seastar - Unable to set SCHED_FIFO scheduling policy for timer thread; latency impact possible. Try adding CAP_SYS_NICE
2021-09-28T20:18:59.031802734Z  INFO  2021-09-28 20:18:59,031 [shard 0] init - installing SIGHUP handler
2021-09-28T20:18:59.038165519Z  INFO  2021-09-28 20:18:59,035 [shard 0] init - Scylla version 4.4.4-0.20210801.69daa9fd0 with build-id eb11cddd30e88ef39c32c847e70181b5cf786355 starting ...
2021-09-28T20:18:59.038218095Z  
2021-09-28T20:18:59.039405694Z  INFO  2021-09-28 20:18:59,039 [shard 0] init - starting prometheus API server
2021-09-28T20:18:59.042610942Z  INFO  2021-09-28 20:18:59,042 [shard 0] init - starting tokens manager
2021-09-28T20:18:59.043179999Z  INFO  2021-09-28 20:18:59,042 [shard 0] init - starting migration manager notifier
2021-09-28T20:18:59.043843642Z  INFO  2021-09-28 20:18:59,043 [shard 0] init - creating tracing
2021-09-28T20:18:59.044484093Z  INFO  2021-09-28 20:18:59,044 [shard 0] init - creating snitch
2021-09-28T20:18:59.045289449Z  INFO  2021-09-28 20:18:59,044 [shard 0] init - determining DNS name
2021-09-28T20:18:59.045311761Z  INFO  2021-09-28 20:18:59,045 [shard 0] init - starting API server
2021-09-28T20:18:59.046254640Z  INFO  2021-09-28 20:18:59,045 [shard 0] init - Scylla API server listening on 127.0.0.1:10000 ...
2021-09-28T20:18:59.049970336Z  INFO  2021-09-28 20:18:59,049 [shard 0] init - initializing storage service
2021-09-28T20:18:59.050870327Z  INFO  2021-09-28 20:18:59,050 [shard 0] init - starting per-shard database core
2021-09-28T20:18:59.056093604Z  WARN  2021-09-28 20:18:59,055 [shard 0] init - I/O Scheduler is not properly configured! This is a non-supported setup, and performance is expected to be unpredictably bad.
2021-09-28T20:18:59.056143773Z   Reason found: none of --max-io-requests, --io-properties and --io-properties-file are set.
2021-09-28T20:18:59.056155755Z  To properly configure the I/O Scheduler, run the scylla_io_setup utility shipped with Scylla.
2021-09-28T20:18:59.056166235Z  
2021-09-28T20:18:59.056682971Z  INFO  2021-09-28 20:18:59,056 [shard 0] init - creating and verifying directories
2021-09-28T20:18:59.783045723Z  Connecting to http://localhost:100002021-09-28 20:18:59,782 INFO success: scylla entered RUNNING state, process has stayed up for > than 1 seconds (startsecs)
2021-09-28T20:18:59.783288932Z  2021-09-28 20:18:59,783 INFO success: scylla-housekeeping entered RUNNING state, process has stayed up for > than 1 seconds (startsecs)
2021-09-28T20:18:59.787647298Z  2021-09-28 20:18:59,783 INFO success: sshd entered RUNNING state, process has stayed up for > than 1 seconds (startsecs)
2021-09-28T20:18:59.787931461Z  2021-09-28 20:18:59,787 INFO success: scylla-jmx entered RUNNING state, process has stayed up for > than 1 seconds (startsecs)
2021-09-28T20:18:59.788224527Z  2021-09-28 20:18:59,787 INFO success: rsyslog entered RUNNING state, process has stayed up for > than 1 seconds (startsecs)
2021-09-28T20:18:59.788477104Z  2021-09-28 20:18:59,788 INFO success: node-exporter entered RUNNING state, process has stayed up for > than 1 seconds (startsecs)
2021-09-28T20:18:59.789315277Z  
2021-09-28T20:18:59.789336764Z  Starting the JMX server
2021-09-28T20:19:00.016080811Z  INFO  2021-09-28 20:19:00,015 [shard 0] database - Populating Keyspace system_schema
2021-09-28T20:19:00.016121651Z  INFO  2021-09-28 20:19:00,015 [shard 0] database - Keyspace system_schema: Reading CF view_virtual_columns id=08843b63-45dc-3be2-9798-a0418295cfaa version=c777531c-15f7-326f-8ebe-39fd0265c8c9
2021-09-28T20:19:00.016134004Z  INFO  2021-09-28 20:19:00,015 [shard 0] database - Keyspace system_schema: Reading CF computed_columns id=cc7c7069-3740-33c1-92a4-c3de78dbd2c4 version=2b8c4439-de76-31e0-807f-3b7290a975d7
2021-09-28T20:19:00.016144932Z  INFO  2021-09-28 20:19:00,015 [shard 0] database - Keyspace system_schema: Reading CF aggregates id=924c5587-2e3a-345b-b10c-12f37c1ba895 version=4b53e92c-0368-3d5c-b959-2ec1bfd1a59f
2021-09-28T20:19:00.016172664Z  INFO  2021-09-28 20:19:00,015 [shard 0] database - Keyspace system_schema: Reading CF functions id=96489b79-80be-3e14-a701-66a0b9159450 version=329ed804-55b3-3eee-ad61-d85317b96097
2021-09-28T20:19:00.016587782Z  INFO  2021-09-28 20:19:00,015 [shard 0] database - Keyspace system_schema: Reading CF views id=9786ac1c-dd58-3201-a7cd-ad556410c985 version=5b58bb47-96e7-3f57-accf-0bfca4dbbc6e
2021-09-28T20:19:00.016612683Z  INFO  2021-09-28 20:19:00,015 [shard 0] database - Keyspace system_schema: Reading CF indexes id=0feb57ac-311f-382f-ba6d-9024d305702f version=99c40462-8687-304e-abe3-2bdbef1f25aa
2021-09-28T20:19:00.016625269Z  INFO  2021-09-28 20:19:00,015 [shard 0] database - Keyspace system_schema: Reading CF types id=5a8b1ca8-6602-3f77-a045-9273d308917a version=de51b2ce-5e4d-3b7d-a75f-2204332ce8d1
2021-09-28T20:19:00.016636009Z  INFO  2021-09-28 20:19:00,015 [shard 0] database - Keyspace system_schema: Reading CF triggers id=4df70b66-6b05-3251-95a1-32b54005fd48 version=582d7071-1ef0-37c8-adc6-471a13636139
2021-09-28T20:19:00.016646912Z  INFO  2021-09-28 20:19:00,015 [shard 0] database - Keyspace system_schema: Reading CF dropped_columns id=5e7583b5-f3f4-3af1-9a39-b7e1d6f5f11f version=7426bc6c-4c2f-3200-8ad8-4329610ed59a
2021-09-28T20:19:00.016658103Z  INFO  2021-09-28 20:19:00,015 [shard 0] database - Keyspace system_schema: Reading CF columns id=24101c25-a2ae-3af7-87c1-b40ee1aca33f version=d33236d4-9bdd-3c09-abf0-a0bc5edc2526
2021-09-28T20:19:00.016668763Z  INFO  2021-09-28 20:19:00,015 [shard 0] database - Keyspace system_schema: Reading CF scylla_tables id=5d912ff1-f759-3665-b2c8-8042ab5103dd version=38e5e56b-155d-39b5-a0d2-8e5dcad42a26
2021-09-28T20:19:00.016679154Z  INFO  2021-09-28 20:19:00,016 [shard 0] database - Keyspace system_schema: Reading CF tables id=afddfb9d-bc1e-3068-8056-eed6c302ba09 version=b6240810-eeb7-36d5-9411-43b2d68dddab
2021-09-28T20:19:00.016689682Z  INFO  2021-09-28 20:19:00,016 [shard 0] database - Keyspace system_schema: Reading CF keyspaces id=abac5682-dea6-31c5-b535-b3d6cffd0fb6 version=e79ca8ba-6556-3f7d-925a-7f20cf57938c
2021-09-28T20:19:01.016286140Z  JMX is enabled to receive remote connections on port: 7199
2021-09-28T20:19:01.226514463Z  Generating public/private rsa key pair.
2021-09-28T20:19:01.226556306Z  Your identification has been saved in /etc/ssh/ssh_host_rsa_key.
2021-09-28T20:19:01.226567459Z  Your public key has been saved in /etc/ssh/ssh_host_rsa_key.pub.
2021-09-28T20:19:01.226577405Z  The key fingerprint is:
2021-09-28T20:19:01.226586981Z  SHA256:oeygb8OZjoCMrkquSy8Mzk3f5wXY91GmJDZ772NQBBo root@085c4f2694f4
2021-09-28T20:19:01.226596483Z  The key's randomart image is:
2021-09-28T20:19:01.226605706Z  +---[RSA 4096]----+
2021-09-28T20:19:01.226614755Z  |           E ..  |
2021-09-28T20:19:01.226623867Z  |            o  . |
2021-09-28T20:19:01.226632882Z  |        .  = ..o |
2021-09-28T20:19:01.226641910Z  |     . .o.. = +. |
2021-09-28T20:19:01.226650959Z  |    . o.So o +.  |
2021-09-28T20:19:01.226670652Z  |=  o o    o o.o  |
2021-09-28T20:19:01.226690749Z  |O++..oo    . ... |
2021-09-28T20:19:01.226700736Z  |=*.+*. . ..   .o |
2021-09-28T20:19:01.226709642Z  |O+o+o.  o.    ...|
2021-09-28T20:19:01.226718576Z  +----[SHA256]-----+
2021-09-28T20:19:01.245792044Z  Could not load host key: /etc/ssh/ssh_host_ecdsa_key
2021-09-28T20:19:03.851601124Z  INFO  2021-09-28 20:19:03,851 [shard 0] database - Populating Keyspace system
2021-09-28T20:19:03.851655383Z  INFO  2021-09-28 20:19:03,851 [shard 0] database - Keyspace system: Reading CF compaction_history id=b4dbb7b4-dc49-3fb5-b3bf-ce6e434832ca version=25cae56a-8d75-39f3-a146-3756ab4981c7
2021-09-28T20:19:03.851669155Z  INFO  2021-09-28 20:19:03,851 [shard 0] database - Keyspace system: Reading CF batchlog id=0290003c-977e-397c-ac3e-fdfdc01d626b version=e2a2e804-49e4-3597-9f16-39fd9475835c
2021-09-28T20:19:03.851680235Z  INFO  2021-09-28 20:19:03,851 [shard 0] database - Keyspace system: Reading CF size_estimates id=618f817b-005f-3678-b8a4-53f3930b8e86 version=6d4dbcff-f05b-3dc3-95ad-f79f7b10504d
2021-09-28T20:19:03.851909122Z  INFO  2021-09-28 20:19:03,851 [shard 0] database - Keyspace system: Reading CF range_xfers id=55d76438-4e55-3f8b-9f6e-676d4af3976d version=dd15a078-409b-350d-9bef-c5f3520832d8
2021-09-28T20:19:03.851928901Z  INFO  2021-09-28 20:19:03,851 [shard 0] database - Keyspace system: Reading CF peer_events id=59dfeaea-8db2-3341-91ef-109974d81484 version=7f874a05-72b8-3c21-9acb-baa164fc351a
2021-09-28T20:19:03.851939797Z  INFO  2021-09-28 20:19:03,851 [shard 0] database - Keyspace system: Reading CF peers id=37f71aca-7dc2-383b-a706-72528af04d4f version=f6f6871f-8c86-3eca-ac0b-2a2e848e395d
2021-09-28T20:19:03.851950459Z  INFO  2021-09-28 20:19:03,851 [shard 0] database - Keyspace system: Reading CF scylla_local id=2972ec7f-fb20-38dd-aac1-d876f2e3fcbd version=5f0b407d-eedf-3845-a48e-dbb9673d10e1
2021-09-28T20:19:03.851960788Z  INFO  2021-09-28 20:19:03,851 [shard 0] database - Keyspace system: Reading CF schema_aggregates id=a5fc57fc-9d6c-3bfd-a3fc-01ad54686fea version=d06c934f-9a69-374c-86f1-523ab26fb05c
2021-09-28T20:19:03.852432388Z  INFO  2021-09-28 20:19:03,851 [shard 0] database - Keyspace system: Reading CF paxos id=b7b7f0c2-fd0a-3410-8c05-3ef614bb7c2d version=6dd372de-72fb-3e1b-9b8c-f97738a67fe9
2021-09-28T20:19:03.852508370Z  INFO  2021-09-28 20:19:03,852 [shard 0] database - Keyspace system: Reading CF compactions_in_progress id=55080ab0-5d9c-3886-90a4-acb25fe1f77b version=540263f1-40db-3869-8a38-3baadedc222d
2021-09-28T20:19:03.852662083Z  INFO  2021-09-28 20:19:03,852 [shard 0] database - Keyspace system: Reading CF local id=7ad54392-bcdd-35a6-8417-4e047860b377 version=7fa82c2e-5b67-37dd-8e5e-2079e18f1536
2021-09-28T20:19:03.852680943Z  INFO  2021-09-28 20:19:03,852 [shard 0] database - Keyspace system: Reading CF schema_columnfamilies id=45f5b360-24bc-3f83-a363-1034ea4fa697 version=7f7a5fea-07b7-304d-a6f8-f7aec72cabdb
2021-09-28T20:19:03.852717381Z  INFO  2021-09-28 20:19:03,852 [shard 0] database - Keyspace system: Reading CF hints id=2666e205-73ef-38b3-90fe-fecf96e8f0c7 version=0b74fdd1-e96d-309e-a14e-a5bcd7ac885d
2021-09-28T20:19:03.853099069Z  INFO  2021-09-28 20:19:03,852 [shard 0] database - Keyspace system: Reading CF sstable_activity id=5a1ff267-ace0-3f12-8563-cfae6103c65e version=bdec57a3-b234-334b-be9c-7b1f33113995
2021-09-28T20:19:03.853134306Z  INFO  2021-09-28 20:19:03,852 [shard 0] database - Keyspace system: Reading CF IndexInfo id=9f5c6374-d485-3229-9a0a-5094af9ad1e3 version=bbb3743b-351f-3023-b4fc-09a9be37d529
2021-09-28T20:19:03.853409657Z  INFO  2021-09-28 20:19:03,852 [shard 0] database - Keyspace system: Reading CF large_partitions id=8a7fe624-96b0-34b1-b90e-f71bddcdd2d3 version=04fa9920-9369-3a96-be39-6dd9fdc816b6
2021-09-28T20:19:03.853455242Z  INFO  2021-09-28 20:19:03,852 [shard 0] database - Keyspace system: Reading CF scylla_table_schema_history id=0191a53e-40f0-31d4-9171-b0d19ffb17b4 version=2cc890b8-9ade-3afc-ab63-043c8017608e
2021-09-28T20:19:03.853471321Z  INFO  2021-09-28 20:19:03,852 [shard 0] database - Keyspace system: Reading CF large_cells id=ead8bbc5-f146-3ae1-9f71-0b11f9a1d296 version=0d4a6937-a781-3f87-a192-b4e4a4a40acf
2021-09-28T20:19:03.853808705Z  INFO  2021-09-28 20:19:03,853 [shard 0] database - Keyspace system: Reading CF views_builds_in_progress id=b7f2c108-78cd-3c80-9cd5-d609b2bd149c version=b905cce5-1474-3085-819a-7592453e2fb9
2021-09-28T20:19:03.854089700Z  INFO  2021-09-28 20:19:03,853 [shard 0] database - Keyspace system: Reading CF built_views id=4b3c50a9-ea87-3d76-9101-6dbc9c38494a version=a28aa0b3-6def-30a7-9fbe-ce78b3f3c9b9
2021-09-28T20:19:03.854109534Z  INFO  2021-09-28 20:19:03,853 [shard 0] database - Keyspace system: Reading CF scylla_views_builds_in_progress id=a04c7bfd-1e13-36c9-a44d-f22da352281d version=e3fb736c-6956-3990-a31d-9a482279e3fc
2021-09-28T20:19:03.854307886Z  INFO  2021-09-28 20:19:03,853 [shard 0] database - Keyspace system: Reading CF truncated id=38c19fd0-fb86-3310-a4b7-0d0cc66628aa version=6da9a85c-7ae0-3917-aead-54a2f65a57a8
2021-09-28T20:19:03.854643391Z  INFO  2021-09-28 20:19:03,854 [shard 0] database - Keyspace system: Reading CF cdc_local id=0bcaffd4-0c83-3ead-ad13-dc1d5015b77c version=0aa4d3a2-ed95-3ecd-aba0-cd75622ad290
2021-09-28T20:19:03.854662721Z  INFO  2021-09-28 20:19:03,854 [shard 0] database - Keyspace system: Reading CF clients id=ca0f635d-8630-3609-8d93-a1fc06f2a5e5 version=51273ebf-e6f9-3cd5-b455-ea09ad29796f
2021-09-28T20:19:03.854876596Z  INFO  2021-09-28 20:19:03,854 [shard 0] database - Keyspace system: Reading CF schema_keyspaces id=b0f22357-4458-3cdb-9631-c43e59ce3676 version=84d28cef-59f9-34a9-9be5-31c684997f03
2021-09-28T20:19:03.854896072Z  INFO  2021-09-28 20:19:03,854 [shard 0] database - Keyspace system: Reading CF schema_columns id=296e9c04-9bec-3085-827d-c17d3df2122a version=53cfbb66-ee0d-37be-97bb-b2afb3746f85
2021-09-28T20:19:03.854940049Z  INFO  2021-09-28 20:19:03,854 [shard 0] database - Keyspace system: Reading CF schema_triggers id=0359bc71-7123-3ee1-9a4a-b9dfb11fc125 version=75e4ec4c-76da-3f59-984e-66810ba0c62b
2021-09-28T20:19:03.855250783Z  INFO  2021-09-28 20:19:03,854 [shard 0] database - Keyspace system: Reading CF large_rows id=40550f66-0858-39a0-9430-f27fc08034e9 version=aee3acb0-7926-317b-848e-db7bc3721695
2021-09-28T20:19:03.855523274Z  INFO  2021-09-28 20:19:03,855 [shard 0] database - Keyspace system: Reading CF schema_usertypes id=3aa75225-4f82-350b-8d5c-430fa221fa0a version=3c53e6bb-56d5-3618-a0b2-4ff5f18127d7
2021-09-28T20:19:03.855542439Z  INFO  2021-09-28 20:19:03,855 [shard 0] database - Keyspace system: Reading CF schema_functions id=d1b675fe-2b50-3ca4-8e49-c0f81989dcad version=a50959dd-2be0-3e4e-8bb5-cf40796e256a
2021-09-28T20:19:03.938117234Z  Traceback (most recent call last):
2021-09-28T20:19:03.938168498Z    File "/opt/scylladb/scripts/libexec/scylla-housekeeping", line 208, in <module>
2021-09-28T20:19:03.938683826Z      args.func(args)
2021-09-28T20:19:03.938710946Z    File "/opt/scylladb/scripts/libexec/scylla-housekeeping", line 134, in check_version
2021-09-28T20:19:03.938722962Z      current_version = sanitize_version(get_api('/storage_service/scylla_release_version'))
2021-09-28T20:19:03.938733093Z    File "/opt/scylladb/scripts/libexec/scylla-housekeeping", line 93, in get_api
2021-09-28T20:19:03.938742819Z      return get_json_from_url("http://" + api_address + path)
2021-09-28T20:19:03.938752584Z    File "/opt/scylladb/scripts/libexec/scylla-housekeeping", line 88, in get_json_from_url
2021-09-28T20:19:03.938775150Z      raise RuntimeError(f'Failed to get "{path}" due to the following error: {retval}')
2021-09-28T20:19:03.938785486Z  RuntimeError: Failed to get "http://localhost:10000/storage_service/scylla_release_version" due to the following error: HTTP Error 404: Not Found
2021-09-28T20:19:12.173132179Z  INFO  2021-09-28 20:19:12,172 [shard 0] init - starting gossip
2021-09-28T20:19:12.173209989Z  WARN  2021-09-28 20:19:12,172 [shard 0] init - Using default cluster name is not recommended. Using a unique cluster name will reduce the chance of adding nodes to the wrong cluster by mistake
2021-09-28T20:19:12.173225049Z  INFO  2021-09-28 20:19:12,172 [shard 0] init - seeds={10.0.16.6}, listen_address=10.0.16.6, broadcast_address=10.0.16.6
2021-09-28T20:19:12.173732125Z  INFO  2021-09-28 20:19:12,172 [shard 0] init - starting storage proxy
2021-09-28T20:19:12.182712424Z  INFO  2021-09-28 20:19:12,182 [shard 0] init - starting migration manager
2021-09-28T20:19:12.183387352Z  INFO  2021-09-28 20:19:12,183 [shard 0] init - starting query processor
2021-09-28T20:19:12.184598211Z  INFO  2021-09-28 20:19:12,184 [shard 0] init - initializing batchlog manager
2021-09-28T20:19:12.187972653Z  INFO  2021-09-28 20:19:12,187 [shard 0] format_selector - Selected md sstables format
2021-09-28T20:19:12.189314099Z  INFO  2021-09-28 20:19:12,188 [shard 0] legacy_schema_migrator - Moving 0 keyspaces from legacy schema tables to the new schema keyspace (system_schema)
2021-09-28T20:19:12.189982814Z  INFO  2021-09-28 20:19:12,189 [shard 0] legacy_schema_migrator - Dropping legacy schema tables
2021-09-28T20:19:20.228216915Z  INFO  2021-09-28 20:19:20,227 [shard 0] legacy_schema_migrator - Completed migration of legacy schema tables
2021-09-28T20:19:20.229061083Z  INFO  2021-09-28 20:19:20,228 [shard 0] init - loading system sstables
2021-09-28T20:19:33.925881942Z  INFO  2021-09-28 20:19:33,924 [shard 0] init - loading non-system sstables
2021-09-28T20:19:40.302482825Z  INFO  2021-09-28 20:19:40,301 [shard 0] database - Populating Keyspace system_auth
2021-09-28T20:19:40.302532049Z  INFO  2021-09-28 20:19:40,301 [shard 0] database - Keyspace system_auth: Reading CF roles id=5bc52802-de25-35ed-aeab-188eecebb090 version=e27680b1-de66-382d-be28-d8b1af5c426a
2021-09-28T20:19:40.302565663Z  INFO  2021-09-28 20:19:40,301 [shard 0] database - Keyspace system_auth: Reading CF role_members id=0ecdaa87-f8fb-3e60-88d1-74fb36fe5c0d version=8596efbf-fef9-3624-b16e-66e5a2478839
2021-09-28T20:19:40.302606854Z  INFO  2021-09-28 20:19:40,301 [shard 0] database - Populating Keyspace system_traces
2021-09-28T20:19:40.302622472Z  INFO  2021-09-28 20:19:40,301 [shard 0] database - Keyspace system_traces: Reading CF sessions_time_idx id=0ebf001c-c1d1-3693-9a63-c3d96ac53318 version=53b2b453-8256-3cc0-b8fc-9a32427898a9
2021-09-28T20:19:40.302637174Z  INFO  2021-09-28 20:19:40,301 [shard 0] database - Keyspace system_traces: Reading CF sessions id=c5e99f16-8677-3914-b17e-960613512345 version=7970f395-812c-3650-a170-5741d6f12bd3
2021-09-28T20:19:40.304089521Z  INFO  2021-09-28 20:19:40,301 [shard 0] database - Keyspace system_traces: Reading CF node_slow_log_time_idx id=f9706768-aa1e-3d87-9e5c-51a3927c2870 version=424995db-92cf-3997-81f6-d297ecca59cb
2021-09-28T20:19:40.304117377Z  INFO  2021-09-28 20:19:40,301 [shard 0] database - Keyspace system_traces: Reading CF node_slow_log id=bfcc4e62-5b63-3aa1-a1c3-6f5e47f3325c version=2201e9ba-63d3-38d2-a0d9-6d431f9d0941
2021-09-28T20:19:40.304132587Z  INFO  2021-09-28 20:19:40,301 [shard 0] database - Keyspace system_traces: Reading CF events id=8826e8e9-e16a-3728-8753-3bc1fc713c25 version=82be260f-7d52-372d-8261-918fdad0c51f
2021-09-28T20:19:40.304147155Z  INFO  2021-09-28 20:19:40,301 [shard 0] database - Populating Keyspace dt
2021-09-28T20:19:40.304161047Z  INFO  2021-09-28 20:19:40,301 [shard 0] database - Keyspace dt: Reading CF user id=b60ae340-91bf-11eb-bd25-000000000000 version=cabb4525-43c5-3a15-875d-0fbb3a1cca73
2021-09-28T20:19:40.304175531Z  INFO  2021-09-28 20:19:40,301 [shard 0] database - Keyspace dt: Reading CF twin id=b79af920-91bf-11eb-bd25-000000000000 version=30cd9585-6d13-3469-8542-c8035fe90bbf
2021-09-28T20:19:40.304229139Z  INFO  2021-09-28 20:19:40,301 [shard 0] database - Keyspace dt: Reading CF element_twin_idx_index id=bc170b60-91bf-11eb-bd25-000000000000 version=40dc72bc-79d8-3fc4-9053-c7adde980939
2021-09-28T20:19:40.304246561Z  INFO  2021-09-28 20:19:40,301 [shard 0] database - Keyspace dt: Reading CF source_element_idx_index id=c0e86990-91bf-11eb-bd25-000000000000 version=32f76a72-1cb6-3da2-800f-d90dc77b0ec1
2021-09-28T20:19:40.304261188Z  INFO  2021-09-28 20:19:40,302 [shard 0] database - Keyspace dt: Reading CF source_data id=c370c220-91bf-11eb-bd25-000000000000 version=d447c8b6-e9f4-38c5-a90c-21dc5733d0ff
2021-09-28T20:19:40.304275802Z  INFO  2021-09-28 20:19:40,302 [shard 0] database - Keyspace dt: Reading CF source id=be95c700-91bf-11eb-bd25-000000000000 version=c9d14ff4-95de-3d01-af7a-5eb2a7010809
2021-09-28T20:19:40.304289966Z  INFO  2021-09-28 20:19:40,302 [shard 0] database - Keyspace dt: Reading CF element id=b9b77080-91bf-11eb-bd25-000000000000 version=bcbb5d6d-bdf7-37fe-93b6-dbbed4b6ba76
2021-09-28T20:19:40.304304822Z  INFO  2021-09-28 20:19:40,302 [shard 0] database - Populating Keyspace system_distributed
2021-09-28T20:19:40.304321360Z  INFO  2021-09-28 20:19:40,302 [shard 0] database - Keyspace system_distributed: Reading CF view_build_status id=5582b59f-8e4e-35e1-b913-3acada51eb04 version=e61ea49b-8dbc-3ff6-a69f-896f4d38b7bb
2021-09-28T20:19:40.304336650Z  INFO  2021-09-28 20:19:40,302 [shard 0] database - Keyspace system_distributed: Reading CF cdc_streams_descriptions_v2 id=0bf73fd7-65b2-36b0-85e5-658131d5df36 version=58a18c32-0c5a-34ba-992f-7723dd0265c0
2021-09-28T20:19:40.304364562Z  INFO  2021-09-28 20:19:40,302 [shard 0] database - Keyspace system_distributed: Reading CF cdc_streams_descriptions id=249f0ac2-8856-36d4-9802-f55223eb01c2 version=f727f60d-bfaa-32de-a0d6-898e1cbaf2c9
2021-09-28T20:19:40.304380820Z  INFO  2021-09-28 20:19:40,302 [shard 0] database - Keyspace system_distributed: Reading CF cdc_generation_timestamps id=fdf455c4-cfec-3e00-9719-d7a45436c89d version=5777e043-a81a-3324-8803-b497c056849f
2021-09-28T20:19:40.304395502Z  INFO  2021-09-28 20:19:40,302 [shard 0] database - Keyspace system_distributed: Reading CF cdc_generation_descriptions id=ae653406-7b3e-34aa-af70-d5b90f837c67 version=95e9e159-839f-39b3-990f-8e8a04817ff8
2021-09-28T20:19:49.432115108Z  INFO  2021-09-28 20:19:49,431 [shard 0] init - starting view update generator
2021-09-28T20:19:49.432651640Z  INFO  2021-09-28 20:19:49,431 [shard 0] init - discovering staging sstables
2021-09-28T20:19:49.432674349Z  INFO  2021-09-28 20:19:49,432 [shard 0] init - setting up system keyspace
2021-09-28T20:19:49.454601970Z  INFO  2021-09-28 20:19:49,454 [shard 0] init - starting commit log
2021-09-28T20:19:49.455769771Z  INFO  2021-09-28 20:19:49,455 [shard 0] compaction - [Compact system.truncated 6e514df0-2099-11ec-8d19-000000000000] Compacting [/var/lib/scylla/data/system/truncated-38c19fd0fb863310a4b70d0cc66628aa/md-1030-big-Data.db:level=0, /var/lib/scylla/data/system/truncated-38c19fd0fb863310a4b70d0cc66628aa/md-1028-big-Data.db:level=0, ]
2021-09-28T20:19:49.456578541Z  INFO  2021-09-28 20:19:49,456 [shard 1] compaction - [Compact system_distributed.cdc_generation_timestamps 6e517500-2099-11ec-9298-000000000001] Compacting [/var/lib/scylla/data/system_distributed/cdc_generation_timestamps-fdf455c4cfec3e009719d7a45436c89d/md-467-big-Data.db:level=0, /var/lib/scylla/data/system_distributed/cdc_generation_timestamps-fdf455c4cfec3e009719d7a45436c89d/md-465-big-Data.db:level=0, ]
2021-09-28T20:19:49.459151884Z  INFO  2021-09-28 20:19:49,458 [shard 0] init - initializing migration manager RPC verbs
2021-09-28T20:19:49.460111037Z  INFO  2021-09-28 20:19:49,459 [shard 0] init - initializing storage proxy RPC verbs
2021-09-28T20:19:49.461013097Z  INFO  2021-09-28 20:19:49,460 [shard 0] init - starting streaming service
2021-09-28T20:19:49.462614206Z  INFO  2021-09-28 20:19:49,462 [shard 0] init - starting hinted handoff manager
2021-09-28T20:19:50.265782814Z  INFO  2021-09-28 20:19:50,264 [shard 0] init - starting messaging service
2021-09-28T20:19:50.266779987Z  INFO  2021-09-28 20:19:50,266 [shard 0] repair - Setting max_repair_memory=126248550, max_repair_memory_per_range=33554432, max_repair_ranges_in_parallel=1
2021-09-28T20:19:50.267734828Z  INFO  2021-09-28 20:19:50,266 [shard 0] init - starting storage service
2021-09-28T20:19:50.268934900Z  INFO  2021-09-28 20:19:50,268 [shard 0] storage_service - Loading persisted ring state
2021-09-28T20:19:50.274838479Z  INFO  2021-09-28 20:19:50,271 [shard 0] storage_service - initial_contact_nodes={10.0.16.6}, loaded_endpoints={}, loaded_peer_features=0
2021-09-28T20:19:50.274882501Z  INFO  2021-09-28 20:19:50,271 [shard 0] storage_service - Checking remote features with gossip, initial_contact_nodes={10.0.16.6}
2021-09-28T20:19:50.274901412Z  INFO  2021-09-28 20:19:50,271 [shard 0] messaging_service - Starting Messaging Service on port 7000
2021-09-28T20:19:50.274937856Z  INFO  2021-09-28 20:19:50,271 [shard 0] gossip - Gossip shadow round started with nodes={}
2021-09-28T20:19:50.274955942Z  WARN  2021-09-28 20:19:50,271 [shard 0] gossip - All nodes={} are down for get_endpoint_states verb. Skip ShadowRound.
2021-09-28T20:19:50.274972545Z  INFO  2021-09-28 20:19:50,271 [shard 0] gossip - Gossip shadow round finisehd with nodes_talked={}
2021-09-28T20:19:50.274994420Z  INFO  2021-09-28 20:19:50,271 [shard 0] gossip - Feature check passed. Local node 10.0.16.6 features = {CDC, COMPUTED_COLUMNS, CORRECT_COUNTER_ORDER, CORRECT_IDX_TOKEN_IN_SECONDARY_INDEX, CORRECT_NON_COMPOUND_RANGE_TOMBSTONES, CORRECT_STATIC_COMPACT_IN_MC, COUNTERS, DIGEST_FOR_NULL_VALUES, DIGEST_INSENSITIVE_TO_EXPIRY, DIGEST_MULTIPARTITION_READ, HINTED_HANDOFF_SEPARATE_CONNECTION, INDEXES, LARGE_PARTITIONS, LA_SSTABLE_FORMAT, LWT, MATERIALIZED_VIEWS, MC_SSTABLE_FORMAT, MD_SSTABLE_FORMAT, NONFROZEN_UDTS, PER_TABLE_CACHING, PER_TABLE_PARTITIONERS, RANGE_TOMBSTONES, ROLES, ROW_LEVEL_REPAIR, SCHEMA_TABLES_V3, STREAM_WITH_RPC_STREAM, TRUNCATION_TABLE, UNBOUNDED_RANGE_TOMBSTONES, VIEW_VIRTUAL_COLUMNS, WRITE_FAILURE_REPLY, XXHASH}, Remote common_features = {}
2021-09-28T20:19:50.275020913Z  INFO  2021-09-28 20:19:50,273 [shard 0] storage_service - Restarting a node in NORMAL status
2021-09-28T20:19:50.353200944Z  INFO  2021-09-28 20:19:50,352 [shard 0] schema_tables - Schema version changed to 3ed0da5a-9378-3867-8692-45463e52d017
2021-09-28T20:19:50.353734116Z  INFO  2021-09-28 20:19:50,353 [shard 0] storage_service - Starting up server gossip
2021-09-28T20:19:51.392812558Z  INFO  2021-09-28 20:19:51,391 [shard 1] compaction - [Compact system.truncated 6f78b6f0-2099-11ec-9298-000000000001] Compacting [/var/lib/scylla/data/system/truncated-38c19fd0fb863310a4b70d0cc66628aa/md-1031-big-Data.db:level=0, /var/lib/scylla/data/system/truncated-38c19fd0fb863310a4b70d0cc66628aa/md-1025-big-Data.db:level=0, ]
2021-09-28T20:19:52.580642227Z  INFO  2021-09-28 20:19:52,580 [shard 1] compaction - [Compact system_distributed.cdc_generation_timestamps 6e517500-2099-11ec-9298-000000000001] Compacted 2 sstables to [/var/lib/scylla/data/system_distributed/cdc_generation_timestamps-fdf455c4cfec3e009719d7a45436c89d/md-469-big-Data.db:level=0, ]. 10kB to 5kB (~51% of original) in 1935ms = 2kB/s. ~256 total partitions merged to 1.
2021-09-28T20:19:52.644553385Z  INFO  2021-09-28 20:19:52,644 [shard 0] compaction - [Compact system.compaction_history 7037e840-2099-11ec-8d19-000000000000] Compacting [/var/lib/scylla/data/system/compaction_history-b4dbb7b4dc493fb5b3bfce6e434832ca/md-520-big-Data.db:level=0, /var/lib/scylla/data/system/compaction_history-b4dbb7b4dc493fb5b3bfce6e434832ca/md-518-big-Data.db:level=0, ]
2021-09-28T20:19:53.822198095Z  INFO  2021-09-28 20:19:53,821 [shard 1] compaction - [Compact system_schema.computed_columns 70eb80d0-2099-11ec-9298-000000000001] Compacting [/var/lib/scylla/data/system_schema/computed_columns-cc7c7069374033c192a4c3de78dbd2c4/md-501-big-Data.db:level=0, /var/lib/scylla/data/system_schema/computed_columns-cc7c7069374033c192a4c3de78dbd2c4/md-499-big-Data.db:level=0, ]
2021-09-28T20:19:54.072098293Z  INFO  2021-09-28 20:19:54,071 [shard 0] compaction - [Compact system.truncated 6e514df0-2099-11ec-8d19-000000000000] Compacted 2 sstables to [/var/lib/scylla/data/system/truncated-38c19fd0fb863310a4b70d0cc66628aa/md-1032-big-Data.db:level=0, ]. 82kB to 76kB (~93% of original) in 3187ms = 24kB/s. ~256 total partitions merged to 2.
2021-09-28T20:19:55.413754702Z  INFO  2021-09-28 20:19:55,412 [shard 1] compaction - [Compact system.truncated 6f78b6f0-2099-11ec-9298-000000000001] Compacted 2 sstables to [/var/lib/scylla/data/system/truncated-38c19fd0fb863310a4b70d0cc66628aa/md-1033-big-Data.db:level=0, ]. 148kB to 74kB (~50% of original) in 2429ms = 30kB/s. ~256 total partitions merged to 6.
2021-09-28T20:19:55.687735428Z  INFO  2021-09-28 20:19:55,686 [shard 0] compaction - [Compact system.clients 72081460-2099-11ec-8d19-000000000000] Compacting [/var/lib/scylla/data/system/clients-ca0f635d863036098d93a1fc06f2a5e5/md-32-big-Data.db:level=0, /var/lib/scylla/data/system/clients-ca0f635d863036098d93a1fc06f2a5e5/md-34-big-Data.db:level=0, ]
2021-09-28T20:19:55.688850784Z  INFO  2021-09-28 20:19:55,688 [shard 0] compaction - [Compact system.local 72086280-2099-11ec-8d19-000000000000] Compacting [/var/lib/scylla/data/system/local-7ad54392bcdd35a684174e047860b377/md-1056-big-Data.db:level=0, /var/lib/scylla/data/system/local-7ad54392bcdd35a684174e047860b377/md-1054-big-Data.db:level=0, ]
2021-09-28T20:19:56.789461034Z  INFO  2021-09-28 20:19:56,788 [shard 1] compaction - [Compact system_schema.indexes 72b03b40-2099-11ec-9298-000000000001] Compacting [/var/lib/scylla/data/system_schema/indexes-0feb57ac311f382fba6d9024d305702f/md-505-big-Data.db:level=0, /var/lib/scylla/data/system_schema/indexes-0feb57ac311f382fba6d9024d305702f/md-503-big-Data.db:level=0, ]
2021-09-28T20:19:57.678353320Z  INFO  2021-09-28 20:19:57,677 [shard 0] compaction - [Compact system.clients 72081460-2099-11ec-8d19-000000000000] Compacted 2 sstables to []. 14kB to 0 bytes (~0% of original) in 1ms = 0 bytes/s. ~256 total partitions merged to 0.
2021-09-28T20:19:57.679774463Z  INFO  2021-09-28 20:19:57,679 [shard 0] compaction - [Compact system.compaction_history 7037e840-2099-11ec-8d19-000000000000] Compacted 2 sstables to [/var/lib/scylla/data/system/compaction_history-b4dbb7b4dc493fb5b3bfce6e434832ca/md-522-big-Data.db:level=0, ]. 187kB to 109kB (~58% of original) in 3042ms = 36kB/s. ~384 total partitions merged to 167.
2021-09-28T20:19:57.912693677Z  INFO  2021-09-28 20:19:57,911 [shard 1] compaction - [Compact system_schema.computed_columns 70eb80d0-2099-11ec-9298-000000000001] Compacted 2 sstables to [/var/lib/scylla/data/system_schema/computed_columns-cc7c7069374033c192a4c3de78dbd2c4/md-503-big-Data.db:level=0, ]. 85kB to 46kB (~54% of original) in 2966ms = 15kB/s. ~256 total partitions merged to 3.
2021-09-28T20:19:59.470657812Z  INFO  2021-09-28 20:19:59,469 [shard 1] compaction - [Compact system_schema.functions 744951d0-2099-11ec-9298-000000000001] Compacting [/var/lib/scylla/data/system_schema/functions-96489b7980be3e14a70166a0b9159450/md-451-big-Data.db:level=0, /var/lib/scylla/data/system_schema/functions-96489b7980be3e14a70166a0b9159450/md-453-big-Data.db:level=0, ]
2021-09-28T20:19:59.868937314Z  INFO  2021-09-28 20:19:59,868 [shard 0] compaction - [Compact system.local 72086280-2099-11ec-8d19-000000000000] Compacted 2 sstables to [/var/lib/scylla/data/system/local-7ad54392bcdd35a684174e047860b377/md-1058-big-Data.db:level=0, ]. 19kB to 12kB (~64% of original) in 3405ms = 3kB/s. ~256 total partitions merged to 1.
2021-09-28T20:20:00.723911333Z  INFO  2021-09-28 20:20:00,723 [shard 1] compaction - [Compact system_schema.indexes 72b03b40-2099-11ec-9298-000000000001] Compacted 2 sstables to [/var/lib/scylla/data/system_schema/indexes-0feb57ac311f382fba6d9024d305702f/md-507-big-Data.db:level=0, ]. 85kB to 46kB (~54% of original) in 2680ms = 17kB/s. ~256 total partitions merged to 3.
2021-09-28T20:20:02.177793328Z  INFO  2021-09-28 20:20:02,176 [shard 1] compaction - [Compact system_schema.types 75e66000-2099-11ec-9298-000000000001] Compacting [/var/lib/scylla/data/system_schema/types-5a8b1ca866023f77a0459273d308917a/md-451-big-Data.db:level=0, /var/lib/scylla/data/system_schema/types-5a8b1ca866023f77a0459273d308917a/md-453-big-Data.db:level=0, ]
2021-09-28T20:20:03.310201428Z  INFO  2021-09-28 20:20:03,309 [shard 1] compaction - [Compact system_schema.functions 744951d0-2099-11ec-9298-000000000001] Compacted 2 sstables to [/var/lib/scylla/data/system_schema/functions-96489b7980be3e14a70166a0b9159450/md-455-big-Data.db:level=0, ]. 79kB to 39kB (~50% of original) in 2706ms = 14kB/s. ~256 total partitions merged to 2.
2021-09-28T20:20:05.233860666Z  INFO  2021-09-28 20:20:05,233 [shard 1] compaction - [Compact system.peers 77b8d610-2099-11ec-9298-000000000001] Compacting [/var/lib/scylla/data/system/peers-37f71aca7dc2383ba70672528af04d4f/md-511-big-Data.db:level=0, /var/lib/scylla/data/system/peers-37f71aca7dc2383ba70672528af04d4f/md-513-big-Data.db:level=0, ]
2021-09-28T20:20:05.234591117Z  INFO  2021-09-28 20:20:05,234 [shard 1] compaction - [Compact system_schema.triggers 77b8fd20-2099-11ec-9298-000000000001] Compacting [/var/lib/scylla/data/system_schema/triggers-4df70b666b05325195a132b54005fd48/md-453-big-Data.db:level=0, /var/lib/scylla/data/system_schema/triggers-4df70b666b05325195a132b54005fd48/md-455-big-Data.db:level=0, ]
2021-09-28T20:20:05.719172470Z  INFO  2021-09-28 20:20:05,718 [shard 0] gossip - No gossip backlog; proceeding
2021-09-28T20:20:05.719631242Z  INFO  2021-09-28 20:20:05,719 [shard 0] features - Feature CDC is enabled
2021-09-28T20:20:05.719651586Z  INFO  2021-09-28 20:20:05,719 [shard 0] features - Feature COMPUTED_COLUMNS is enabled
2021-09-28T20:20:05.719662634Z  INFO  2021-09-28 20:20:05,719 [shard 0] features - Feature CORRECT_IDX_TOKEN_IN_SECONDARY_INDEX is enabled
2021-09-28T20:20:05.719699426Z  INFO  2021-09-28 20:20:05,719 [shard 0] features - Feature CORRECT_STATIC_COMPACT_IN_MC is enabled
2021-09-28T20:20:05.719710217Z  INFO  2021-09-28 20:20:05,719 [shard 0] features - Feature DIGEST_FOR_NULL_VALUES is enabled
2021-09-28T20:20:05.719720189Z  INFO  2021-09-28 20:20:05,719 [shard 0] features - Feature DIGEST_INSENSITIVE_TO_EXPIRY is enabled
2021-09-28T20:20:05.719729955Z  INFO  2021-09-28 20:20:05,719 [shard 0] features - Feature HINTED_HANDOFF_SEPARATE_CONNECTION is enabled
2021-09-28T20:20:05.719739856Z  INFO  2021-09-28 20:20:05,719 [shard 0] features - Feature LWT is enabled
2021-09-28T20:20:05.719749570Z  INFO  2021-09-28 20:20:05,719 [shard 0] features - Feature MC_SSTABLE_FORMAT is enabled
2021-09-28T20:20:05.719782455Z  INFO  2021-09-28 20:20:05,719 [shard 0] features - Feature MD_SSTABLE_FORMAT is enabled
2021-09-28T20:20:05.719793263Z  INFO  2021-09-28 20:20:05,719 [shard 0] features - Feature NONFROZEN_UDTS is enabled
2021-09-28T20:20:05.719803037Z  INFO  2021-09-28 20:20:05,719 [shard 0] features - Feature PER_TABLE_CACHING is enabled
2021-09-28T20:20:05.719812602Z  INFO  2021-09-28 20:20:05,719 [shard 0] features - Feature PER_TABLE_PARTITIONERS is enabled
2021-09-28T20:20:05.719822202Z  INFO  2021-09-28 20:20:05,719 [shard 0] features - Feature ROW_LEVEL_REPAIR is enabled
2021-09-28T20:20:05.719831746Z  INFO  2021-09-28 20:20:05,719 [shard 0] features - Feature TRUNCATION_TABLE is enabled
2021-09-28T20:20:05.719861395Z  INFO  2021-09-28 20:20:05,719 [shard 0] features - Feature UNBOUNDED_RANGE_TOMBSTONES is enabled
2021-09-28T20:20:05.719897376Z  INFO  2021-09-28 20:20:05,719 [shard 0] features - Feature VIEW_VIRTUAL_COLUMNS is enabled
2021-09-28T20:20:05.720476159Z  INFO  2021-09-28 20:20:05,719 [shard 0] init - starting system distributed keyspace
2021-09-28T20:20:05.722255380Z  INFO  2021-09-28 20:20:05,721 [shard 0] storage_service - Using saved tokens {9124010895326915551, 8742018973670033125, 8598555156506068168, 859331192677595355, 8489633851918218972, 8404544377773987620, 8334052099869822074, 8027070951690535512, 7653411651769364763, 7643300886773448726, 745698443895614697, 733608372829560431, 6892720454935362021, 6800940363671872258, 6752736840498222835, 7558570794682543277, 6626855036896651415, 6558953552931646742, 654811730000643782, 6453507488197093240, 6418881467918362121, 6257350538314658651, 8694185385366952453, 6236544808742060204, 6205996696401286952, 6181536116480005250, 6173890748576798510, 6168788704115239078, 914767106532303288, 6990363615428460803, 6234359937486042650, 6135487156888480192, 8298670917499244446, 7962637687399845676, 5859809433466828295, 572381649550060741, 5717521671303527835, 6767513432483647708, 5669133658513444829, 5648065983278090801, 5139558912890970065, 490292763971450340, 5088559784364939447, 4887879388920547181, 4864473040594215386, 4821401626888467395, 4584677418481153049, 4568560376040385623, 4425517595667769005, 4212229064000506688, 417323891907213555, 4105567803922032311, 846328848386553100, 4097056052731017739, 4037011506266365719, 397816311326034467, 8807705278705127055, 3960263499412211951, 3895103703505731808, 5319761317396931638, 360597321690183586, 6977453291531829598, 3469791365465559235, 3450799468463193555, 3341791787112106987, 321719263399246289, 495119623429944640, 3188441281592026984, 3132582716025630056, 2897978825010732891, 2798599672396321233, 6722262565665525082, 3655246620504891712, 2727978900950034079, 2523679024489419468, 2246314149549274080, 2111447425244342721, 4342425971260087537, 2072681479362054742, 1722652131956917119, 1596795172788069650, 3258336554370208112, 1484250105068094827, 322919980295096232, 147185272239349262, 1582292604007964836, -1043366625644573502, 6202054439624443736, -7036530416959591692, 7059986144911608666, 1308325171422204311, -5106332339199757418, -4983430690696996654, -129692242505474142, -4408832913021959392, -4201351102319936633, 8226105573655162691, 1143169181596101602, -373464609677467774, 6499637180920648380, -3688252115466414768, -4685245633506220935, -3393731484328842231, 146326482513143238, -3354377357399948017, -7520504150110066280, 4013620692958310926, 120285327225849529, -5319770427093584367, -3344645134456416355, 7542140524268185824, -1567986029003951429, -6225982984898210797, 3616787878857439901, -1134847260854861521, -1385815719507756604, -7216500369574002380, -2540342459765209305, -3153428036916311114, -1315427923943130867, 6735115869130128231, -8804109413751117454, 5380300166925886998, -3994233554939769446, -2049052420205957973, -6823521889286394233, 7773354257250251508, -813663158863688605, -2813588493261245387, -4306289609617407685, -8554421498880928036, 6625124512311491877, -1193453720756075343, -7344961469397326117, 40988359741359328, 3538701036468284236, -4959270447304085620, -6649264423169845010, -164488752845185737, -4809655207434651910, 852064759819355889, 655765621784410911, -2265394845695119219, -1633283144679415010, -2905038631817617159, -1338175487850463146, -5604344254894844223, 1342637340952214033, -3063809950324015361, 3620475942448129254, -6701628281791339799, -1015966201355467601, -1010385350192890483, -5464692903875327262, -5350408053695756824, -3909145060055744662, 8110921354580809535, -1828720553060017001, -9039692023802518881, 8906477330793941548, -1950771572338293141, -578007903166946288, -2835283049648902775, -5969076120552281390, -4980038973578836295, -2956647759994856492, -3121440497971800186, -2451287035471636788, -8397239023617269085, -3907411391529938738, -6060412664924674468, 1201018447870040377, 744455255883305773, 6091158824052509989, -4647456536187559461, -2492321414000069004, -8249536583876427841, 7286508860723851824, -414762654016518424, -5783334032467426709, 6421278078424044569, 441269054539754827, -6608800837376867894, 5791636627852090243, -4351372151055006459, -5864482138900019193, 5601743073496261086, 4770910060094536939, 1232477482658016681, -5948334266233173781, -6086128074458237613, -8638832556157001740, -6113382913249116479, 3618586283784401510, -6122783330192656017, 5382626567051759064, 3269933335992189660, 3265637793915806608, -1668747907767623398, -6127999924475878922, -7206262277128710714, -6146258828033574412, 890221936568177916, 1221044349160589157, -6379743443959801206, -3354462196552861041, -6677370219752794615, -629668751745095673, 4544273533200769333, 2099953764446630586, -64824586118135566, 581574656604815021, -1515669477669935777, -3109764140720549529, -8111279514706125590, -6765501084971270724, -7123469322789065192, 8256443830104168330, -7192042733875824935, -3386880163308184471, -7555616751041454945, 8338973462233251092, -3831510983777130411, -809362909466312577, -812118401657732185, -813144382884222877, -6165495426270074889, -8608419165109646990, -8763577584688728098, 9100267743767020695, 1449039208745937834, -8790517587028177640, -753170663132011250, -8817723952438831390, -74586706562973894, -291383833060567901, -2351081202557792362, -8891768586937559860, 1851372445822437027, -915977517244945982, 2745557699704249475, -9170788929174515177, 2201664116850426765, 1065409362723446036, 7226815385485772597, -933992305836130344, 7986798416127859088, -6861762339660299047, -8421468042859687897, 1060714984715414565, 1108113371314175716, 1120943934896482048, -8578170098649472153, 118542843210684040, 3064484626246652780, 1415645789302299155}
2021-09-28T20:20:05.736098472Z  INFO  2021-09-28 20:20:05,735 [shard 0] schema_tables - Schema version changed to 3ed0da5a-9378-3867-8692-45463e52d017
2021-09-28T20:20:05.750808102Z  INFO  2021-09-28 20:20:05,750 [shard 0] schema_tables - Schema version changed to 710b5af1-be2e-3479-9577-6140351ae31e
2021-09-28T20:20:05.762557680Z  INFO  2021-09-28 20:20:05,762 [shard 0] schema_tables - Schema version changed to 710b5af1-be2e-3479-9577-6140351ae31e
2021-09-28T20:20:05.773849627Z  INFO  2021-09-28 20:20:05,773 [shard 0] schema_tables - Schema version changed to 710b5af1-be2e-3479-9577-6140351ae31e
2021-09-28T20:20:07.147385312Z  INFO  2021-09-28 20:20:07,146 [shard 1] compaction - [Compact system_schema.types 75e66000-2099-11ec-9298-000000000001] Compacted 2 sstables to [/var/lib/scylla/data/system_schema/types-5a8b1ca866023f77a0459273d308917a/md-455-big-Data.db:level=0, ]. 78kB to 39kB (~50% of original) in 3055ms = 12kB/s. ~256 total partitions merged to 2.
2021-09-28T20:20:07.148205680Z  INFO  2021-09-28 20:20:07,147 [shard 1] compaction - [Compact system.peers 77b8d610-2099-11ec-9298-000000000001] Compacted 2 sstables to []. 11kB to 0 bytes (~0% of original) in 1ms = 0 bytes/s. ~256 total partitions merged to 0.
2021-09-28T20:20:07.848322402Z  INFO  2021-09-28 20:20:07,847 [shard 0] compaction - [Compact system.cdc_local 79478c60-2099-11ec-8d19-000000000000] Compacting [/var/lib/scylla/data/system/cdc_local-0bcaffd40c833eadad13dc1d5015b77c/md-534-big-Data.db:level=0, /var/lib/scylla/data/system/cdc_local-0bcaffd40c833eadad13dc1d5015b77c/md-532-big-Data.db:level=0, ]
2021-09-28T20:20:08.757753041Z  INFO  2021-09-28 20:20:08,757 [shard 1] compaction - [Compact system_schema.dropped_columns 79d28e50-2099-11ec-9298-000000000001] Compacting [/var/lib/scylla/data/system_schema/dropped_columns-5e7583b5f3f43af19a39b7e1d6f5f11f/md-503-big-Data.db:level=0, /var/lib/scylla/data/system_schema/dropped_columns-5e7583b5f3f43af19a39b7e1d6f5f11f/md-501-big-Data.db:level=0, ]
2021-09-28T20:20:10.255362465Z  INFO  2021-09-28 20:20:10,254 [shard 1] compaction - [Compact system_schema.triggers 77b8fd20-2099-11ec-9298-000000000001] Compacted 2 sstables to [/var/lib/scylla/data/system_schema/triggers-4df70b666b05325195a132b54005fd48/md-457-big-Data.db:level=0, ]. 78kB to 39kB (~50% of original) in 3522ms = 11kB/s. ~256 total partitions merged to 2.
2021-09-28T20:20:10.913039200Z  INFO  2021-09-28 20:20:10,912 [shard 0] compaction - [Compact system.local 7b1b6200-2099-11ec-8d19-000000000000] Compacting [/var/lib/scylla/data/system/local-7ad54392bcdd35a684174e047860b377/md-1060-big-Data.db:level=0, /var/lib/scylla/data/system/local-7ad54392bcdd35a684174e047860b377/md-1058-big-Data.db:level=0, ]
2021-09-28T20:20:10.915546684Z  INFO  2021-09-28 20:20:10,915 [shard 0] storage_service - Node 10.0.16.6 state jump to normal
2021-09-28T20:20:10.988822005Z  INFO  2021-09-28 20:20:10,987 [shard 0] cdc - Generation 2021/03/29 14:13:43: streams description table already updated.
2021-09-28T20:20:11.988702183Z  INFO  2021-09-28 20:20:11,988 [shard 1] compaction - [Compact system_schema.view_virtual_columns 7bbf9140-2099-11ec-9298-000000000001] Compacting [/var/lib/scylla/data/system_schema/view_virtual_columns-08843b6345dc3be29798a0418295cfaa/md-473-big-Data.db:level=0, /var/lib/scylla/data/system_schema/view_virtual_columns-08843b6345dc3be29798a0418295cfaa/md-471-big-Data.db:level=0, ]
2021-09-28T20:20:12.071894118Z  INFO  2021-09-28 20:20:12,071 [shard 0] compaction - [Compact system.cdc_local 79478c60-2099-11ec-8d19-000000000000] Compacted 2 sstables to [/var/lib/scylla/data/system/cdc_local-0bcaffd40c833eadad13dc1d5015b77c/md-536-big-Data.db:level=0, ]. 68kB to 63kB (~92% of original) in 3065ms = 20kB/s. ~256 total partitions merged to 2.
2021-09-28T20:20:13.746855800Z  INFO  2021-09-28 20:20:13,746 [shard 1] compaction - [Compact system_schema.dropped_columns 79d28e50-2099-11ec-9298-000000000001] Compacted 2 sstables to [/var/lib/scylla/data/system_schema/dropped_columns-5e7583b5f3f43af19a39b7e1d6f5f11f/md-505-big-Data.db:level=0, ]. 78kB to 39kB (~50% of original) in 3230ms = 12kB/s. ~256 total partitions merged to 2.
2021-09-28T20:20:14.572062793Z  INFO  2021-09-28 20:20:14,571 [shard 0] storage_service - NORMAL: node is now in normal status
2021-09-28T20:20:14.572697995Z  INFO  2021-09-28 20:20:14,572 [shard 0] cdc - Latest generation seen during startup: 2021/03/29 14:13:43
2021-09-28T20:20:14.574347716Z  INFO  2021-09-28 20:20:14,574 [shard 0] init - starting tracing
2021-09-28T20:20:14.575128498Z  INFO  2021-09-28 20:20:14,574 [shard 0] init - SSTable data integrity checker is disabled.
2021-09-28T20:20:14.575582956Z  INFO  2021-09-28 20:20:14,575 [shard 0] init - starting auth service
2021-09-28T20:20:14.577125898Z  INFO  2021-09-28 20:20:14,576 [shard 0] init - starting batchlog manager
2021-09-28T20:20:14.578204818Z  INFO  2021-09-28 20:20:14,577 [shard 0] init - starting load meter
2021-09-28T20:20:14.578710315Z  INFO  2021-09-28 20:20:14,578 [shard 0] init - starting cf cache hit rate calculator
2021-09-28T20:20:14.579315783Z  INFO  2021-09-28 20:20:14,579 [shard 0] init - starting view update backlog broker
2021-09-28T20:20:14.580200935Z  INFO  2021-09-28 20:20:14,579 [shard 0] init - Waiting for gossip to settle before accepting client requests...
2021-09-28T20:20:14.746434035Z  INFO  2021-09-28 20:20:14,745 [shard 0] compaction - [Compact system.local 7b1b6200-2099-11ec-8d19-000000000000] Compacted 2 sstables to [/var/lib/scylla/data/system/local-7ad54392bcdd35a684174e047860b377/md-1062-big-Data.db:level=0, ]. 18kB to 12kB (~66% of original) in 2750ms = 4kB/s. ~256 total partitions merged to 1.
2021-09-28T20:20:15.671841924Z  INFO  2021-09-28 20:20:15,671 [shard 1] compaction - [Compact system_schema.aggregates 7df18c70-2099-11ec-9298-000000000001] Compacting [/var/lib/scylla/data/system_schema/aggregates-924c55872e3a345bb10c12f37c1ba895/md-451-big-Data.db:level=0, /var/lib/scylla/data/system_schema/aggregates-924c55872e3a345bb10c12f37c1ba895/md-453-big-Data.db:level=0, ]
2021-09-28T20:20:16.903237002Z  INFO  2021-09-28 20:20:16,902 [shard 1] compaction - [Compact system_schema.view_virtual_columns 7bbf9140-2099-11ec-9298-000000000001] Compacted 2 sstables to [/var/lib/scylla/data/system_schema/view_virtual_columns-08843b6345dc3be29798a0418295cfaa/md-475-big-Data.db:level=0, ]. 85kB to 46kB (~54% of original) in 3682ms = 12kB/s. ~256 total partitions merged to 3.
2021-09-28T20:20:18.479137088Z  INFO  2021-09-28 20:20:18,478 [shard 1] compaction - [Compact system_schema.columns 7f9ddce0-2099-11ec-9298-000000000001] Compacting [/var/lib/scylla/data/system_schema/columns-24101c25a2ae3af787c1b40ee1aca33f/md-499-big-Data.db:level=0, /var/lib/scylla/data/system_schema/columns-24101c25a2ae3af787c1b40ee1aca33f/md-497-big-Data.db:level=0, ]
2021-09-28T20:20:19.756514896Z  INFO  2021-09-28 20:20:19,754 [shard 1] compaction - [Compact system_schema.aggregates 7df18c70-2099-11ec-9298-000000000001] Compacted 2 sstables to [/var/lib/scylla/data/system_schema/aggregates-924c55872e3a345bb10c12f37c1ba895/md-455-big-Data.db:level=0, ]. 78kB to 39kB (~50% of original) in 2806ms = 14kB/s. ~256 total partitions merged to 2.
2021-09-28T20:20:21.792225931Z  INFO  2021-09-28 20:20:21,791 [shard 1] compaction - [Compact system_schema.tables 819762f0-2099-11ec-9298-000000000001] Compacting [/var/lib/scylla/data/system_schema/tables-afddfb9dbc1e30688056eed6c302ba09/md-499-big-Data.db:level=0, /var/lib/scylla/data/system_schema/tables-afddfb9dbc1e30688056eed6c302ba09/md-497-big-Data.db:level=0, ]
2021-09-28T20:20:24.051329633Z  INFO  2021-09-28 20:20:24,049 [shard 1] compaction - [Compact system_schema.columns 7f9ddce0-2099-11ec-9298-000000000001] Compacted 2 sstables to [/var/lib/scylla/data/system_schema/columns-24101c25a2ae3af787c1b40ee1aca33f/md-501-big-Data.db:level=0, ]. 119kB to 73kB (~61% of original) in 3313ms = 22kB/s. ~256 total partitions merged to 6.
2021-09-28T20:20:25.975629622Z  INFO  2021-09-28 20:20:25,974 [shard 1] compaction - [Compact system_schema.scylla_tables 8415a960-2099-11ec-9298-000000000001] Compacting [/var/lib/scylla/data/system_schema/scylla_tables-5d912ff1f7593665b2c88042ab5103dd/md-495-big-Data.db:level=0, /var/lib/scylla/data/system_schema/scylla_tables-5d912ff1f7593665b2c88042ab5103dd/md-493-big-Data.db:level=0, ]
2021-09-28T20:20:26.582221113Z  INFO  2021-09-28 20:20:26,580 [shard 0] gossip - No gossip backlog; proceeding
2021-09-28T20:20:26.582274439Z  INFO  2021-09-28 20:20:26,581 [shard 0] init - allow replaying hints
2021-09-28T20:20:26.582287428Z  INFO  2021-09-28 20:20:26,581 [shard 0] init - Launching generate_mv_updates for non system tables
2021-09-28T20:20:26.582298841Z  INFO  2021-09-28 20:20:26,581 [shard 0] init - starting the view builder
2021-09-28T20:20:27.971280284Z  INFO  2021-09-28 20:20:27,970 [shard 1] compaction - [Compact system_schema.tables 819762f0-2099-11ec-9298-000000000001] Compacted 2 sstables to [/var/lib/scylla/data/system_schema/tables-afddfb9dbc1e30688056eed6c302ba09/md-501-big-Data.db:level=0, ]. 113kB to 69kB (~61% of original) in 4183ms = 16kB/s. ~256 total partitions merged to 6.
2021-09-28T20:20:28.690012373Z  INFO  2021-09-28 20:20:28,689 [shard 0] compaction - [Compact system.truncated 85b3f010-2099-11ec-8d19-000000000000] Compacting [/var/lib/scylla/data/system/truncated-38c19fd0fb863310a4b70d0cc66628aa/md-1034-big-Data.db:level=0, /var/lib/scylla/data/system/truncated-38c19fd0fb863310a4b70d0cc66628aa/md-1032-big-Data.db:level=0, ]
2021-09-28T20:20:28.690764122Z  INFO  2021-09-28 20:20:28,690 [shard 0] init - starting native transport
2021-09-28T20:20:28.692752685Z  INFO  2021-09-28 20:20:28,692 [shard 0] cql_server_controller - Starting listening for CQL clients on 10.0.16.6:9042 (unencrypted, non-shard-aware)
2021-09-28T20:20:28.693193727Z  INFO  2021-09-28 20:20:28,692 [shard 0] cql_server_controller - Starting listening for CQL clients on 10.0.16.6:19042 (unencrypted, shard-aware)
2021-09-28T20:20:28.694808480Z  INFO  2021-09-28 20:20:28,694 [shard 0] thrift_controller - Thrift server listening on 10.0.16.6:9160 ...
2021-09-28T20:20:28.695686928Z  INFO  2021-09-28 20:20:28,695 [shard 0] init - serving
2021-09-28T20:20:28.696085352Z  INFO  2021-09-28 20:20:28,695 [shard 0] init - Scylla version 4.4.4-0.20210801.69daa9fd0 initialization completed.
2021-09-28T20:20:28.781098012Z  INFO  2021-09-28 20:20:28,780 [shard 1] compaction - [Compact system_schema.views 85c1d2c0-2099-11ec-9298-000000000001] Compacting [/var/lib/scylla/data/system_schema/views-9786ac1cdd583201a7cdad556410c985/md-461-big-Data.db:level=0, /var/lib/scylla/data/system_schema/views-9786ac1cdd583201a7cdad556410c985/md-459-big-Data.db:level=0, ]
2021-09-28T20:20:29.125599320Z  INFO  2021-09-28 20:20:29,124 [shard 1] compaction - [Compact system_schema.scylla_tables 8415a960-2099-11ec-9298-000000000001] Compacted 2 sstables to [/var/lib/scylla/data/system_schema/scylla_tables-5d912ff1f7593665b2c88042ab5103dd/md-497-big-Data.db:level=0, ]. 81kB to 40kB (~50% of original) in 2804ms = 14kB/s. ~256 total partitions merged to 2.
2021-09-28T20:20:29.521361123Z  INFO  2021-09-28 20:20:29,520 [shard 0] compaction - [Compact system.truncated 85b3f010-2099-11ec-8d19-000000000000] Compacted 2 sstables to [/var/lib/scylla/data/system/truncated-38c19fd0fb863310a4b70d0cc66628aa/md-1036-big-Data.db:level=0, ]. 82kB to 76kB (~93% of original) in 590ms = 130kB/s. ~256 total partitions merged to 2.
2021-09-28T20:20:29.522574099Z  INFO  2021-09-28 20:20:29,521 [shard 1] compaction - [Compact system_schema.keyspaces 8632e410-2099-11ec-9298-000000000001] Compacting [/var/lib/scylla/data/system_schema/keyspaces-abac5682dea631c5b535b3d6cffd0fb6/md-489-big-Data.db:level=0, /var/lib/scylla/data/system_schema/keyspaces-abac5682dea631c5b535b3d6cffd0fb6/md-487-big-Data.db:level=0, ]
2021-09-28T20:20:29.692222307Z  INFO  2021-09-28 20:20:29,691 [shard 1] compaction - [Compact system_schema.views 85c1d2c0-2099-11ec-9298-000000000001] Compacted 2 sstables to [/var/lib/scylla/data/system_schema/views-9786ac1cdd583201a7cdad556410c985/md-463-big-Data.db:level=0, ]. 88kB to 48kB (~54% of original) in 740ms = 65kB/s. ~256 total partitions merged to 3.
2021-09-28T20:20:29.910463814Z  INFO  2021-09-28 20:20:29,909 [shard 1] compaction - [Compact system.compaction_history 866e1850-2099-11ec-9298-000000000001] Compacting [/var/lib/scylla/data/system/compaction_history-b4dbb7b4dc493fb5b3bfce6e434832ca/md-519-big-Data.db:level=0, /var/lib/scylla/data/system/compaction_history-b4dbb7b4dc493fb5b3bfce6e434832ca/md-517-big-Data.db:level=0, ]
2021-09-28T20:20:30.138205927Z  INFO  2021-09-28 20:20:30,136 [shard 1] compaction - [Compact system_schema.keyspaces 8632e410-2099-11ec-9298-000000000001] Compacted 2 sstables to [/var/lib/scylla/data/system_schema/keyspaces-abac5682dea631c5b535b3d6cffd0fb6/md-491-big-Data.db:level=0, ]. 100kB to 61kB (~61% of original) in 387ms = 159kB/s. ~256 total partitions merged to 6.
2021-09-28T20:20:30.584967869Z  INFO  2021-09-28 20:20:30,583 [shard 1] compaction - [Compact system.compaction_history 866e1850-2099-11ec-9298-000000000001] Compacted 2 sstables to [/var/lib/scylla/data/system/compaction_history-b4dbb7b4dc493fb5b3bfce6e434832ca/md-523-big-Data.db:level=0, ]. 192kB to 109kB (~57% of original) in 573ms = 191kB/s. ~384 total partitions merged to 172.
2021-09-28T20:21:42.423778047Z  INFO  2021-09-28 20:21:42,423 [shard 1] compaction - [Compact system.clients b1a6b360-2099-11ec-9298-000000000001] Compacting [/var/lib/scylla/data/system/clients-ca0f635d863036098d93a1fc06f2a5e5/md-39-big-Data.db:level=0, /var/lib/scylla/data/system/clients-ca0f635d863036098d93a1fc06f2a5e5/md-37-big-Data.db:level=0, ]
2021-09-28T20:21:42.807635882Z  INFO  2021-09-28 20:21:42,807 [shard 1] compaction - [Compact system.clients b1e17270-2099-11ec-9298-000000000001] Compacting [/var/lib/scylla/data/system/clients-ca0f635d863036098d93a1fc06f2a5e5/md-41-big-Data.db:level=0, /var/lib/scylla/data/system/clients-ca0f635d863036098d93a1fc06f2a5e5/md-43-big-Data.db:level=0, ]
2021-09-28T20:21:43.183139776Z  INFO  2021-09-28 20:21:43,182 [shard 1] compaction - [Compact system.clients b1a6b360-2099-11ec-9298-000000000001] Compacted 2 sstables to [/var/lib/scylla/data/system/clients-ca0f635d863036098d93a1fc06f2a5e5/md-45-big-Data.db:level=0, ]. 30kB to 6kB (~19% of original) in 383ms = 15kB/s. ~256 total partitions merged to 1.
2021-09-28T20:21:44.568272442Z  INFO  2021-09-28 20:21:44,567 [shard 1] compaction - [Compact system.clients b2ee0070-2099-11ec-9298-000000000001] Compacting [/var/lib/scylla/data/system/clients-ca0f635d863036098d93a1fc06f2a5e5/md-45-big-Data.db:level=0, /var/lib/scylla/data/system/clients-ca0f635d863036098d93a1fc06f2a5e5/md-49-big-Data.db:level=0, ]
2021-09-28T20:21:45.732970048Z  INFO  2021-09-28 20:21:45,731 [shard 1] compaction - [Compact system.clients b1e17270-2099-11ec-9298-000000000001] Compacted 2 sstables to [/var/lib/scylla/data/system/clients-ca0f635d863036098d93a1fc06f2a5e5/md-47-big-Data.db:level=0, ]. 15kB to 7kB (~48% of original) in 1759ms = 4kB/s. ~256 total partitions merged to 1.
2021-09-28T20:21:47.341611016Z  INFO  2021-09-28 20:21:47,341 [shard 1] compaction - [Compact system.clients b49520c0-2099-11ec-9298-000000000001] Compacting [/var/lib/scylla/data/system/clients-ca0f635d863036098d93a1fc06f2a5e5/md-47-big-Data.db:level=0, /var/lib/scylla/data/system/clients-ca0f635d863036098d93a1fc06f2a5e5/md-51-big-Data.db:level=0, /var/lib/scylla/data/system/clients-ca0f635d863036098d93a1fc06f2a5e5/md-57-big-Data.db:level=0, /var/lib/scylla/data/system/clients-ca0f635d863036098d93a1fc06f2a5e5/md-55-big-Data.db:level=0, /var/lib/scylla/data/system/clients-ca0f635d863036098d93a1fc06f2a5e5/md-61-big-Data.db:level=0, /var/lib/scylla/data/system/clients-ca0f635d863036098d93a1fc06f2a5e5/md-53-big-Data.db:level=0, /var/lib/scylla/data/system/clients-ca0f635d863036098d93a1fc06f2a5e5/md-65-big-Data.db:level=0, /var/lib/scylla/data/system/clients-ca0f635d863036098d93a1fc06f2a5e5/md-59-big-Data.db:level=0, ]
2021-09-28T20:21:48.266738357Z  INFO  2021-09-28 20:21:48,265 [shard 1] compaction - [Compact system.clients b2ee0070-2099-11ec-9298-000000000001] Compacted 2 sstables to [/var/lib/scylla/data/system/clients-ca0f635d863036098d93a1fc06f2a5e5/md-63-big-Data.db:level=0, ]. 27kB to 12kB (~43% of original) in 2772ms = 4kB/s. ~256 total partitions merged to 1.
2021-09-28T20:21:50.034148292Z  INFO  2021-09-28 20:21:50,033 [shard 1] compaction - [Compact system.clients b6300c10-2099-11ec-9298-000000000001] Compacting [/var/lib/scylla/data/system/clients-ca0f635d863036098d93a1fc06f2a5e5/md-63-big-Data.db:level=0, /var/lib/scylla/data/system/clients-ca0f635d863036098d93a1fc06f2a5e5/md-77-big-Data.db:level=0, /var/lib/scylla/data/system/clients-ca0f635d863036098d93a1fc06f2a5e5/md-73-big-Data.db:level=0, /var/lib/scylla/data/system/clients-ca0f635d863036098d93a1fc06f2a5e5/md-75-big-Data.db:level=0, /var/lib/scylla/data/system/clients-ca0f635d863036098d93a1fc06f2a5e5/md-69-big-Data.db:level=0, /var/lib/scylla/data/system/clients-ca0f635d863036098d93a1fc06f2a5e5/md-81-big-Data.db:level=0, /var/lib/scylla/data/system/clients-ca0f635d863036098d93a1fc06f2a5e5/md-71-big-Data.db:level=0, /var/lib/scylla/data/system/clients-ca0f635d863036098d93a1fc06f2a5e5/md-67-big-Data.db:level=0, ]
2021-09-28T20:21:51.268932500Z  INFO  2021-09-28 20:21:51,267 [shard 1] compaction - [Compact system.clients b49520c0-2099-11ec-9298-000000000001] Compacted 8 sstables to [/var/lib/scylla/data/system/clients-ca0f635d863036098d93a1fc06f2a5e5/md-79-big-Data.db:level=0, ]. 85kB to 22kB (~26% of original) in 2689ms = 8kB/s. ~1024 total partitions merged to 1.
2021-09-28T20:21:53.096396770Z  INFO  2021-09-28 20:21:53,095 [shard 1] compaction - [Compact system.clients b8034570-2099-11ec-9298-000000000001] Compacting [/var/lib/scylla/data/system/clients-ca0f635d863036098d93a1fc06f2a5e5/md-93-big-Data.db:level=0, /var/lib/scylla/data/system/clients-ca0f635d863036098d93a1fc06f2a5e5/md-87-big-Data.db:level=0, /var/lib/scylla/data/system/clients-ca0f635d863036098d93a1fc06f2a5e5/md-89-big-Data.db:level=0, /var/lib/scylla/data/system/clients-ca0f635d863036098d93a1fc06f2a5e5/md-91-big-Data.db:level=0, /var/lib/scylla/data/system/clients-ca0f635d863036098d93a1fc06f2a5e5/md-83-big-Data.db:level=0, /var/lib/scylla/data/system/clients-ca0f635d863036098d93a1fc06f2a5e5/md-85-big-Data.db:level=0, /var/lib/scylla/data/system/clients-ca0f635d863036098d93a1fc06f2a5e5/md-79-big-Data.db:level=0, ]
2021-09-28T20:21:54.647874428Z  INFO  2021-09-28 20:21:54,647 [shard 1] compaction - [Compact system.clients b6300c10-2099-11ec-9298-000000000001] Compacted 8 sstables to [/var/lib/scylla/data/system/clients-ca0f635d863036098d93a1fc06f2a5e5/md-95-big-Data.db:level=0, ]. 104kB to 32kB (~30% of original) in 3060ms = 10kB/s. ~1024 total partitions merged to 1.
2021-09-28T20:21:56.507285772Z  INFO  2021-09-28 20:21:56,506 [shard 1] compaction - [Compact system.clients ba0bbfa0-2099-11ec-9298-000000000001] Compacting [/var/lib/scylla/data/system/clients-ca0f635d863036098d93a1fc06f2a5e5/md-97-big-Data.db:level=0, /var/lib/scylla/data/system/clients-ca0f635d863036098d93a1fc06f2a5e5/md-105-big-Data.db:level=0, /var/lib/scylla/data/system/clients-ca0f635d863036098d93a1fc06f2a5e5/md-103-big-Data.db:level=0, /var/lib/scylla/data/system/clients-ca0f635d863036098d93a1fc06f2a5e5/md-101-big-Data.db:level=0, /var/lib/scylla/data/system/clients-ca0f635d863036098d93a1fc06f2a5e5/md-107-big-Data.db:level=0, /var/lib/scylla/data/system/clients-ca0f635d863036098d93a1fc06f2a5e5/md-99-big-Data.db:level=0, /var/lib/scylla/data/system/clients-ca0f635d863036098d93a1fc06f2a5e5/md-111-big-Data.db:level=0, /var/lib/scylla/data/system/clients-ca0f635d863036098d93a1fc06f2a5e5/md-95-big-Data.db:level=0, ]
2021-09-28T20:21:57.305022876Z  INFO  2021-09-28 20:21:57,303 [shard 1] compaction - [Compact system.clients b8034570-2099-11ec-9298-000000000001] Compacted 7 sstables to [/var/lib/scylla/data/system/clients-ca0f635d863036098d93a1fc06f2a5e5/md-109-big-Data.db:level=0, ]. 96kB to 36kB (~38% of original) in 3410ms = 10kB/s. ~896 total partitions merged to 1.
2021-09-28T20:21:57.900530290Z  INFO  2021-09-28 20:21:57,899 [shard 1] compaction - [Compact system.clients bae04db0-2099-11ec-9298-000000000001] Compacting [/var/lib/scylla/data/system/clients-ca0f635d863036098d93a1fc06f2a5e5/md-113-big-Data.db:level=0, /var/lib/scylla/data/system/clients-ca0f635d863036098d93a1fc06f2a5e5/md-121-big-Data.db:level=0, /var/lib/scylla/data/system/clients-ca0f635d863036098d93a1fc06f2a5e5/md-119-big-Data.db:level=0, /var/lib/scylla/data/system/clients-ca0f635d863036098d93a1fc06f2a5e5/md-117-big-Data.db:level=0, /var/lib/scylla/data/system/clients-ca0f635d863036098d93a1fc06f2a5e5/md-115-big-Data.db:level=0, /var/lib/scylla/data/system/clients-ca0f635d863036098d93a1fc06f2a5e5/md-109-big-Data.db:level=0, ]
2021-09-28T20:21:58.185547249Z  INFO  2021-09-28 20:21:58,182 [shard 1] compaction - [Compact system.clients ba0bbfa0-2099-11ec-9298-000000000001] Compacted 8 sstables to [/var/lib/scylla/data/system/clients-ca0f635d863036098d93a1fc06f2a5e5/md-123-big-Data.db:level=0, ]. 126kB to 51kB (~41% of original) in 1393ms = 37kB/s. ~1024 total partitions merged to 1.
2021-09-28T20:21:58.509987165Z  INFO  2021-09-28 20:21:58,509 [shard 1] compaction - [Compact system.compaction_history bb3d61d0-2099-11ec-9298-000000000001] Compacting [/var/lib/scylla/data/system/compaction_history-b4dbb7b4dc493fb5b3bfce6e434832ca/md-525-big-Data.db:level=0, /var/lib/scylla/data/system/compaction_history-b4dbb7b4dc493fb5b3bfce6e434832ca/md-523-big-Data.db:level=0, ]
2021-09-28T20:21:58.762282349Z  INFO  2021-09-28 20:21:58,760 [shard 1] compaction - [Compact system.clients bae04db0-2099-11ec-9298-000000000001] Compacted 6 sstables to [/var/lib/scylla/data/system/clients-ca0f635d863036098d93a1fc06f2a5e5/md-125-big-Data.db:level=0, ]. 90kB to 45kB (~50% of original) in 609ms = 75kB/s. ~768 total partitions merged to 1.
2021-09-28T20:21:59.142511769Z  INFO  2021-09-28 20:21:59,141 [shard 1] compaction - [Compact system.clients bb9dd150-2099-11ec-9298-000000000001] Compacting [/var/lib/scylla/data/system/clients-ca0f635d863036098d93a1fc06f2a5e5/md-125-big-Data.db:level=0, /var/lib/scylla/data/system/clients-ca0f635d863036098d93a1fc06f2a5e5/md-123-big-Data.db:level=0, ]
2021-09-28T20:21:59.154082132Z  INFO  2021-09-28 20:21:59,153 [shard 1] compaction - [Compact system_schema.computed_columns bb9fa610-2099-11ec-9298-000000000001] Compacting [/var/lib/scylla/data/system_schema/computed_columns-cc7c7069374033c192a4c3de78dbd2c4/md-505-big-Data.db:level=0, /var/lib/scylla/data/system_schema/computed_columns-cc7c7069374033c192a4c3de78dbd2c4/md-503-big-Data.db:level=0, ]
2021-09-28T20:21:59.400962269Z  INFO  2021-09-28 20:21:59,400 [shard 1] compaction - [Compact system.compaction_history bb3d61d0-2099-11ec-9298-000000000001] Compacted 2 sstables to [/var/lib/scylla/data/system/compaction_history-b4dbb7b4dc493fb5b3bfce6e434832ca/md-527-big-Data.db:level=0, ]. 185kB to 110kB (~59% of original) in 631ms = 175kB/s. ~384 total partitions merged to 182.
2021-09-28T20:21:59.518266385Z  INFO  2021-09-28 20:21:59,517 [shard 1] compaction - [Compact system.clients bb9dd150-2099-11ec-9298-000000000001] Compacted 2 sstables to []. 97kB to 0 bytes (~0% of original) in 12ms = 0 bytes/s. ~256 total partitions merged to 0.
2021-09-28T20:21:59.896454751Z  INFO  2021-09-28 20:21:59,895 [shard 1] compaction - [Compact system_schema.computed_columns bb9fa610-2099-11ec-9298-000000000001] Compacted 2 sstables to [/var/lib/scylla/data/system_schema/computed_columns-cc7c7069374033c192a4c3de78dbd2c4/md-507-big-Data.db:level=0, ]. 85kB to 46kB (~54% of original) in 633ms = 73kB/s. ~256 total partitions merged to 3.
