2021-09-28T20:21:40.161579233Z 0 hC3P7pijdEF5V1CGgiKvGS7gf0VttqDJzJqIkbtH6MVMcKbxUEwU1cKGQY2QAA
2021-09-28T20:21:40.164006131Z 1 9aVG2ayZdBQjU52D72xIdoOhyal3C4ubmo8BAsqOWteXwUUQVNghum5mpZ70V7
2021-09-28T20:21:40.165916075Z 2 8vsQvJpfxo8kbLwtvOKYHWPfnKGyhoSplChkkOzhM0umQqm9j8GrLqYpaJPPHR
2021-09-28T20:21:40.168663549Z 3 poe5Kv0ikMM1U2fNFp2Lx4X4K5fTP3YLb4nrgQPXiL8rIJ2Vn7rDjCDxIaFg0p
2021-09-28T20:21:40.171352313Z 4 INTW5oTw4ejyuCbkdyBKbc3JFgyRDbqxsJEMxGGyuWhWe2NYSTyaSx6NM9LoLI
2021-09-28T20:21:40.173786498Z 5 62Rukgqavo9dJMt8DcxsJWz8cq7oFykmUVfkesL6hgIQ0Tvego8yIB19GzavCq
2021-09-28T20:21:40.175960256Z 6 t5NBcE2njyfICbvDI7svDthWEFeDoLsQG15aG4gRP5G75V5pENAaHB5qfzxhn0
2021-09-28T20:21:40.177908189Z 7 E4s2fUhUyOHiaAT9Iv8PuOf0hlME4zZ3OKu5dseAKHILC7pSQXZVtSjs51jTy2
2021-09-28T20:21:40.179648897Z 8 lJpcFbR1OMJm17egUJB89BuJ6NX5IDoIQ5PDahA5Mg049Qm2vfMBDiS0Nj6NSV
2021-09-28T20:21:40.182493254Z 9 X6hVe9lZqB9iLmUzss0AsJnSRhh9yL4DsjBUKbsp7xbjn7j3sy302fAU0UzSAV
2021-09-28T20:21:40.185042121Z 10 omEbr4cxf0ZENWD95pkKiClJW0xJ7CoU7dE4zkBT0XHSW4HJGeE23A5n6Zsbk
2021-09-28T20:21:40.186491101Z 11 mSlluS7A7lyv6zDn3eR9oRmMb3lNY1d5okAfgm2gh8jt52RZx4ee9OPsIRcsb
2021-09-28T20:21:40.189058888Z 12 AjbsAB8KrvVvJg81kvEQKjfKpG2OHeuIYbgWLWyPy5rrUcA79AmsVdrt6l2Ov
2021-09-28T20:21:40.190522298Z 13 lZAHYasZkvoF4oYU3o6CUFKK4do5zD5YVMxlDvVQxO6TA1cKmupkMkYGk1AtC
2021-09-28T20:21:40.193248204Z 14 tLCYIxcTC8MLK49xhhpR789u58nsM3qvHceA9eNLfWnlrEgvWRWv7D6S57QWQ
2021-09-28T20:21:40.195488854Z 15 hS0vSxbVbESjtUP1RlftpZrPGFIUE55Y2FldMLhhIuMLBJjZGGwRPANTEjC7q
2021-09-28T20:21:40.196772645Z 16 8qDrik1yAKHCmCmP73BT0h6buyX5baL0Sc8kd2v0FSBgzXNtRVbqsrXoYd7dA
2021-09-28T20:21:40.199100449Z 17 Ux27U0ohmBHRcCR6TL7aDzahIKzSz2wepmPEYIAoMi8qDr6uslwmYl2elrrns
2021-09-28T20:21:40.201614704Z 18 0rf3bwIf2WOWDCDoqKp3hheruHhOubDGhSQZVJQRgfS9I1j6jIPFnrgNi3vwI
2021-09-28T20:21:40.204180680Z 19 vLA8OCt5L2x1hWzUXabHMw5kNNnXvuEh1JDSmMj8YRyHqAffqNUm7jMXEHZOU
2021-09-28T20:21:40.205804504Z 20 VOL7iiJtmO9qYUz7hP0I4OVw3POYrHT48OQmvgJ7CAFxpA3Ncie2fBasWgWUO
2021-09-28T20:21:40.207614370Z 21 TqQKxc5aavPd8UAfPUcz7lYuzvDGjvTP0OglJkmEsbGQUYMVoWp9zjdG9NWMt
2021-09-28T20:21:40.210494046Z 22 csiSyjk8xVJpS4aWAETrlX7QllJhnnji8C9l158TerE1BLz6xTrgUlIdKNMup
2021-09-28T20:21:40.213321817Z 23 CDQHjM2o6PDEk1nJibXaVD9UEvGueAfi0xU0jD5UH8N0uBDKEvXBw2UsDUWvp
2021-09-28T20:21:40.214770260Z 24 0vDhCIS1jq4T4sJIUDM6wKSwIGsWrwcFcKYIM91juDeWwLaojiLAEEW5mWtHz
2021-09-28T20:21:40.217089382Z 25 EbwfNajKsvhMrTPTDIJQKxKxgQ78JDFRYgWxSK8RSJonJS2z5Ifzy29AaDyXn
2021-09-28T20:21:40.219071448Z 26 Iod4LKYgsYkAHaSeYUqRUprMMnoqFD09sRE1m5dC9rAg9vSAc7IWwCna0bgZX
2021-09-28T20:21:40.221745543Z 27 FeHrV6zDpPbIKXkx3E7rNlRaJUv8BL2tqC96Asg1BMWsXhAVb4UCRhRHD2Lmt
2021-09-28T20:21:40.224419356Z 28 IELuTQRB90MJrTlo1xjzzkBHF9hC9b3EZQmhzIe2o56DtW5ezdZ03HRuq86ED
2021-09-28T20:21:40.227086306Z 29 XINmMH4PzdssgX1qysMzWjpgvOyoIMtV0c75LbNJgEqRSh5ywWAfG4k5fUkmS
2021-09-28T20:21:40.228653911Z 30 F3eZg9mA9zpXO7nWsf5a3EMbGqrQ59YPC3HoRjN9v4VX1zZICUm9B4KRat8Ar
2021-09-28T20:21:40.231685072Z 31 8M17XztnXunQzSpA2CfW1dTzsgC8dtE4snbHJ2Hxj62tb1IMX8bnmYzlTvHXF
2021-09-28T20:21:40.234191307Z 32 GZKHJDWrBeaw4xiQsuoVV4HqrwuPwyzMg70BKR6kIi6iVL4aQ4Pu8j9xVQczN
2021-09-28T20:21:40.235881288Z 33 WaKlrQV58H3WjRMwMy8uE68sOSPpD6E6NEj42fOJVNlklXcQgMtS0lcQnAn1C
2021-09-28T20:21:40.238276562Z 34 9kWUEZ1x6MZkNRDcPG3jiewnXuJUsNFjVVYSKoIfDIwYCJeBcW7BEVwzkD7JM
2021-09-28T20:21:40.241572849Z 35 C1Q5C1Eqy1eyj9XoG59aVHfh6RVEl6Y6dXK84ax1yVKf17P8atFZ3jvkI4VmA
2021-09-28T20:21:40.244221588Z 36 IWJolxpQ9aqustFDgNpJKzlt2owpxZBQUkMgLhw7jnAsGedTAmixEgac4JKwo
2021-09-28T20:21:40.245566719Z 37 vUD1OYAE3o2qzGW4tIzSVBvnVRMw6AsFBS5Qdx4VG0HMCYiaAJcx5CaKwr41o
2021-09-28T20:21:40.247812673Z 38 bhCwOx6w42uDIciljSw8UjuWd04KnR2KdlwPhpTD2TNZJSBakmDYNNNG5wWfc
2021-09-28T20:21:40.250082982Z 39 IbTPzQaPYZIQqerrPosA2JlcJRmRSIa4JbTiqRYEKSg9Xg8UECWwVlNGamVKY
2021-09-28T20:21:40.252668392Z 40 9cmymUQfySwgNQo7HfXhStUVD46rLmhVafxy0B7ebsfuyKI2WiPOaeyWxq8zF
2021-09-28T20:21:40.254894567Z 41 An8m0q96UjS6llgCUHG4vFCJmB7Y6pydH15V3lZ4NrfIxUM6CmrIxHvFOkjtj
2021-09-28T20:21:40.257671706Z 42 eyXoi4EXeGfbgVzGKRZiV5H7hSWVqzJAOnCr5dYpxbCPpMCvWmFcP6fQlREIF
2021-09-28T20:21:40.259591048Z 43 IDRwIIdG0i8OtDdXAgNFPVhWTDYD6ird7ZY1kbGt8z2SmkVzmGrBqzkU6x5Hq
2021-09-28T20:21:40.262475360Z 44 topMAOUzA4yRwFpd9CtKhJHsPblArKUj8W0CeU7fRKso4ZkJ2pXhrVGa82q0W
2021-09-28T20:21:40.265523857Z 45 mOtlGY6UE6W3rZN7QBYIMM55nHTYo9UQyVakk8HeO93F0QhUYE0yxeBme50ZG
2021-09-28T20:21:40.267756890Z 46 4UdsV4OLFA8TAT8IrNg0K8Eq5NLeVlRut7NK2p3NcF6lx29xzh7a4lnoN3TJN
2021-09-28T20:21:40.269538392Z 47 vMSGuka4P55XIelOIbhixwixkyA51C4C1YFZKk4QKWqr6six96JYL2AtOpBfr
2021-09-28T20:21:40.272608026Z 48 jKi5rMddprKubtnUzH6owqyJR3giDgpvTzk10GboJTEOYCZdlwxtRaWDkDFdp
2021-09-28T20:21:40.274576638Z 49 o8EnfDgHxCik8oqq6Dy4esARiVggicBwpJ8IRdUbBbBC9Gu0chZP4zw8ecKF9
2021-09-28T20:21:40.276513012Z 50 7puJsPjAxtQoc2OBGm3gac4hAUE17PVd70IxV1ekUScMUsZwW1BmNfSZaMa1N
2021-09-28T20:21:40.278667148Z 51 Pcvl89UD9sR6eczBOrKsr0vVefuS36pZZ2Ie5g9Cm4YkgGstNVudFf9J3Z4oR
2021-09-28T20:21:40.281652139Z 52 1o8RDjvVCK6qvbd0Tr8fOl8qsMSvcx6TFk0CZQchL2bXon0WHsZHkP5NfXOb8
2021-09-28T20:21:40.284036915Z 53 md1MsrAKTr0EWhaVChhiQKpt9EHhZwTEeuHU0Ef0WZK03zRjQaoIY6lMLjn4m
2021-09-28T20:21:40.286366200Z 54 MaXKdDVGisiAyCusAeRKOazvRBumFj6VrrNz67uuYH0IMQ5IRY8pIASWlzUk0
2021-09-28T20:21:40.287804136Z 55 Yj8kFSLDg6Sc1SI00ECqYXDNAmghaeI6ERdQ7bSRY1U6IyRRU86wFsDjm3cKi
2021-09-28T20:21:40.290027539Z 56 dgS9b6rYpw508hs779KegefXJ3fwSUBnZEyxqKtkz2c13sKId10B47aWm5gh0
2021-09-28T20:21:40.292434158Z 57 bIzIj9A1P0p3oQFU3QfULF0wP4ZhPmI1Uf6DfvmFfhWMG8HZ3x1kYILbBkmuQ
2021-09-28T20:21:40.293671825Z 58 p6uSZJBkNHLeCo1apzFKESE5TzaA7pRi2FAMPBBniytII6xOh3rTQZnir79vt
2021-09-28T20:21:40.295527995Z 59 82A29BIuT5CcOWTePL1VYAljE11na6tFO6l4jAdpgxhrtlkZ8GMkxYhy0CEjp
2021-09-28T20:21:40.297502289Z 60 LQAzxarceYLTPEkQ36TLigsFhaxXgtsEeGwZy0U2ptmJw2Uf42ne63DioDKIg
2021-09-28T20:21:40.300372154Z 61 Om4hGrKrFRMtx0pe77cweIeXBzxuZkK1bL6M94lAe1uzDTk3i540La091HMIV
2021-09-28T20:21:40.302532331Z 62 ElVv1bK0BN93AnXENQyo9vMSkwjb1ITpJc2xS3t65yvXsyzmeHU52rThp5dfh
2021-09-28T20:21:40.305703318Z 63 fV1vR5M2BLuboY10GLSCSO6DAoFCx4BHaJTNJcy9444gpBEch7aOVWbx2dafh
2021-09-28T20:21:40.307725063Z 64 qiIckIEc8QXWlBxkcbBmW1B2xdAxyzw0nvqETpBZILFMR3WECpMo9E29haYUi
2021-09-28T20:21:40.309760286Z 65 O9PxbAA7cokPmgdxxOaOt34YCQvglmmDPdjsuoPRyIfPfYsQ0V46kqdeVY7qs
2021-09-28T20:21:40.311720762Z 66 FP9bLg03e6NPwqvXjDR3Um44KHGY6GfiZDTM2vta3xhHrT8GaAyi18LfU5J9A
2021-09-28T20:21:40.313512441Z 67 vND7dLWo9PSZVODKHPmQLcaw9ISXrklMlch0MRBWKT4Z4C1UA2qRjS5wgdgsE
2021-09-28T20:21:40.315640217Z 68 285wmIaqe0mP7i9r1YRXzHsCxYbfWgVCtWERn1vgSi2CXYSRxuaGaIhujB3gx
2021-09-28T20:21:40.318509179Z 69 02XB8JzkAwo4uZmLyQv2TwjUeP6D2lh9wASUuciGuxFxoJVON2eL9LYGrcLwN
2021-09-28T20:21:40.321570111Z 70 b6vWczxrbortRUvc5gc7eHHpNMSsUOCZLL152jjaa4N99WTjcknoTHCLzLulP
2021-09-28T20:21:40.324479679Z 71 GOOuccWimjs358x3cTh2Xkjsm03RDRcyV3gI910gl16WXdXmBkADonkr4UPxF
2021-09-28T20:21:40.325626396Z 72 FnKG57pJGceX3Mpa2EFSdmkPDTFuPFiIdVHrRDLh7OiSfjYrFBFdpYUXraKhf
2021-09-28T20:21:40.327640864Z 73 TQ3cCP9sVtmTUv99mka05EitRTVBSRfS1n10vEe8hVotYZACC7fXBsrbyHDeb
2021-09-28T20:21:40.329574388Z 74 L1NibxbhjPsCUBmpH2pPXzPN5ZFSWQTCUtrtukge2AUHdUGyd4nInB81J3lJf
2021-09-28T20:21:40.332553735Z 75 Gi5M8nIXC7nl9MoeJizII8rePUlGxJCIX7a6wGDpgvRIYaoqRhXyIkNU7lTBL
2021-09-28T20:21:40.335014627Z 76 6ERbvFWpKhRL2WnEVGP4MvGUhKwTmxp7k8rzAck5trhIJEm7IMwPeOnNMK4d3
2021-09-28T20:21:40.337194122Z 77 9j1a33gENf6SWhK6UdazDLKGup7btf6qxwjvG12c2DNuIMcnvQ4UhjiP9OapM
2021-09-28T20:21:40.339544284Z 78 f3V2SnrNzEih5OBHUuLS4iUk8uHSytm6jZIUPBUtLKBLssSnmYkPd3t9UiOWS
2021-09-28T20:21:40.342516604Z 79 SfvJ2B4IMiNZ0ZQ5U06j8kxjPEyHS0zLwNOMr1yvfJW4fI65GtrVK4Isx4C3b
2021-09-28T20:21:40.344765816Z 80 kY7WSjqLrBePcU1aR8uqZjo5X25l7Q1mEtistHD9WCmwazvw2uyL2HZwvouEE
2021-09-28T20:21:40.347017224Z 81 AGP9NoULOb23WzsrVRIdvTaYRsjYuJ2zeG9NWAEDjmkNacavwAtWWwphhAYXS
2021-09-28T20:21:40.349261194Z 82 6MeBQmZkn4EilLbdIhQ6dZEui2SM8DzWet3CestObnngv6boUpesGitEhVHCX
2021-09-28T20:21:40.351547875Z 83 5fTM8bfRiAwGXgHPB4GDyH4vU1DbmadPaq4YMujbjtud1WMriqdYr8Aapd4ml
2021-09-28T20:21:40.354573403Z 84 Db0VF5pIVOBbXNIKY4kf1cRE0QnZ1tA1dAzhiZJuhn6TuzMwhAGY12hfC0OQR
2021-09-28T20:21:40.357575789Z 85 3PFk4uejG72l2l23G1nASN0NvQMpTtP2AG95bk9ep4Rk0EoiTbve3j0SN5Vt1
2021-09-28T20:21:40.360654862Z 86 EBO313FMh4wC1KB2pyR7jTYsn7OnhVNNXTizYbuv729XuE7DsXo6rRaXWiTTu
2021-09-28T20:21:40.363553730Z 87 zWtLkiiMnWnKEgqSmV1n2SjrOvKZ2sCykNwxsCi9w3qrblOX45X1Xp6HcwvV1
2021-09-28T20:21:40.365710259Z 88 6H99NpZP76nJystaZINzsE3nk8inX9QSJ3spseyPjABkzcYYTQq3OjZVBfNTs
2021-09-28T20:21:40.368531591Z 89 1Z3S51zQUZORtY0HTSWaAelfPkRe99kCtp8kaGwJNojKX5Ro8jo30o8ofrF51
2021-09-28T20:21:40.371102773Z 90 JTylji0HDLdZ1xlFV4KZYPOMwfYrcogMmPS9WeKd2TUpJgoU8yXUKezulzqyX
2021-09-28T20:21:40.372905948Z 91 W21qucTQ6SUIerBKrBMAHpAhGBkZcKgUl3W4PP62p2cQpPPepBYbrs8BiihkU
2021-09-28T20:21:40.374654401Z 92 qKCiMZNrn1wOIlZQK9rMxXUA02P5p6236aZGWSLxHTDxZIZkJS1ajzdEA3QMm
2021-09-28T20:21:40.376546106Z 93 NcU9BQMk7m6eXLYVOiFlQBqmNpphVOdNPd6C0vVsU4WEalYSgmZxcwa3cMDKl
2021-09-28T20:21:40.378904360Z 94 fcyNevt3RzM0CvG5fKGWsyHSUBKgyMNUEaVphwxvkZOBUkq3XGM4pvEHY23QG
2021-09-28T20:21:40.381252191Z 95 vNl9KOJJZR8QFP3rmpR4LwZAmLbYFQ4rU0Z9j6yltIL44zgRaYXTkzMjBB3DA
2021-09-28T20:21:40.382797937Z 96 bpVoaoaC5E5p2crGOD4m5LwcEg4kkysoAWnKFoDUXkQVjZTCI2qrovplJRGyd
2021-09-28T20:21:40.384906271Z 97 wTVTWi6aB5XJcrZfdBpcsLB24Df8UX87tWXfa7C2jXVkiLIT9kWmC2Q4Ltqq2
2021-09-28T20:21:40.386522913Z 98 cHFJnZEG8xFZU1bzNcDXV8vaw8iBUUyt96t36n9lAvMjpjPWjbMipgS3dBybW
2021-09-28T20:21:40.389450176Z 99 03L21tTARTlLKdUWSU9fzqxTSJ8myCiuzBB6YhILmLWswyMEAenhYpzoPmiX3
2021-09-28T20:21:40.391177084Z 100 YIucVtoSye7rHg2sFFck95Jm9qsbgq1EPMZD12Ci8PiHwV1UjFRHSZtlHriW
2021-09-28T20:21:40.393534344Z 101 1FA85SGHW3JylSyfz8h5RARJMA3y754b6NwdUQ5vL3bKZhJZZAKnzz5HBWDp
2021-09-28T20:21:40.396322760Z 102 mR5CzxgDs3SKkjesUvx7dByL2hlHrCuVyP48IBIIAff7ak7UQaXylUjE8SHf
2021-09-28T20:21:40.398516767Z 103 aaSTgmBtU8GEQkxJ332cCHcskG4d4VKk3CJxLaksfLThwhNqDydTpIN9BZEX
2021-09-28T20:21:40.401601174Z 104 JhlmxFEe9ijAtJh2oZq90r0YS51wbPOuLEflaNLKOxXPiz0F6E0WcOZpp0O3
2021-09-28T20:21:40.403650310Z 105 qQBjk6iKRWggaaKzktII62dMd6lK0jgkLNjrUNqLHbdxuO6soKEbwMK39QgY
2021-09-28T20:21:40.405546541Z 106 MVo9qDPPgykLkaHl6DXmNDsicmA9RShwDXzA8J1E6IXjqDBIY9RIFfZEau07
2021-09-28T20:21:40.408552157Z 107 DOqoSZgN7eEkIJCNUPxVTg1anerbN2Xc1XiTpkUK2KgoV4Xm0dRCZqT9wNy3
2021-09-28T20:21:40.411525668Z 108 BSRs78ah5qEm4zgobr70U3qiz2Rm3rkfSbkLuFDkfJ3Vyzp4htA9lk8A2RhV
2021-09-28T20:21:40.413651425Z 109 YfzucqZHzWIGInbjcBTqvV3DcvUgotPcrWvtQAls7K5PRx415bkaXekn4g24
2021-09-28T20:21:40.415697507Z 110 jbX4owtQe88rBqjC9dhHHyqDaweyluW48LyJaZHvQcaqnay0ErzRniJ4CMZJ
2021-09-28T20:21:40.418133547Z 111 CSAzFxxYfTGLb06HOS9GLQty3B8jc3ys5If5wVfqpYQiru26kCbIlWb8Pr6j
2021-09-28T20:21:40.420318056Z 112 3mHK4dgi4kZ0eCeWHnLxo9RYMVGqUCmiKj2rpk7Nbb4ZEr6ymbDhW68UGMjr
2021-09-28T20:21:40.422609825Z 113 fOuA26xkMzaa28HCnX0QyHOAFkPJWkblmH6NPdWPoKmZLnqH0OQyUwYEfx98
2021-09-28T20:21:40.426409077Z 114 VtiuofbpduJl56LvznPvrqKhlTdi8XsfEqp10cVNxa6FZxxBUGNmA75nOveg
2021-09-28T20:21:40.428223420Z 115 gn2DXJ8elPGbZczZos13j7sFfloD6kCdzjg0ItgUwXYbqbBnZA9NnDhunQ5p
2021-09-28T20:21:40.430661216Z 116 DqrEUUULKJDCqe1nUJPJiXlddIlzB7HIz9eNARwP6cjWZQgDpUmEHo3yVc0m
2021-09-28T20:21:40.432810390Z 117 m7sXFHK0sJdQLkHPReHNo4KP8TzPe6SPfkyWbP9ojt2DfX3MphS4x4yld1Pv
2021-09-28T20:21:40.435664710Z 118 FI4ZOcbQPEjSWXv6Xc5NoKAf0ojspyDl8xNLEChkqnnbILZPt3RhXnVaRhUj
2021-09-28T20:21:40.437806287Z 119 w11I4SQPwMRibJjsXJQTYFXEWRknNgpeLMqTB66iCtuiRNcDii0RuC2elxKJ
2021-09-28T20:21:40.439729427Z 120 ATclASRDcb3VADvwGJM6LXSEaVQRNE1qLdBXqGkhZcw1h3rRwfv5NHe1aia6
2021-09-28T20:21:40.441595538Z 121 UryX7yLFsuRgmbBueyTzXrIACZSsAsKGSY5xM4dTOqt2V0PciB3iU3fL74jD
2021-09-28T20:21:40.443627859Z 122 UY81pDDz9JkKiF5nUhaod8PTxH8XxSq8gfeo0Cp9n0VHBU1UYpj3jYXMCV5f
2021-09-28T20:21:40.446683218Z 123 GVZPZT0XDgxPr9QCPfr4bQ8gpbuV7gXF6LS2ZhUSrXlrYU74FaCwj5Eq5k5V
2021-09-28T20:21:40.448539889Z 124 WTohvvM2JrjivgI8m0AbWLEqyLHWvYEveRxPTUyT23sVXY787ZA59iarlltC
2021-09-28T20:21:40.451004448Z 125 AmVi18Ya7inPtIppRz75zoRQOlgQIRausExHKMgL4gP4qEbVDUBW10N2iYyu
2021-09-28T20:21:40.453345727Z 126 4Rgi0ghH5zs1cBZXiXrf2pZ06CAjbdaTm2lAIcGRJZPLj3lwa28iI7wlXxgd
2021-09-28T20:21:40.454620401Z 127 A7LHLjZHoZV4A8lDzrCpTsTAD0KR6E822suvhcYgKnY2fHNCg2DCmm6rxAd5
2021-09-28T20:21:40.456779706Z 128 OSCe3SvNpZkQfzRV8RzmS10WKdTp9R0jcSiuh03jLg0beaqTXpPKQmgtssMy
2021-09-28T20:21:40.458969053Z 129 06Tfuh8Mv8YSBe2vQfhQcZJoYEO9i0my0JgtR41lCBrMO0kq21odQFxvlLqo
2021-09-28T20:21:40.461311909Z 130 msDCwd2a07GwbJl8i9esxXmfByAdvdjN9zTMplbVFK87rMpY6GjK7FrzS0s0
2021-09-28T20:21:40.463535698Z 131 qgd2XwSJJFpy6g0sPYpvxudicltF1oOxl78FajGnUWhodIkE7ZcHsDXBqRhX
2021-09-28T20:21:40.466336431Z 132 yEqhlSEURll983TYhFniN1TWLSjgVz6ZB1QnRfyGQeSh5PzR0qSr84TmPaUR
2021-09-28T20:21:40.468027188Z 133 zvEQKSZkDbDT3lzjoFSdGxD6vcvqZ2eu0U7Qq0VD4xjHkOTgoBe2hum6jUVW
2021-09-28T20:21:40.469873343Z 134 JYcNdYdQl3WOJEzo96q12vVCNUrLb48WkdveDyjiddjLRsmsGwrOLvPF9C2T
2021-09-28T20:21:40.472086655Z 135 jIicuD2sdxkcMiy1oGF0wsOXZFU5WgMSkhM8N5ewjxWAdb7FljPqce3KHQyS
2021-09-28T20:21:40.474234252Z 136 jyaES4yelzXLLWqV3tg1QBdKVrprfncoZLZsUUoP5imf21F6Kkm0GY5NIj4L
2021-09-28T20:21:40.475883160Z 137 N819DQfYS4vOulon32DmAVLBWD83YzX18DmYQbBAyHV9eaJqRV8TD430EiBr
2021-09-28T20:21:40.478002530Z 138 6y4Y1L91j8zbbLmTZjFKxE8GPuxuAna1qQqz3fu0CeH3VhVeXkd5JpGvQPBS
2021-09-28T20:21:40.480333636Z 139 Y7ogmJwnO5GC9aDDnjB5ekjXp7BaHb2aZrmyu21V9dRYJpyQFXFE0hHO7xv5
2021-09-28T20:21:40.483229058Z 140 VJ6Zx62HXpQZvVHOjdxAwr7oUD3rx4m1FVcUM43BHSNhxrKCF1GM6m92YOKR
2021-09-28T20:21:40.485032838Z 141 vHITPPVIDU3tn5YjW1Bqqs4lfhLHNo9rR2UKK7LARReACAvDxW1pl1EZ2rzk
2021-09-28T20:21:40.486929176Z 142 M5Bd4bXgDq9cVAAZ4zzNG18JPwOqa1oPRESL2F38oPCEuex44jnt7tyQZNdt
2021-09-28T20:21:40.488832960Z 143 4RngG8BofKFglLVszX3zOBOKjLK5BofBIqZoPsadbkS9qYjHF9Zevz6UudTS
2021-09-28T20:21:40.491680005Z 144 eAS8EGo1t0LIsiZ2c7hW8qhjFTZsUX0n7o0z3ov7jljm2EPUl67b3WHayUv1
2021-09-28T20:21:40.494540639Z 145 ZpZRIXN2ZioWK0eHxHpXvEW0kG3GpBXknfaNa60Qyr7NXsUzQpqtj4Z7hfUL
2021-09-28T20:21:40.497324539Z 146 jL8PkRi73YW7AOoCoBSNOBCXsxfwAQmDoXMeU7F0Ae8BZIYGsFjOURw4abJR
2021-09-28T20:21:40.498793977Z 147 awpeylVxbxjSGcWkaSsIzQp6C7234bMVEt9sesQizemVRnzoszvnHnbtH79F
2021-09-28T20:21:40.500674992Z 148 9m8ybtXFuOBtZ5t8e19qI4MU8HP6OwDyYaZoDtbW5ZRjko8QMQ1uUofwcxw2
2021-09-28T20:21:40.503468250Z 149 v6ohXwE39vbOb7rh7dcGjp6sUYz9SeWiKUt7cMmL4H5vJ1YQYI79Bz6vfuQL
2021-09-28T20:21:40.506165669Z 150 pwSWp6P1piCt2LCaNi3AZgilKn5IadQwQGFfNb2GZerAE60z5LbKezaAHAzk
2021-09-28T20:21:40.507700612Z 151 e2Zpsvj3ssQaDWrjQULQBDxMJCiv3lP4vIOCOIlb8ZOXvImbLBV9JIvTf1ck
2021-09-28T20:21:40.509949786Z 152 Y7svRtJZFTtlARkZo7a5SrmlCTxZavzglmRcHBlQD4iVTrrAlAiQW9dDwuTk
2021-09-28T20:21:40.513353128Z 153 IBDgtdEla9f0gDsx5VhyKHFt5wqaHDY6Y0wGceMa1n6aaJe6WfklbTuii9Ah
2021-09-28T20:21:40.514601336Z 154 POz8A6dM4sXKkfegjCyN2rJQxxBoDAFEKRsUN3I1VwISSOPUJhS3ZuD9cxvK
2021-09-28T20:21:40.517417322Z 155 pnUWTcDLr7jFNJBYdtFOrtzqiiJoGJxDWOshnwlaZhsrLzqn4nrVKvDjJzMy
2021-09-28T20:21:40.520409733Z 156 zguoRhZbViUGKX53XIQmq4wxKo7oF5qoEw0uukQsLjgrVsbL2qxqN0Hzb1Dg
2021-09-28T20:21:40.522567241Z 157 O2h2hfGwhi7Z0GTF29oUqg3Er9EDZ9WkxzKCNvlKYVegWj6wDRAqw7k6rGEs
2021-09-28T20:21:40.524765705Z 158 xKnFrEkwtIUOiPyQW8wLpR2PXtGRBHBdsOFAhuJsGg7JAXDLwDbPvgheZlKg
2021-09-28T20:21:40.527074198Z 159 46N52XgGgehpuooQMzWXzNot3dSHHTTHGtWN83v7NHaXbjt5GWjd9SLJX6zE
2021-09-28T20:21:40.528823248Z 160 GHXcRi3rkVc8yfXKfEvjrKciv7t9vW1bKH7ZdWk52EvtX05hvKPSxlqQgSzJ
2021-09-28T20:21:40.530549763Z 161 S6Z59SIHa8c75tZNECmdGqFxROyJt1B3QJqFgJItdOGlUzvcPSMVrlmxZ8wf
2021-09-28T20:21:40.533440903Z 162 XPggWRhzLbtc2E5GWwdNpKhZwQgLIaY11jPgRGYTeTvVstcOQNystsoexGhE
2021-09-28T20:21:40.534914792Z 163 hh76D5IwyXverGIObLg5QmZExMGauJv38Qtv0vSh9qLSqGk7o4zNi2bLmvZb
2021-09-28T20:21:40.536555651Z 164 AkIgyApEAa9jMPB2LJ2EUB5HV2WrPQCT7eSYNGZDI1Sid6dp8ri39VOxozxh
2021-09-28T20:21:40.538714785Z 165 NcEVeqSt2GsYTKZzGHjH6MWgc3s9vH6wvo721NoJRotDNdD009WhhPmfREFA
2021-09-28T20:21:40.541549519Z 166 iwVa7KSVgOlJNxegjo4JNbfZg7Pr3BRuFIFaV7QtBYwwuW74HPXiQZK4PzFT
2021-09-28T20:21:40.544247516Z 167 HcxHIN90K30KW5EaXI5s1oOztCzm94YGcXKtgN6ZEOQ7CQO3eEyj2xYvixlV
2021-09-28T20:21:40.545664388Z 168 a99SYsEfBrQwnLWGovJIsky5RYKDfxIFZ6PYfZI2hc1N1vXm6azW7VNVCRve
2021-09-28T20:21:40.548247821Z 169 GbPEBfn0I1mXuJXWBXUtwflQCuck3LwQWRdAf9fUPulPEkAGAFtxLQpQmaK2
2021-09-28T20:21:40.549701543Z 170 kVLHXVSS1rigKVvOltmCea0M38yI65wghlImr0FHuMD1YoLVt5Ap74cjK4tB
2021-09-28T20:21:40.552528976Z 171 OPT2DOjVKlHec814OgHXIcOyCBqI33XujOL2SnKdDG2V10GMivknLEu7X5tp
2021-09-28T20:21:40.555203681Z 172 EuSBjmyM3WvePc1WBCgcjZlWzIhIrRc1O5e88GeyDpZacqSKG9VQEhCCoT0w
2021-09-28T20:21:40.557401032Z 173 bYmgfSK0UAI4caj63WYQEITsKhVdeh2uH3qPCToLR3XLzIUgIxGNnFya7VDO
2021-09-28T20:21:40.558694858Z 174 4j3ZKC8xoFMnWM0fzrl5HGkotssYPz7jaicgDsMctXGyWKG7s6YFCa24bnMW
2021-09-28T20:21:40.560786678Z 175 wV6xnMh0tTNYNTAKSr42F8gaMJlJDshw6vlswcMHykLDsKQHgUHMmeLhBJwB
2021-09-28T20:21:40.562555015Z 176 LoSzz6bE2dz32dPqlJWxldD3Ais64EhUF4h0SoZi0DkjGgp9RW2L0VSJOjzM
2021-09-28T20:21:40.565649068Z 177 rY8ElEY3lfpyV1x1vlvwcgIo6wL80QfA8rROanSAbDd8DI0DsFU0OcZsRlcF
2021-09-28T20:21:40.567736382Z 178 v9IVegXSBuYcdknuiLPcEftUxmpENNfFiYcktssikl6VWBuXA9JeOEixKa3M
2021-09-28T20:21:40.569655325Z 179 zakb99M5ck5FqMyaTWWJeI2Y0NnAOjgEcAX7PuXF0qKXrF2FXZ4D6zReO6Dp
2021-09-28T20:21:40.572591755Z 180 V2h134Rvdx1zLXuXL5T9pZrsZeNVmRy9ApJKlde9KsFC4oB16H9MxMNgG2Vv
2021-09-28T20:21:40.575456184Z 181 bN8lx1ng7BQ8D30349PPzMJH1Af4UxuzT4geXDGMpYXeFhsJxjPhtkiwTO9o
2021-09-28T20:21:40.578369828Z 182 pfEaaSqrShBh1EnSJeMPikArZsJmtGvKMwETQhTBUVVwoE9pamAwQxkzKWSV
2021-09-28T20:21:40.579595492Z 183 1NzJCZgYTWSeUvswiVG0czcXIJ97FMPqd5QkEl24iHky4P4vf5G5xkX3lWoO
2021-09-28T20:21:40.582594854Z 184 8GlISXIHrbkrfP5BRXnMH8IV0Jq9LI3xVr4EbI8Ed5voUd4d8Uf15A0criL6
2021-09-28T20:21:40.585447828Z 185 43JYBouPxGY0iiyQp3jjrKDPFrvWNaL5myAsUrygIySXchaiAOOqxhLQiiYb
2021-09-28T20:21:40.588007186Z 186 1vxkRAsAFSpi4LY4Vu2nlNoN5VVTQfZWDBpjuDZsbzRPuQ9b7diBRI8fGYmW
2021-09-28T20:21:40.589600244Z 187 wm7QjcQ4IIEoj3UiE59MCiYjbSte7TSIHXNZYCXCCIGuYDLj2lQbsKkVE3w9
2021-09-28T20:21:40.592424235Z 188 tiSNQIh2Fst3VibpzDoWp8zyHZtpusWqeV4TFQVU2k873ZqZPconCRj6oW1O
2021-09-28T20:21:40.593720772Z 189 lew1jmGImG9IXYWSlwpZf5vKK1f0jynapNHIiew2Ious8oLdx5aR544zSjwQ
2021-09-28T20:21:40.596622581Z 190 WOrse0krcxdj9Dxz80h63HtUIZdhdgNPQUF01b1uSB1eHZRsdM3r0arO3qQh
2021-09-28T20:21:40.599231059Z 191 ADEvwP43KJbsem6pwS0fs1Ybb9A8f0wOWMk3IIE1xJh8rO9aGhyoAEXLp0o8
2021-09-28T20:21:40.601634134Z 192 g6ClMEKqsswWHib1Ch46Dtx1ISaDADwk1AcJYYqJ7B72ondMWsErV1Zq68WU
2021-09-28T20:21:40.604176091Z 193 G4JRXmaMfE1rcG4EUG5MJixGFr6Uupz3EduFqJW4v4vmO6J4ruOJgoc4tOiI
2021-09-28T20:21:40.606463426Z 194 9gbyQbq9biO8MdSetJ3oQi3MRiZFyYKP4BDrIURhb0hfRQvFhkKT9om7gOln
2021-09-28T20:21:40.609355164Z 195 ADghcp4UCmsyQGKoYdhceUMzVMCH8OGXjmyd3yb8jMTunRs1RMgkSvko33a7
2021-09-28T20:21:40.611120606Z 196 LYOieVyVVPcPxAZRZpzh9iGFwdkieBG4qHdiT4SidC1HKVJWTsqGZoSmQ3PL
2021-09-28T20:21:40.612785056Z 197 sQXU7gu1ukfVeQvWka8EROJTodj80dYmDAoMz6hbV5yIxzLieFl2OY2LKHbq
2021-09-28T20:21:40.615550618Z 198 cdqLSo2Ce6P9pdSr2peh6Lgg7mBJucuZic9KCTSscz8G1n9IHY5PIpzo7roF
2021-09-28T20:21:40.618479081Z 199 Jy1PFgEbsWclSAztT1BE0cwoASS2UQvg9igWdufRLPeLL145RsQce22Wahs0
2021-09-28T20:21:40.621379822Z 200 FCgzOL4wgjGe0MAFdMXdXTJwuGzW9aXgwIGpVuW37Q7ne4wNevOgayfcfegC
2021-09-28T20:21:40.622696078Z 201 JKoAdXiTiQapHKVM3VtuD61HHVBrYAUOLUJiJUlylUiokQ9rWg79HTxjtA0V
2021-09-28T20:21:40.624957701Z 202 knmNO3rgmJ3n0mI3ZJmGXlGbrzyGPzYBIh1X0B4dUYhFDanaVtTHE14zDl0Q
2021-09-28T20:21:40.626728043Z 203 Y8hhUNLMHMBPZGbEDvlP84sjTkVcBs3wRRE74gXXPEo0AURsjCYGQawhMiaQ
2021-09-28T20:21:40.628815052Z 204 weal63QTX3emrcfC9nJ89f7oqtWPhal3Zc0jLnzmrQVV61DWraoLCvdSUcuO
2021-09-28T20:21:40.631009553Z 205 Yz5fUhEO41jowdvRw3pFia28WcuVTTicWTDdqCaf1vHM94Pym56VSm5RgPo4
2021-09-28T20:21:40.633298875Z 206 qUyemvVyQUJUEhiEMOdnKJKoVRfoXSFbd7OeR3ClIynjQv6Fp8PJN7McOIbL
2021-09-28T20:21:40.635467556Z 207 rFRiFXbn72LCXBxkNU7w7CKZLgguQGuQy2eyzTCY5azcBkWTThkXzcoNTf1q
2021-09-28T20:21:40.638231642Z 208 qoJtZmZdeTsyhY78ivpZPJGvp4AcGu49HpkuX9GhEP8Z2SnPl88Rw35paAJ0
2021-09-28T20:21:40.640498962Z 209 ajU0fnVaENuFxLZjBolPkCddHQwGmDs4ExocLc67u8XZAheQCrVXNKDQCEGX
2021-09-28T20:21:40.642623905Z 210 JjuLAYCWdGZ8t6wD2gcaR5MiHp7kYKONN8dUKKU9TkHdR87p7nkrrxkvLAj3
2021-09-28T20:21:40.644601164Z 211 B0QeU0dcjgDY7Zb4heRgJ8gWdMBTvo4t9i2VDsRInAauejMThOSgupCC50zY
2021-09-28T20:21:40.647529799Z 212 4zRkUfZabuy0MBZRUsU4I73z7XOE6chTqIdXVvyU89YULgk5dDHK3aGnHHXj
2021-09-28T20:21:40.650510163Z 213 rszTENB6g3Itryxgp2sZs5fQw3Aawnb9F2FbVW7ASpLAs1sPd2bCX6RWBzSB
2021-09-28T20:21:40.653332132Z 214 UxRqrES1ZVFtzEHPNSNlzcRvLcyVgijPUig4mpRG1u79zuYRb3IgA4d2pEZP
2021-09-28T20:21:40.654749479Z 215 nfNnGrgeL9vV0oEIDE66MsKjo3GDhbAsAhEAvdxC0FzqHOsuYpKoerUd2bwt
2021-09-28T20:21:40.657413689Z 216 MXnEWpQd9DBf0zymHDxOQk7xamVpUbMrsChblpm9Lt5uUsBUTKYKWAtDhbao
2021-09-28T20:21:40.660104412Z 217 nKjxirTfkbIhO6OICvvBUFUSHgkGLjD1R1Z1JKyVfdxkOKYeQXoNut5tNGh5
2021-09-28T20:21:40.661664695Z 218 xOEku2bdP21KS78TX69mAxWuasjt7VrsGJLIlStqnesL78jjYOva6lOqzpNG
2021-09-28T20:21:40.663730836Z 219 hIeHNVrjNy2PC3y1ibhHPPrhOt6FIp68TjR1GwK4xfUyCmzFtFm1meUj0g1h
2021-09-28T20:21:40.666522527Z 220 e1C1L6WA7YzSZa878mIjFRVkQXEuRGvfDXGUHMpp4j526hUJ9OrK9TcRTIag
2021-09-28T20:21:40.669215579Z 221 hrTni8IEJzm1yK42OhC21sQ3rlWn1Q1rofu3t5F0LSrgOki2uJ5I64vtWEhB
2021-09-28T20:21:40.671579397Z 222 KAsQTfstGYHq7vfcjOlmVvJocCc87dtD12YDTjiRdyR52Rtkqeu9FZfBoy3Y
2021-09-28T20:21:40.673955604Z 223 HO4hAY9NmVLWdS2sZP3PYzNDBfNkPFvdRghhdCGS5zhJdF422Hu0kunK4B65
2021-09-28T20:21:40.675667486Z 224 macsE8pcAviwbQ9N0uzwYZqqbdNnOhgsAWkJcAqo9n5g8oNBKk1yjsaOnn0L
2021-09-28T20:21:40.678010714Z 225 SuJ44A3eeNWi9YwIUeNRPx3McjvhETe0smMggiq01jI5kngS9P4IEQopBo7e
2021-09-28T20:21:40.679727547Z 226 QwsXgzp5vlMvlWlr5AyxFrjhsuiYsHmyoXbcUwZrBIATbIpxqxQfjPMpYR1O
2021-09-28T20:21:40.682149026Z 227 fTpYd5hAhrTPRTiLgFAv0q5ygecrkLiHKmQtR8Uikr4zwk5GqRxizbj5EBgy
2021-09-28T20:21:40.684368371Z 228 qLN3BUAhIB8JQMlNyaJTc7rA6jfu6TVcw7ibjXVw00kIqkYlej6e2nGcwC47
2021-09-28T20:21:40.686523406Z 229 HZCUt5En3QRcllmz1Gq997z42Q1Vzklzcr6vQlgzqRHKIJrufHCFtR8mobaA
2021-09-28T20:21:40.688665577Z 230 BnEjGGKK16CP4lIlfIvco0ajFuyP2DPYhDFUxLg5Xj0W0izlewDC9oOKar1u
2021-09-28T20:21:40.691300264Z 231 0k7Ny7fNsvDsExBZIQ9dSZk4NxoQZd0MWs1VJcYImbvt6kxrYNmepNgh832g
2021-09-28T20:21:40.693617757Z 232 hKX2Bb9fPErjpwiVHqUonqp5RbNoe7vfNb7YWpFpE1hLwyUwP8OP5zzFFBLN
2021-09-28T20:21:40.696578125Z 233 xCQvWu5UQphF3THtwt7QII5sSF6u3mKwqtaBxgIVd9wp8khnCuaSflv9rPdQ
2021-09-28T20:21:40.699482636Z 234 6OUZVN4HmbfkJJVxp13ly78okXUVNch9amOX3WIM1vg3QFYk5NBrkwB64GkE
2021-09-28T20:21:40.702142278Z 235 vGsRNrXKgqR36vSffbgfemqBaoNhjkFvAZ7RRfYihiEHKE7aYwBcvuqiOy6U
2021-09-28T20:21:40.704528219Z 236 dhyJ5piOHj9hIjk9O1KRxlAVA56greUr98RkDzT0XUdvUa69uXNjUKZPUHJN
2021-09-28T20:21:40.707038008Z 237 C1L8PUZf9kmgLVfQ6bP2kcliWpVSVo6gvyDPJNbR2fFIIuKC0TjivZmaMDI9
2021-09-28T20:21:40.708603546Z 238 FHY6bYalmAJJdEHhFLzzv09GR3UTtvaPObmteLUOUILZReCLZjtvDBdLYNj6
2021-09-28T20:21:40.710852927Z 239 ONxmLIpYx1kxlNmbG9aR9ZMhb3Ohr0BPzb6QyqPduHDcZsLUQRacvxUlqHBb
2021-09-28T20:21:40.712554113Z 240 COyzZskJErtNGnyZSXAdfMwJriURQJLlQCv7hi5VoXlGRoj7xU1AuZRErA7a
2021-09-28T20:21:40.715537870Z 241 UiSG8eeaC6rmnXnvmUoJEZDxcQOH3Je0uXs2GZtwG9504BlQ8lCIqt05LIqD
2021-09-28T20:21:40.718456887Z 242 GnNAKZMuROOsRLHugdAnCUqHZcWxaAtXBvXCqDecipVtFdxXGnwAaPsyODeC
2021-09-28T20:21:40.721021641Z 243 NB6eePQ3jtpj2gnVEqs6SJOpI9BIOp7RLNvOK5mobSsD38fF6tfAg0IzFFxf
2021-09-28T20:21:40.722843906Z 244 0Fz8wbG0VINqxm22EDFx1Nle6PUvjXKddpl6vGyi1jVw7DNLLVZGOC3ZvC6l
2021-09-28T20:21:40.725045472Z 245 OnOKfkbqe90dA7KCqMPnfz738Xyc3QB6lJSCZZAqDl5iwkHEscVbFu57ABmF
2021-09-28T20:21:40.726872320Z 246 NnsdIGAR7phCGsoOAwJfgUcWBol5QjSkaEyf8a1J72laxQdq9U4M1hSmAjhE
2021-09-28T20:21:40.728772884Z 247 6LjfUIjHzZZJjXS3SRy6aZDo6saZIVhRaJfZmfWGVqR14vWF9a6OdCUqgKER
2021-09-28T20:21:40.730919385Z 248 gaZOViLjHZxcEokqPge11dRoFqECoBDQaiEBxuYVAe48DoRq57qwaxpN5fRu
2021-09-28T20:21:40.732729838Z 249 jx8jbXTVSWmEh5iVZy2cbZ4AYyhKWyCQcs1fCYo6Hzyx3NKqWkpCsqmMtwB0
2021-09-28T20:21:40.735418364Z 250 hI0Rc1U3tpqYmG2G07Mbnnx3nJnUwKYnXrBeetWoj04yVrzRvfmxFhj0DPvJ
2021-09-28T20:21:40.738711446Z 251 N0RsL0TAA1yYmThEwTJYAxHzEnCUJpeohHAVEvDJ01vxasl8kpQZadmD3mEO
2021-09-28T20:21:40.741497469Z 252 Rt5mi7fpEcJ8nRz8szlWui22bXnYSt5RDOiVlq6QVjveq5Vf1eMKtP9HU51I
2021-09-28T20:21:40.744574623Z 253 TmYUWzurcfaxuLKVpHwV5F1gvnpEvRDiYwuHLUHBVZ7ATZkC47LecWQqD4Lb
2021-09-28T20:21:40.747767827Z 254 xOeAtdyCY3PMEERmtdIKsMbcGMlCSnZR5AlKZaVjanUqs2etDQjmvEsZW3yO
2021-09-28T20:21:40.750564368Z 255 ErMLEltlHJJN1zcNjw4rXDbSVeaxViYPkX0KYR75aCP4sEfuvpmXISd1tznx
2021-09-28T20:21:40.753292817Z 256 H3Mw8LsEw7rgqLMuaYafCL1la0zLh3fZOn3YJApPPcbUy28BsNN089POnWmN
2021-09-28T20:21:40.755943397Z 257 bktZRHWE1GDObP9oXefzIL5nCDzjRs5y8OlYwzJYKyYZ0WUeN0VxJshDIT8F
2021-09-28T20:21:40.757888896Z 258 sQvQ7wqtaoydYFujDOGx5bBM3sU0NjnApBPeS8GR0ommoKq9MKXKJ3N10x3E
2021-09-28T20:21:40.759495193Z 259 rPP04PNkTVRYv6ZfYUTgLUpzoOmynGrY7skGddtdN8yx9ZOPeYW8RABb9nsJ
2021-09-28T20:21:40.762434482Z 260 aHOhIB8fARhHL9uNkdBZONyN2BKTQPxkuaWv8g3gviiRYVdNyASf31z4QBX1
2021-09-28T20:21:40.765507464Z 261 DjwTJFcmfJmFxTBMJp9DVgI8yADpywJ0xr5O3yq8mQdcwXVgvaSfHZIqeWwY
2021-09-28T20:21:40.768362355Z 262 B1fLAUvm9aLnRJE8y14Bj1txWLaAMofGZLVh33tPgVICcNVgGgI5DieMafNs
2021-09-28T20:21:40.771083536Z 263 eglpPV4fQpiMPRj4JfQsX5B5VsNB6lLhu15qF376LIKZoejIYGyHcwNjLmer
2021-09-28T20:21:40.772690465Z 264 UhWxyXHrVOQr9M1NyKzqY2ikgUXhhtkg6m7cQZBj0NnKrZ68o7IVChFnevYa
2021-09-28T20:21:40.775522646Z 265 UUTzXrsuTIefTq8HV6U5auUEdWedQZUZt4I6hO9iUyNz0c7233oLpLkifeXd
2021-09-28T20:21:40.778506720Z 266 5WQ8rVXUP3IbysBFA6pWv17mKiUw2vtuYsoQjFHEBnFe5Ej3KYWKkfNvzT72
2021-09-28T20:21:40.781417864Z 267 EkFakEeXiP0SWFADjIfzQVy99gWuEqq9CaAO6W3qaoxQZRdRssm9BDUymg1C
2021-09-28T20:21:40.784456169Z 268 h3gjsCLGHat7vf1acop6j8Uhr8EoV9mNKqj6sC7sqHpsEpNoZDSIgJvqq1br
2021-09-28T20:21:40.786531423Z 269 rXMCIyzmdtEQUWllryMbjLfcNG2peSHqYFo8CJJWbI03E4l4YDlwd9fqXOsb
2021-09-28T20:21:40.789295837Z 270 5cVf1UaL41PttSKrJ964L3ZU43wo3g5KVB8Ni57ecMPc5QZMzyOBvogTYj6x
2021-09-28T20:21:40.791558670Z 271 CEr9tUtM9sAbk9hYZW5A5DuIGy9KIvPmFFgVF1bMekszSH1yGTwKoLL0CxGl
2021-09-28T20:21:40.793634601Z 272 CZCUOuNl5xGtqMkx9GlsVpR7KNUlK34dzJmhqYZyXACpwS9ldET7LVBgiiuX
2021-09-28T20:21:40.796520100Z 273 EWTxdEf2jykttOsaBXqczcsbgQcY1PhaCdP2vThN1BVYKHgfmR1o7rwwFcL8
2021-09-28T20:21:40.799561573Z 274 RYfyxIpwnQepEhJPZPfIqn0t7eyF0k0InvgBTDSBdw7h3oTkA4xFMf6cmWI7
2021-09-28T20:21:40.802575046Z 275 HHh78G4lWpulPSsoaZqWAEwmxHSyTXm2lR6PFBs4vbUHHaAv7Tj1wIp2zCKx
2021-09-28T20:21:40.804509989Z 276 7ufG0pSCb3VefrmH7j4uaBWXSJCeWztfp7e0rFbGD52NJDzwKcwFGKKV2MJ1
2021-09-28T20:21:40.807455540Z 277 RoUqrkBNlZeSz21kUqgOHFTH3fcXtXEi67mcCpU9BTgbm7NNnA5xWwy4hClR
2021-09-28T20:21:40.810212052Z 278 wOLzb9kRUHdOUpJXbb3c58MLh1D2Kl15Lf706kc6ifg8cUfCJMjWv05EUHxW
2021-09-28T20:21:40.811923275Z 279 oQ5wSoqI9hvunLlRN5eWKBzHBrtCdFGx7S5YhaoD7gZXYIIeQMPRvGfvKk02
2021-09-28T20:21:40.813737478Z 280 sYE6dXCiAOdvSwOf3fCAE7p0zZXU2t2ojAEhrSURKiE4SO98QamX5csz7k2P
2021-09-28T20:21:40.816511263Z 281 M8UvgEauHVxJy4YulmKudahHyTKdBDJBK1XPS0fE79wTPAaYYVpUDrnbaAJS
2021-09-28T20:21:40.819561779Z 282 2QkWkhLrRLjhyBNfD7oSwR0zoFNlaWumeH9JEF69yCHj4JcXtJl5LlQOOsfr
2021-09-28T20:21:40.821787142Z 283 TXHRlFNMBodU1eBhxHhj6Iptrq92y8kmGkpQg1TTiX8OdK0oEA6cm8D8WjAU
2021-09-28T20:21:40.824516011Z 284 0FAJmfLpMX2SeCn8c0Mj49CQEWQB0rCqzI1w4fpLhzgTNM5gIfg4LODc27Jm
2021-09-28T20:21:40.826490414Z 285 scbpaSRGRmbQbY84J1I6HAF0ZQk4X953K6UhoOs3NYf2n0bwLKFSAelSKXYq
2021-09-28T20:21:40.829419902Z 286 LIhsBOIL61WcIiAzKmHHXVAcrnIT6CcqbcqwQ3AVrDYqmdbAAKxV8XxBda1m
2021-09-28T20:21:40.832608887Z 287 ovI2AmpdyDB1yd6Xjvn30StWaH1WowsLtCTffYQMYudaXYxHPFCLSjL93jWU
2021-09-28T20:21:40.835793523Z 288 QjIqbcJRPcdE6WMqqHgfhlQbouJBPwC8YQZKYLnKjm65PVe8ve9NlUWbo7ux
2021-09-28T20:21:40.837710811Z 289 nS7O7jaXBBxTMsN5ZPOrRcsvnxORB0PUjSsA1fj0HLOfnemPwNkGGvQgeIWg
2021-09-28T20:21:40.840519718Z 290 Uk0Bd8jhlRPkTgW15fsrR9aYkGfID3USBp2ewWhnUMKdMvHblddwHldKxXjG
2021-09-28T20:21:40.843346163Z 291 sAEJzko44FEQIEjuWiz2t7ISSKxqJRSlWXST5Q2ABlrSxaT5uRfkpk9jsjkJ
2021-09-28T20:21:40.846180234Z 292 WgIOYNsztz0nB2NM4lu0pSggr43cUJnk0LrMSCIY6yJoHMOT6Ef6V7stUIDq
2021-09-28T20:21:40.848390918Z 293 XFp4y5INfKmTJLvn5bIi20t3qhi3gQDFK7hV1Uzddugdi3FRlcLSTXXhvjYi
2021-09-28T20:21:40.849617521Z 294 sCsnMhWPVqcK4VkTqbpSQidvVwq2FwcT50soAv6vm4jH3Vn8SUNw6DM8KAn7
2021-09-28T20:21:40.852533810Z 295 q6VDC1eieeG02NZDRqwJFWkbplJTdFYRG2JDmmM0S2tfSLuhCVsQAm0F3vbm
2021-09-28T20:21:40.855478107Z 296 JnLxbEY20m2aB8JV1rDBcGwL5vOvcacQWk9TNsGNMdU6MGBN9DlGfu5xFEZ5
2021-09-28T20:21:40.858747539Z 297 YZHIN90JYFOhS8bxsqOwU554is01hyK5ywc6mll4YV8qrXm4MSXrl9cM9u4O
2021-09-28T20:21:40.860592976Z 298 1pQJKf4x5uuoAehdSf0wdyJxnAHOgSDz1TkSVe4H4UrUnUR8WSowndwT1bzX
2021-09-28T20:21:40.863333644Z 299 pmWrnU1PyOLrzxfRZlExHLf0h0UFNqLnsRwRN6LkXycKc8VzCs3gfzAAsBbu
2021-09-28T20:21:40.866480683Z 300 b2smJLwveneOJy14z5xfuqxApwwciWutHePYspR7deFpXcRoFmequkVJHqTv
2021-09-28T20:21:40.868776968Z 301 Q4sZhcts7X2LSj8HhS7wKs5x0DBMvn7ghZqILkoJdd7dHNriwHoOYquUAQOH
2021-09-28T20:21:40.870533146Z 302 oY2jhurpfbq1cKdYaDyVACWpLGSpG39Op2llwFKfEWY1Mq40BBjDaJtxv8m5
2021-09-28T20:21:40.873384412Z 303 tVKNtGUXLDKYRRsS8btLxb7OR8jt5sth8ZIy7m5AbOalQtNEZlTxZxMXBFw1
2021-09-28T20:21:40.874918491Z 304 ldxCLv8cGTnHkZ5ent98Vl93nyx8J4QxRBK2RaroipOmxDap8lmAKU4N2to0
2021-09-28T20:21:40.877576935Z 305 zx4pG1ZtISpuaeIZFHxTxWzJos0oDtRvcP2cfVkxnuySr8FT4j7lIccOz2bX
2021-09-28T20:21:40.880183234Z 306 mZjOSzbShpwxNZyQ4JGdT8zmbtkaNTI81PkiHDgRq6bruO2BfJSYRWlztPY2
2021-09-28T20:21:40.882490477Z 307 0G9JuiHjFfa0xVNBjkZ9tr5aTnUZpbySB7t76fnvMihnMDHVv3wx0k7ZLZi1
2021-09-28T20:21:40.884535422Z 308 hOuca7unlC2PgEdIJS91qtkZGsanavzDOsu7pK31Lj4drM1IpsB7aZHJ1yKn
2021-09-28T20:21:40.886556983Z 309 QZPed1Bd75WBhqbwx0KRCvo5SufkfdPExlnuWh3IJcVu13GWpSKd8foQbUFp
2021-09-28T20:21:40.889361420Z 310 XpAHtkQp7kHtFix3MakgTvsgkAR6ndC5UipRBoP0Vu90zCbPq03DC6Fq1kbN
2021-09-28T20:21:40.891169588Z 311 fxsCBVNk3N3Po7kSRkoYcDq7WjWMFwvztSGYUZaW1WO9NstFM0YHEzH96vce
2021-09-28T20:21:40.893687355Z 312 Bl0VbxNT7EOOz1pVawvzqFlOq9oFYT4On7UZmSfj1H7u6rXJPNj2gPMvSobp
2021-09-28T20:21:40.896561293Z 313 3q1pW0odm6ubCqeHcB9zwd8tAiXL01ILoP3RHRd3gtpZuP9znJxtBM6QsQFJ
2021-09-28T20:21:40.899524671Z 314 0nXcxigTQF6Ul6yKxv2njSksJZEMTbJZNIuS9HqLuJoIfkZoHuTOM9DfpeJQ
2021-09-28T20:21:40.902446472Z 315 FXmAO4UD4Uq0uFVT9cYvnrzILge93iNivp5k6CW6KnhXHSmuHbMYDpviGjx6
2021-09-28T20:21:40.905244107Z 316 TErTrgLEqmcq53el2o1rbG9zf1ytdJPuebbvfVu1bs50tGZDjkindjp3glAO
2021-09-28T20:21:40.907793184Z 317 RAeTnjipcpY5hFpb0SC8qNQ9VJp85xI3zT2ldPj1sLYtjlAQLjiueXRve3HV
2021-09-28T20:21:40.909702573Z 318 8Mnss9XN4D2QEMLn9zNKX2nQjMgepWDEetAuCPyrrqwU1t1OfucsW4W4PenU
2021-09-28T20:21:40.911569579Z 319 1tZhe0JSR9zvufLRFpHGTrwpzZSp0NG4Rzx7BLRINzBkjPEU5daV8dfTwDd0
2021-09-28T20:21:40.914601347Z 320 H9fUKlbUnNWhIf8JIjfNndnQdLsaZXYiILhZIVDb6W6Bo9TbaaVKh0NIF57y
2021-09-28T20:21:40.917226886Z 321 OxMV6zGQjtvNu7Y8244LGC2mtfYZrDcCbvfCM59hexnbvakhQEE3plgcNLqt
2021-09-28T20:21:40.922973126Z 322 mFgppGGGnm6jtr7QSssaRdDey1HFVy3Mdo4HV2KeYf8NkkleiNZEJ6hKK6pa
2021-09-28T20:21:40.926308964Z 323 0PuDU9ahrVaGMoj1QE9ii2DEd3UIQFjKjn0pLHCB5JUq7Gwx0m8vSVWTpazD
2021-09-28T20:21:40.928912778Z 324 GjWgtU38buURn25FcJg3hZm5HNFmGFZ7BDuuJQXB3sqLLNi9jDrZRopIIqby
2021-09-28T20:21:40.931321316Z 325 XzqsgQBomOTDpDzHeWNEK1q8weFCKjofECdE51HMpKJlNWYHt5DKTi3Fi3u8
2021-09-28T20:21:40.933889157Z 326 EaMpN4dAvqn8ZvSjU3P4YvzpoYrkV8OYN9xlSds7R89HnTch2BrGoeQVxuC4
2021-09-28T20:21:40.938194688Z 327 mJwBsYzrhIRCheLBxc2MjuuRpuCwzkvSQcdzV8iboe1xAEbgMwBneufU8wBK
2021-09-28T20:21:40.938479259Z 328 rk2V1uVKJkR5pQK435tVMAwvqz7tFr3J9oYhMyPN2GqLBJvVcMi94oRjh0A7
2021-09-28T20:21:40.941320772Z 329 9rqBGUeGtBeFHm3vmvabBrVFNOD98cIo6JSEh2xi48MYFl9B185rCUFHqdDC
2021-09-28T20:21:40.943497022Z 330 2bzvouZZ4jnI1R4dGOGw6yQjf4eSTDoHmL4PjGtg9WGy1aUi0kh5VeYSmt1b
2021-09-28T20:21:40.946180450Z 331 GAuf8LP0p2abh5dlA2umzSVZQyZLEH6uHN1p3WczkpJmcbzRDeFtVax583or
2021-09-28T20:21:40.948377796Z 332 bQQyUvAbULWyYUbinsKnbjselBy2gamdQKuy7rb2LCUHYtQyJd9FieGMkSiF
2021-09-28T20:21:40.950540569Z 333 b2y1XodzVhk9w14C89vJu52J2ygJQ3Bl1LNrqd0aNAcyjsbHLUIt5qmJvyZo
2021-09-28T20:21:40.953505235Z 334 NU1xqW3DrUDqrFUpjXNGbkAvU4Nla4oX303uNcCmfXjWOfnjdIGTxV1CsIFV
2021-09-28T20:21:40.956127162Z 335 cII9yYDlTUS8Gfc2dUpRUDbe3XnI770vVaWvHqWrHluG9nlB29Bf3P2HhBy0
2021-09-28T20:21:40.957815539Z 336 ZnohI1X12T1OA5GnbilBPX7xgw8anh1EedBpp72vgaSzkbI7CluwbE1u2l9C
2021-09-28T20:21:40.959789189Z 337 EFclyxznXJypOZ1YI7bfyAZQZC5QZC8RWR3NPHz8PtEx1q7Q0u2JKjtDwX7z
2021-09-28T20:21:40.962868345Z 338 oJwEXuYQs82COZAkCrScwOToJ162LtqcEnZwZaZ96cu6C5h8jkKPpGaoYslu
2021-09-28T20:21:40.965537545Z 339 SeY8UsXIUGPBKTYvyPI1R0x96tFFwRkm0pZ3Bj8O6DYZl3kx7Voy0ZqoBvR0
2021-09-28T20:21:40.968545264Z 340 67A6nrMBX8jjzDv1uPxoMWCnR1T2oWrAGJpCer1Oe9UptJ1RYRVAlZPedYlT
2021-09-28T20:21:40.971123429Z 341 JRrJ2NJiJqM5NFT1dIeoTL8cgzrkfXrOSBefAZwh98vU9jnx5cBHP8QDsslf
2021-09-28T20:21:40.972809936Z 342 TIXuD7FHNOFwkAXcPHAxVTdG9EG5DDOfpP6g5thr4BODlHORJsvAemNdCMwW
2021-09-28T20:21:40.975486352Z 343 Q0sVrBpZTC3z3detFuxl8VsAxK4rKppkYb7lYUKCxu9BinYCpdBbM9iTzrpA
2021-09-28T20:21:40.978165313Z 344 HkHX0rDhLSXbMQ4FM8sRhhu33UlfLScTm9awoRXUkVkjPLYaos4MkU0Hw9tl
2021-09-28T20:21:40.980374432Z 345 R2Y3yHJcGfCYVOmarKjnI4kzBq0LXtk8TnMo7uV9RGamrM7ijx87GAOfaHst
2021-09-28T20:21:40.981690311Z 346 0zaWnteZdWT7n3G6BkY3U1Et4uMAbWCwHcwHfhrnA2Opv58fmvx2T9th6ol1
2021-09-28T20:21:40.984303978Z 347 yh0WbP2PLDTzFvq10OIBG80N7zdsM38pMan1emMKEdmmGHdZaDLP4Rk5Kb9W
2021-09-28T20:21:40.985872293Z 348 6x7wOrfAYcxQnKjkZvLQoK19W1Zf32Bl63eps9lfko32xh3q4QcM5ZYL7uXL
2021-09-28T20:21:40.987553543Z 349 tihN6pHzebtiO5sRuWizasXqtOVcNR9dVvPKr4fG3aYUwAafT98T4KkdbxBT
2021-09-28T20:21:40.990670523Z 350 FQzRfLzGmLPvyqmp4EGxUja9l1tJjk5jxKp8k1oSJ5aNfLHiFnVHNtfFfGNk
2021-09-28T20:21:40.993479490Z 351 AtIyzsRAQ9cJp0XDupuWhOerrj63LoRpU8PijNcGQcgrl1erDOpT3XfQLuwb
2021-09-28T20:21:40.996426646Z 352 8Bdae92fI7LeJadr0jL6pl58sYhD0PIjngpZyiK1FgdupLfb8o4S6LkbpbN9
2021-09-28T20:21:40.997703245Z 353 iCYO6TNkOYlq9qsoG3EtFygiui3V86cPaAe7xEOe4DIBBier4ll2kyeQLeh4
2021-09-28T20:21:41.000207561Z 354 uLAQcB7p2v2E9lhpGdvefceUI2qqrQZPhtlekUYz8IxXDrdiRvaELnCAe0A1
2021-09-28T20:21:41.002468584Z 355 QX6FRoR1s6rhm2fhum4OF4T3d2O8nuEK2H3blYku73uV3T22ysqX8AME2t6Y
2021-09-28T20:21:41.005089028Z 356 hkakjb05BDcxQwAlL0GTwJ6r4Af8PDORh75UFezWzpm17mvXfhp13NK2dSYE
2021-09-28T20:21:41.006759844Z 357 1Lv61gr1gflfl6DqEO2wK58y1t02FIPuPeGga5N0eh8b38uAafepEzWNjuBC
2021-09-28T20:21:41.009467142Z 358 FuOcRxroavkwh4liIz7FYVi8bhxvdUaRgsVDGSZjt1KDAcfwxApdoEKDpCDn
2021-09-28T20:21:41.012216641Z 359 pcI3MQDbwQpSrtQhF6f4JbpaEXBXMeuOfdFFcBx8Hu4RYSUzNlHkcW7jRrVC
2021-09-28T20:21:41.014534802Z 360 sZTwwafycoeTeKaeECILnUzQ91HTAAlU33T3qk56zL3o7FulBsTQ5X3rmqja
2021-09-28T20:21:41.017417652Z 361 eBPVZBbE8IqdrLI290PdYEaYJAJgCi69h4ERbO5ZHSa5jZEe3MnKr652nirm
2021-09-28T20:21:41.018649710Z 362 baoF2TTSQzdW7YFpgtuf0UKpSZIXLfkVr1gG7DF70nRoXySmEJ6xAAjhWzt9
2021-09-28T20:21:41.021545419Z 363 s7g2tT7RwmKwPZVyeWPvAk0G8pP6K4JMNvUgrDZHT31G6G3B3TlTo2oRY972
2021-09-28T20:21:41.024444847Z 364 uFNZvc6ogMfK2CkrWMLZk1fUhqAFGmEBTNcBD58bNxwNsTJcEAmidHBcz24t
2021-09-28T20:21:41.027253211Z 365 PLBQ8zNOHJWwASxiSUHSgBw9aWxLvaetyzwI6l0V4qcEs5W8xZwviYvkVThG
2021-09-28T20:21:41.029398134Z 366 HdsKI4iH0JXtE53gE7pUMZUbQHHr6wGKFRKlJSgpGdgWEalLL7LOTGKHCTxH
2021-09-28T20:21:41.032103627Z 367 zU94Gqrf2wTy3prh1AsMkE4kHr5OWlQTGTu4NyzSIjjVqEHFTxiZuUNc5FQj
2021-09-28T20:21:41.033605833Z 368 xHrriBZaPPgx1kD6Dn5rJG6y673NwhGnpIUrScvuz5d3jfLm0LY56yc8NFdL
2021-09-28T20:21:41.036299103Z 369 8Vf8DFKV37jeWShw6LPWBsRWNvs7igDhx4prx7wR81z6YlsPmNafrEHBVyQL
2021-09-28T20:21:41.037611167Z 370 DBe70USApIEriyFu6iHN87Mo78FCsSFhcH9mMBkmf7a7IvL9zikbXABx8aCh
2021-09-28T20:21:41.040311947Z 371 HTwBG04eo3bNrBT06NCLAuVYPlT1NWVIhyiN8NFILYm9eZE9HowEnHqjUCIo
2021-09-28T20:21:41.041734464Z 372 pPKQTy7Du6WgzdjjQo2qQPeoQkOunnh3rbGLAhdVDUFe5c6wHrXtdOao0TZs
2021-09-28T20:21:41.044552933Z 373 c8vRdlz50FmlfDMDQhIdtrf0v0uABQdCZxFjS5YUcFePmYvKYZmKvj7WuGrV
2021-09-28T20:21:41.047201267Z 374 3AR4U0Wce79wEgAqpWOMMcfhkeeSDZuphmuewKtG8bg5r9MCpihDkpmuQw3n
2021-09-28T20:21:41.048745593Z 375 PUMXaRllmzOJEJvWq0bjbYdt0rQFdZYmAoAe22hIDopoG32bT7BQy0XQu3LN
2021-09-28T20:21:41.051438705Z 376 CvBdPYwKLXq7GfT5ChMapZGqfr5Kn2Bx1JBusLRUPLP4CRlWyxBExf699EbT
2021-09-28T20:21:41.053891842Z 377 kpy8PNBsMT48jzZ7Fu2KV5UrevVEZkewAcT2mWpQTCoNElMn6C6HQ0VVg1hI
2021-09-28T20:21:41.055637046Z 378 dtbE8ZNUEUeaPLzSgjvsLLl10U4gJaHcHHxm4MSY0S6uMlJ82PkQ5bfrJvhf
2021-09-28T20:21:41.058247912Z 379 oM10plRWTwZxWdp5YWG0hVwYZqYAWPSnpeu0wiKuNAiHGihO9OO4v26ltQ2y
2021-09-28T20:21:41.059594615Z 380 yZpfr79ED38hvZtZClFtca1CF3MNsh5adRQ27FUyRSuZmtvLThY6pXIqGpXR
2021-09-28T20:21:41.062229988Z 381 tcOXzZFgaey0hp6zBnPogIwWEqKvPYmVmRQDvWJZ8eRqRJYhvDNEZlytZe1O
2021-09-28T20:21:41.063559699Z 382 pY1TaQykv16mseNrCxQZgpGqQYiOsw5ktzCi2FVzivVb097mQrjfDmIHIO3C
2021-09-28T20:21:41.066132437Z 383 XO0qTGnEut6w3TXFKFWW1E0Nxvu8zsFJRSxop4V68IkpHE3aOPfReqBWZffe
2021-09-28T20:21:41.067663425Z 384 Q6Tpqp53o1edNeUwCFDaOOCXS7BrTN2I8NbbDj3eQtsovefMzVTpjOMyKEYy
2021-09-28T20:21:41.070308063Z 385 KHo2XlHsjQ9qc9hu6sjsThiHcMoqoWbzNvaYcQ1r9c8GPaRJrfjXHO2WItig
2021-09-28T20:21:41.071830215Z 386 272vL4rgXuYYSEQSuGoLmKLjKguP2LqpeWapBYUsPkTIdgLJE0aJdcHNUmxt
2021-09-28T20:21:41.074410290Z 387 rKg5Ygf6EQw9esFW2Qg4mvre7nKFt8YM36J94TanKUP8uabpxunPuoa2L4NA
2021-09-28T20:21:41.077631401Z 388 qID7pYNky46MwLJ6hZpTM8KgkaQx1Jla98gKbfgz9kKZBDbm7Nkc7Jjbqu0P
2021-09-28T20:21:41.080439748Z 389 dED6ad3cw1qUzdzL4Dndo81TTdHHZ2TSSyulpNJWRcGrNexdQhhZ5G2k4FVN
2021-09-28T20:21:41.083182783Z 390 XbN5PfAkqwZzcjprCpdEmp2YAPk85n31V5fy8sWyF0PrLcSFdscMq6p1eM9R
2021-09-28T20:21:41.085559116Z 391 GtIQFZ8CSPpQZJqu87GmobWuXSiIJ7uDfu1XujWnRe3Qky4xCzm4d7SaY64D
2021-09-28T20:21:41.087961361Z 392 1GBbbb3lIxgV8ha4B0YLBZagS3AZLAfbZfxb1TnDcdxeJyzsNbSpglz3boBu
2021-09-28T20:21:41.090338365Z 393 TxkqO0keCyF6uZ1NMiEzEwU2ukS3KO33XqkI1wuOCmYvXDpbUBALbxXK21Iq
2021-09-28T20:21:41.092532315Z 394 RDym5eicoX8qdzvjpWtEOvF9vdFuaFSPWyEV6gBXOwqjZOJFYict1bZTQWSC
2021-09-28T20:21:41.095407605Z 395 Cy4Y0bsqa5nvbszqT6N3357POqSxx7fce7xZufjEAtoz1JBmaYgwRpEHwmrb
2021-09-28T20:21:41.096736991Z 396 76DbJoe9aK3E1gewKMyb6hSu4QhlloGag6Q38bOpTQ1JGHcsFsoPc7LH54Xc
2021-09-28T20:21:41.099309091Z 397 yuusL8PNCCxB1BR2xzEQDsFXvldcVUFHmQHVqvA6XdFU48hAULFZBjr5Qo2N
2021-09-28T20:21:41.100636006Z 398 Mh7E22vq4GbwP7NyzwycVj1agqwXijTE33AMv17zRBlIah4WqF9TxgA96VBD
2021-09-28T20:21:41.103381094Z 399 sT4M5zQLtLelvjDMv0DRNSQV8gRKSF85LuXo47iuykzMgeZXn061CffXIyrC
2021-09-28T20:21:41.105575607Z 400 p0PSrjZpEuNUTluZAmtYPvcG1e6OOeY544oTJeq9cDjUVnpUW5ipanyDEZBT
2021-09-28T20:21:41.108153865Z 401 TWkhdlNkuvPvTa1sKktaMx55BI8MEh3bo9dRw4oPOff6n2edxwQZKeOJekCD
2021-09-28T20:21:41.109897152Z 402 J8Inln6Luw1HhFme0TrkwgpODRvjSLaEmskdzQLro2kpVmnd3TrVAukLspXE
2021-09-28T20:21:41.111624628Z 403 ROh1fUComIwsEPBPyqbjvLB3amwlRDoFFXXjNtQYTuT2pDUsDwjIAGLzbZBc
2021-09-28T20:21:41.113682995Z 404 7ad86Ldjy52BbpEoUXo6MHri7b5BjZXQREOSGm3JVKKGtyZv4vgqGYAPItCM
2021-09-28T20:21:41.116362593Z 405 SSgDwBTQDKuFQ6JLTHBvqSkGqZaiKqem6WxcjwUXN7Zo5yfN04F7MpBdp0Z5
2021-09-28T20:21:41.118719312Z 406 iIJdalpg4LXU4a5alCChL50VcOchX86cbIFeGZHNW150CmHZHCbD4bBLBaBq
2021-09-28T20:21:41.120912628Z 407 NCn4d9E8Lr7KuG7FuzrJUGN85gA8iis8tbVdaTY2YWKMEBQityXfbU5zK1ix
2021-09-28T20:21:41.122480874Z 408 NeDJ9xQ9ostSMXg7gt2rHu0nTKh1c4y2I2RObZn1vnVZNdrxb1SH05Jaivxz
2021-09-28T20:21:41.125032127Z 409 6Bj7jFf4X0C6Qn0ha8SyteLje1ltbUJlTTQ4EdsRY1gDgCX9s7vBILQYvIUd
2021-09-28T20:21:41.126853539Z 410 nVHY8gImuWIvd9owI4mqBd2y1OFyNVxMeGqIBmQ19RPx86BtqproXA40K5PD
2021-09-28T20:21:41.129377638Z 411 oZjLEAlrmFXlDukeerZQLDzbMWu4cxKD7jjsncQ7VWYSq46P1MsKW9eEYfa5
2021-09-28T20:21:41.131582503Z 412 8v3MENq7rTWc9FuUu41iYe9DXXfE7UkjTi1NAGerkcEIY35G0NxAwVp54ZZy
2021-09-28T20:21:41.134199850Z 413 gsqpqP39ecennqFPR7qqF7vqbzgsEcKkpkZMU9bSY7ACnM7oJpQebKNRiQwD
2021-09-28T20:21:41.135769739Z 414 ceZtDyqHqvj0iP9W5pBoQrHAT7z1REs9GveF18n75xPUfvA6lrS8uGtqamEr
2021-09-28T20:21:41.138479392Z 415 7qnBQ7fW9cYI6WFM9YVQ354564CYoHwLxONgZZHKgn4BafNKuc69gbDtGHij
2021-09-28T20:21:41.141028352Z 416 zr5PKvv5Vs51b4SIg7uO9ilced28iL3Iy8wsV3SKS0qRRgSiehKyDvwWlNx1
2021-09-28T20:21:41.142964589Z 417 uIw9TePzqG2ULXrERC6ladso1tnYIecd3yp2zd6Skoygtz4x92e1rk6fZQOO
2021-09-28T20:21:41.144767413Z 418 13tdAMrN7cYZvVMPqDOfO10ftJeu1FdWYXy27gu25nD3QSpJ46t31shhqZkS
2021-09-28T20:21:41.146570880Z 419 NOD6Thyi8WOJxM70sbeMwvWbYC2r2f9o3nLHN8D3lT5CSvzPI2NJ6FNJYBgX
2021-09-28T20:21:41.149251978Z 420 B6ugSI247u0UNyl4UqlyqGEa4zBruAPgPyG8VPWTuELkhfQASuDy8avySTXV
2021-09-28T20:21:41.151509900Z 421 4gmdmVEPJOi2TqFhExlKdk7br3XLUOfVxWC8uiFpzbUy3KHp1A4znCIXsVsQ
2021-09-28T20:21:41.154665646Z 422 zaWq7GOnCgbRXhHgzlIC3eVWEzhim566cC3OBnnI6jL8ykaZJpAEIFxYAvOK
2021-09-28T20:21:41.157289718Z 423 bPvOMmGhs676gbNNBDzThfRMm8aGnKjP7ZJKsioyud5FbtLnuRRhDBLcSZdy
2021-09-28T20:21:41.159499883Z 424 zZfSblsH8eX5Wk5eefSJh5Xi8Xe6gIrANDGbm6tHpSw2qDK4puALlvyyayF6
2021-09-28T20:21:41.162262127Z 425 Kcx7HZSNGbJw6Jr4Lhof4w7gor6HuMGPy36N04WMEyv5nGfWJ63HtAXrkO2F
2021-09-28T20:21:41.163701148Z 426 P6vwHvimRIiq7H5H9crWDjjDhjwbZ6ADH9Izeo2m8fmHbQnnG1CugAakakv9
2021-09-28T20:21:41.166553221Z 427 DU6OhourIrj71t660iScwKmSod6N5YVhh83cZwnkSaZ8WKiDsxBC8Bd6ccPD
2021-09-28T20:21:41.169279529Z 428 qZzQ1QRzZRhowlgrimC0pecAtc931e50XBLXp01WO8kdfd4baF4jtzrMdXjd
2021-09-28T20:21:41.171517057Z 429 Vue6eHoQfkSo5AU2lDISKIAJAeOaukoeHYgQjzwwMUBG832O3ywNMT1YfU2U
2021-09-28T20:21:41.174242566Z 430 WZOl4sS16lMZBWDl6J2lNPWIXQhEBGZRaGQ3A3nmrdtpj5D0yX1Oa1nh2s4f
2021-09-28T20:21:41.175596102Z 431 hy4UxpbTq7YpG6akV6b20rjwjkie6YbUSFtfxMZiRYdkuwALlgocjUSapWzj
2021-09-28T20:21:41.177614187Z 432 Y6Sj6X6gCOdrVyEWiHGeK01Aq3SqN99EEJX24DlgOAhI0eejqzwhy6HnxnP4
2021-09-28T20:21:41.180256252Z 433 Vh1QtqTbvOF9C4aOLNhnYswKomHzSvcoskvx1vQuCgJInXJ4x8GEIjfEHLbm
2021-09-28T20:21:41.181899506Z 434 pWLMG3eFb4Sr7MuEiNK4yMCnJLwZMOWcocBTdkT12FA4HwOmLeExZbmrCb21
2021-09-28T20:21:41.183597636Z 435 eePpOevZo4xUA3FzeyqqyIs3J6VGYaF3pcs4N8mziU1xwmQA0g4XGtuR44lP
2021-09-28T20:21:41.186329411Z 436 iQwTsoWdoWgbn4uE5zlL3KEJUZ6tG0gtrBsDTvvuOOa36AzKWmFRwV1Fyd3s
2021-09-28T20:21:41.188623637Z 437 VckP2FN4NDcjhcmjqDncD521E4fA3jQN0zBcdUj6rNFmBeNQZdxgc5FOKElw
2021-09-28T20:21:41.191542943Z 438 QEwgk9wLVqDgC317QWfZchKnrzibtiRE7RKov0k1tuala4rheTNDitDAugqk
2021-09-28T20:21:41.193540062Z 439 9qgbKTlxtDW1N8vcs4jwk59Sc8L6N3ynZ65BVlwGLTeJJufyYpch9Brv9sK9
2021-09-28T20:21:41.196312167Z 440 67yzz5Acorpi9ukaDw1kQxBszMVayos4iTfnaDzFxvEr39ZqFtLLq4lFHSu8
2021-09-28T20:21:41.197591961Z 441 S31TGvVIUkNmb3NahwyoiAiQQS7ngjXQND0aPf6bduWSJUl92VjlJP97CERU
2021-09-28T20:21:41.200356380Z 442 LUqnLXIiXQykAEUtPO0hwAE12OJRw9PtGDFci6gIUd2MyG6egvPOVYl6eWwF
2021-09-28T20:21:41.201825186Z 443 MnLUkTblz1LMSeM8xcW4byBI1VJtPfU4EY48xxWuzRXXyR1Mgvw6aZCAGTIq
2021-09-28T20:21:41.204493406Z 444 aalgDCNHbozV9Ic6mYk2njHvouLNT5khxpSfNc9HlK8XmkJ6mC2lqphkZSYu
2021-09-28T20:21:41.207294088Z 445 44pPF9wjjkfZ6BhpQrP9lVUAjxlGXABYwQ4DP7Q3dgtsThm5VNKKKD1X0LrW
2021-09-28T20:21:41.208631472Z 446 rl930xAXqx7L4patNjc0YFHEWs8R5v0WcA7yRmkBKPF2kl2GjZtBhfIuMtLA
2021-09-28T20:21:41.211690938Z 447 u8Q6xhgkPhwRcBAAgKQxpyjlCDhV8mogmXx5yHeXsf0U5sPIm4DxfzUREgMB
2021-09-28T20:21:41.214410310Z 448 3G1lW3wc5JjTiiHYR9AcVSfONzRh4h0byAP1t6Zo9YsR5jVyCva12SOHFbTQ
2021-09-28T20:21:41.215809572Z 449 sMuMUbxU83rJe60eabO4Gs9WRVFNJBr3QSv60VpQctMEwqbC61u3eKmD6Yno
2021-09-28T20:21:41.218462950Z 450 FTU8OAOLgqSXxYAaxcSGBTXF2Ig1soFjcVUP987KSQ1mbwX35wN7owxLliyz
2021-09-28T20:21:41.221271009Z 451 3o8eznDFdPwCoYmLdP8ofdTBxVcWAsZsJE7y0BLDNQSAtyn8Zjhkt2oo3Aa8
2021-09-28T20:21:41.222667403Z 452 Jb8H6sL0BHYSpbehb7UoRDeUd36Kn3LXQcNVAMmcixRaSZMuyKkGUxnnVYbL
2021-09-28T20:21:41.225689934Z 453 EhVXV0f1LHIc8MEE2nt9uT5HdUYVZddPg08MnEUS4Pt1lJJxgZsAM4CVLhb5
2021-09-28T20:21:41.228433192Z 454 LsTCxihpyIxgDt1K8Fv7YA3hwaHSIHccVoyCB4xbmu5sCZlShRGdTJok0q9S
2021-09-28T20:21:41.231395869Z 455 VMFtxgAjS04mFZYbJqqJ6n0NRj9eEwvNkkanursUrKU9JBeEv7p52AGBApJl
2021-09-28T20:21:41.232652163Z 456 luVzVjta9uxKgrI3DrXNLJN3raEemX1NaIiAkRE3OHRT2SfGn20dVw9Q22wd
2021-09-28T20:21:41.235481947Z 457 ZGG9Rj6m6mHaveIune9Wr0w976AZdBEjDVZt8wDR2dMFfIJ7QjOtqmc8EqxR
2021-09-28T20:21:41.238213015Z 458 DaOY1j9t0fNlr5f372HTANfDgZDd9t8H7MGM1vQgOmGMUYtG6CRn8DwtbF0I
2021-09-28T20:21:41.240637401Z 459 wfNpy0MQzP23OQVIdhyaxM2BjTyRngmDPPx6n29PyW7FoJWN7EseaEIccPNl
2021-09-28T20:21:41.242795654Z 460 jAYykuZNmkPZU7NtUmoBXIs2XN0fz2TmhFz92cxG1zTm25uJ6QbWNI2GZcoJ
2021-09-28T20:21:41.244664594Z 461 aPILfodcpGWlkAYwiANvqLxIeNtrsQAERVXUvnV58VP2iDcy4FFEACkLo3nE
2021-09-28T20:21:41.247377355Z 462 mk8nYEvFlPGj0UNiRGo4PY3Nzpg1mzQ6RCZLGIdzkYvGrGsDQ10r3cDvRuaO
2021-09-28T20:21:41.248590401Z 463 vRc1nTt5Cjx6oIvoWNTGnsQ47JGf5HRh7uQeEaEgRdsIw5p3LDu25DHFQBwe
2021-09-28T20:21:41.251562891Z 464 uOKZvMrx3cuuIGHH6s4PWyaKBSvLqtjTO6IoX3ppsjXjyIR8mdr2vEBtdiP1
2021-09-28T20:21:41.254220268Z 465 v8Kj0FrTt1vRoGPRZyOWXuTQCT4USSazInqfPRi0AiLqjDSAlyk1gdlYUdLX
2021-09-28T20:21:41.257005939Z 466 ix5XXjuVJCaeVU9QgBiII4VwZBDPP717uTPmRXTT1c0fhjkVbAdiWqWJ1lW6
2021-09-28T20:21:41.258745431Z 467 FXbzEuVxCR8zsDacYentXWzHggp4rIX3LWweHTpPuo1Bj4pnv8TuageKDD9V
2021-09-28T20:21:41.261680812Z 468 6f6oMQdVblmoK0UO6gXDc6y501japRFxf3cpAUwmK8DBk1xLA0ukmHDOypI1
2021-09-28T20:21:41.263642700Z 469 qXXjDR98gACgTVq7zUfItlL9ER4vPuKmxNrjGZQA2btkAgEkHbHJxapJxs3I
2021-09-28T20:21:41.266274521Z 470 EDsDYyIhUn6QM6toa0V49p0YPkgk1tmxMiDmwNgzaieJpdPoZORsMhtVZ6I7
2021-09-28T20:21:41.268525190Z 471 hb5GPF5Z4Jw2pdqkInoJbvU8aZMt2ZeZuWdaVFwKDrDRW8F69VZDy9fVZQS7
2021-09-28T20:21:41.271270541Z 472 zB0RMYVub4QzJqWfEjDWOjuMGizwSJUC5Xvki2ouJtcBCOeWhJG39JtEMsBx
2021-09-28T20:21:41.272692713Z 473 a1XrAN3NvVg4SbjEjCCx6vIquvMwwG3I7JHC02QTJss5F9A6XDIY0uYKzqyw
2021-09-28T20:21:41.274578292Z 474 LotqizmNIK6PPNibvPirCHD2XlwZCPitkcuKibI6OryuHex5gbb3wWLYBU5q
2021-09-28T20:21:41.276797616Z 475 3M6jfqqf8WlgqsUywFnuOIGKUwqhQrOY0hwEuI5ZS8RTdQtQK8mgC3Uml3Lt
2021-09-28T20:21:41.279291286Z 476 6wKPn004pzmbJyApqPjtj1YJRCNdsulBL2cEPnqwowGhqqxJSqrXwdhERNtX
2021-09-28T20:21:41.282229413Z 477 cpT0LW3EYoTdpsyLnWOAbqS9Su0eNi9lMBBfp8aCyhkpjjVU39eHzOzS3k7Y
2021-09-28T20:21:41.284556648Z 478 OdvAkspwyYjnayZKas6kDXsVgweHVJwrNx7UKuE8Eyfmn87c8c1xHGK6RO2N
2021-09-28T20:21:41.287677331Z 479 YvI3ZLNozSoU5GcRDoNtekCIfalkCbDicEN8UL2YBVg06n4kEEgeB7KwfHYO
2021-09-28T20:21:41.290107150Z 480 WM44UYTek6OpDdTUc2jYAxLaxub9tv6xfsYoQyr8fiB7FvqQaFiQifElXfXR
2021-09-28T20:21:41.291628015Z 481 jpIlJbyVtdhIxdICtELHRU83B23rpEmbhwGBr21QPTh2vESiTEapWM9RDUZR
2021-09-28T20:21:41.294032356Z 482 D2rdCGQp63d9A7qgrJHXaJ7sETRNg04VdqV1DN0L0G0cYBVvMzjnQmPHHonj
2021-09-28T20:21:41.295692532Z 483 gRolAdKkechIMnCZywEsp6NULbb5yk25844VrrkwVB5RmsiMwfzBbHjv5oqB
2021-09-28T20:21:41.298542450Z 484 tH3csMrtrjFxa9ODKjNRqJ3QFPAWJhQ6QcovnQWTRCqkaFs96V4qsSWyArND
2021-09-28T20:21:41.301489232Z 485 oBjINGymKkEau3fkWijq3xyKT6HbjaqIKM52t2B2A5ezsvvIfcVUVz048UjA
2021-09-28T20:21:41.304224799Z 486 gk6LO4PEMxmmXHfQxXv6FNReVb2n4bbNlw8QVynOJuUeHsxPWHeRpJisjNRK
2021-09-28T20:21:41.306448600Z 487 vvtoCQaNLL5Hrby1kd8vuL8JXsTR6oBB4R2NLpWg2mIWEpBC5MJMXs2f3W9R
2021-09-28T20:21:41.309258114Z 488 hyVwlwKmKnB49PVbsIqbCLeo22beBxOapiJervF328z8cItysMRPVQHIuLF3
2021-09-28T20:21:41.311446594Z 489 Xc4GHtnZGaSlmmV8Hcp09o49OrPqvHAS6HsSjWNKQHtmCkX7SDvJH3WQp5ht
2021-09-28T20:21:41.314057771Z 490 ob2xZcKBUTDardSAiynzMweKAhkBGlMQL1UhbumsppJCT8yjdKYZM1HOZCTV
2021-09-28T20:21:41.315734830Z 491 lVwY4j2KlN9EH5uhBObH5SjYYKNraUBVWwRkgOuimwXUwNa4w8Cvee3OQYZa
2021-09-28T20:21:41.318357153Z 492 RSyaXXWyu6f6ODn6c8GSVbi4TtAQf53oUIScTiSC1rvaCmNNmGCVjlp1KWxP
2021-09-28T20:21:41.321069181Z 493 bpP6NWTMKjlSd7VqBmX7RzxshyoATtJLFCoTvYh1zAJYblWco93d33t5lWFb
2021-09-28T20:21:41.322973024Z 494 9P370d30T3m3lpjWBsAeROzCSVLvWY7iRls7Z7LaOLtkp25QwFwbAHsPD157
2021-09-28T20:21:41.324867849Z 495 ET11uCg86wxjI4YJKSHxQrMtCrLyFgl79nA3pGwhrljx4zRi2tv3yLg2uR3l
2021-09-28T20:21:41.327548502Z 496 elfsEIvQadc6NFuFF3OvJtTq0LNqFt63u2If6vkS5OxcSmJt7LWRqjrAfeCY
2021-09-28T20:21:41.330519192Z 497 0IvkHdnnUazb6PwlHUllGm01AHz9vlK0SW1HqTRnKmlIjc1Gx0pNOkPg6IdA
2021-09-28T20:21:41.332611358Z 498 cY1X0roVHLs4jpuOdAgU3ask2hTcdChEhkE0UnuyfoJckhPhrILCxNAwdxDf
2021-09-28T20:21:41.335390661Z 499 cXtWBm0sA3s1YO3DFFvS9guyOCHgUj3o55EC0SDhAmfUq0BSraBHSUy7PQkm
2021-09-28T20:21:41.338289178Z 500 DjZYAR67V5cM8OJd9ggHssSC5DhZxjFWe25TDZP61FxbHXev7eILeT1461qN
2021-09-28T20:21:41.340415454Z 501 Uc7gEJMoM4upiUjkmLUrWdcrY45vgdEDoA48E91dztJKQzBtyCNa67QpqaMd
2021-09-28T20:21:41.341720931Z 502 u1EMww7fDT2HfYMnjkAGdc2tc1hF7ypUjZbDiZ0c1utOGzQMi6ZvTu15xNwb
2021-09-28T20:21:41.343986219Z 503 mNpL5HHjvg2Z4nIN7m5plPrGVwBfpcEIW8Gm66rPejONqk5dkvmelwnIGG1S
2021-09-28T20:21:41.345834386Z 504 1jaX6IFRrzTYgTk86FRHengJIuOkUF9MXWt7aXiP6aFefdv1KAfFJjaUJhXQ
2021-09-28T20:21:41.348643256Z 505 Fv8WbY1gdyZwylS4pVX5NFf7KQfOn6QFXiDeohzvPHax9ZRfSyMU5hX9jeWd
2021-09-28T20:21:41.350598624Z 506 W1Ky73f9MZB4oCa5a63gTReKzSFihy9i9EaLFp0PjNmGCGRYhvgkSWFidaKi
2021-09-28T20:21:41.353433785Z 507 lPgTzv36Kze1IdUFa0KXwP6axgrrjbBvm8Cz6XErJsgE2xMO34zpreTDZAof
2021-09-28T20:21:41.356318962Z 508 dQ8XX4P0DP7vGZwRKOsLaXy2tnyd0qFzDDwuCNRjyTQOsCnGHNR8cTfPeCaa
2021-09-28T20:21:41.358544732Z 509 9LxLZQZJg7QvQIpovzhDcvGrpelT8upmog9BRtjEuUUyv9mCpmxSS1En29pV
2021-09-28T20:21:41.361340779Z 510 UEpd85A7T0yjjClwrm3BHvcHscXWC4YCnGhB2kDdB0CAfU8ZIm5gwAK0NVl6
2021-09-28T20:21:41.362599396Z 511 fioKycUlWTzNKqJfjUbRsVZ9rl4b6cNEsy60Qct1wzDDfjLiWfvIFotpzNmp
2021-09-28T20:21:41.365238410Z 512 dto6yLcJz7bskn5oN6hoaCENnVUvAZA1YPXKspdsoMIYbsvohW7ckIkbcUZv
2021-09-28T20:21:41.367651689Z 513 bYVmydd7C3Mjg4iQXMUOz31NROlqhECrJ5VPmrUgz8xjNhJsORExxIhm9y0O
2021-09-28T20:21:41.370512597Z 514 H7S6cRoyDZ6yWlKpjQKWkQnLVesSnBne7LQGhIz0g9PeMimZZrG44WVWyJt0
2021-09-28T20:21:41.373354565Z 515 ZjrJFdKQcbwDouSjKkkV7FmmzzBFPrjelXYmKeZxrX88iAyNv9YopQB2bgBQ
2021-09-28T20:21:41.375609474Z 516 JDYnxheDr81OZ4ezJdrLt8yYH5xBh124oNivHK62BI1JEjVJYx74rttHBnVz
2021-09-28T20:21:41.378395132Z 517 ja4YEwKJr7fwZ1XDDNH944XkxthID4sPERB4CBzvQphiNMXQ7AOakG45n6Pm
2021-09-28T20:21:41.381035681Z 518 dFpttJWCM9yL0yMenGPcEoYX7BIBTIGL11JWcXKHpftS6EUb6NhF3Jiuj8fw
2021-09-28T20:21:41.382733173Z 519 OpyYjPVM3Z973LyrLQvfPTsbaPUdhHwbJlLwbvAQscG5GFYjZtghatF3ym6B
2021-09-28T20:21:41.385629677Z 520 TVVC6O0WwtwVx0YPPQPoukFdJ6ix4eaJi4ZtZ5g1dxBYr0oNYHrbat9qDiIj
2021-09-28T20:21:41.388537654Z 521 SvgB44VLt6EhL1MQ5rf8LcV15DFIoUWYDh5fmjfrSRAKRd5XqYICuULADlL9
2021-09-28T20:21:41.391288827Z 522 Y3WNaP1pOvWRIyPQtrOOfe4CnJiluFe9Z19G5ClyA4s0aX8pXxMRrZ1uUWDb
2021-09-28T20:21:41.393453912Z 523 SE8Jcqru2sUltQd3Zds1zQkOOvIg6lSq4w09q48N5Lz8Pijl9XHH2Aklu6GG
2021-09-28T20:21:41.396213238Z 524 1sW6Y7bCsYwccEkTwFV2lgV9z3i8jd3IajW3cAKOFjoijQTGLHpucbDzo4IN
2021-09-28T20:21:41.398430525Z 525 q4BsnqBrXGMUZhNbvOimsobvRHSHYeglV19unCr1oXNfsH64TZNID453BRbb
2021-09-28T20:21:41.400648233Z 526 36oEuQl0xGKLp8Qko7aS2BnAEGWTraB1pBHMhVfo1aFPkYPqz3Hqi5Ii6TaW
2021-09-28T20:21:41.402731518Z 527 AP4DXAoXNGGRri9yYUVejvdiF47HAzyKEGHJvtcTAln6NJiD6n41mB6CGK4x
2021-09-28T20:21:41.405449532Z 528 bluHaeiJdQV5uqb6EhbUo4QLcd1NzQXdmqjFyRmGZsUQMnyJEtaug5qA71Gz
2021-09-28T20:21:41.406624792Z 529 oXTNs0FToFJEXA9510rcYwHDp0pwNCncBObMBtWViSkZ7R5Cfd3ltkvvc6kh
2021-09-28T20:21:41.409322073Z 530 sKqYsmTcHHd3zutl823bbe5V3yTjpDHQq7zj2XkKWb3EjgDDSgQlCvcGUwR0
2021-09-28T20:21:41.410615720Z 531 ubsGBdJvQEjfLTljkeJkRY4PYuyz9xELGUVTkhT61OFByq1ui9031y1pkQ2L
2021-09-28T20:21:41.413416204Z 532 rBeFlqvTLF30cJyFFNeDQEr9dGPHR9ooVwytSauNKPxCtE1aH8YLapUhUorF
2021-09-28T20:21:41.415535006Z 533 O5laVeQ8YnX2hcLjmR24UeFBzCrE8YUewKwSYzyhPa3znpesphNzajCSEtfS
2021-09-28T20:21:41.418235766Z 534 COguHXhvaqn0727flzzx68pXOrMEp679LfRk65tGvGIywGG2KY0oY5luFxpE
2021-09-28T20:21:41.420643881Z 535 te30lXsnba0c5t1jmVZuFsQcM7hBIEQl7x6wRTsOh56vK15wgSe3Ict1lT8C
2021-09-28T20:21:41.423291902Z 536 5REsKFcy5CMhhUWGwn3ZvRJbyJmXwX2i9wu51O7f0Xksa0Vo3tjFiz0uBSwy
2021-09-28T20:21:41.425582290Z 537 LmFq3mMfUcdUmPrNDDfEqk2wKU13UgntjASmPHodW6V5agcd1gQWy0edsDnt
2021-09-28T20:21:41.428387811Z 538 xeUn3gen4OlcdTMnVTyvEvNrpix6NfmL80sd0hY58MaUe1w7mEeFMy7qx3Yj
2021-09-28T20:21:41.430498250Z 539 6bPDIIsvAVJSdFuVRbmKRU2Vu3KKpKDH2zz10ala6qSqZW69NsPrvLxHjltI
2021-09-28T20:21:41.432804967Z 540 aa3b6E9nz9XK16MRpPtwv2fQvE6wtnOfZUu5J3UxG7A9HQm2fLVu0w4g5R7V
2021-09-28T20:21:41.434551894Z 541 xE8o71dWXDIYT3Bjz0klVVNk0YmI5iepqM1qiJMlPqdFXV0TKVevUDMx3k9n
2021-09-28T20:21:41.441226387Z 542 LwK8kECWAxm35vZAeuXuGcfGuEeIey3lpaqQxYvEnFx1HlUnQFyWrOh9B6pN
2021-09-28T20:21:41.442841858Z 543 ysdIZ6EiXGxabdBSLTsH5XVwtVrS9g8VSl90SC6DbvLYF1YgfrCdxvi6sPz6
2021-09-28T20:21:41.445264458Z 544 rzmYFNfxT1zMCebBuexs5sn4sMmaDt6aR0pYjqZA88izQtU6HfBSSx0szT1Q
2021-09-28T20:21:41.448448336Z 545 DAvffkV5yM5Q8yYQEBwGKb696nmpemQd5tS4JlejTB7SxvrGE35AkTn7IJhO
2021-09-28T20:21:41.450984022Z 546 Jrt44NLt0HznUEdmarWKIrBhvxjQk0hU7Uz7zyyuwrE0By0hfvREVOycqBie
2021-09-28T20:21:41.452725182Z 547 YLpYS9i5ZukOK3xgDaVmFJeioh5z5sEjJmOLn8NxuWyYJgQSwqlZZmykVMdm
2021-09-28T20:21:41.455504021Z 548 OOsRqe6gG1yI7inQPzBXk3rqjG4w3qy5kS81hLxAIh7JZg8xYkX0tHMiElRm
2021-09-28T20:21:41.458425215Z 549 5ESdpS3iiRS5EkZRlIlJ3geunW9jjQ4e82u70lOuelnxfYFrE37gDvCLoFxF
2021-09-28T20:21:41.461241098Z 550 1SiPIyhW4SYcj4Mr20oJysbxRoqtSdt6tSaMh1i6ARkp0pdIGbdpsAvzNzzb
2021-09-28T20:21:41.463546487Z 551 D1TMNSrpudHhxHuzmbEen7TbvC6rEcKr6UYmkHoGku0HzovRvxbn1JT1rd5X
2021-09-28T20:21:41.466301334Z 552 9PiaJgirRAHhbPLCmYzhun7B78Cg5jAg2EoHOtGOM8Trz6cOUVIhKozVplAb
2021-09-28T20:21:41.468583423Z 553 91HI3cwjj6BwoQ9oZfWQuV9CRNeXRwE7sIfy4IDFfRXzXUlssFWfOuJnGzPK
2021-09-28T20:21:41.471345756Z 554 PYtQ9uly0P91frrZTbkV8vDyQJCldx1jDIUgE2EsvYDCbp7950q9sHOywj51
2021-09-28T20:21:41.473554250Z 555 CvuHEy14I39jHCAVBZYiVjK7y2F2q7X3eJhuni80Iwh5EUe32hJ0wVDu7g2a
2021-09-28T20:21:41.476200397Z 556 DoOkWkfL1T57JZoEOTxy4Bp58A7s18NEORY3JXh12dllxZb0U7csdsyJDcPn
2021-09-28T20:21:41.478625376Z 557 NgIcGl7hyoTLCdWtn6fDb04GvSR6JDQdRFTa2ihtlSvgYgrVZxENQ6EUWmrK
2021-09-28T20:21:41.481365014Z 558 SgpyXtqX61mwFAEDQTgvKTFx36D9qX1A9nZdgzC71zeAxrQH9GBstSq9OKT7
2021-09-28T20:21:41.482787690Z 559 hHLZkTnGSDnLzCR3zHQmobxOpzC3cp0cIxQNOHMb7qTnqiIl8rD10pVs0Hdd
2021-09-28T20:21:41.484885683Z 560 WI2oQ3XnUMghNIIkdb1aFKJnaWDfVrvNI2GGQtTnf4xcVWUyOy89j79SSUU6
2021-09-28T20:21:41.486870751Z 561 gbTdd7dZLuZLk5TGyWq8N3VWv3uqiTrxuiVny9YOJyCTDVkk9bbTdXpTSsZe
2021-09-28T20:21:41.488552457Z 562 nqQSMZbK8lfO5iaS49QlYL7m8GaEgtNgpSC9JUhoPhpKjRwLCe6L3fir33l8
2021-09-28T20:21:41.491629250Z 563 qS4Xz973ZalLj4hUEKxaLICXv4LhjrZp3wARlmoI1fxl8ji9GYGOjBAX0YAa
2021-09-28T20:21:41.494244487Z 564 5gzmDprnpMk4rHyxHUUaBKjaCjcJxJ4Gl8QDCkMFZOcZfA0qtWBNQANXqToB
2021-09-28T20:21:41.495796144Z 565 02zu5VEoOb1WLpcoOeewznnY3MhXBgNfjd3SZW2aZdZ0viL03GCMhWJOeSX0
2021-09-28T20:21:41.497531045Z 566 91kP3Cw5WxWMdS3T6IWjLkC3ioEBPR2p6QVM9SBBN2GVxw3Daa9rXqAyh8nd
2021-09-28T20:21:41.500333891Z 567 vkIsqfuN3juHLeMdmNK1Ho29wQ7UngjEDAVJzNBgKSzsjU2mUhZrflVNNsLa
2021-09-28T20:21:41.503637569Z 568 Ou6EvAmFilxHRLoMbXvUdQUMxdWfb87yiDsNeQbngCfwGumG9t17c3E19IG6
2021-09-28T20:21:41.506547575Z 569 GHGgyiUyxEjJmtzfjHLaSzuSRsDeyVALY5IG5WwlZneVLMDK91gMutebqWnl
2021-09-28T20:21:41.509203112Z 570 lyUJWI38GGjMhG6loXyJnBaTdrGcZXVFolnmbUT54ev6SCarvKLp91LakFuw
2021-09-28T20:21:41.511428070Z 571 Y9OHGsZ73cJVJCenvBHyB3PwCMAKyPYKURrAcEwllgdDhtro4tyuR0C5wJfH
2021-09-28T20:21:41.514194144Z 572 9VyhsON5diMmRcbl2zIBgDMWXUBZ5OLvj9rWx638BVGaJfFvAYKEiAf4xXLU
2021-09-28T20:21:41.516436527Z 573 Sh7z13cqdnNbofE6aIqNAYrbMsaRcCEUHRACN9CQy55aZIuuG4CX2tyA85oO
2021-09-28T20:21:41.519134990Z 574 BRlPBJWJxOMeDECpCs3DHO2sAtxyqWSt7NijBpbr6S38WqNLBVx3zX5Vemyu
2021-09-28T20:21:41.521565396Z 575 wTtorpMkw6D4dW8ts7jJhqz1WGpyTJU90LKwcF24lxRsif8Aw9oehr7LlGLv
2021-09-28T20:21:41.524584418Z 576 pe4KQ4iWwNDiP7gtqIhDNDriGWmlUEngdAj1o3KLxID4tprco4CvWYVrvH1h
2021-09-28T20:21:41.527484122Z 577 RWAo0tENzh6o0irauOzTfiqTg9OP5QDohNDsMXCD4unklVMYfq80Hz5VI0HU
2021-09-28T20:21:41.528682183Z 578 8mQ5lzGsk7T1AgSelYTSeES2ppuDzV1soyGugJlLxhlseikSSTxXzFwJlc4o
2021-09-28T20:21:41.531812901Z 579 H5DWgcuOiNdZDEPiG4O2Qrgklpx6CKSja2ka0Si4c1PbgM245WBM1KxhEE3t
2021-09-28T20:21:41.534586206Z 580 BxGcYUrxuliH3GYnjcoROvfin5n6wceoG0BDUWsbSwqMvVcK3CiPjG8Q8H38
2021-09-28T20:21:41.537384237Z 581 47YIV3LHV0d0p3nVv64GXYEPo75YqTKe5XmbIpKviflZ6dOYkDfpMmRyFI40
2021-09-28T20:21:41.538932596Z 582 mTufujzFKqCcKNBSilXff5MpfmCcdQboGgNQl9svzJI24VPq5seDO7oPVZW0
2021-09-28T20:21:41.540927551Z 583 NdWYaCwDJ2l8TESXjrMHCQpTUFaOUTCaE0Hf2ncc61eLpaGB2pTMS7WHm24K
2021-09-28T20:21:41.542871966Z 584 JJeMjSoqOXySVdp6uQfc2eX0boe0cIUuEdc9gnWeQFldI80gyVBXCcUH1g23
2021-09-28T20:21:41.545736532Z 585 O9QdbYNkzaYw42Xe2pibWCd5AeLOS22y5tYhMQ03J5wSqFzWFHGoIQsHc4Kh
2021-09-28T20:21:41.548604021Z 586 vrn9QEOOhC4MO3M5QdjLjY0V7ItCZcywZXvCAVykM6LNhTEwH4TYO2B1iPpO
2021-09-28T20:21:41.551541505Z 587 wk1BxXoGFlbm7LBjzo0IvFMsGTeHtmMgrSpXvZPb8uqOfEv4A46oibluaaqR
2021-09-28T20:21:41.554812085Z 588 HBzdsqlE0hKWmQcUgtF4w7QnOhc1HUEMwiLxYeKjmsEhylUHkL60QEPBv2EM
2021-09-28T20:21:41.557048752Z 589 mqXIbKQpJwXWaq1QeWRJXLPXPEHASWeilMCUeppINvr3JqENgtZnKcDBEpK0
2021-09-28T20:21:41.559108286Z 590 WrLkTJUuE1EWry9U3tiaTqznCg0p2oJoFhqngBvNoYEkhChyMu5LjIWDWKcl
2021-09-28T20:21:41.561462405Z 591 a0na9OdsRpxcYaR1GC7riOwbQtYTiOZg5ysQQTy1hg8xmLvN7RzW2zX4WmZm
2021-09-28T20:21:41.563728720Z 592 py7KEgCkd2d94XrJpR6EsP2eERoggC3oabsqkehCkoGrvEm5YqR5JhWmHkVi
2021-09-28T20:21:41.566339113Z 593 2JJ7NA0kCaABYKZYiWjxkkLYiIc2kTnyKpr0rEVQMU29F1GB6EGBQMZ8TH3v
2021-09-28T20:21:41.569019610Z 594 oPv5RgHeOfxBbFfmJV5MWrXFChYx4xJgxh8Bt7iwuNKCERDQT9PhkfqHSfXK
2021-09-28T20:21:41.570702748Z 595 RD8ovq8Kbd0i2nsIwB7nojeYRIIVBi3aGae105qa10shuW9G169d8lZzdEEz
2021-09-28T20:21:41.573582785Z 596 N7JEunvqc10sfYWRAapwvvllxmbauFwwUcXDBww0wW07Vuiv5m6Cl9mBaHiC
2021-09-28T20:21:41.576117438Z 597 E1oQxcEDft4gHUGy0duMX1J73kUhZoQwIFVAmLRjL0nBuRilbBzMbt3cVQuD
2021-09-28T20:21:41.578257931Z 598 NOZ65KOewNQaySupub6iNjAI82zhmbxf49x9WRUB8zanYFg52rgWjbWccq0B
2021-09-28T20:21:41.579960599Z 599 unER0KDbxF13HoQrPGzM37pPTsfwj8CrVmWdA5Ih8bjSirOwtikZoPja24qk
2021-09-28T20:21:41.582033560Z 600 pBV8RmjJcgFgd4CRr4Ug7Z52bmOaEulkvXKdVgXo3s3eJ3B9HzOZpTjrfMSi
2021-09-28T20:21:41.583628466Z 601 sxFz6VbG8Fu7WYSw0kaMhnwQUhd9TslX7F5kCYeCleEvTh1pjN0EFaWoXXuM
2021-09-28T20:21:41.585651665Z 602 0bAomm0AdITdauab0v9kwD6DWe8ZaGeHrDapy3qEPnlST4H8UXxfUFECP033
2021-09-28T20:21:41.588413737Z 603 nDImRNFurUg2g2j06X9NIBz7hCpnCUvhrj7xIVq4YQafmU8221ApGw8MV6L2
2021-09-28T20:21:41.589775864Z 604 75T1H62P0xV3Pa5KqZSxslNNIm8nrHNjohsBsShjI1XjLxdCSskcDrHVAf7u
2021-09-28T20:21:41.591820271Z 605 agFufJ6YpEKQiR8YCL0FSjJNG5i0KHwDq8IvaEFU9rOhmkQmgBAuAKKkLCE2
2021-09-28T20:21:41.595851629Z 606 Ju54rnvmbwTqcawHgsN2PpkZIYlSRDzPNRS4SnfRZxRpYYbvfr6Az2OOW2oA
2021-09-28T20:21:41.598400276Z 607 VzrNBvbJmrhR3XlqRoIX7UohAB9Y2h81xM7Avvwy9j454yyDSZXLb9CJBvCB
2021-09-28T20:21:41.600677525Z 608 IWaGDCioGSjr0mMU0eAGuU1B79P7FfX4IWTJ9XRBLOeex0qKJb8oQT50grP1
2021-09-28T20:21:41.602751562Z 609 nWdPpDVWGMy1aHnDn1Qs02bk1SWgbGIlkTcBnpjKQTWIkGhumRwTC7VxSQtb
2021-09-28T20:21:41.605566624Z 610 dJ8DqUTKPlZADahLXqBogEkj6oafFUUUdKrEnmggF2laREJq9c2xTKEGoA8O
2021-09-28T20:21:41.607796159Z 611 BFTebpLUdK369a1XCR5GORUD9t8TJDc13xPABbzrAUfKDjOA6wbjeoYikKPS
2021-09-28T20:21:41.610095590Z 612 z9pXIIAzuvH775PphgC89v1e9JRQOIkn4SP7ArVTfqKslHoo698nV4aDQtyF
2021-09-28T20:21:41.611730522Z 613 yLXdRQxa3yPw8W39CNSHdHn2a74oWvgmOHSdfwo2vWJeNLkHjS85thYYb0tf
2021-09-28T20:21:41.613657157Z 614 ulBZ4KGSPbLXj322KPz1jnuZxoBthGUCnsEZvLmVoWDIhhnjtUi9sViICuCv
2021-09-28T20:21:41.615939524Z 615 v3tF7s3DL9prIKR2bl0xB6cVtgcYeGWoq0kNQPXzpzDyz8r7beXtNrZc3KQI
2021-09-28T20:21:41.617638224Z 616 Xxd9b2bNb8CZibsV3VXw2oTIMaTldzU221RiwbtRyzH8T2vDxmMVYDHLwLju
2021-09-28T20:21:41.620336227Z 617 LYr0Xs3TMmyi18KP5MTuj8L7G7R2cJo4nZ56SpizFVKYjZxtybjSkGm753NG
2021-09-28T20:21:41.623212949Z 618 gxOavGXd25QUMXlUxUu4FRbudn8bq3aZhqlc5bNxQS9QU8qFTTaAwbcjQ6e4
2021-09-28T20:21:41.624689041Z 619 JTSffxUefa3l0REBhbpsLxsZYUbG3IuYO7m4SPiaHZmP3iBJ0rRsmhfEAniY
2021-09-28T20:21:41.627429820Z 620 Epnt66AOF3AMyjY1byRBq9vhNh5bQFkwbX1bgaU6NIETWJgarC4fYsBv7dY6
2021-09-28T20:21:41.628767969Z 621 Q6VeRk4Y2SXx8q0AvYDmHFB87JP9y1QH4EsCVZTcYm28bsCpfyvuP7pgvGF7
2021-09-28T20:21:41.630597101Z 622 A6Madoqrfat3IrwyHAv4iuBwIgUhl1WyTN689LEy806HEMWcbr39UhVTKV5Y
2021-09-28T20:21:41.633369165Z 623 GdQc34x6JO3EZlLaytRUi9wwhHD7JMHZwVQAPUiAYgKu5ERCqCRbFPIrDWTY
2021-09-28T20:21:41.634629649Z 624 Eln1AnNJYcerLpzzzbQW4DegSVs7RVuZxS8qotU4VqsnOEQEzqolT84vjwo0
2021-09-28T20:21:41.636550298Z 625 9UBdB3SsOX2hbSoA9AY96OTaxRfOX0AEtsIASiXHC95eSm7eaw2n0VXySGkn
2021-09-28T20:21:41.638695486Z 626 3csukVp5JsA6R4tKSUpZf9I8DEEAusDY6TbYVeKcrbPbsRK195hq0gWG8HL2
2021-09-28T20:21:41.642276684Z 627 9LKygIPphm9fDZlnUtGRwe9t1ll2Jj8B0j8MEzag7HcyxiZqn4T4jFG4wGjU
2021-09-28T20:21:41.643561448Z 628 ZYC6Hb1fHDlzqx1UzESzYE9iYstKOWGY7Oni1B3UgJYSLU9wImntt4MxRQAK
2021-09-28T20:21:41.647030346Z 629 dnDhuCTCtgTqfziLXMuU0rxmT2o6ZCdmglMmzstYD608Mvs46epKuUV8sXCe
2021-09-28T20:21:41.649570648Z 630 LaNcN5D1nmVdfOqGnhCY8PXzsdx9CMhiaMMQd62szwergKd6A6Ve260oYP8X
2021-09-28T20:21:41.651739083Z 631 temYa8SMKAyQPTcnP55zHsQtYn7US9I6HwdyVaTiZOnsdtcUgTpcbRf0ztxO
2021-09-28T20:21:41.654915850Z 632 7TN2LZz8yKDkmN8PSgNpBZOwcpruuaHs6Ae3UbtbSVrgK7F0GqWTGrnc91Ji
2021-09-28T20:21:41.656600541Z 633 gu9GVnWlnc2JVPzTt2yZ1a0XOdf2e68bqbxpkMx1NYJo1POTu6A2mOzcldIx
2021-09-28T20:21:41.658934249Z 634 cgEafdN8eCGxSbCDZq6VtfT0M0gqxsinyFamtznkDPvsadwEudEEruobztWe
2021-09-28T20:21:41.661347336Z 635 UTdlkiVN05EljjueO7ET3YxU6HLXr22yU4VdncoiRBo4aPPzHsd3Gv5d8Fra
2021-09-28T20:21:41.662694920Z 636 3d23rzuUu96MDQGDRgO9Bz06PE4GrnOYiyOJZH6s12lkSi6DbeJh75nuop3v
2021-09-28T20:21:41.665579352Z 637 62cz3Q0OPl8aCx0w0HSRyfYw2JNibzwEr2qltJxE5YKZYqdZkL2VBXeHMSvr
2021-09-28T20:21:41.667857645Z 638 EgrEoHatpw3FI34jrnvBzl4ZIQVoqwKLeLGZm2ANjWodFXGtkbZ5wjPW3yIW
2021-09-28T20:21:41.669486787Z 639 YOkE9ggqobh4STvraQ43dU3ggSgiUKTKgeX81jWtCq4ncomZGyp0HxP2igtU
2021-09-28T20:21:41.672258004Z 640 d1JhnBWdlNjr9SG7LEUKIBPVsn6w2kvQRcwWX44ORzvskHs6DL55RXWQGx03
2021-09-28T20:21:41.673803813Z 641 9kBw0gpEVv6vXNUEfXTETdDduF76qB88XPlIU55DrbAZ5Clr7eknOXby7SGS
2021-09-28T20:21:41.675945617Z 642 yT0iLNTgTQTy8gQqnovCZVsJagGKpwet9AL33Mz1nA4EnPzQ0XjRqEj7MoIh
2021-09-28T20:21:41.677767415Z 643 QiWCtfPWAgcEIJTn7VT3uoEJArVqy3QXT5ckzU7BCgdhToJGBLZFQ5QTw8v1
2021-09-28T20:21:41.680566928Z 644 zaaqdgtoUpTN7la08Z1C51AcHpVp58ei4bJrYRDdRj1dhLpj5joEuwphytQi
2021-09-28T20:21:41.682844210Z 645 sjOuczJjXpyIEDUaYqiHIuAMRmilDRvx3iGaIvdNJYk9bAB6oacyo2stoK1r
2021-09-28T20:21:41.685667466Z 646 kHQPDRleFGZyLTHLXhyIms8hriIuvjXJ5oXwdQkKTaMSiDvW0RYfTUcJSQ3t
2021-09-28T20:21:41.688287538Z 647 LsJKV7L4Zw27qrzgUi0x2VUKt3zA1m0xH0S0L0eXMPEeN21QkGmPQAhyRsdM
2021-09-28T20:21:41.690583512Z 648 cIgofmk0JAiKzkI6AsBOxYcuYOVWiWR5IYS3OjGgLUzsONea44Mmi4TVtSk4
2021-09-28T20:21:41.692652785Z 649 B9F767Mu9IMME5TPZgXqWFXtboEtFvdlujtiWwyENOLQ2uGmjHdGs5Z9dM5M
2021-09-28T20:21:41.695604530Z 650 C8uKsdMp4SohGLZhHYs3MJ7ViTiYCQplRuHu2Wgj5Z2opi15jBMsZyEKbUTT
2021-09-28T20:21:41.696684141Z 651 8cWch4tYMkzVodsBMJX2E9TliueVQ17aSuhr97b5pX52vbGEY4H5sHsWExI8
2021-09-28T20:21:41.699573147Z 652 Hx35JXTkcjEGoMlGcDj6kxQn0bamjhAzmzk4YfdOBRfpFnkCM7nZd3PTresO
2021-09-28T20:21:41.700745077Z 653 E6aH8f8brW0u2kw014ws5jj6jqOsaPGXPaDPW7zePWCKY16IPUnEiNyZxOzz
2021-09-28T20:21:41.703179702Z 654 h7yD7VxXYCLKmY8g7LI79In61crbeLSq94GqvVPNA5TYoLWTKvIlfwuWSt9B
2021-09-28T20:21:41.704802065Z 655 dPV7BklIw3bEis1cJ3HXj4q67xglGtTDwoqYQK5733Z3UQ1ZaqPOCTdqSp44
2021-09-28T20:21:41.707530131Z 656 wgCvRTynprA7VQVS5tb8kPzaaHppAQMQzrIHp2qvLSD2WMRRgW1KS6IDxnUD
2021-09-28T20:21:41.710345744Z 657 bfRPIXd9PEE9ohdeDPZJv2eYvHHymylQqVLQJwdKWUqzqUHSOzFJTMjCdZlL
2021-09-28T20:21:41.711679385Z 658 MxD0z09uEAoexKQdEE3Tku7pHFDZ00ML2ofgL1I2N556QnNrmBTxtBkYNAOV
2021-09-28T20:21:41.713613474Z 659 1H5CgoRW09gUCZRXtNXO1BKt1WXrEElh6paXurcmC5Z5TRK5dFq201EHFh21
2021-09-28T20:21:41.716168955Z 660 WmsnOoA8SrlQk6kZajxfD9TwCgZ9UHAWXzCP6hkZqPiy2HGIEWdTcnM5I993
2021-09-28T20:21:41.718716549Z 661 xzXT887YdicrGuO7lNx3Ln9Oi8UZQuTlEHPyzyO2Xx2Iu63hNaMHfdNSS05y
2021-09-28T20:21:41.720682453Z 662 YLsGpqClNRQMHwRRI0YspPAAc1FTTwGPpmuazy8iQQ6N2kvAXU3s3hUKipTL
2021-09-28T20:21:41.722635408Z 663 dnA5rucDYLgjQ83gJneK1xTYfYAjDXzaZq8PkSuoAP3udjFafunG0uZ6UB6y
2021-09-28T20:21:41.725345898Z 664 5LjRj4NJ5d7PfogWcTtdy7rdm9cXuGLyvKGHJjH0LVOLZ4fPecJTd09pEhMo
2021-09-28T20:21:41.727571530Z 665 AyCSlunLq0GjUgjNiyab6t6ZHDR0KeVIrdxFRNyR3jf3rW6qCpXp6g7OQVHL
2021-09-28T20:21:41.730110069Z 666 ADeTnevoj2G9baWvs02Wv6ibyhNrhz1sVJh5D5UeP6vJ7o1D8s4SYCvWx2MF
2021-09-28T20:21:41.731943789Z 667 Dak8CrGb3DOr2lCxMkHOpyjlLU8sNk3XUlInkVEujyrTP8WWDFlObCHCqiyE
2021-09-28T20:21:41.734981909Z 668 c6IkbYgpS0zjhd43lnn55arDXThlBkwqeMx1iP9z6jWayMjM9lnkDcWz9qyu
2021-09-28T20:21:41.736556586Z 669 3HhvPjQpxS8H2zj8l7cG70i7LoMdxx0HnNTp85aGptOIBltpazLrmgo7f6cR
2021-09-28T20:21:41.739215698Z 670 trsWbHsVR4Aed9nDXevwPQOVVTv9jLwpnwn0KXFKM3aJalvlvNSZB6OlB4qV
2021-09-28T20:21:41.740614518Z 671 Z8Ox1qf0U0YpQO9mEQvMfm92gxj8sOzFpQEz9XEQzwv4XPqryyQYkXY1zJoN
2021-09-28T20:21:41.742669395Z 672 O9wxnRH6ZoEzPhRgcaO6e5V7zwQja76h7tA1VGJzZErFoM5nl0RTVp3Snex4
2021-09-28T20:21:41.744973173Z 673 x0yr6RrZAePjvH753dpDLzy2VKpfljnsH3fvupuGZXad4qHzS0N04CTfdFjG
2021-09-28T20:21:41.746734166Z 674 SpYh93F2dQNMhYZBPgPrjoE61qnqItUrJU7pSmG1pDrdi1ksJvGTWIT2w88S
2021-09-28T20:21:41.749621989Z 675 adXWrt4opwyJaGampbsurgFCRLHBaGCwJZkcYeSWIvdZg8noOi8xEaMSFGGY
2021-09-28T20:21:41.752440049Z 676 gAV0bnFtBONQUgzTEyx9MA72rg3tU69wMdz48FRjXTIIvKwo4oRkoHhyBR2U
2021-09-28T20:21:41.753953937Z 677 DsROphT5HI8lOwqf62xACsRcXj0bjTlSE2XBenuRueju6jy3wCMgblvhBVuw
2021-09-28T20:21:41.755733041Z 678 AJuEtolWQmH8sYi8qAfM0TLeEkWcJNbdkuXymcSHryPU6jrdhbu8hTOMzW7r
2021-09-28T20:21:41.758503444Z 679 zmu7DufHb9pVJSnfhn3KBDIHoMxYvdvhZK5oIyK65EliMnCBM3nM4HuwZHsA
2021-09-28T20:21:41.759634577Z 680 AfThPWeFcvsP7MhY9uup0FcBGtYsjROcvQRaOQpf6aQn5yXQRjIzcoQxAcGw
2021-09-28T20:21:41.761942772Z 681 KD6uYvqSAfrVTcykrbd9d4ZAAX1yh868a60KCoDhQTMnrTtRDMTv504aufYx
2021-09-28T20:21:41.763751360Z 682 sFGiVD0OQZgtbfdGDJuPyyRBCDkamieA9t3MPYxONJa3PLGumC1twK8xi0s0
2021-09-28T20:21:41.766688358Z 683 uTHDj8Ie3Xr2ueMEovIaDktjF2RYcvom7JxePL2tKgPBpku9CJK2g38Udnsm
2021-09-28T20:21:41.769502754Z 684 qwDlLEnKFdcVQ8XPcxS3zqvXjkLAWEWZZaGgajUZMx97TO4HmAN9m5lxFrL3
2021-09-28T20:21:41.771940859Z 685 S0kAjiXLk0qZOQ7me8Va50JEZPzmUIZvpIBZEOhpLczzVHXHqFRMM9vQqgfh
2021-09-28T20:21:41.775942511Z 686 VwgRQ7lDkx6UF2Tm06WiarSvBd6WaIDlKHuj9l1qMZ7LuhjD7wDGclVr1WkN
2021-09-28T20:21:41.778542586Z 687 9owydpBnh6dAg9SaVBb0w04B6SRK76QS73itPtw3TjgpcJUU9E0GpmkMTm1J
2021-09-28T20:21:41.779790884Z 688 KjSJgFXZGB5j30DGPt1Kv8IbhkIs2rBfWxcThc2cD9JcA8Wsducw1Mt8aIea
2021-09-28T20:21:41.781706722Z 689 IEQ8pWvWNuQg0XJBmMKV8m82NTsAnxTiIgY3s3r7k0esYNLRbsujF4xCDOsp
2021-09-28T20:21:41.786164289Z 690 053p55STemrMZFJOcoQMNjgetkViFPZov8fGuw2IF21vvHbkwpIZSMneunVH
2021-09-28T20:21:41.787805612Z 691 HdpfNGVI8u7HpDyzOrL7tGn6NLO2UVtePcKKdtXPoHk79RXcJDnX3FQ7dj2e
2021-09-28T20:21:41.789814019Z 692 iV9HFQEu66koxd2YNvStZl05kRyYUoBj3Ox1IhCk3dX07eVCDTZ6jAH0y6vw
2021-09-28T20:21:41.793460630Z 693 4fdw0gBUmXDUGyoz9vxGfUJDyJMJ1I0jTdLkhWd8OFPe3bTlNwnc6xfBTv38
2021-09-28T20:21:41.795155525Z 694 5Ce0PD7nHWKdsTYD1EOdPmi4SKM7y6u2FI09xjWfJpsMzOhJY8ukD8bSDHON
2021-09-28T20:21:41.797015919Z 695 j82VrMoUtruLKhMyTgiXko0PWyLxTqTeQjM9DJ5iUzmgf2onVFbErWLVMDSf
2021-09-28T20:21:41.797879488Z 696 otgAaFQD4i7fTeOm1UAZm8z20EhFFoAhVuir3tpsO5QA9jR1i7dcOc63Dsgj
2021-09-28T20:21:41.800341839Z 697 iIdmpu0owJkIUfkCdsD4LIDSwxyeUcevbcpk4gPMLJLzJ39g5CgRGFb0p0Bd
2021-09-28T20:21:41.801719722Z 698 uPmXeUWN1nuKDqb5V83eGDirsiuKNydvSWpDwIqL0PiW5F91I2fNO1jnb3nW
2021-09-28T20:21:41.803590092Z 699 ovgDO7B5H3ULFm2DPozvM8Xu4Cn15aEZttPVP2qs59u6Ekrz7zgJlOZJKWra
2021-09-28T20:21:41.806922176Z 700 JrtAfOGAbUFSYcY9Wsx15fuYmpNUj5MNmXwvBr8eK5ZhoF4MGGfPC5ZTDAvq
2021-09-28T20:21:41.811636157Z 701 8G074XdemIm7kl9ylKx5rvclRmU7cAfumrNjCuq6nGnriJbuIPHcjUMeph9m
2021-09-28T20:21:41.811739941Z 702 phqfr0mSRUpPfR2uHHaMaLlNUThYnclbqAu7o8qGOBfHJvIp7bccF8ujf66C
2021-09-28T20:21:41.814982495Z 703 Wanm9rWpUqlnSW7l4MHHpeuewoyZzweORKlFDkBhUzZIzM1fMz8eRRj3vnOj
2021-09-28T20:21:41.817253592Z 704 QLaFQW4eduNsRdSAgWXCUVlZCjNLYG1nTtCuZetX6dnlrAlEofCnfTZzUd5E
2021-09-28T20:21:41.818548981Z 705 PlwAND0ylhfjPj8FlXmNP01cRHJtl29qT1SEHLxMCfBo0M20mJIcOvvFTLmM
2021-09-28T20:21:41.821585014Z 706 xPhAxsyFVLMJprW9nfbJ3RtJP46xTZfv56DeimJeDp3RpZCpbTVVLFSzLnOW
2021-09-28T20:21:41.824503673Z 707 QrRrAL8Uqp3AkFTh392GHmsfbhUdOman46C7F9YycDjcyWnTk373b1FC89ac
2021-09-28T20:21:41.825799519Z 708 kAiB34fLxz0ULrbm73YItuJn2kNBtYXG2ZWDrKJuxV9wYnxLVei7KcBqhhee
2021-09-28T20:21:41.827808168Z 709 vN1iJw06DZujfB2eP7aQr9VDfp6SAruxyvgHxT465o8cMnQZj1RbpIrLUw6M
2021-09-28T20:21:41.830467940Z 710 wS7qDpzs5vvLyQmW8K3E99eJQBketWI5zy7Xbojsl1fBc1R45DtLprTkePRF
2021-09-28T20:21:41.833242324Z 711 V1pI5C65cb2zWzC6BdGEU3yhVMQzqzwOpz6a7TuROMHZKDtyDTHWnGlQcRTZ
2021-09-28T20:21:41.835473004Z 712 bCXvPerkOMwXckRaIKpc6oNgYwx9JhT1F6Wi420jyB7aPUAQsHWMCpxia2u6
2021-09-28T20:21:41.838393537Z 713 GPLq5kKSpJ5fZfk9D79OfhsOBgFQ7Zvj13v0jYwazCuGWV7J68dKiJlCpEe7
2021-09-28T20:21:41.841501926Z 714 Jr4rDzuknLXJJO6l2hN6QZyF573ZM7TSWucPHau8JmAd7jSAv0IWMDsbqzJ3
2021-09-28T20:21:41.843211058Z 715 cU7H88WJ8gVuwRVpY5mmkVAWmhcTgrBXjidSZAWI43PVcH4TZLtDtf9snGdt
2021-09-28T20:21:41.845869969Z 716 jRBLbBit80ZJJzXNi6TL4yHqQHOEbpfOYgobXLlwMQYO6FUmjVw17kyHlcKU
2021-09-28T20:21:41.847774794Z 717 c2kmhQ7pdwbDK3CDSijVqqAa15J7wykXRQaV2WmFszH788D6L6pN4od6MNoP
2021-09-28T20:21:41.850569826Z 718 JpjpkfBIuflkH0wENP6sevFgfMn5WTqaSoygeZob60LbfyRrrIJaB5abeD1R
2021-09-28T20:21:41.853433561Z 719 g7rrtWh1KvX1ZyKjdrVtGKQ1hwyaI5HitFHU4qG08YSjltaxJQFGIhDdBHKv
2021-09-28T20:21:41.855942991Z 720 fqIADaUQhQOZIhsmZTjH49oNGhBZBtl6of2vz7u93EIHOH0zxjqC39zRriD9
2021-09-28T20:21:41.857508142Z 721 8sz9JTApCsLU0z6jI9CAs0yhLlaF9bJVejrUxEYFSdkv2ejAxiPAGidBWtSH
2021-09-28T20:21:41.859617481Z 722 JJcohrmz2avfLxf5ryVEUhm6RL8yYVdIMDh9qbZwZR5W3ZFRpQ63aSnYS4yN
2021-09-28T20:21:41.862222914Z 723 hNP3XCXfast6r1Yp1sm8g1FiW8GwRbKUvzBqRmunyBv9LSjrvCUQh9UgeBtX
2021-09-28T20:21:41.863887936Z 724 7znQPtE0981p0Z5juLM5quUiKbyMAVRmC5b1dS9QcdE8ZmaEdHCv8bzzsNyJ
2021-09-28T20:21:41.866080064Z 725 5kgM1XGWy0Am7G4TF2gq9Ccd9q8Ymzc3J7Q0zZi5W7nlXyk8rh8pamxZtDf3
2021-09-28T20:21:41.867979012Z 726 YaLCLajCeQHie9bOGDwBx1ezEypnDBq4RAHNjPFViSLXkN68WpGMSB0mHoEs
2021-09-28T20:21:41.869995331Z 727 H09pAoQmEsbINwXtfc94ZBU5BbjFyBPxoUitKAjS9G4M9Aq1g7VqJ1u7kgaX
2021-09-28T20:21:41.872476699Z 728 fJotUFPuM6h5QfzLNdBNfbCotaXUAXzeBT2w2FcIb3vNcnN6qPn57Fc4yHyR
2021-09-28T20:21:41.874493399Z 729 KPu1x3zu76ftiQiDJ3RmijM507QqZgfRWF5zehmb0v0jLtzDg47qQnHYans1
2021-09-28T20:21:41.877429746Z 730 iz5eqJMGWz80VjWOwtiCgw8Zimk6c96XuhEBdjxChHt5fFdauBW1mwjKKp37
2021-09-28T20:21:41.880010500Z 731 sFU7hxbylDLQ5novHdxtGI7LK5jAvKbUcr3a5lq0gsM9bG3NFc7a8HwocA3X
2021-09-28T20:21:41.881748812Z 732 7kJu3qWFhQCeaA4PWqHDMrZ6vxXEyTJNicgHZeDmtUHSF1w6cgM3eJgZTXmQ
2021-09-28T20:21:41.884456405Z 733 P4IdhSLQVHVyzyvqUJ52O6SwiXNVqfpV8vl4HslJV8pCTvTQEFfyuwIrWccU
2021-09-28T20:21:41.887774583Z 734 OgEeRehtfmbPMhRTlAfpBrjZQW7F29dYlPJkOetaGGzrzquLxOXJXN6lKbBf
2021-09-28T20:21:41.890414378Z 735 FdPwP4yyLbuTjsHkRQcpNCwnSpNaQAW0LeisvJdDsZ5doWwkdpJ1cSotm4gF
2021-09-28T20:21:41.891662692Z 736 dM9AXQcSex5wIkA288bWG3tO5PWKO9hbUHGdW4ww3pEhe4PHRGZM2pnsfZ5s
2021-09-28T20:21:41.893612722Z 737 Au5clXFUpAJt5dJBZl3a3pdLAZvxz6wQS3vVyygcosKhl4lPRydtNxvbceUx
2021-09-28T20:21:41.895806440Z 738 800fi7yyaUVdxcf7WHnBjBBaHnFpNZgqP6n9KT8HIewignlAxunon4mXul31
2021-09-28T20:21:41.897981223Z 739 rA55BmC3O9rcCqHUw9QmaifhinNabBCq2TvG1Oim35gMEumhAaRaJkMda5Tt
2021-09-28T20:21:41.899672953Z 740 nTxsRXHaQakv4mbDTuXDRKNlZ49juTZdMXg1VjVyCcXMB2iunn3AHKd2X1Bt
2021-09-28T20:21:41.902565203Z 741 eEhWNwGC2v1nO9MhJWzJcuSlNdc4qtuoesO3tAnNQTIzSYlUOxyaLxCFbJyW
2021-09-28T20:21:41.905362795Z 742 F1bNuJ01OGOAimg1XlWwPfssPxltlh3WqU8tcTsQy5gEJC3ptnFtXprnCMof
2021-09-28T20:21:41.907577604Z 743 3a1ioiLREXtrFnFONYBaJTJ7jpd3i6l4ieGp2edP1X1II5XxQNsQcLra0Lc1
2021-09-28T20:21:41.910119036Z 744 UEQlzggQFrOsqgTcARWsJ6ultkU41XuPsfE9m9mr3OGyjAKHS7rnC2gIr0VI
2021-09-28T20:21:41.912400932Z 745 Aohx6XSFi9kIETgcdzJRPXrZ7fXibJTpuo1Nj8goF6FwL4t1KECqQJERLHxj
2021-09-28T20:21:41.914577415Z 746 kX4QVhUsKrN6f0iRtkQRFQlvScROmoY2uyQPZUzNrohzKjOaenAGLXi4FzKy
2021-09-28T20:21:41.917435502Z 747 wLiBY4oUjoobJiyEAh85I0cWJAL2ZWr4R8iY2Mbr7MicyZfrJwSdVJFafXrU
2021-09-28T20:21:41.918745807Z 748 7JHN5CTiZH6ymnheiDaR1akjW5j6e1cH6P2M1GaFOTURWsxIeOzKmdWeJOHl
2021-09-28T20:21:41.920806113Z 749 sFMyUREMtKPlFBox9wFMzCPAngoEb9tqaCeOLqexFVOOd0FwHjTyvwMaIFmF
2021-09-28T20:21:41.922781503Z 750 Ud7Nqk2uBqryODIdrDxP2FllMYx1paw9CcTUjuyxtFYdvjoa0YRPDIVc4ypU
2021-09-28T20:21:41.925128791Z 751 3zSsjEJipbpNB732bwbjIjuyPBRMHoaxxbNyoSBKjUw3ziHCbAf904hlACMu
2021-09-28T20:21:41.927311781Z 752 hpCsVCU2oya8ikRXMefCkTnbdsnEizEprtGfhmhjit4S6iNSnoL3pdiGHK0q
2021-09-28T20:21:41.928671954Z 753 f2pedyXZQqncj1U5GREFhKUJcPBH3ioyw6CL4YrVHBg91sMilpnOKPuPbIOC
2021-09-28T20:21:41.931443442Z 754 QCfD7Ff9nJmwP5LWeUwCuCFKK5k7H8CA0oS2SSlhCq0yGm4HZbRbhALWotVs
2021-09-28T20:21:41.932762801Z 755 t13Xq7P3BcZS6534SCqDrU6njKsjjYINERfTesgxzrwBtS5v6UwEQU0XQebz
2021-09-28T20:21:41.934734192Z 756 seaSB12N2lmD6kbIxfaBA3OcrpcAXQWkDoM2ILCWMtiafovM3gdrx9rAw1Qd
2021-09-28T20:21:41.940219037Z 757 ydcxvKFRZ4uaKrGDZDbbzL4poFLH8RnTFV3GQPExlyAWMsSa7UylwO9HzDxq
2021-09-28T20:21:41.944253541Z 758 MQGAPoTEXfHtbb8OtrsGGiY0U3YkeEuKWwK1zJjABkDfWlRCDRtjoJX09ziT
2021-09-28T20:21:41.946377081Z 759 GFkiOT5llq3xTaab2Ss1KrCIIogMNKqEHaptSl2d5H1gHcyp4uHAUi4gwZES
2021-09-28T20:21:41.947622247Z 760 mMz1ESxYMpnNGv7Uc8K6jNR2qp02MJVDwWXyZdLd4k6VItDBMfvqXTth1vgF
2021-09-28T20:21:41.950264056Z 761 McUTbeHK1COolxSWekHUmrsKL4K1fSf5RoDmtfkQI9jB3YWnHfdoiTkNiZX8
2021-09-28T20:21:41.951657968Z 762 4F82cTIS1x7dbOVDn2WLttCU4hTHbLr2aH1lbeJ6hZhNy1G80trhrAqFoLKl
2021-09-28T20:21:41.953777291Z 763 DvZkFeansTvw9NGDolDelUAD9pxu4Ki6ix2bJz6ZNwVb9AXcU5RGcqOGQtpj
2021-09-28T20:21:41.956651277Z 764 JZ25v0SJr9juWlhM3s5EuwG7CxyRSCKyyaVbaOtTnf2X5uwPx9jrgFADqQC6
2021-09-28T20:21:41.958628602Z 765 0UnbVdtqwLHAU1Zp3JNhkVvrvyTSz7y9GTTAfIlGieA2Lzt02lOSew33kPum
2021-09-28T20:21:41.960501561Z 766 qwK4ycvm5jdemuhM9Qa0iktai01XBcMknoqPStBxv4nA5w8HHOMNdHanuvH4
2021-09-28T20:21:41.963029450Z 767 qvkQycfGAzsXaPaies9lXSqPw1pI0jMXwJzxzf6Rmjcc1TFwXdPUc2hnIH8p
2021-09-28T20:21:41.965823812Z 768 Eonz6Ckr70oAeTbjTjyeBl69pAgnUA4C05dhCNM3lRykZjANbDYDOt2OXQD4
2021-09-28T20:21:41.967996963Z 769 YS3b5gsEOsZ1FQYRXnPN3JAkE9TUZbg5ptYAn8z8sKN8H1RQ5LYY0gjuvvpW
2021-09-28T20:21:41.970117191Z 770 Ju8Q8v0fFMOO3HsxzNk3o4HKK1iH0h1qVZmc1S4lLC02WRaIubn8KYaJjh65
2021-09-28T20:21:41.972259945Z 771 2S63vTvEuZJSGOc3UQ2WU8nbI3Y2HYBdCWM6VGNl7jGsFCMDVzzErVs0eZD7
2021-09-28T20:21:41.974531968Z 772 p0M2ZFh31YtOYcmHwwW8HWf238LmBucq1CV5c2wMX5Pq4jL0FrAWsx5KhAiH
2021-09-28T20:21:41.975729851Z 773 lAPZjjNdgkJXdya09EBZco3no7LVKMJqsBzi3nzmzMnF2gTbUmB964CEHq6v
2021-09-28T20:21:41.978121170Z 774 HQvFzF4symFPsYoIg5wQ7KJuX5FSQEBSkkvjapE6KIZSrMvYg9K4l7TzrvMi
2021-09-28T20:21:41.980486912Z 775 prO4wU6jsWSQQTWpu7yDM0bDOVEkciFJ9eONmPzuS6RsYmwDrVTs2GT75eFz
2021-09-28T20:21:41.982636581Z 776 gh48kwYLckojoyBFt8XRSQ9W6o8iMKaey1AoiNaGh8dGmAWU1siIEuCzX36F
2021-09-28T20:21:41.985465561Z 777 ewZi5M9XLopjZKH9JIuLQU5af0NVLcUcvmLH90qzJ8ZdNVqTxkw402cmdWzp
2021-09-28T20:21:41.988534788Z 778 xIQUTD4te8BlCCZdfO6h8ZWdQfzgOcdC0ZS9gHnFd4szyrMNbnAS7yMZETej
2021-09-28T20:21:41.989623318Z 779 wdCmdAWJMb64Qexic9ZToRkGPAZJ4ji8kTcAhwrR8IYBn5ve0CUKQnGGNKbI
2021-09-28T20:21:41.992537793Z 780 Raq5jwvF0puxWL0D6xu08VFqnbZO3Y93iUMZABZ5S5BX9JGo5NOyxjksNyZi
2021-09-28T20:21:41.995351106Z 781 J0Kt3SdfUULA9I9tdmzZcTXz69vBTFYDK7KzntjgzLOx2tBfguSyPQgl5TWW
2021-09-28T20:21:41.997507690Z 782 CrpmjRMMURyvs3Tr88fHoibEblOwqrqETXLRVTHfgGxwM4zpIOcO7us6FPhV
2021-09-28T20:21:42.000143440Z 783 Oeh6IeQKzIWrPcERY3xQUdma7KRrRBV7yKXA3wlsazsUxUyj3E2jMDwATqwI
2021-09-28T20:21:42.002560409Z 784 pw93I5pO3JxvEWE4Rg2aDo9p2jWLPk3QQwIpsy8VrZFw6U0amzcIR4nydK7X
2021-09-28T20:21:42.005408386Z 785 XyHGgfIFRUCikmn68SZMBRfL4dva6cQHe1VMPK7K14YAstGtGPfJeiMdsH3U
2021-09-28T20:21:42.007695533Z 786 JI8xFGzR6ONVGjeO0uFItlPcNBPhLOGLVsneTW1j1un2vamPvbpX5uw5N0XN
2021-09-28T20:21:42.009674500Z 787 apb5hGo8ZxapKaZQ2d4Ll0x5ID9LbRGQT9DOpkKkOueebu9Rs5IZn3TPnLHw
2021-09-28T20:21:42.011516964Z 788 XCS0Y8GCEfdvsaF8PEZ3zzERo1UurWSuqtkh6IRhpAzVhpn5NJWF1PYFa6Fo
2021-09-28T20:21:42.013627708Z 789 p4xqFbzGdpOIOk1zja7lhJvaRgfB6x4IWZGyTgUqn2YWKkM1EeysIY29L3RH
2021-09-28T20:21:42.016476169Z 790 PJUFNr24d8SFsk8iUhgrUP0SO2l94kLqUqxQfnZ1kiNNm2yNUnOHwuCaVj8y
2021-09-28T20:21:42.019513820Z 791 UeZdjhkUHthyl2iVizPME2EnhNNWp62lIV1XruLaAyghaT7QzBSx0SNaULwc
2021-09-28T20:21:42.021524887Z 792 ZTwVoxY0PhvaS0DsAwNWgAPNETqKrDjDn8d8L0nxBYfzLYpKSp26Dl5B5U6d
2021-09-28T20:21:42.024323428Z 793 D6QI3QmcKnO7viuTZGWRY7N0XgRpPA82aRhD7d8k2RzTJQYhM066n4UuH8HM
2021-09-28T20:21:42.027209335Z 794 Ia7fxvveYYNh2mXIMmnLfIRSTDgpBkfTyWjuspK7W8kWLT8b8Dk6hZHPtHhC
2021-09-28T20:21:42.029548046Z 795 GlNWPcn15PTWzX95NDhzcAUcOmddRRBo2EoFYZ3rNAYw8HM8xJIyqw0wSs0Q
2021-09-28T20:21:42.032513394Z 796 yKfS66PzzhRBIhFSIqNflrfYBuckiKXJX51c2XEFHEVVcLdoodxHA4WqAdcR
2021-09-28T20:21:42.035310814Z 797 oCf6t4d1RJVLT6ghQ6dVvXVrPbcIFIu8p9Lsqp5tOO7w6arpLrYQ1hFJjmJC
2021-09-28T20:21:42.038174970Z 798 mP8PvHPjpn7cQcVY0sd1g7PcgqVAz94qbjNNGOW3Lvak0qOYYtDJ1oYQjLDT
2021-09-28T20:21:42.040468319Z 799 Wc4wBkVcZJuWFhcLfRg9VmqyYrloNh4wO7OABTwQltIW6cnqMy8lxdwSkg7b
2021-09-28T20:21:42.042755755Z 800 TFKh4sOslzhBtGP5N3aNiXO8BKgRz564EhN48L2n08WPHxK4YM0Rx71rEl4M
2021-09-28T20:21:42.044507960Z 801 O60onDXuFQsa9IEgIocMW3sZpbp4Qrocy4ZDPb0UzDY94RRc38EEjreY0mMD
2021-09-28T20:21:42.047288848Z 802 XnkKN0HxmjnbgzclGDHExdEXYMuIDtAcQhdEvWBSyqanyVAe3rsMdGGVVsPW
2021-09-28T20:21:42.049439587Z 803 dfxgB2GQGj0QXsfDTUAqn4OMPFrsybEkjn5c65008VkMAh3zhX4fUtG2e4pG
2021-09-28T20:21:42.052216807Z 804 e7LRlGRTZFW9Mn3gr3LSvFca9YYLchUmCAh1u6Igxb6cui6KmO2GhqdTgb9N
2021-09-28T20:21:42.054389176Z 805 RRuVQGxxw6aHsUy3BoGx9XdFeIT8UtohDjGFGlLv9ufP1Urjzbjf2QZ5TbB1
2021-09-28T20:21:42.055632588Z 806 W9W9Y2Z2qqgUQvJAZ3YjL4wC0IV41InWqlPKv428pTLdz8MRSe1HDjnTNLSL
2021-09-28T20:21:42.058472069Z 807 YcBQW70JJUJ2lhj1I8brjxQfOwLisIRMQ3vt2HIe75aojwFpVHgycareHg6M
2021-09-28T20:21:42.061436893Z 808 xCxuWc1qYIt5zkvPVzfnePsuaWGEEy8ovJBKjk6hYR5CIhezxSOvXwqkgTd6
2021-09-28T20:21:42.062544375Z 809 F0UC3OJIfKueqCwrthtNV9kaqLOEKFvJvCvr8EDzrSlvhQ3qTHL34mmBBuOk
2021-09-28T20:21:42.065215241Z 810 GUpTXWo6FxgVmr2OaFgABV1lpFrsbl6NcOV3raM7a08ew1Ljx8BYNpOCMs2h
2021-09-28T20:21:42.067610291Z 811 vyK95LTFQF9FM0D01PH3wKFxyDoqzLzKtZ0Tngi4m7gKJmiSbjMIpXQEtBqJ
2021-09-28T20:21:42.070470083Z 812 Bb6ettDYDZY54xGIrXgTbFRHzSn3mUmC2qu2sUze299rjMgeAUd66V8XRsJj
2021-09-28T20:21:42.073363553Z 813 0mdzqtdQbeUuWlLpd5158fsUhG8OPqVmxv39lRORuJfeorKqtWnWkpYlQzSp
2021-09-28T20:21:42.074617815Z 814 NjyNLqRQ3GyyTG1VS7spw6BCZej17bN5sjKh0EE0GY9laMk3qYyE7AY258Ct
2021-09-28T20:21:42.077332289Z 815 HzN7Bf1EWXNYi2d5jAerIucACrDU3lhuvvocKlJ49ivS3OCRVRC0gX8S0vbV
2021-09-28T20:21:42.079592800Z 816 IFu0zYa5SXW41R54xpJD51qpXTD3S27dGIII2uPivpJxv9cVu3xNEFWn1kv1
2021-09-28T20:21:42.082578211Z 817 Af9jYrj5C797QQp2RrW116AntWWkGuZB5LhapweQZyQ1k5wnDdJe837sb3W0
2021-09-28T20:21:42.085527039Z 818 4Bbc9EO7aBaC4Q4LH2boAd4jH0zvKFMsmDqTWJ0UmoaWCIVkdxAYuPmkcREX
2021-09-28T20:21:42.087542243Z 819 SfF3YL1vVfEIGFbnQijaoDz0TKYfEaeXdTVpy41x2TSDRM1HNiUHcht1IZ7z
2021-09-28T20:21:42.090183157Z 820 uyyyHkZLrIQFWSDmoF1URaZa4sSAwAfHshGh2VQxlvvvApw5c2D9QU2ZiRhJ
2021-09-28T20:21:42.092498458Z 821 cew9vcCeIAriYPQKlBC41MyE1ZjQhfgVvNRrT7nagldjD8D8HEssq2TceAEd
2021-09-28T20:21:42.095418972Z 822 L32kSKEeveAJcQBEYK0IySgkKa7NS8Qq9DMJ43rwZZUO3ePr3GpQr8Qw8NIC
2021-09-28T20:21:42.098061354Z 823 AuTJrRywrnckoDhlVBwLpcIT3rSfS9LhPrJ41fBCOPM6eTQYUsuHV9MacHMv
2021-09-28T20:21:42.099748910Z 824 Qje3mannxzJesD8a2WX8bb8X2Pr9UDPUe7RxgR0h1zh9njRrU8ccQJf7bSHU
2021-09-28T20:21:42.101570288Z 825 rWdEqzZn52yeGYmvvjOc8C7MT1Ag8vmgWbqBQSVf16IZPzVW4TUftCvIsstM
2021-09-28T20:21:42.103503874Z 826 XwoNsO70tLLWhpSvYFoHNW3D9rfrDZoMK4G7X6jbIs2l7KbsjlVy2sb5bNlc
2021-09-28T20:21:42.105585618Z 827 PwhyucrS9Z7oDcuvxHs9MSJT7is1PdjLndyDX7WabyaTAwNyQYjMlSJZ9nkK
2021-09-28T20:21:42.108406711Z 828 WKCphMlggTZayIXxlOIrwhJRNhgIiNJSn6yUIbqHRL1kn7XUjuMTl9UNHIXU
2021-09-28T20:21:42.109764458Z 829 lBUgU3QDKTrBoGFWTkzKDG2ZvFZg1lIZrv9eDEISxw7Xmt9oCBMOLuxyv7M4
2021-09-28T20:21:42.112478905Z 830 KiGSbapWxlOUiTKwwKqd9DmjvHhxhQdoZVrXJQkKr2WCUSrWqnSCKLK8h4Hd
2021-09-28T20:21:42.114488916Z 831 EvS7R8h6Zv6CbcPg3YcZiACjINVN1fNHzQIpCLyRlsTcE0H6DZia2r0Msef6
2021-09-28T20:21:42.116595271Z 832 MvlhZGc1eblcAAqJqIzAl1zcRBupzj5C7vGDtGXviPEFWrhDefoWJR5BAz4t
2021-09-28T20:21:42.118640979Z 833 J7s2U5ytsP77gvw9wnp5RLVZ2OKnBp5F6TXjgdbe4TofsvzYDP6x9qh0FsVj
2021-09-28T20:21:42.120630156Z 834 r8IDL647AIqqCroAHFRgCpHOMIyCvVtFKtrJ1lubtPVoPIcudTLdmNiwIg2N
2021-09-28T20:21:42.123484085Z 835 DnBSlANaChetUyl6Zk66odwcWwjmRcwX0yBz9mk0rOVuHFk1xxOB1jxQNEW7
2021-09-28T20:21:42.126192525Z 836 MfTjEHsgzY5FQHx5W9mKS7xyYayNlcDp3F8XNrAVF29zNyiM5FsWlnUzmiVQ
2021-09-28T20:21:42.127799400Z 837 gT2aPUzofzo7pFwaj1o1VuZ6seWlkBIrNpisVciKN2yDs3zfLEftlwF3z19W
2021-09-28T20:21:42.130483003Z 838 O41ZJbfRV4rC6NzejzXptU7EZmpzlk1Avg3ddZ9SvNWKse3XUkRUGmXDutD4
2021-09-28T20:21:42.133224034Z 839 mBuYt0YyAH5cZhBDjQuKMrfkwSqGx58IKA9ZpU19acsn2Fx9SBQEeEj2sDGq
2021-09-28T20:21:42.135660733Z 840 nLeFJRFDTmWtyl8DqdMwmjY5Je5Gu96GYYWTPoadGvPKvYKXgjB9TH5wykc7
2021-09-28T20:21:42.138471606Z 841 ktSNGAtYYnk8SCeb7wsR9Chp6Y8Whq5huS0K2ABlC6EdfoOt7Pm7jodpOwDb
2021-09-28T20:21:42.141227530Z 842 xrqGFfNyIFUAEghfiYuZq0pjjWn4gYj4mwEl2ImrAGspaPx8T85kyJ1wl765
2021-09-28T20:21:42.143834008Z 843 09mG5XC1ks1MhWRP4SjDl2hKggRRzwDs3F1XCOjNvgTxvUMK2Kmfr5DtDfh3
2021-09-28T20:21:42.145522890Z 844 7BHVtIW9Drt063B1lXzMubm7p3He8QB70jtZoToVHCT5ROFBcsQyKzyb5ZSV
2021-09-28T20:21:42.147588383Z 845 nHCi4QfyjYcE45sGtDyWNX2NBXouXZwAAQfLl7mBADW9vF6dMk996OGadLBS
2021-09-28T20:21:42.150515988Z 846 BiJF6c2lP3yzIFqgYIH0fjVmi7jimFo62i7jKWT1i3DDvJvZ4iIb7z8ABwDr
2021-09-28T20:21:42.153358288Z 847 OMjG9kNxHvJHf7cmaw5tLlbHUCfHjwKHGpeT4SOPMdl1Uvg1a5SVfZNXu6Mp
2021-09-28T20:21:42.155554069Z 848 Kie3yc3ecv5XrBZbPDSsvkhG9vH9poHMGEOfn6ZZ2ZPf0v58JUfQzC3YDRl1
2021-09-28T20:21:42.158306095Z 849 FzUVZ0Zm3C3tqHbj6FW9iWUYyifSQEHXLolU5wFoYLtrgwKJ2BW2g3OFmNor
2021-09-28T20:21:42.160539129Z 850 nSQqXEolW506SASo8lQRmfZ9ovy1kJSIALu8pJy8YKvlJiOwmUVAv7fFTTd6
2021-09-28T20:21:42.162538074Z 851 gGAOvSiupAgTFjWHXfSpcSSDjh1vyABIvTjzVnpYN3i0gef6fqPtOy3ZVl1g
2021-09-28T20:21:42.165582595Z 852 SUCdAxOyWkACqJuPylEIyvI61Smg6GkISzVVrLQ5Hx6eRIw7oqsHcGhxOQ3w
2021-09-28T20:21:42.168515710Z 853 RIvFSrH8FwMr6BCzCb21AJeSVOVUPqNbpAabnZJtWgnwIkTHCwJnQGafw8A5
2021-09-28T20:21:42.171378878Z 854 C2H86fz1pbtpRZJAlzDOUbzw0kwXKz1Uy4j7HBdQViZs9GDA5NOuz9x0KUOR
2021-09-28T20:21:42.173102675Z 855 a2pPYaenEwjUH0IJkt2E0ntY1MmwiUkyNTnUt46VoaNcsdoRF2i741yUJQ8r
2021-09-28T20:21:42.175585635Z 856 ili4lm9LAlG70ccpNXxtz1tvcYkq1WRpzLmq3XgvT51tIIlYV2tdZDTY1zFv
2021-09-28T20:21:42.178435550Z 857 lP4YkfRZfO1YQ1fH9aAmWZBreemk28U1vXLOVqMPkDk8zJNT3J3UZAWiJhXz
2021-09-28T20:21:42.181197796Z 858 Aec6IbAssXIjAnyugMnK11DBTraN6AIdaReWRKElCl1KfW89ymBL52hbVgpV
2021-09-28T20:21:42.183340878Z 859 f57dwVfRpv1gcblcoFtujt6gb0SGn4w648q2LySEkCJTHrbEE6MmTcHiJg6t
2021-09-28T20:21:42.185497652Z 860 T1oYa64p8xgy785IcM3nDkaR6OUHAimTC07GnWL74ZgJClcATlyqSRuXYwPa
2021-09-28T20:21:42.188376953Z 861 hYjjbbIuZDKwIF8C802XMOLEhOTO0kLTEyC3B1JlTuD1OsSHxgyxpEcAOFn9
2021-09-28T20:21:42.190321374Z 862 TZdIVuZg3clbG7zcBmeszMChfUGeozffdojxokLw0vV0E7tgF9vlUR0sM0y4
2021-09-28T20:21:42.193201159Z 863 1hXvLIZChdMt3ox26oWE3X1Wr1FFOADw7nn9MMNHvboc6dHRnArLfGksRh99
2021-09-28T20:21:42.195496941Z 864 7lrlh1xG2DagtjW0QinxXv3iekPPpTgREwlrlFG0cvzLem8VOhDjAdhps4dW
2021-09-28T20:21:42.198583269Z 865 hRHfAGU747wWSjfGyjIVuAdO3OteF2M6djBFmWZoV7sBhsHtRLHDSBnpZWzE
2021-09-28T20:21:42.200952703Z 866 M006UHXcm2nljooUwdgWJVzS4cUvi69CllsHAOXBYTro246ySz40wXWeWs84
2021-09-28T20:21:42.203550838Z 867 t8Nlmc3KxBFvrRX6Chrx2w2rpMKi9WFf2iimtbzMOIoDghKQViN7gq5GaeqG
2021-09-28T20:21:42.206111210Z 868 KWjqjdWAaYn1lkRpnm0u45ekWoUK8mWO3QRcG4Lx0UA9dhdBphXZ8KKcnnJL
2021-09-28T20:21:42.207529089Z 869 GPi6k1bwgO0VpzCQtcz1yGimyuUxVTNy4Wh5d9jN8FHoXmIle62Ydfw0ktKp
2021-09-28T20:21:42.210075710Z 870 lXO5X2PDGWRmVxlZNTXG6OXeNz8qPJOHkuQg0ZyCCZKnCBSkvo2YH8PD4eQV
2021-09-28T20:21:42.212499528Z 871 nl8eziNQOEXcuVxMfpF6KXlF3WUbDmprUcz5Ad0DzIFMefqcxbzA9bLX20wP
2021-09-28T20:21:42.215078257Z 872 IWCeeKbzJym1gqvLinUS94tRixVAKXosVXUeFSEP0zIY8fevLV8FbMKZhICq
2021-09-28T20:21:42.217436704Z 873 Mign9ntfNQE447KKKyxMcM3cuQey2FBVVl8iOLe9aaqhnDlbQ8cpd9cDUU65
2021-09-28T20:21:42.219945732Z 874 rzDGrjF19N1hlFxR9UqK9u4IJEz5LTTh6eldc3zE0ifUqSToNJA5KYsiMDPN
2021-09-28T20:21:42.222510262Z 875 M2O6VnCQkh5cmDY7gLtr4qGNKBwHNLykHHWX6Hum3IoeMkfFBIhsbvMLIDIe
2021-09-28T20:21:42.223554636Z 876 UStpRiteKlbM0oPWxDzmZQJBIoIXwSr4GlXpzAH3b5T0j3TyshlkZKztQv8V
2021-09-28T20:21:42.226127802Z 877 NZg5IkDwoSzOenRf0NEOHBEuAC2iqeGxeUaDn2YmQIy90X9srQjIbjixC7Gv
2021-09-28T20:21:42.228445843Z 878 XUNS6hxCptwEfZCXWA3NFKp85YHZE31zsgqJrxDh3dY1191XeI7P0XtJ8XoY
2021-09-28T20:21:42.230874783Z 879 5Br5DysVixCaEOsft3WXCcxJVvHLBNVpmMapBc19EnpTZZaZj0ldj67M0ER9
2021-09-28T20:21:42.233343993Z 880 iWjcRwMHJ45pyNeFgT9Z1DYSKw5BzD8TuUnsF1yYzRaPAH1u5RWJxgD37ZBD
2021-09-28T20:21:42.235969643Z 881 HdA4qODuu0vnDV5TMSfwB0D8iBuCjGFRTEJ0Ng4a2B3YCwyeayRhWBVbpbYi
2021-09-28T20:21:42.238562547Z 882 qKtAQRCCu2X9CutVERk6xlVEd7iXWSG1A0RQ52RPKnIalQK3skJ4hZwXWHgi
2021-09-28T20:21:42.240657072Z 883 mdo533gnrzAdGYdPK5b4ONQRTUlCXNpV3cOzHG2w1X4uqqxOYDewpJl6oymU
2021-09-28T20:21:42.243440965Z 884 OpFNWo6Ly0OEcvCFfJ28W2DRTR9Bp9koWR3tPL3RJCv7sgQb7HoVOyVHUDB0
2021-09-28T20:21:42.244722372Z 885 nBROtMnWurETJwEDLDE3yTBYGK0jVrH1KJpMNlxCJVTvjHG2DNA2qgYiF9K0
2021-09-28T20:21:42.247253709Z 886 2tNAAOydUdwOBIZdXgp70XPZk08qsRnwaObHVmpYrVCG5JWY2gnFkLpx4xh3
2021-09-28T20:21:42.248603355Z 887 1FdFfA2Rrvjio9U7oUj8EmPGHZFRgMFKAizVU3AIYQCyp7OgaSZXZqw3x2zQ
2021-09-28T20:21:42.251033647Z 888 x5sS1eaoJ88lUtEvliAVAliZ8hkRzVZujXAfnY4ObAxZkLz1Wb5vHFdsD95I
2021-09-28T20:21:42.252628053Z 889 Sky9oNjjrDu2YRpzlP9UYFf91bRwvX6nC9GHEZm2mgZQu6VFpTi1e95gnii9
2021-09-28T20:21:42.255015340Z 890 CFhHWiTWWc2cwCW21d3SFGMFLHLck5HHhNuCljxqzK6QOmPshIZwlxAMZhHx
2021-09-28T20:21:42.257602422Z 891 0Ckd0OvW8kkqesAVqp8RfVEaSUIBVVsRdmg11DGqRs96ezEuFg2AB7xWNq2H
2021-09-28T20:21:42.260456139Z 892 zkS1e6dPnTGMVvqSoXeVW71SbL1IuqqCYg4fcTeywZP9uZhM5BJizxSi5B1H
2021-09-28T20:21:42.261818187Z 893 LOy2UOM98seSXz7pf9KllS06EsNATFXoX1on37cDI1Cr55jhb66vJOGubOzf
2021-09-28T20:21:42.264773575Z 894 y5X36rwhI8q0AKGpGskbDpRYmnV82yadP7u6FNKsshyIQXn1bJh1DLTj7Sxf
2021-09-28T20:21:42.266971110Z 895 B3L5imcf9g1xvwNmwrUPDjifagWzmT0C8qFZZbncDUm7EAldyBMPtDEP9TJz
2021-09-28T20:21:42.268703086Z 896 5mDe4sk8eq4eBnkoSao7m1XF43L3MO43xHfL1PzFF4i3QTKegp8klS4yh0qv
2021-09-28T20:21:42.271617568Z 897 4PVQF3cGxL8nHUVn8VqwetVe5FUnK6E1Gydc1TlqmG2zDSRg78i5ilxLZkMN
2021-09-28T20:21:42.274211225Z 898 sR8zAPG2J5shvxcBsottdepsLG7UMD33sgLLFidXspOChXzJDzs73eaed8Lp
2021-09-28T20:21:42.275819947Z 899 4RP0Sqt9wYkN6cCzic9v3K5IQ0T7AiKTqXbFwgm7nOarKbGN8eYRKnv3hCuJ
2021-09-28T20:21:42.278591621Z 900 WtGiaDtMlJPPhB4iz8JgVWiwtOyIoOITL4Q9RmigcUcc1w0RAX7kg6ieZX3V
2021-09-28T20:21:42.281234587Z 901 7bmNPofmbLdpVfLZdoMyRXxrl22qomMEOXE1pFMmWHMYvV4gUT3EGsAlYkvf
2021-09-28T20:21:42.282892839Z 902 Pqy1hwRfRKFvHecowmNgpl0Fqa3DeSK02JowQlMcfjYU2Y6Kj4qsb3agOO6t
2021-09-28T20:21:42.284723978Z 903 Kw1SZjiaU8KAdNViUYrLXRbLbBOwaKhVRWTm7pVzm2dSOZidJay2C9h6iiSN
2021-09-28T20:21:42.287168094Z 904 BPwQPMi53zf86vWf2zEHwzeh8ylMAIkec6LDAaqTnTCYqHikT5Fp6lBPgHYZ
2021-09-28T20:21:42.289545666Z 905 VTTvVhyOBTZz2OcBqWTQ8KT2jVVM8wm50WLxU8WA96BCw86icCJvCWbwGGBx
2021-09-28T20:21:42.292259557Z 906 4eoy7Vhfg3dCnaTGRylyT1Bo2LdEYd1fTGn3K6SalVSjm67B3rrKpuUMmxG5
2021-09-28T20:21:42.293854699Z 907 fwZ1B2namu7d8hXtt7PPSO3gqVHEQChd7faqSQuCjo3dn4khDmvU4EQkDvRS
2021-09-28T20:21:42.296480117Z 908 VCqOh6gWQ3FjoJ65OJg0j62HXRz6Bl3LyUbgJsMdOkPQbrVsjQOnd3rXViNB
2021-09-28T20:21:42.299416271Z 909 dezEHXtt9zxxx8ajE2eSTbyt4mIvAYU4SKB86lVTnNXBa8Hbs56FfJk24MC9
2021-09-28T20:21:42.300779174Z 910 lddpL3GqCClu8V496EJxg6vmYL4GXlWUarwer8d3vjnS4PR7rKL1FiayaREn
2021-09-28T20:21:42.303425459Z 911 jFO92WbYYBLKcWl02bdOzvBc9NSiudAOut4UT0qXtTIwNCxyBR7TW9WT6ZO9
2021-09-28T20:21:42.304829987Z 912 bcOEbVbrLESBmImWNR2kblyO3JJUOPtX88S3ZphsjYOJ9ijRmEDv9QLUGWsj
2021-09-28T20:21:42.306831928Z 913 ldKg9yMNLdDHvb3JIrDQyxclXYFK3EC0PYMMIznctY7HxlFKmMnordTxaEF4
2021-09-28T20:21:42.308535441Z 914 86RAiI1fdeWPiK7kSCkYZLkGyM6GZsjO1jicFsBTF5jT1yjWpHJO8YlF7erG
2021-09-28T20:21:42.311460835Z 915 Rn86Fm9xvPk5z5pN1nyN0WUxOElZBzNvHHF4fMBIiJpIQZjQRXYyyFIl9BGF
2021-09-28T20:21:42.313621169Z 916 YCc6TkmjUBRY9TdszrerEqeRlAawAcxf2gHkXPAgmMVuCejMjp8yysJAQ2vn
2021-09-28T20:21:42.316195250Z 917 L2ymAnMf9YdswqppgTWGI4katdy0L2jJDv3MVb6TFvP2EBVCbO4LWlZgJgO2
2021-09-28T20:21:42.318795656Z 918 WyJXnTJ3UKnHbQJZVATNKh9XDPrrJtDIhobp1ipISy30rCbNW5zxbruWnTpE
2021-09-28T20:21:42.321260613Z 919 J3XfJCs97oCu5CkvgjWyHBwMtlQUTeCDUuBuAFt0fAeT6uQFOXHkGv8IM0O3
2021-09-28T20:21:42.323713010Z 920 icWJjR10iIBTmonCSKbdbBLtIDhv04yZzJ4c1f5jtr8VkbC050VNKXdRlGZd
2021-09-28T20:21:42.327514813Z 921 hwICGB3H59Y2ZtxuQ87PoxBi4hjC5wmGvfbXLEFyaPdXOYU69Kx8PpjZ8kVP
2021-09-28T20:21:42.330230018Z 922 kc9JcSNaNOovweql1GVeZLTUpaU2ufsxfztK1hLhN6E4ARydSudqCDiEtKYT
2021-09-28T20:21:42.332663391Z 923 Q1rP9jgGqaisYBDpOIUKR1tSdp2qkK0oWEtleMTKF9shlC8LrIHac22Og4MO
2021-09-28T20:21:42.335106929Z 924 Zrdm6fkd1JDPWRhD3WlBkiAzM98DEanbK83T98ShuHSTu0oMsmfDPbdpd4tm
2021-09-28T20:21:42.337645067Z 925 TDDYcToOoDq2P7ZQZLI5UoGCc3FunT9vJ2VgAlwoQuDPu9Z4ylVhOUFwrjNB
2021-09-28T20:21:42.340324508Z 926 t0QNQc45tVfLIT5b2ffJeyrQ8jhmr97nb7FTNRT4whyW2dujSwFvyWYefzWh
2021-09-28T20:21:42.342511939Z 927 n6HQONCeE3nQC7PBssy3ZMXZzaHT3upON4hbVP0KhAQlWmKoN0rnXarsqEJv
2021-09-28T20:21:42.345606586Z 928 vva82d2RaKWi8HtiRDUxtxviNQywhIyovohskMe43zeEonFaSlJKpZLwsxV8
2021-09-28T20:21:42.346819173Z 929 u0fZeI2EkXDLiSsdwirYgBJFXIBGPaBrq8dd1xi1yg47WPxJunCGghyng6mV
2021-09-28T20:21:42.349100227Z 930 CV2GwSkGDTbgpWl26jVBNWMxLTC745PyzKkUSdWYSKxbvp6PWhlqv8To751H
2021-09-28T20:21:42.350676521Z 931 LDwKsDM7xe889VEPAdbPSn8CSXDd29R4lz2bgBEISHpoltXPvJ6frxsG1X0Q
2021-09-28T20:21:42.353410463Z 932 MR4j9LnwMF96z15snVOHL9KpZw70SAbTMp8WuMbjQ3vxq6WvYFXThUG4GDYc
2021-09-28T20:21:42.354977934Z 933 GmNaXuqGI7U5JAhINdK6mY4Vu8GMSLzLc2DDV31F5wSAJM8OtUvl68iE6Czm
2021-09-28T20:21:42.357601120Z 934 qv3b6jY2qSAPcdc7GT1ggKg4I6XVwYkj7Vfs8HOOxDHLMSreRehfPDS5auk7
2021-09-28T20:21:42.360444112Z 935 lEQxRO6CfYkkeqNfHCMjbvXVhHXuFZUDQUpDmwDRrTmoffplShTyhpbHPklp
2021-09-28T20:21:42.362010748Z 936 LphDdl0w7tzqbZhOzNzd8FkV57ZLHGgZV5i9gLvYBzF1lfS0CoWSmuA8NztM
2021-09-28T20:21:42.364689873Z 937 sRN8tmk9T33plx9plbsDNE7e3UVgJfgY99F3osYnuriKfPQ6jCOMbxuV5X4X
2021-09-28T20:21:42.367695770Z 938 zEVaeieXdZCo3atX1P03xS7tIORBWt3VFG7eFG1MpMsOUICXaumPaeFd6VQZ
2021-09-28T20:21:42.370484555Z 939 dUgmJEen5uehbZYvNgcCaDM56GNjeaovgHxJz81VUuk2WXi7MEAR4xgwBNiL
2021-09-28T20:21:42.373584566Z 940 jdrbZVLdIZ1V9b1GSDL6VXijWZ9CRedPbvkH8T0gszvZCc63q517XwcbEszO
2021-09-28T20:21:42.376128023Z 941 wrSMiPXJ5d9v7KXNgY96Hv9bKOLjD8t980SimZIhfr2cbHLhBrHjbscxpSYm
2021-09-28T20:21:42.378689365Z 942 JjF6OORM9zHuG8IF7su4OfpyLLYpL4NbRVV5yeEKzjpJw2RKLkfk07vhCbyS
2021-09-28T20:21:42.381235295Z 943 vgLb3JFkhqZM2JZqhgS9g5PF228c2XCvLFulD5xBvKvHsZAYi0NxIGEiYkHC
2021-09-28T20:21:42.383551186Z 944 0hg1yp4RMFKLoPJIkCHByequpgD71mAdfBkqu1cdesLadytncV7cXZFR0uWn
2021-09-28T20:21:42.386320590Z 945 JsQ7p9iUKiPJKTtUEc2IeRmmnJHzoU4N0f2kxEmauW6y5cfhzCjXwQy8LxqJ
2021-09-28T20:21:42.387781162Z 946 6cVkRCkMPv2F9tykkKwYUqnJuqQJVVTbyWVePCeFTr9V1Ruv0ndOATHTWc0u
2021-09-28T20:21:42.390416866Z 947 iSt4B76EiEghki7F2b4K6SbVhtkw2N15IFIef1rHaQYByZvyoDRicB15vbYu
2021-09-28T20:21:42.392685266Z 948 KGkprhisIqCqkErxdy9p5orR2uvUr8OSKzd5dpJ80XzTIoEIPdv60c1TsOfH
2021-09-28T20:21:42.395424478Z 949 L0PfVHqUSiV9mDoORrCvji7WD9IPWYuxdhAr8Yjy87H1Vra9rqMnxd9dv0Vq
2021-09-28T20:21:42.396872327Z 950 wtxYCD2XvvgXJIcPBqJHNGWDewoHtJKoGizWxPGCQz1RE1ZjueVQ6LrFVAON
2021-09-28T20:21:42.399381847Z 951 nw8TxPQWzv9FA8lKoWWkkOaR6RweLBRJjXKerNBEUo4FVtxXZxL9tl3fOqo4
2021-09-28T20:21:42.401602393Z 952 tI4xP8jOuPUo06q7u34HM5q4ap6tZFJ6pcUuARi7Jq3eIwckZLsl7x4SrM3M
2021-09-28T20:21:42.403793432Z 953 HXrDdsgYeBNQlbscPP0E9HQuRgpAbaOrHbfdRatyReQZ14EStWKjsLxngU03
2021-09-28T20:21:42.405645641Z 954 rIo3SWkHl9lzmmTirnhk5z89JMQ8hmm6WojISae97cWnsREiCVcqrmpQjNLL
2021-09-28T20:21:42.408347566Z 955 tKirEQJTp0Hz2cji7VIvq4GgbOuJxsnyxG4DD3t1wgehuhPXj4oJJktnSTgy
2021-09-28T20:21:42.410591296Z 956 lWNJlsLA3oPyW6CRE99pUTjhImFsacl5WJAHODVvbImsxgPIVOVX8GbeDe94
2021-09-28T20:21:42.413073637Z 957 66Ff1RfMW0Brwb1hpYl7kMS2awdWOxorEC1b9vdnW8yM2T0hcgmk3fj8qAgu
2021-09-28T20:21:42.414744922Z 958 vySGWQq09IjRjjAmp3O37abYZC6jpdMajXhwjjuGPqsHnUQ4q0o1vwS7MDzn
2021-09-28T20:21:42.417419507Z 959 9XdSqj19Tzu53HlhdwRU3znfaD75nRxQOFJU9eWL8MsvpDupL1u5QEpxBeba
2021-09-28T20:21:42.419535525Z 960 By5aH6uLw51MPJ3YICqXRIxJiQhQFlQOB6QiQhJCACffLVWcOKBBLSaVIrmf
2021-09-28T20:21:42.422321860Z 961 lZ1rzzNRL6V76BjBbqLiwAPc8R68s3f2LLhqfZF3skW5fdRYZ6uSmeUN3EPJ
2021-09-28T20:21:42.424514517Z 962 556LPHuJoAz9VLJs8efvu5khkQhiqNs1r6OsLnIwytR2vCGDRswOSvMIZ4m1
2021-09-28T20:21:42.426980013Z 963 XMcSOFnhqFB0O31skyckxFeoyM108grc8f4qr5wVk9NnENI9kfB1TxSrQGoA
2021-09-28T20:21:42.429647798Z 964 qsj6g5RSjqErmD02fY30IxPxgExdMWBqCaPkqkx7mDf285xLXbUSGSaVwdSl
2021-09-28T20:21:42.431970073Z 965 ajr24NRUW01WdmEiQ1WHVeKayEm62EkRHZLvbCehbXh0oXCYeZ1eVYu6wKq5
2021-09-28T20:21:42.434561653Z 966 dbDTC0ENnXAzKim98YrUBgMv61m7EYG5JvY0uFgN7G7O5yWi5Rp3SRBHPzNm
2021-09-28T20:21:42.437385812Z 967 lJ7fxIZlV2csOImhzuAPYPOvAcWZbfFqbsGS3FKDaneVShIatUUuLD2NaG85
2021-09-28T20:21:42.439997090Z 968 xp7SGwWqeqbBOwgv6sCeLDFnjAP3RbazKwgxwrWHgWRUTwijFpMIAqAI7are
2021-09-28T20:21:42.441546256Z 969 Nwd6B7zAaWAXnpIa3uygPj7YJS3ZEtojzhDlbhQM0mPJmfQymftA7aIUe0Ry
2021-09-28T20:21:42.444112097Z 970 gwLK3pbzlR9ZHhY3JYue7mZocI6YyEOdC3S7qIQ37CVGEKKgPrn1SDOXSqxk
2021-09-28T20:21:42.446674082Z 971 UrksCZrz1jAJAoyNdXg9duZU6jl7znZiyqrLqKve6MsGA0DQER7rUjZO3Qen
2021-09-28T20:21:42.449212916Z 972 OnyCkJQwjsWrVkPdPnHOeCPB7QmXEvf8cNv13QJXFsPXRVWQ6oLFI2aA32Zz
2021-09-28T20:21:42.450762289Z 973 RBeSrArtRXrxL9f9i0RlX1cGlqVdaBevGBhXxScYzan0bNAqFusTTUpr9U0y
2021-09-28T20:21:42.453407430Z 974 VlhEPOn9xVtdQjJyb3wFEFrtZt5v1c1b39Fx0qhZoecl5skXoOFqy90pvvwE
2021-09-28T20:21:42.456080417Z 975 bbIsLY9HEPozzaT18JGcTBCzLB0mrv26hjKQC2pKvZolIh6ibRcjqV5XzpeT
2021-09-28T20:21:42.457538410Z 976 qy8X5ZVtcEgW8CBfgQ7hW8u9Zfx9CljglI3GYohIjfpPuNZrukB396fl5cca
2021-09-28T20:21:42.460174451Z 977 tWGHHiiNJBTNqG83AJD6bEaGNOEwpaKIcDKdcK5wW2CfZogWEaDgaUnAOfMC
2021-09-28T20:21:42.461582598Z 978 OdOLTDiI7sYO3ojRY3bwgKwRWIZd3ZVoaWqRWoLUG3369fdZdtM7Tv2ro1XR
2021-09-28T20:21:42.464128874Z 979 0dYCdLd0eiYAkUgshRLm0zRXNRTC8ciMFeTDcspDXqXqXchJfo8SiX7u5KuE
2021-09-28T20:21:42.465855033Z 980 E5562GmCE9yTWQR6FJwJ57F5arMujE2kPtFFSvosumN7saPA9taaWXpGPwCc
2021-09-28T20:21:42.468612148Z 981 OK4pv98e3YZkgVlzHbiPy9bSIz8Gm4aLRONNf4efw1JLfN6gJRPOHoEkXrtf
2021-09-28T20:21:42.471195666Z 982 l6YYtoWGykQ7FQNMzAWKphrUKPsgaF4YMZHU2kCUez3jtQh5g7gM0M1sBdvE
2021-09-28T20:21:42.472849365Z 983 TqBFtlJ4QHKdKylx3V9It5hegE5TqCQLR7TpyUl1o4GLduKpHRlkXbmwsiSi
2021-09-28T20:21:42.475497233Z 984 kd53YPEpcT0ac3rAGL0npNXR6EncngfZDCPoXfnGT4AAkJkIf7c8ybS6tNRn
2021-09-28T20:21:42.478230991Z 985 mJyVuGU7vFv7ZbFOAOwSq0HSD4oYiYMvOkc95tznK5jSTArGD31bS7inAJFe
2021-09-28T20:21:42.480607522Z 986 SGfCRP7Fzb1Wj7RFCQyGeSadWmPWcobSSSc0qYg1X6TCbAaI5qoyHdlSxNsK
2021-09-28T20:21:42.483227826Z 987 0XKnHHpQJfDOXA61TKUBxJbAtZE96ipDoLTpeesaCls0Ikd5apN0hi6cREfl
2021-09-28T20:21:42.484894156Z 988 w8kNHKSOvRDiUvHFv5wXvYcZotmwgiWbrnY5Rs5liyDmU9xwEDmfYHPSYDHL
2021-09-28T20:21:42.487481973Z 989 NBMk5whL4NL1jFn0h8ZxdqsdVVsMW3Rwj2qoaQU1OPfKfhZgpkVwOYg2LdmT
2021-09-28T20:21:42.490050079Z 990 bF6KyOau0n1NSxzqm30G5dHdD5R2FGFayQofxlZUnPg3AoI49K4m0fwriU6O
2021-09-28T20:21:42.491804733Z 991 zlTCnmduQhukkWEziNV4KVATzPzkGiWd7wBwgIMFp4cDA6zxBBg8fkpqh7c6
2021-09-28T20:21:42.494678705Z 992 C9yBx48cd7LwrULLrUXC8UzmWMvrytdiQnp54lBLfLlhfWOI21F1wdYOPyvx
2021-09-28T20:21:42.497456632Z 993 I7LBlCQOahAPkECHDGwfR0kS8cGVmBLGZ27nz4A25KhPafkY5tQysSRLoG70
2021-09-28T20:21:42.498818585Z 994 2xhBgKjr2FGLFafp6hKcEwQIxP2Ou1bmqHAOeVYqZLsfd8Cr8uYanHhiV8Di
2021-09-28T20:21:42.501594112Z 995 LffiCrodu0QRhVuZJrx6mJ1eTdH7BebhevtTTRlNfe097DRxPgzxbLunUAxa
2021-09-28T20:21:42.504355531Z 996 GcgPyBp6tpMVwv9tnZi7lxkrf3bnfB86bG3jWMVyO39GxMDzUAEzXose5rrk
2021-09-28T20:21:42.507190572Z 997 iw4XTsHqFEDAu1JtjQRZ3iACtxZp0KLSRR1z5qBURWBVEf1rj7ZpzADWBOJ0
2021-09-28T20:21:42.508783192Z 998 mk7SaRyupMEWs20hP8Ds5i6bYELpof3eG0ZGikLw7GHOVF1pzDqtr1MiaIIo
2021-09-28T20:21:42.511463594Z 999 A91WoHZ4SYhfblyS5I9ysAniXJVNTGiEe3VCxnGY2cugaHxRVH3zh481riJ9
