21:08:19.108615577
21:08:21.118063742
CONTAINER ID   NAME                                                CPU %     MEM USAGE / LIMIT     MEM %     NET I/O           BLOCK I/O        PIDS
c42c0f10797c   jksaijdsn_twin.1.yvb449ev6bfn66gwc4evqs70o          0.00%     1.398MiB / 3.852GiB   0.04%     1.23kB / 823B     0B / 0B          3
97ad1372f9a1   jksaijdsn_scylla-db.1.nt508itshc9tott1fedlupp17     2.49%     159.8MiB / 3.852GiB   4.05%     5.49kB / 3.32kB   7.71MB / 205MB   34
14cff87731a5   jksaijdsn_mqtt-broker.1.pdsy2br5h0pmpf71blersuinm   0.37%     128.2MiB / 3.852GiB   3.25%     156kB / 207kB     0B / 266kB       31
CONTAINER ID   NAME                                                CPU %     MEM USAGE / LIMIT     MEM %     NET I/O           BLOCK I/O        PIDS
c42c0f10797c   jksaijdsn_twin.1.yvb449ev6bfn66gwc4evqs70o          0.00%     1.398MiB / 3.852GiB   0.04%     1.23kB / 823B     0B / 0B          3
97ad1372f9a1   jksaijdsn_scylla-db.1.nt508itshc9tott1fedlupp17     2.71%     159.8MiB / 3.852GiB   4.05%     5.49kB / 3.32kB   7.71MB / 205MB   34
14cff87731a5   jksaijdsn_mqtt-broker.1.pdsy2br5h0pmpf71blersuinm   0.33%     128.2MiB / 3.852GiB   3.25%     156kB / 207kB     0B / 266kB       31
21:08:23.130848227
CONTAINER ID   NAME                                                CPU %     MEM USAGE / LIMIT     MEM %     NET I/O           BLOCK I/O        PIDS
c42c0f10797c   jksaijdsn_twin.1.yvb449ev6bfn66gwc4evqs70o          0.00%     1.398MiB / 3.852GiB   0.04%     1.23kB / 823B     0B / 0B          3
97ad1372f9a1   jksaijdsn_scylla-db.1.nt508itshc9tott1fedlupp17     2.58%     159.8MiB / 3.852GiB   4.05%     5.49kB / 3.32kB   7.71MB / 205MB   34
14cff87731a5   jksaijdsn_mqtt-broker.1.pdsy2br5h0pmpf71blersuinm   0.38%     128.2MiB / 3.852GiB   3.25%     156kB / 207kB     0B / 266kB       31
21:08:25.143644338
CONTAINER ID   NAME                                                CPU %     MEM USAGE / LIMIT     MEM %     NET I/O           BLOCK I/O        PIDS
c42c0f10797c   jksaijdsn_twin.1.yvb449ev6bfn66gwc4evqs70o          0.00%     1.398MiB / 3.852GiB   0.04%     1.23kB / 823B     0B / 0B          3
97ad1372f9a1   jksaijdsn_scylla-db.1.nt508itshc9tott1fedlupp17     2.44%     159.8MiB / 3.852GiB   4.05%     5.49kB / 3.32kB   7.71MB / 205MB   34
14cff87731a5   jksaijdsn_mqtt-broker.1.pdsy2br5h0pmpf71blersuinm   0.33%     128.2MiB / 3.852GiB   3.25%     156kB / 207kB     0B / 266kB       31
21:08:27.154803795
CONTAINER ID   NAME                                                CPU %     MEM USAGE / LIMIT     MEM %     NET I/O           BLOCK I/O        PIDS
c42c0f10797c   jksaijdsn_twin.1.yvb449ev6bfn66gwc4evqs70o          0.00%     1.398MiB / 3.852GiB   0.04%     1.3kB / 823B      0B / 0B          3
97ad1372f9a1   jksaijdsn_scylla-db.1.nt508itshc9tott1fedlupp17     2.67%     159.8MiB / 3.852GiB   4.05%     5.56kB / 3.32kB   7.71MB / 205MB   34
14cff87731a5   jksaijdsn_mqtt-broker.1.pdsy2br5h0pmpf71blersuinm   0.31%     128.2MiB / 3.852GiB   3.25%     156kB / 207kB     0B / 266kB       31
21:08:29.164427393
CONTAINER ID   NAME                                                CPU %     MEM USAGE / LIMIT     MEM %     NET I/O           BLOCK I/O        PIDS
c42c0f10797c   jksaijdsn_twin.1.yvb449ev6bfn66gwc4evqs70o          0.00%     1.398MiB / 3.852GiB   0.04%     1.3kB / 823B      0B / 0B          3
97ad1372f9a1   jksaijdsn_scylla-db.1.nt508itshc9tott1fedlupp17     3.62%     159.8MiB / 3.852GiB   4.05%     5.56kB / 3.32kB   7.71MB / 205MB   34
14cff87731a5   jksaijdsn_mqtt-broker.1.pdsy2br5h0pmpf71blersuinm   0.43%     128.2MiB / 3.852GiB   3.25%     156kB / 207kB     0B / 266kB       31
21:08:31.177778235
CONTAINER ID   NAME                                                CPU %     MEM USAGE / LIMIT     MEM %     NET I/O           BLOCK I/O        PIDS
c42c0f10797c   jksaijdsn_twin.1.yvb449ev6bfn66gwc4evqs70o          0.00%     1.398MiB / 3.852GiB   0.04%     1.3kB / 823B      0B / 0B          3
97ad1372f9a1   jksaijdsn_scylla-db.1.nt508itshc9tott1fedlupp17     2.75%     159.8MiB / 3.852GiB   4.05%     5.56kB / 3.32kB   7.71MB / 205MB   34
14cff87731a5   jksaijdsn_mqtt-broker.1.pdsy2br5h0pmpf71blersuinm   0.36%     128.2MiB / 3.852GiB   3.25%     156kB / 207kB     0B / 266kB       31
21:08:33.190207184
CONTAINER ID   NAME                                                CPU %     MEM USAGE / LIMIT     MEM %     NET I/O         BLOCK I/O        PIDS
c42c0f10797c   jksaijdsn_twin.1.yvb449ev6bfn66gwc4evqs70o          43.22%    2.109MiB / 3.852GiB   0.05%     305kB / 311kB   0B / 0B          6
97ad1372f9a1   jksaijdsn_scylla-db.1.nt508itshc9tott1fedlupp17     64.39%    159.8MiB / 3.852GiB   4.05%     312kB / 249kB   7.71MB / 205MB   34
14cff87731a5   jksaijdsn_mqtt-broker.1.pdsy2br5h0pmpf71blersuinm   13.74%    128.2MiB / 3.852GiB   3.25%     218kB / 291kB   0B / 266kB       31
21:08:35.200824634
CONTAINER ID   NAME                                                CPU %     MEM USAGE / LIMIT     MEM %     NET I/O         BLOCK I/O        PIDS
c42c0f10797c   jksaijdsn_twin.1.yvb449ev6bfn66gwc4evqs70o          49.41%    2.203MiB / 3.852GiB   0.06%     932kB / 998kB   0B / 0B          6
97ad1372f9a1   jksaijdsn_scylla-db.1.nt508itshc9tott1fedlupp17     71.70%    163.8MiB / 3.852GiB   4.15%     998kB / 799kB   7.75MB / 207MB   34
14cff87731a5   jksaijdsn_mqtt-broker.1.pdsy2br5h0pmpf71blersuinm   3.72%     128.2MiB / 3.852GiB   3.25%     299kB / 407kB   0B / 266kB       31
21:08:37.208339067
CONTAINER ID   NAME                                                CPU %     MEM USAGE / LIMIT     MEM %     NET I/O           BLOCK I/O        PIDS
c42c0f10797c   jksaijdsn_twin.1.yvb449ev6bfn66gwc4evqs70o          47.03%    2.336MiB / 3.852GiB   0.06%     1.53MB / 1.75MB   0B / 0B          6
97ad1372f9a1   jksaijdsn_scylla-db.1.nt508itshc9tott1fedlupp17     72.75%    167.8MiB / 3.852GiB   4.25%     1.75MB / 1.4MB    7.88MB / 209MB   34
14cff87731a5   jksaijdsn_mqtt-broker.1.pdsy2br5h0pmpf71blersuinm   0.19%     128.2MiB / 3.852GiB   3.25%     299kB / 407kB     0B / 266kB       31
21:08:39.224343817
CONTAINER ID   NAME                                                CPU %     MEM USAGE / LIMIT     MEM %     NET I/O          BLOCK I/O        PIDS
c42c0f10797c   jksaijdsn_twin.1.yvb449ev6bfn66gwc4evqs70o          48.35%    2.176MiB / 3.852GiB   0.06%     2.14MB / 2.5MB   0B / 0B          6
97ad1372f9a1   jksaijdsn_scylla-db.1.nt508itshc9tott1fedlupp17     71.02%    171.9MiB / 3.852GiB   4.36%     2.5MB / 2.01MB   8.03MB / 211MB   34
14cff87731a5   jksaijdsn_mqtt-broker.1.pdsy2br5h0pmpf71blersuinm   0.22%     128.2MiB / 3.852GiB   3.25%     299kB / 407kB    0B / 266kB       31
21:08:41.230976493
CONTAINER ID   NAME                                                CPU %     MEM USAGE / LIMIT     MEM %     NET I/O           BLOCK I/O        PIDS
c42c0f10797c   jksaijdsn_twin.1.yvb449ev6bfn66gwc4evqs70o          49.26%    2.242MiB / 3.852GiB   0.06%     2.72MB / 3.23MB   0B / 0B          6
97ad1372f9a1   jksaijdsn_scylla-db.1.nt508itshc9tott1fedlupp17     72.87%    177.9MiB / 3.852GiB   4.51%     3.23MB / 2.59MB   8.15MB / 213MB   34
14cff87731a5   jksaijdsn_mqtt-broker.1.pdsy2br5h0pmpf71blersuinm   0.18%     128.2MiB / 3.852GiB   3.25%     299kB / 407kB     0B / 266kB       31
21:08:43.238786265
CONTAINER ID   NAME                                                CPU %     MEM USAGE / LIMIT     MEM %     NET I/O         BLOCK I/O        PIDS
c42c0f10797c   jksaijdsn_twin.1.yvb449ev6bfn66gwc4evqs70o          50.78%    2.219MiB / 3.852GiB   0.06%     3.34MB / 4MB    0B / 0B          6
97ad1372f9a1   jksaijdsn_scylla-db.1.nt508itshc9tott1fedlupp17     74.81%    180MiB / 3.852GiB     4.56%     4MB / 3.21MB    8.21MB / 214MB   34
14cff87731a5   jksaijdsn_mqtt-broker.1.pdsy2br5h0pmpf71blersuinm   0.19%     128.2MiB / 3.852GiB   3.25%     299kB / 407kB   0B / 266kB       31
21:08:45.245551361
CONTAINER ID   NAME                                                CPU %     MEM USAGE / LIMIT     MEM %     NET I/O           BLOCK I/O        PIDS
c42c0f10797c   jksaijdsn_twin.1.yvb449ev6bfn66gwc4evqs70o          50.22%    2.27MiB / 3.852GiB    0.06%     3.93MB / 4.74MB   0B / 0B          6
97ad1372f9a1   jksaijdsn_scylla-db.1.nt508itshc9tott1fedlupp17     72.27%    183.9MiB / 3.852GiB   4.66%     4.74MB / 3.8MB    8.56MB / 217MB   34
14cff87731a5   jksaijdsn_mqtt-broker.1.pdsy2br5h0pmpf71blersuinm   0.19%     128.2MiB / 3.852GiB   3.25%     299kB / 407kB     0B / 266kB       31
21:08:47.253011805
CONTAINER ID   NAME                                                CPU %     MEM USAGE / LIMIT     MEM %     NET I/O           BLOCK I/O       PIDS
c42c0f10797c   jksaijdsn_twin.1.yvb449ev6bfn66gwc4evqs70o          0.00%     2.098MiB / 3.852GiB   0.05%     4.02MB / 4.85MB   0B / 0B         3
97ad1372f9a1   jksaijdsn_scylla-db.1.nt508itshc9tott1fedlupp17     2.58%     183.9MiB / 3.852GiB   4.66%     4.85MB / 3.89MB   8.6MB / 217MB   34
14cff87731a5   jksaijdsn_mqtt-broker.1.pdsy2br5h0pmpf71blersuinm   0.49%     128.2MiB / 3.852GiB   3.25%     299kB / 407kB     0B / 266kB      31
21:08:49.261262116
CONTAINER ID   NAME                                                CPU %     MEM USAGE / LIMIT     MEM %     NET I/O           BLOCK I/O       PIDS
c42c0f10797c   jksaijdsn_twin.1.yvb449ev6bfn66gwc4evqs70o          0.00%     2.082MiB / 3.852GiB   0.05%     4.02MB / 4.85MB   0B / 0B         3
97ad1372f9a1   jksaijdsn_scylla-db.1.nt508itshc9tott1fedlupp17     3.52%     183.9MiB / 3.852GiB   4.66%     4.85MB / 3.89MB   8.6MB / 217MB   34
14cff87731a5   jksaijdsn_mqtt-broker.1.pdsy2br5h0pmpf71blersuinm   0.29%     128.2MiB / 3.852GiB   3.25%     299kB / 407kB     0B / 266kB      31
21:08:51.271928124
CONTAINER ID   NAME                                                CPU %     MEM USAGE / LIMIT     MEM %     NET I/O           BLOCK I/O       PIDS
c42c0f10797c   jksaijdsn_twin.1.yvb449ev6bfn66gwc4evqs70o          0.00%     2.082MiB / 3.852GiB   0.05%     4.02MB / 4.85MB   0B / 0B         3
97ad1372f9a1   jksaijdsn_scylla-db.1.nt508itshc9tott1fedlupp17     2.83%     183.9MiB / 3.852GiB   4.66%     4.85MB / 3.89MB   8.6MB / 217MB   34
14cff87731a5   jksaijdsn_mqtt-broker.1.pdsy2br5h0pmpf71blersuinm   0.26%     128.2MiB / 3.852GiB   3.25%     299kB / 407kB     0B / 266kB      31
21:08:53.281862672
CONTAINER ID   NAME                                                CPU %     MEM USAGE / LIMIT     MEM %     NET I/O           BLOCK I/O       PIDS
c42c0f10797c   jksaijdsn_twin.1.yvb449ev6bfn66gwc4evqs70o          0.00%     2.082MiB / 3.852GiB   0.05%     4.02MB / 4.85MB   0B / 0B         3
97ad1372f9a1   jksaijdsn_scylla-db.1.nt508itshc9tott1fedlupp17     2.78%     183.9MiB / 3.852GiB   4.66%     4.85MB / 3.89MB   8.6MB / 217MB   34
14cff87731a5   jksaijdsn_mqtt-broker.1.pdsy2br5h0pmpf71blersuinm   0.30%     128.2MiB / 3.852GiB   3.25%     299kB / 407kB     0B / 266kB      31
21:08:55.289948694
21:08:57.297882797
CONTAINER ID   NAME                                                CPU %     MEM USAGE / LIMIT     MEM %     NET I/O           BLOCK I/O       PIDS
c42c0f10797c   jksaijdsn_twin.1.yvb449ev6bfn66gwc4evqs70o          0.00%     2.082MiB / 3.852GiB   0.05%     4.02MB / 4.85MB   0B / 0B         3
97ad1372f9a1   jksaijdsn_scylla-db.1.nt508itshc9tott1fedlupp17     2.60%     183.9MiB / 3.852GiB   4.66%     4.85MB / 3.89MB   8.6MB / 217MB   34
14cff87731a5   jksaijdsn_mqtt-broker.1.pdsy2br5h0pmpf71blersuinm   0.44%     128.2MiB / 3.852GiB   3.25%     299kB / 407kB     0B / 266kB      31
21:08:59.307588067
CONTAINER ID   NAME                                                CPU %     MEM USAGE / LIMIT     MEM %     NET I/O           BLOCK I/O       PIDS
c42c0f10797c   jksaijdsn_twin.1.yvb449ev6bfn66gwc4evqs70o          0.00%     2.082MiB / 3.852GiB   0.05%     4.02MB / 4.85MB   0B / 0B         3
97ad1372f9a1   jksaijdsn_scylla-db.1.nt508itshc9tott1fedlupp17     2.66%     183.9MiB / 3.852GiB   4.66%     4.85MB / 3.89MB   8.6MB / 217MB   34
14cff87731a5   jksaijdsn_mqtt-broker.1.pdsy2br5h0pmpf71blersuinm   0.30%     128.2MiB / 3.852GiB   3.25%     299kB / 407kB     0B / 266kB      31
CONTAINER ID   NAME                                                CPU %     MEM USAGE / LIMIT     MEM %     NET I/O           BLOCK I/O       PIDS
c42c0f10797c   jksaijdsn_twin.1.yvb449ev6bfn66gwc4evqs70o          0.00%     2.082MiB / 3.852GiB   0.05%     4.02MB / 4.85MB   0B / 0B         3
97ad1372f9a1   jksaijdsn_scylla-db.1.nt508itshc9tott1fedlupp17     2.86%     183.9MiB / 3.852GiB   4.66%     4.85MB / 3.89MB   8.6MB / 217MB   34
14cff87731a5   jksaijdsn_mqtt-broker.1.pdsy2br5h0pmpf71blersuinm   0.28%     128.2MiB / 3.852GiB   3.25%     299kB / 407kB     0B / 266kB      31
