2021-09-30T00:31:06.410087236Z 0 uANlXGAXN2ZXLzD2dwFbkTm6YccI4bpL3bR2wIig1fFOwrZM7GIWyrcdav595Y
2021-09-30T00:31:06.412171197Z 1 bcF8kZANJJ9tZA8YPq1lYnWZ6LySRFNhTvWO9YH8MaJgZKPZAHAMYzTEvp0hX0
2021-09-30T00:31:06.415301553Z 2 88nwns0gzqKZN02agK305cVCJO6iNebZtnMUcHKZHFQDCFKPSvscn1o42NaeN9
2021-09-30T00:31:06.417306403Z 3 Oj2SkO8ekjeDxqYLZLvn4UKfEWaskBLojoMFr4htn4dOOTI5IKz4L8oHIXjjmk
2021-09-30T00:31:06.418611518Z 4 INJlJk0Fi2jYCKeU8qkghNLpQKtdAWWl7WpF5jtJwftos5Y9u7U5aY9rJzfbtS
2021-09-30T00:31:06.423885070Z 5 fim7Nlp2gX4aJL3tePbXCojxVfFnwO8cQpe1BBixXllYh6cfjW0lFG2gVKEVry
2021-09-30T00:31:06.423906165Z 6 Aqc1QWe2LSfrvFu8WpYWEhi7BxaDPwHwKAlLEA90FH6inb2owWYrPKKtmJ58IL
2021-09-30T00:31:06.424195149Z 7 9uF8iijjReVBUWpgFsjv9VPaeLIG4oJTr5NLFPvWcdqC2gUrGOXKC5GEfPcobv
2021-09-30T00:31:06.427141013Z 8 1IrTWFPaGl7nLl76l9Ntxvy4NyXVGN8RnfihX2anKZjOl2lKUvNbwOutF7JFJ3
2021-09-30T00:31:06.428481725Z 9 77oTYYa2qBYF5NisVuQRm2iarGlbvm1T2cw04QL8n163qFtorzu1tdQqSgNRrS
2021-09-30T00:31:06.430515285Z 10 CRWcMzVXHYkty6Dc9D4mJIpbJFt4IQQRD3IaF3af6VbQ3iGkWPnc6DUAHQHL1
2021-09-30T00:31:06.432974146Z 11 N3j00AUM8OVAbDDtnfbi75JmzbT3oQbHxG1GZVlpMDKE3PGIGCMdULaIuRE5b
2021-09-30T00:31:06.435350468Z 12 dPjlAi4wHJ7n5awtDa4SiGmjRExDLVWvASeKXUsfigHfmsxB92s4rcFKIwEgb
2021-09-30T00:31:06.437734109Z 13 6qvd4yENlIiQtDkvZCSXrc1fecGjEE9ciUV1U8iexi0WuItlV3nn4p12vKmfu
2021-09-30T00:31:06.440327854Z 14 MT8yWUun4Ri8WfHjJsmLKpEpHHsvvUeWDgeGWElCTXQu5ciQKICJ9emwILOz6
2021-09-30T00:31:06.442839091Z 15 Kml5JIKX4bXHZblnmoAhFRSOHa5WWCScrQvA1Ek2YzcRRvPy5tE4fIETxsFBC
2021-09-30T00:31:06.444417566Z 16 RUvsUaHEor0UPzjnXut5z1r0rZfF7bZ91m33bQM64QN1ruOLOwexVmFdxQaAv
2021-09-30T00:31:06.447022608Z 17 xnnv8XDRelz5WGNpip1vjCNjXMrzuc1aavSVpj5GV6OqaaScL8kZ6T61N1LQe
2021-09-30T00:31:06.448793018Z 18 rPxv65va6C6EcSp6nGoz14gr2qH3hxnVXDs79hbOMY4nEvbkhnkignfLpZYAX
2021-09-30T00:31:06.451600152Z 19 3lm5H0FGTLEsKG1JRdWyTqR08fV4aX88WKWNit5xQHjZW8kocgLjnCJqLGuV1
2021-09-30T00:31:06.453885577Z 20 hHuBi01W9a299VJspcSsJJ1Fc3hqKS2d6a8NsauuYq0en7pu09VadESWZlK3E
2021-09-30T00:31:06.455692152Z 21 KSqWSGWwtI90L7ZgFjtBNbaaK5xzVynXty8qNRMMjbIcuJu8oG6Dl9GrXKUWj
2021-09-30T00:31:06.458292710Z 22 Qhzg1Yx3LQbsMJUcwXxEweTHtTOnS9aS8LKB76747YSwiD3qcaruwohZ75Hyi
2021-09-30T00:31:06.461306599Z 23 Rlsq127Jk3fDsTcOiP5DOHgjBWPy8MiSTM2JetHUIQPl7y2Zm7E5fWsnXuQkV
2021-09-30T00:31:06.464418949Z 24 qGW3ey3NOzf5zVHPc5rJlujQ1YhiRtJkHWY8J1lYPeVdzrFAKThxzKjISgjsv
2021-09-30T00:31:06.466570403Z 25 omtvQfakWS0e2y04OL4JzloNv5VkaPyEabbOAh8GHVIhGAlJE9lBgvxANyCud
2021-09-30T00:31:06.468910666Z 26 6PugfhEbMmfPLMgieYaQCMhLdkoIkyBIOR1bSJ70QajPa3ipXmz7AjySh57Ci
2021-09-30T00:31:06.471259791Z 27 nYIH7H9RIV3AaqIK12KAP5zxaiEGOU84woRblAp7oum7QL4comsIxnFDg9u5Q
2021-09-30T00:31:06.473961511Z 28 QsnP6RJgtluuvfTcJZbepGTtN8EvDtanqO1SztWIoKCyEIfL671cqU4EgdITy
2021-09-30T00:31:06.476260961Z 29 9jauKfYA77Np5vZpqeUWEZKTa3ygieYuJ7UZ18NgmEpUxey4n1dU222AuC8PK
2021-09-30T00:31:06.478882371Z 30 sp1d1KwcywVUuW1p208Emo9bmpM4WPjH9QdRiSAEUPaTYHC7cTISi753XGlbE
2021-09-30T00:31:06.480373750Z 31 kk9eB4o5aeIhWkuoFIvAtPJbN8YWnO3WPpHySbnQxGa4jNC8Gfxb8MlgIgsfD
2021-09-30T00:31:06.483008606Z 32 pmeCurmwqNbhqP4ymlcX710e41l0EY5OBUaH8rFyGwWT1dVWR01VHu4Bru7ad
2021-09-30T00:31:06.484441303Z 33 k8ka9QvSISgWQrnKgg3WcErzNWOVyHxSF2mnIM2m27xfK5R7D7PuyF3nzHbNg
2021-09-30T00:31:06.486782837Z 34 sHwVzylcwVm5sIflossMoRfTea8fDgrdbYGXnoOANd5t45s3a044W8BtQusUW
2021-09-30T00:31:06.488228440Z 35 5Yakjqo1O2jA42fLbSkef1ZO8iXLGmhs6mNjnH85s82egxYsvybTsO3TJzvea
2021-09-30T00:31:06.490401448Z 36 3bhlG3jn4oieOiAG9WRSN4FRfH6sKzf64UFZDxNz3yGlTxxHB3TBmZcCTdo8Q
2021-09-30T00:31:06.493073034Z 37 wDooZdR7uqB7D3E7jKwqixmvJsqsEqzHgWu4UptcPvVt5bcfk9nXKvCd8qiwG
2021-09-30T00:31:06.495738435Z 38 zj2RzGy3saTqcG1nQm0qbX3x9gm2hTsX4dWCUw7zXEsJDD71LtuNpDlAXtubd
2021-09-30T00:31:06.498856878Z 39 3ZiJp8ndQM4VWqGaRkWSwnuEO5OUn5Nlzy93j9nLEafwceoEoJGXlNnHSsnLz
2021-09-30T00:31:06.501334781Z 40 VmqT0pYsmrs4AAioRTR3a7PwXLkcFmcIrDrjffm0Fv4uZKzDaYK87l8sfsTEM
2021-09-30T00:31:06.503203606Z 41 C35QxCWiWCUwumRevLf3xj8SQUdWQsqgphzTMeJ7HwZZiDKNhxhg4Oi2HkANt
2021-09-30T00:31:06.506303394Z 42 Ne2kCwKaJ1wYie6L5QE3VXieetzeHdQIXqy8DuWVKuPaLgdK3gtgV85Bd0Sza
2021-09-30T00:31:06.508187950Z 43 hEZ2zZXOoVdjpjkdNyBlNSugzk9Qio4iwHBgt2W2wM8kDsv2dWnZju6Ur6FNh
2021-09-30T00:31:06.511272704Z 44 QqCuUd42FIsqXUpmazRJzxl17pGbSC1r9fx0exJUYojEArT7WvkERKwVqcZZp
2021-09-30T00:31:06.514051155Z 45 oaMr4jrhW201KfrAO8nv11ChIoQsf1MROwKQClD0o2AcxVPSZlwG99s5SAtg2
2021-09-30T00:31:06.516231389Z 46 qEaLa6v2SEnmvNPa3ZP8EcrK4XZQIw0B6E2SvCRdH07rJdRSxQqx2d4S3GP8A
2021-09-30T00:31:06.519229434Z 47 hiqV3wtCTHvgEONdWCaiuEtddIxUhJ6qe8Fr8JRHzbclwpUDstwI8oo7wnKav
2021-09-30T00:31:06.522222034Z 48 jgyxurHf88fz65nGXDN3BCdOYStz0eq521roHLDomYVekR3byCND0s2KwS2nF
2021-09-30T00:31:06.525106519Z 49 bNeY25qMJOWBQtnuHU4izgFhjT3dayIW3BH9eWO4pdUVjy1yg5z9m4gnGIZyZ
2021-09-30T00:31:06.527222610Z 50 Y1pY7gp2mKMpLJn5uTZulOQdCrG46TR0n8fJqD79lIk3AEf2yKxy8qzWdgVzo
2021-09-30T00:31:06.529426639Z 51 xe9Vvne7OkUTUGLAU2FN2zKTxvXb5PcZw0h7sCB80Izjsk4sAspLoBrU6AqSw
2021-09-30T00:31:06.531281439Z 52 yTKrcIRh3flaPfohVZbB2wQYfO3uINMwggePzaF5mT8nCw79HmiURTQnLfTHm
2021-09-30T00:31:06.533917475Z 53 DUWbfjT8GRfHrNHi7uthIx4JrerwMR4RpB7k6N8OvYAx5ob81pWOaQilVesMe
2021-09-30T00:31:06.535759024Z 54 Zoq2UzUeooOVG3nJE2F5UrqIBS6R0i2FpjaV3zeszVo5xntUQNZZY3WKcCXIm
2021-09-30T00:31:06.537907630Z 55 O3dO6mmvofDKh501Ry3aazSzGdR7LptlMIumpZtX0i0mQsCWAAhY6lEJqgsZ8
2021-09-30T00:31:06.539488174Z 56 oEzqKi4HzA1b189OABXLmjQ2lWmjmVHXfnIP6HMLsloL3ikzeAYs847biRJuU
2021-09-30T00:31:06.541203962Z 57 GIdexs4gp9h601TZlHSyNGTGrdjfK6RVGhUs6xub635roHR3wphVfyli0T4fa
2021-09-30T00:31:06.544274839Z 58 72MjC2DmxlWpOlYBjifOb5bVjVQNWq5jrilcliLtDxJ8GMqitgaExYWlnO5qr
2021-09-30T00:31:06.547096830Z 59 uAy3LAsMxucpjGkEMD98svndo3jqvIM7vF7CPBTS1g2qyFyjCudT9CoOCKLVs
2021-09-30T00:31:06.548625346Z 60 UYwQiTG6NCYbGu9nqKtnHMbIvqU3K06ZWyUnDcfkIhs9wCbRFctGj9xV9Wcf2
2021-09-30T00:31:06.551646702Z 61 Fb3ac4ty31sC8MstkPzOWbG9hIfmPbioZklmb1TUEl574zp5ZFKPokjkV5gOk
2021-09-30T00:31:06.554197365Z 62 cHnC9oAKpJBYwoAxlAAD3dmrmXMJWU6DBiBYFxTbsGB8olKpbjanw1p4cVeEQ
2021-09-30T00:31:06.556881896Z 63 dOgXRNPjH3t3WODBFRuor8OeEAYG1pc3vOrUPPhZbTMYQsoilkeQ0tsAjcLbm
2021-09-30T00:31:06.558576791Z 64 X57J1iu65ecn1Zi7wASldRhbu1imA4Md00DN3nntqN9HrfGSbOg0EiLWL1kK9
2021-09-30T00:31:06.560438677Z 65 i4cOVUJIc4ouBoGbnruPTNY0rItqY31pumqWzBQ78YZivI6YaM52CGFsWHOvg
2021-09-30T00:31:06.563233004Z 66 fywFOLsUeeuAWZJLoIQxwNzupqYw4bBnwWwCviM8GrnO0dhkXAdXPHwRPTT13
2021-09-30T00:31:06.566199074Z 67 iE9INdg1Tljxat4iW8Q464LLKwH3ZE6cUsKbuZtuEEeinxNZkMiMTBR5cih4b
2021-09-30T00:31:06.569245735Z 68 s24F63R2PfH1DiXKD1KaLaSBxSWtjIuIL8eDiR7scbN6dzWTb6P97VtyWTkCS
2021-09-30T00:31:06.571957082Z 69 3eIX0tUHmSXtOL3BfFxQB7mtWXipe4DTav5MWMTaNhDpJAbg4ae27MV9OJTB8
2021-09-30T00:31:06.573760727Z 70 wjjMm9jolhYDuGKxpkfdaoJJ9cf8qsOCjB03ZKJplz3UPOXYCTuYyGiRBYOM6
2021-09-30T00:31:06.575748390Z 71 4sgCnhD3UDKtfK4Ug3ZmZGmySx0jE9LdGgkfHXqJCjgq7HS30ZDtRZfmc6NHZ
2021-09-30T00:31:06.578810040Z 72 ASAgVub7GzsWgVAmQSR5pSQ3YXmdmLl2OtnsAxDBJDgmkHlC0zHZIw05r8QGT
2021-09-30T00:31:06.580660404Z 73 0688hMtMzm2bfTFM3k7JNXd2kQnLykpDNYulxVwq54EnoL7HwE9DAic0zSGKM
2021-09-30T00:31:06.582659962Z 74 TsFMiaT82C2WzpRnpnQ3UQKn2xDf6zR3rUTsl7a8BUeLUhipSTkfg6SGa0dtd
2021-09-30T00:31:06.584412587Z 75 dvFCwfMzmMSH7LjQxbrp14Y8vNGVz0ouFcWNZ64F0d2EV2uTEd9uPwtJPRcgP
2021-09-30T00:31:06.586306806Z 76 gWAgc1q9fWF26ElCFxAn2fAqNEvSn4ZgHXypzqeYoCOZ2jpHMH4DaFU8Vq19h
2021-09-30T00:31:06.589067646Z 77 L7T3laQU4jeLJJpSW1RsHP1feyygwnzOg8ZeThlOAWP9yjzjAgCl5auCYWKhs
2021-09-30T00:31:06.590468160Z 78 cIuA0bDHNtb7SDue375N4zaW6kTnMsZE7XTDjwBfGjaTh3GcsKLLF8z05yoaN
2021-09-30T00:31:06.593051089Z 79 2nulr20Elopq0f0ydfFGKBm43nDqlV80VQpZ8hcDo2JWzLorkxflJTdAS9Efu
2021-09-30T00:31:06.594608710Z 80 l40wk7jORKUPrjzg6XSfC6urCtJN4QbZeCq2KBnNUXze7yDXoQecPic0F3qlH
2021-09-30T00:31:06.597232229Z 81 hmqUIGxKMt1MCPxFLM6GnwFJ11QA9j9wixtkhxpzVNFa529RU9RmXtTcFoooT
2021-09-30T00:31:06.599842079Z 82 1zLXLFLQmgOammYgiHd4Sgq9GpMD2W8rpCq7TGp0venBftOBNQwCzHykagy9q
2021-09-30T00:31:06.601300224Z 83 yQKeiloq3JpxpaXFjBrkvabWiodsFVh3HLxfbFx0MHwZsxc3nFK0ccTGCsOxi
2021-09-30T00:31:06.604163681Z 84 FZcj513TYyNHE32cpYFMDPhGLZPU7GY5WGl6SaJTA2YnTCd7xovy2MAGqVNGr
2021-09-30T00:31:06.606880783Z 85 PRwOakGVXXD9862TViv4UN6jQYskFmZySWMcpCwnlDkAXjHiBs297ROfxXbQa
2021-09-30T00:31:06.608469673Z 86 YDrSiOsS58nETUkDUCy2lc25zKtWMXAZ0nLf0Csx79azqY25IpecbtQf0bBQC
2021-09-30T00:31:06.610551412Z 87 8nYh72RhwARABRiZCVXbvkJhyfLP35DbsRG61ieMaqB7U2d6rb9bbBJKKD8Gw
2021-09-30T00:31:06.612836337Z 88 Msahq91UPRcdou1PUVAUk9lRedFhsaq6ohPfDmGCdyATERMhYBlWo0MlXB5UM
2021-09-30T00:31:06.615086863Z 89 L8E1vXMgi8LzUZoSJw89NP1JtKmMGFbkJ3cYDRvnYB5SmGCZSo6vULow4krjl
2021-09-30T00:31:06.616483911Z 90 kYpnPniLS6BHx9k993HAPegtlMENUUJRPloNaZpWBsIQ6MZ8DIA1uHT79NB4B
2021-09-30T00:31:06.619198347Z 91 4SGCu065vLDQE6xDbIcAK8CxbgeyMYbtciJB3AVLXTqwciwuqe5f2KZ9WojLE
2021-09-30T00:31:06.620389481Z 92 Pi0DCPAuxhj4mGrSK3zSMyAC9CsWX39yaJpIHBWHc5EakDHdRBw8dXV6QqDxD
2021-09-30T00:31:06.622949896Z 93 fJK59PvgEFzWAwCzV8cHpizHEuYL1Q8Mh3D2vIb9j0VEaaJ6M46hTUuuEcdpr
2021-09-30T00:31:06.624280646Z 94 aormRg2OqGQvegBHH2FyanCM45zWDGK8dQwOnYfsEpEEpW1qeIWq8arV7PjUa
2021-09-30T00:31:06.627060890Z 95 EEM9z66QpEzABFjqWEHbIlMLfYDmZZ4rpHsqCecXtCvgZU6goz9aqvSacy9H5
2021-09-30T00:31:06.628938623Z 96 2BOVXSISBmweXWDxhqpxZxbsueA2VbTexaZSLLMfM8wy9GCXlLTTqI4EU9rvC
2021-09-30T00:31:06.630359814Z 97 mp33DPohbmLUa0D9hHQJVy6nnMFBynxpoz2aqhB2jzwM6Rq0GgcHTBpvSffql
2021-09-30T00:31:06.632855985Z 98 STrDrAc0VlopLSjIK9RZxURJ4FeosFmUBgc8Uezdsv3yFMEmBRxyvGR4TPPob
2021-09-30T00:31:06.635449810Z 99 HPPFsGiM4xfOVIS0eFE0pI6OVUO7BuzRXJrsLQZvIRl1udk67nIYZ9WkXTrVU
2021-09-30T00:31:06.637313890Z 100 v4ipEPfBF7wqQwGteVpbqLg8ZhGmiJIRDhNIgCLhqMUGELnajMJYCKlWyEXh
2021-09-30T00:31:06.639443638Z 101 JR9jTj5l8sGFVA6Bvt5P4dViitMMVP4hjvJar4j7RInHtX3tY8XgpEq2gOmf
2021-09-30T00:31:06.641433273Z 102 86146g0nJckQZU508089g9VZMGbhaGdkm0QOoHIOVT8y16jgKIaboDkf1nQ4
2021-09-30T00:31:06.644012497Z 103 ajVNBsokKYZ9QYbru7cy3bpsKC6aS7v72dnrdxZq4n9ArnZfLXPD6YDzb088
2021-09-30T00:31:06.645387148Z 104 51uRq27Nk40PxquAF2sIObLQyzBFD9aasuT0L5mFxXME7iKkGRp7l3JU94K4
2021-09-30T00:31:06.647356298Z 105 g0WqkKQm0S12y0ZZSd9t5mZOgwTlKv2gqpkt9bcCrfWEEk8qQBmM5fZ7rVka
2021-09-30T00:31:06.649259757Z 106 BdNbu9v5SyBRibYGP8XGUnCTRTRoZhOx0w6jUT4Df8050wcMX0OnDCzy0bqB
2021-09-30T00:31:06.651552988Z 107 QX7mwSbqpfimiFKpPoo6kLwTdAzedzEnkTPCv98dIGmXV8Hs1Y6pE9wtkymN
2021-09-30T00:31:06.653906454Z 108 6E0foOmhzgDzhiP8bFRQyHzfpuaAbhnmyA1TlvVAw3xB3Mc7Aq03ZqmBtzan
2021-09-30T00:31:06.655992160Z 109 mZVm2iAiLyaRteouU9ORgj2Z0ai2L3FTx2PqBWHmlqXkVpe8NQLRcCM8yknw
2021-09-30T00:31:06.659098848Z 110 tZ4k9l4VqHSssDGOvODDf1mPDzbCiNRAGGaLS4kkmdcSFNpF4QMqOMSCrzYA
2021-09-30T00:31:06.662124498Z 111 Ypc8oY4otqee5yRD7q0DbWLnrAaxH8ihfJ73z5GstDJIz7eZ9rKvyNL6Bx2D
2021-09-30T00:31:06.665382446Z 112 nblWKUkO4mV6guV2CP4eVkvAr2IHN0dBa3zof41HYuKM0Hf7hsXB2GKKmRT9
2021-09-30T00:31:06.667218977Z 113 pjT9j56wtD9rWSOC2aW20AgQ2u8R5W5LU2KB8Ke3GTgcRBiKOIk6QoNjufGy
2021-09-30T00:31:06.669441076Z 114 xAo4V9HW2xZKlk8G8KU05rc8jWfoTGfN1mrRLT5MGg0V9pZVLjwtvaol1Mn2
2021-09-30T00:31:06.672220581Z 115 CR9vJm5jOzVgMiZ6I0pB2HzQ5qtcFrNqzD6DVgThjqI9cUFOdUO7TvXVMFi1
2021-09-30T00:31:06.674949208Z 116 S5OmSpE2JkXRbOqF9UudoqpVasB0vY6OHy7oSIu03R2VcwKCzSVlCxCvnr4A
2021-09-30T00:31:06.678054214Z 117 38JchssWCt0Kk3Ej40fQaDdfkDuLkR3nL2qAQL9KHIREhyGsUollt8BycTfL
2021-09-30T00:31:06.680984647Z 118 a894M4uuYq78jgdzew27V3eQ6GzJ5S0FMncwayI38x0PJMSxyk2Jhi7eSSMB
2021-09-30T00:31:06.683348286Z 119 e6ficmv60aVjZsFjwDVJrcKCdhkDAlBsNHnVItZYheeFGAbNLXlu2AEqSX4i
2021-09-30T00:31:06.685507138Z 120 8GWwaNNzK4URSuaxavL6Pj3BEwPKzHyjw7CEsXzJc5keQXvEdv3edjhw3SJx
2021-09-30T00:31:06.687488748Z 121 l1Qpip6tHTryiI6U9bMevffAFQfDyzBv0Syhic32T1Y1W4euU94DGLK8Dd4V
2021-09-30T00:31:06.689504199Z 122 lqN5CuHsMaXaINDDSdGWVf2l6qh5NRkfFcHwvIpYAud1FlpxMcdQuld9bbMc
2021-09-30T00:31:06.691600354Z 123 z2fJW2mAHUtzovkmwJYPWk1OXFb7pYFWSMRBrQ1xK5ApampcN5gHuoeIsnkd
2021-09-30T00:31:06.693603158Z 124 7w0crbmP1JtpqiXBbPYNMiXJH1FqcndKTempwKtfAh2K9qK23hfxOwM6Jumb
2021-09-30T00:31:06.696118021Z 125 ktHsc5fldALNAFKZifQopBLgvNR6qlpzzNAxPn96SHvNbIpBcKchHmAwCx7x
2021-09-30T00:31:06.699236288Z 126 A20WqkPTI2hdZPIFNXSvJ4ckNOpjctWs5szPt9UATrWebqe4zclpGVmWxBEH
2021-09-30T00:31:06.702165850Z 127 TTijy5AFeaehesxPsgCbKKcagLQnzk9uJxek8ZjaW2z7SCfVLv0nYnhcXUPt
2021-09-30T00:31:06.705275928Z 128 xCOnXeCFpQRIs1DYzVazbQG0xmfCAf6SEUM6pvyU3RrXbSFN6gnXDAikt6eX
2021-09-30T00:31:06.707180155Z 129 ZGyLxs7h4wYHmIPJnTkaSAbtwLYcxhOK7I6NoimwWrYcivgi9Oy6gfUJTPfE
2021-09-30T00:31:06.709272239Z 130 feAarJrBzkmUJJXkEEXrsuFXCtU3kbSGC5oKnCW02UsDdtcROM6QS61CyWBJ
2021-09-30T00:31:06.712237369Z 131 xpKhiwytT5JjvHAptfgSkKCydWEt6EASVuPeiNqpoXKTEDCaYyRWll2pTfOF
2021-09-30T00:31:06.714274227Z 132 sq97az2wieR49Di2oCvgr2WsDkBpVD6wjxH713Ot8SCvi8vATw8v2yXzIJ2f
2021-09-30T00:31:06.716220789Z 133 xPThGiDSE4Olvzw1cStcCY01LlquDD5bQLVeW4ywztyp8tNmfWMYQ4efvwFd
2021-09-30T00:31:06.718305891Z 134 QxEpWAJfvT8NUw7TM7Ka6s1hy5hePm7FtwgtG7xXOA1GiBDexLW9pJ4km2UI
2021-09-30T00:31:06.720438366Z 135 W1nH4La98jO5Ndn8UAxn6EfG3QydZepVJD7pGcCGlayzp0RmHiXz9Yw5zars
2021-09-30T00:31:06.722801477Z 136 lnjL5DQ0ijsViQCyaELQWKRLtwZRY2zKRTUpEtpw2czmgvqdMEv1Uw76JpNb
2021-09-30T00:31:06.724848957Z 137 XuBN39FC275VzZSnCasEJi2HmXnppzRl9wkUMv91x64yleu9IIDoeJN0v5xz
2021-09-30T00:31:06.726181841Z 138 9xOMp9qOBn5B8ZaNAwVk6EXyNQQxfYe8OS7XCY6ZOO6vAj9cFPlFkkveeviO
2021-09-30T00:31:06.728259820Z 139 sk2DIZJLjS9yQzapVfYAeIb2hOtIRf4x4zr8MzEgDgWUnyGtvcJZRaCltVwe
2021-09-30T00:31:06.731191029Z 140 ALh59AElLRbnuc74f251tu7GxY2sZeKSuQekpmSzqsXmCOTfzlqJ2u1XcDDM
2021-09-30T00:31:06.733242351Z 141 yUAGT81iRIqSUJmwcBNFlKlsxwc2qWzB1MSECCnkmsTJBFK9LNWp0fzlMyC8
2021-09-30T00:31:06.735463385Z 142 J9az3ylFeoHYpMuoH1Y80JX9p9jBdHM8qsALSOEBDv8ONfjOj9m5M7a4XwA2
2021-09-30T00:31:06.737376477Z 143 KIV03FnHm6HFEqmsHI6DNh9Y5Gek7IDD2Ca6dfewo3knAPWrdgyZXTc7pg6n
2021-09-30T00:31:06.740264166Z 144 yOknI1IMsP9SoWNgwV4Mbu43J1oKUmwPa7uFgCwAUWPlR08iiAT3GWSSFhDv
2021-09-30T00:31:06.742226879Z 145 xlLLkV1QWSYaPvCuZoDYSemu1YV6UW8pxAKQs5vOUzwxQx9FTVg0StlQ2BiH
2021-09-30T00:31:06.744208126Z 146 zGpOYvJwvN4BEYrq46NzMjnV0FjEzT06lQvVstoY1mNMnPxChb4n14rB4N7X
2021-09-30T00:31:06.747156531Z 147 GyPv3nltdOt01P1H31a5rAGnwjB7muudr5y76d77SIditgLb329sZxgQ4rDZ
2021-09-30T00:31:06.750046673Z 148 1iebvFdeweD3l6Hd8Aq8jSWI8Mf2PqL15pQnUIj0xcQfPbUhhyWGaoPss8Ha
2021-09-30T00:31:06.751753523Z 149 PErhVKKHiq4oKiE6nLwDU2hpMw8L7abQ2E6NqCRkYDrjHJy4Asq2lvZp5Erz
2021-09-30T00:31:06.753552835Z 150 YrVT3khNN4u2M3PytDgc2Og9Nn9nmkIAS2p4NaJJVe3OuTvupNlFE4A6iZUM
2021-09-30T00:31:06.755305935Z 151 cjoXWgqnXfwuxUQTRjHau7HL6PZn5PojZfyo8t0HJTM8xb7W7jwx0NmDJBx1
2021-09-30T00:31:06.757285080Z 152 Lr6RF1AGxGyoDMBtQXrzSQiMzOVlnj94HRf6fIRNqfzLE3wdX2AdLcg6Dfql
2021-09-30T00:31:06.760190798Z 153 0Nl12YZKVHPdc8xPdWD5pkMJbJ7kXILSJNAaUukRZIXrXV7uHUJD4V71Oq6H
2021-09-30T00:31:06.763233045Z 154 RT6PwNSmAcZRJI5EPkqTjBDHacEeSiZFn6T47klcZWQ2IEo0Ev227bDIFys5
2021-09-30T00:31:06.766132443Z 155 pe5YqmuS711wsa7ERfReSDQ7wfJB4YWELGrrINbDlWl4gDdpgBSATUZNQ4Ao
2021-09-30T00:31:06.769139782Z 156 if8uFN4vwU9V3HGtudkakMlxgxTVvWOFaJvCn2aq4QQBQENX0QSYy4EuEMob
2021-09-30T00:31:06.772154539Z 157 vpoYzpnJHqqAAiH35CybxHVEtAkHPIPJsAsNapEslVbHECB7xrsl8vcmmnbG
2021-09-30T00:31:06.774189496Z 158 wvj7VWrWb8VEbTUOChnciDAIGZrBHPzBKAjMN1PhuJ5p9uLSpMbB4F3xVoCp
2021-09-30T00:31:06.777311150Z 159 sve3GtKo1xPTqdqtLr9M2SJA2MpBwiCOaHYMVf12MRr0B6BR9bCDAbLMGQwv
2021-09-30T00:31:06.779258662Z 160 MMxvE5bnhsvOQZZ64ZimnjTDxGUbmadd13ipq0xTZtmE4Y9gdesjKywQehZr
2021-09-30T00:31:06.782188144Z 161 07pXmipZNKqqsjz10bA5tSOsG8RpoQQbumhrecncvKSCZRxXQcj5uZfHBnWl
2021-09-30T00:31:06.785116144Z 162 qdyo22X1EfyNujax1GR4iEFtSUxLkI7uP3TQdRt11GZJAwvgPpG8kwO5xgag
2021-09-30T00:31:06.787473412Z 163 iNfVdqDFU19Hbvn6O3jaritBagQstZYqvRonroisHUmjw3tEd1Q4iOhxBDiO
2021-09-30T00:31:06.789417261Z 164 HXksk6Tk0bJWsXix95fDuxXZHeriGethmRJOC5o1o8Rut7PNmnwFY6r381Zf
2021-09-30T00:31:06.792459110Z 165 JYkJHSbZ8bEkAsEvQhQb3OQxHCPlF99zF7GkothTjIScb4ZbaFowmlTlnPGF
2021-09-30T00:31:06.794647446Z 166 6ivgKbCwoWrJSoXXJ7VTBYLHrfMcYdrntnyEbXfFi0lXSQMQaOpAMsYE1DVv
2021-09-30T00:31:06.796931569Z 167 V8IpaZ7mYWKL1aHd2L2Y4NbWPWJiDDHdX9dEoMaXedgk1aCPhNIs4O3Z15iO
2021-09-30T00:31:06.800073199Z 168 MZjlvJxZbcXtCvfahVZafhZkph0D5TOOV1uRwtl9EyuXnWKJustbQTas48mz
2021-09-30T00:31:06.801406752Z 169 Wd7zmilCQ0GX7fvkFtcfDXcnr6CMLCy9u06zqEFL2G6A7l4mfJvHD4wGGG7Z
2021-09-30T00:31:06.803363677Z 170 TQpi2Xx583qS6UlgEXq8Oz9ckTZryJ0ea6W6C4quEhe1U9r15e0r0agGu8KO
2021-09-30T00:31:06.805346707Z 171 0JuMLNOL7CfnCy1jc7P9ny0vFknUOr72vNsvdnN2BviDHsxKA2ZouftTlB3F
2021-09-30T00:31:06.807561323Z 172 JvGHUfgLBKYxOJyDnQ1vJ47ATfMD2AWiyskKHA7DSAGOOzED4z8bTVe18Fv4
2021-09-30T00:31:06.809598084Z 173 4T6gFimEUlOppTJjg3XPItIKq8vDMPFkCulk6lZygjaEcqQspjUg64pEEVmK
2021-09-30T00:31:06.811404367Z 174 vk60jIPMv0TZ8cY8TPYAeEOiIBYrQNTLsKvyAHKNocekBCH8WjEVFMhsxZEz
2021-09-30T00:31:06.814146033Z 175 Y73suIEyE0L37ELzoz6DRCVJZhTK6AAauRaEE0o0Tvc4AGBstXDF2h6is9r9
2021-09-30T00:31:06.815527575Z 176 4ZmO2UBOZDiuJuOUqabeEjKpzORKTyFgU9rTM9ZcLIbdh8UK7Qci16eep8f3
2021-09-30T00:31:06.818009132Z 177 Yvifxz74za5QUzjNa8YkkFgRK3aXb6KKNQdJiyGWr1q7eE7rllRt2Mfq8K30
2021-09-30T00:31:06.819432456Z 178 blMXhSUtbSexcmuiepXxgIfCZyrviWbVQBLzjmG4seXEGmn0u09yJOWQmBDr
2021-09-30T00:31:06.821845545Z 179 rqZxN2KrW1Cd9CuXjdiEIECYcKgd4JzyFxLY25pmiSqyCTfUNRitQ9JgzVaA
2021-09-30T00:31:06.824234401Z 180 xcm5bCl1Y3iqEIzimdyRD1e1TuaIKpWxbJP9suPgv3eVSlRjcuT0S08xeTqX
2021-09-30T00:31:06.827495965Z 181 3hJZSFzxey4gFuOrb9hXu7yeSueaIMQj9qajLUJbhhz1kec32FEtT7qq9DIC
2021-09-30T00:31:06.830208840Z 182 Kq1Xi1CB54tLtUO2ImVoJtAT3klpwweLtAwOQphoQFiYJsSnaWORdNgO7T08
2021-09-30T00:31:06.833013879Z 183 A7NnmBedQOZaCVHcWCacEVh255pQfgeD7s6J8sqNi41BbYKXo6QDt73oMH8T
2021-09-30T00:31:06.835829042Z 184 5MjnrvlvrOuojYPeEqOm9ULliXZRE7RR7b3fjsVxeXTaWG8Q15CG4xK8XGF0
2021-09-30T00:31:06.838241591Z 185 GRC9tc2swxqm7uLCFvVOCUzpuajrctaPKgiBlNX2VP0prn2v0aHvksFykX6X
2021-09-30T00:31:06.840780624Z 186 DB9yc5bWEmEevmEvRruCF5VdiFtYiygiohJ1EgoHyuwpRaVtZUoUZi5w6rnq
2021-09-30T00:31:06.842616935Z 187 pTXquAejGkhmQwdpPTqGJ1wmaghxTSo7Vj4Dnhr6WjibwfOqJQPtNYkeK5oC
2021-09-30T00:31:06.845506310Z 188 LADrquj3Td19OJnnl2dQkOlEveCAXEtHXOA3fhWxuftXOeJNSNkSMUoALqp1
2021-09-30T00:31:06.847836094Z 189 8Qu89DtW7Vp8HBopDDKEaqPHm3vmWIPHqg2PbjMArmmRhB9gEmTuaGhfAZrV
2021-09-30T00:31:06.850111158Z 190 eeCk6bGkriwz4dx6v9DPoKDBCYf3L2kCmOwUapC0sZHMQkrHjuWZEYcbhopY
2021-09-30T00:31:06.852916277Z 191 A74mEh0RhgI2vPcfRP7QPUmrWu4rzUv0MrbW47jMvVrDL71DWnuAVRQ2l4Oe
2021-09-30T00:31:06.854626649Z 192 1rRrUgqaZ1gFm3tde96nYMV5Ciw2ujPkOp8UloDV7YuxL7iAffXImKAY0M7z
2021-09-30T00:31:06.857596514Z 193 IRnY6V54APWsabCDwM1l4wqmnrIjXiCECSLM2tXulF29ow9ksAgx4ypOgkM2
2021-09-30T00:31:06.859211249Z 194 cBwGz8DxqyvLPscqpJ4sUKUTlmSPZahESsW83ohM18GFyZ0wybgJ2RwnIdLW
2021-09-30T00:31:06.862107596Z 195 FxyDJ8W0EoB0VecOwZjeZCm5U2wvou9NC9eSsjK9aPIFleAJYoGNvTepSSnS
2021-09-30T00:31:06.863721147Z 196 OERQj7NxLOMU77cZYSnttdGoooeSHXNSoVQsJIHn7uU8E0TirsOC8cR24WqH
2021-09-30T00:31:06.866647403Z 197 mf2HZQ9bzXKjKfUnQZSTTDB2PtfdwbJnKeGJRoOYmGOH4s77u1k1Z8fBKgqb
2021-09-30T00:31:06.868554510Z 198 3g3o0oz0lQ05kjf2HdGjXhQNDbCCIc9wbVTv2hHCY9C6qexjSIzCAl6vz3mz
2021-09-30T00:31:06.871123017Z 199 z7BwJps2b6yelgZRnb1JrhP57Q6S9m39PeGkXJBz9gZbbJAneQxrckO5cdLu
2021-09-30T00:31:06.872545968Z 200 CZEM5FKsGpy7itId6hfGoqMZbCZASVCnUaQtLk1wlkcIuxxMNP0gdWWKWujk
2021-09-30T00:31:06.874970973Z 201 iguAVxvDqU0H0YxoPJdDVNEc49uV45uJ5WkSikUkS7kMNPOR9Cs17Hn3zrhu
2021-09-30T00:31:06.876265309Z 202 1QEidzdTxMT62JcB3QTbIlTbqywWmOnDJiVrqLra6MPvA5aaQcC2XZVGzGgR
2021-09-30T00:31:06.878779283Z 203 a8OR2yPfFwNXRQBdVQXaDVawSYfAQhr8pzW9GymArbewuIXGjuxaHvJqCdfB
2021-09-30T00:31:06.881181561Z 204 l2mcsf1Bb8YRTUHiOP0Eq798Qt04Kf06ujkdl5vKGp96Sv480iFTLCq08E5g
2021-09-30T00:31:06.882579354Z 205 WCkctjOm9O1Wy3DYCetAh4RIj0GqQWj5bi4b6ANx8cwOTy33ICow4t89nXaG
2021-09-30T00:31:06.885253976Z 206 PMidmtJsVk6i4TKZdbDvE6H3wbavzHJTxC174U2TBsrFUzs3aE1Yh1qY1jbL
2021-09-30T00:31:06.886934151Z 207 sCMjjUYzgiWevLhe0BRykRggERX6FPk2O5FOGjlrRqsJL4ptQ6IezwlWe8Ss
2021-09-30T00:31:06.888415454Z 208 i7zjKHgufsPwLszRjvcgSVtZK1jiTjCGf87KsDqGlNU0nIIQ4cIVwxn2uozx
2021-09-30T00:31:06.891004463Z 209 BPcuaBZRmWo6vSJmtsGtVjA1T6nwfUYr1mpZGpiXBLwpztdWhfkXoSWE4pNo
2021-09-30T00:31:06.892617763Z 210 gqIgSY6l9KJTRmEVGVPhUBwr7ziT4RJT0VQ4H96aB10705mbYfWaCfQdnuJN
2021-09-30T00:31:06.894360313Z 211 X09TQS9z0hi5bOucnHmskO1ZEvXmGs3yfw3bN0Kjv0SHBiefOJVHchAFFplP
2021-09-30T00:31:06.897134978Z 212 dKBoKsIbAtbB5FskApRy1S7d4CKx4XNbd5X7hbZtRi0CSYyna7Ko3NoTb2pB
2021-09-30T00:31:06.899285938Z 213 fU9hCVuOF8i8DubbmrEzsBcVYVrl82DJJ7iRfzOBfJbtAEwozx8ZdYIzKMOW
2021-09-30T00:31:06.901812563Z 214 pJZzrbfGXGFoBdVQHIlEokE0jKyvSI7L8uK10HRtk5J6QBgwCIqO4FEQbxgn
2021-09-30T00:31:06.903752728Z 215 ZvUeBFF38ClQSnjM9YvRute32NI3PrMXfRh4sniXfRyJzN0UxnS1vp5Ylny6
2021-09-30T00:31:06.907012876Z 216 t6UqQl11aJAtQtffrpZyI2OCsAK2OgmzZMl1AgW26St7jkqviHJ7YPtz9XUu
2021-09-30T00:31:06.908798820Z 217 k5WbQMStM2RQB5D9o3TnrUbCYNzGk5nyi1XVpqYTLbdl0go2zZVrntjbEeh6
2021-09-30T00:31:06.911732206Z 218 Zv93iy8YiYk6ZPTcb4ItSg17tJUzf5HqtZTTSL8PIQaRndUDQkhcORgiVpvO
2021-09-30T00:31:06.914077248Z 219 fbkEBE3zjSmM2kHFGwxsdGPK20lF5oAKB2W2oNLMbFEeFfZmBW5CC4blUj0I
2021-09-30T00:31:06.916936999Z 220 nXk2x5jvgL8NhaQ2oxNc0VLJbRbAFi1nfhJdq51dT6XY3feXvHDcOAjOyHhO
2021-09-30T00:31:06.918904089Z 221 RIQdXbcAsX39bN70qH4bRAHlD5byo1o24TUqieo0Det3PBa0ojZKX5oUb6wW
2021-09-30T00:31:06.921808268Z 222 tWh4HnyZTK2mG8JVXwRsgKRdC8J0bp5NTWvi9fA4exwcZheYAyZtB502yLxu
2021-09-30T00:31:06.924149490Z 223 S9f4OMjbiHSieIVvwQVxehRbg2Fj0yRjSWhAhxgWlksdfbVFis8NLYdUeXJ2
2021-09-30T00:31:06.926016905Z 224 UXKxnFZNX6bWLDri5md6bZ7YfJkWYUHOxYCOGVf0vIVrlOwbLTwUentLHSge
2021-09-30T00:31:06.927348022Z 225 ti7chRfNA8VS1am2tMNH0KZK1G5YL1lOfsN1y4lWtBDmF9iV93DACojE0TAi
2021-09-30T00:31:06.930076040Z 226 Nv7lSSYG2YXZDBPZBlRY46MpnrG4JkqmdHFwOJuUZd0o9Rf3J8uNapkWhKT7
2021-09-30T00:31:06.931472060Z 227 OjBMbZsvvehG8dYuRMkvEvBGNyyniVipJoSBifaweQ27zS1tHrYiempK1Yss
2021-09-30T00:31:06.934227760Z 228 ihcShVnteuS0Si65OpEjEN7iztK4KhFzyFc4H9shayPDTwYRCWJACLu9FOC7
2021-09-30T00:31:06.937210743Z 229 r2U4luUhsaX8QliuQ8uw13aULCD9XV66X6H9TAImN3qX219wHcKsnuqxBzh7
2021-09-30T00:31:06.939753552Z 230 TneH2CSyRKXkONRFdJVd2wcQLfMA3GSq0klggjgG1m6zirAwIte7lVLNLzLf
2021-09-30T00:31:06.941358175Z 231 BH4dIdOLyxhvXXJDC2oKxL31tG8mic4hzOWRrC8MlW1ExAsG5MzHOutSU8T1
2021-09-30T00:31:06.944198501Z 232 H8OInuWxVCHZFTAZVx8ujf2sybk29hP13YdtsnLSZEkamNaBpRFcwSxDqYOY
2021-09-30T00:31:06.946817363Z 233 DklXYgdPP56e5JtDbZ8BDND9dfmMvXc6KNGs2bHSFGOqLVK3xIBAJxngvTmC
2021-09-30T00:31:06.948355867Z 234 2isR1yEfJzSULyWNVqiaGagQuFxI3XWRwNCDFzExMP4cjGEKNiVp2putMrCj
2021-09-30T00:31:06.950860030Z 235 FxX2nLwGRHuHBu1Wp83SKAHYZo4tIOdFTBhtaus7DWkkyM9ZTMh1e0f5GzWX
2021-09-30T00:31:06.953210065Z 236 5ng49oaDQfQfa2gWFxFcLzL0BtyDtOg0Zd21OX1hepdTu1mqVXki32aGvNmJ
2021-09-30T00:31:06.956162052Z 237 iDqtgh7RQOJdfy3orIwf26xtywFQ1903M2CLJudu6mesHi5Lx019xdue1luO
2021-09-30T00:31:06.959057701Z 238 i2LzrSas3OPUKITkn7iikprx5FK6mjZH3gGWNHUxDPx5tQtAfYTLobXee8Tk
2021-09-30T00:31:06.961280205Z 239 9nHlhQGig7gfgmVhkZluCunu7I26I4CXnb0noid0hZvhMBBTCnDfBe297Pk2
2021-09-30T00:31:06.963978454Z 240 svPua3fQZhhfubddfy6Osfz5pj9E37alNeHwcCY920FYmcrSPFdI0jlhsTFX
2021-09-30T00:31:06.966183811Z 241 mgMC9DgEYB0WlZTGwKjzmnKzehwb1UU4466HfaqP40oG23lz3Ao6EKUsuYJ0
2021-09-30T00:31:06.968886744Z 242 2zVN8Gs8FZw6LSx07u9rRViw6XuZLN3FQgStOVcyZbt6HVY5BEZpZOOFNXrb
2021-09-30T00:31:06.970278471Z 243 G8qhrDrTEbEmYzcFzq99cZZhsJ4Uk7B5FF7ekJvTgMkFgoKbD8BYGXYOlC15
2021-09-30T00:31:06.972859429Z 244 nMCM5TvK921BNHQspd7lrlnPrJ6cDjZD1jIbIpAobzUIh9jBW6wQj5RBUlhJ
2021-09-30T00:31:06.974741594Z 245 wwaxAotHszWkt82Y1X7N3XzbVJ7IVPZf6ozr9JE7Glwx12HnK6ZQiEZynKKF
2021-09-30T00:31:06.977169457Z 246 o348ifzj74ydki6Nww8kcbQIAYs1LBPa5y09e5l4qtEOO977drVu1dAOQB37
2021-09-30T00:31:06.980143938Z 247 xT7uuq3GA1sLUMVaKY2P3ffCwB7f54sFvvGraC2ji0D8CceRg4Nlr0mQrw8a
2021-09-30T00:31:06.982818585Z 248 nSKNXs6yR7ePSezchoXZ5AyAXbrIPptA6YMBP73s1RVExhUvfGKzTQXKLHWV
2021-09-30T00:31:06.984827556Z 249 keMwWCmyvWYtnb2b2ASjqCuh0RRySj7eMW9ciY7w6QH07QWIZQ7trV13FRQe
2021-09-30T00:31:06.987003137Z 250 t065rDCyU8CsfgwzjykxeMYf8fEJpCvuLhAJB2xlkdH6JfeymM9dqabnet0U
2021-09-30T00:31:06.988550163Z 251 Z7W7tSbKy978NK1XgBvGiIGpcHENFWPgo6cZ2OGMMtAPht3KptNCBlQvrMQT
2021-09-30T00:31:06.990408134Z 252 My8s0h32X3Wru6bDeecq7pmNhRcL516HB7fvOXny6FpZFJQLaVhU00Lk3wIw
2021-09-30T00:31:06.992690335Z 253 qezTHW96oE45CUc2YUGW2ij00qJVZY0eAvW2QkT2GmiKaXPWOYnKjj0H1hba
2021-09-30T00:31:06.995202376Z 254 9FOnxMOv9Zu31ikDzlpGAKqwdqRkGejkBFZsINgcIcWAEkg8SvXf0tKMUR50
2021-09-30T00:31:06.997725345Z 255 ma2qVPPD8fonclvbOCTlQrmVccAbzaUXam2Qgn4FrnwZ3pEcwXBqjiG5cDFT
2021-09-30T00:31:07.000259354Z 256 DxzvJipHKVTWghaUWonQZcc5aG5kiLbeQ64iL8HjZC1tZyDeIRirqISHwNYA
2021-09-30T00:31:07.003062558Z 257 PoetLeJTgB6VdFDNlAWkM4Ph5j3CxJntWnWq3I9nMGWEvqFwNG34EWNZSxZd
2021-09-30T00:31:07.004505519Z 258 4AbcBipRTsJNg5QiVDioxwOsHgtk1hc3ludAXV3lhNCqjExVUXsgaFb2nUtH
2021-09-30T00:31:07.007092843Z 259 ObyYC37fIdM6uoeTXDiWmFSLy3gJdU8D2JwwTVxTIkv6nVkBWUpkmFNEqAbg
2021-09-30T00:31:07.008534527Z 260 x409W34k74Mzuhl3ArEEVNfAbq3ldpFp9xPuaX3X5tJ5cWEv5BmGW3PR39p3
2021-09-30T00:31:07.011119414Z 261 jDvxc6lGsFFWwg5y0SQjw1a0LAnqV0vBsPrXcS26sHTD53gfrBzhcHmvA8fx
2021-09-30T00:31:07.012922013Z 262 XTLdiIN8yNByyMtgBzh6KAmIUz1mHolfKR0O0B3ksyM5nLk2DQepCURdyLAV
2021-09-30T00:31:07.015482899Z 263 HVYzygEBJB737HYcbejv9jj5nhUG7MYFQTGJrglFYf5Jhc4KC2MY9JvbcUUt
2021-09-30T00:31:07.017402981Z 264 1myJGjGpVLs97mPVVKKKiVf94jonLSe7EmtuKMTl9rqKfhTAVWYWKOFpJG2G
2021-09-30T00:31:07.019415537Z 265 xRayCUn4YQAFrFrJCArxH94rrAu9LvqMqdTcEmhUjPPcMwkpNxWiP4vW5pqB
2021-09-30T00:31:07.021428899Z 266 FqlSdulGRO8uIZU2uqzLphgNTASk1tFC6eIvz6BDzlucurCLJnjNwYkt4XAH
2021-09-30T00:31:07.023726368Z 267 fmXe8GzNvsJ0q6jIxh5Vi3lzrWChVmVtotxnNlpAujlYbyls0vJkd9Auzi4N
2021-09-30T00:31:07.026141661Z 268 t6srwB5rM7lInmnoui3fKskqmRzzIKvBYnrZcm98wgK6F9AQYQUXcdjnRysW
2021-09-30T00:31:07.028548598Z 269 qoo9UogAPpklnWSeYqi6WLmDHQyfc0MgDiIUhmcNqpUi1sfiC1wBGeuY2ioh
2021-09-30T00:31:07.031028177Z 270 4NUq1zRlORUucLYeA3H8641CFTAD2ExOpW46uiBNw6tJox8g2KOlUQgNpx8d
2021-09-30T00:31:07.032812076Z 271 wfW4R6OS0PjVB2CmDpl3reKoveXYlSSDzSSST8TaEqREFEiNQDL2DOEOU34e
2021-09-30T00:31:07.034891037Z 272 if0Nm0NvuqZYEYTizCbqprqS5CtlWBjPvd9Jb1f0SH7aVYnJPu3EMumX8Chu
2021-09-30T00:31:07.036519607Z 273 0MWv7ZIdzkYjd1KKi6P9AtXyL9Ojjk1rOKwu30o3F835MXn3zvyOVhZyt31R
2021-09-30T00:31:07.039109579Z 274 MDiKdSSfQQ8sRyzJ1mRds7C7IoHrXcTDCWjQVMr88c9aSAfWyq3VdMlm3HDv
2021-09-30T00:31:07.040886262Z 275 Cjr7XwFW4C778MfvVQIGRKAJAClG2i1oeaBFSUB9XzPevuqsFeADPONtE7Wg
2021-09-30T00:31:07.042713832Z 276 eDqFwRXphxeHO4RwlL3iMqXHTVKpVDIIzijXmJ9vVdJnUD11iFxaxIGVh4Wb
2021-09-30T00:31:07.044537763Z 277 rcNTUZyeSeDMoQa687NiiCBP9aoXWJq0EYnDbfpdZaSbJ0d1KIHQrFn5Ivf3
2021-09-30T00:31:07.046521775Z 278 hOHC4kSu5d8IUpZ1GuSdibDpdZcvEf94qmMBRxigYvd6Nq300Gxp7sVRjDaL
2021-09-30T00:31:07.049014070Z 279 qK3hkEpCB6MBAIaKeZWWdtywXEQ8Gsr8XtZObCesaj54fn9fFHhBetezdYWD
2021-09-30T00:31:07.051141687Z 280 Vz0gCe1vA1mfU6bGZU736BMNxfpQsyTbur2SRPLCfHm6J5MfYAsdDpNM34gu
2021-09-30T00:31:07.054169035Z 281 dr3c2JyXgHhX3QpqPQd4MKnkFLYHZcppWtJ5nRJqsRcbXbB2kfU2mS3rHUwF
2021-09-30T00:31:07.057133669Z 282 uCa2wHYBwFkVD7012Jh7EvaBWOIhCNw1ABUBNHMUAxzDxZjC8vtSAmas8aEy
2021-09-30T00:31:07.058997524Z 283 3fUGX9jhvPX8cf2Cx2P5x9tQfDZfcAU2tnQzw1CsLQaKz0nYNhQ5zpvBAKzb
2021-09-30T00:31:07.060324999Z 284 yKDp5LLEDtLbnvbJkQhdvSbQVPFkfpfoIxXfqVrUJlV5W3H8OQp4v7OK2aJ7
2021-09-30T00:31:07.063263234Z 285 xx0L8Lyy03FuA6bX1YDlmdce4yneg7kRaeFHcgXZM71jLRVgr6DVBnYIMOMo
2021-09-30T00:31:07.065747243Z 286 FsnxKbwJyUIXxHWdyyQIJSlXajLNLZjjCHels03SV6QHDNef7BruQrjzuLwa
2021-09-30T00:31:07.067212324Z 287 VQv6kNQNNWa7awYa5tJakIO0XbsHUXrKb0aMwkS3SKC6txYy5G2lYO25cD2l
2021-09-30T00:31:07.069306858Z 288 EYBRsgfGThe5ZmRM2KYnN6l3dnQwv3xJsmmrPTR5ihhBrFJfFoxiTRtn7jxi
2021-09-30T00:31:07.071573264Z 289 tbiZkUMCtmVEAAQAowHuD8y4bHiU4qPwi9HS22PDLFyaqTMGZ6set0oWonkp
2021-09-30T00:31:07.073511142Z 290 T6SNn9GlsHgHipW5a4uh0nzIKs7RcZiBTNm1jMl56Ffv9Lev7vKIaeg1byXQ
2021-09-30T00:31:07.075591659Z 291 Bwx2KKewZQCBZfXcaIWmSyHHANGZ5fLL3JzQx9bs4nUaQS3LhW9NvNW4m8rE
2021-09-30T00:31:07.078106614Z 292 bYN7zNPO9WUAk9TGjC7KnVfcECspxJx0WHs1q651pinUN0bzBWnSlMVoqtJU
2021-09-30T00:31:07.080606069Z 293 A9S9KdVqsUTnBi6vNSKevFEitzr7s2Gl0KuYFOGeH1pucDVhp70AEHL3dIOs
2021-09-30T00:31:07.083551464Z 294 At9A8pMkBq46uYqsYe5fFYfAXlg45iEvLC1yhEnRMLhuI0zUx34z4zcLLvre
2021-09-30T00:31:07.085232884Z 295 vUAF3Y3C78u0SefPa8CNd2k83uM5WfgIop3zVaSNPBtl9sByy6pjK6zw6IAF
2021-09-30T00:31:07.087244577Z 296 IJYXWaa9Sp2Z077YdN1HCj6x3FBLajJvGE6EyNCPd5Y12BGcq5Ry09DhPtfz
2021-09-30T00:31:07.089799269Z 297 G1JgXxW8QntAHUg1rF7tYFnvf5DmR66VC6O6UqhXkDKvUW6HoVy6svFbFHPz
2021-09-30T00:31:07.091212957Z 298 AdetEnwx4nGkymdCnLTFF1z741LFNLc9iJieb7r5dJR0z6pvHY2vF4mAnw0h
2021-09-30T00:31:07.094223759Z 299 YrduQWM6CNH4SpqtAPtvXcytgkspu0s38Tp93oNYBE8aBrVdI4enauKCn6XQ
2021-09-30T00:31:07.096666658Z 300 S92wAgpNPoO8NEQro0xIpyLx1uj458nKATyKuiteR80SKkVgrJQAXTn9rQCG
2021-09-30T00:31:07.099286000Z 301 jDGz5qqJUuGZ8OT0tZ2SxOdTJagBVhwZEHx2fpDYM2dybfo6V1u1p4JUuek7
2021-09-30T00:31:07.101717391Z 302 VoGDmotKfXcAkT84JRdyOnh6bcIG1pbixEP47fFbLjqJc8lLQAFYYcMoM9nc
2021-09-30T00:31:07.103557688Z 303 7kGy9YyGSXCeVgpEB5Ap9RcNUpSFp8Slp4TsuRlt5NTXVKgtcvkyJLNazUKu
2021-09-30T00:31:07.105312494Z 304 4tLAIOBkn8ly9RfGsUvcgtVW0JS3gdq12CoyTmNBHUA7w4hupiDbhOBP9BdQ
2021-09-30T00:31:07.107514932Z 305 LIweG0ZI8BteaX5OcMjP2zGaxGYY7fpHOX4GJcRWnF2C133mTujtptWQFwTU
2021-09-30T00:31:07.110253156Z 306 w8FM67Bdw79GYljR3lMhu2G5O6iSmyvzPWwfPtCPU9BvWRl2Tg5rCaYB09Dv
2021-09-30T00:31:07.113108634Z 307 VSlv2xgDyWBAjs9UDCnlE8MMQxK8k0nwsNjgl3C2C29mEy8BHTOGE1eFZeys
2021-09-30T00:31:07.114885371Z 308 wZC7r7hz7noqiAxoPt15gXEYiXKipjV7X7lkZENawloMf7ss58LG6CVZ0FiG
2021-09-30T00:31:07.116284280Z 309 NExvWYQcmSHXavMtsrNJFVav9TwPlv8biTBbGODwDtpX1kooJZreEMNPCf9U
2021-09-30T00:31:07.119186349Z 310 AoNqAlM35S0WS9O6LMmbI0mLObROCfUQ8wRlqoDseNRI4us830uM01iNujxL
2021-09-30T00:31:07.121878847Z 311 uS559OqkBFLdnnjU58oWE7rYkGqppocopLdElARwPOeZcv9YtqR9tBzrAJJN
2021-09-30T00:31:07.123425647Z 312 OK9X15LpAHJgQ27GoFT4Hf1kkv9uFjMpKoD9dbh2GGuRWWL11OuBy428QJOc
2021-09-30T00:31:07.126057472Z 313 B3mmzd68j5xN9W1kIoos0ewkNtSAlKpGUFet5zyWPyf7KbOd9xTW5CrsETiB
2021-09-30T00:31:07.127338389Z 314 91zskYSlvClyxudqfhkbgFrliNLb9ZkQvJeEfeoNpHEcrcXtZOEaecgiMD1a
2021-09-30T00:31:07.129817472Z 315 QA4hBjT9A4v9yHBF2pjkZpVjcXSfLCXbUaTJkUcUGAY5W3Q8hfR5X5vWesVu
2021-09-30T00:31:07.131801822Z 316 xaR0itkkRK110FbNpObevsGWJNQS621A7mAIYJhBj1srhkG5l2F6KLP5ieNG
2021-09-30T00:31:07.134173675Z 317 aEN30sHbzwl87uPjT8NShi6ywVp6NBq2N5ZPdqsccioZUAwxD5NMvk2Cr0wv
2021-09-30T00:31:07.136314452Z 318 myJZfY8F1Lv1q0eyT3CfkDc2TNmlHf4VgxUkU0D64Hc4xZsxjGImO2Sz7GTE
2021-09-30T00:31:07.138647211Z 319 OCid7zTgLq6jdWOtJO0dzltDZjzdD2DusgXWGdvyvflLEyBiyABe1se4HN9Q
2021-09-30T00:31:07.141263721Z 320 omebJWWSefYGyfCtihTutyOlAQ2xtFQDU0xLNGvxkDTTANshA2NqsxXR8YAV
2021-09-30T00:31:07.143869541Z 321 MOi56CAn1g5jqd1cpPRReMjbbYoppQnbndffvO2F8oRdYM2XO5PEAxGJ2khs
2021-09-30T00:31:07.145354213Z 322 feB9PmRyU7GZ5ij1lwI87qMyU99uRB6KRdNdNUAC9ymJuLJ2reHzerS8SHVF
2021-09-30T00:31:07.148151422Z 323 RkPgNn4Y8DWUVR5qBeZ1RllQIS0tFv6ekxrx7tzZwkUshJZFT0498Kc4EYEP
2021-09-30T00:31:07.151257763Z 324 YRhsuV4SyLdTWHBq0PZv5PNqGfBtezUCFMLrCyjuNYgjyjKMyMR8dl2Uxq5I
2021-09-30T00:31:07.153702254Z 325 mVOGrlsmfeFAyenxAVDbzwBh5r7MaxkMWCOobeEUYpatjT6ULKJGEBdMrkFk
2021-09-30T00:31:07.155313985Z 326 541xgLAh4q0PvQoQBVlTvi4t8yksHB0fWG5Rf1TsQQZ1GXYuUkkafKxzh4EP
2021-09-30T00:31:07.157821511Z 327 22WtC15hQhjDXSg2EpOc1GVNhsgwNBf945FtFdpB2f6pibRX5X0LSzzSUje6
2021-09-30T00:31:07.159288866Z 328 eSizpbWO8TLwaUG6QLSQm5wLGNDzhZtJoXuMQUDX479iPYcfT06YND6dTMqS
2021-09-30T00:31:07.162117254Z 329 BtIlv9To8KeoQJyRYIiEz8gPfMAZdKcoSZNydiJ01VgLIhJ1kFeC9anQ1mQT
2021-09-30T00:31:07.164664974Z 330 LO4I9T5pQNwHsdXjF8rKDHocRajp6mOX7hGe38AAdU1DDGFr7WED7DtlygVb
2021-09-30T00:31:07.167111337Z 331 Ufcf9rAHWKvCIX8HhC8vReg4KWlkInw3sLtR0fJoP1QhhGpmJHrUpajLcWxR
2021-09-30T00:31:07.169432365Z 332 nvfERto19BhzfSyAslyVyguevHtuAdrPxoNNFAgpqCXv6UFPNci8ddvJNcuj
2021-09-30T00:31:07.171239100Z 333 vUQs7m0Vb4Kv6PZK5bCRCRl3ypiqBXISzKcCWE9iSTG0VhYyo566YoZQzgBj
2021-09-30T00:31:07.173727071Z 334 MtD4c4UsPgLk4Y2hDheaa53NFOKwMKkQX1wcHiOqNTIcuW7e5hmSRAsW71NK
2021-09-30T00:31:07.175213671Z 335 utuAmvyhUwbbIdLROJsfvoEPAMwwL6wIjZroqFZb5i0UhQnZOmF6RmJJSTYW
2021-09-30T00:31:07.177222393Z 336 A5dcLQsTz9gQCWWwu9yJpH7zXZafxMLc5BARZlUFQ2J9W7YA02FquAiNTH8Q
2021-09-30T00:31:07.180083174Z 337 2bv4nOQHYNGFOw0idMcVDVucyMf8n1jGcRlcfGEBFmcpDbkTg0tLQ9ygIiP1
2021-09-30T00:31:07.182393499Z 338 mGy8GkStwJymWD15Cjca9JPzLI69UivG3as4HBiH5E71F19R8q4tN8h4WOQt
2021-09-30T00:31:07.185324655Z 339 067saLU1zVs7aLSprYUOHsJOylvJtMxvtzSwIxidvCoDWEJYOWN2jhGYUiEf
2021-09-30T00:31:07.188291138Z 340 Pga3p9soEskWDgdYZytWI456IvboWELEpcYhJENxpnr04dBIcOpEhMgShI3H
2021-09-30T00:31:07.190734101Z 341 meYhX14WNeFI8Vuch5WXcjwWU2GnuvojgImtwpCDocQBFcXubwSBY3bnpuiE
2021-09-30T00:31:07.192433937Z 342 HpyosaFUf0Q710X7YszsjMwDrAuO8l4R3URQ8qU8M7eyonNr6JLa0sdFPbzA
2021-09-30T00:31:07.194350550Z 343 kYqx5iksWiepcSEovoqxbpZ4FObDHcTfqE37Iw7vnJdjEH4DyAfv7Iip7E8b
2021-09-30T00:31:07.197342629Z 344 TdVvGubTQUJJR9KOUQpI5831walEeUlFD0ZYAdF6vnYIwIhx5IF4aUIKz6jr
2021-09-30T00:31:07.199235463Z 345 Ey2hP0II4JmBaSQzFUw80JDFShCtVF8obbMMNmxFTQ1lVVqTJF5Yk5BvHNmT
2021-09-30T00:31:07.201261387Z 346 BEqNtepCyBLrRhGZCfIK26sevbHB33HDbefdSYnIqVf7Ye1W3oA75wPRgrvW
2021-09-30T00:31:07.204067416Z 347 3U1Q6PR7Q5BmbTDdN0lC0UFaAmGyhAjLTIXho8vLRSlFXlvMnahGde07wa08
2021-09-30T00:31:07.206525131Z 348 8gAkfHka7Vx0z5X3HCEqovoZWLwVJcchuHL40aSmIw6lFxAJpy1ixDRtCGaZ
2021-09-30T00:31:07.209013919Z 349 boRGADYLRuC0TypDxRSZ33BhEDlEubjqf2pnEZlwMQJt6i2DZTtHAZ9BXgwv
2021-09-30T00:31:07.211210517Z 350 MfYjf7EFPgVPlXOdgNree7ndTV8RKE3yQQshExGMJr9QcyH9LbEDUW90nnJ6
2021-09-30T00:31:07.212827369Z 351 mUQCebudDhNHIsiWXvXvUbDEB5MlwtE9Ruykido5xLEzuOHlm645nPxIcA69
2021-09-30T00:31:07.214815023Z 352 b5tJbSzdjvvR3JmxAoQmxx0eUoiF0JdxyNUcNF6SXMtGBXtgcRoE2bLfdAVH
2021-09-30T00:31:07.216314283Z 353 I4At1kZW51DggP9mMJqXNE7dHoo6pALORIheVwcsXYAPLtJoijTpF6nPCJes
2021-09-30T00:31:07.219193898Z 354 jHrUduyQKv34F2gtK4UQ1rxGrz0xKrcNKqJcckg8PfVqvMVuEH38Vnn5krTY
2021-09-30T00:31:07.222063327Z 355 jQT4qogqUZ9j7drXp4CFJQlvXRKkil8LlklmnXSOQxFjKvYhlAIG4h6jr15W
2021-09-30T00:31:07.223321347Z 356 sAsryBxQS0qeS8evwO3ZgtgEcwF4fPzcu67x1uiokTcxscf0c8uHF2vLecDy
2021-09-30T00:31:07.226219311Z 357 uvki2AKJ3DvsmcIwVkwYNBBM11Nqm7WhkDFIyfTMrVt096zpujovxS9I657d
2021-09-30T00:31:07.229362893Z 358 dthffW5Y1TTsRsURl1NBzFBJsyLlfZyGiIxiU551DpLFzjc9DlAIRzJu59jk
2021-09-30T00:31:07.231176639Z 359 FrACK1b1Cr0HsgS72amgVAqy2HJs0dQP0wuqxwT5JVDoOTpDvVvsJcJ6VOBF
2021-09-30T00:31:07.233644573Z 360 3aL9WHg4RcDU2sFMIlc6QAeqTs9aoUfwnhuNyz8ceAnPPdXpiWmaQDMz5DRZ
2021-09-30T00:31:07.235535064Z 361 IqN15DHCKNyYwiotutlCloKCznssLSSzOPt6qVbMDK5hHT5QB9yvwVcWtLWl
2021-09-30T00:31:07.237365169Z 362 wYngWxznemVk6BxV9036wY2DjU3XeDkYf6H7pvKDsMJOgNVreAIAhzRdTgTL
2021-09-30T00:31:07.240117688Z 363 2mXxDX4gydEIxN4bEBDwkwVbxXPTpKWzJlAaQLgY7wBYdXJRsnh3qyOQ4bAv
2021-09-30T00:31:07.243052881Z 364 ZLtAzPCw6Blwk2aGW5ByoAgK3cD1qCcOnngiFNz1C0JIuOoEonIYHkBYXQN0
2021-09-30T00:31:07.245351222Z 365 QZhs7pEQVbz9yl9SBYykosnnMGv5znIK9ULAqfDHZWrsTevOpMZ7cfNQzFoQ
2021-09-30T00:31:07.247410495Z 366 HbvrnxtVvEL8ZU89Pjt3RtOT8FYQokw52819HTQCJywkoJbk8zmfiG69Pe5j
2021-09-30T00:31:07.249735653Z 367 iMo7Ck7dHEEBr4ePgKIlboEKgqkvpwrzetnqPDY3djUBGGcbO9A4ivmCNBj0
2021-09-30T00:31:07.251977137Z 368 Ks7BDtwjbcTTMG7bDSQBlhl7ACjgAHGQkmLst1oPR3IqqJhj8tF4NnQ1AE5v
2021-09-30T00:31:07.254321831Z 369 PQ2e4IEpTjShGwJHGCBBgZinncAC6axbrbDx8OPxtPoLYqqqLR4jSmWOxMvn
2021-09-30T00:31:07.256305984Z 370 dLV7AofrJSBA6rzgc6Hoi9BFK8mboJY39yhBClA5ufnvJHnICrzGYpD448IO
2021-09-30T00:31:07.258279170Z 371 L1U1ZduKZIKFiwSvmAqLk4t6VSk33Y4CZWcD4mrOUweU0XlYlR4yCVMeiHhi
2021-09-30T00:31:07.260251703Z 372 yzKo5EH9v6gIGPTAThn0yZqu3gYRzqI3FW1dzK6kYm3py9SDeXGRG0CHDQuh
2021-09-30T00:31:07.262227437Z 373 0Fep6EAo0JBxj73GS2kqjze34CN25AdLRInecyY7wNZj8K93wYppd3YmmEb1
2021-09-30T00:31:07.264639861Z 374 1h6tkooVJNOQmlBk9ZOVbKtc40yqtQDrnWmdFSRm70rLTUlQbtnyxRsLPNhn
2021-09-30T00:31:07.266735912Z 375 Xt2HuVAxtYMP9EehxIpcda2y909qdurYYuv6ipTrkThDZ3QCATVdbFancGWu
2021-09-30T00:31:07.269114659Z 376 j7oTTkhujTlXWpDg4HBAWO0xj7yReVwygeiZ62Xsd6cqtQTcjV9KSfoBpekx
2021-09-30T00:31:07.271277854Z 377 gEQlWtW1hqSSKi6Sqa4jB4DnQOVhvoIEE6wlKMCb5JXiE4BzqW6StxkXZjiH
2021-09-30T00:31:07.273212323Z 378 9GyZImeUkR5QGnyybg28PLX7OgsBfLEhJGjupaWLW8rpDwBZ478mPdoRZHoi
2021-09-30T00:31:07.275780846Z 379 xES3p3TFXx0I7Ssz9aznpsRfnzzK6HwA7HkBvAofZPe2rLbkljZxV8rdHw4f
2021-09-30T00:31:07.277585128Z 380 kJEWxPjTUcF9YYKgJK2OdZOrfM1An5xllne3onydv2aupIdNfZw1d4B7HLfe
2021-09-30T00:31:07.279373887Z 381 7CLaKX5jiCs099nJobg63sLM8td9FIHm1iUyYbHmdY5KMnHsfwuKsdwJ347M
2021-09-30T00:31:07.281769271Z 382 VNtZCn5mfIeQnZF6ZiPgtxKErbZKw9VzvVWdsrNbdXG4sMlBrg0Q967oAtyb
2021-09-30T00:31:07.284108742Z 383 dlGIYIt5ez1DY3JBgp3Dxv1T8rZfUA3fV80ieNqu3U81ajQ4z8lNwCzDGXzB
2021-09-30T00:31:07.285424711Z 384 MSNzahcJ8CKzQVgfyF3rIBJbijdY5j94yI0budjTmcUxCHNqWu7WWL6Fyhwe
2021-09-30T00:31:07.287796568Z 385 KBfkbd5jVhzpMpHDUsTExXfeLbUhT5Uj9lu2aFAWQgkHDMd56GvZl2Ikgjru
2021-09-30T00:31:07.289819193Z 386 TUwXyawZ4XQQJT7pxMHOwB2Hmp5pYTHKj8LyCpQMTSRShd9oAU0osClicjIN
2021-09-30T00:31:07.292196403Z 387 gv27lE0r3sl8VGdeNmsPs7Trg6lmV6gBQsZqE2djeuCwkTYvgr9LvAbPvfYF
2021-09-30T00:31:07.295073630Z 388 1pl4DQsAVueRVKAyh6X2gNREaC7yCOgNBff4N9jepvIbcHdeSIZcGILTgJcR
2021-09-30T00:31:07.296376398Z 389 P41tRJTPNkBCZFJJxtWWjdGqyNGiUYsyFxuawKPian7wOd9rutk86rRZ1IyF
2021-09-30T00:31:07.299222001Z 390 KauN8uLu2q2UZCxFX7B7RW0qnNtRIzgfWRioJn0Xr69xqS0Sj1qNcZnGsPfO
2021-09-30T00:31:07.301578315Z 391 coqVAfvAFcrcls2TVRVXP5VBC1YBRtAf2KNSQnUQhTfDbmmkhefF5cylT5Ll
2021-09-30T00:31:07.304189567Z 392 c7a10WRdzTzVKrtL41qtsca05zrIWQp7ywChB25JfHOL5mOneXgAmQQt73pL
2021-09-30T00:31:07.305568801Z 393 l7O0Y3sr6MWQDBc2gIC3BIRK3uOp4uPWPaLMoiftxaTJBTOtLWeemzt9gHHL
2021-09-30T00:31:07.308327728Z 394 L1AmIB0vX34YQfGbLw6bb7CO1lKqIkBvt5Spxri3MkdHs6PTyaJc3UoFNI0O
2021-09-30T00:31:07.311163307Z 395 KvmpCtfd7BLzn2aNwUTigv0COPDeqqUS3OfX8vlzcRXdnZbBZaaKZzg9JyJq
2021-09-30T00:31:07.314220480Z 396 BcJxEsgJ76WywZwENSni8ryIIExwAKcDRuIoTrgIQ65n1MlGtvr1yzgZfATS
2021-09-30T00:31:07.316878745Z 397 BLcUpktwRkF4Ffvzrh9kzUlLQOhdiaDFStgkVokI8A0LrGd86Cs6yV1fMIlj
2021-09-30T00:31:07.318787124Z 398 tlMduSsPVCsfps7v5EPh1NIe1dXxvWX7HhfsRyCU2L2h3w8q96p3ijapRxwu
2021-09-30T00:31:07.320287240Z 399 TnWikElzo5Hao5twEpJNDE2uW9HN7LVdmPPyVe68F1LnrLhiEWGJAW5BhNtK
2021-09-30T00:31:07.322818100Z 400 YICgOsXwssYJudn8p9n4vBZ1aYZKnHc96IgDu8OqctCLEzHRhxwp4YwpJfLx
2021-09-30T00:31:07.325430758Z 401 PmB3BNkImshKwLBgEjpY8GoCB4RfO4QfrPG5dz9ss65raduQHHDzu6F2ENrj
2021-09-30T00:31:07.327858142Z 402 DdeSj2BE4o5eqUM5II25iJNDgO4mtIE0N7OIvaJm1uBi7sy8YRufzRTXJfx0
2021-09-30T00:31:07.329320031Z 403 msJJPsW08L1Yd4ocuM2RueQXyU2jtkS7Unb6Et8F9EyTkHxleikO9D1T693i
2021-09-30T00:31:07.331917683Z 404 OxAFVaKvbDTB6OL0gXK5mMPSmAMSnj2i6pBhUgoDDAEQMPo1Bd2NyeqSY0Yy
2021-09-30T00:31:07.333878441Z 405 1CBtd1tcayt9P5tV4nIaTUymEGyOElFv4tWu3NqDQa9GdbzayCdK5GQ2qdtS
2021-09-30T00:31:07.335291868Z 406 ibOBD1cQZh0j02vAUXMkWQ5uLT9PhRSVEkK8Xu36QYhhZuyTpjzCxLn5g7TB
2021-09-30T00:31:07.337737848Z 407 15BFdJ1YHRNOsiYAUOQFIcVzlmvrBkNMBXt5TJpYYRrDnEBcbTTU2XPRV9WG
2021-09-30T00:31:07.339488396Z 408 60k6KJ5F4yJje0YqaYqrEdgzcd2hE4AcYEectTwb05S5qfsPKBLrk5gmMafq
2021-09-30T00:31:07.341629229Z 409 66xP7uy8Gn67zxwhl2mWrkMMJ9pFwkCWB9VclgmiJOxJvdJwGLwL0Y16h6x1
2021-09-30T00:31:07.343199406Z 410 ZrimQ6hmYLcaLqrNtKDYLyVaVTf2PnmW7NcRbDFm8KCThUXGslyiHgc2mb52
2021-09-30T00:31:07.345744080Z 411 lLjlPdCEsguSsv8QFkK83iixUf3vmC77yMV42ruFciyYPqHXnlGGaz4j9UCr
2021-09-30T00:31:07.348213683Z 412 gMtlxqEUGDhZhTcP6nE4HSwlKU4lzXJf1xvqHmSfrio27k5FckWVNva9twwz
2021-09-30T00:31:07.351110563Z 413 rXfndx4X9WEbmJAXzlVkufN8KlIN4YQX1ZyGafDAputyz8Q99GHPozIO03mD
2021-09-30T00:31:07.354243617Z 414 PmliGOhsDN8vh6ofwvzobACTRTtGEsJAHDZ8oWdpGWxQaO6icLGemHfKgA9m
2021-09-30T00:31:07.357275359Z 415 NaZLTJFrgLCDtU4N1dB98XhzkgjJTLWUQ3fAKr9kFfrniTxCMQCg4CkpdSzB
2021-09-30T00:31:07.359922432Z 416 cyPdqwXhG6ZvxG7sN3ckbGXVTUJqZhKGZnkYnCTBIEharH5XYZaEXTsxgopW
2021-09-30T00:31:07.371032223Z 417 wXBWwlXu6yA65tlHJ2CmEi8SW763zLLh08F8L26C1Y1tqnvcLYgFKncxf0hv
2021-09-30T00:31:07.371812584Z 418 1Qynx434fVFlkb4yf6fkMltT6FQgMFPCMA4w1ERCPcjDgftOoUEOPJVOKHYf
2021-09-30T00:31:07.371835735Z 419 eUTHD3jsKKRrmcL7MInuxg3uouPl5I4XhTdsjVGmEtx4apEcQGTNLlJXn7uF
2021-09-30T00:31:07.374820238Z 420 Cb0kmt8Pwtv65ydi6pY5ar2Zi76rRarhOstV3wIwD35rJEaSHBIc4cGxqLOa
2021-09-30T00:31:07.376670784Z 421 9yLGDVvRsx8iBMGeVE5VdNXuPIhTRL6H0z4c74eAinSHbV0PZolRazqSR9fL
2021-09-30T00:31:07.380145958Z 422 7f9HjCviNkpO5BGKQdkpXrtJIWhRatvlmZ0ynns43R8FvB5xqHCPeun0Shrn
2021-09-30T00:31:07.382832203Z 423 cxt57CRlZAAbYQpqmU829XqSjK4D1Bu3mPT3cOgoM6vrRMESb0Jgm4ozpmVl
2021-09-30T00:31:07.388909017Z 424 jbvun9DnHleDUAwrFJSa1pI07BrpWpwubMKx935THxM0QKBO2NuXsgLrKwmZ
2021-09-30T00:31:07.388942235Z 425 VB8sEF94fVczHX8yYYwrIXL4cL1cCiES9gFHzRpakRFzbBIL0h8cBPPCEF5Y
2021-09-30T00:31:07.388961975Z 426 jfzICfxp01BoMyqk2txcaGL2GkyAuMcFkbMZnvJ9NQL1Z0f2vn8AdcsnupoK
2021-09-30T00:31:07.391379387Z 427 NZ21ZWjYND0uIbMjpMaZFA7DCmvspKn7wN13eRkRjx3bDaO7aYdAH90FCu3X
2021-09-30T00:31:07.392004386Z 428 cEb2gwvNLc7GiOWiPMQz2XEAa1XHALUWTwQoeW8vk3eJYbWqN4Pux1cTW1o8
2021-09-30T00:31:07.393306080Z 429 TF88SzdSRrbG8OYWtZ7pxe5GlGbbiBB033sbqHo4xGE0t9BiB8nLVIogVopo
2021-09-30T00:31:07.396374138Z 430 1t1NFkdocc0RIn6REqvn2qbzCqATICUU3cJv7BuFxQR5LOBik24Hvl2CwURx
2021-09-30T00:31:07.399818419Z 431 0HUM5H6l0H1YNLOFmikExFSxM6UCVFdz9BzjQ4Haepsz53fywpG1xaz77YAb
2021-09-30T00:31:07.401301749Z 432 MrxvlT2lFpVMrlTrt08Cee3VCwjSgqbiw5krXSt16GrSSE20oPKow13D2qHC
2021-09-30T00:31:07.404224785Z 433 8ylbIEjADOZOFETjPQPOKCMU3aIyJgLJHdRJi6N6ssv7TrT8MfgubumuKa6u
2021-09-30T00:31:07.406696563Z 434 NRWaQOIREmcC2G4IuBhy7zgCkBDXKxf65Fm60YNUosfMamSkccqOz48HUF0D
2021-09-30T00:31:07.408653871Z 435 3fFjXEgXoiBZabriXe9nP2o4MRWOY5Za8ZgUuV3Hn1OhEbPZ8RwZJUnDbvNi
2021-09-30T00:31:07.410906865Z 436 ryirJcuWtgmB9KrLYwwRSfHngB99f5Tr509JieG35cAkjBhcJc4Ib2ADeHV3
2021-09-30T00:31:07.412215784Z 437 8LuPiXHSLIlFnCfPFsK5RXpxBR7qyLtvMAiZ7U1cl1FtQFQpQtFVLw3OiEqG
2021-09-30T00:31:07.414695904Z 438 GZKHvzJ1IzR8sVI786yWhhrXEoKCA2KwZoW2gJXGTqEo4FAR9MLpUwFacAbC
2021-09-30T00:31:07.417060215Z 439 goaJgZNTN33hpu604Dm4BSrnRqm3i4LjPuqtZzKbePr2U7XE9BiggyCz7dOI
2021-09-30T00:31:07.418765176Z 440 A1R6du3W2UtldTb7FmvQMp8Mp8vqxZ3fMHvS8hXeeiEdVEAjCA6tbbMY5EQ0
2021-09-30T00:31:07.421073444Z 441 LXrz8YCKtbZBmz7v9xZIxZ5TEm077snHSbg4IdY4vHM6sRwQaYZ1gaZCsAMY
2021-09-30T00:31:07.424743142Z 442 U7qsNOpCFbV5GwYRKVvtpLskKYUM89PbDQ2KOVhSSmnBDNBeFvFghktNA14E
2021-09-30T00:31:07.427050693Z 443 d7oq0QZoK2ax0hioGyf2uDzPkhbDeK2t1FkdH6vrYpVzEUyRvoqR65R3ISIS
2021-09-30T00:31:07.428366085Z 444 S85JKrc1Va5N1nGW93xfO6yeudw3HRBUzxLBEgaoDnGF2Kgh83f4p5c1zXRZ
2021-09-30T00:31:07.430227955Z 445 POQY5eFJ5JmRFJXbhAgerIU0ZZYDj0KLF0RZEGLtQPhP1Zxw3KlH7RDDormb
2021-09-30T00:31:07.433192373Z 446 sMlb3YoBOZg0XCjKWKOLRqtO3IptN5hBsXAEYuJqVA2KuePMqFdIUbrGCZeq
2021-09-30T00:31:07.435892943Z 447 LftJeT34ZKkf4oRpHaXzzdp5EJ0agHsAQbr1fvrKMs0XLL6umuZBHtH1N6JC
2021-09-30T00:31:07.438196366Z 448 sBhxUSBwpcGUUxzTXrqI2E11BX4jbYyy1kKBPd4CdxlHKAbY8nYPkv1t6muF
2021-09-30T00:31:07.441450482Z 449 BLKIQ7y4H9Cf9njilQNDesd9tLVgkS9xcrAs32eWn8Wl6f53ItaCMH48h4L1
2021-09-30T00:31:07.443342070Z 450 IxlgVG29p4GcjWGsBbgyeyBvxpC54TDNESagwc5cXPLTeqUQuzlGyv7ntgNe
2021-09-30T00:31:07.446284372Z 451 hM7nV3IrZKbkkYX6qSnwhsblyelckP8QIy4pNal2ejpR0VoVrXHTRpXCkyc7
2021-09-30T00:31:07.449213996Z 452 AvjWYykUfN3kpgEaA46NWyyuahVf0xemKbpIEoDdKlAPST39ywaTwrNTwsDU
2021-09-30T00:31:07.452231579Z 453 K3dcGSHFWWW9cAVKbU4HgCon9RlkR4ZVOqyc871xcAwcKi72kujm8CNMQfRC
2021-09-30T00:31:07.455000587Z 454 1IYm1FDZGCLfppSp9otx2uUu1FZVXOmHjUUNlcKoBzC9SZvSjzXtjqRKYHh1
2021-09-30T00:31:07.457949144Z 455 tj2pfETWnBJJ92GYYfgX9O3otmw48FM3cm9DcsMMtCod2X8GHftdmJorFoXP
2021-09-30T00:31:07.460826159Z 456 PyaU0J1cfTKbfcYazuhOU68UTgIFkzTBvNGXvlDCffLbZtnGuvRTNIZ94CQp
2021-09-30T00:31:07.463195394Z 457 Hajuau9CpBZktREcNDZJ9IiQfMWPe3r2SjKW6eyrp7q2DgqmrQtpi7sV8jd8
2021-09-30T00:31:07.466106490Z 458 8OpDSFCynObfFtPBxWsRbeIRgG5njqr6OrHhMjQw9on53HVVcpft2zkVNvSt
2021-09-30T00:31:07.469031242Z 459 8U8G0rEux0JMDuIrC8zWMhnfwGB8yhP6eKZu1wm19uCfHRVazrSfvBVk4jE2
2021-09-30T00:31:07.471704431Z 460 5b8DfRdYQRFzJ1eeTcDN31Gr2WSnWpnrUmlApYKO9EABUvDYtYPfYvE56eY7
2021-09-30T00:31:07.473620073Z 461 zMZi3g6GEctJ1feXKnRK76YezISk8rg8TW5lF6fYq8zrextUMxC9Ik4ZPQ5u
2021-09-30T00:31:07.475486244Z 462 XH6UuB4fafg2EetaIhqMJmrZNUIuc7YSZBZNZu6w6gnPFW3nx3C2j6pthUrh
2021-09-30T00:31:07.477311333Z 463 rB4SRWHY9qiLO7hlIeS670tBnHJU9DZFCUvwzfBiyeydfJB1OxiaIrasMp6Z
2021-09-30T00:31:07.479147638Z 464 uUN2dSkFyp9J6iMPqvDFMbCsK4WLD3kUMFWPR3OjcKBQyDHZrn9DUAXMxpZ3
2021-09-30T00:31:07.482015688Z 465 HZwj2MRYazEfnbnUGgJbWb7ow5NhauelCIAJ2gY9TN0SjGlLVRlLTjF830Fe
2021-09-30T00:31:07.485225508Z 466 mlf0rb7UBFBmvA1xEYrmcblo6q1S8ONSyd4BlRuF7Jv0yy4TdljOeAdG116y
2021-09-30T00:31:07.487216664Z 467 GSxHnXOOTcvM4SUvzJF7VDwBgtUP7rEoQsP87VoWhFuin6QcJGWrkfERu6RO
2021-09-30T00:31:07.490141714Z 468 cRwH3irPEnsezXr63Z5zob9sCUPDTydXVlA6GOc0MAAvRY3Y4rLm3kqBF8Si
2021-09-30T00:31:07.493183649Z 469 xnd6HQi1FqOhG0PAjo8IWuyEDh4sZeuyov3eAiBkBSN59qH1OuzSl5QWnoVu
2021-09-30T00:31:07.495972685Z 470 X5CHDhFS58wD2qtu3DlDY9F8mh3USVSF71w9ZhIVJqfYjBvvhCUJF85wk6vN
2021-09-30T00:31:07.498647180Z 471 JleOILPvuSjdpbewsTsAb5a3IDKYXaBg50dNYXflV7eFQDyWmPGCapg8a7hk
2021-09-30T00:31:07.501310248Z 472 qLIAXa3Ds2CJ9JLCrtB6uR19oVqzTzeOLTyoFXitVke4MctNVNfkRJEzu6It
2021-09-30T00:31:07.504173043Z 473 urEseighAnDLAotvCmT3W0yzJ8brTD8OGci2yFiFEBDiARzFS9OxFzPUQEtf
2021-09-30T00:31:07.506983287Z 474 iY3JIVNXQw9lztOc3jC1wcSb1OanJr1QDiofJZCTT2WGaImqjJ3VMUh9jM9k
2021-09-30T00:31:07.509916500Z 475 CvQ9CIoWhpI562XZB80WWiHLiBJp5iqtl51Yei3fYiaQzvIpVHgenMclKxHH
2021-09-30T00:31:07.511253937Z 476 FpZ7vUs9SGnHDFPaHSVFweKG3TDEt8f5j9MaizKCwHnZ0J33GN6JMf1rhcWe
2021-09-30T00:31:07.514062428Z 477 P5VleOQDJMBcy9TouRfjXHI99zfScfFkC92WViwv6wvLaFyQG8M3oSJ21ddm
2021-09-30T00:31:07.517115848Z 478 qbfnDHiqblTNBofxsvUD81g9670Fqi4omCeJMly6muT81G8wLULyu9UZpk5K
2021-09-30T00:31:07.520071426Z 479 cvrqfSa3ko4sGDX6XDQAVy0odbI5ApOL3zpbrtYFh6svBe07sMsyoGpRH4Kq
2021-09-30T00:31:07.522996031Z 480 SzkKtiuGx2ot84xLECq3oGzcfQGiLS2qvC7e91M6grpegTwer6deonpJR3RE
2021-09-30T00:31:07.525919805Z 481 8vUnYaSqzQ7I8bJcFEqPuEfVn28GT18XPLPiobZWZdW2UfCsvHUqjQFkDWz0
2021-09-30T00:31:07.527302317Z 482 eVG4f9bxR6ZYU6C2jbYiIDFd8ophGGeeOlOjvyRGozRYL5BJNnFsMNMeOz3b
2021-09-30T00:31:07.530096705Z 483 WucBghTaEJCdKVVRov6NU13N9AkYOTnpMnPRY3HkZrj9u7CqSI0nDhmE5mFw
2021-09-30T00:31:07.533202031Z 484 ukgItYx4oJMbEzKCrbWBbM9UK4y0J0xf8usTW2qXIG2eF3ESifCWGxSh5Snr
2021-09-30T00:31:07.536185950Z 485 3BkjoL4VaHVFTucIfpDGbxW1JyN6h9XQUPPkkIe6ARjuvA25NEbLFzBis35a
2021-09-30T00:31:07.539210010Z 486 7eomhGgeVeNhRWIYAd1Jwtz85SEjOKlIp8s9OKxAcBXR0F4XvgDHvt8vMIzb
2021-09-30T00:31:07.541937733Z 487 fYqHZChap20rujBWR9BorUxGBUXli80QCg3VCMGgscBdLMhzs5AS6UsizNSd
2021-09-30T00:31:07.544892422Z 488 4BousftkQEgdsr6CCbDttufxU7gOCzb0OqCAFbSjbbYo8veAGPzEKHv61YHc
2021-09-30T00:31:07.546317778Z 489 u0tKtVIfrqfyD9tja2a09KCTPFoYI3kvhnzd1Mh1t9sDcAB4fnctcVakP6kz
2021-09-30T00:31:07.549265096Z 490 Wdim7f8KATbpogA8zzjncNciFOzY94IkWdxzqnL6cdUfLuU19Viq7E0uSErr
2021-09-30T00:31:07.552248440Z 491 EcgtdwtplAo9rtHMZrkesph11No8WljdImy2sUXLGA0eER7Wt7MAyXGpF30s
2021-09-30T00:31:07.555205351Z 492 RER7rRv9ObynvpvXs8NyMS3LuQFJPLH2MFeuIpGWnNAr2KotQgAGD2ied2q8
2021-09-30T00:31:07.558078974Z 493 fipK6nQGDG58zGiHLwlYM7NkSNp0qUjwt2FcphJ2DMIUHLdxkFT1CVOLDQrD
2021-09-30T00:31:07.561290337Z 494 fjVazIU5UFjf67esYqWXGKkBWVClTR7XnUK9h7q80LvsG5twC9PcZBArzNCy
2021-09-30T00:31:07.564143392Z 495 3GZZptBck51ryYOgc6hO0OdAUX2BcKeJ1ODPCaqJuZg2JOsKZnn7HRiH5X7o
2021-09-30T00:31:07.566874400Z 496 ZsrDhHMjoZSccdIiWJIxZtXzqpW4QixSfnmoMyUHWV0ZYR4VbaGUTxJthmSi
2021-09-30T00:31:07.569362977Z 497 9gzc3YVthxoXx74Mu5btLjbP4GWmI01Pdz5rzoJJK7xk83579b6fHG3pPR3F
2021-09-30T00:31:07.571330131Z 498 jpMmFUIqWgs4rAqY55qgVyJdIaqr2shOumcmaGlxeln69HljVwDrAJEzXBFs
2021-09-30T00:31:07.574126095Z 499 oRapeDtbe5IdKO9IZOwiw6nytuNrKeX39gfJOOI6bmOZEEu2idj8LEy2cFPM
2021-09-30T00:31:07.577352004Z 500 runw59qTYTavdaq6OPhoVmfbcMBH2Dk9COQ4qGy2262J4KFIEOXMK39rOSgq
2021-09-30T00:31:07.580262940Z 501 XDzdWs24HdiTUfBuClEKDmTw8QOEGI2QOS9M0X8yoPvDprmDeDfolb8GchwR
2021-09-30T00:31:07.582187572Z 502 yIliX8FMfQQpqMqWTHdUxlMAm5tFIel3y15XEhZCLZOmm7oypHfMWIQ1kdpk
2021-09-30T00:31:07.584495329Z 503 B6Nq1J1bAWhW3J2lrbD2LnyCvmnXtD88iXHurh0F6CYX26DpbvamxlTNuSAv
2021-09-30T00:31:07.586307728Z 504 77nLFwMcemnnbgkWAmHDwWPuCbt3WdXB1A0u2p6DcfwYS57hy9SFpjpWc8tH
2021-09-30T00:31:07.588238713Z 505 RGYC5noMWl3oJVWXQemC63cd7qmchMRmnx1zOghK6yw48Qg45gjdBIoIC5bl
2021-09-30T00:31:07.590179101Z 506 CDsp8pQZwEceAJ2rcbeiz3NIflQrJ45EUrfCwy5lCNlOhb7yu9valVGqn6V4
2021-09-30T00:31:07.592813355Z 507 i3FrRrUjW89Rp0sXmGEthWjTb8WgbjlkRfCT6HhlMHuAQy5CYbFVMcue45s8
2021-09-30T00:31:07.595247881Z 508 MOJxhdTUdd2ycbNPgdUDvdbrcONWnmcPPxLOgRN687AoT62mvKnIOOLgWNJ1
2021-09-30T00:31:07.598231318Z 509 DpNXjyNFcXs3weye6YQdT1ESYvz3VXzvi2qXJjGqmTfquUKpVSpDA6ej9fv9
2021-09-30T00:31:07.601356862Z 510 0WqPrl19GIzAgvdDXgVqdV6nxa2SNvJQm7hR0GYCRcQ10vkSWPqS72TDEyhD
2021-09-30T00:31:07.603783925Z 511 B3VGFGLT1dSIyz6dWJFpE8W0oPSiwQpEyFZrgFzNlFiTQVRriMpSAhgAckPE
2021-09-30T00:31:07.606299064Z 512 UB3mmNy13dG8qZ0tMMeotTgtDpkt1u0k1UbEArCVqjKArFOgPxSm91cuOyFe
2021-09-30T00:31:07.609320864Z 513 69H2VTpoDHityGsY7P4RfpDCCSCilJwefRKd8V3TVdH8KhqbmfUrMRIIq8Wx
2021-09-30T00:31:07.611338045Z 514 zXeEYjZu3aLCAciIYvpmxUM0osiG1GSNohJBKloJIp7kFi1MuIVjat7mFOxC
2021-09-30T00:31:07.614117396Z 515 BJ4cNw6joQjsXeU5RgOEl3Jmm7qQyafm6VfV6aS1q2xv9Sru2uCNf6JZkDiK
2021-09-30T00:31:07.617298744Z 516 oOjTYwS2mZlCAB7sQ2KOGdnAVB73JJVqLuxttNFJMbHSI2oy3eKqKPbQJAe8
2021-09-30T00:31:07.620158561Z 517 OBgFVdExFH3iMF7KqCoUeZUmZAuQyb6jKhIrOhxWGQiudGwJ4JKz5if4bMT2
2021-09-30T00:31:07.622829994Z 518 CNmR1W5aOKCMn0YlBuxDqPszjmClqAl14WAePKhgHC4Vx1vJ4kHbfGxiiyeU
2021-09-30T00:31:07.625325090Z 519 bqRLwEDU2pQn0jWeg0835PrevMmc3A70EWPdcXO3IcXpLBVI2XqGr2wXHZdR
2021-09-30T00:31:07.627286908Z 520 wc4QPwlaCriBkBCPDOvewQVdSS1m2dZWSroiglS9DglWe0SzWl2cLqFzzVOt
2021-09-30T00:31:07.630005100Z 521 8LIaYL2qLRbifA0okeiBBHjLbaBFNC78OfD9o5ViCBY1gSW9n9QTHNiajaJY
2021-09-30T00:31:07.632348015Z 522 WBxibmg5ttbCbXtaXQqeI0rtCOuj2X4VF9Lh9tJcQRFlwRL1DLU7m6YPLW63
2021-09-30T00:31:07.635274106Z 523 bDaptoSkWPckx3tN6wk5Y77KOVrNUIsBnOq3olRkIDXgnyNs1D1WSmWfnw5d
2021-09-30T00:31:07.638263210Z 524 HdO9h0WfeSpkioujrD3IoY6K7uh30IMsh8nXuJt4PCgkQqHqX31gB8qoQtCR
2021-09-30T00:31:07.641478617Z 525 J0DxcWGassz0amfmpgbRh6I3pErac3fMktNd60ePVLBCgHWTu8n5PeqZjogD
2021-09-30T00:31:07.643455571Z 526 lrhKXw0lUuPg2deufvB0lrUMmP8JYEgdi4DN1MuCmZwjwv6JaI79k4fUNvtU
2021-09-30T00:31:07.645829515Z 527 At2qFNgAWXi9xJ9O2J1D5yrWHa3WFxtLpVi0MGvF3BUdWui3bOSZ2opdYL9d
2021-09-30T00:31:07.647350799Z 528 OBpetsX6lnu8gTjIOJYlb4ahmqtFARU1TOqDlulru5xbFAoSnUa3ArxKwMvX
2021-09-30T00:31:07.649456925Z 529 GZVbUoeUjtZjTavqXmXb0F8UPblyj6SxlIDVOkGkkrSSbZ4TgldG8viWkWu6
2021-09-30T00:31:07.652098630Z 530 kwYbXIqvhyjHtT08vNZFQgvLjmdQUrBMTyFg9k8FV6xGwD91J7CCrWQ9sgff
2021-09-30T00:31:07.655009489Z 531 3hxV9hIT9SifJ5XLae1WYZG7ZCnOXSvA9S1YBlycl0FOZtFP2hzLjbwRP3EY
2021-09-30T00:31:07.658309392Z 532 JXMmCm3M3xAnKCyt2ztkojLh60kuqBDM2246ChAWOJqj8Iycj68WgSyUu9vG
2021-09-30T00:31:07.661013327Z 533 OGefuLimsvtLLIcv7zDDpYqqI2fkQ3drTIHoAuVAZDiovJLNEgcHCoz1Lc6t
2021-09-30T00:31:07.662481132Z 534 1J1XMNgq54c2jzXwMooZAxHfbaBcizUoeE8d7H5aVXstmpFRS5ZNQ3aAiNg9
2021-09-30T00:31:07.664180342Z 535 VMdNrnKSxdkTpcLALSm5iRuGl1lGG3e49RcY4joU42EsFtcAOkpcNKGIvEmV
2021-09-30T00:31:07.666793716Z 536 I20hCROrvrhKtFAaruzaABblvTCtJby9i61P0dystLChu6VTs67Wr26suvAJ
2021-09-30T00:31:07.669136354Z 537 X3Y5lx6wEKofRN9YdY3GvHqjZVcLSwknWfqZDcuUguw8mV2JIObJosZgF27a
2021-09-30T00:31:07.671832673Z 538 IrglNtbDeChR3gXFX8RevU3rtknF6vAbHW2e6fPZ14mwvkw2BZuHuPGPhllb
2021-09-30T00:31:07.674199955Z 539 yC4aZPS4wjfrCEDAHg0lf0zWFgKw0mwr7P9XJB39R6OOzLyd4rzSFDQbVKbE
2021-09-30T00:31:07.677402149Z 540 3vz08fXU8mtHwqB4xJSSznNjYuOu5PSdWarsIOSCefJaa8J554igFDqh4eD0
2021-09-30T00:31:07.680132151Z 541 VBOzch4HakqSBjwTapoDGH2Mu4j9k6F1BUYCdqCYlgfBVsu9TCD8PwRURFdp
2021-09-30T00:31:07.683260643Z 542 uJPYumr8GXhVic2UM71d3nX8uVCSL6S1z5x71uozSJsZeclI85VVWzxIWsal
2021-09-30T00:31:07.686309743Z 543 y1SyFSudQkfR00YaunZf4XFTz76dcQBgRae7BAovx1Y55W173wt6JvtFR5RP
2021-09-30T00:31:07.689277498Z 544 BIgJXKJbnguPLXBQXVFjUZfrhZJDsEDJ3sVWwxwDOxKrPsHo27ruQbLGSDsB
2021-09-30T00:31:07.692162396Z 545 7ha3crVHKGgDsAOqjTAZj7H9JLCQardBArGOWhOfLdhSkH9xuaouAVIGa4s6
2021-09-30T00:31:07.695061285Z 546 FGqZRYGJCKl1Objxpd1cHNgyVjdousFHd6BGxlzlPeOW5yEmhOx8h4U97STV
2021-09-30T00:31:07.697824839Z 547 4IuD63TtGziD6reDgQH5BUVAW1BytcLcQuqVXb34WLRm6lRAsSEp39FMkQ8d
2021-09-30T00:31:07.700107369Z 548 QcYUC6oDXq6kXILGpdL5cVnZiQO9ECRl8IwvHmJEFHIDHke9k8y1l8qNeLNt
2021-09-30T00:31:07.703036783Z 549 WJpxeZWnP8TELjiJOTnyjt2HJopMj6s02FEba4xBP1753AVRrusmTb15XEXy
2021-09-30T00:31:07.704346992Z 550 Axa9sXkHpbJQv5Q4CbFJI8kZB57cu0ufbIru34zMnWLVi9Cz22zFQhahHSTT
2021-09-30T00:31:07.707237676Z 551 IuylPzWhbcSYKBQMuMi77iYSMNuATvNi3Xwalj4EsV6mnpRDGvPpEO9LigzK
2021-09-30T00:31:07.709816146Z 552 ncDkxgrMJAW33NTTH0xL5MS8lbb3FIUxr7r3hThfPYYfeRE7lYu6fL9tzcg2
2021-09-30T00:31:07.712132095Z 553 5K9v36UgXSlzyZGbzMyPHV4H4medHyJ2PsueC3yuHhYPlfLRT0nfGg5k13kK
2021-09-30T00:31:07.715006914Z 554 GKu4JUuR90BTR0TJrRrlkzK89hUyifrq2D3b23MQnq03b1xvUFb7P3ayo4Ka
2021-09-30T00:31:07.716224282Z 555 JuNzTsKKSXGs1sSZXPViLmoCyH19C3yWIVjhM45TS2M4BDzNDObR4P5L2PBC
2021-09-30T00:31:07.718207005Z 556 c7zrHOXyocl1e336WfIzztEBrvHktERhximQohHe5mcY4gFLbAHIo4phdtX9
2021-09-30T00:31:07.720645534Z 557 T98nKWxV2FIHmaZxhRvPHZrh9JWDbJ27ji8slWBUD6Is0UZNg8hAA6pc8fp7
2021-09-30T00:31:07.723258748Z 558 huUHbgv1j94WRhrTNSC3Qz0ZNNbnM49Q4dDsYfhpeUwpHmMekAx1hsMKNpOH
2021-09-30T00:31:07.725196691Z 559 RqztsLCy1ABqfhwLTfzjixxZS5Ix6zGFnTbfXcQEY8ggeyBGiWQ8g3dXhZai
2021-09-30T00:31:07.727821718Z 560 cZwfBhw3s925mg86Dt8QOz3TM9De3ftKtpWQenQfSYCsHQLe3tDbZCDUUehN
2021-09-30T00:31:07.730157814Z 561 DzIgRO9F73Nl6udN8hAb5vuap8TQBJ8yZfjcMYiu3zAV5JjjBFbhgBQngt3W
2021-09-30T00:31:07.732332064Z 562 aH3Enrzk8RGmZ6fsMgbmruHH2Vv06ftnOmUDzmOXlC8NVk2RNEg2qKlkPzoj
2021-09-30T00:31:07.735183905Z 563 QP6pyGldGiSAxTupwFDPFzEBWyO8yfXkTgqjgWoho3BeW3tcT263jgv2xMiV
2021-09-30T00:31:07.739425842Z 564 Pf3iIOVr0FyyBazY8liSHkh5RuWeT0v3C79mRRGiYEbUEDbfaUtNfl7tEmUX
2021-09-30T00:31:07.741255923Z 565 cUJIOmlWDMUk98oiggYSQuzJlzPy4mfFTVjZeNDwb7lkU1VKZwOQeUSB2dGH
2021-09-30T00:31:07.744020134Z 566 OAqGTgPYFtxvV5XT79cya5Zu4xB1LlCy5m0VjtTY3rCZu0QzJ9PzZaATEtwS
2021-09-30T00:31:07.746908268Z 567 8b70j8N0oEhiZ2bj5xPOQOKOuhStIkMXQOG1WIE0XnRyV6epiyA9BxQI5IR5
2021-09-30T00:31:07.749128443Z 568 bpm2T0SQYrh44KgVIm7Z4ULk4HcJ8dTDhAiJhn6d49paTFeh0xumBDmsq2qZ
2021-09-30T00:31:07.752024532Z 569 sWmmppwDwD6LPstDGm7eC7cVzFX0QNHNJ6rxGpEqu2AFABIrMABlUtjYCvn8
2021-09-30T00:31:07.753570141Z 570 0k0qzPLySI2ijIzbsfmS0T27hGZqn68MfNX0iKTlKpVHj8pTKTPUHBafysTC
2021-09-30T00:31:07.755314856Z 571 LQXyUSYK8sGTtIHcqCDTXm5mf8IkyKu5Pb51r4c3bfNEllrCmZzRVS4yObdL
2021-09-30T00:31:07.757934903Z 572 OKfeyNUFPIVdWq1FYpNvVZwcIhDGbrkx8ezzXRe1oAXagOJmRIroVzMheeTQ
2021-09-30T00:31:07.759354353Z 573 62Vpp4a1K9DbyZHQW9Stqi3gJYEYzwh18f0WfcsRr3Ex1VsPzdnGJAMA93CV
2021-09-30T00:31:07.761221355Z 574 0O6NHBqRK99ZqFIyWalki2LwggFLQqoh3fB2dSOo7RoCf2LLc4ZP26DVERoq
2021-09-30T00:31:07.763795752Z 575 awcpSRpOf4FeK3RfpXdNXg43S34RkKpDxXWnuNL1jvM3HFRP74sWJlwugHoI
2021-09-30T00:31:07.765280321Z 576 Lm6PhoQI7T5i7ikRtfrt4t9ETKrkv8qY5GI91ZhFa0gmItc7mk9vrtY3iNcF
2021-09-30T00:31:07.767899158Z 577 6nCC6KJiA04dhIr2t3ZtYFtgYnkeXSXp9LQpRX57ghNYb7ym0Gr25GAW8pie
2021-09-30T00:31:07.769436147Z 578 f0a93TorYYtbiXDs0pOt41H7aHwOpKfhAmHCIhM2CA3IpXjer06luTv8MpT8
2021-09-30T00:31:07.771228893Z 579 sTGsNG1Nll2132Z8UHnICG3fEVQPE3c5CDYKMbBJYg6oLetTGrAwAV8we7rz
2021-09-30T00:31:07.774309095Z 580 MYm8nobeBYEyqSHn6XolAiUJ5qRonoITdvEicvKy5DMe8G6639juKR5O5zms
2021-09-30T00:31:07.777042487Z 581 LWmEHD3LglVPadIXepxyZLI9mt8JzmXejmAZ5BlDRVpvAcvd5shcbNWAG5Xk
2021-09-30T00:31:07.779152725Z 582 ytrIiy9LAZm4tif6LZRUyyD15WyqMHQpvtZIVenHkCDIeCKFFOHfy9422cap
2021-09-30T00:31:07.781128387Z 583 cICFkDmCqksUAKq76TWF6zC080tNqUZTSvUHbkRaRs9Qv9iHxqRXfU9Kv8T9
2021-09-30T00:31:07.782892622Z 584 aVC7qgeOYqxqIWh3IVh8N4uON32vTqkEZicqpuHD0PEjvU0QD9O8pAP4JXTm
2021-09-30T00:31:07.784785664Z 585 Vb8YMd9lEMkWSBsyeUmJGutP7p8whDTNUsswUUG9RdseFfcLVRdSmngnrsmk
2021-09-30T00:31:07.786596565Z 586 v8BgjPOLNgmuf2PFL5fPB1RRlEpNngsfxFqo08qfgakqd9aAnVgtPTpKeB6o
2021-09-30T00:31:07.788509198Z 587 66QcAgra1bsBeGM1hDDLGYaFlRLGkIsUv1VMZwRUlOVUDt9TdfXxyyfdd5p4
2021-09-30T00:31:07.790926869Z 588 1nZzGqCkRMgZDZ0PtOj4IZEsf4GtIbIIZPBqySLGWT5GdSiAj50VGRjO08XQ
2021-09-30T00:31:07.793082155Z 589 kGiPXM7OjSmPynZridqHhjBkx1LCygPWRThH1lsGJgBrt5szgcu251ZcEi7O
2021-09-30T00:31:07.795811008Z 590 m1eHGb1TbYzE6q9HwQeFUpt9SLmnAYMEtRE77HVbySVUuCdugCqNjUJLSQyB
2021-09-30T00:31:07.797291172Z 591 UHxxl2UY8ZuPMsBDGknWtTNkYJyigPLNBBUHUwnjiVA04APbrb7KRV4RN08r
2021-09-30T00:31:07.800092736Z 592 85Hp0rlTXRmnp2JzPsb1FcVvIUnM7a28OrQA4Sw8M5UdsQiiC7TwUmkFZ8F1
2021-09-30T00:31:07.802578654Z 593 B8Z1ye8ews8OB4JmLsn6JYdmSG2wGuRuY8zX90wg5vsx3JNhWIkEp4ETvYSH
2021-09-30T00:31:07.804399115Z 594 zSLjMAs2ZLBulEFCriD837gO2DBV5NcOqJ5uxHmuNg1JXhBfWs9JsedFn6R0
2021-09-30T00:31:07.806310493Z 595 vxBm7NWiEaQD3d1rZRRoPIkldt81v8UQ8ec6LXvRG7cYSCO2sbwzh9PiQeUD
2021-09-30T00:31:07.808416944Z 596 6etCbcw1xUyEOYD2PHNVevPJYYaWrt8RgJErNNfO3vL9Cp21ZrrjnwY6iny2
2021-09-30T00:31:07.811008156Z 597 ZSUGI3ISSEc9joi6X3ZuxuryDG1NLdRZuAIkJTyF4thjM65EZd5jPRnKo9eq
2021-09-30T00:31:07.812304304Z 598 c2OAfYwUzIvmBSNYNMEoQ2MiMXZ78kIZiB2LgRNYW9DcDxYh60uUuk7F7C21
2021-09-30T00:31:07.814384779Z 599 JvwbmCayas4avjRF3qf0zzWEZ8B2ikHKygA9lB7qC0hfhWUr4Qy116p6eShH
2021-09-30T00:31:07.816989345Z 600 S8aEpfEyLy8dJrq5to33imSt3GTU5ftXmmoQ0nXKXeoAcg8lQoivL41KuOXP
2021-09-30T00:31:07.819869758Z 601 qyXuH8xhqiUyWrXSxb5UWqynXvFNc1MVrk3CXc2AJdkeY1maHGXmf4SGfqOU
2021-09-30T00:31:07.821437058Z 602 ibjLlOgpDx6pa5orFQkr9oX87FZFVYvZYFGLGqvIBqmR4gtKeMQI7Oq6oJOg
2021-09-30T00:31:07.824009928Z 603 NI9SOFQvYwPXCzJbuUySVWUvu6YlqzTB85Ag9sqBD5iiltQ66TJKSTdRoQkW
2021-09-30T00:31:07.825642788Z 604 L2G7x9UCYudO6ytjpxBoGB5Zv3UfBqtBSoLIVOvyXkrvvKorW4dKiqLtG0Tu
2021-09-30T00:31:07.828097087Z 605 5AHipNJRpMYPcuIJn6MQ5AjVr8RzHrXR5L6t49DAu4NnrAsHc2twdyEHD39x
2021-09-30T00:31:07.831001267Z 606 UVjD9deORJoJcpU9VlDBtteSSvBA1UftRa6UmNq1Ks20OIYKyX8wSCFoyg9K
2021-09-30T00:31:07.832402493Z 607 XoqGh1nCXrCknnjOPe2UnYGRC9581sqhINEPw2TGWewgi3oyE6BvMcwS7A05
2021-09-30T00:31:07.835267037Z 608 elpVDaHzgMHPqLWfcdi4MFrtQWu1LcsI7GyUdsFOJqI3e7JCnmaXsvaRpfVF
2021-09-30T00:31:07.838081651Z 609 xxkeBxQOAZXJ33NHbvpNGzLaW0x4u8Bs61TAEIq0z8D4rVCM75juf5eiraiu
2021-09-30T00:31:07.841116785Z 610 466zacdV4j7wypgDUdRHlZH1xuQ4J2VqMltgVfimeEBedh4xsUT4BBWphHiO
2021-09-30T00:31:07.842485246Z 611 7TYEM2mrK7vLZCtVjZ931co7ZkpAU6NyZwsebSkYsGdMqcVjKVa3abEeo4Ze
2021-09-30T00:31:07.844398059Z 612 omtlo0d1d4bmLXGx5mODJ6hzEiFfRELxSS0mwZI4den57ITFB07d6KbpRUq1
2021-09-30T00:31:07.847178378Z 613 2VqME1ogVCscPYshRiOiD4TwW4qqmvQJbH1EER1zVRELLUujCqiXCT4vB283
2021-09-30T00:31:07.848302390Z 614 tAzaKokuuYbdo83M4FgVDsl7bTpd0BSL4nS3Rt9b82ImULzTXDdzDZJNZgOI
2021-09-30T00:31:07.851209941Z 615 PcPd0t4FknfQyWuCstttes3XWDI8QALeXrEVWeClGdqpyNyJGKhTl78egL5O
2021-09-30T00:31:07.854254094Z 616 bOf8iip9CpqDaSlgMWajyTn8OudcczyjYtRosY7aDolNEIFOqx5WbMzLjrfv
2021-09-30T00:31:07.857052212Z 617 cuqpNjP6k6nikbgwqylUqIMlPcamoTzeziVXHsZbuNxeOB8mIyKDQNqXSA2D
2021-09-30T00:31:07.858444529Z 618 sBjB5ckRDOjuYCCIJKUpuh32rwQP9Fdav5L1iVGIUZBJZxDCW1U3ZM03MpUa
2021-09-30T00:31:07.860382952Z 619 CudA2gxuiI7yvOE3mld8TT7kzcQDuejl368kfKsFxVvVz3QHgCS4Zg6TadM2
2021-09-30T00:31:07.862440936Z 620 RpOZJFSdy8R18qXFfiXNkIErUh1ugAOGcxN0JxNXIWMcY9eDx2miNqdaAlr1
2021-09-30T00:31:07.864245117Z 621 14pJRGju2vEp1iJ8SV9Ut3BBLZ2GbjwZDDOrTxnxpS98TEHgfsacwT6ULylp
2021-09-30T00:31:07.867182597Z 622 T0NTDAqdBb3d8x7Q5wcEe5S8i8uCCuLlJIf1e4LQ8IDgJtygRlnzxsBFrkGr
2021-09-30T00:31:07.869990158Z 623 ReqJ3oxk2bay5CbWDzo7BnndnyAQFywGJBkNsHgalCQ8MZ9VylUh5t1ECb9H
2021-09-30T00:31:07.871579699Z 624 GERzaWxPYA75heKZrICSN0nkVoHo4VWbdomD72tDGMZSXR52IEl1dQ2W8nop
2021-09-30T00:31:07.874015421Z 625 Vy3PEt1xGmx3fA2uQkqcQjalTaPg85KZV47UUtLFfQjJkbjP9NpWpvXA6RzT
2021-09-30T00:31:07.876862710Z 626 jafPSqASG2i0WqkIHdwP0UddmnptFuEDZpnEH0xNaCaQPJ9XThC6vG9PZm4O
2021-09-30T00:31:07.879195329Z 627 zBnHIwwyGu11cqlbA8t8IpwIGB9ngHGtJxosoElC8T8nMmIgyLYtEuCc63Zx
2021-09-30T00:31:07.882130477Z 628 Ree3SQqjVEpSmBvXnDpAjLZWTMv0ok6GwLAv2P6oZX48BYOw6StmBghKeIuT
2021-09-30T00:31:07.883617912Z 629 Hyl1PjFgLYHl9NKSiQpPyNlP9lqKuBZQjusyHRUxFn7IlvXETxtDosqqpf3B
2021-09-30T00:31:07.885340447Z 630 l1RY6wnKCCWkOBTj15HGpwhUH7tHueftBNNfFwhZfA8MyLX06hMbabCDW1BB
2021-09-30T00:31:07.887236645Z 631 FU3NhYj8j9x08CjXI3nBfyVwkyKpgH1sc0gEkfL81qqJT1FGsxzC3MrE4ek5
2021-09-30T00:31:07.889944067Z 632 Dre5tPwtGwryqMaQ5dZ5XNpB9pYLGkfBF8GM8zXeoJA9EAKLGiLiameEfDqC
2021-09-30T00:31:07.896714161Z 633 1lgXMPR51bMCY6oMXzT87E5tMJZP709P6KlNJjzn8ZdHHgsKw7daRihW4zrH
2021-09-30T00:31:07.896748717Z 634 QlvtPC60esfQOhJ6WRdJQDKH8JKboj0atKifuAqpei1WxWaw5NR7hazy77sP
2021-09-30T00:31:07.897307730Z 635 VqHsxEzsX3E1Rt509oVC6duWc9GP8TZfbC0vT210mKlXpKhFKjhLmaTzTPSh
2021-09-30T00:31:07.900258163Z 636 h5AdatImij5IywUg3e9s9eusksP2SdRuSMlQex21CXfSYL85xlljRGx4gZDk
2021-09-30T00:31:07.902242876Z 637 ypVTlFspEx6MPG4mwpP1xmCOqkjWq1eJrJJVW5cb1675T4TcqvwpusJSzDrq
2021-09-30T00:31:07.905402533Z 638 YJKIrQEtlhpaTSFwMwOagcGyYczFSVCEONbGxDQV7qoK99x96e7FDLarYHbr
2021-09-30T00:31:07.907419106Z 639 J5TDsXGOiKS8OeWWQPtUsfz3o9YLy8PuDZbDqzHU9UCOCKehvs447P8YsQdg
2021-09-30T00:31:07.909583859Z 640 XzqFfahqpShIIBIclrJikkPoOPSb6fgDLoTX27Tl8E4DBWCa9JziKSF0ufVR
2021-09-30T00:31:07.911994958Z 641 GFOI8XOLk5OvNmM93BGPzHCjqu7Y1JmD77OrhHa4THdsFef2lNEut66FmAMV
2021-09-30T00:31:07.913661582Z 642 9k7DSjJ53XTsOFkAAkeVCNXu2aq7TBu2xtWNqv0Ilmnm8k4ruuvmdzuktYIf
2021-09-30T00:31:07.915881574Z 643 DwLtZJM1JjjepKQCQVgvg00nrNuV1F4IKxeRByO3ZeSBpPLp03fiY687nn2S
2021-09-30T00:31:07.918083669Z 644 R9qlmr0gHYIcdgU3O7VzAYyuK7DyFThGFj9HAj86iLIn1RLHO1r701Zxwc9H
2021-09-30T00:31:07.920342351Z 645 SqF4RQ0xtmeuEcbRKoc7zaOcsBq33fwOJQ7dGPR3dMJ9cL2TdCfRtNusQ0fu
2021-09-30T00:31:07.923084063Z 646 3KyvSH2nUv5kZbJOf6qsuMqnP0ZlsVNQ30ukOT0G5wlBidKc4oVt2oij1sIb
2021-09-30T00:31:07.925415108Z 647 JEUnIVNaTCdV3juH5Kswr4n9NXKyApSG7Xqiwrja9Kb3wY64bzn0GZ0PRlJv
2021-09-30T00:31:07.928229154Z 648 FfY2mdzkBNb7WpgXOjvC69XJE7BTka4SWBcHJKlWgrtRP3szah7gPrukGuid
2021-09-30T00:31:07.931233003Z 649 mFFzEV6yf06F8TicGExspOYS8bZ0IniRJ1AYAKZ2mtDHFc7OIScNllaLcfVz
2021-09-30T00:31:07.933981716Z 650 bvmzczvVBxZ8rMM2H1ow41ayuHE2mvSh3rtNAW0JBuWrfL7Gtp1WqxxmX5GZ
2021-09-30T00:31:07.936219944Z 651 pcpNlhB1W4YuXvMYFDM4AcevYGbRQamdq2CGSQxjEO02miWq2c1r0H15lbji
2021-09-30T00:31:07.939178335Z 652 fPdaf9SOTDcRZHoGGc9CITsZQbSTtTYjH4MRUktuOz4knOBTNGL2UBVRLB5c
2021-09-30T00:31:07.941361116Z 653 fCcGQg6HVvxNVEqpkRcPzkBUrSW8GZB1xs3gQUJ3N5MetrGnHQYOyNw7pBFx
2021-09-30T00:31:07.943494397Z 654 2g94V1bm91kXuVxsin3M484vcFl15ARLcXdTBrzTx8C90GZO70ocqxyjPjxX
2021-09-30T00:31:07.945365316Z 655 44VaH44BvnsJY9XnN7AUUzKrWvM9sYP2Q0xOKMORdR3fvaVZcgKnAznat2oF
2021-09-30T00:31:07.947359759Z 656 uyFwkwyXlNui2ejYclAoiqshQTHxTdIjXvubB7uOsM7G8gIgrySRnn8M2J45
2021-09-30T00:31:07.949586882Z 657 P6R6Mm3SciJGVU6vtwCvDSZhjCAgZdDPg3tzKx4BYzUBDRosm3HAbWeAspbG
2021-09-30T00:31:07.951294471Z 658 MgcxR4hGW7Bdp6sXYadgsdO1xqJ02kUiauRYW4ldhXtkwbdzUF8B3c2F1BAc
2021-09-30T00:31:07.954153686Z 659 o9Jm8rUuybptWgwqEn2ctgNQv2G93CyfNGbaxjYKGxHAype1UfqalXWYtDHK
2021-09-30T00:31:07.956203887Z 660 CkaT58cz5UJrwp4qo9V04VXzOmTqOOpWfq5wBjtxx7MfV4IEl5bEWBkBmgdq
2021-09-30T00:31:07.958313639Z 661 YVpr47qXIIQTbQYeIFeCLjNhj8mCty0YhglZSKZE6TTS9pww9pLLGuB7Lgnp
2021-09-30T00:31:07.961230181Z 662 VlDiUuzGJCCLHHANMvi5cW9EEYCot8V5t9XGRmRGm5z4IweANoTGKWyYuRZ9
2021-09-30T00:31:07.964223181Z 663 t880p5srwlqgB5NXvJ0p0Txeg3v0ckVvFWvUfd2EjBTMsSlZCg8aSe4EKonm
2021-09-30T00:31:07.966936358Z 664 qXIaiW0TprvjAxF5qqRhaVjzpTeDPf4P2Y9ko0zQgfm3pPg027nfJf9PVxtW
2021-09-30T00:31:07.969018487Z 665 fNWO18anm1AGqFas4hydDqkVWwqcHpEfVJ6Xv0PB23OMsDGUTP5MPEmUfGak
2021-09-30T00:31:07.971291384Z 666 K7qPd8ErWzRoCJjtN7t60Pj3nfG4p0sI2vp8X9KO0L79Kd1j11OA2jp7mfJR
2021-09-30T00:31:07.973283473Z 667 vg4LBZvqFedWa33L8YjkKGiclcuk3ce3gx2xoUcoeX9dDeBHbtjum8hRtl2C
2021-09-30T00:31:07.976122056Z 668 s0d0BetQxTtZlqTrBP7kakKT4JJJQ2VEbu2vrXsdjzxfnlyDot9tLRFE5Xej
2021-09-30T00:31:07.978290052Z 669 wnkiaqDJZoDhzQyRs4ECDTKkjUZYVgbo0fdsacpZU762K0LFL6FjqKSTRjv0
2021-09-30T00:31:07.981254904Z 670 YBWTsY17A3MPgXXh0aZgm7COgh2pHvgvUJHcOqcQeaTRlVd9rljZDRlXBSky
2021-09-30T00:31:07.984198843Z 671 IS8WxljnddpDQOCOkduxH2qJktx9JXXCzLmhRFOheSrdWacJfH0yBpyRWUYQ
2021-09-30T00:31:07.987095048Z 672 c4MewcGX81nmEtDtrkTS0TdiI9CHO2DOcjXQ0sN9PhJShzPqfsjjaKtvTvm5
2021-09-30T00:31:07.989280043Z 673 k6U5ge8VNguAkOjxMr98E1cEQmlRdbZ7bEe3z58XcnuBzaBBXLBBhSbpf8IJ
2021-09-30T00:31:07.992089785Z 674 guHQQWtsPDubFPHVOKb5tiKvqsynveRLYUdW24cnizaXWdv1wJpfefGpoTF1
2021-09-30T00:31:07.994240110Z 675 3Vik1QEK1Agz91Ymd84kAwc3AgGbmy42XgzbxzaoUKuWuZVbEUxHuPSb5obg
2021-09-30T00:31:07.997132788Z 676 NL2eYtZBPIxIFO9JklkuZNykSk50lSuMnIWqfm8xq7tWDV9NAl3OmwYEuRSD
2021-09-30T00:31:07.998220586Z 677 MDbjzPPRjvNnKdoE3AlTSsVX3cdi2gCbEN3WjDUMN8XGJJOFiMqr7yVFzmjX
2021-09-30T00:31:08.000979167Z 678 6dyokegirnNRinWIqw9qsWgYPqNSB5o1BmbU9g1bArGVWSFQqqBB24yObxc4
2021-09-30T00:31:08.003249307Z 679 kvOgfLGaDJCz30LBCb8VecVlmkiBCM7yJnQ7ehesEyAtBTkkaxXcbvzlHXbg
2021-09-30T00:31:08.005366952Z 680 NmuuwuP9U3Z8XV2cd2tiARJ6ybVIaUsumkdRG9TrKfC4PwysrjKRbnihkSnA
2021-09-30T00:31:08.008272825Z 681 UWrB8iy4x3eMCfqiHbjNdt1ksAkcfN1o2V6vtLqTCiJp2iYguWO2wkngC63b
2021-09-30T00:31:08.010565117Z 682 NeX2HkX3kFZGs2utqZBGwyL86m9sg22TnO7egeTzWHFxy6s349YDUQHsAqrQ
2021-09-30T00:31:08.012212391Z 683 OZgrYBRaUJp1DGxdIhc15X7ENewQlCSeuBpqJ0aQI9IIUoWGGWDejam5k8nd
2021-09-30T00:31:08.014992130Z 684 uv4eYOWoqjvCpvUOu15Mb9ENkEKGtinFTFklvA2l4CvjeJLUiq3AskjVFBiv
2021-09-30T00:31:08.017134993Z 685 434ny8Ky9Ao6iM9RWIz9yw2vM6RSM7UaockjKkxeIlsKB3wqgggdbN86xfzq
2021-09-30T00:31:08.018266286Z 686 LsZ8Mn8CnpLlTXlymkTNcxF3pmH6UZHwMGjyoqccgBDnPGmlCUur01gMca50
2021-09-30T00:31:08.021002354Z 687 6dRT0ptlXB9l9Bswdinhbm0DQgkDr8I5siwhjnJXjjwJJEYSpFMFUpNW8YUF
2021-09-30T00:31:08.023254848Z 688 GtYilN4Qprv3mJ7WQks1dsnekMiePUn7ZMuYgaF4cdfa1kmjY2PGBCYYNznx
2021-09-30T00:31:08.026136289Z 689 0huX0ZhOKSNvPP1QsJEMBKKOYzNoeKZhb1XYJKXSvoNztjKSNXLMTm7IcT60
2021-09-30T00:31:08.038919277Z 690 GH4MaHv4k78hOi1WlRkmTpcqZPcEpHqs4SFPWoyvsdkTfCH1hP5rYsErvYIb
2021-09-30T00:31:08.038960129Z 691 0G2fUsJHSv4tFHs3Ug6Uf49jWVeESBlb7c79pa4eQ1lIl5C2HMfUxzt05nGd
2021-09-30T00:31:08.040626734Z 692 LxqbnyXLMzTNS57SOmQVf5ocvZMuhFC3ucq7lS53VdBhY7WjZyNUzli5Qllr
2021-09-30T00:31:08.042325223Z 693 TMoqd8WZVfeRFOUo0URUz21MvLG64SHEzrnQAn0uAQhInOmlAl5sc3mkEv3j
2021-09-30T00:31:08.045241685Z 694 z8askHvViarmhrrTlpyFTSFgbUlZbaShPomqV5tm4IE0c8Xh1Wykn3wWR7ua
2021-09-30T00:31:08.048331168Z 695 TajVV5Tmb7ZBImj3XQE6czIg531JFu6NzmFShDhYOdVxTeNtgCEzI1IhKCJA
2021-09-30T00:31:08.050379543Z 696 o1DyIf0VIDefBb4rQrShrj190A50vnk3JmgYDnOyQI3sFV6xA5szwurAOaWW
2021-09-30T00:31:08.052361050Z 697 BQPd6Ia2pbCId2CnqKcNnKz8shSUEVZZbmHAyffOYzTTh1r7EbbaCrwQuEsw
2021-09-30T00:31:08.054455604Z 698 Nt5cEyVdmBM2pCWaih6QbqY3Mp3Y6ZTJjspd8se2qjC2bqnx37Yf8K9cexhZ
2021-09-30T00:31:08.056907628Z 699 PfOnWin0c24qsYoTKF22GmDmWl4zESsMGZFrwORvIH6wgv30biFElt8re6tD
2021-09-30T00:31:08.059279813Z 700 XhvRDK4HWHyet1WZr1SgpaOJnGkIYU4AnKYoUhFrUaOe4l7y8s3bE0e5OWDl
2021-09-30T00:31:08.062049522Z 701 miPukg9KByfvcIk1La5S123B0Rl9r2dpjhZmgQZcHFaJGjHEX9rpcPbczxPO
2021-09-30T00:31:08.065145135Z 702 G1yKaEpGONQlBTKbtxcJkYWy152MLat7Yx9kNK1akuF2ZxadZ8uqOJfFYxX6
2021-09-30T00:31:08.067011840Z 703 1qVpjP47D9XGOqyVEqc0J0RkJ5DapCs3a6XW17WHI0assTITUUhb8zfIZGRn
2021-09-30T00:31:08.069312103Z 704 ny3qnIY1Q6YJ17TpjEvTU3ymxWMOKns46hjxyNzirzDh33EUBxeLXNddAVlx
2021-09-30T00:31:08.072436169Z 705 DiNb5AUUHkX64EyqTvLZiCTM0fDdyJCMvAXhvRX3If2v1WYFD83VIFu3uyAg
2021-09-30T00:31:08.074395841Z 706 IPXfISDNwEbkWm4oFNiM6YOqlHikAQ7IfQI5nfOYci33aTwfzHEGwtvD6xG1
2021-09-30T00:31:08.076373175Z 707 jbShxxtPLmw0mGoul8ISTw8cTfxKGq5PvP1u7oOGKg211MB3nnfR6inq29Ai
2021-09-30T00:31:08.078615462Z 708 zz93wBHdfzLDOqGF1Z4lfVGrc5MYWIKsF5cZb3pfauoWXnjWZvDVWCbzVyt9
2021-09-30T00:31:08.080989739Z 709 ckvm8Xm2Qf3XXDPiekszZaBZtWdcAwWiUwG7QF52Iw3yayDWu8YVcvvdRZiu
2021-09-30T00:31:08.082357709Z 710 R9vehdVVVmUk8f2osnmJHyziUyxjREWtfYrMq2mjfinclnkCK0dn3QzLaaJa
2021-09-30T00:31:08.084714414Z 711 E7kC4XUTzvik00yQouEDFjc9skVdiVQBqxx8PZTliggkpl6Gmt03I8FusRty
2021-09-30T00:31:08.087080485Z 712 EyIurtyTQF2gcJBpZ6GSziQxFwon6zvMck6ibfTUuZMgGLUJp3ZUCKhnbQux
2021-09-30T00:31:08.088692074Z 713 bDnwj5IgCp3NOUd7xIkpSrtxfmUWCXCGubKDAHSh94weIORqgudUXw337WtY
2021-09-30T00:31:08.091205473Z 714 AAhyjDszYxQjIHzzNeLCpq64SOu77bVAjdf4m2jv0zOcHbI2xv0TbSmvKykG
2021-09-30T00:31:08.092784293Z 715 FXvHtZaX8CpacWHXfJoHBWHl6OQC22HBgoRBInQHRrhE14esJ54perpaY5RE
2021-09-30T00:31:08.095057163Z 716 yuV8P3ledqRA3PLkJxi5Z5ILbPrmmj212d4FK43iVueo2O7NHoHDhgF7jmFI
2021-09-30T00:31:08.096506549Z 717 NCuYUYdSWyKLotIZsdlmiXlQA1oAZNxoofi75IJ99zV5gPguiW4X9YoOqxlq
2021-09-30T00:31:08.098462858Z 718 NxNOEMIXXMSnNtZMN1CiWYnbdhvLodoXY2Y5kX59o3GfBRq3PqNeyrMhLxww
2021-09-30T00:31:08.100268648Z 719 DlywTUFJMGtpBtpwouPUCUSF8Q7utAxflpgsqsAcF56JaTeKqQdlmDAlUS36
2021-09-30T00:31:08.102374677Z 720 zqcpRUM1o7xXzvulwMuROVECCJNgqFPfkaMlrcMPoPo4LbNbjuGkDC4IyLzx
2021-09-30T00:31:08.104664036Z 721 jfCA7EUrT4IBAcooS3Buu0c48mk4KBVScZqRlEFtd4sXlXoP4n9QJd20JKuO
2021-09-30T00:31:08.106368781Z 722 9C2x7paRnBYmfdAFnwMNwEeP84hnfWBqkv1TsrErfZzqssPEExgaMzx3ZwuJ
2021-09-30T00:31:08.108236611Z 723 Kdqv2f2krdOydgRhsKAFSPF1YOt332oVJZjrjte04tacW0XIKXomZJKyfcYu
2021-09-30T00:31:08.110276671Z 724 SWhMXnwd47CzIHO21oijW0UFH6weU2Vg9wjlw8kpZ3mNLd74lya7Y8vVvQz9
2021-09-30T00:31:08.113564622Z 725 5HYVclrg5SmIA8GInNPunDpJRsavVZzjyOrb6zQcvpJB5a4wdPz354VgoB2r
2021-09-30T00:31:08.114735250Z 726 8qiCT3xJw11eoyvc7vcbPXGGT0bm07AfErvgwhnBMamqdGWir0B3Osq5RO2J
2021-09-30T00:31:08.116552175Z 727 rRGsvVCcF92Ae2pYEL2z6b3pJj0BBJImTVUNmi98pQ0kXnNmdbgQDVlTEDYR
2021-09-30T00:31:08.118316936Z 728 EGQj6qJHvmIxS9UtV1T7ZVcFR1mNirK11VYdLJyatIM0NnaK24rfIYbp3kd9
2021-09-30T00:31:08.121325976Z 729 XJ7KFbrKEW7YmGJW6HyWkxNDudJ7tKzjTjrY0OPEOmbx9NnSPgct0GIgmh63
2021-09-30T00:31:08.124132092Z 730 EBqRiQ6L3hx2r9wmhotGY8vo0Zjn7X50PSXM6VOES8Mgd246wYAnW7UxgiOM
2021-09-30T00:31:08.125949111Z 731 5OkvGAAU2kBfG3Dfb1scbkibjdRoA5OIMCgEavArOG7WLNQz6Xcu54O3IPqC
2021-09-30T00:31:08.128025690Z 732 N5OjM5vOgQzk71RMkq4sIrMX6WfZ7OxlQ8qH8Jhyj7fJa3QbcVcokD6xwzM5
2021-09-30T00:31:08.129986939Z 733 cVHuBHrpit3d84XApGjh6wkxoPOEtZ9a4ltAS0E62norXTEnUjVo1kZ5jbkg
2021-09-30T00:31:08.132180782Z 734 QaVcgKKbSsSWwDsj5Yja6H0nMQ8XihYeSZyQLdNeewlk6IEpPxBKChbD1FSY
2021-09-30T00:31:08.134934264Z 735 NrHVb7eDoCd3Mciaco1YqJqxSPxvkivNfoB3PQED4LR8hewMdiPRmEq2KmoX
2021-09-30T00:31:08.137279520Z 736 xhCJMERS7qIrtpDmXFlZPEVLpe1nvKAqmWHygvAVC4a4dzoukSxI2v7NOvtP
2021-09-30T00:31:08.139661327Z 737 t2TBp3QdjPjgjEr7xBUPmbnrx2Y1UdG59ijDLzBheB0lTwTeWZGFIyUlJjd2
2021-09-30T00:31:08.141872439Z 738 VqRzJAhoiKi3T0AbcCACp0v1eaukJfjNgfBL1MVs8GGEiKMzOwCBqxblS9Ny
2021-09-30T00:31:08.143976463Z 739 PjQ7GHjBkrDUPbA0Er41yIxwtKzgRbxZsSMqIHTcrg2ULHJqoaEJXvslMCws
2021-09-30T00:31:08.146157586Z 740 8eitS99vwBPqLuAWNbVLK0EiBomTtGlFEbadLTRJvNgMfNopDQnoiZ2NQG30
2021-09-30T00:31:08.149135585Z 741 6qkRkD7S8nllu84l14kRxSuwcxwdxmIsYudPf6BY9JvwLMzfG6lP69dC75HA
2021-09-30T00:31:08.150732148Z 742 A9mZ571FlQzhMFJDq3xYf4ltQnlRyqoW4FrQuAOQRSzcHA2ZUl7xMFE2500F
2021-09-30T00:31:08.153729641Z 743 Yf68Q9CkeReQW5OBTzXdaReLes2U4bbqJDxiGNT2CJbyPK0SW3O3DYiddrkT
2021-09-30T00:31:08.156047225Z 744 4oQahUR5TZJp7E8y5TZz8x2M0oJ7Z1ZacBlKEe7ji8vyU8ZLewFepOoOIpRM
2021-09-30T00:31:08.157565656Z 745 DXOskhK2chhjtVw9IW4c0YJUDSKwAdCTbRUkFshiJrTbXvx3yiEFfq7c086z
2021-09-30T00:31:08.159617390Z 746 DEQyoLXxBpRW5EUuWxzpTNMJwm9KCY63xZDH5Le7k62HiPxD2II0EO8wK0hf
2021-09-30T00:31:08.161538840Z 747 6sd7E6pEJX5UAGxUgX2NqLm64JkerQRHhgMen7ySp1zI3tiUFnYs79ualVYo
2021-09-30T00:31:08.163887830Z 748 SZMU7ubKY4CBfAEMUuuQvG2YAOK9XtBYeChWQvYOk4HSdTDHrNMOm9ed4v8E
2021-09-30T00:31:08.165519702Z 749 8NCynRvdHijYJcLU0DJUsH9bkGC5jxTJRGmJNqNMm4TMMSs3xDlMCFLkQOJ3
2021-09-30T00:31:08.168192361Z 750 jjsiGogqBFhYzykzceYRa0u4kbF3lnUv9ZI9CmCdcaC2cqfb7CE9fwfDTFiD
2021-09-30T00:31:08.171199259Z 751 bTe7SRI50XihXyez7OVr4zKaVZ7BB5PIFe23uOEENRFjGkzLrCG7BtphuoOp
2021-09-30T00:31:08.174268683Z 752 Rg9WHeRB19vCVqAaWTqackm69epAjvhziBnNMuCd21FPddwRZIDCiXhGkCig
2021-09-30T00:31:08.177474846Z 753 ohQRZ0oM71chsmbAIqCGteOCPK6hL8Q1znkuXGyfzhbii25l2h66HuxotZ01
2021-09-30T00:31:08.179875249Z 754 coTvWNtqRvRR1OKhhRTI4nKpVkhDuySBGuzOqhef0w4anvvSX3nJCydoTzWD
2021-09-30T00:31:08.182152872Z 755 RHGdJIW2DGbSGAHFuqjG8DVXkmRPeT8Iq3OQeLFwNEUUKcwDqyfKXLQIhgOP
2021-09-30T00:31:08.185047609Z 756 n0JjqJxsykcswEXO3KvsJRn2Cx1RU9VOwFIvqlke42en6ZoQcTKLNuuxjrbx
2021-09-30T00:31:08.188095066Z 757 M1XuZcC8xXFqhBlbPBW1rASwpINIDOf7o1MImUJkNGFwonHTrwi6mg1VxZW6
2021-09-30T00:31:08.191282109Z 758 Pm2TT21XpApIS4aKt7wpC0h70ofRUy9twm3ORGyNIIrRYHX00jgzcjuTv4l2
2021-09-30T00:31:08.193627070Z 759 i16Nx9gEQeNKvtFAOeDDWhmcoolQnHCSOd469fArXQGFX67erqQadkZJZdfQ
2021-09-30T00:31:08.196293886Z 760 XGP8eJ73RHtQh7Xwb6BWlN5uUCg6hRFtlf7vZDqiofBgITyY8bNHrb7zc8wi
2021-09-30T00:31:08.198571604Z 761 vzyifgiFDkiC5KakQV6WPgWbbtybQxBJ0BVOEYQvIAz2uvlb0BcixMYdxPwG
2021-09-30T00:31:08.200772136Z 762 32d9O82mxeKqb7iCKXHBOAtX1rnvYVkyfOjlWDJI8a8QPhoqAvTFMHYcsev5
2021-09-30T00:31:08.202868567Z 763 YRAAh9qwYw0ZWuIpq2DaspngGDEZKcIVXjxJFYkAcNgziiIOX7yJ5qAxJUKf
2021-09-30T00:31:08.204316410Z 764 6lhGZPPmhM09dWzzwTsN21nO95MYVy6IDt604cBxXoEXV9TFRWHVm5jnxF2M
2021-09-30T00:31:08.206410346Z 765 EoS97gxCRehTIhkm87IeIVgelGG4jp4OG0JeuJgO8Q9kpc04mSssGcfAnklZ
2021-09-30T00:31:08.208676710Z 766 FNHJmzniL9mcytzbx4DXlK1FxCbqBjAK7I25jUD9v0ykVg06T6cpAs9wgi0G
2021-09-30T00:31:08.211006232Z 767 91N12tXzJDzDt60kOv8idAAsX2JWKxndrM4ChBKe7t65IVGbQfVg4SpOaITu
2021-09-30T00:31:08.212371793Z 768 w0Jz8R2HqNzwK55XtIom17vzqWxxyFi1BXCh0ld0JxKbctO5exR2hU2BZrLa
2021-09-30T00:31:08.214702837Z 769 oq1psNY8xuxkgJGSlQCJGliW7wz8A6kHGQq52FlM7WKE2xejyOvg2nMVIR9K
2021-09-30T00:31:08.217121603Z 770 bOMZs8n7Z8L0u5c9gQeWnCTPHgHk51hhJhXYcH3qOAZj33zIjVkBOykJUwnX
2021-09-30T00:31:08.219188189Z 771 xCI4Ug5e4DPKUj1p5vgVUuaHlJaNcTsai8DLyhkhiMYeoL99dWlzI3YSiDeW
2021-09-30T00:31:08.221594591Z 772 e5TjjG3hzF4c5Det8Dl0s6FUq9vnoKr5uv17OfgNpmRMYFkAzqxB5AUHJdsN
2021-09-30T00:31:08.224234709Z 773 mB1GXiaB3FxYIJhjlLlJnw1J19Bo9Cusegh2LAodLODv5I1RDjUQRu4nGCQW
2021-09-30T00:31:08.226520023Z 774 tesitLqOWrpO3XMTWWvNNOGpWT8hWGuqUuiLRMkwHS4oLcnn7OBXKAUZEPnG
2021-09-30T00:31:08.229087292Z 775 Z6WG4udFwMH6d7WMjOmdC3NOlOsHdjH3WiF29DXb6whkuuZULjkVl0WGQOoU
2021-09-30T00:31:08.231259330Z 776 aBnMHCxuHuyQrrN6M1zZt1SqR4xXyHEFZWKjUzf7OrGz2ZBK6vyOe7PEhreq
2021-09-30T00:31:08.234239901Z 777 AeSnVm5SoTNSDYfnT82YGuRWUT6jEUH7RpkcME5AqZJhSpCf9xHGWkXplAgg
2021-09-30T00:31:08.236273749Z 778 jy4K47SUgGwTWqhNVuBWSxhy8WJFgUt4AwizsBaf0qbhc2xD27rYFp2vqX3H
2021-09-30T00:31:08.239017465Z 779 Mzl1jHZMwv85P3GCbQdm446xdIg5dMhfltbHLHFrSOfLGS37PHnRYpf5lz6Y
2021-09-30T00:31:08.241215921Z 780 qtBdUnoAzoNeJ8lIh1ZY6ogWDWngoTIMfT8gbiCRY6BWO1FyVWtiod7kHG8j
2021-09-30T00:31:08.243878018Z 781 s66uAzawMh6md3loJJajtzEKSuZVpXvpxmuSbp6SRhhhjLQaUiD37HCTpDLm
2021-09-30T00:31:08.246050146Z 782 2wxq1XeZgwM2toMr3N4f30Z5o5hk3m3lxReuz4mqhZcrzcxrh038ROERe0ru
2021-09-30T00:31:08.248217816Z 783 YBpmOpTDQiI3xHitTdAWZLLwa4EN2wIXx0mqZoDLuaftcYjyxO8xdnEaFqNS
2021-09-30T00:31:08.250987129Z 784 GCWTUI0OjbWl9ssXXcT6Enp9DxvuUnAolzJ4nhXEvewdFJmfWMzfgfhL3PSx
2021-09-30T00:31:08.253298711Z 785 WPVGOKGGkTt2vGQycyve0lrECVoiLI7NgUpmPLQI0aLYqLOn0WWiMu4B2i9r
2021-09-30T00:31:08.256255854Z 786 1u6gkVNZF8381Yty1FugfxtuD7sH56n6dnv9fX27GJP81XR4SBWgXRVCLZFb
2021-09-30T00:31:08.259233727Z 787 yjMWjX2lDpAyL5ZLtrBNUW6ADlr7ziJbtQ3TDr9gf57LsS6whDJSulsugoo6
2021-09-30T00:31:08.262214312Z 788 MSWsb3f9zTx89qr1WG17VZgoOd2que9YAlorFT2vK0zRjqB1rU4opOWpgOeN
2021-09-30T00:31:08.264938005Z 789 Ni5mjjzkxyaZH7i6LnoOI7EeUmRTvKJJXiliELgHD0pJVqhVWYFacNe6Q6MK
2021-09-30T00:31:08.267145599Z 790 mxp1q6b30yLjxTqy5RXfTTHd9qLsFqEwyh4rzQYVnPPRxtSU3pREGhgZzsnL
2021-09-30T00:31:08.269885265Z 791 Ducv8KVzAVAw9vCwsBCAtf0ME74yqpWOMZwoV7B3GoQqxOjfqbHOMWT4cx8k
2021-09-30T00:31:08.271553789Z 792 X07v4Oocx8teaiGD8GsgDQAs3dHTktqPxaQzesGtxAzB8e5zHKWpVJmQjrlX
2021-09-30T00:31:08.274191442Z 793 a5nlTMqLGxQ6Um6mrVpvuJgC2cMik99ECjRxvAhnOoqJA6znbCECaDMeg2bX
2021-09-30T00:31:08.276205327Z 794 OyXzQqmmtpEQNAeYZaTdbr2NWF6zei1d0fIkXFtuEpuLL2tgFLY5PlD9Tqcr
2021-09-30T00:31:08.278404766Z 795 wlXMXl39yxoBjp65mgh3zN5jlN50tcecBw83xnCinWGJ6rMasJW8DtXiKAGX
2021-09-30T00:31:08.280531084Z 796 FnHEm5I2frrpZctiH6cwgitasqksr1YRA95R8NwLYVnvqXXTc0k5X6wC7zD3
2021-09-30T00:31:08.282319316Z 797 AdUC4LQ9chkXR76xC6k9Mm7ItJQU7wUWHscNGxTar6QzXG1QmtZlomXNiyI8
2021-09-30T00:31:08.285108249Z 798 hJ94opjXFe9gN4in0x1nUzda1dzCp1uRxvjFJqrlFFaV9YAHzo3Ao0aX7SQm
2021-09-30T00:31:08.286517727Z 799 khtGK3azWfMVLdEPM1nO4DUaHOwu2vc7KVkFcnzGisBZP3KlbA2OZQZ1vmRE
2021-09-30T00:31:08.288776728Z 800 bZMY3OkOQGPjgrmClLcgXogeMtIIfBB3wArzmr71CSfE1UWoSYQiK4TB9GGJ
2021-09-30T00:31:08.290171772Z 801 udKqSioheEdCO9ppmCaD0NWXid9r49kFKjkqqroLQ8hGMbvFj0XqEzjbi6d1
2021-09-30T00:31:08.293365317Z 802 OobxdfNh3S4ZIPjDbP8WgTHC8W8dB1hXfOHpsBqmbB4dmWWC0LsusBwgbhJh
2021-09-30T00:31:08.295978762Z 803 YWUkBRq6KQ2l5TzSUG2Bp97OQLR87dGC1AL6kmqEKXo0InrcRHGdsRf0t3Li
2021-09-30T00:31:08.297771960Z 804 Omrb5cUNT8yXeAkts0R6fVALARLUh1QW7XRIHolAPuPdW2XkgXE1o3Q2fhZH
2021-09-30T00:31:08.299373189Z 805 R6vf0PHX9YbGF4SJmg6w1hSiOp9lWTEVpbOUkLCq0M61amr3GjisxTrNyevb
2021-09-30T00:31:08.302024665Z 806 EPzZZpUJfpD7kgk4aOXUTnvF1OjxzxOSfYvCUXY5lr5RlcxualLiL2EQSHJl
2021-09-30T00:31:08.304127902Z 807 CbHJuLtrLlYAZ3MMfWZrpK4ypx6ocdhWVm56AzERSWsbrTijJJrTFG2QFqFX
2021-09-30T00:31:08.307051298Z 808 Cwyo5cJKQpSpm7xWbSoerMS4sC64QcyrJQWsA3n3nTpKaEkIOpvs9fbfpVvv
2021-09-30T00:31:08.309995983Z 809 xZwZzG0nVhK3a2TdmzvVh0HFusVOCSnL2IieNXiUQ2T1M2IU78PEQNGwF2E6
2021-09-30T00:31:08.311300357Z 810 RKei7Y7xoZDsg3MmSLZmZB2l7dGqcEngYzskdYHZwjmZrPLKxFTB70pUWnj1
2021-09-30T00:31:08.314075061Z 811 nsawhtLUf9p3R80HpMcA4wpVbMAPFnjpZNZI6TMUdsNn3c7HIXUPUmuBAWDt
2021-09-30T00:31:08.317028021Z 812 8hr8C0U51Hi7UHYcJHDejXIoF2GSfVoyfwtYKPQzpzpBhGDi2txOEs1pqZUv
2021-09-30T00:31:08.318703738Z 813 RJc8nL6GC31LCjqMEF3Tm3lu86ARApi6IbClJPZtCetCn67lnsYKbexpMTN8
2021-09-30T00:31:08.321555222Z 814 YA424anM5opFiUnQIJzZQWZ0HQRI26EmNiMIldEvYLfiP0ocY4NKChL56LiV
2021-09-30T00:31:08.324171689Z 815 JDJ5z9UAUL6NG82h9NpKETlRnbzllEGivfHeyzz2YIVQf8rseWOMjkxoRseD
2021-09-30T00:31:08.326267221Z 816 iPtpHIBDdIDfrKOhr66HmieqcYjFx5qa0YRQXyKpBLJ6YF13ikoAREB5gLyK
2021-09-30T00:31:08.329102667Z 817 GX2LRWoUxRxdUzalpq9KlTlTDzmoaEJqegr3Lwhh0SpT2WQYjuypV46wBbr0
2021-09-30T00:31:08.330841950Z 818 Ncr8eniQ60bDHw5ZOKhInEtkgoJno31bVgyyvr6ZXZSv9VO3mTeOYtlxcxIB
2021-09-30T00:31:08.332773368Z 819 K88s3Yg529s7ZzwgWbFmrSzuQn9E1GlqJpu30GWCXqee0UMLIveiSoKhkfRv
2021-09-30T00:31:08.335102056Z 820 0puo2rqQZtgI6UtSZqXhNeAdAgeSYeOi3jyioNH7suscnJSHTRtmYTzNuNfO
2021-09-30T00:31:08.336453806Z 821 sSXVWMx9jdCYUEEs0LFAjAjySwdbW7GBowyiQq6HlLMAHdXvXHZMymsa0Yx5
2021-09-30T00:31:08.339296415Z 822 0IYvP9Iqha7rhvGJmsDvWMQ7raRVzgnDWtNM2m8NWexK3jKYQpeomuN2aVOD
2021-09-30T00:31:08.340490562Z 823 ilWn4h5XCMpxopV1P0dbjMf7sr6sVR5NfBJc6xYgMitAb3T2Rd3nhBYfLuhJ
2021-09-30T00:31:08.342318384Z 824 kvo6p63B6yJF1bbkN7gRdnHBiGJyvRT6bC5biQa14NbhWXiuO6IcpJnhnLsV
2021-09-30T00:31:08.344968031Z 825 q4SV4SeSPS0RrCP4UGmgU4dON33jYYLftfaZUjwy4MVhrfxDpMg9WTNiUUZQ
2021-09-30T00:31:08.346911122Z 826 3703SWfo0BoRz2XW4x4rpBskAZDqkzl1emUvnrah5UVKbL12LowjWzFdrzbG
2021-09-30T00:31:08.349256850Z 827 oCWPvZfCqDJI7xrPCOROWpm48kjBnTL3uDHoqIyzfuhZYkwzvqOO9PNfX0Sf
2021-09-30T00:31:08.351323022Z 828 eGUgrAPGybfLrRrbf0eshh94Ob0ofLurC2tmxT4wmT36c2yDz7yBqekUJ3OR
2021-09-30T00:31:08.353376294Z 829 YXejeWNpwVc7ewD9DEqVVo7ec2eG8pFGRJZZmDVS0SJPwzxI4vAirkycjg75
2021-09-30T00:31:08.356427210Z 830 d4FtMUxFUTnLNhpFVz580MCq2crg10wOWGxqE88pHZp1et9adgeotZ6q13X1
2021-09-30T00:31:08.358485081Z 831 i6Ia4e1GZJe9Ei3Tin8bneL2Ds0EJsOWRQB5yUA64w7e4OQcyBzHYPvcZW64
2021-09-30T00:31:08.360213594Z 832 PNe1cjNxWSECtshvkQvxJZpRXDY7j2g6EMln0oHHb85QTFv810NKEh6oiWuI
2021-09-30T00:31:08.362604182Z 833 RnYEVDffZGfKkd2RYPJHfC5PnR0KWWuNhthUwyIuel3YEluhbI0ZD4fbGecz
2021-09-30T00:31:08.364157184Z 834 1lS2b6hwpVGoOr5SBjbL418k4J9GKEaBYiOHJMfbN0HRwFN4hGeMJuWSCjVW
2021-09-30T00:31:08.367096150Z 835 wST9I8j23Mn1TLGptjwYX6WW0jUCEWRS8RNP7HxWfn6Q0K66xheuqjeA4m0T
2021-09-30T00:31:08.369730923Z 836 ixDrdtGqYhzj5yAYlswUyJ0WvhksT17qc9Wvhdz6FjobsqEqWC2EV9prFLDZ
2021-09-30T00:31:08.371432787Z 837 5bS80fhDNbdRMNTDoFtxPV68B1lEiCWnhsRifmUAs3if21bwjV16XQgF3EQr
2021-09-30T00:31:08.373760434Z 838 gqhBc9tFG5YPiv8vWPs7HUJXHtR4ggdeBNDi3xGikrOHu15IKkVFv6JQLbZa
2021-09-30T00:31:08.376880702Z 839 FUq8jmhf8wfAsPc5w3cyAM5KTQUwKj9o3S8nfYz1jf2TpKRjKXT4spJhHp2F
2021-09-30T00:31:08.379015078Z 840 NmIu2Wc4yaRLOXLG4AdqusLKbauMxA9l7arAd2aQSc239P729dLRrnW7PkK4
2021-09-30T00:31:08.381517060Z 841 9QN3rlse3SLCsXsbKF2rLWhuK0Jw2YIVpmHp7hWKkIo8s95iycekb1LM4G6C
2021-09-30T00:31:08.384070618Z 842 PZ6hTMyQJ400yubT4pxK1XCVbqKSLtM2R5bSZwgwYpgACO0qKWOmxO0vMFkj
2021-09-30T00:31:08.385592100Z 843 AbFVQVErwMfQooHABwroIc6fJVAIRz5RMjDpshC6Sg4pXRyt5UObeEtBcI9O
2021-09-30T00:31:08.388158183Z 844 c4nG551sBm8NCHVOJO9GAKlZwoLqJ3Ztwf8MquEeBRL1vV9OOhIt9dwDwvGj
2021-09-30T00:31:08.389267833Z 845 zdc7ZEWZcq7kcmTo8TbssRuXUqbC5nRQXUcZnuiMWfZpFVB3TaEUj9Y34CmG
2021-09-30T00:31:08.392932190Z 846 1I5qlfeVKeUYhaBixcqqoxTuDSu5Cm1EPD0gF0aOfAAG9WQGggI36caB9vEg
2021-09-30T00:31:08.394901153Z 847 EI1N6oxas6JV12FDScyB2JI60eR4GpN5OIamDvv9Insj8dNp6Pi4ejvWNMkB
2021-09-30T00:31:08.399090077Z 848 JULtaH0duRq7OtIhKKJMLVx9Vs0q4VSP6Dod5YHq6qRPz6nkMAx074o4YxkR
2021-09-30T00:31:08.402327042Z 849 YPxLLVaZLZE3rkcosQ464BASHim5648kM1XoIdXgi6xB690U4HmUVW6vY9Ln
2021-09-30T00:31:08.404757888Z 850 jr8TjUhiZuc0L8dC5B4hVE040ECgNfg7uSs0Si8jFevtkY5PYCLR5yLdieQF
2021-09-30T00:31:08.406989331Z 851 NJ0AVCxzaGkg4jS6UwjA2uSHDgeTSnONn6ZY6aCSkkX7HAaWQhF3uRlctCYJ
2021-09-30T00:31:08.409017322Z 852 MsKyl2bNiEKu7CSU6gHMzPmeTvxrRgV35nAJZH9dEI7rh1kEnNA7dmtVQHYV
2021-09-30T00:31:08.410860655Z 853 GLQ3L0tJoNxkpfkvnZMqapSKFuJ5nityYxEsKX1lSeRU5dK5LVJ3kiXXCKDY
2021-09-30T00:31:08.412398837Z 854 4ABEHBh2PpMEZCLBvFmkXaYuw1UM5dsx4X5Xj6ylHRxo0v0bifAALkW559bU
2021-09-30T00:31:08.414397071Z 855 CMwFnFidNMRxp3GLm6DHPIK19MnIGkq1zQhzIFaT5KzpuTgU40cjX1viPASq
2021-09-30T00:31:08.416765264Z 856 sWemePlMvlhpwg0TBVYRgVHe1vVEJSKjxrIziqA04fy6xPpqFIAq87K6pGB2
2021-09-30T00:31:08.419121483Z 857 01XCtdrD2kR8TfFaSQ5NeDsgHdQBkKi2hMl8P8SbvZYnlfIU5G4LYe8beqDI
2021-09-30T00:31:08.421399050Z 858 o1tvtKe6iHRRrLIMgLqw1kpJ5MKkPhfngEOvG8G8Zgwe0DyFDaN5yeYpXxLN
2021-09-30T00:31:08.423465268Z 859 k7xfLHB9AXyrhlS6av8JlidmbemAz99XDJq0hYSqtDQ3dY2tuRgvJr2umceF
2021-09-30T00:31:08.425780336Z 860 rZy8CNfFSS6us4WESjufTeD4V3bDmORmxwPlQx2uNUtlO9ShgtPyjImnf8jl
2021-09-30T00:31:08.428104342Z 861 8g42ykpX543ugfYy6I1kqWWrVsOvGO42IGeFyopWMjHRsewgfm3GTlYeBea1
2021-09-30T00:31:08.430344310Z 862 f6Ka69ENDFxk80IKPiuSdRlq9nadZnnBstVxVIe5nVP6fDrB26f26JkVwws6
2021-09-30T00:31:08.432215206Z 863 eSuEMFTfk02Lo5wIduf7ohwgHFvpxY3qCrcEGNHjzrI8mTQovxJl0Jq8B7EI
2021-09-30T00:31:08.434266284Z 864 CbBqVM7zJntRDZJdIxd0qtdIF1MPv8xD7dpcCqWYgKLVFuZC7VJ6248iy3b3
2021-09-30T00:31:08.436313829Z 865 AQ8QL557fFfGEqOdm0l9F7BmoezK6eSoRFyPX5aOHwuLBcZol2Xgm6GRHPmn
2021-09-30T00:31:08.438503010Z 866 S5yYZAth8NitCw0rC6YZuKUn6qVlQeu1hOyHXQW5JEBlVvn67y0irWYrEoGq
2021-09-30T00:31:08.440822537Z 867 kiMO4S5mgn7rdAOhArvGdeOJxWP1JPvVdDveVPwaxIfEKBUnkRWmP2ZCxUPn
2021-09-30T00:31:08.443041178Z 868 ci5Jd5kGbgPnjjEMxTWQehJApiGUwSLgyGbr4TWAChA2ONagXpCj0jp8haEJ
2021-09-30T00:31:08.444328245Z 869 fYwiaQ4pV0E8oLPYyHHruiNgAtngScPl3Omxn9h5JPvtJCTxZRWHMp5511HZ
2021-09-30T00:31:08.447173132Z 870 gIrfResOvVC7Yg9ycaYRkZkpTteEihromw6KKkTSk98zEZ9FDcuzBDR4NO6J
2021-09-30T00:31:08.450145978Z 871 HU2STVEyK7SnaZfADvriKJ0inujRsd4f6ksTzDpAGs4Ngd5qu8XK53FVwy3A
2021-09-30T00:31:08.453123939Z 872 cwhV00tMyV6Sb4dXbc0s0MuG1QabQ0MVgs7D6g4D89zrI8DAsZYLKXfOrCCV
2021-09-30T00:31:08.455269148Z 873 78xSDgMZDrRQXymQPMfYDRoktedZ2jz20Y8CGmnom2hR6zsDBzDo1iM18mBj
2021-09-30T00:31:08.457234990Z 874 i3drFEf0J8QPv8I1FAgw9UHtPnDZrogIoRA0glesvJsjWclZxYdFrqapMERK
2021-09-30T00:31:08.459200128Z 875 kezAUBvMrqQdm9xNwnRKYB3UxpEIdvptc7uMOc58nKAOR9htwxNMZAlOoU57
2021-09-30T00:31:08.462206498Z 876 NAMGN3WXgz1Z17A5Be66UQ2qhVHAMaperevJeNupATZx6P7lQJZKLj5zReg3
2021-09-30T00:31:08.464372604Z 877 DtEjK81ETO2hQDDESQrTEj00k4dHNHaN47WxWUwSKvO7qm7HeS73ueB8acEF
2021-09-30T00:31:08.466265983Z 878 PDB2UENr9Ywh13LuzKJedmCX284jxhqgoTtk8Xg6zEcuv7t8zeujHOJ0olLz
2021-09-30T00:31:08.468209827Z 879 OmYeI7rivxjkLkBYk0CkyfQe7WfcLCeOzTHKKrAiCQjT9aP3i57jmsrPUS0O
2021-09-30T00:31:08.470166531Z 880 JFuXiHDrWOCO72IbaOVTFUsFpQfr60chclsEb0WuaDnAgf0M2x8WB3ac1WI4
2021-09-30T00:31:08.472447347Z 881 QVRaiascI1AnbJD52FbS9nOeQuRlzNh8D233cwZOMdsmtwngKOXj0XDgtGnL
2021-09-30T00:31:08.474754039Z 882 TjdOAXRSYibmvxcCwS1bngTnHugFC9LWmCYmsTwadp5HsLHcOLPaP84V3rbb
2021-09-30T00:31:08.477064793Z 883 8Fub4AezYFb5fOLSKqfYkjgVQIF0kxLrkEUcfQ13ZZgrZbTEvgLHZ3mpPTbc
2021-09-30T00:31:08.480167428Z 884 PUoqGQZbp8kTcZHHwWUJ518dKQjSTdDHxEUn9pphGsqK5TwbBy0m4uvaFSeW
2021-09-30T00:31:08.482177864Z 885 EnrSczKKPNhGCPIXKsbscfKWfhNXnGI4gvsynsejZ5HflwZzXuRoh1dgVv7x
2021-09-30T00:31:08.485204435Z 886 3KAJzlEJ2oDZOk9TSyDOQAPnXamFeyRZJl4SZ0uZTKPWdhggFkLlBMSbc1wR
2021-09-30T00:31:08.488209051Z 887 ObeVGqspRVhQ6P9u6kXgZHRPIuHZ0zbmTpAzZAuug9nmXwXBetfbNYrbKNdV
2021-09-30T00:31:08.490636597Z 888 X6JPBy53TMzPTQwuDCmX3BtV63TMxIr77Z9LSor5LygNyU2j2DeJrIZXuULE
2021-09-30T00:31:08.493963945Z 889 1mPoAkOJ13ntCXmrNYfxy0RnVaPGHVELpzZ5wPWfLz12GO2fpnI8vKh1RKLu
2021-09-30T00:31:08.496174231Z 890 Twu4HHUT4wdxPttWp6f9644vE030GKnYZ9Qdm3HYUAL0fLhwjuGHApfS8E6c
2021-09-30T00:31:08.499202445Z 891 PmoTV3EOIgyDD1QLSp79WfABuB4iPt9uzsYSiWxES2NfA7BSLuIJC6XyGWuA
2021-09-30T00:31:08.501875405Z 892 8UkQrPkHN4d6pHtkMPQjk8blOcaPL8xUS7VJJh9krWgZBGSsWeweDZlxWjLR
2021-09-30T00:31:08.504172483Z 893 gHNhQWdGyRQCqIMS8R3kHHHoAz7WcswSWkr4DOt7c5i7jqMO2vtf9SgKKBwP
2021-09-30T00:31:08.507150595Z 894 3MV4J2Nf26YM0CEMUPqruXID0JPeFz2dBskZ5XfPVuyo7cqxZyCxKSZJUiNz
2021-09-30T00:31:08.510246663Z 895 JRDBUskObyAtlPnlMlLthnPBqKfw9z8RVQSfGcuSLRFrBUtkuQUJ36NQmNMD
2021-09-30T00:31:08.513258492Z 896 GyuViHe8qLwh6QdBqpw2nshGHnlOrHmwapFwKBm5mXvt4v9cOHgiWQcHdquN
2021-09-30T00:31:08.516190795Z 897 7qme3LdyIvGb6ZPxNi3BVPyv6FR5Xm7wiT9JpY1RjF4sRmZYSfYxUxDT7MDs
2021-09-30T00:31:08.519173143Z 898 XaTsE3cXSNdslTUCwOJHvJIV5kdJDXwzXUp17243HSxbjzxCHaRWrEjd7KaR
2021-09-30T00:31:08.522060926Z 899 7Q1hMlhozKaUmx9KmIhOuqg7Vv7mNVgqYyMPJrOejcOKhSxn16ZcyTHtcj7f
2021-09-30T00:31:08.523242999Z 900 NptwxOoonNNtfPBLCOla5ol4tyCQnYgVcyYNzmNWrmpZ0PzmPpFlXCZhW3wW
2021-09-30T00:31:08.525341934Z 901 yZ2xDT8PWCYGhQvoHpNZwDa1N4QUtTrq81MlaCptnR1x4fllRGk5MlBGQEgj
2021-09-30T00:31:08.527280260Z 902 4pRxMb2SGAqBO3mEkDZbdjtKKoSfSgzJJfRhPz5dnxlvMnYeFln2no53r9eG
2021-09-30T00:31:08.529219110Z 903 QA1QQ3C5zecMm63jDzH5hvDTtI5aJoJZU7jUnhXtrWE60icBZCUK7D96Q5lg
2021-09-30T00:31:08.532306389Z 904 llMm8CLU6zMHsm7PNjIsumJvOK5ihzLByWPOIDldEChPnH1m5v2FBCHp4NSB
2021-09-30T00:31:08.535200065Z 905 D2vVmJTFID6bPL9kiVnnEs8fK3I67wTz0F32g2p9MR9E5SzQZFVnHPADKVip
2021-09-30T00:31:08.538224740Z 906 S6ZLxrF7p2zdoyljVkZvau4yoqaPrzhE0mx9goFRjyIWPuKd9yuHTDuTb32W
2021-09-30T00:31:08.541409473Z 907 DsnfRvDkOhRoDUlyY4ioZ2rhQXMws5qeWtbJjogM9P0eLwsoasWFHubcYxLf
2021-09-30T00:31:08.543880494Z 908 f7wWhMzo5sNA517LQbeDY0DxnDWhBvSvOgiwFAR05YNs18vAnG09g8MJiiuJ
2021-09-30T00:31:08.546211953Z 909 GWFs6aAwIfv876lM9chH52YCd1HhUgfnXiFBc8WcB49lNXahFwXU81B2MF7Y
2021-09-30T00:31:08.548304207Z 910 YOSZtPTopL9KIymXMLIZj8rb4s7Ex4V0UVMhcNHpwhhTI2gUoQivK0ftlv6h
2021-09-30T00:31:08.550520206Z 911 jIodVOcH0UsJOQI04DQiDwB8lxkgylGkOWuZc188RyX7WR3T6gMzlFhkG5wf
2021-09-30T00:31:08.553018132Z 912 vg1dZAnPZJyMdka8i2x8sM6PaGJdgYQxhxeOOG8fzCnsmtQKP99JUqGQxtj6
2021-09-30T00:31:08.556202938Z 913 QUnVu7KgB9MuQmUe1lF6gD8rYmHUI0WNvmBirSsLxOJAdybsaPA3sVF5XAv5
2021-09-30T00:31:08.558365913Z 914 4EiJaGna1UAyPeyRjEdqNfrqxli8I2mp0aV4ZcL3rIqbFKqAvJXFoJWZHajB
2021-09-30T00:31:08.560326680Z 915 CoHhjG7gsPD4mrs4eyai73kJBAR4rGUDnsXZythoWV0FCAJyIzhWtd7CTgIP
2021-09-30T00:31:08.562454541Z 916 ikKUntfiJzlQXgiBUcencPgCp4yJDA8Ive1UQOp9WlpEcJHFrtoJOpaVy60e
2021-09-30T00:31:08.564864811Z 917 Rm0b245eneYSRFPBD3QACmpAl8kb8tD1vwLkXUaWvugFrHBC5Q0XZzx4iqqH
2021-09-30T00:31:08.566306978Z 918 DfI4jmWx0oKsRcu35UcCZ7YWFcGSjyIyUnmoAaKd6j4Ow4DV3KdatkRJcwGL
2021-09-30T00:31:08.568336516Z 919 f3zswb0bEr8xbKBNJTMFUF803WvFQgZAVLGuBLawlUfcstXmoPuXydBPaQMJ
2021-09-30T00:31:08.570711392Z 920 VDVxWGG2ecHTeOcUFexTYkIrzwXhYydItCjyi8H7SZtHmY6JWu7dNeSBv4e9
2021-09-30T00:31:08.573032090Z 921 hBYUVRSWVAIgGQx79BRwnjsGbHOWP2IDjh9s5mk8QvyYDaQ7pQ936SxH3d4h
2021-09-30T00:31:08.575412118Z 922 lpl80RCgSlCV1nODCoto3jDGsqH62PYEK2jWglDM96uCNeakbA65zxyi4NRT
2021-09-30T00:31:08.578890624Z 923 NXzl2xMHrGmWd317mwTJ0EquowhxmCTy6mOeXIMBbGbzI21S5MPBiIiDOUxh
2021-09-30T00:31:08.580309786Z 924 jpyAaZQg5utYVJD2yxRioG2e20ORc8XTRaiQ3jXjf7YaI82y7uLKgsXx2gP8
2021-09-30T00:31:08.582371098Z 925 0wDSXZId54We2eHqqOzRRNalHVDFfBdFvAEEgIuD62hCq57qwN1y1RRqMEcF
2021-09-30T00:31:08.584689334Z 926 oNNmN07DUx7UuctfdXvDCHOMTvIXDoS7xaxtKsHfyZVdZyPe34UHAwgvqA6G
2021-09-30T00:31:08.587369033Z 927 T4jZizhtd16gPrQK3iSZB3i4tivqNbiC7oYa2dgCetcrfof0BtfUexzti30C
2021-09-30T00:31:08.589557151Z 928 lA0jpw0zs3qBS592uJkH9uUTF6w2WLaMZTuutjb6qrUe5JCkysFDsccUZPbv
2021-09-30T00:31:08.592655499Z 929 zxYNo9w4zSsOfB9JQqQm6KcanHRjb1XRamsGPVuyFhdULPQ5hk0KljcvqCnM
2021-09-30T00:31:08.594462772Z 930 eIEVV9SHkeYwxTKQHlTvXrounplN1KDlyO1qGMHr4voEsNIFrpG169XgnKTX
2021-09-30T00:31:08.596847879Z 931 kMlZjgAY9crQlvbOoVyhT3CjdFLr0HahlyV66hr87OLGqAF3gJKD5MLfT1K3
2021-09-30T00:31:08.600305268Z 932 RXLaU4017CTVOnuV691LnDflarIlE6kGKS9DflSIidUVgFKvJT5iRFNc1EnB
2021-09-30T00:31:08.602866191Z 933 aoAUL2ZM6itnht3Nzd71d8eeDVB4sp2emMpRNFIa3zGhbVoQtFmOWDEvO8qa
2021-09-30T00:31:08.605745674Z 934 IMGzTGQH7YXRSDJiQV2UjiyvsktLtCDLHiLwU1AzmHij9jb387bDrBVFy7ET
2021-09-30T00:31:08.608165911Z 935 a9hDImqg4xhX7Hae97utTpgNPzzRhg1tfebkC2uXG0X3gqZJt7esqdu9wFsX
2021-09-30T00:31:08.610977769Z 936 cTEcrwhlGKY2ylJVXsM5z9at4YUToayYqcsRsmJRvFTreFaYacg4iIZlOrL0
2021-09-30T00:31:08.613847208Z 937 wSrzrVWRTwnA4eYY4ZR5E7DVYNn6v1DVztlxzPVHGRbSg6OwUOpUYhSu21dz
2021-09-30T00:31:08.617391411Z 938 R4zaSLaKcNvHFxcyWlf0qBpCkici2kcXT1CnI03NCc05n45WgvhMWQQsA5m2
2021-09-30T00:31:08.619173411Z 939 n6UjfM4eKiVkgBjR9hTYTJfhDQuwMmVMceshaIOOWHd2J0WHB8P55Q6KkGZQ
2021-09-30T00:31:08.621197793Z 940 SjmplVvPxKMhM8Y0lbDkzwtaGdW0MtQ6jY3mYQwnDl8Fm5T5OKkO02PQMXqz
2021-09-30T00:31:08.624040662Z 941 Oak4rzraprRwyI7wr22fA7px8R4bc1xM6PVzLMTn1HJ3hDVw2Ezeb8uJUBDZ
2021-09-30T00:31:08.626879880Z 942 NQDXlhl4E0h4uEzkvhiBmlZIGQWHsmxY6QomfJE32S6mvEARJyTOlfZo3Dzv
2021-09-30T00:31:08.629206390Z 943 BWOwNVg89xk9PPGvMeDmFshsAAm5qOHc8uhVGTYi5yN1y8kscX8W4VtfXsIz
2021-09-30T00:31:08.632408880Z 944 ZDLP2JcPchDKSAUkyUzxcj0Bno5jNCHd3aVvgQ9lbm2rctEXdvjrERGhGklb
2021-09-30T00:31:08.634883679Z 945 TWd2sKyRCUYKFXZ1EjCmoiniKwLNwsVTdO4QsIylUdDUIqhsycZ5ZuVIlRVA
2021-09-30T00:31:08.637289020Z 946 unD5CGl8bD8pt2zZsy4D1LWcHVt2nb1ZGfJoFttI7JGzffk3Sz8y6dytn8Mh
2021-09-30T00:31:08.639824231Z 947 Zef7ifwlc2kTbh4frfrzoHjfiplC7FU4wYu7ay5gqqyv4zdNNdwOXQCWx6Lf
2021-09-30T00:31:08.641516238Z 948 4u8xqN0xpAbETkguZIMKGBPWLbA0GCokgoO2IdaykVvguBcjhEspqjJl28TU
2021-09-30T00:31:08.644074351Z 949 yJJPbGCt0XT3galqL1kb3q0sxWSkBrJJPrAlzsbWlctBGs5WQ25mnyU5GKUZ
2021-09-30T00:31:08.645425002Z 950 iX1GiKSGDrVqJ1LU2K26Wh8AZZBm7qS8Pp4wgwRiWD1ivCJLQbBl43dRRUtI
2021-09-30T00:31:08.648001618Z 951 LQJQjRXUE3BwPXA9JJX0jz5PcCDmiJniU7KfOuuZd3cws3kM77XHYEQAnvIx
2021-09-30T00:31:08.651094265Z 952 54ULUji8CWcstx1ApHYIWO3v5lODq8wulxoRmrJIPAm8U0wQbzozfjskrS1r
2021-09-30T00:31:08.652607072Z 953 pS8qwbrfxIPvIJqESc0RU2o0FJDGJHmXhFpxVdvo96dk0WgUdQtEaBx0R86O
2021-09-30T00:31:08.654330412Z 954 i26euuY2U4bA9wcbAwq58qAkERw54lXTd0RWUJhPOScH050JhQu0KFlgjcoR
2021-09-30T00:31:08.656865844Z 955 Gd7jRQxwRScyGtEMnTwcM5OAqcL8Tx6KJD4gSMQo364lO65fZMHrShCthRHo
2021-09-30T00:31:08.658534284Z 956 OtTfHW5uHYoAMxnU4ru59i0XgfdST9qdzTqIviVy5tJxvSV0qtsbyMtN2Xxc
2021-09-30T00:31:08.660773343Z 957 VvtwkK83SxFhpLI69r0C731GqcoDUpfsc5Xfj6t0I6l6XVkpJFZayiuChQ5M
2021-09-30T00:31:08.662920056Z 958 W59YfdtWd3xPWbS1exXyfoBMFlFk7K6Wr69GMKAOxAcJCCed4rvkBvvf49Bb
2021-09-30T00:31:08.665182663Z 959 pfLWvXMENjRoc51As2ezkLz7xFpvvUXHJmidPYswBccr1SeFF9UFk3KRfu5Y
2021-09-30T00:31:08.667312072Z 960 TwdBzK5CN08yfkdSuKOiSKacBuxzwKABmkuCqh4jb87J4moKTsSBTO9OpC5G
2021-09-30T00:31:08.670036705Z 961 dKACs2m0HQp57yCBYHegFbv8zompCmB5trnWE7RbrWJV9VFTq75bwPlcBfEr
2021-09-30T00:31:08.672155943Z 962 BJCftWAJxAGkjMcWpBEz80nNveyBjpVELeygUiToDRwK8ChlhaJMOfqsgarB
2021-09-30T00:31:08.674420282Z 963 0lWeERGWSHBlV68Wx0G7byfKlKOJyAcCIlyWmkwJlW0P5KO21GOFJxHpqWxD
2021-09-30T00:31:08.676208136Z 964 RPwDvWVVF7l38jcgdagb35r2GozSEWjSb4Dc2fMc4OoZh1CHQK5o1mh8O8Io
2021-09-30T00:31:08.679186600Z 965 25l4NAtSDvKuymQUQ5Im2BnTbGTS4REjQUjQc1BmNoGACHZyU9y9DUsVe5bu
2021-09-30T00:31:08.682041954Z 966 rAjgz0un4eaZiKV4tA1M0kl5byZ9kaf2RgoDNDad43i0vNErk627ykXeQDQf
2021-09-30T00:31:08.684190209Z 967 DCjI4iBrdyPS3B13UFCm33iT9ea2eQwEvnqlFEZAdPcK8DirooAN3wQ1duc2
2021-09-30T00:31:08.687245507Z 968 kHmnY95N2Hat3Hiind8eSz2kWGV9rkbTwpvreBu5SnrGTXQY3DPy04J8ltoK
2021-09-30T00:31:08.689509762Z 969 OGvFRgSEtMPgo2689TCE9iVcfP9o4fOqsSp50FNB50iyzGKUCZP5F7w8FW7b
2021-09-30T00:31:08.691455798Z 970 FG9GQa7DJHYK78I6hfVmZK9RBGuvtt6rmV7zjQ066LKdLb8SijkGJQG7rfa3
2021-09-30T00:31:08.693917275Z 971 9yYuH07cgxSLPCi7pluGHkpIQE2zhZKLdVd0Xn3qKXjHzofsu9Wxw7Ii22bp
2021-09-30T00:31:08.696238566Z 972 UCOBCc82JuyLmu6FJJe5OxidUhX7BLkeOmQJxqkQqlKNVdRTLChl0LKq44az
2021-09-30T00:31:08.699009337Z 973 BASEpOyipdiw1mdhR1Nm1UawlAHbd0gVIckkp38WsSpHw82qsr4TYhAluYD0
2021-09-30T00:31:08.700354254Z 974 dQOq4c0YPifoLw1r8K8Z7UaxouF2ha6gsjano2U6GaH6EmUK17qnkuaeRVtD
2021-09-30T00:31:08.703232496Z 975 OQSr371Yj7B3MMw0ijf5LRk9d7sjBem7zRGG1LTVLcoqowFEbBY4yqPAtJXt
2021-09-30T00:31:08.705557617Z 976 1ea7OGVnpyOLc6wQQutGXy0YFnQHfACY0nV85YT1y7iuHvygstW3m1XR0kkl
2021-09-30T00:31:08.707463017Z 977 CLTCwbjvKUzAvHKoib2R9d7rpO4Es09abwO13HqrQfiMO80ROzLdgpQTvJSa
2021-09-30T00:31:08.709351694Z 978 c1zLiLTT0aJ40N5C8GjNVxiPHESiKesyGmJb6BcuKVR8jasFYHNt2gn0T7KB
2021-09-30T00:31:08.712138502Z 979 YfZ0zfIXlpdiCpTExrPhXLDNINFkMjk2HBqU5MIJkKMDfNbYDRZXVrTfqV1x
2021-09-30T00:31:08.713301654Z 980 ho290DX8SpdbHZpIma0x0MNFjw9k3cRNpNFNYiRFMXxJf9zhxIO2PgOrOgEp
2021-09-30T00:31:08.716158830Z 981 PgoRCuWh4dqk68Mdd8VnQm5OA0JGV40NEHWHsjjGnStwnSSlopG400XCMV1q
2021-09-30T00:31:08.717617330Z 982 ySkvQiY9lmyjnr2i4PxvAJJYCDUnWvj0UoZ03ktmggUqeKpjwL617cQC1YYu
2021-09-30T00:31:08.719469849Z 983 Qq6BB0ihFzzLu13vMSc2Eb6ffUoNFk7CZZxtD1GBjsIiCupw1jU9398QUFdW
2021-09-30T00:31:08.722245797Z 984 6n8GO7G8vUuY6u0dv2rmukrtYeIxhkBq1zqpgjRZSYzOfXwdP5ST42mpxC8K
2021-09-30T00:31:08.725101771Z 985 nXieIxu4g80GGHkHPoWel9W6IY3BUV7uqm8IGpx0YyF80zaTKhm7tsDOxoPe
2021-09-30T00:31:08.726422330Z 986 e4F7GwECWgG4oL4MuidewdRqiUBPeNZR0R1OvfuJHw6v4pQeMMJdHFs2yFMG
2021-09-30T00:31:08.728292829Z 987 aH95P5zcljarx8arEGNdknKI7Cb0DZdMpHKQ5rbC3kOFPK5h2a12QlWJZv6D
2021-09-30T00:31:08.731008128Z 988 TUHA0SsxMPfCJMtTTNUC4vagV3WZaLzW36NxnHlSGduwSNSUOyqXJRyn1XxO
2021-09-30T00:31:08.733215727Z 989 XFZNoBCEH5dtKTS26NSa4ZmhQg0Ct7eyruP9abCZeYsJ9d3I1GARxdffcSBz
2021-09-30T00:31:08.736559678Z 990 NlrJngiddJ828o6lR2PpGRjq4dzo89bihcLDXAJu7pDa2yFp0rFkWTYtgx6C
2021-09-30T00:31:08.738190368Z 991 M5PJCwjtskvr9HsadQZcgrAfnclICGY6YdzNpr2EhzVj8oimFQv51wBf5Uae
2021-09-30T00:31:08.741109818Z 992 ZVRtXkUIiwsljlOW1MFtWbwRcav7inhrnFEvFVNFWVWGmkvhF6ecpVxbV6eb
2021-09-30T00:31:08.743311645Z 993 RZgwI7aXxDFKb4Yz5H7orBw9JwhFztozdf1rxNwIV7qkA0tYxOg7HRnaRgJ7
2021-09-30T00:31:08.745320872Z 994 CkyZAwUfKy5zSo6wJ48cRD2vlzneFDgSQwFeiMG30pvEbXMH1jgtZoTUbJt7
2021-09-30T00:31:08.747718908Z 995 Uqjo6ZUI3KRNWKqq4PGVKjc2MAvu9Acul1FD400d1CxZjNLGFCry8HnIgUTl
2021-09-30T00:31:08.750062784Z 996 vY4Xvcdc1f2uGBsdTg5LWtcJa3kxZxebxFFzsAGIbfsdl414KFxusph2WGRL
2021-09-30T00:31:08.752876208Z 997 orEFa7CTo0xuvRtTBTaGfSe2M5hMESP4ddHfyEpgMwtGi0X6UW13gQesDWnr
2021-09-30T00:31:08.754955817Z 998 yMfHfjabU9CJTyBuPBzp9UiLVdiW2QFZ6BK1bqUtcsLGdCADm8M7P6f1DlFL
2021-09-30T00:31:08.757311956Z 999 SqZINi7pTdC86v5ipGG1txroMrJyHXQdF6c0JehBaitccxf1LJkSJaUOX2kP
