2021-09-29T20:00:52.834684083Z,2021-09-29T20:00:52.840966112Z,0 FiJq3gz1CHERSgcwBHkqCPmWfdfCSaHjUTsorVO8Wk7NOgheb5eHShjSBYYVIu
2021-09-29T20:00:52.838938651Z,2021-09-29T20:00:52.884221217Z,1 gX7RdZt57BstDihWzIuMSlPLBtAj6kcdSzB1iMVzvMO24XqddUQDdlIUYWLKvV
2021-09-29T20:00:52.839350642Z,2021-09-29T20:00:52.903156003Z,2 SOj5zg0IT7v6eaUpnYReLgaRLe5V9BkLHvxHCLX0z0wlnJavI5cWc3SvFJL37l
2021-09-29T20:00:52.842876590Z,2021-09-29T20:00:52.919859221Z,3 DXOoMEHJdaHBtXAvlYz2aY1bCleP8VNnjlvxHwPwZyJcGUQprueQnPR5YOAlb1
2021-09-29T20:00:52.842937548Z,2021-09-29T20:00:52.938643878Z,4 RjiNqj17lcbp2rwtQvpv7ri0XgeuNZpXevWedJrsDTAFOIAA6pw9BjWdM7tHwo
2021-09-29T20:00:52.844514954Z,2021-09-29T20:00:52.954913639Z,5 lIctjIfISPufX70QyLD37DJdeJexS5hyOBtggykGqSCjhZNhkK4K9kAqsmtLzR
2021-09-29T20:00:52.847241626Z,2021-09-29T20:00:52.974487646Z,6 5rV0E4AuI6UZFHAmqVuSt2UIq6SJRFe1IVkhgsFABo8qvYinLy0qqZ8JqqOcMN
2021-09-29T20:00:52.848483017Z,2021-09-29T20:00:52.995691442Z,7 xsNJSzponSZM3DkG8USWN0BFaGr0QdFSlcUF0accdspO4zUGsynpONV2WDpnGw
2021-09-29T20:00:52.850619267Z,2021-09-29T20:00:53.013968291Z,8 GxqbRWQj4DRPoHR41VBzuR4fNpUP1Esi7C2tp1BbVdncJp9RjttIILK1dBjBoy
2021-09-29T20:00:52.853801985Z,2021-09-29T20:00:53.035197750Z,9 4lrTzvIdpzYR1pcTh0OcG157eg6QZSwBJx03iR7ursWd4ai0cLXKoElojE83rq
2021-09-29T20:00:52.856441839Z,2021-09-29T20:00:53.052387831Z,10 1G3XLpZUJYBuYIJ426MLmIgzC22VRGHDqbAZhn2OYPtOwb7JgGEVmawJenB8b
2021-09-29T20:00:52.859305095Z,2021-09-29T20:00:53.071777576Z,11 kCojAPHsfq4nq3myYEek9kYHn03MjZ5MB2E5koEKsyGTAoj1YChzWJOlcMR3Q
2021-09-29T20:00:52.861904567Z,2021-09-29T20:00:53.090881580Z,12 umwtTgGZ36ysx9mw45ecACGlVDYiNagk7j8eVXWrm6T7JeoopalqcTeiRfVq0
2021-09-29T20:00:52.863339694Z,2021-09-29T20:00:53.110250768Z,13 ct8wH4SRttIFZwGKsZPTzTBjKCovK1nwERlwtIb0SSDk8oCaN7iwSkf60owii
2021-09-29T20:00:52.866002368Z,2021-09-29T20:00:53.130043929Z,14 TKehr2RQV6KS4MXacEdJwGWhgysmLBZRnb03dDqPXJwgvFflcJefKCTAWoulM
2021-09-29T20:00:52.868400490Z,2021-09-29T20:00:53.148905524Z,15 xNKQhj6HsfFHV8DDoQ1n9Wx8tT3vsdLlrMaVWVbhYDiTnujenfINCX4ahHf7R
2021-09-29T20:00:52.870745963Z,2021-09-29T20:00:53.166694690Z,16 BbNwXW3hydeFitBCe5BFKWnfxlxpPQr4oERTwM8JtxJo3TFigUrtvUuTfRsAS
2021-09-29T20:00:52.873123046Z,2021-09-29T20:00:53.184879423Z,17 gCGLGnY5Ab6XxvByzNWTEGc5VHHwZw0wfrTy4nPFY9hXRqUWa6HmnTuUNgNFK
2021-09-29T20:00:52.875495227Z,2021-09-29T20:00:53.204163991Z,18 Ufgwk7r2YnLGLKiAcDlDux9XRVehvSwJZkzhfimrrxOs0UPv5XMTIg2DjRftE
2021-09-29T20:00:52.878477786Z,2021-09-29T20:00:53.223116607Z,19 Nba1FhdByTDHtxCkpvIZ5bBECqMfvxHJz9T8kkEiTlFxyywLnMbwik1Q3CK4D
2021-09-29T20:00:52.881430628Z,2021-09-29T20:00:53.242566552Z,20 FSXFU02UOlqnPy4OcSet7z2u7t9dOFqDRZAg7uMAoMTyPGxwFC0TulOGTth2B
2021-09-29T20:00:52.883948795Z,2021-09-29T20:00:53.260988534Z,21 ufXkQoHpE42Fc7uX2Pl7rDiaStvbWWLPIEpoQ3rmiwkjdPOSEsgQTab4Tawux
2021-09-29T20:00:52.886340791Z,2021-09-29T20:00:53.282102840Z,22 nJvILOuqsJpHFR5lmRoREKr59E02PGvnELnDWFbxdYl7tf9cUmCVZDlNbcBnD
2021-09-29T20:00:52.889882779Z,2021-09-29T20:00:53.300262046Z,23 YGC7wi2Eo4HGkYhWvEwXLGFm1Ssr8GTM3GhTwt9rk7z5CgLLLWaOrVPlW280b
2021-09-29T20:00:52.892173927Z,2021-09-29T20:00:53.318411913Z,24 PFay2qSob8b4q06oroxRFO2KQeFxAHmzBc5SBEOYgHX8e6oixECcRacSkR1Ac
2021-09-29T20:00:52.893551401Z,2021-09-29T20:00:53.335941872Z,25 EmvP6GDW983iXPgDlRKQteVD1ZHYX8TZBmo9R2EJVmn1ILQLKQ09Tvcej7kMf
2021-09-29T20:00:52.896234591Z,2021-09-29T20:00:53.354699776Z,26 5RnVKrrcccHsL2pH27O9HSrBXXn81tA2OqM91pu9llBJGg3lfP6fwv9Uy3bkV
2021-09-29T20:00:52.898923816Z,2021-09-29T20:00:53.372707412Z,27 GxUPoyCxBToKkoJpjgs6zuLDNSxgVRcVNx6Cf5UNrD4qgLB3GUTljX3ei919i
2021-09-29T20:00:52.901059639Z,2021-09-29T20:00:53.389883009Z,28 EdAj3IAWeJsJ9NBAeyGjXbsP1DoxLdGYw04GCz2pdK3ObzMC3ekZ2oz3mfC5C
2021-09-29T20:00:52.904264326Z,2021-09-29T20:00:53.408364799Z,29 wLWb7ADxyV4LxlYQK7YtgLeK8GjKODVbQFXJO82dM7Q05qd6br9ik5pvfRzOG
2021-09-29T20:00:52.906175495Z,2021-09-29T20:00:53.426850785Z,30 qP3C16loUlefiPh8d0V1OtgYbQcoCCFJVeqPHE43HPcVXJhVCTSJOnifiuLxu
2021-09-29T20:00:52.908948135Z,2021-09-29T20:00:53.445675953Z,31 haawVnNbyQHG5PBOXJjHrKFjaR3SExtA8pI57M7d69EXGjO32KZ2MeP7LPqSP
2021-09-29T20:00:52.910717136Z,2021-09-29T20:00:53.463226694Z,32 f1wtCgnAaNlIpmMYTa5PNJ7N4z4AAqPF183YsPpqR4BhHzGfNNRcIabdyYyiM
2021-09-29T20:00:52.912847003Z,2021-09-29T20:00:53.479189271Z,33 nQcp3wibNlLo8sW3W5sFKcAlhxD0YrfAT79VJpkUj7v0MHny0YZ44s47nBqJK
2021-09-29T20:00:52.914588058Z,2021-09-29T20:00:53.496217304Z,34 xLT0Cs2GGK40ZbsXfZeF69jzezd31NO7ADTPRKwvgfgAn6oSYUTFFpkhYRb1t
2021-09-29T20:00:52.917474814Z,2021-09-29T20:00:53.514898231Z,35 p2dmqdSH3SrGCZindk2KytKNi0uIf1NPrHFlN7S5SgVbpZBIJTYYP4Qm76Gy8
2021-09-29T20:00:52.919991820Z,2021-09-29T20:00:53.533222187Z,36 wDBuU6hG5ygDfvDk4ChBd36k5BTMqiB81kjBu01UW7cSuX0m3C0Gfke2dt47i
2021-09-29T20:00:52.922159388Z,2021-09-29T20:00:53.554397444Z,37 oJIZcaGLX0fhEF8OCEMD25wPUkEyJ9qjDYFbn8CJR5NCzmOfhZLOS2RWolOhQ
2021-09-29T20:00:52.924407585Z,2021-09-29T20:00:53.570975974Z,38 0EUER0nOe9fCelUVBwjFISNElYsGRQjLCYEPPFyXlzMuIlkq4shEreQKIPXml
2021-09-29T20:00:52.927312607Z,2021-09-29T20:00:53.593080628Z,39 kVoLHXxGCzwxJRBphjp7w2Lu4KRQqoy5ksAe8Eyp39F10P4fnGEkIhd2K2VyL
2021-09-29T20:00:52.928550390Z,2021-09-29T20:00:53.610898781Z,40 4eLCVQyVFWUWGxQSYvVCaLnJKzKy6kWMepLEtFd7mCdKoHUMShdU06v3NCdCh
2021-09-29T20:00:52.931305736Z,2021-09-29T20:00:53.627362800Z,41 snGi7ly7FNLGU7vphaw3FmoCp0949Beom7KqyBcIoHFa2fABMCSwqas2fR6iD
2021-09-29T20:00:52.934183185Z,2021-09-29T20:00:53.643391131Z,42 ZhCFkMTg8FpdVJmu40XL6ay2bbW6IqgxgdP950PxYxHgep9osVf0HW2utxgK3
2021-09-29T20:00:52.936297470Z,2021-09-29T20:00:53.660756940Z,43 SDuwhUdUYCSEPQb8iGJHBhUtNYZf9sZezwtdIxHLN2AH20pT3SDXAX8t3OcZf
2021-09-29T20:00:52.939212856Z,2021-09-29T20:00:53.676097905Z,44 WAA3zmK7MNuuPlIskqPXYF3O6nQOmfKCGUSZYJSWhdCqMWnZ3cr3EQTakZSQ7
2021-09-29T20:00:52.940641885Z,2021-09-29T20:00:53.692752753Z,45 sfksad3WzM9mOMfqFVZ3SkBGqTTWLD83MlWX5o1ntchJtPWnTbwvmPgyh5V20
2021-09-29T20:00:52.943481013Z,2021-09-29T20:00:53.708720322Z,46 sa0QOO9SJJcFU1MkrppGQKWgyW2uppf6bdCln4RmvaXhWd4Sd6bz3y2Jv3SGk
2021-09-29T20:00:52.946434842Z,2021-09-29T20:00:53.723773035Z,47 aC03zTVuQaDbdffLH5TnrL0V4xwHEJpyccYSGkA3r0CR8aY2zrbBseT12XNTR
2021-09-29T20:00:52.948569631Z,2021-09-29T20:00:53.740174598Z,48 m5fDdzTJPjpSy1gApiwBUs68vBgrmQGxxRLdmFZWJ0QVH4otMyR1oFPokFgj6
2021-09-29T20:00:52.950434830Z,2021-09-29T20:00:53.761238773Z,49 Kq3atMdrXWW7mKEtUciVcQARBd0PcPCOcBYuv53bMT8FjnGyTnWg2HCc5o06P
2021-09-29T20:00:52.953446872Z,2021-09-29T20:00:53.799426924Z,50 4xHrB53i0mSAqan51YQHr3BCnJT1b9shMsmGDJO39XHSVBesaIgw0LfQTiWD5
2021-09-29T20:00:52.965012411Z,2021-09-29T20:00:53.819827365Z,54 2Iweh8t3WvraQcMaLeFQj68W9Xih1VS5xEonpsC2gLKhi3NFQOnqR0kWuNbYL
2021-09-29T20:00:52.977706832Z,2021-09-29T20:00:53.838971985Z,60 FrWQVnS4dWV6mKyiwlage4367FkC4JGQTzvAu2YvFtknIfBqGk8K47U9EX4q4
2021-09-29T20:00:52.989412116Z,2021-09-29T20:00:53.859850137Z,66 5cpmIP60gd9BoPfkcxlgGKccOsCNBhA6j00e2Vb26vFX0xte1FbfxrDSrQ7Bn
2021-09-29T20:00:53.001269600Z,2021-09-29T20:00:53.879104288Z,71 Lns9q4hCly8K4kFYwpITchNSa4JXmLoNjWEyuN65aQbEodriyeM9nX94N7HQy
2021-09-29T20:00:53.012432493Z,2021-09-29T20:00:53.898025042Z,76 qCGXXCslmLznn6uhytaPjl4IRNfcB2K2H6Ubt2viAK1wmT98PNo9zlDfhJgBw
2021-09-29T20:00:53.026108908Z,2021-09-29T20:00:53.918171632Z,81 YLBIbYlS3thQIBMOYZ9XtU768bu6me9ldGdThPQND3xMoFYYCKXtT53vFyjJl
2021-09-29T20:00:53.039023701Z,2021-09-29T20:00:53.937926968Z,86 AE1Yw4uqOUT6RHdVgtA41VES47Ez5LgY9uavzdjrUEIiqXtRgFQnp0KpzPd57
2021-09-29T20:00:53.051935723Z,2021-09-29T20:00:53.955314340Z,91 A7qIGdYOjsyEJ68eIviD5sdWP0lV7450T6x1Trew0PNzxUstW2kAUfK6cX1kL
2021-09-29T20:00:53.064352538Z,2021-09-29T20:00:53.973806160Z,97 bPTXT4H1mjWoU6GVbusc5InLbSSa2VFAizWamgprN8nTUlwIiDOxnqLIY0aAH
2021-09-29T20:00:53.075713642Z,2021-09-29T20:00:53.989456493Z,102 9fjF9N80yMRlYWzlGxCk2Vfv83ngxJ3eYiCkTKcz1fYeFQn7vjAuxZDi9Ami
2021-09-29T20:00:53.088230160Z,2021-09-29T20:00:54.006651348Z,108 X3JzpGHphXflR0y2TLz40zN4M5IJ9P3edEShd2i9erPgXFOUGyzvFmvdYZVN
2021-09-29T20:00:53.101031966Z,2021-09-29T20:00:54.023343686Z,113 zVhHTv8jc6wHuS6gpKOEU1dlrmAU1ULXU4xf0VWEBNfMENtXqgaypo4FKjIg
2021-09-29T20:00:53.113807220Z,2021-09-29T20:00:54.041312134Z,119 TFtID68REUDrVqKh3yPzTbpNMVCJaxLLp0upM76PZAzhhn7yZcZBcRmsWZ0L
2021-09-29T20:00:53.124397604Z,2021-09-29T20:00:54.058623310Z,124 pYtFxLU5Wve5vxKfbd0YvJK6gaXfvQwX5FFfEkW09YIirzaYL8y5j7WjHIXj
2021-09-29T20:00:53.135328063Z,2021-09-29T20:00:54.079466907Z,128 ZGeEDrFf7QXJEb19AqR50Stat5WChxNArFP6nYYpwfqh1awwUprEYdC0h1Ej
2021-09-29T20:00:53.147299202Z,2021-09-29T20:00:54.097802910Z,133 daduHdclYmHdX3KhYdoUYVf1KgDabfD6LeI63l3H2D8O1ZszCcwUUBi0bYa3
2021-09-29T20:00:53.158778271Z,2021-09-29T20:00:54.119899795Z,138 41CFy9JxvzPWqBwEIWZIyPzJ42PG86GJAFTVcb3ZE0ZEgcf0UtJOc7pt6hto
2021-09-29T20:00:53.169968102Z,2021-09-29T20:00:54.138942714Z,143 CRjHPf2EDabkMO4TuBlXg76YXP49nwOJkH9WVPLSJqfKz8dyTGMl5n9upMRy
2021-09-29T20:00:53.181605507Z,2021-09-29T20:00:54.158821339Z,148 jPLFYTQKEat15nsYCXoLbkEWLAKVaKlxX7pFyMJiAfWPVUhRGGvnvbclWI2L
2021-09-29T20:00:53.194284997Z,2021-09-29T20:00:54.177403655Z,153 QNbLZTpdPJtXEr00zfyKWtGm4IDfcBjrn0mvayIATY5RQrT6nmoemNLZp8Be
2021-09-29T20:00:53.206409143Z,2021-09-29T20:00:54.195257594Z,158 FpR9YF1yEsumSqm1Z46HJJ6i63K57ffYwAN1FWcJkDuR3PiaZj4wBxhZ1RER
2021-09-29T20:00:53.217849285Z,2021-09-29T20:00:54.214665480Z,163 puHXp1nAAmKSZfdg9vGgsJ1lP7UJzNkrX2tKrGJPpAPUak21wg2WNuQtokT3
2021-09-29T20:00:53.231289595Z,2021-09-29T20:00:54.232900019Z,169 tFMmlpjnMTZfCPNTstmvLBIGqXNzprA9mv4n9DKUvIXKz22Ckx8Sd3KCSoIr
2021-09-29T20:00:53.243946350Z,2021-09-29T20:00:54.249669186Z,175 j8QuAldGQs7DK2KY99JEsJmz6pwwOes4xJOEnDvrQwfhkzWGSgrcmiZUzpts
2021-09-29T20:00:53.255373784Z,2021-09-29T20:00:54.270249734Z,180 oEgAcfYicHFY5rJxSkrjvVGJhn0gbaZ0Drl6z0Zi7PiYLdi7cbi2ews4L4eg
2021-09-29T20:00:53.267473007Z,2021-09-29T20:00:54.289020087Z,185 bSvQiNAuBdmHwiURb5XzlM8wvnycmpbh9KVsjJnn4QAN4p5UKmI9m04RBD8K
2021-09-29T20:00:53.280143558Z,2021-09-29T20:00:54.314453407Z,191 FmRQBIGsMJiVGlenm6HZFJpHuIDPGNeZPGBfcFGkhhfXC9M5oGhArL91InCS
2021-09-29T20:00:53.292070401Z,2021-09-29T20:00:54.328763484Z,196 Z6P50ipN6vNMmoA4EGJSSGDpsZwFBAjEiERLL3o8hUFHBvsw31pmx6CG0ZTG
2021-09-29T20:00:53.302621917Z,2021-09-29T20:00:54.349845704Z,201 LHuxuWOQmdUAyXAJCNUuwPjNkmXrtVMhoEZkhXFNuD9KPyvnfPp0DV4cXI0I
2021-09-29T20:00:53.314501089Z,2021-09-29T20:00:54.366677709Z,206 7xR69a2ow9m5Id6HaIdf68ngBIiNb9kBRw0OUQI9CmMLHEdnzoSGBHCf2gzJ
2021-09-29T20:00:53.326463536Z,2021-09-29T20:00:54.382928104Z,211 XfZ3XkRWUpff9zY8gFrwy8QEtyvz1ZEbWWJVNZGSLi7MGCyVt2jJUu7wp1Wb
2021-09-29T20:00:53.338075371Z,2021-09-29T20:00:54.403404514Z,216 Vd11k2qJhVEbU3KEBmC6o48KRUglEz4kIiKCxY4RM9ehEDco3HZP4xKpsa2v
2021-09-29T20:00:53.351127895Z,2021-09-29T20:00:54.425692124Z,222 G4dMwRcuc7G5Al1LCkqjA1ghKDtNEcEtIWFAcgVtFyGzC3D35AdEVHtAi2xI
2021-09-29T20:00:53.362813458Z,2021-09-29T20:00:54.453460618Z,228 eJWQ1ZJH5tDeY5aNHi2BTJgFv8ZidKhp6gQQP2EroRneh6QVjrFiB3J5aYls
2021-09-29T20:00:53.375668358Z,2021-09-29T20:00:54.480775732Z,234 Xs5yVdTxYcnDDsnYjzbW4dMqGXON3NCgXkFYSEQz1tUDnztbOPsL3T0eBVnF
2021-09-29T20:00:53.387989772Z,2021-09-29T20:00:54.508133969Z,239 hA4AaQOOfHYERxcrvZXYRJnyAkVKoYU4iZNbgXH5mSwfP1EPIDIpEP1xjxpt
2021-09-29T20:00:53.398633205Z,2021-09-29T20:00:54.551146017Z,244 tJZjAKZa5C7MUlkqSKrWFoAAPJWxT4zPOFwet2DIXDtz0Opfl9JC7GsdOujc
2021-09-29T20:00:53.411273340Z,2021-09-29T20:00:54.579380174Z,249 MvtaxpqOwIiO5eJn3UjObDdXBfQqm4OSf9I0O7HSpLFioLxujewZMuNkJqGn
2021-09-29T20:00:53.422784942Z,2021-09-29T20:00:54.599076083Z,254 C2TKp6qmQm7bXyA6YFDr08DyGgboC1G1e4v3taKJnR4wfS6TlJ2qQkj4edrj
2021-09-29T20:00:53.434596495Z,2021-09-29T20:00:54.617930753Z,259 ENEAaKiroV9HPlGg7zFQxptxSAljWyWNL8fzTlC7rPBX0HT53pMeeGzL13IB
2021-09-29T20:00:53.446520362Z,2021-09-29T20:00:54.634450217Z,264 EW7Qw1vrcbUysTcm8UetH4SmcASCVrehnkMe8bvK7IfZMx0jbGkdGP22NFBc
2021-09-29T20:00:53.459473124Z,2021-09-29T20:00:54.652917864Z,270 vJIsdFmHIYnbEm4HeuiyQpLw4yligXkfqp7lq2QHr9VWmkvb4Z50OTwrDSFn
2021-09-29T20:00:53.471336091Z,2021-09-29T20:00:54.670417136Z,275 L9oqVLSkzXapmXp7ECv2Q6qVqN6Na7VYx8QwffV07vHL6398h2gcSpeEY2nE
2021-09-29T20:00:53.484245429Z,2021-09-29T20:00:54.687492951Z,280 ProiDrZeFPjiuSd5v4dZU1ghpCRD8qMHFunzCobcIMJfu25jVwj015BAIjwW
2021-09-29T20:00:53.496543956Z,2021-09-29T20:00:54.707604175Z,285 SSfQxwYu4VF2O0h2AgivjFd9gkHaaED45NZTXjRcKdv54nsy4VcNKoHb3CFY
2021-09-29T20:00:53.510960410Z,2021-09-29T20:00:54.726823492Z,292 T4OFe7mp2O5hu69XmTQFHgE0rHCiUBiS7MUTcmeZ52XCBTfLNBRHVeQJLDP9
2021-09-29T20:00:53.521930223Z,2021-09-29T20:00:54.747405914Z,297 CXRIrtDKKq5gbR8o1gW4KNGG8SJz6dIkpeTa6UxJOrFuPOkrxRcQNT0aNggu
2021-09-29T20:00:53.532392869Z,2021-09-29T20:00:54.764978320Z,302 FWQI3NMbQvFvWdCm0Mx5JDac4vKqUWdWcAktkzDATjXhwZFqsOPa08qGji71
2021-09-29T20:00:53.545136819Z,2021-09-29T20:00:54.784451445Z,307 xS5rDVQgnFgBAVtWCKpCLlUHLfeCczZls72X9iNdZnLc9vwYwLbXfidqqm0s
2021-09-29T20:00:53.557361691Z,2021-09-29T20:00:54.817680054Z,313 gt5K938KSqa1vhkMWPixu0yFLLp8h6ekTULONNxrIQ7YMqsPioRf2dGR2dzR
2021-09-29T20:00:53.569198273Z,2021-09-29T20:00:54.838371192Z,318 ebfyOU0KH3lVkwGulWo0saUapHNk8XfatLjt37DJ6BoR6V1wlVKVeH2k9u4D
2021-09-29T20:00:53.580612313Z,2021-09-29T20:00:54.859420389Z,323 YlOx51cBf52hmZsfWqhXQtvo0IjCzlRLkViTsESagyiXhrvWxuGHitlOdGpj
2021-09-29T20:00:53.591339021Z,2021-09-29T20:00:54.879957671Z,328 l9VPvLgdchWWIPOOkEPiUDCtG65vi3hb62tPvh5wgh2Ca9Cns4RGVEWc9p3h
2021-09-29T20:00:53.603384111Z,2021-09-29T20:00:54.900547007Z,333 OSORygdUG4Xz7dRxEx7Sv9YS50ys9uZusvRdCYsJcGfxgfiy2QZWIqF4MzSp
2021-09-29T20:00:53.614262028Z,2021-09-29T20:00:54.922885018Z,337 xsCxBqjaZwbLsSoopBUa49JRhVsB5XHMxN1sMQGchT2MCV30J9laWQpNJDkI
2021-09-29T20:00:53.628115070Z,2021-09-29T20:00:54.942878079Z,342 xpobmyLChLDIwnTadsZcLvlbmDvoDQXdMBFUM4d3RRwcYtaFcDobYfjfrK4y
2021-09-29T20:00:53.641395940Z,2021-09-29T20:00:54.964787896Z,347 T5bxAYRcRods28HawfH9NQ23MYYOWidlyKayM2HjHFqbg6YZd3ZWdBzpRQOp
2021-09-29T20:00:53.653755839Z,2021-09-29T20:00:54.987872612Z,352 U3l0NGrlubBgmUZ9Ev1oPPK8JOUPS792eMLea3lXjMUiduwi1us8NTwa3F3Q
2021-09-29T20:00:53.664125833Z,2021-09-29T20:00:55.005719369Z,356 s4tqPMbdk9rnaYK3osZzzp8a9Mk2fc1yWjVrmafxOC7kvHX0Op5uSOrDFpVu
2021-09-29T20:00:53.675307202Z,2021-09-29T20:00:55.022510596Z,360 zCrDbm5j6cUoQ62v1LFBJ2X4jHLM0DsVjrHUNzRTeG0z0tzCu8a6vrzPvS2w
2021-09-29T20:00:53.688362753Z,2021-09-29T20:00:55.039890078Z,365 aUV9FJJcRtdCfcpURWOIgk0FyV6501aNjDN4ucme0SqAPBw9KeX9qy3nsP46
2021-09-29T20:00:53.701097546Z,2021-09-29T20:00:55.056114102Z,370 cMjVrr4mp1KTG3IxKmdp6mHWZu1ca6tWTg0dupIyPDw66xnKdkxXHYF5NZPq
2021-09-29T20:00:53.712427041Z,2021-09-29T20:00:55.073504862Z,374 BniX2sX4qqsMgJWMCcuClZFPOcBOmrBdcwDY7pZDYgBg6thkQ2Y4M4VTVvnX
2021-09-29T20:00:53.723987039Z,2021-09-29T20:00:55.090568153Z,378 T5X6fjuksgnUhClJNjK7c3IicFQYCWqbs6i3YB62xLSdP27Fkif0e25RioaS
2021-09-29T20:00:53.734288116Z,2021-09-29T20:00:55.114730215Z,382 2CcoW3yrjMPE6S4ACc7M5JasnWsyuTTJEr8iI2dKIe7IJfH21OwrScbUJyKn
2021-09-29T20:00:53.747131842Z,2021-09-29T20:00:55.133642934Z,387 pfyj23cbUzQ78BUwLbfZrvGtLNXjLcVou6OJ4AP46RYAQIjuHEUQlQIOPBMs
2021-09-29T20:00:53.757402287Z,2021-09-29T20:00:55.145878474Z,392 PoufkXNNZMclM4Jnotx9niN1sZoAVDHKWW8EgUlAATMimymXkljYqLvXAo7g
2021-09-29T20:00:53.770037359Z,2021-09-29T20:00:55.157957596Z,397 57GW7A1WN9YS41cwUtdNWA1sMXboUDfl8o6EInG0nOTjwKUwA4ndwYCR7r4y
2021-09-29T20:00:53.785638464Z,2021-09-29T20:00:55.169644427Z,403 eq05JPgMnEbdJEKwjLV9KHhxW3h1Vci4bEs7exC9oQJS5IiIbShC9aLnvk17
2021-09-29T20:00:53.795897613Z,2021-09-29T20:00:55.182764316Z,408 G8n5mhrKOUdS2f89NbMYTxE8yBAHsiH2exEvu639Yowu4smd2P2mVyN5ns1c
2021-09-29T20:00:53.807496203Z,2021-09-29T20:00:55.196270521Z,413 ZtXORLK0scBHmq85TVjySvaeoTbTdzglKgar3q9acamjc5ddNRVAqHhDD3Ia
2021-09-29T20:00:53.820022918Z,2021-09-29T20:00:55.208295287Z,418 meON7R5B29pwHhcYVC8zUZPtzxiMG3PYYnq5YmyN5fAQg7mjY2fnayfAaunD
2021-09-29T20:00:53.832000981Z,2021-09-29T20:00:55.220547269Z,423 JRuzr96zpHanxp1lJlNOL3UBUxYjSiKjAoO5ZpVX9h6VdSsZpdNELdZVCSXB
2021-09-29T20:00:53.843521581Z,2021-09-29T20:00:55.231011505Z,429 cOtzeXsVOnGCXRy5CG6AqW9j8fw7wvXgHzua2C7AkWG9GCuPumDUi811FpvD
2021-09-29T20:00:53.855116047Z,2021-09-29T20:00:55.243147948Z,434 NdocxyFPe5xeOlNd7Wms35IExLyXQuu2QfmlP79RVsy7FUejLx809l8mWcOm
2021-09-29T20:00:53.867325768Z,2021-09-29T20:00:55.257103411Z,440 XSbTZNoYQKsxvtejEiG4hZ2i1fyluQyZSBCvDVO18XJiTpTqkZxPJD7OXjJk
2021-09-29T20:00:53.879557124Z,2021-09-29T20:00:55.269314857Z,446 dxUQIWNaCbWdZ5UNKD4M7plf46NjD7IBa9ICw0VxXalbsvHt8LkFQNoMyE3i
2021-09-29T20:00:53.891429208Z,2021-09-29T20:00:55.281476960Z,451 fElixGo0cIxNjg4qQ8ZrI6hAS4JDeayoCbeKHzAJRTSAL9EuGQzAELLZ4oam
2021-09-29T20:00:53.903392216Z,2021-09-29T20:00:55.294544364Z,456 KJa35S8wqskLBl16uSah9yHl3SRzM2ibxcmQN7eJgOJyZgDE015s0ZAH2JGy
2021-09-29T20:00:53.914502635Z,2021-09-29T20:00:55.306478757Z,461 lzvRYKR9rSW89UJeGULtgIMzicdr4MwE2TKYyC4qtRl1dhqIFidB1DQP9BB7
2021-09-29T20:00:53.925264573Z,2021-09-29T20:00:55.318147401Z,466 RRKHusInQTajFVx4vDhwMHENTkU5nNzm42F62IjExEhv933fwY299vx0wE0J
2021-09-29T20:00:53.936503588Z,2021-09-29T20:00:55.331545486Z,470 AWN19Ds3hHmZ4OQ4G7WrbQEdSrlzb842lnmbpcvcV71kKBgRjj1gbHlghAqK
2021-09-29T20:00:53.948504195Z,2021-09-29T20:00:55.343262711Z,475 JDA0ko2yMVK8KYC90JtIuUEPTBvR8QYvaNuua3Mq7B5cxkSucb4v1x9IE1Ee
2021-09-29T20:00:53.959610212Z,2021-09-29T20:00:55.356028172Z,480 RKuvHr93UxWyqVt9ZARtEz1aw8Ymbhg3ZsW5URBWyZQYwmn08UDThOI3TY8o
2021-09-29T20:00:53.971951532Z,2021-09-29T20:00:55.368539794Z,485 FOHDyYNcE8zl2VkKjS2tx3fB34V8D31beSfSfxMzfxAJzNnKcdUCLLuSL0qB
2021-09-29T20:00:53.985365842Z,2021-09-29T20:00:55.381250776Z,490 6GyvCwk5kNy9TGXVIJF1LV0l6sU1tbaCyiztSyawBtPB3AGbMx0fjrGnUOVi
2021-09-29T20:00:53.998014620Z,2021-09-29T20:00:55.393678478Z,495 AR1qCvR48fAyDsaB33j4gt8peykwkWcaVX8DVNOY0qvXv2cPda2sW21K3rBD
2021-09-29T20:00:54.009625505Z,2021-09-29T20:00:55.404814412Z,500 cV4w0zApvWAONHBPhWwSPNXPgKOPpfR54crc3B9uLF1ECfaXdkfgWs64NFVm
2021-09-29T20:00:54.022386341Z,2021-09-29T20:00:55.417940399Z,505 bkAkQ5LSrhSD8uCvMtciv4SbgwJSeWA3SYv4WrbvYyzLq3v3ub1IisECA6YX
2021-09-29T20:00:54.034452716Z,2021-09-29T20:00:55.429472727Z,511 WEEKFnI99y3GPkKawreuJlfrl3OaJldZOk7izE1wxqhywJ3droP8LNLycG59
2021-09-29T20:00:54.046101935Z,2021-09-29T20:00:55.440564168Z,516 mqzuUDXP2iyV7g1D5IRQmL511Km7v2gfGfBJdrAfNRmvhEzntqdyyYcBOXYG
2021-09-29T20:00:54.056549851Z,2021-09-29T20:00:55.456785021Z,521 RwPQgxhHXmTdMaFXzVALDxQXooQELzP411R1LMRcyOFUohAtCJXSH83maF5c
2021-09-29T20:00:54.067974749Z,2021-09-29T20:00:55.470142181Z,526 Pi2aCvHfhtxJ9mEbHKZTEQ5BsiYAy2KBWc4op9HZMmgfloUGmIcgHX4PoADH
2021-09-29T20:00:54.079952565Z,2021-09-29T20:00:55.481750130Z,532 QOjYw8w2XJfNWVQcBGac8dm3y3WqIqCabkmPOzYDEEynhvd5IreftYrLnVxb
2021-09-29T20:00:54.092853645Z,2021-09-29T20:00:55.494542478Z,538 THuPca0G3obrvpXREJLocQYOhxHf48c0TkiD0U669roj65sNvdNRKE5FiDwg
2021-09-29T20:00:54.105229182Z,2021-09-29T20:00:55.505241886Z,544 t3AVTguBBgPrQZZzbATKQaPSrCQSsuhQMftp27KVseN9XvRUUrTmdIbDIRWZ
2021-09-29T20:00:54.116512448Z,2021-09-29T20:00:55.518635625Z,549 korGmj2dhAZIX3RZY4vq62p9f18HJvC51Wn54y7Ofps7txzcMOVAuftrrssC
2021-09-29T20:00:54.127884746Z,2021-09-29T20:00:55.529794104Z,554 E2LIkZVU6CerrPihQPnwloorC9oGIZQWMON0FniiqO2NWcofYpFOXJOTseHd
2021-09-29T20:00:54.139629710Z,2021-09-29T20:00:55.547036923Z,560 0Xbe9ntiRJ6yTBTiOkwXdawWOxbEREE6U6rVZqlr5VRmIZ3pGb97m3lJZyYe
2021-09-29T20:00:54.151854790Z,2021-09-29T20:00:55.560258096Z,566 YUrYS5pkjfpzQXPL3jLmD1uxPjfaFLA2kf3kAQByCvs7Y2Ie8TQbEPnmqSrV
2021-09-29T20:00:54.164187283Z,2021-09-29T20:00:55.573576014Z,572 dTwgbLyY6zv40ZiQ2qwQrAGA1hwgWAc7MJNgaHxWOpSwVHef813cg92ugWs8
2021-09-29T20:00:54.175382710Z,2021-09-29T20:00:55.585038818Z,577 PpNP9Q63vAVIAPoYw9kqcuDLG3M88OsGQJwWnTk7CVtgbxvgq1MnQomsARje
2021-09-29T20:00:54.187926508Z,2021-09-29T20:00:55.596659118Z,582 ubtPmAsO7BoMRHEYjJOhlvdPWRjVaUpoYy9esHPvPJyd1HIe8H1Jmfnw6IZW
2021-09-29T20:00:54.198469930Z,2021-09-29T20:00:55.609656415Z,587 FqYKmL3yAqF1ZjIi90rUNNDoB7TkZwtDaUHDo5xxux0ekxB9P9CF3cVxSvma
2021-09-29T20:00:54.209536446Z,2021-09-29T20:00:55.622221495Z,591 AZPThuraTETn2l0d7fPAstZiqXc0vYsKuCHxHrfAeg6DSiLwv3Z4X2dQO7WQ
2021-09-29T20:00:54.221458835Z,2021-09-29T20:00:55.634504839Z,596 lD6NiQgiQGxdS3Mg0lGxNT9s9ayOwB5m0tXiOQ2OhDC03Xd4gboPvudZHKE7
2021-09-29T20:00:54.233529882Z,2021-09-29T20:00:55.645603754Z,602 PGkCVC4rl8vqXqmVy1ee1OlL4BM8JtjRjv21Pao6ZMIwv2NHuYvElqwXi6Mt
2021-09-29T20:00:54.245638006Z,2021-09-29T20:00:55.659088589Z,607 ADSkX1I3gQTy3jReZLfDtAl9ZpGE6QWlda7J23iamZFvEWGSQeUgo7DaTyjL
2021-09-29T20:00:54.256745394Z,2021-09-29T20:00:55.670963673Z,612 S5tB6fVisoW8UU210JFsSW4BU8gPE8rEr9pzKS2YdxXLanIwkQcPMXDqwl2o
2021-09-29T20:00:54.267561826Z,2021-09-29T20:00:55.682119057Z,617 oSWuox589bsErLJtstdz6CEa3neW96VAcAbM89OVO2KvPENgONfRAUbJ2tlf
2021-09-29T20:00:54.278681239Z,2021-09-29T20:00:55.693629444Z,622 SqK4PacbDkeDZEgOwYK16jXDdbjq7hw0d5fXVPYPY2iISN9Q4zmuZDZzVUZJ
2021-09-29T20:00:54.290328127Z,2021-09-29T20:00:55.705530229Z,627 Krq6qQYuoZmF8KAAy0fMFV9PhXqbXOfaC7Fwbt8evuVwlTcn6WsdCCM0k3bW
2021-09-29T20:00:54.301456139Z,2021-09-29T20:00:55.718288033Z,631 EndIfCw27LpdUvjSaJFYtwT1BVAcvqja8BHVaA6hsHdcr1nZUwR4PZfZaiNv
2021-09-29T20:00:54.313690231Z,2021-09-29T20:00:55.729921278Z,636 QwuqtOiVy1bd2QZTQV9RZT6d94cgKqCDgnfHbcFObKnFMv7VsEeRm6zElWvx
2021-09-29T20:00:54.325900571Z,2021-09-29T20:00:55.741709230Z,641 KzBy3hGEKosoyy8xWAXygb2SMmb3oiDyFa5PaCbrT8W0V8MTKtUvmiSS5pXC
2021-09-29T20:00:54.337871185Z,2021-09-29T20:00:55.754588383Z,646 zzClA65k2SMkbd5JBfmruqMORkn95c7pulL5G1jPVxsdNc2snvWTKbCmxzPh
2021-09-29T20:00:54.351227414Z,2021-09-29T20:00:55.769122418Z,652 v3S7mZ00EdRtEggWvc1ATT5uZNoOSfW0AjJVJh1XBuZAjkIDrJvM3Ssfa2Oa
2021-09-29T20:00:54.362384871Z,2021-09-29T20:00:55.781662264Z,657 XxWzBaOvLc6cjkcKrG0Vrlinnf8PXjDOt2sltFr4wkCpzks5DaIWXvxlR1Ej
2021-09-29T20:00:54.374460997Z,2021-09-29T20:00:55.793027570Z,663 JifGlPyxWT298MbCa2oWkhRtz8f364xkkPOuXzXlxcMSJMO7PIVYrlh7Xcp5
2021-09-29T20:00:54.386582397Z,2021-09-29T20:00:55.808834325Z,668 IBP643dugQvjJY1u6IOtZuFadg5OV0r1wfjHFYpY0RAAwBt0Mw62PUJKtcC8
2021-09-29T20:00:54.399939624Z,2021-09-29T20:00:55.831078556Z,674 YfJ1NCOVY6IHMUH52c4DLeNgVfu2ZufFAfz9FrC8u8DfYgL5D3CpmMsNQqTd
2021-09-29T20:00:54.422062815Z,2021-09-29T20:00:55.842303086Z,679 CI87eObqL6cHicSMGkmS4MSdKappY7JSrAWJiG62GuWnJAClETMHOpfo6n3h
2021-09-29T20:00:54.433872398Z,2021-09-29T20:00:55.855525149Z,685 MxsIJloGVRhT1YkRj0YaTJQxcZpGCpyAHwrWOMgZTPatCW0b1TbGa7K7uVpg
2021-09-29T20:00:54.444282439Z,2021-09-29T20:00:55.867898569Z,690 P6pT4QSiMFUKho6mbSOVRcc428RXBOdWuG8SyokY7xtwiLc1o2VKEINc9NEG
2021-09-29T20:00:54.456459118Z,2021-09-29T20:00:55.879286412Z,695 lwhwATTMANy3djosI2HJAjlne9s4SyV7lx7WeS0ErZATD09z0ciXvliDjmyk
2021-09-29T20:00:54.468906658Z,2021-09-29T20:00:55.892518539Z,701 ESnsdVf8J0eAhgAVkke96tna5HwMMbYWzNGqhNnEBjsuIDDUkMIZ4hbcw2XU
2021-09-29T20:00:54.481181540Z,2021-09-29T20:00:55.904329726Z,707 rngEAAbLW7LQG15H4vVRHK8loJqz9XGiv0TdCQf2psOSGfsvsNpyiXbricbO
2021-09-29T20:00:54.495339291Z,2021-09-29T20:00:55.917269714Z,713 XGjci4FYwQah6l6BRsnlLBPICevS2AJEJutHQhHPqRZBtoe46tsNVkVV3IR5
2021-09-29T20:00:54.507426587Z,2021-09-29T20:00:55.932630057Z,719 tpgvDjvUpWmKm62VrAnfcrrPWR0zMT2hZrewrwpNA0qUA6T25UqnqYFW6LLc
2021-09-29T20:00:54.520750550Z,2021-09-29T20:00:55.945715194Z,726 wNvzF87EYGh1Axz0Pk4Ljx6RmPr0w2da9ZOk9yKOMK3ssd1xD0iGbK76dBvw
2021-09-29T20:00:54.533823462Z,2021-09-29T20:00:55.958695068Z,732 MvaclH08DsTksgqKYWjK3VOV3Fv2l8AK0A7hai41FyY0EPOdxn08QF72CNE1
2021-09-29T20:00:54.547279227Z,2021-09-29T20:00:55.970940180Z,738 Uwceqol4pOJk7ZE5JT2GPDbwV4EnFCXB8hY6vsQlR1vgs94mNeNhkTy9uwxM
2021-09-29T20:00:54.558480826Z,2021-09-29T20:00:55.983890549Z,743 J1b8JlFEGes39Dp8a5rDAuwldtMfeJfPXyYbvjBX9OdkaIMBq5w9IDksvdjF
2021-09-29T20:00:54.570187691Z,2021-09-29T20:00:55.995798169Z,748 B7RlQo8OrvAxVozyHrO5mYSrup4lhlndieutliW1dkFODRcScL8lrjBwDM0d
2021-09-29T20:00:54.583166893Z,2021-09-29T20:00:56.008185364Z,754 JDX45qizSy15O29idACbdBIxhmUFrehTaL2Yj2KYCuMbYx0ZEsLljzMPnZql
2021-09-29T20:00:54.594538794Z,2021-09-29T20:00:56.019780358Z,759 O2kRndZYM8B7JDpwXXocl1iuFvWrf3uoPTOVds8AD1TBWk1QFnTOrHGWPKcq
2021-09-29T20:00:54.606850562Z,2021-09-29T20:00:56.032176820Z,764 uOt3fneMbm4z82saXbZkpbW3koFgYSQ2q68ogtTuzs6InG76ckEQu5JCdOQ0
2021-09-29T20:00:54.618596046Z,2021-09-29T20:00:56.045431014Z,769 FiNugRcrEYcYRFDLZuJhcMeF69MVb1k2wsLzVIQNkL6mQ8rHypzKr7CVQWnD
2021-09-29T20:00:54.632431411Z,2021-09-29T20:00:56.058067920Z,775 c3oAZZI1J4TOSxMNfpetv7fE7kIUgw0ygmHJKdFlPjPsSpsy4Pwi0t0cCfSg
2021-09-29T20:00:54.645109769Z,2021-09-29T20:00:56.072446775Z,781 wDOiyse3BFQr8P3XC0fdBA4tSWXBvQKZFtN5sheEPwe5dcx3ShoJXNVkLD4T
2021-09-29T20:00:54.657403133Z,2021-09-29T20:00:56.083897298Z,787 OmekNMoMcw6sJEr8ptzx68EQ047uj6XOkhPuv4H4BcsTQoGItjAXcCv8QrSc
2021-09-29T20:00:54.669444342Z,2021-09-29T20:00:56.096059655Z,792 EdX5P0wutD5s0lybQXHehhsJr7ZeEW3BFazlXYNMsMPN0BIBLHe7zu1jZ6dv
2021-09-29T20:00:54.681342312Z,2021-09-29T20:00:56.108131480Z,797 ylhktpR710RsIQ2HPo7Eck78Lmbr4VZTdbEBVGC1CFNXUGn8duwphtv6fQ5n
2021-09-29T20:00:54.693643826Z,2021-09-29T20:00:56.120830707Z,803 eWXsBBAbyC6q60crqvjNfPXaK5MiqCNXtf4J13dcrnxwXHAMaLPNf0L4f4Am
2021-09-29T20:00:54.705984480Z,2021-09-29T20:00:56.133196972Z,809 E9Zt9Rcb9oOO2ToWmXnjnyd8xDOq2UFH1sUaX3TsBohD3weyYy6Mu02BHhGr
2021-09-29T20:00:54.717105036Z,2021-09-29T20:00:56.145377148Z,814 kkRYLZB2OJrmt1eUQgTs78inzlRatNSUdh0jFG7azzJdPl7lK5CvD1ZiEUuf
2021-09-29T20:00:54.729415152Z,2021-09-29T20:00:56.159707446Z,820 hJG5ARR7M9OP52HNVlBR9m0WZUr4dEmDjNerD2QYDlEgkXC5QLCt5nnR75bX
2021-09-29T20:00:54.741331137Z,2021-09-29T20:00:56.173053654Z,825 N680MpXVwcWruqxoVf7n2dVGUI0nClYsBKGF3UQkOM0XtRQC3qNjpuOQoiYI
2021-09-29T20:00:54.753936933Z,2021-09-29T20:00:56.185991063Z,831 eZMUWYblTHlK9eIWDrl8jLyNHEXe8Vti7PkoOOpost45iJBrs2zAWlgaLR9i
2021-09-29T20:00:54.765443072Z,2021-09-29T20:00:56.197780738Z,836 0GYXZUogXlgfSpyXR8oglP3E7w0wXdGPydLOPZyORztOrAaUiDP3JiKRq71K
2021-09-29T20:00:54.776162522Z,2021-09-29T20:00:56.210442664Z,841 P25lBspQYnVq2n4I728m2EovtYoJGBwgcwKFXvFcheczhbI2tLLEgVi6yb7v
2021-09-29T20:00:54.788848431Z,2021-09-29T20:00:56.221866665Z,847 6K2GGjXQlCbDmIJOzk84gxlF0qYudHMLYHrUG99DhXrvNcJ4R3igj8OxVreV
2021-09-29T20:00:54.799044190Z,2021-09-29T20:00:56.233054647Z,852 Bx0FbbqznCwLR98L7NbTF2jJ38nbKVxJXyAGovrdYXGZaZe0rLuFgWsTsTGY
2021-09-29T20:00:54.813917704Z,2021-09-29T20:00:56.246682495Z,858 qT0zjw6xIup8N0HDb4Bh7KabW3JIZ13W7rUXeOzTjNKGPDHV3l8Ifoj0oYIR
2021-09-29T20:00:54.825022923Z,2021-09-29T20:00:56.260649451Z,863 BNoCKfTvIrTYyIvzmZSkr6afkONpvHpZDFisZWaKGqeayZTKEMeZ2ZZnhvsh
2021-09-29T20:00:54.837238832Z,2021-09-29T20:00:56.272756503Z,868 LaItPmEOylEcecpeLPAytG0oQ1PBBViov8FFPIYleElo3FqobvGlqmx5ndUC
2021-09-29T20:00:54.848831016Z,2021-09-29T20:00:56.286376466Z,873 bwxSuHrXeqBXQylJFfOXgbqZ0mRkWAH8mGYIW2medrv2DTobdI8luUGdynoH
2021-09-29T20:00:54.860308308Z,2021-09-29T20:00:56.298126358Z,878 QSeHuc2MfpIo0wPFo1E93dnpWpbJvFkyu8EmhbXNPdhpigKzcbGB9oQg0GWW
2021-09-29T20:00:54.871689814Z,2021-09-29T20:00:56.312287345Z,883 JBaOLSm8YyJlUIDrNFOAlkdCrsy2NnryP80Abq5uBfTBkJcErIhBSnXivNHe
2021-09-29T20:00:54.882819370Z,2021-09-29T20:00:56.326254604Z,888 foGN1ekguSsFVbNr64yHvtjpN8KEv0KInZYOcMNBmPuoxvcbd1pa1rJI3Udo
2021-09-29T20:00:54.893890633Z,2021-09-29T20:00:56.340712473Z,893 CUNTpJl0xdtXJRqswm1L6aXMBDbw1cQoKqtxvZo752JvLC4hFoEBcUBADJOH
2021-09-29T20:00:54.905858070Z,2021-09-29T20:00:56.355956793Z,899 HKjGg8PBQYCTDPl70Bhkzd16FKAEEjdUYNUOeOLqqEYl1eAU1nXDB5AGP8Ab
2021-09-29T20:00:54.916614563Z,2021-09-29T20:00:56.367730788Z,904 ZznrLCJHmv5erXkEM74G6l32kWoDxUJK5cBIuaaz8SmfWxq7On5fScfD6Rtt
2021-09-29T20:00:54.928614238Z,2021-09-29T20:00:56.379657239Z,910 WKQ0KeElESIquzdft7gJ188nscPeFUugU77pAEAftWcEkcpwXwAlwXBRvIBY
2021-09-29T20:00:54.940355414Z,2021-09-29T20:00:56.391850230Z,915 ZV8WWOWG1DqvUkA91zaSxQ9BIlvd4beEtolvGYXUodSjDsw6q9XoEDHxzmi6
2021-09-29T20:00:54.952066153Z,2021-09-29T20:00:56.403881274Z,920 Qr8mTCs7JVIpvqfiSghZdr8RpFAfLJLPgqYzgxoiTLu6i34qUCEKDalLxgG2
2021-09-29T20:00:54.963689126Z,2021-09-29T20:00:56.414987580Z,926 gY2mDJWSFkEPueK5FOx2eLItur1LiSEXKKMJnkeqDpq9QREfEeAuIucECcoI
2021-09-29T20:00:54.976006534Z,2021-09-29T20:00:56.425976536Z,932 1U7z3BKGmRy2k8JMggWjSxHjkvGk6hDZurmMK34ATie9JLJCoIm1OsX3PX4i
2021-09-29T20:00:54.988983423Z,2021-09-29T20:00:56.446709298Z,938 gs9tml4EDNAzWhtFIWM7gFxcx6FtUZE4aVvXykaMRauV8AeCcNfIu2roZkvV
2021-09-29T20:00:55.001450554Z,2021-09-29T20:00:56.461224136Z,944 hLZCSSVbvTmQIyyhYYzWFE7qbEh6qinN9kotqSRGk4NOAKCFCR6DxEwUk8uu
2021-09-29T20:00:55.012575131Z,2021-09-29T20:00:56.475032091Z,949 u48ji9HBsKRAb2H9phkChjAdV6WGIJxB6zrGyLim4UbAb7XmuxXc4arvdwpv
2021-09-29T20:00:55.023359595Z,2021-09-29T20:00:56.489054913Z,953 oI4jQ6SzrK2AI8Z4eqx3pByEfKNSIPceWeJXuevWbDy6DxSQ9HE7IygCLPAG
2021-09-29T20:00:55.037391195Z,2021-09-29T20:00:56.504007479Z,958 NqZLrKy5xY6kwGtDGIUwdInPP3FqOpnQHBWzdRrKadvn2WpTjM3unZRIrpQg
2021-09-29T20:00:55.048523799Z,2021-09-29T20:00:56.532982526Z,963 c9UpbCUf8OazxWO1Zs7nbrDKyK4f2Be64vmtIfHg8Za7e5obaraS4uLl2YkN
2021-09-29T20:00:55.059512840Z,2021-09-29T20:00:56.553098651Z,967 OWhBHAfQ1Q9yLeSHCGn9Ox7kl3rFgCD8YXbYT4TeOy8ve0o1YCsmm6eqhfIh
2021-09-29T20:00:55.070904833Z,2021-09-29T20:00:56.567888955Z,972 reFe9WZAwX8OdLFHz8dgjqIuNQBZRKnpdTIEIfkQ39oMaOW1OoRIdS6IGULi
2021-09-29T20:00:55.083161642Z,2021-09-29T20:00:56.583161897Z,978 PnuTlfqMnxjDpteXK2lJT0RdIjZul5UMze0y5foHkXP1CVPpwfxWzo4tIW17
2021-09-29T20:00:55.094694396Z,2021-09-29T20:00:56.595447721Z,983 2vuLlV13RSj8mNfs8dsaEP3cYOWuQIEbiWMswqgMIK75bYGcw2AxVBf6HYLl
2021-09-29T20:00:55.105386301Z,2021-09-29T20:00:56.606178920Z,988 XMSMKX6KYhloqycT7cpfSsLFyylIiPhQprPO8CIWK9MNfKRk6mN38R1vCT8h
2021-09-29T20:00:55.116399875Z,2021-09-29T20:00:56.618904016Z,993 7AehsjGNVeCAm2rSU7dyF5MJZVlZRjH6tHWgtSxJYeEyynsQnyPtEE26jQ13
2021-09-29T20:00:55.127497776Z,2021-09-29T20:00:56.631088648Z,998 ozeVt7EzZn7hslWoWkgXv4as3brpBm2hcx8NeawGzct5nXgw6eKBQcDHY3yu
