2021-09-29T20:06:55.951223343Z,2021-09-29T20:06:55.958286234Z,0 ixbZaR7uXRgsMvjqBe7nijac60YCSY0Qlth9uf62uFan8UZ3QFhHKY6PeJBUX4
2021-09-29T20:06:55.952550797Z,2021-09-29T20:06:55.981956340Z,1 Khv9p2SlXiKG52DCvR16VPC8tqBJnunzjnqT72i4qz3bkaALP3gjuU8k6E9sh2
2021-09-29T20:06:55.954671741Z,2021-09-29T20:06:55.999899846Z,2 QvVjTn79vVu1THmHXm83RcWw5t4Pg0VTejugiBglNbTMFANJZysKG3ASL7PqQU
2021-09-29T20:06:55.957262837Z,2021-09-29T20:06:56.015936014Z,3 2oN5IxCiKDZeErsmuRHMvkpjctJGkK9tqZkseS7E6JnE0wMrTP9uUIrmcS8aG0
2021-09-29T20:06:55.960168258Z,2021-09-29T20:06:56.031254051Z,4 rah8DBHk56JMpculMtpTsTLXTyNIqYE6qUwvHP3foFsHPS3TNuLFLtYi6N7pf1
2021-09-29T20:06:55.961483494Z,2021-09-29T20:06:56.049139158Z,5 9cDzrYj2tSpoddy60s7VhZ2S4lrxnfF9mAqIM9peZ3HUUOlzQ1N0OBgGKX3LUt
2021-09-29T20:06:55.964460516Z,2021-09-29T20:06:56.068177154Z,6 tNX7wDFPd9pzaAhBWYkQuo4qSmKWTeab9GEisMaY59jV8dqeBlR0WUHxLp3Y8X
2021-09-29T20:06:55.966864330Z,2021-09-29T20:06:56.085562044Z,7 Vi2hMHdhqKdHnwngZtJAKdwjju9rassn68If5cZkaWMj9mdNfoF92kSe2Mw83H
2021-09-29T20:06:55.969178222Z,2021-09-29T20:06:56.104448444Z,8 cWraWJ4mP6NhwvcLVB5EksJavPbNYzoOymLwvHyVpnm6IUc8rqQw7dTLhxRHkK
2021-09-29T20:06:55.970262042Z,2021-09-29T20:06:56.124376345Z,9 SWZqW9XYxNTibd0NvTL3DITynF6OaMBOYfjdHvyEqRFNyhRx5ouW7iMVRzQ7Nr
2021-09-29T20:06:55.972785296Z,2021-09-29T20:06:56.147326843Z,10 DJEsRrEpGrpT1elLbBaKI4vwWAdRgO1lbMThiuuYa2TWVr7fVV8imCmxPT4VU
2021-09-29T20:06:55.974870781Z,2021-09-29T20:06:56.169791303Z,11 cZdgE6s1BsfwracjKuTVji1N3ZIHykEDYoJWMvLOPMbfVn5plTqaasULvUgY1
2021-09-29T20:06:55.977816571Z,2021-09-29T20:06:56.193747770Z,12 oo8y1jJwe3JVZnidU4IS48ctm1hdh6sN7lGCzdszmRzMc8WSkY5YJY1Gtplig
2021-09-29T20:06:55.980181660Z,2021-09-29T20:06:56.218291480Z,13 a31lO12QwMvN5LOxbjj7MyyNqv99TH0m05AKjo8B5lLFJ3JqWfdOsTyfDTeiU
2021-09-29T20:06:55.982150915Z,2021-09-29T20:06:56.239475249Z,14 iY2TxiY05F74Jf66kONB1iSufW5OttUDVMvI4sexGAcMLaMcUMWPzop1WDmKS
2021-09-29T20:06:55.983390252Z,2021-09-29T20:06:56.262569987Z,15 JBipELYsE5bZvCMWmQRiND3HtnyiSTP8lJHM1d0SpzvIelyIWHkxu5f33kiKI
2021-09-29T20:06:55.986221560Z,2021-09-29T20:06:56.279998282Z,16 o0SIOMYjeW8bMyvvTkT2ymWaSfF1amcuNDS2vtDJCvzuZY7pFZrjxh00iZAt2
2021-09-29T20:06:55.988979179Z,2021-09-29T20:06:56.298298883Z,17 MvJcXM0FxNItqnOeydZa1ylS4VcM3HXMXo4zUCvUpuvwiVLaXHLCYGoWYunzN
2021-09-29T20:06:55.990734297Z,2021-09-29T20:06:56.314921008Z,18 B3PgMoyNkjiWvFTQoOMptDaYYnwueqesofCA9V6merR42UdrQJtGxjIJZZjDx
2021-09-29T20:06:55.992340529Z,2021-09-29T20:06:56.332011851Z,19 DAU0Qr7YP2FCYDXu3BmSxwHqsTi3fhqGnU0EPMZd4jHVOgNS5rfSgIkiQxtQ7
2021-09-29T20:06:55.995037348Z,2021-09-29T20:06:56.350663006Z,20 W8ssDjtvEOPMD2cI1y3K1dksvaQl7TwlcryUn70WwQAFaB2ybmlthN9ju6CyS
2021-09-29T20:06:55.996272714Z,2021-09-29T20:06:56.371429175Z,21 SWsi4DCcg0U9vPDVTvhF9nKwZCMLXnCIWpWHxovLdoAj51i95Cz6or75DKWi4
2021-09-29T20:06:55.999258964Z,2021-09-29T20:06:56.390451325Z,22 k1q72IydDjnajHyJQ2iIIA87uw4iEXl7nsx133KSSBH7QgzOD2OEAhFISEoaX
2021-09-29T20:06:56.002202761Z,2021-09-29T20:06:56.409424608Z,23 iBsypKueHymdfveMOItKqsr9GHnBAtbiPlZCM149RPc0oELk3wXJnVh5paxwQ
2021-09-29T20:06:56.003839817Z,2021-09-29T20:06:56.428561199Z,24 MdGBEFlAvVYhfHrfyAYFrR5NxuWJZTPJr9gjsHbwjFsgN89dpbtObEPjmKnfv
2021-09-29T20:06:56.006740788Z,2021-09-29T20:06:56.446229550Z,25 BvoO7kgMebxP2HXYVcgjRJ5uYNAQKUYIGNGTGFGPz1DAzG5gVmpTMh0DhwhUw
2021-09-29T20:06:56.009054311Z,2021-09-29T20:06:56.463854363Z,26 xCoVETddKxXrLMlGwfzIxETZkcCtQOyj27MLemvm1SsxtsbZt9U1121CRPO95
2021-09-29T20:06:56.011308869Z,2021-09-29T20:06:56.482263369Z,27 H368pYKldHdLwUhmbCvDMyb0SmiFmcDA6vDWCUkfPpP1Iu6noLKfpS5UUn16a
2021-09-29T20:06:56.014351231Z,2021-09-29T20:06:56.500593605Z,28 ON5SKiswMEvUATU85Gu8AF5yIfmYrhD70uIplTCCWOXNnpOhLPuJUZ1NP4p3O
2021-09-29T20:06:56.016677639Z,2021-09-29T20:06:56.519163408Z,29 rc3XOO4bo5yyDNglMUQR45tOIpfJVYmrOMUHTUEMeYinMDI3Pmu0naR0ScxCR
2021-09-29T20:06:56.018458164Z,2021-09-29T20:06:56.537508536Z,30 RrKSVEeoV4DEFxH67aYcqyqyofprKO0GC3Pr2H5f5YofbAMZJQJe5JfmUZB62
2021-09-29T20:06:56.021367598Z,2021-09-29T20:06:56.555395879Z,31 hiLa19r6p6UEcKJDaAy8RwbSiPblIPpiZpS8QzmGHtlhQ9SmjReJWRpKHkFUO
2021-09-29T20:06:56.024331280Z,2021-09-29T20:06:56.572717069Z,32 owyFB2erZZxN1f1G8EmeM9gybZiED9XjCnWxNA108d33tQRP5MKXITquZ1AAl
2021-09-29T20:06:56.027197817Z,2021-09-29T20:06:56.586238149Z,33 psca0XeTpxTne6fQl0Odbcay2kCL1JjBVBqZenMpBISeRuzLndk1p1A8BB0Aj
2021-09-29T20:06:56.029518987Z,2021-09-29T20:06:56.603326210Z,34 xpScrwoILBPM0JYKJGYm1n2LEZqbT9Ifoq1OhsXg8GCcDlT7KiqWoGfNzuY7Q
2021-09-29T20:06:56.032419790Z,2021-09-29T20:06:56.620459080Z,35 7aLSDnDBo9mkUP6dzs02AXpWdpzvCUuOurVs3NMj25w3OUxK0ZEuAoWUwA5cW
2021-09-29T20:06:56.035268957Z,2021-09-29T20:06:56.633731547Z,36 lfHCgAjRosTYUw8lqlJGDMg2pIUwZcXcRgobkTJVNGmcKC5hXHEpjl4lJ4oAc
2021-09-29T20:06:56.038339928Z,2021-09-29T20:06:56.649700629Z,37 4aG3aL5h3bNcQm9lpGvxRQnlK2Ms35hZSdbu29K1KYCB1mArIEHcxL5XsB7ay
2021-09-29T20:06:56.041458141Z,2021-09-29T20:06:56.667580364Z,38 Q9ldPh5Bw0p4EmJrFM3Ozb49aTJ08bvGDAQNsxAdzeR1a30VjnlXcCAemtvg9
2021-09-29T20:06:56.043227846Z,2021-09-29T20:06:56.686598500Z,39 E48fBGdAcr8iCFDFbL4NvltMCg1XXinyFxz8Y2aE0XTrH6TmyNbaSiqTY9hkz
2021-09-29T20:06:56.045333225Z,2021-09-29T20:06:56.705112413Z,40 HMMKPhP33PF7LtUFtBVrb6ZwslsIgBmkhRG4HaArcIYF1E635P12zY2fpvfKT
2021-09-29T20:06:56.048693822Z,2021-09-29T20:06:56.722838919Z,41 Usk3t67LJxt1hcBv15OSQ9yAmFmYRqrdoytZJrbhh6dRXyQrlJHkkSgs0b7gP
2021-09-29T20:06:56.050570097Z,2021-09-29T20:06:56.739490028Z,42 hLBi7Bgb3TP8SQCiifREDoZP65dPhMJWIxPPWWUxzM8xIBQSbZtSBsfmOznoP
2021-09-29T20:06:56.052426572Z,2021-09-29T20:06:56.770094675Z,43 w2TbGCXQwFFgiQwvLycqn0tAakJqHqbd9uvQeOCujLFia3GKQd1L5Uj73VhEG
2021-09-29T20:06:56.054233171Z,2021-09-29T20:06:56.787488689Z,44 S2CiuNC4JvrWlv4Z5gOv1kZh5HpWyvtZ0xDqWWV2Q31ntVfRKNCSUkrZjtu9y
2021-09-29T20:06:56.057101190Z,2021-09-29T20:06:56.803593918Z,45 Gu9tKydIqYWTvrusiGpCj20nzBxwjKHOw5pg9OdmE1Bpztjz0VDVLP5bSdOD9
2021-09-29T20:06:56.059082591Z,2021-09-29T20:06:56.821322627Z,46 eLkZXTVpQORakXc6LkNoEldkXpESU9VKJy0dymtdUJ1IrHD0yk32IrBPwTmvb
2021-09-29T20:06:56.060290421Z,2021-09-29T20:06:56.839979732Z,47 LE6QDpIzyHfbrKAyzTyKKvgz83Ryrp7AVtCdWdz0xMVP7nbu0h1SYbU9Mf2fl
2021-09-29T20:06:56.064002356Z,2021-09-29T20:06:56.856590727Z,48 3x4IMim6tD8SpJ2TdiQnA6teMohRmdmr0NCgaaE9ZYWeXwHGuepDITXkoGJAt
2021-09-29T20:06:56.066153979Z,2021-09-29T20:06:56.878098393Z,49 AgUoBfPoSb9LMcWnL9nBhE3gL9Kj7p4uIXtOYUA3mL68VHWwsr6VRSnwpd9ZU
2021-09-29T20:06:56.067321289Z,2021-09-29T20:06:56.896797752Z,50 ohcwo7z6oMBNLg5kkY8KOCKM6cFEgbPLKRbuXtYY61hLoakZzgJ83QwBVhmIq
2021-09-29T20:06:56.069443084Z,2021-09-29T20:06:56.918402350Z,51 A2fyVshAULRad6tnlaEHgHKwRPjJKgVSyP9vefqcNP6aO5aPNQ7rdWL7dp4Q9
2021-09-29T20:06:56.078030965Z,2021-09-29T20:06:56.939054910Z,55 3EWNFdJA1dVrLY7AisHYnYNRQHVlFqeDCkyUNNTF8CxEKYdTXw5VwYos6Bvub
2021-09-29T20:06:56.087043728Z,2021-09-29T20:06:56.959326226Z,59 RfNZaKSENI5wYBQic6dzKjhwTaAmbxJeBsdBK8US5lHKjSHLWQdZ5YmCivdip
2021-09-29T20:06:56.096371942Z,2021-09-29T20:06:56.976745505Z,64 HqZthvSGZ16XK4KKdQRkMQHZ8rhXaAsI44S2WqrX5g2ZA7Mpx8UjPZV9d7G24
2021-09-29T20:06:56.107294904Z,2021-09-29T20:06:56.995931346Z,69 BKO0rpF1wKUjP6pAQNcnkrh5xL1bcFXVkxhLDGA8HzdGG0kSOEgcbuM0rBkiJ
2021-09-29T20:06:56.118342094Z,2021-09-29T20:06:57.019243431Z,74 JwVe9exT67DQqSpYAf3P0N44VvFnVODGAYus9Itw7udHGgXBj3ngrHnksiadx
2021-09-29T20:06:56.126825563Z,2021-09-29T20:06:57.043387896Z,78 0RLVRS9UjIbdrVpofLaAse25Hcipi551AuP5iutG7pqlj1d2o7OMcRknYh3YF
2021-09-29T20:06:56.136804246Z,2021-09-29T20:06:57.068151168Z,83 KoKChu0Z9DxjsPnaCEKLEjkrDlca9Y1sUfD4DE3sSm9EEM36LFnVeoTeGzLmA
2021-09-29T20:06:56.152852160Z,2021-09-29T20:06:57.084906827Z,89 cfsav5KtrAgwUwsEjytfdxDaziLMd5bfsZKyw7wt9JHW88NlZM9fJzupOsoI7
2021-09-29T20:06:56.164223271Z,2021-09-29T20:06:57.102375096Z,94 ZvmvNMBQH11UT6V8fgFS8waonTF6wDHqtPsit5W35sUyvB10EeiKuFY1vJ3aI
2021-09-29T20:06:56.172904006Z,2021-09-29T20:06:57.120121400Z,98 6ME0U8bDqVZMsPDXRWZDYXIQ5raVVP2hA7v3bcMrdAKv4BnNWW5cK2fszQ7wp
2021-09-29T20:06:56.186335357Z,2021-09-29T20:06:57.140201964Z,103 h6cZd7HtdnQlLCwdIzKIqyP5drxoguNYlwdLhTN9h0ZTkz70m3i5cYbLmB53
2021-09-29T20:06:56.198804297Z,2021-09-29T20:06:57.161578627Z,108 vs62nL6xPPxL5VT6b2NAI7FCRgugYFLpmTgL9I6GS5qAGdBY0j7FTsrQBKTJ
2021-09-29T20:06:56.210428328Z,2021-09-29T20:06:57.181090364Z,113 UAEapUXVJBICwRodnI8zjczpbCN2BHn4axSptrv838Lusbqk3JqXAd6Tb9f7
2021-09-29T20:06:56.220258067Z,2021-09-29T20:06:57.199635855Z,117 Fqh2h4bhntHaRWliEk8J4T9vgoA0yDjZXcvLy71zXxxlQoYz9adK0s2lEWt7
2021-09-29T20:06:56.232825776Z,2021-09-29T20:06:57.218714270Z,122 7yRQmkeP2inPWMDs4y13Q5s2g7na7TJ4jK1itZQGyNLSNHzwqaAA15quSL8U
2021-09-29T20:06:56.239955884Z,2021-09-29T20:06:57.238650146Z,125 Ye9jPT2wZlCnalo31tREmqLZGza1xFBkNekqkSzEZFADkZjSXDJaXm8QVGju
2021-09-29T20:06:56.251337092Z,2021-09-29T20:06:57.263322041Z,130 HzVCXU2H6SDfx0cGqpBRIVXKe33hbdYJtah8waXemaNzUMcJSB6tV23zcKFx
2021-09-29T20:06:56.261063097Z,2021-09-29T20:06:57.286652028Z,134 DczTZNJivky3DUpX72PgoSMQRUmA8spaKk55kw4lvbXKrrr1USeDOwPQogSq
2021-09-29T20:06:56.273425509Z,2021-09-29T20:06:57.306976918Z,138 KxdzaSafEQ9r2BESj6rgTwV9pZvIjztWFLmkOQwuGM8fRWemPpBC8Y2dNiH3
2021-09-29T20:06:56.286667890Z,2021-09-29T20:06:57.327224480Z,143 vBJ157W4i63qZT3RdZGToiQbKqQzqvZ5idC8Y9jwVPYWzmPYnd97eUfpefnU
2021-09-29T20:06:56.298590536Z,2021-09-29T20:06:57.346046774Z,147 QM4nLgIv4GjjSs5DAZEf0husbTEVmQrZPZsYBYOvYK1daIkZRWJJmhnXIBOR
2021-09-29T20:06:56.312130326Z,2021-09-29T20:06:57.363604216Z,152 pg11mp5MacZlTt86gnt4A6nu5krKcuqGos5QP1SIKfhCHIEoCiae8oIQE5pY
2021-09-29T20:06:56.323014291Z,2021-09-29T20:06:57.386823552Z,156 vUyOThKGmu67tDiy9HIhddKSmFouqyjYgLbBaoV1Y3PAUukx9y00foGAcJDa
2021-09-29T20:06:56.335863678Z,2021-09-29T20:06:57.405819472Z,161 ZmnKOqP9B8gLNgMV3sh1iHEC1TsoZbnToyOp8e2JtHFMcP9OsWOpms4iAdGj
2021-09-29T20:06:56.345612127Z,2021-09-29T20:06:57.423501653Z,165 Dlfxw6cBVE11JMuXj20zZAsRxbvwRhfiaqFfJR6aKZGwx7Ntc9qMFmE5A4hB
2021-09-29T20:06:56.357347287Z,2021-09-29T20:06:57.449713205Z,170 j0Hwst50WvaFqjkLKifIe2XbfTWn4wcXIeK6XqRz4Yg8nkTzW5xybwZAPdL6
2021-09-29T20:06:56.370914037Z,2021-09-29T20:06:57.483602151Z,175 M5I4GoaVe3Hithot8JTNnHUr78KEt2RsTvrzfKF8xIUPBn8oczjoAe77vczT
2021-09-29T20:06:56.378324819Z,2021-09-29T20:06:57.511035552Z,179 eGF1lk9MKribOP4r40ZTJnKDMOQeRYyGJg2MyvuhsFIkHOAl4jEbIpPw90kC
2021-09-29T20:06:56.388167179Z,2021-09-29T20:06:57.534304146Z,183 TcAivoPhU9ebAHaddloPwSgS0w6hunseMVsorT7c0CVUAYFN0WZgSJ5RTG4q
2021-09-29T20:06:56.405226715Z,2021-09-29T20:06:57.568781041Z,189 ahCc6uQr2dKxJRm7D70QMu7GMNAxERchGsHVWDP25gWAincFLVaFlNqrZOOf
2021-09-29T20:06:56.415695229Z,2021-09-29T20:06:57.600184492Z,193 P7fnsy2bEi6JwFgmTBAb35spGjpP7RwqHPTr4lJIC5LQnudlqdK3DZ2Fn9mv
2021-09-29T20:06:56.427231030Z,2021-09-29T20:06:57.621196031Z,197 s0tHZh8CEPUMsFszlX9tG3WQOvAdjoHrNHe33H7AamSK5rQeVHuOtnOEjRlz
2021-09-29T20:06:56.440961664Z,2021-09-29T20:06:57.642677832Z,202 uC3xnCq1FYaiuYFqLE6FF3quedenQsr83pu1vnnd1p8Ge8lHMHKGWYLCzbAa
2021-09-29T20:06:56.454406503Z,2021-09-29T20:06:57.660846762Z,207 kup5sHrZgGtvEmTftrKHtKjgY7L5iZLvGDAUWjZJSN2M4eQJbyqf67ByIVlg
2021-09-29T20:06:56.467308059Z,2021-09-29T20:06:57.680757637Z,211 HUXJWDOnUH2X5S1nMBYsAlVedmfzAU4CgoHK56a9PGne7Vm7gY6lI3HzFPfH
2021-09-29T20:06:56.480230389Z,2021-09-29T20:06:57.702331554Z,216 gTaxB4onbwPAMGTpQj0dQigd931bBTauIxpG1rPZ4FEGvNwGz3UmqKKVQJMS
2021-09-29T20:06:56.489814371Z,2021-09-29T20:06:57.720809114Z,219 yXKRSrn5glfABxlGPulq7Pc0gSdtmRePIfnwUaXu50vsZO8yMcCHH5IyGORW
2021-09-29T20:06:56.503951582Z,2021-09-29T20:06:57.739440285Z,224 QLBlz0TjzeKT2SVcWVOQ9Z7DUu2ANAKQSAdJ55eBD4CZH1PIqePIUuPYMYFQ
2021-09-29T20:06:56.517068426Z,2021-09-29T20:06:57.755962448Z,229 UcqmlIeYPlpgOxkmGzKxgbqUFcv865qztFUqYAOJNSRROoOquPtP40wzLiYg
2021-09-29T20:06:56.528882890Z,2021-09-29T20:06:57.771914763Z,233 hYMg2BdEhHRuX8U8YZYcQxPviHd8UNVPCvKwVHKAkK6kvCd8z5Exozhynlp7
2021-09-29T20:06:56.544263464Z,2021-09-29T20:06:57.803650539Z,238 JnmLbdGnt8gfOB6FYzGkzKpv5IC6F8ripBk7YazmfvZCEWF2TjSq2i3Yiymq
2021-09-29T20:06:56.553594566Z,2021-09-29T20:06:57.819696078Z,242 Z4PpwXafRxFeiQ2VcBMyUhWmVW269zOAkQPxOtyn9KTTEVjCfquRfLXuPQMt
2021-09-29T20:06:56.567501928Z,2021-09-29T20:06:57.836636757Z,247 BlijwM2nbuTT4vtltwmMfilJK0QBmPWYgahObHTmT4lg5NKqK6up6ZalQwNi
2021-09-29T20:06:56.579867880Z,2021-09-29T20:06:57.854976636Z,251 SRP1uab65HZUJP7d2zx8Kx6NrnXY1JdJ3gXXaYUg27UG9KGPI0LxdSwVJVgv
2021-09-29T20:06:56.600100405Z,2021-09-29T20:06:57.869388886Z,259 uuBV51QSdwTNUqNQGC5A2SWRmH01YCJxEpb2G5xhFCyo3L8gJYryrcwr7P93
2021-09-29T20:06:56.610686331Z,2021-09-29T20:06:57.886732218Z,264 3GYebDrGthF37FpNazupLY3EPVonoVm58h2xWafsnnxFannciD1dkTP4DNeN
2021-09-29T20:06:56.618303281Z,2021-09-29T20:06:57.904034478Z,268 FhjSmLmMVJlj2yUofOfVZcbfNN1MQip9IQT2AwM8MVZtQIxqV2SrN2NF92m6
2021-09-29T20:06:56.631215018Z,2021-09-29T20:06:57.919725200Z,273 RsvLzbvH6z2AT5lbeZS7KWYNMVFeAv0KcH5Qz0Bfmv4prLTVcKcI9Wwsi3PN
2021-09-29T20:06:56.640526077Z,2021-09-29T20:06:57.939526662Z,277 EjoafwBGij36lpOmaQGBEMfiULqLQdL6efc2uCcuksXPmX5ThXAgqiDwOijX
2021-09-29T20:06:56.655412602Z,2021-09-29T20:06:57.959170079Z,282 PIK5tLiPy5VrjIjszkfFpzQbXu6pzSB9kpZlRTIk3C0CGC4Wo6e3yzJ1dWHu
2021-09-29T20:06:56.667326475Z,2021-09-29T20:06:57.974788100Z,287 8xSBECGzhQRAIJsPxB4Ioy3ENExrJ8bxrDhzwB43rsYZ78ONScI2rDVF5UdB
2021-09-29T20:06:56.675334316Z,2021-09-29T20:06:57.992104499Z,290 EjSQb3Gp9jICgKBR70bzE5rC2vNYDlerAFw7dbHEsMsXE6YIbswBEi5KbOqp
2021-09-29T20:06:56.700631310Z,2021-09-29T20:06:58.008723379Z,299 aR3oKlZ7tlHEj3YlsdMNEwwu84cWM6OJSLZwtxXifdyY4WofaZkC9sp9Vr5S
2021-09-29T20:06:56.703579027Z,2021-09-29T20:06:58.024465185Z,300 IlpDxTgg2HG5zatFClhcpf64VSSQ5ksv42SqstVo2dbSL9TpoL3qaSmok2Dm
2021-09-29T20:06:56.731022616Z,2021-09-29T20:06:58.044764610Z,311 MfJGkS1sPNBPps84ESCtU4AVkgBCNfZuljHMNxLfh8PS3KzNZ1s7qyUTNdrg
2021-09-29T20:06:56.732251632Z,2021-09-29T20:06:58.065026106Z,312 p0jz2npLREI581vsppwxUp5aDjTmw2eiJ0YgoMMqlOcAsMOlo9SqZnWHGDwP
2021-09-29T20:06:56.739241894Z,2021-09-29T20:06:58.085692025Z,315 tNdSkrogjo5NENrfUXCi1MrMBkUsA2o6YADX91hdvOUrttljN5aVJL6CnusT
2021-09-29T20:06:56.749312751Z,2021-09-29T20:06:58.106442279Z,319 hCYfo6IpwN1422z6PNwi1qw9PtUwli8XS5vKRcm5UlzBcqJVvzdYJw0CMQPC
2021-09-29T20:06:56.754651997Z,2021-09-29T20:06:58.128117120Z,321 IBLEwflxDJW5X4jTp3YFwCMPPuPdA1039HzFsr0vSJMg4tVkmJFf213Q6cPB
2021-09-29T20:06:56.777473577Z,2021-09-29T20:06:58.147991008Z,330 orTxbkTvOA0BnFpZKzO0IFUPH5tT1nsjp0B05fZWy5MX5jkQ2wlc8J4tvaWk
2021-09-29T20:06:56.797813537Z,2021-09-29T20:06:58.165557084Z,333 PNefIm1kPVxNFJcjCtbLUb5OGyjQOMG0i84R6ZBqMLZVxgZ7KulPYtVswzMK
2021-09-29T20:06:56.811203810Z,2021-09-29T20:06:58.186776638Z,338 lpcx3NvM2A5SrdTMNPcNDV7hOaKRAh8gRHmo0QwbV88MNZIyHdYtT4I6U3i5
2021-09-29T20:06:56.821548782Z,2021-09-29T20:06:58.203997736Z,341 1CRSS1QBdlmWPCuPAtE3n9pZ8QCe1ivdYGV4k9DBS8Yf9OomxnrZbJfb4Xhe
2021-09-29T20:06:56.830278051Z,2021-09-29T20:06:58.223972806Z,345 MSfEj3zUTcW4MDkdfXbvQcMhFpO4STBBk6lJhdsuc7afB7N4PIIEswrTZAVI
2021-09-29T20:06:56.837867574Z,2021-09-29T20:06:58.243641173Z,348 dqQqOUhC5aeC6pCzEFQXR6MWRTWt0sk2cPDCjB5xl7sChmRPnFrqQ13Blnh6
2021-09-29T20:06:56.855012672Z,2021-09-29T20:06:58.264911318Z,352 hyz56q1Fw9fx6TLj4XkdlQVn45i45RlrUlg34yl0EhyEwTa0PhWkrJjeOG9N
2021-09-29T20:06:56.869326665Z,2021-09-29T20:06:58.282386273Z,357 y7vL8jASXs2EYe1PRHqwUrW4EULXUpblFlyTayA7N5KfUhz4eZXgk1uujrlh
2021-09-29T20:06:56.882036842Z,2021-09-29T20:06:58.306353445Z,361 OpJHtKxbO6RjfwWRj1wXu4gPIlWiaRwOLTL8k9vADh3iJbm3JMIAGYIqZkcd
2021-09-29T20:06:56.894275043Z,2021-09-29T20:06:58.330804561Z,365 ZM6PUgMabbehWZKQfIPSJ1FAp1AvQwm1PG1yteGD2XmWsly1x2BOhjokStc5
2021-09-29T20:06:56.910111275Z,2021-09-29T20:06:58.354499888Z,369 tVF8pBM8co9jTDNyrhBkHT7mnjmnMqTd6BxMwJTxrQACat374RRuV9Y4nJGF
2021-09-29T20:06:56.923343380Z,2021-09-29T20:06:58.374110960Z,374 fKSdto8NglgLrYSq76yxHysbShwYje5qCFhF8pordq9Nh0uR62QZA9uEWePI
2021-09-29T20:06:56.937797251Z,2021-09-29T20:06:58.390914909Z,379 ajCv8MdfMmR4HVNt0KjlLQ84ttVqCPyHm7f1qbz0kktGGLmCPtqnDVKmOekD
2021-09-29T20:06:56.946493708Z,2021-09-29T20:06:58.410013338Z,383 cW7iMviHjyAoh5iDNACtSgFF6eS33VuBiHQ1sx5p7nakOsAhIQJCRJ8Wu0Lq
2021-09-29T20:06:56.962145301Z,2021-09-29T20:06:58.427233180Z,388 MYo9eR9ibtxu2oeSj9zWlsSpsWoUaRtAp7V9qKQJpdohYcfnDPbxbJcHB9cM
2021-09-29T20:06:56.972314226Z,2021-09-29T20:06:58.449035769Z,392 NV4mWDkNTqW3kAeKGlaDNKmTEx8rVlj0PHEDHY96YOkMvHWLDuGYnvvsscBe
2021-09-29T20:06:56.985355569Z,2021-09-29T20:06:58.470575220Z,397 XTtw5WHtbSavfY5uWhSR8zm6zh2Seb78B7coEFxxF80rZgNfQGF2TGrISU8V
2021-09-29T20:06:56.999301365Z,2021-09-29T20:06:58.488714559Z,402 VrRUMDgVZMcR8nxOd1rNXAcvcv104ATHZHZUWtkCDRZJ9RqDWJb6txyxjaLX
2021-09-29T20:06:57.016214504Z,2021-09-29T20:06:58.510961129Z,407 o3e7UrDBkK9Fi36Oy8vdPwIEXmP0uLvZTs0LoSOnheD5KoKYENtUEnyknZnA
2021-09-29T20:06:57.024924310Z,2021-09-29T20:06:58.531882590Z,411 reXLVjjrgT6thiL1WtR9BIE8KyDzFXFTsPq5GWBv9kj7dcCGRoGCYyOpWeB2
2021-09-29T20:06:57.035317222Z,2021-09-29T20:06:58.552049341Z,415 POrgofMUnw14wZi65nQqYBGFUQqiUxRLUAnfmKHk8BPIzvCix3xe5jT687FH
2021-09-29T20:06:57.043897722Z,2021-09-29T20:06:58.572720405Z,419 WuYqFKPsidB5dz68mLL5WuFlfC1q6FBiD11CzlT6No9XrcdPhJtrD4rgDQUX
2021-09-29T20:06:57.053777815Z,2021-09-29T20:06:58.592072713Z,423 WTjOuKjKv250j1jQ0e43vZMqBrLPl1a2Z5ScdJBnZo1m4u2PUG0G8HwZNu79
2021-09-29T20:06:57.063237537Z,2021-09-29T20:06:58.610763561Z,427 WiqgcmpSRIWPFf6Bw767KsRF13BCG9hSHXcJJpAjORbLRctz6P6WJhJfesrE
2021-09-29T20:06:57.074362942Z,2021-09-29T20:06:58.637359179Z,431 g27gFCgogZyIcshVbo5CbcFdKPHy2dEbwf9jp8jelJWl4p84OiiGgDGsGpFM
2021-09-29T20:06:57.087021267Z,2021-09-29T20:06:58.660360605Z,435 f732jq1EE8RK4gaRaXVZkoZTeSKWkKrMVW3zh7Cfp6iCeUGxuKVj4hPk2osN
2021-09-29T20:06:57.098630970Z,2021-09-29T20:06:58.680112647Z,439 7w3gYSTM3OE41U5pVg3fhJOlzMTcwNMShRoua5OQXg926gQ4Z9v5iIVdZYdG
2021-09-29T20:06:57.114759846Z,2021-09-29T20:06:58.700482652Z,444 ubJh9c8dApOzoqUY7dx49av4Nwfbm0KFL9MwE7TIAyhNtHeK7wgRAy87XaHP
2021-09-29T20:06:57.127031440Z,2021-09-29T20:06:58.725812815Z,448 1xIape4AGoDhCyWDYKz6qZ453pYnTGElHUJZIreb9aDFdJUUCV4SUXQ8x6VC
2021-09-29T20:06:57.139637680Z,2021-09-29T20:06:58.743325977Z,452 Z4p916qu5bee6U3tfa4YDWnqAiYLnbY2LzKoxTrMDatFhhDkg5CToYpqQZE4
2021-09-29T20:06:57.150810194Z,2021-09-29T20:06:58.762890723Z,456 yD4ocFaf5fkSGrOZqBxtvVIqbR6j76Y6my0CgEa9bEh1YUIhs7wsdKZoBi1C
2021-09-29T20:06:57.163238888Z,2021-09-29T20:06:58.783580472Z,460 zteNX6vXE6CI2SWKUFabHktk7svNuIi6KPRB1GAL1P2umatANM5CmRQQfhaW
2021-09-29T20:06:57.172212894Z,2021-09-29T20:06:58.818452333Z,464 nFAuUv9jOwTO6YCVZQ3rchGl6btUT4z3KaT4BxzZOArL7mtZl1NGnLmFVL15
2021-09-29T20:06:57.184437831Z,2021-09-29T20:06:58.836416961Z,468 eR0rPdfm2xzQJa1yCCD0kN5rWQ0TehDazctIhq93y44fzdkROIJTquldYwmQ
2021-09-29T20:06:57.201191333Z,2021-09-29T20:06:58.858084693Z,473 NPMUPW1vBBmb43Aw1GPEVTHiclgVL4YsbN676P5f22nTJjBouX66245dvoV5
2021-09-29T20:06:57.210524775Z,2021-09-29T20:06:58.879301091Z,477 RtpTyBQLeEtaihEeYYTg04cJBelAzwGQTfChR9ApHgDWBYy73qR2TcntaMfl
2021-09-29T20:06:57.223675720Z,2021-09-29T20:06:58.900402013Z,481 SWYcYnh15QrnybXfPWi7HSzRk9IzQQAuzmNGFvrxhnGTbAWT9i000bDf4OcK
2021-09-29T20:06:57.237140784Z,2021-09-29T20:06:58.917866773Z,485 PNDhCx17HJdXJU1oiZvcogSmdYX8GTeJsTwm1USK1nLpBUCFVj7MFhXSL6mj
2021-09-29T20:06:57.249520676Z,2021-09-29T20:06:58.935719774Z,489 8W9yBDjj79hQuohMOtdBBQNmgRvwOWfXfMJr8nSHqH11jqIVkZPOWZsK1Sum
2021-09-29T20:06:57.259516536Z,2021-09-29T20:06:58.949223428Z,493 7EtbPoVHJAxzpP5fCV1Ybd7dA572s8BiNjCeXMb0wNQve2qNEtUA1x4YwtHK
2021-09-29T20:06:57.271150508Z,2021-09-29T20:06:58.962438064Z,497 KONzevBlIfacf2ZqkMetlrQeXI7HvjWQFGAeKGmM5JdVm0Mo9fw40rOBLm18
2021-09-29T20:06:57.285020920Z,2021-09-29T20:06:58.975810914Z,501 p99AuW8QtAqDg7sxkLvemFHrR0rR9xH7Ww7emYT75wiHAaJPDcBH5kvsM3cx
2021-09-29T20:06:57.298456480Z,2021-09-29T20:06:58.987501341Z,505 HvjAaMQBxBb7nWGHb5dKcNYrY1gJNjT2WWACeg75KRoQxKEmZXueFW72m0OP
2021-09-29T20:06:57.310271170Z,2021-09-29T20:06:58.999552955Z,509 AQSSC5Jlskc2Vp60sgI3nfdEbAUuZgIw6qc3AXW2MAF1CROqpwNNcNPOf50Q
2021-09-29T20:06:57.322828445Z,2021-09-29T20:06:59.014339595Z,513 pyOqoNF4PmkKroAvVlQAoaw1ofRHQ3OLzSM83tFGNHpZuzxYGwFkX6jPKROM
2021-09-29T20:06:57.339810220Z,2021-09-29T20:06:59.030952299Z,518 ZyYYb39xPYYG77uQOTDx6L8WR6jxOmooedoHB8hNP7JWXygoSImoRCfbl2pj
2021-09-29T20:06:57.352627030Z,2021-09-29T20:06:59.042471868Z,522 mTYQxW3TYvVFYbnAl68oxjFN0npSlajIjp0c7EbWzEq1KJXd3K9Peed9GOQ2
2021-09-29T20:06:57.361287350Z,2021-09-29T20:06:59.055397075Z,525 hKchUVw97tYDQubQlqdKkdwUTrJsG0P9SjPT1taT5TGDUexM78wjqYadnIjD
2021-09-29T20:06:57.373215087Z,2021-09-29T20:06:59.067859244Z,529 MrfJ6EHiBpP66IvhagUh8qZe2hc7O12jDsVn1hGJRfgDoLM2VhTsRvOpPSIa
2021-09-29T20:06:57.380393224Z,2021-09-29T20:06:59.080293272Z,531 FLYZ1hNOpzo0ryljy57Zk7SkdRD55peINyI7zAUpbEfxctzCMWmVK10GBKAy
2021-09-29T20:06:57.390667256Z,2021-09-29T20:06:59.093006322Z,534 2I8BiDARYyhYreb9oCYvbOJvl7320qgJFykJxHz3frfhdvlPVDgdClCtqmLe
2021-09-29T20:06:57.404793228Z,2021-09-29T20:06:59.105831707Z,538 VJx5YFNUShD9Yr11yZz2a57vjXIVQ20C3EsigNIIGUG2yggmxt8veBTF6FvE
2021-09-29T20:06:57.417142387Z,2021-09-29T20:06:59.119091642Z,542 K3RRY9ohpsfNAnzXlXrcHfBZevJDUdhaw0fftc1kuSz0jBSIwjoMoWon6TQO
2021-09-29T20:06:57.428203831Z,2021-09-29T20:06:59.131253383Z,545 m7T3mIJlVDX4xHQJ30XxPEN9ayXOYYfKdXLDfH8k6s355mazMRcZkuTorGOy
2021-09-29T20:06:57.440845364Z,2021-09-29T20:06:59.142610939Z,549 yNDLJGDPC8hTh5UDuFG6JUkXuRUEhWgqTbb2VByW4dqd1bQC6pjxKzigHta0
2021-09-29T20:06:57.460551590Z,2021-09-29T20:06:59.155463960Z,553 4J8eUzhUdjVeLjVXhE0fHrUzRbnSV6elA1qpk4AySRcLdLxVOCjYv70ZkjYr
2021-09-29T20:06:57.475159225Z,2021-09-29T20:06:59.168149881Z,557 QNHDx81QAquq45JuhSTPUDCTfVPlCeug6UFPZIYOHvT3tuMN7C0llAV3kXUM
2021-09-29T20:06:57.483860424Z,2021-09-29T20:06:59.180002016Z,560 2QbkkXYwhIILhn8WtZ18vDvEkpXyMPFjg4cH9QZXvlc2R2vg5DHMbSb9jYt8
2021-09-29T20:06:57.501243146Z,2021-09-29T20:06:59.192994559Z,565 TVE3ncZn1qipiS6ybUd54dZ7e4kw3JGDk3jZsqtf2eMlCNAmU32IdL2FQ7FM
2021-09-29T20:06:57.517690037Z,2021-09-29T20:06:59.206774802Z,569 kChY2plaaeFHZLjCpiY4aIxvrZUzE2mniihsxct1UBgOqC7zmb3IO480XlXA
2021-09-29T20:06:57.531941713Z,2021-09-29T20:06:59.220759883Z,573 b1W2cgdD3qRm0UwvlClWiEGB55QQezIFNriZbvLINlYgi0oKI98aQSdjzLIr
2021-09-29T20:06:57.543227548Z,2021-09-29T20:06:59.234576978Z,577 9eK0tszj1Wio6Fhpirc18gS10qs4uj1OvKJniKCHrc7HnLPj30u9wFfclrc4
2021-09-29T20:06:57.561457329Z,2021-09-29T20:06:59.246693012Z,580 69ojTnluSNp35Q84efckbfsfn2DYkXB2j9UuX4MsynRYsqIqsZT17Hrudssu
2021-09-29T20:06:57.574611015Z,2021-09-29T20:06:59.271953196Z,584 BZSvIF8nhiGrqtVWCR9fDDKlSR1OECnklE2HqXvnZSAMG85zWUUBEOuByQ1D
2021-09-29T20:06:57.592802310Z,2021-09-29T20:06:59.284682353Z,589 KFpG99dh383JCgZlG6nKOzYYqbIgURVEAXglZgM7hLoNVrrpUDPmAbAuAcOs
2021-09-29T20:06:57.600524874Z,2021-09-29T20:06:59.297541851Z,592 uP4eMBe4E7CVSOSMlACii8R6LdcwZDoAbXBVNbNM159Bw4htIaIXd6cXUAl0
2021-09-29T20:06:57.614365651Z,2021-09-29T20:06:59.309494873Z,596 xrkGv1FJOcVtJJGQvNLWzmrzBfdHhdAoRqkzKGegR6xBIC5tFxzxVUNOOnMp
2021-09-29T20:06:57.627109693Z,2021-09-29T20:06:59.325910816Z,600 qvaoIulkN9hOBxkfiVdXM9Lm0RYfQtnGYGj2U7ZJkjHPg5V4og3cca1pjh0g
2021-09-29T20:06:57.639677063Z,2021-09-29T20:06:59.341913836Z,604 0OIwpvw96JQHY5PwQvlrJb9bT04NhpHoOPDKksZYXtkY3vxklrzP6BtLRlev
2021-09-29T20:06:57.647988739Z,2021-09-29T20:06:59.355790433Z,607 NEVvTl6YQg40PKfRSaVHA3bXpyJDlETZZ3fEXxxL6E3bFmyUgq5HgS34hCJl
2021-09-29T20:06:57.660004945Z,2021-09-29T20:06:59.368792378Z,611 5l6luxFdwSopBHaCuntko3ItQKBZTkhnwCBP2tF56brn9ZdCBm9SXd6tPrfL
2021-09-29T20:06:57.673737282Z,2021-09-29T20:06:59.381601202Z,615 xE0xnDKeao08JucbhadIqWjn61W6UGaHLuLWflo2xRo8zIwlTS9KNZdjyccc
2021-09-29T20:06:57.685216204Z,2021-09-29T20:06:59.395537944Z,619 axQl7FdT8aPspO0f05GCYeB3bLNBpueeAxK8Kld2uEUut6cuVFLdCwQwwKWH
2021-09-29T20:06:57.696688282Z,2021-09-29T20:06:59.407678651Z,623 ZBbaNRd70phixyLyamAgikPmTVuV7YQRNcURyWE9YKc9YE7fFncTWjHDwgHZ
2021-09-29T20:06:57.710163368Z,2021-09-29T20:06:59.420498759Z,627 lyR1k9FStUqjRlMUiMajWfxTp6PIJ61aqsqdzSgnBzrttC2Kmomds9HM2PFW
2021-09-29T20:06:57.724265113Z,2021-09-29T20:06:59.432933471Z,632 5sHH5xjjsOFF6TgUboBUM1KiogrNS9JMhsuHQHQxIv6YedFtf9NZaWjv7Csn
2021-09-29T20:06:57.737513634Z,2021-09-29T20:06:59.444833582Z,636 JHILptD5EBTrwtN65Iup4UFOFoHdu3HAiyJQwfHoISf4MgxdVgHwoPQnUNi8
2021-09-29T20:06:57.751901075Z,2021-09-29T20:06:59.467224142Z,640 OLTyBUmhB9p2yzfgeC3Jr9o9rAD3LStqjdXKUaEVsPFtZsFHpuFXluPi3yR7
2021-09-29T20:06:57.764914283Z,2021-09-29T20:06:59.482281077Z,644 Kbv2GR16SBF7HyqZGMz6DPPFCLowXXsNwAIuqcZ515PHbx6IpAuRwDhpt8Pq
2021-09-29T20:06:57.780048979Z,2021-09-29T20:06:59.499806322Z,648 R1zeHT39Yw9dNYQlXRnyaL9JU1TE5UomiWGazK4dE13BBKaNmYxpnCO98kMW
2021-09-29T20:06:57.794583924Z,2021-09-29T20:06:59.515819589Z,652 gsphiSsjwYTzLi6uN6Lmj0qzZQ9rPxTAjNSaEZsEOMAXjvByf1AysKTBK4nY
2021-09-29T20:06:57.808212490Z,2021-09-29T20:06:59.528268681Z,656 n8E08IMblPQX8EBSysct5AyO4SdV82redY9V8J3PTBvRZf4VgUs49i0Bp4Sm
2021-09-29T20:06:57.819858551Z,2021-09-29T20:06:59.542235441Z,660 hKjgN9fo9LO22GlptyBSlYvwmzPm2Iyjfr0Ef7kx24K75ThfC3fA7iOlgmqT
2021-09-29T20:06:57.829993843Z,2021-09-29T20:06:59.555092919Z,663 SBZuCif9uVLPPLuGKnwjl2HXY4TG8oDIv702wHCznQqzzWVK108AMJXHaW8a
2021-09-29T20:06:57.842965512Z,2021-09-29T20:06:59.568268697Z,667 d21SbWcwZspTBvYMHDwbXFVviSQbYRbRRDwegOS2YWdl4LwjqEiAoY7HpTsn
2021-09-29T20:06:57.854552242Z,2021-09-29T20:06:59.581481156Z,671 sMAe3JyhE1NnImroqNbQUj23fx3xgWti1sSZbpYD25tRI6jU2pjQAbDeptRr
2021-09-29T20:06:57.866171234Z,2021-09-29T20:06:59.605422536Z,674 8utUjP8cCqOy94em3bYRCQWIxTUZY51bbh4PdzQB5CVDnhLYbAmQBymTGllx
2021-09-29T20:06:57.882046572Z,2021-09-29T20:06:59.620356067Z,678 9bwwh1ZvP4keovW8iN9LxNS5zUGzDekKKaZwc3AsCzQ1yH6fO8IQoBvuOeFC
2021-09-29T20:06:57.891510144Z,2021-09-29T20:06:59.634343434Z,681 w9yc7OiWMMiZqytfL8CzhBcPQSDmYrrHPtkUaGr1ZhKnuamWqUjWuZiYthQd
2021-09-29T20:06:57.905116257Z,2021-09-29T20:06:59.646645420Z,685 OpXU0fx1LZCpjHoAmo9d8HbveFKtrQBCYsWkuTcfB0tDQ98oGQOfjWhnjcTs
2021-09-29T20:06:57.914319848Z,2021-09-29T20:06:59.660034166Z,688 N5oiZABeyo6xGwGgwkgKPY8wWpr64Dmhf1DuKkGjuL8ioswYsRqLtsxGz2Bx
2021-09-29T20:06:57.923789662Z,2021-09-29T20:06:59.671276625Z,692 S2f9PC5IkE0E0axmUt5LcO6f3ysLMU0TvwDV3f6s68KHofUCnYdchldLjdbe
2021-09-29T20:06:57.938559749Z,2021-09-29T20:06:59.682677102Z,696 aNr9jpjdiXp57yjUsJTFLdFVeS1kYeORBhuNQnMVcMG12X7DXx0d8t5HZa8O
2021-09-29T20:06:57.949641023Z,2021-09-29T20:06:59.695554955Z,699 w81uhAt28aq0inv54EeXAIlj0mVjCZSjD4ucoKQgpqGC5lpaoSn4oOsWF82v
2021-09-29T20:06:57.958707934Z,2021-09-29T20:06:59.708549994Z,702 jNa3k17xEa7lHJZDLOTa6Uyr271kSNt25lURTH4Mohn4YZb3NTK4PmHbTk4A
2021-09-29T20:06:57.977301803Z,2021-09-29T20:06:59.720916892Z,707 uRQeD7fyDWtbgAczIaearHIGxgJOVhKPkIMZuWn5mizF1VPvo6FQW3qOFQBP
2021-09-29T20:06:57.990797104Z,2021-09-29T20:06:59.734532017Z,711 R6gCiz5Ded9OUEO3IYsGQFnpA9fs9tNjcZ1aQHo6C2JOPkO3yl5HFia0K4Et
2021-09-29T20:06:58.004445945Z,2021-09-29T20:06:59.746562836Z,715 ikv07wnfndcUst1qouRpBvVcqUf74ms5gVre1OHpUb8t5flWNunwSAlYfE4j
2021-09-29T20:06:58.021970701Z,2021-09-29T20:06:59.758563316Z,720 D7OJ7BAZtE9eEmFPWv9Ab2BDL4Khu6A00QO0BR6dRehBRSTQe0CO9EQIhu3v
2021-09-29T20:06:58.035252660Z,2021-09-29T20:06:59.769516056Z,724 rl7iDUvgeH0LkCEAPPu1BzUydRO5G7CPFM2njIBBLJtsfDKt6LQgLwSPSouL
2021-09-29T20:06:58.049743833Z,2021-09-29T20:06:59.780115719Z,729 HmdstaGrk4M8x0S5DzIBPOUc2h67580fu0Sj88RIQ8DLeQ8Em4CQ6Tz1gjnR
2021-09-29T20:06:58.063313034Z,2021-09-29T20:06:59.791873620Z,733 oamrSHz5nBAFkOjUmLHLyB8iZ36e4TSrAIFdfjjbtkSpcn6oyd9XoBrompP1
2021-09-29T20:06:58.076551666Z,2021-09-29T20:06:59.803010209Z,738 mSPWKjCkvNGnCzLapGs4YVQdCUxzXNEORNGxC0StruQWZ1PBhz7FNCHrSftt
2021-09-29T20:06:58.091756524Z,2021-09-29T20:06:59.823479226Z,743 ORvGxPekIYtHUp2DDjWPMTqEpCHM9VWmYeOLOQSBzYUjnQHyatqrRK3Vw53o
2021-09-29T20:06:58.103750676Z,2021-09-29T20:06:59.839943681Z,747 EMzlUqL0TM9FtCW1clpnMEOQ6EERaKjc8Kf4ImLgBznALzJMitmtJBTg6ddL
2021-09-29T20:06:58.117688876Z,2021-09-29T20:06:59.851946480Z,752 ZoAHV3VfQpdiP1cECs61x2sy8ApuJqsKMb59Wp4PKsRyt46JpuIeIu0ueqVP
2021-09-29T20:06:58.132782584Z,2021-09-29T20:06:59.863864581Z,758 JXiHyG0l0o9KiurbqFzTBIAqErokWciVGQm8bXW3JJZEh69qlcLshZcyujcj
2021-09-29T20:06:58.145479041Z,2021-09-29T20:06:59.877117010Z,763 l5U79iLZ4vWyfpWLHU8ooAU0kCCoGzkHqqlLPMOacRT7CxzAUWPRFvhR9ipx
2021-09-29T20:06:58.159406989Z,2021-09-29T20:06:59.887849938Z,767 KaO4R1yuQ0i2qOmAGV2Zp6burXAVZaF4qj456DH5Nq210LXctWyfR9UWoD2N
2021-09-29T20:06:58.169821626Z,2021-09-29T20:06:59.899774194Z,771 ZyOPag8aUPlzw4M9F5O3zMepR5y6K553Tdcydosym9htzS939PUBFAp4T982
2021-09-29T20:06:58.180379231Z,2021-09-29T20:06:59.912147107Z,775 qJpnjfJ5OT2VcQbJ2uktsxQI84cnM1hE15XqPH1ymii3038qNIeNtQe7ZZLm
2021-09-29T20:06:58.191926686Z,2021-09-29T20:06:59.924745472Z,779 KHv9HjRe9q4labGFrB6g3YbfECWDkYIa4he62vtBfr7e5LyaRsWBrGV9v6FG
2021-09-29T20:06:58.202133218Z,2021-09-29T20:06:59.936581445Z,783 ODFQu6zmHbr3PA9JwhADoUuCQ6iGMccb0RIWNExtItoDkA9dH7LrZ1BwQLY2
2021-09-29T20:06:58.213279828Z,2021-09-29T20:06:59.949051239Z,787 U67uLvFeOI27SrHxf3LWWi2S8o613E2XUILE0l5dMRbNPBloErFMCnUj75Vt
2021-09-29T20:06:58.227738930Z,2021-09-29T20:06:59.960116657Z,791 GXFQeT5XfccHuf7sJhbgFBHVnxLd30TR4UCNKBMTBbxgXJzGavy77hcoFFDz
2021-09-29T20:06:58.239093721Z,2021-09-29T20:06:59.973075748Z,795 qjWwTejqEyOOQTPsRYs1nE06QkokXBSr8gWNcMenrjV6OAjL8Yi4KWQpqKof
2021-09-29T20:06:58.255086818Z,2021-09-29T20:06:59.984059141Z,800 pwBd83RiiTau6J1VvtO7Phg8z4cvPW6mtiaDB3De8s391DgJS7wQ4rFsInxc
2021-09-29T20:06:58.268291579Z,2021-09-29T20:06:59.996141425Z,804 e6lApownJH3OXCPEySrPDB4i2h2cxAPiw6tp4Wxc7sKxDt2FPO0oTb4TU2zP
2021-09-29T20:06:58.282718443Z,2021-09-29T20:07:00.007478330Z,808 MqP6CSbZ34lXobU9ZfJylJhD4OnjwsghDcIbNiIVsw1CgESxF16bTW1gm2r0
2021-09-29T20:06:58.294971776Z,2021-09-29T20:07:00.020865469Z,812 4NtSAZy8ohKciqEEySzTNtb4yWLxZqafXVKlLhHYYvGuvVpCgPYO5nWn7dvF
2021-09-29T20:06:58.307552924Z,2021-09-29T20:07:00.033931708Z,816 xQFJXbiI8DO2RyrrqMCx0hmvbFi02S5R51gpHAuAkE5aJMUniPS4pRDBEAeh
2021-09-29T20:06:58.314317345Z,2021-09-29T20:07:00.044578289Z,819 IMBoiqMrRfFHZGW186W4e4IPJUyQbaFBBqfWr1ev496rD7ylhNQCMDiETNj0
2021-09-29T20:06:58.323237921Z,2021-09-29T20:07:00.058403819Z,822 B1WsZbjyUtSo2aCkwi52upt6J5RipnWRvGZxDI1Cb2FGoUw1aYLZU9qFFe9Y
2021-09-29T20:06:58.334866822Z,2021-09-29T20:07:00.072432462Z,826 5s9cqrGWezbUt4wwNHBrOfJGrzuMtam8xC5bg6SBhphrjWPFAYZlpHDKdHIj
2021-09-29T20:06:58.346876031Z,2021-09-29T20:07:00.085337561Z,830 cPUn8IrTdIZjdysYwJGfZJOR9d0oE3k6tbFHpMhzpqZQRe4nlFq2HKRA1V17
2021-09-29T20:06:58.358122914Z,2021-09-29T20:07:00.098769902Z,834 cjWkEGaRpUs05EIGmg07TCwEdSpItlLD9MvmGRPb4jDj2hSkin62hCXyXAbc
2021-09-29T20:06:58.372097851Z,2021-09-29T20:07:00.112093773Z,838 yVKfo5PpMPOm8oj2M0BrcEsdRUawHGTJUQwNE1rGZQYsXedgI4g3ujfjv4J4
2021-09-29T20:06:58.387654444Z,2021-09-29T20:07:00.124528710Z,842 H5wOUInwwF3B3niptUNgAbU6Bfy9amyNNWcZuET8BSlPWNT2Bd8SR3k02CqL
2021-09-29T20:06:58.399210265Z,2021-09-29T20:07:00.136429859Z,846 EUhVfhvWQSsCKPOeI5hLRk1v6K6H66aVSDbLyT2ZVJXgBBNvDhVdxxG7AnWv
2021-09-29T20:06:58.413145523Z,2021-09-29T20:07:00.149107267Z,851 19lStMR29MIwqv7lOblW2olyUGM06RUlTkIUGXOWihbNPymqtABS0XXDC3yU
2021-09-29T20:06:58.426595158Z,2021-09-29T20:07:00.163075651Z,855 6AHaVw60FhvXBFqjUIZk3GaunTBfL4RjQpXdjrXJkTC6EA0FwZXHRhUjLnbd
2021-09-29T20:06:58.442999211Z,2021-09-29T20:07:00.174469007Z,860 ziCWy62JcSSX8v41QqkyYRAkNxU5AEQNXecPrh6eAGgOdJWyDcwCBK56khSd
2021-09-29T20:06:58.453516124Z,2021-09-29T20:07:00.188343678Z,864 2loO7yFmhQSYJRNi7ryMRSzM4M8eYMU6vmAsRA5JbTy25BJUwKhaECYvKdJw
2021-09-29T20:06:58.462654350Z,2021-09-29T20:07:00.199799003Z,868 HkK73DFdbee70ChQbLPPHefoEI6YRjYnfLl6c0N1siIJ50aIGeeLYfDAd72A
2021-09-29T20:06:58.473291313Z,2021-09-29T20:07:00.212523264Z,872 fxG5FFqhKDBAOPxOxfEBTvJNVMNLpFAOdvBVXRElCj6fK9hAEr2uu8UHHdhM
2021-09-29T20:06:58.487704592Z,2021-09-29T20:07:00.224084504Z,877 E277ungA2vEugbigKtZYoWp0LM2RUDQ9Z2nKNH3T2qntVUqiseQHd5YYnFxb
2021-09-29T20:06:58.498377122Z,2021-09-29T20:07:00.236731622Z,881 TAYaBqo3tVOoliOkQjK4qq3mnVDJYOCLxMZ9OOEmoUnyYdEioEeYywP7edew
2021-09-29T20:06:58.508886436Z,2021-09-29T20:07:00.248272023Z,885 7NthC6vBCTHwN16wadA5SRl6WyzTTZazRWucwII7heASklPBfXmSim4fMVWe
2021-09-29T20:06:58.521518301Z,2021-09-29T20:07:00.260779882Z,889 ACayHRvxQPmJxGPVHD627iPeEXHxdbT9PkJCAbDpxZSzLUIoDb1gsfgTkKnK
2021-09-29T20:06:58.534748926Z,2021-09-29T20:07:00.273975069Z,893 GC7V8l8sMjYtKg4lY3FJky6UMxZWrCNGx2JMRonEqkGGEySYExnjmem7YNhe
2021-09-29T20:06:58.544750481Z,2021-09-29T20:07:00.285789475Z,897 Lk7AvA58cQ690zaDbPkDm9HFQgQZAY7DNugn6XeHnwfXzjOYHn4t9AcxbS71
2021-09-29T20:06:58.559904930Z,2021-09-29T20:07:00.298149450Z,902 R6DmzOlMgWGX7C9huIHLSxa3VR6O6Fobq82Dtyhv1KcoxBTin19fYbcMgmhf
2021-09-29T20:06:58.575769598Z,2021-09-29T20:07:00.310463032Z,906 7YrACeglaFph6XLpTBMfubRZl9dtYUpal6jNbDNUHNCFzMEf1SorbpAdFRFb
2021-09-29T20:06:58.585281994Z,2021-09-29T20:07:00.321768820Z,910 gxxE6TpQ4bAiEaRYRz217RKAVkNLKNIoomx4VDP3hVVMzRHuzAlQWpLGn1Vt
2021-09-29T20:06:58.598271105Z,2021-09-29T20:07:00.333553348Z,914 fvdLeNN3acJ4k7y6luZzpzHDcwCpBeBjIGHwoGtJNbGlXOnWBdtdWICJTqKl
2021-09-29T20:06:58.612344469Z,2021-09-29T20:07:00.347179788Z,919 eL1TuO4O3DNSp3R4SiAfGjIJBnCSplf2Q2Ep6fuqHTu7kWq0yWRlfqsMroOz
2021-09-29T20:06:58.624460517Z,2021-09-29T20:07:00.358449157Z,923 Rzup5fbDDhMCCw2aC7P96yM4VBLUjVooA7DqcmgyEcAO7Kp9ZfUS4qKmTRL2
2021-09-29T20:06:58.635145854Z,2021-09-29T20:07:00.369321541Z,927 2vC5oqG2XnbjB0DiuejrPgIj3WNkhkSePZtpyV4cvxyeM9cCrlcrgHPLYDQI
2021-09-29T20:06:58.650217837Z,2021-09-29T20:07:00.380948796Z,931 4QGHonM8owchEkz7GTbRTtEtc1voH5vk0oL2jIx3bAr9mAhSozStk7v9pOL0
2021-09-29T20:06:58.661555199Z,2021-09-29T20:07:00.394050626Z,935 D4aLOxgEbmw6kIXK8D1kNNLQEWYbhSaYGAr92kS8JSLUP7BL1pgfKYb8Gi5e
2021-09-29T20:06:58.669270347Z,2021-09-29T20:07:00.406124523Z,938 XdAbxZRfvDItSe5kEqv18q4U8uJjmW223VUcREYv4z0FpWHuRu9pmO5UjWgR
2021-09-29T20:06:58.683282586Z,2021-09-29T20:07:00.417612265Z,942 w6pEMQw71zlZNiB3BowvDHkOBM4lmASuF1HNcP0WnsMtdfkKwN97Y3zDHSfj
2021-09-29T20:06:58.698508344Z,2021-09-29T20:07:00.431369612Z,946 8m7grGpeMVCz70F4Wfgv8BlT8gdcfSS1KIQJ09ZJ0oSaAuPbbJmuFBvGHvAE
2021-09-29T20:06:58.708539925Z,2021-09-29T20:07:00.442966387Z,950 5NWo17Q2kwbs7lFhpskQ5WflVk4dT5ZjS41OIIa2GrFNhGEmRCH8NxGldO3A
2021-09-29T20:06:58.724935350Z,2021-09-29T20:07:00.454554917Z,955 zPpAOI89mF3HOqi5sPrLafQORGxVcivDAKYZYBzVPDC0TguoUGbrcgnanE5P
2021-09-29T20:06:58.736894405Z,2021-09-29T20:07:00.467499118Z,959 SBnuvB7JzWmCNlDzU7DklN53JEdQzcJCUykzkcJz7eAi1v8TNVcQlPQSFG1F
2021-09-29T20:06:58.744662191Z,2021-09-29T20:07:00.479001166Z,961 fd2sk79kWJVCO2UhMj090vF5StqNAojOiQKRMYOQM9cjZ3PSLPFHHRBiMK5m
2021-09-29T20:06:58.754197524Z,2021-09-29T20:07:00.490276487Z,964 353Or9vFOOTzniUde8Hjlv30JAITTPKL2fab9Nq6QuXfhoWDkvCdTszLFbaQ
2021-09-29T20:06:58.765580987Z,2021-09-29T20:07:00.502028765Z,968 XzrwAHwfAk2xuZhu4RVttIH5TgIkFMQEvMkTbQcdj0GCjNuBsmWrp2xTO545
2021-09-29T20:06:58.780810069Z,2021-09-29T20:07:00.513667537Z,973 ayl4piIBEEApwFcwUE4mrWcCgBgSnTFEsAwiec2RQJT4wl4go6S5lIroNCq1
2021-09-29T20:06:58.789375040Z,2021-09-29T20:07:00.524453791Z,977 A0MGWNoFvjBRygVI1Y3RMNflzF5GU2ew2L8sNAuudbcr4yxEMFm1U3PWz3uH
2021-09-29T20:06:58.814874110Z,2021-09-29T20:07:00.536407369Z,981 nzU4cuNWPnx4IRWPN1RZijqkRyMkdReNdyBUDa6EOr0oV50WSFiKuzi7sLOe
2021-09-29T20:06:58.831944163Z,2021-09-29T20:07:00.548186918Z,986 e2QtQTtX3iAmDy22Pa6vGDbUEw6oV04YUDqSxDZJLUtjx1m6oz4KftMMa1r3
2021-09-29T20:06:58.843687848Z,2021-09-29T20:07:00.559897441Z,990 giXwOHWWRcGyhDPd7guJJFWhDAKcayDpv2A40N5ecHZFyshNdlMC8eE9QUta
2021-09-29T20:06:58.858353571Z,2021-09-29T20:07:00.574203282Z,995 EwT0hgyI5B69F47ShwU6CKdnyrlUBDfXIayNG7VFcKs07DhbTPX4ibWOzjXh
2021-09-29T20:06:58.871243288Z,2021-09-29T20:07:00.586961914Z,999 YeZMoblcz4UFiFii91ixjUypw9dPvYhOi4HPWHRKch8G41PJSlRkUAMRcALn
